Applications/App Store : 637.1
Applications/AppCleaner : 3804
Applications/Automator : 440
Applications/Battle.net : 1.8.3 (8965)
Applications/BetterTouchTool : 552
Applications/Calculator : 123
Applications/Calendar : 2182
Applications/Chess : 3.15
Applications/Console : 0.1.0
Applications/Contacts : 1791.1
Applications/Cyberduck : 24953
Applications/DVD Player : 5500.70
Applications/DaisyDisk : 4.4
Applications/Dark Boot : 126
Applications/Dashboard : 1.8
Applications/Dictionary : 201
Applications/FaceTime : 3080
Applications/Flashlight : 60
Applications/Font Book : 309
Applications/GIMP : 2.8.22
Applications/GarageBand : 4769.13
Applications/GitHub Desktop : 223
Applications/Google Chrome : 3071.115
Applications/HSTracker : 1737
Applications/Image Capture : 1106
Applications/Impactor : 1489366340
Applications/Install macOS 10.13 Beta : 1328
Applications/Keka : 1705
Applications/Keynote : 4582
Applications/Knock : 98
Applications/Launchpad : 1
Applications/Logi Options : 6.60.446
Applications/Mail : 3436.2
Applications/Maps : 2078.20.6.9.4
Applications/Messages : 5500
Applications/Mission Control : 1.2
Applications/Mousecape : 1579
Applications/NibUnlocker : 1
Applications/Notes : 831
Applications/Numbers : 4582
Applications/Pacifist : 29372
Applications/Pages : 4582
Applications/Photo Booth : 902
Applications/Photos : 3201.8.202
Applications/Plex Media Server : 1.5.5.3634
Applications/Preview : 935
Applications/QuickTime Player : 923
Applications/RB App Checker Lite : 358
Applications/Reminders : 1452
Applications/Safari Technology Preview : 13604.1.27.0.1
Applications/Safari : 13604.1.25.3.3
Applications/Siri : 1
Applications/Skype : 7.54.0.409
Applications/Spotify : 1.0.57.474.gca9c9538-30
Applications/Steam : 1.5
Applications/Stickies : 
Applications/Sublime Text : 3126
Applications/System Preferences : 14.0
Applications/TextEdit : 330
Applications/Time Machine : 1.3
Applications/Transmission : 14714
Applications/VLC : 2.2.4
Applications/Xcode-beta : 13158.24
Applications/Xcode : 12175.1
Applications/cDock : 4039
Applications/cleanMenu : 3
Applications/coconutBattery : 3.5.2
Applications/gfxCardStatus : 2.3
Applications/iBooks : 1422
Applications/iExplorer : 4.1.1.0
Applications/iMovie : 303235
Applications/iTerm : 3.0.15
Applications/iTunes : 12.6.1
Applications/mySIMBL : 29
Applications/stts : 14
Applications/App Store : 637.1
Applications/AppCleaner : 3804
Applications/Automator : 440
Applications/Battle.net : 1.8.3 (8965)
Applications/BetterTouchTool : 552
Applications/Calculator : 123
Applications/Calendar : 2182
Applications/Chess : 3.15
Applications/Console : 0.1.0
Applications/Contacts : 1791.1
Applications/Cyberduck : 24953
Applications/DVD Player : 5500.70
Applications/DaisyDisk : 4.4
Applications/Dark Boot : 126
Applications/Dashboard : 1.8
Applications/Dictionary : 201
Applications/FaceTime : 3080
Applications/Flashlight : 60
Applications/Font Book : 309
Applications/GIMP : 2.8.22
Applications/GarageBand : 4769.13
Applications/GitHub Desktop : 223
Applications/Google Chrome : 3071.115
Applications/HSTracker : 1737
Applications/Image Capture : 1106
Applications/Impactor : 1489366340
Applications/Install macOS 10.13 Beta : 1328
Applications/Keka : 1705
Applications/Keynote : 4582
Applications/Knock : 98
Applications/Launchpad : 1
Applications/Logi Options : 6.60.446
Applications/Mail : 3436.2
Applications/Maps : 2078.20.6.9.4
Applications/Messages : 5500
Applications/Mission Control : 1.2
Applications/Mousecape : 1579
Applications/NibUnlocker : 1
Applications/Notes : 831
Applications/Numbers : 4582
Applications/Pacifist : 29372
Applications/Pages : 4582
Applications/Photo Booth : 902
Applications/Photos : 3201.8.202
Applications/Plex Media Server : 1.5.5.3634
Applications/Preview : 935
Applications/QuickTime Player : 923
Applications/RB App Checker Lite : 358
Applications/Reminders : 1452
Applications/Safari Technology Preview : 13604.1.27.0.1
Applications/Safari : 13604.1.25.3.3
Applications/Siri : 1
Applications/Skype : 7.54.0.409
Applications/Spotify : 1.0.57.474.gca9c9538-30
Applications/Steam : 1.5
Applications/Stickies : 
Applications/Sublime Text : 3126
Applications/System Preferences : 14.0
Applications/TextEdit : 330
Applications/Time Machine : 1.3
Applications/Transmission : 14714
Applications/VLC : 2.2.4
Applications/Xcode-beta : 13158.24
Applications/Xcode : 12175.1
Applications/cDock : 4039
Applications/cleanMenu : 3
Applications/coconutBattery : 3.5.2
Applications/gfxCardStatus : 2.3
Applications/iBooks : 1422
Applications/iExplorer : 4.1.1.0
Applications/iMovie : 303235
Applications/iTerm : 3.0.15
Applications/iTunes : 12.6.1
Applications/mySIMBL : 29
Applications/stts : 14
Applications/Battle.net : 1.8.3 (8965)
Applications/Google Chrome : 3071.115
Applications/Safari Technology Preview : 13604.1.27.0.1
Applications/Safari : 13604.1.25.3.3
Frameworks/JavaScriptCore : 13604.1.25.3.3
Frameworks/SafariServices : 13604.1.25.3.3
Frameworks/WebKit : 13604.1.25.3.3
PrivateFrameworks/Safari : 13604.1.25.3.3
PrivateFrameworks/SafariCore : 13604.1.25.3.3
PrivateFrameworks/SafariSafeBrowsing : 13604.1.25.3.3
PrivateFrameworks/SafariShared : 13604.1.25.3.3
PrivateFrameworks/WebDriver : 13604.1.25.3.3
PrivateFrameworks/WebInspector : 13604.1.25.3.3
PrivateFrameworks/WebInspectorUI : 13604.1.25.3.3
