Applications/App Store : 650
Applications/Automator : 444
Applications/Calendar : 2192
Applications/Contacts : 1800
Applications/Font Book : 310
Applications/HSTracker : 1754
Applications/Mail : 3443.1
Applications/Maps : 2110.20.7.26.1
Applications/Notes : 861
Applications/Photos : 3201.9.230
Applications/Preview : 943
Applications/QuickTime Player : 928
Applications/Reminders : 1456
Applications/Safari Technology Preview : 13605.1.2
Applications/Safari : 13604.1.34
Applications/Spotify : 1.0.60.492.gbb40dab8-37
Applications/Xcode-beta : 13226.5
Applications/iBooks : 1452
Utilities/Bluetooth File Exchange : 6.0.0d62
Utilities/Boot Camp Assistant : 6067.1.1
Utilities/ColorSync Utility : 303
Utilities/Disk Utility : 1619
Utilities/Keychain Access : 55237.1.1
Utilities/Terminal : 399
Utilities/VoiceOver Utility : 554
Frameworks/AVFoundation : 1331
Frameworks/AVKit : 440
Frameworks/AddressBook : 1800
Frameworks/AppKit : 1548
Frameworks/AudioVideoBridging : 600.7
Frameworks/Automator : 444
Frameworks/CFNetwork : 878.2
Frameworks/CloudKit : 716
Frameworks/ColorSync : 543
Frameworks/Contacts : 2324
Frameworks/ContactsUI : 1800
Frameworks/CoreData : 844.1
Frameworks/CoreDisplay : 77
Frameworks/CoreFoundation : 1442
Frameworks/CoreGraphics : 1124
Frameworks/CoreImage : 564.3
Frameworks/CoreLocation : 2229
Frameworks/CoreMedia : 2064
Frameworks/CoreMediaIO : 4975
Frameworks/CoreServices : 821.2
Frameworks/CoreSpotlight : 223
Frameworks/CoreTelephony : 5451
Frameworks/CoreWLAN : 1335
Frameworks/DirectoryService : 207
Frameworks/EventKit : 747
Frameworks/FinderSync : 1051
Frameworks/Foundation : 1442.1
Frameworks/GameKit : 552
Frameworks/IOBluetooth : 6.0.0d62
Frameworks/IOBluetoothUI : 6.0.0d62
Frameworks/IOSurface : 208
Frameworks/ImageIO : 1690
Frameworks/JavaScriptCore : 13604.1.34
Frameworks/LocalAuthentication : 425.1.8
Frameworks/MapKit : 1814.20.7.26.1
Frameworks/MediaAccessibility : 114
Frameworks/MediaLibrary : 751
Frameworks/MediaToolbox : 2064
Frameworks/Metal : 123.3.5
Frameworks/MultipeerConnectivity : 146
Frameworks/NotificationCenter : 634
Frameworks/OpenDirectory : 207
Frameworks/Photos : 3201.9.230
Frameworks/PhotosUI : 3201.9.230
Frameworks/QTKit : 3014
Frameworks/QuartzCore : 565
Frameworks/QuickLook : 741
Frameworks/QuickTime : 3014
Frameworks/SafariServices : 13604.1.34
Frameworks/SceneKit : 428
Frameworks/Security : 58286.1.22
Frameworks/SecurityFoundation : 55185.1.1
Frameworks/SecurityInterface : 55109.1.1
Frameworks/StoreKit : 650
Frameworks/VideoToolbox : 2064
Frameworks/Vision : 1.0.35
Frameworks/WebKit : 13604.1.34
PrivateFrameworks/AOSAccounts : 87
PrivateFrameworks/AOSAccountsLite : 87
PrivateFrameworks/AOSUI : 628
PrivateFrameworks/APTransport : 352.12
PrivateFrameworks/AVConference : 1005
PrivateFrameworks/AccessibilityBundles : 86
PrivateFrameworks/AccessibilitySupport : 91
PrivateFrameworks/AccountsUI : 59
PrivateFrameworks/AddressBookAutocomplete : 1800
PrivateFrameworks/AirPlayReceiver : 352.12
PrivateFrameworks/AirPlaySender : 352.12
PrivateFrameworks/AirPlaySupport : 352.12
PrivateFrameworks/AirTrafficHost : 744
PrivateFrameworks/AnnotationKit : 230
PrivateFrameworks/AppContainer : 360.1.1
PrivateFrameworks/AppSandbox : 360.1.1
PrivateFrameworks/Apple80211 : 1335
PrivateFrameworks/AppleGVA : 11.1.19
PrivateFrameworks/AppleGVACore : 11.1.19
PrivateFrameworks/AppleVA : 5.0.39
PrivateFrameworks/AppleVPA : 3.3.5
PrivateFrameworks/AssetCacheServices : 70
PrivateFrameworks/AssetCacheServicesExtensions : 70
PrivateFrameworks/AssistiveControlSupport : 191
PrivateFrameworks/BezelServices : 291
PrivateFrameworks/Bom : 194.2
PrivateFrameworks/CVML : 1.64.0
PrivateFrameworks/CalendarFoundation : 551
PrivateFrameworks/CalendarPersistence : 466
PrivateFrameworks/CalendarUI : 461
PrivateFrameworks/CalendarUIKit : 233
PrivateFrameworks/CloudDocs : 556
PrivateFrameworks/CloudDocsDaemon : 556
PrivateFrameworks/CloudKitDaemon : 716
PrivateFrameworks/CloudPhotoLibrary : 3201.7.160
PrivateFrameworks/CloudPhotoServices : 3201.9.230
PrivateFrameworks/CommerceKit : 650
PrivateFrameworks/ConfigProfileHelper : 1039
PrivateFrameworks/ConfigurationProfiles : 1039
PrivateFrameworks/ContactsAssistantServices : 142
PrivateFrameworks/ContactsPersistence : 2324
PrivateFrameworks/CoreADI : 4.7.0
PrivateFrameworks/CoreChineseEngine : 388
PrivateFrameworks/CoreEmoji : 69
PrivateFrameworks/CoreFP : 2.13.13
PrivateFrameworks/CoreKE : 4.14.0
PrivateFrameworks/CoreLSKD : 9.13.1
PrivateFrameworks/CoreNLP : 123
PrivateFrameworks/CoreParsec : 182
PrivateFrameworks/CoreRecognition : 110
PrivateFrameworks/CoreRoutine : 542.0.1
PrivateFrameworks/CoreSuggestions : 678
PrivateFrameworks/CoreSuggestionsInternals : 678
PrivateFrameworks/CoreThemeDefinition : 336
PrivateFrameworks/CoreTime : 220
PrivateFrameworks/CoreUI : 487
PrivateFrameworks/CoreUtils : 520.66
PrivateFrameworks/CoreWLANKit : 1335
PrivateFrameworks/CoreWiFi : 1335
PrivateFrameworks/DFRDisplay : 112
PrivateFrameworks/DFRFoundation : 188
PrivateFrameworks/DTXConnectionServices : 63107
PrivateFrameworks/DataDetectors : 373
PrivateFrameworks/DataDetectorsCore : 590
PrivateFrameworks/DataDetectorsNaturalLanguage : 145
PrivateFrameworks/DiskImages : 480.1.1
PrivateFrameworks/DiskManagement : 1298
PrivateFrameworks/EasyConfig : 520.66
PrivateFrameworks/Email : 3443
PrivateFrameworks/EmailAddressing : 3443
PrivateFrameworks/EmailCore : 3443
PrivateFrameworks/Espresso : 59
PrivateFrameworks/FileProvider : 106
PrivateFrameworks/FindMyMac : 55.6
PrivateFrameworks/GameCenter : 552
PrivateFrameworks/GameCenterFoundation : 552
PrivateFrameworks/GameCenterPrivateUIMac : 552
PrivateFrameworks/GameCenterUI : 552
PrivateFrameworks/GameKitServices : 1005
PrivateFrameworks/GenerationalStorage : 281
PrivateFrameworks/GeoServices : 1347.20.7.26.4
PrivateFrameworks/HDRProcessing : 1.0.44
PrivateFrameworks/HelpData : 154
PrivateFrameworks/IASUtilities : 441
PrivateFrameworks/IMAP : 3443.1
PrivateFrameworks/IOAccelerator : 373
PrivateFrameworks/IconServices : 97
PrivateFrameworks/LanguageModeling : 159
PrivateFrameworks/Lexicon : 32
PrivateFrameworks/LinguisticData : 237
PrivateFrameworks/LinkPresentation : 59.1
PrivateFrameworks/LocalAuthenticationUI : 425.1.8
PrivateFrameworks/LoggingSupport : 829.1.2
PrivateFrameworks/Lookup : 236
PrivateFrameworks/MMCS : 426
PrivateFrameworks/MTLCompiler : 123.3.5
PrivateFrameworks/Mail : 3443.1
PrivateFrameworks/MailCore : 3443.1
PrivateFrameworks/MailService : 3443.1
PrivateFrameworks/MailSupport : 3443
PrivateFrameworks/MailUI : 3443.1
PrivateFrameworks/ManagedClient : 1039
PrivateFrameworks/MarkupUI : 230
PrivateFrameworks/MediaControlSender : 352.12
PrivateFrameworks/MediaKit : 864
PrivateFrameworks/MobileAsset : 437.1.5.1.1
PrivateFrameworks/MobileDevice : 988.1.3
PrivateFrameworks/MultitouchSupport : 1004.1
PrivateFrameworks/MultiverseSupport : 27
PrivateFrameworks/NLP : 122
PrivateFrameworks/NearField : 280.60
PrivateFrameworks/NeutrinoCore : 3201.6.190
PrivateFrameworks/NeutrinoKit : 3201.6.190
PrivateFrameworks/Notes : 861
PrivateFrameworks/NotesShared : 861
PrivateFrameworks/NotesUI : 861
PrivateFrameworks/OSASyncProxyClient : 1
PrivateFrameworks/OSInstaller : 914.2
PrivateFrameworks/OfficeImport : 257
PrivateFrameworks/PASampling : 183
PrivateFrameworks/PackageKit : 723
PrivateFrameworks/ParsecUI : 1179
PrivateFrameworks/PerformanceAnalysis : 183
PrivateFrameworks/PhotoAnalysis : 3201.9.140
PrivateFrameworks/PhotoImaging : 3201.6.190
PrivateFrameworks/PhotoLibrary : 3201.9.230
PrivateFrameworks/PhotoLibraryPrivate : 3201.9.230
PrivateFrameworks/PhotosPlayer : 3201.4.210
PrivateFrameworks/PhotosUICore : 3201.9.150
PrivateFrameworks/PlacesKit : 3201.9.150
PrivateFrameworks/ProofReader : 430
PrivateFrameworks/RTCReporting : 9.32
PrivateFrameworks/Rapport : 110.8
PrivateFrameworks/RapportUI : 110.8
PrivateFrameworks/RemoteServiceDiscovery : 1205.1.7
PrivateFrameworks/RemoteXPC : 1205.1.7
PrivateFrameworks/ResponseKit : 108
PrivateFrameworks/Restore : 428
PrivateFrameworks/Safari : 13604.1.34
PrivateFrameworks/SafariCore : 13604.1.34
PrivateFrameworks/SafariSafeBrowsing : 13604.1.34
PrivateFrameworks/SafariShared : 13604.1.34
PrivateFrameworks/ScreenReader : 554
PrivateFrameworks/SearchFoundation : 182
PrivateFrameworks/SecCodeWrapper : 360.1.1
PrivateFrameworks/Sharing : 907
PrivateFrameworks/SiriFoundation : 142
PrivateFrameworks/SiriTTS : 126
PrivateFrameworks/SiriUI : 142
PrivateFrameworks/SoftwareUpdate : 1068.5
PrivateFrameworks/Spotlight : 1179
PrivateFrameworks/SpotlightIndex : 1179
PrivateFrameworks/SpotlightServerKit : 1179
PrivateFrameworks/SpotlightServices : 1179
PrivateFrameworks/StorageKit : 380
PrivateFrameworks/StoreFoundation : 650
PrivateFrameworks/StoreJavaScript : 650
PrivateFrameworks/StoreUI : 650
PrivateFrameworks/StoreXPCServices : 650
PrivateFrameworks/Suggestions : 213
PrivateFrameworks/Symbolication : 63077
PrivateFrameworks/SymptomDiagnosticManagement : 820.1.3
PrivateFrameworks/SymptomDiagnosticReporter : 820.1.3
PrivateFrameworks/SymptomReporter : 820.1.3
PrivateFrameworks/Symptoms : 820.1.3
PrivateFrameworks/SyncedDefaults : 273
PrivateFrameworks/SystemMigration : 1140
PrivateFrameworks/TimeSync : 600.15
PrivateFrameworks/Tourist : 1.0.43
PrivateFrameworks/UIFoundation : 537
PrivateFrameworks/UniversalAccess : 359
PrivateFrameworks/UserActivity : 96
PrivateFrameworks/VectorKit : 1344.20.7.26.1
PrivateFrameworks/VideoProcessing : 653
PrivateFrameworks/VideoSubscriberAccount : 208
PrivateFrameworks/ViewBridge : 338
PrivateFrameworks/WebDriver : 13604.1.34
PrivateFrameworks/WebInspector : 13604.1.34
PrivateFrameworks/WebInspectorUI : 13604.1.34
PrivateFrameworks/WiFiVelocity : 111
PrivateFrameworks/iLifeMediaBrowser : 751
PrivateFrameworks/ktrace : 218.1.1
PrivateFrameworks/vCard : 2324
CoreServices/AddressBookUrlForwarder : 1800
CoreServices/AirPlayUIAgent : 352.12
CoreServices/Automator Runner : 444
CoreServices/Bluetooth Setup Assistant : 6.0.0d62
CoreServices/BluetoothUIServer : 6.0.0d62
CoreServices/ControlStrip : 172
CoreServices/DiskImageMounter : 480.1.1
CoreServices/Dock : 1846
CoreServices/Dwell Control : 191
CoreServices/HelpViewer : 330
CoreServices/Install in Progress : 723
CoreServices/Installer Progress : 441
CoreServices/ManagedClient : 1039
CoreServices/NotificationCenter : 634
CoreServices/OBEXAgent : 6.0.0d62
CoreServices/Paired Devices : 110.8
CoreServices/RapportUIAgent : 110.8
CoreServices/Setup Assistant : 1965
CoreServices/Siri : 142
CoreServices/Software Update : 1068.5
CoreServices/Spotlight : 1179
CoreServices/UniversalAccessControl : 359
CoreServices/UserNotificationCenter : 37
CoreServices/VoiceOver : 554
CoreServices/WiFiAgent : 1335
CoreServices/cloudphotosd : 3201.9.230
CoreServices/loginwindow : 1788
Applications/Directory Utility : 412
Applications/Feedback Assistant : 328
Applications/Screen Sharing : 495.23
Applications/System Image Utility : 816
