Applications/App Store : 648
Applications/Automator : 443
Applications/Battle.net : 1.8.5 (9093)
Applications/Calendar : 2188
Applications/Contacts : 1796
Applications/Dictionary : 203
Applications/GitHub Desktop Legacy : 223
Applications/GitHub Desktop : 0.7.2
Applications/Google Chrome : 3112.90
Applications/Mail : 3441.0.1
Applications/Maps : 2103.20.7.11.3
Applications/Notes : 854
Applications/Photos : 3201.9.160
Applications/Preview : 941
Applications/Reminders : 1455
Applications/Safari Technology Preview : 13604.1.32.0.1
Applications/Safari : 13604.1.31.2
Applications/Spotify : 1.0.59.395.ge6ca9946-18
Applications/TripMode : 492
Applications/VLC : 2.2.6
Applications/iBooks : 1444
Utilities/Bluetooth File Exchange : 6.0.0d57
Utilities/Boot Camp Assistant : 6067
Utilities/ColorSync Utility : 302
Utilities/Disk Utility : 1616
Utilities/Keychain Access : 55237
Utilities/Script Editor : 194
Utilities/Terminal : 398
Utilities/VoiceOver Utility : 546
Frameworks/AVFoundation : 1319
Frameworks/AVKit : 429
Frameworks/AddressBook : 1796
Frameworks/AppKit : 1545.10
Frameworks/AppleScriptObjC : 33
Frameworks/Automator : 443
Frameworks/CFNetwork : 868.2
Frameworks/CloudKit : 712
Frameworks/ColorSync : 538
Frameworks/Contacts : 2320
Frameworks/ContactsUI : 1796
Frameworks/CoreData : 837
Frameworks/CoreDisplay : 71
Frameworks/CoreFoundation : 1438.1
Frameworks/CoreGraphics : 1118
Frameworks/CoreImage : 558
Frameworks/CoreLocation : 2220
Frameworks/CoreMedia : 2050.4.3
Frameworks/CoreMediaIO : 4973
Frameworks/CoreServices : 819
Frameworks/CoreSpotlight : 221
Frameworks/CoreTelephony : 5436.1
Frameworks/CoreVideo : 278.0
Frameworks/CoreWLAN : 1333
Frameworks/DirectoryService : 206.0.0.1.1
Frameworks/EventKit : 743
Frameworks/FinderSync : 1048
Frameworks/Foundation : 1438.20
Frameworks/GameKit : 547
Frameworks/IOBluetooth : 6.0.0d57
Frameworks/IOBluetoothUI : 6.0.0d57
Frameworks/IOSurface : 207
Frameworks/ImageIO : 1682
Frameworks/InstallerPlugins : 920
Frameworks/JavaScriptCore : 13604.1.31.2
Frameworks/LocalAuthentication : 425
Frameworks/MapKit : 1807.20.7.11.1
Frameworks/MediaToolbox : 2050.4.3
Frameworks/Metal : 123.1
Frameworks/MultipeerConnectivity : 144
Frameworks/NotificationCenter : 630
Frameworks/OpenCL : 2.8.11
Frameworks/OpenDirectory : 206.0.0.1.1
Frameworks/OpenGL : 15.0.47
Frameworks/Photos : 3201.9.160
Frameworks/PhotosUI : 3201.9.160
Frameworks/QuartzCore : 561
Frameworks/QuickLook : 738
Frameworks/SafariServices : 13604.1.31.2
Frameworks/SceneKit : 424
Frameworks/Security : 58283.0.0.1.1
Frameworks/StoreKit : 648
Frameworks/VideoToolbox : 2050.4.3
Frameworks/WebKit : 13604.1.31.2
PrivateFrameworks/AOSAccounts : 85
PrivateFrameworks/AOSAccountsLite : 85
PrivateFrameworks/AOSUI : 624
PrivateFrameworks/APTransport : 351.28.1
PrivateFrameworks/AVConference : 999
PrivateFrameworks/AccessibilityBundles : 82
PrivateFrameworks/AccessibilitySupport : 88
PrivateFrameworks/AccountsUI : 56
PrivateFrameworks/AddressBookAutocomplete : 1796
PrivateFrameworks/AirPlayReceiver : 351.28.1
PrivateFrameworks/AirPlaySender : 351.28.1
PrivateFrameworks/AirPlaySupport : 351.28.1
PrivateFrameworks/AmbientDisplay : 114
PrivateFrameworks/AnnotationKit : 227
PrivateFrameworks/AppContainer : 359
PrivateFrameworks/AppSandbox : 359
PrivateFrameworks/Apple80211 : 1333
PrivateFrameworks/AppleGVA : 11.1.13
PrivateFrameworks/AppleGVACore : 11.1.13
PrivateFrameworks/AppleScript : 385
PrivateFrameworks/AppleVA : 5.0.38
PrivateFrameworks/AppleVPA : 3.3.3
PrivateFrameworks/AssetCacheServices : 68
PrivateFrameworks/AssetCacheServicesExtensions : 68
PrivateFrameworks/AssistiveControlSupport : 185
PrivateFrameworks/AudioServerApplication : 300.14
PrivateFrameworks/AudioServerDriver : 300.14
PrivateFrameworks/BezelServices : 288
PrivateFrameworks/BookmarkDAV : 127
PrivateFrameworks/CVML : 1.63.0
PrivateFrameworks/CalDAV : 257
PrivateFrameworks/CalendarFoundation : 550
PrivateFrameworks/CalendarPersistence : 463
PrivateFrameworks/CalendarUI : 457
PrivateFrameworks/CalendarUIKit : 232
PrivateFrameworks/ChunkingLibrary : 186
PrivateFrameworks/CloudDocs : 550
PrivateFrameworks/CloudDocsDaemon : 550
PrivateFrameworks/CloudKitDaemon : 712
PrivateFrameworks/CloudPhotoLibrary : 3201.7.100
PrivateFrameworks/CloudPhotoServices : 3201.9.160
PrivateFrameworks/CloudServices : 297
PrivateFrameworks/CommerceKit : 648
PrivateFrameworks/ConfigProfileHelper : 1036
PrivateFrameworks/ConfigurationProfiles : 1036
PrivateFrameworks/ContactsAssistantServices : 141
PrivateFrameworks/ContactsAutocomplete : 90
PrivateFrameworks/ContactsPersistence : 2320
PrivateFrameworks/CoreChineseEngine : 387.1
PrivateFrameworks/CoreEmoji : 68
PrivateFrameworks/CoreKE : 4.13.0
PrivateFrameworks/CoreLSKD : 9.12.0
PrivateFrameworks/CoreLSKDMSE : 3.16.0
PrivateFrameworks/CoreNLP : 121
PrivateFrameworks/CoreParsec : 176
PrivateFrameworks/CoreRoutine : 536
PrivateFrameworks/CoreServicesInternal : 309
PrivateFrameworks/CoreSuggestions : 669
PrivateFrameworks/CoreSuggestionsInternals : 669
PrivateFrameworks/CoreSymbolication : 63075
PrivateFrameworks/CoreThemeDefinition : 333
PrivateFrameworks/CoreTime : 218
PrivateFrameworks/CoreUI : 484
PrivateFrameworks/CoreUtils : 520.59
PrivateFrameworks/CoreWLANKit : 1333
PrivateFrameworks/CoreWiFi : 1333
PrivateFrameworks/DFRFoundation : 181
PrivateFrameworks/DTXConnectionServices : 63106
PrivateFrameworks/DataDetectorsCore : 586
PrivateFrameworks/DiskImages : 480
PrivateFrameworks/DiskManagement : 1293
PrivateFrameworks/EasyConfig : 520.59
PrivateFrameworks/Email : 3441
PrivateFrameworks/EmailAddressing : 3441
PrivateFrameworks/EmailCore : 3441
PrivateFrameworks/EmbeddedOSInstall : 100
PrivateFrameworks/Espresso : 55
PrivateFrameworks/FileProvider : 100
PrivateFrameworks/FindMyMac : 55.2
PrivateFrameworks/FlightUtilities : 112
PrivateFrameworks/GPUSupport : 15.0.47
PrivateFrameworks/GameCenter : 547
PrivateFrameworks/GameCenterFoundation : 547
PrivateFrameworks/GameCenterPrivateUIMac : 547
PrivateFrameworks/GameCenterUI : 547
PrivateFrameworks/GameKitServices : 999
PrivateFrameworks/GeoServices : 1340.20.7.11.1
PrivateFrameworks/HDRProcessing : 1.0.40
PrivateFrameworks/HelpData : 151
PrivateFrameworks/IASUtilities : 437
PrivateFrameworks/IMAP : 3441.0.1
PrivateFrameworks/IOAccelerator : 369
PrivateFrameworks/IconServices : 95
PrivateFrameworks/IntlPreferences : 226
PrivateFrameworks/LanguageModeling : 157
PrivateFrameworks/Lexicon : 30
PrivateFrameworks/LinguisticData : 235
PrivateFrameworks/LinkPresentation : 58
PrivateFrameworks/LocalAuthenticationUI : 425
PrivateFrameworks/LoggingSupport : 824
PrivateFrameworks/Lookup : 235
PrivateFrameworks/MMCS : 425
PrivateFrameworks/MTLCompiler : 123.1
PrivateFrameworks/Mail : 3441.0.1
PrivateFrameworks/MailCore : 3441.0.1
PrivateFrameworks/MailService : 3441.0.1
PrivateFrameworks/MailSupport : 3441
PrivateFrameworks/MailUI : 3441.0.1
PrivateFrameworks/ManagedClient : 1036
PrivateFrameworks/MarkupUI : 227
PrivateFrameworks/MediaControlSender : 351.28.1
PrivateFrameworks/MobileAsset : 437
PrivateFrameworks/Montreal : 42
PrivateFrameworks/MultiverseSupport : 25.0.0.1.1
PrivateFrameworks/NLP : 120
PrivateFrameworks/NearField : 280.58
PrivateFrameworks/NeutrinoCore : 3201.6.120
PrivateFrameworks/NeutrinoKit : 3201.6.120
PrivateFrameworks/Notes : 854
PrivateFrameworks/NotesShared : 854
PrivateFrameworks/NotesUI : 854
PrivateFrameworks/OSInstaller : 908
PrivateFrameworks/PASampling : 182
PrivateFrameworks/PIP : 82
PrivateFrameworks/PackageKit : 721
PrivateFrameworks/ParsecUI : 1174.1
PrivateFrameworks/PerformanceAnalysis : 182
PrivateFrameworks/PhotoAnalysis : 3201.8.240
PrivateFrameworks/PhotoImaging : 3201.6.120
PrivateFrameworks/PhotoLibrary : 3201.9.160
PrivateFrameworks/PhotoLibraryPrivate : 3201.9.160
PrivateFrameworks/PhotosPlayer : 3201.4.160
PrivateFrameworks/PhotosUICore : 3201.8.230
PrivateFrameworks/PlacesKit : 3201.8.230
PrivateFrameworks/ProofReader : 429
PrivateFrameworks/RTCReporting : 9.30
PrivateFrameworks/Rapport : 110.6
PrivateFrameworks/RapportUI : 110.6
PrivateFrameworks/RemoteServiceDiscovery : 1201.0.0.1.1
PrivateFrameworks/RemoteXPC : 1201.0.0.1.1
PrivateFrameworks/Safari : 13604.1.31.2
PrivateFrameworks/SafariCore : 13604.1.31.2
PrivateFrameworks/SafariSafeBrowsing : 13604.1.31.2
PrivateFrameworks/SafariShared : 13604.1.31.2
PrivateFrameworks/ScreenReader : 546
PrivateFrameworks/SearchFoundation : 176
PrivateFrameworks/SecCodeWrapper : 359
PrivateFrameworks/Sharing : 896.1
PrivateFrameworks/SiriFoundation : 141
PrivateFrameworks/SiriTTS : 124
PrivateFrameworks/SiriUI : 141
PrivateFrameworks/SoftwareUpdate : 1068
PrivateFrameworks/SpeechObjects : 7.0.14
PrivateFrameworks/Spotlight : 1174.1
PrivateFrameworks/SpotlightIndex : 1174.1
PrivateFrameworks/SpotlightServerKit : 1174.1
PrivateFrameworks/SpotlightServices : 1174.1
PrivateFrameworks/StorageKit : 373
PrivateFrameworks/StoreFoundation : 648
PrivateFrameworks/StoreJavaScript : 648
PrivateFrameworks/StoreUI : 648
PrivateFrameworks/StoreXPCServices : 648
PrivateFrameworks/Suggestions : 210
PrivateFrameworks/Symbolication : 63075
PrivateFrameworks/SymptomDiagnosticManagement : 817
PrivateFrameworks/SymptomDiagnosticReporter : 817
PrivateFrameworks/SymptomReporter : 817
PrivateFrameworks/Symptoms : 817
PrivateFrameworks/TimeSync : 600.14
PrivateFrameworks/UIFoundation : 536
PrivateFrameworks/UniversalAccess : 355
PrivateFrameworks/UserActivity : 94.1
PrivateFrameworks/VectorKit : 1337.20.7.11.1
PrivateFrameworks/VideoProcessing : 648
PrivateFrameworks/VideoSubscriberAccount : 200
PrivateFrameworks/ViewBridge : 336
PrivateFrameworks/WebDriver : 13604.1.31.2
PrivateFrameworks/WebInspector : 13604.1.31.2
PrivateFrameworks/WebInspectorUI : 13604.1.31.2
PrivateFrameworks/WiFiVelocity : 107
PrivateFrameworks/WirelessDiagnostics : 919
PrivateFrameworks/ktrace : 217
PrivateFrameworks/vCard : 2320
CoreServices/AddressBookUrlForwarder : 1796
CoreServices/AirPlayUIAgent : 351.28.1
CoreServices/Automator Runner : 443
CoreServices/Bluetooth Setup Assistant : 6.0.0d57
CoreServices/BluetoothUIServer : 6.0.0d57
CoreServices/ControlStrip : 165.1
CoreServices/CoreServicesUIAgent : 180
CoreServices/DiskImageMounter : 480
CoreServices/Dock : 1837
CoreServices/Dwell Control : 185
CoreServices/HelpViewer : 325
CoreServices/Install in Progress : 721
CoreServices/Installer Progress : 437
CoreServices/Installer : 920
CoreServices/ManagedClient : 1036
CoreServices/Memory Slot Utility : 1.5.3b1
CoreServices/NotificationCenter : 630
CoreServices/NowPlayingWidgetContainer : 1
CoreServices/OBEXAgent : 6.0.0d57
CoreServices/PIPAgent : 82
CoreServices/Paired Devices : 110.6
CoreServices/RapportUIAgent : 110.6
CoreServices/Setup Assistant : 1959
CoreServices/Siri : 141
CoreServices/Software Update : 1068
CoreServices/Spotlight : 1174.1
CoreServices/UniversalAccessControl : 355
CoreServices/VoiceOver : 546
CoreServices/WiFiAgent : 1333
CoreServices/cloudphotosd : 3201.9.160
CoreServices/loginwindow : 1782
CoreServices/rcd : 351
CoreServices/screencapturetb : 131
Applications/Feedback Assistant : 322
Applications/Screen Sharing : 495.22
