Applications/App Store : 651
Applications/Calendar : 2194
Applications/Contacts : 1805
Applications/Mail : 3445.1.3
Applications/Maps : 2115.20.7.30.9
Applications/Notes : 863
Applications/Photos : 3201.10.190
Applications/Preview : 944
Applications/Safari : 13604.1.38.1.3
Utilities/Bluetooth File Exchange : 6.0.0f4
Utilities/Boot Camp Assistant : 6067.1.2
Utilities/Disk Utility : 1626
Utilities/Terminal : 400
Utilities/VoiceOver Utility : 562
Frameworks/AVFoundation : 1334
Frameworks/AddressBook : 1805
Frameworks/AppKit : 1555
Frameworks/CFNetwork : 887
Frameworks/CloudKit : 719
Frameworks/ColorSync : 544
Frameworks/Contacts : 2326
Frameworks/ContactsUI : 1805
Frameworks/CoreData : 847
Frameworks/CoreDisplay : 79
Frameworks/CoreFoundation : 1443.11
Frameworks/CoreGraphics : 1125.1.1
Frameworks/CoreImage : 573
Frameworks/CoreLocation : 2235
Frameworks/CoreMedia : 2074.1
Frameworks/CoreMediaIO : 4976
Frameworks/CoreServices : 822.5
Frameworks/CoreSpotlight : 229
Frameworks/CoreTelephony : 5456
Frameworks/EventKit : 751
Frameworks/FinderSync : 1054
Frameworks/Foundation : 1443.11
Frameworks/GameKit : 558
Frameworks/IOBluetooth : 6.0.0f4
Frameworks/IOBluetoothUI : 6.0.0f4
Frameworks/IOSurface : 209
Frameworks/ImageIO : 1694
Frameworks/JavaScriptCore : 13604.1.38.1.3
Frameworks/LocalAuthentication : 425.1.14
Frameworks/MapKit : 1817.20.7.28.10
Frameworks/MediaToolbox : 2074.1
Frameworks/MetalKit : 92.1
Frameworks/NotificationCenter : 636
Frameworks/OpenGL : 16.0.1
Frameworks/Photos : 3201.10.190
Frameworks/PhotosUI : 3201.10.190
Frameworks/QuartzCore : 574.1.3
Frameworks/QuickLook : 743.2
Frameworks/SafariServices : 13604.1.38.1.3
Frameworks/SceneKit : 430.1
Frameworks/Security : 58286.1.32
Frameworks/StoreKit : 651
Frameworks/VideoToolbox : 2074.1
Frameworks/Vision : 1.0.37
Frameworks/WebKit : 13604.1.38.1.3
PrivateFrameworks/AOSKit : 261
PrivateFrameworks/AOSUI : 629
PrivateFrameworks/APTransport : 352.16.1
PrivateFrameworks/AVConference : 1005.3.2
PrivateFrameworks/AVFoundationCF : 272
PrivateFrameworks/AccountsUI : 61
PrivateFrameworks/AddressBookAutocomplete : 1805
PrivateFrameworks/AirPlayReceiver : 352.16.1
PrivateFrameworks/AirPlaySender : 352.16.1
PrivateFrameworks/AirPlaySupport : 352.16.1
PrivateFrameworks/AnnotationKit : 231
PrivateFrameworks/AppContainer : 360.1.2
PrivateFrameworks/AppSandbox : 360.1.2
PrivateFrameworks/AppleGVA : 11.1.22
PrivateFrameworks/AppleGVACore : 11.1.22
PrivateFrameworks/AssetCacheServices : 71
PrivateFrameworks/AssetCacheServicesExtensions : 71
PrivateFrameworks/AssistiveControlSupport : 192
PrivateFrameworks/CalendarFoundation : 552
PrivateFrameworks/CalendarPersistence : 470
PrivateFrameworks/CalendarUI : 462
PrivateFrameworks/CloudDocs : 558
PrivateFrameworks/CloudDocsDaemon : 558
PrivateFrameworks/CloudKitDaemon : 719
PrivateFrameworks/CloudPhotoLibrary : 3201.7.210
PrivateFrameworks/CloudPhotoServices : 3201.10.190
PrivateFrameworks/CloudServices : 297.1.1
PrivateFrameworks/CommerceKit : 651
PrivateFrameworks/ConfigProfileHelper : 1042
PrivateFrameworks/ConfigurationProfiles : 1042
PrivateFrameworks/ContactsAssistantServices : 146
PrivateFrameworks/ContactsPersistence : 2326
PrivateFrameworks/CoreADI : 4.10.0
PrivateFrameworks/CoreChineseEngine : 389
PrivateFrameworks/CoreParsec : 184
PrivateFrameworks/CoreRoutine : 546
PrivateFrameworks/CoreSuggestions : 680.0.3.1
PrivateFrameworks/CoreSuggestionsInternals : 680.0.3.1
PrivateFrameworks/CoreThemeDefinition : 337
PrivateFrameworks/CoreUI : 489
PrivateFrameworks/CoreUtils : 520.67
PrivateFrameworks/DFRFoundation : 189
PrivateFrameworks/DataDetectors : 375
PrivateFrameworks/DiskImages : 480.1.2
PrivateFrameworks/DiskManagement : 1302
PrivateFrameworks/EasyConfig : 520.67
PrivateFrameworks/Email : 3445.1.3
PrivateFrameworks/EmailAddressing : 3445.1.3
PrivateFrameworks/EmailCore : 3445.1.3
PrivateFrameworks/EmbeddedOSInstall : 101.1
PrivateFrameworks/ExchangeWebServices : 287
PrivateFrameworks/FileProvider : 111
PrivateFrameworks/FindMyMac : 55.8
PrivateFrameworks/FlightUtilities : 114
PrivateFrameworks/GPUSupport : 16.0.1
PrivateFrameworks/GameCenter : 558
PrivateFrameworks/GameCenterFoundation : 558
PrivateFrameworks/GameCenterPrivateUIMac : 558
PrivateFrameworks/GameCenterUI : 558
PrivateFrameworks/GameKitServices : 1005.3.2
PrivateFrameworks/GeoServices : 1350.20.7.28.8
PrivateFrameworks/HDRProcessing : 1.0.48
PrivateFrameworks/IASUtilities : 442
PrivateFrameworks/IMAP : 3445.1.3
PrivateFrameworks/IntlPreferences : 227
PrivateFrameworks/Lexicon : 33
PrivateFrameworks/LinguisticData : 238
PrivateFrameworks/LocalAuthenticationUI : 425.1.14
PrivateFrameworks/Lookup : 237
PrivateFrameworks/Mail : 3445.1.3
PrivateFrameworks/MailCore : 3445.1.3
PrivateFrameworks/MailService : 3445.1.3
PrivateFrameworks/MailSupport : 3445.1.3
PrivateFrameworks/MailUI : 3445.1.3
PrivateFrameworks/ManagedClient : 1042
PrivateFrameworks/MarkupUI : 231
PrivateFrameworks/MediaControlSender : 352.16.1
PrivateFrameworks/MobileAsset : 437.1.10
PrivateFrameworks/NearField : 280.62
PrivateFrameworks/NeutrinoCore : 3201.7.110
PrivateFrameworks/NeutrinoKit : 3201.7.110
PrivateFrameworks/Notes : 863
PrivateFrameworks/NotesShared : 863
PrivateFrameworks/NotesUI : 863
PrivateFrameworks/OSInstaller : 922
PrivateFrameworks/PIP : 83
PrivateFrameworks/PackageKit : 724
PrivateFrameworks/ParsecUI : 1187
PrivateFrameworks/PhotoAnalysis : 3201.9.160
PrivateFrameworks/PhotoImaging : 3201.7.110
PrivateFrameworks/PhotoLibrary : 3201.10.190
PrivateFrameworks/PhotoLibraryPrivate : 3201.10.190
PrivateFrameworks/PhotosPlayer : 3201.5.110
PrivateFrameworks/PhotosUICore : 3201.9.190
PrivateFrameworks/PlacesKit : 3201.9.190
PrivateFrameworks/RemoteServiceDiscovery : 1205.1.10
PrivateFrameworks/RemoteXPC : 1205.1.10
PrivateFrameworks/Restore : 433
PrivateFrameworks/Safari : 13604.1.38.1.3
PrivateFrameworks/SafariCore : 13604.1.38.1.3
PrivateFrameworks/SafariSafeBrowsing : 13604.1.38.1.3
PrivateFrameworks/SafariShared : 13604.1.38.1.3
PrivateFrameworks/ScreenReader : 562
PrivateFrameworks/SearchFoundation : 184
PrivateFrameworks/SecCodeWrapper : 360.1.2
PrivateFrameworks/Sharing : 910.6
PrivateFrameworks/SiriFoundation : 146
PrivateFrameworks/SiriTTS : 128
PrivateFrameworks/SiriUI : 146
PrivateFrameworks/SoftwareUpdate : 1068.6
PrivateFrameworks/SpeechObjects : 7.0.15
PrivateFrameworks/Spotlight : 1187
PrivateFrameworks/SpotlightIndex : 1187
PrivateFrameworks/SpotlightServerKit : 1187
PrivateFrameworks/SpotlightServices : 1187
PrivateFrameworks/StorageKit : 385
PrivateFrameworks/StoreFoundation : 651
PrivateFrameworks/StoreJavaScript : 651
PrivateFrameworks/StoreUI : 651
PrivateFrameworks/StoreXPCServices : 651
PrivateFrameworks/Symbolication : 63079.1
PrivateFrameworks/SymptomDiagnosticManagement : 820.1.4
PrivateFrameworks/SymptomDiagnosticReporter : 820.1.4
PrivateFrameworks/SymptomReporter : 820.1.4
PrivateFrameworks/Symptoms : 820.1.4
PrivateFrameworks/SystemMigration : 1146
PrivateFrameworks/Tourist : 1.0.46
PrivateFrameworks/UIFoundation : 543
PrivateFrameworks/UniversalAccess : 360
PrivateFrameworks/UserActivity : 98
PrivateFrameworks/VectorKit : 1346.20.7.28.8
PrivateFrameworks/VideoProcessing : 654
PrivateFrameworks/VideoSubscriberAccount : 212
PrivateFrameworks/ViewBridge : 341
PrivateFrameworks/WebDriver : 13604.1.38.1.3
PrivateFrameworks/WebInspector : 13604.1.38.1.3
PrivateFrameworks/WebInspectorUI : 13604.1.38.1.3
PrivateFrameworks/vCard : 2326
CoreServices/AddressBookUrlForwarder : 1805
CoreServices/AirPlayUIAgent : 352.16.1
CoreServices/Bluetooth Setup Assistant : 6.0.0f4
CoreServices/BluetoothUIServer : 6.0.0f4
CoreServices/DiskImageMounter : 480.1.2
CoreServices/Dock : 1847
CoreServices/Dwell Control : 192
CoreServices/Install in Progress : 724
CoreServices/Installer Progress : 442
CoreServices/ManagedClient : 1042
CoreServices/NotificationCenter : 636
CoreServices/OBEXAgent : 6.0.0f4
CoreServices/PIPAgent : 83
CoreServices/Setup Assistant : 1969
CoreServices/Siri : 146
CoreServices/Software Update : 1068.6
CoreServices/Spotlight : 1187
CoreServices/UniversalAccessControl : 360
CoreServices/VoiceOver : 562
CoreServices/cloudphotosd : 3201.10.190
CoreServices/loginwindow : 1790.1
CoreServices/screencapturetb : 133
Applications/Feedback Assistant : 329
Applications/System Image Utility : 817
