Applications/Mail : 3445.1.6
Applications/Spotify : 1.0.62.508.g2c497f24-26
Applications/stts : 15
Frameworks/CoreDisplay : 79.7
Frameworks/CoreServices : 822.9
PrivateFrameworks/DiskManagement : 1306
PrivateFrameworks/Email : 3445.1.6
PrivateFrameworks/EmailAddressing : 3445.1.6
PrivateFrameworks/EmailCore : 3445.1.6
PrivateFrameworks/IMAP : 3445.1.6
PrivateFrameworks/Mail : 3445.1.6
PrivateFrameworks/MailCore : 3445.1.6
PrivateFrameworks/MailService : 3445.1.6
PrivateFrameworks/MailSupport : 3445.1.6
PrivateFrameworks/MailUI : 3445.1.6
PrivateFrameworks/ParsecUI : 1191
PrivateFrameworks/Spotlight : 1191
PrivateFrameworks/SpotlightIndex : 1191
PrivateFrameworks/SpotlightServerKit : 1191
PrivateFrameworks/SpotlightServices : 1191
PrivateFrameworks/SystemMigration : 1146.2
CoreServices/Spotlight : 1191
CoreServices/loginwindow : 1790.4
