Applications/App Store : 646
Applications/Automator : 442
Applications/Calendar : 2185
Applications/Contacts : 1794
Applications/IINA : 29
Applications/Mail : 3439
Applications/Maps : 2093.20.6.28.3
Applications/Notes : 845
Applications/Photos : 3201.9.120
Applications/Preview : 938
Applications/QuickTime Player : 926
Applications/Reminders : 1454
Applications/RuneScape : 1.0
Applications/Safari : 13604.1.28.2
Applications/Spotify : 1.0.58.573.g57c9cd87-20
Applications/TextEdit : 332
Applications/Xcode-beta : 13199.7
Applications/iBooks : 1435
Applications/iTunes : 12.7.0
Utilities/AirPort Utility : 638.5
Utilities/Bluetooth File Exchange : 6.0.0d51
Utilities/Boot Camp Assistant : 6065
Utilities/Disk Utility : 1615
Utilities/VoiceOver Utility : 541
Frameworks/AVFoundation : 1311.4.2
Frameworks/AVKit : 420
Frameworks/AddressBook : 1794
Frameworks/AppKit : 1543
Frameworks/AudioVideoBridging : 600.6
Frameworks/Automator : 442
Frameworks/CFNetwork : 866.2
Frameworks/CloudKit : 706
Frameworks/Collaboration : 80
Frameworks/ColorSync : 533
Frameworks/Contacts : 2318
Frameworks/ContactsUI : 1794
Frameworks/CoreData : 836
Frameworks/CoreDisplay : 68
Frameworks/CoreFoundation : 1436.1
Frameworks/CoreGraphics : 1113
Frameworks/CoreImage : 555
Frameworks/CoreLocation : 2212
Frameworks/CoreMedia : 2042.4.4
Frameworks/CoreMediaIO : 4970
Frameworks/CoreServices : 817.2
Frameworks/CoreSpotlight : 216
Frameworks/CoreTelephony : 5421.1
Frameworks/CoreVideo : 276.0
Frameworks/CoreWLAN : 1331
Frameworks/DirectoryService : 205
Frameworks/EventKit : 738
Frameworks/FinderSync : 1046.2
Frameworks/Foundation : 1436
Frameworks/GameKit : 544
Frameworks/IOBluetooth : 6.0.0d51
Frameworks/IOBluetoothUI : 6.0.0d51
Frameworks/IOSurface : 204
Frameworks/ImageIO : 1679
Frameworks/InstallerPlugins : 918
Frameworks/JavaScriptCore : 13604.1.28.2
Frameworks/LocalAuthentication : 418
Frameworks/MapKit : 1799.20.6.28.3
Frameworks/MediaAccessibility : 113
Frameworks/MediaLibrary : 750
Frameworks/MediaToolbox : 2042.4.4
Frameworks/Metal : 120.11
Frameworks/MetalKit : 92
Frameworks/NotificationCenter : 627
Frameworks/OpenCL : 2.8.10
Frameworks/OpenDirectory : 205
Frameworks/OpenGL : 15.0.42
Frameworks/Photos : 3201.9.120
Frameworks/PhotosUI : 3201.9.120
Frameworks/QTKit : 3013
Frameworks/QuartzCore : 555
Frameworks/QuickLook : 737
Frameworks/QuickTime : 3013
Frameworks/Ruby : 2.3.3-131
Frameworks/SafariServices : 13604.1.28.2
Frameworks/SceneKit : 422
Frameworks/Security : 58267.0.0.0.1
Frameworks/SecurityFoundation : 55185
Frameworks/SecurityInterface : 55109
Frameworks/StoreKit : 646
Frameworks/VideoToolbox : 2042.4.4
Frameworks/Vision : 1.0.32
Frameworks/WebKit : 13604.1.28.2
PrivateFrameworks/AOSAccounts : 83
PrivateFrameworks/AOSAccountsLite : 83
PrivateFrameworks/AOSKit : 259
PrivateFrameworks/AOSUI : 622
PrivateFrameworks/APTransport : 351.23.3
PrivateFrameworks/AVConference : 996
PrivateFrameworks/AVFoundationCF : 270
PrivateFrameworks/AccessibilityBundles : 81
PrivateFrameworks/AccessibilitySupport : 85
PrivateFrameworks/AccountsUI : 54
PrivateFrameworks/AddressBookAutocomplete : 1794
PrivateFrameworks/AirPlayReceiver : 351.23.3
PrivateFrameworks/AirPlaySender : 351.23.3
PrivateFrameworks/AirPlaySupport : 351.23.3
PrivateFrameworks/AirTrafficHost : 736
PrivateFrameworks/AmbientDisplay : 113
PrivateFrameworks/AnnotationKit : 222
PrivateFrameworks/AppContainer : 358
PrivateFrameworks/AppSandbox : 358
PrivateFrameworks/Apple80211 : 1331
PrivateFrameworks/AppleGVA : 11.1.12
PrivateFrameworks/AppleGVACore : 11.1.12
PrivateFrameworks/AppleLDAP : 46
PrivateFrameworks/AssetCacheServices : 66
PrivateFrameworks/AssetCacheServicesExtensions : 66
PrivateFrameworks/AssistiveControlSupport : 181
PrivateFrameworks/AudioServerApplication : 300.11
PrivateFrameworks/AudioServerDriver : 300.11
PrivateFrameworks/BezelServices : 285
PrivateFrameworks/BookKit : 1126
PrivateFrameworks/BookmarkDAV : 126
PrivateFrameworks/CVML : 1.62.0
PrivateFrameworks/CalDAV : 256
PrivateFrameworks/CalendarAgent : 399
PrivateFrameworks/CalendarFoundation : 548
PrivateFrameworks/CalendarPersistence : 460
PrivateFrameworks/CalendarUI : 454
PrivateFrameworks/CalendarUIKit : 231
PrivateFrameworks/CloudDocs : 544
PrivateFrameworks/CloudDocsDaemon : 544
PrivateFrameworks/CloudKitDaemon : 706
PrivateFrameworks/CloudPhotoLibrary : 3201.6.200
PrivateFrameworks/CloudPhotoServices : 3201.9.120
PrivateFrameworks/CloudServices : 295
PrivateFrameworks/CommerceKit : 646
PrivateFrameworks/ConfigProfileHelper : 1032
PrivateFrameworks/ConfigurationProfiles : 1032
PrivateFrameworks/ContactsAssistantServices : 139
PrivateFrameworks/ContactsAutocomplete : 89
PrivateFrameworks/ContactsPersistence : 2318
PrivateFrameworks/CoreAUC : 249.0.0
PrivateFrameworks/CoreChineseEngine : 385
PrivateFrameworks/CoreDAV : 332
PrivateFrameworks/CoreEmoji : 66
PrivateFrameworks/CoreFP : 2.13.10
PrivateFrameworks/CoreLSKD : 9.8.0
PrivateFrameworks/CoreLSKDMSE : 3.14.0
PrivateFrameworks/CoreNLP : 119
PrivateFrameworks/CoreNavigation : 68.0.1
PrivateFrameworks/CoreParsec : 170
PrivateFrameworks/CoreRecognition : 109
PrivateFrameworks/CoreRoutine : 530
PrivateFrameworks/CoreServicesInternal : 307
PrivateFrameworks/CoreSuggestions : 662
PrivateFrameworks/CoreSuggestionsInternals : 662
PrivateFrameworks/CoreSymbolication : 63072
PrivateFrameworks/CoreThemeDefinition : 332
PrivateFrameworks/CoreTime : 214
PrivateFrameworks/CoreUI : 482
PrivateFrameworks/CoreUtils : 520.52
PrivateFrameworks/CoreWLANKit : 1331
PrivateFrameworks/CoreWiFi : 1331
PrivateFrameworks/DFRDisplay : 111
PrivateFrameworks/DFRFoundation : 176
PrivateFrameworks/DTXConnectionServices : 63103
PrivateFrameworks/DataDetectors : 371
PrivateFrameworks/DataDetectorsCore : 585
PrivateFrameworks/DataDetectorsNaturalLanguage : 144
PrivateFrameworks/DirectoryEditor : 43
PrivateFrameworks/DiskManagement : 1289
PrivateFrameworks/EAFirmwareUpdater : 1
PrivateFrameworks/EasyConfig : 520.52
PrivateFrameworks/Email : 3439
PrivateFrameworks/EmailAddressing : 3439
PrivateFrameworks/EmailCore : 3439
PrivateFrameworks/Espresso : 52
PrivateFrameworks/FileProvider : 95
PrivateFrameworks/FlightUtilities : 111
PrivateFrameworks/GPUSupport : 15.0.42
PrivateFrameworks/GameCenter : 544
PrivateFrameworks/GameCenterFoundation : 544
PrivateFrameworks/GameCenterPrivateUIMac : 544
PrivateFrameworks/GameCenterUI : 544
PrivateFrameworks/GameKitServices : 996
PrivateFrameworks/GenerationalStorage : 280
PrivateFrameworks/GeoServices : 1332.20.6.28.2
PrivateFrameworks/HDRProcessing : 1.0.37
PrivateFrameworks/HelpData : 150
PrivateFrameworks/IASUtilities : 435
PrivateFrameworks/IMAP : 3439
PrivateFrameworks/IOAccelerator : 367
PrivateFrameworks/IconServices : 93
PrivateFrameworks/IntlPreferences : 225
PrivateFrameworks/LanguageModeling : 155
PrivateFrameworks/Lexicon : 29
PrivateFrameworks/LinguisticData : 233
PrivateFrameworks/LinkPresentation : 57
PrivateFrameworks/LocalAuthenticationUI : 418
PrivateFrameworks/LoggingSupport : 815.0.0.1.1
PrivateFrameworks/Lookup : 234
PrivateFrameworks/MMCS : 423
PrivateFrameworks/MTLCompiler : 120.11
PrivateFrameworks/Mail : 3439
PrivateFrameworks/MailCore : 3439
PrivateFrameworks/MailService : 3439
PrivateFrameworks/MailSupport : 3439
PrivateFrameworks/MailUI : 3439
PrivateFrameworks/ManagedClient : 1032
PrivateFrameworks/MarkupUI : 222
PrivateFrameworks/MediaControlSender : 351.23.3
PrivateFrameworks/MediaKit : 863
PrivateFrameworks/MobileAsset : 435
PrivateFrameworks/MobileAssetUpdater : 1
PrivateFrameworks/MobileDevice : 984
PrivateFrameworks/Montreal : 41
PrivateFrameworks/MultitouchSupport : 436
PrivateFrameworks/MultiverseSupport : 23
PrivateFrameworks/NLP : 118
PrivateFrameworks/NearField : 280.55
PrivateFrameworks/NeutrinoCore : 3201.5.240
PrivateFrameworks/NeutrinoKit : 3201.5.240
PrivateFrameworks/Notes : 845
PrivateFrameworks/NotesShared : 845
PrivateFrameworks/NotesUI : 845
PrivateFrameworks/OSInstaller : 904.1
PrivateFrameworks/OpenDirectoryConfigUI : 86
PrivateFrameworks/PASampling : 178
PrivateFrameworks/PIP : 81
PrivateFrameworks/PackageKit : 720
PrivateFrameworks/ParsecUI : 1168.1
PrivateFrameworks/PerformanceAnalysis : 178
PrivateFrameworks/PhotoAnalysis : 3201.8.200
PrivateFrameworks/PhotoImaging : 3201.5.240
PrivateFrameworks/PhotoLibrary : 3201.9.120
PrivateFrameworks/PhotoLibraryPrivate : 3201.9.120
PrivateFrameworks/PhotosPlayer : 3201.4.130
PrivateFrameworks/PhotosUICore : 3201.8.190
PrivateFrameworks/PlacesKit : 3201.8.190
PrivateFrameworks/PrintingPrivate : 180
PrivateFrameworks/ProofReader : 427
PrivateFrameworks/RTCReporting : 9.27
PrivateFrameworks/Rapport : 110.1
PrivateFrameworks/RapportUI : 110.1
PrivateFrameworks/RemoteServiceDiscovery : 1194
PrivateFrameworks/RemoteXPC : 1194
PrivateFrameworks/ResponseKit : 106
PrivateFrameworks/Restore : 427
PrivateFrameworks/Safari : 13604.1.28.2
PrivateFrameworks/SafariCore : 13604.1.28.2
PrivateFrameworks/SafariSafeBrowsing : 13604.1.28.2
PrivateFrameworks/SafariShared : 13604.1.28.2
PrivateFrameworks/ScreenReader : 541
PrivateFrameworks/SearchFoundation : 170
PrivateFrameworks/SecCodeWrapper : 358
PrivateFrameworks/Sharing : 886
PrivateFrameworks/SiriFoundation : 139
PrivateFrameworks/SiriTTS : 123
PrivateFrameworks/SiriUI : 139
PrivateFrameworks/Slideshows : 1556.27
PrivateFrameworks/SoftwareUpdate : 1065
PrivateFrameworks/SpeechObjects : 7.0.13
PrivateFrameworks/SpeechRecognitionCore : 4.0.13
PrivateFrameworks/Spotlight : 1168.1
PrivateFrameworks/SpotlightIndex : 1168.1
PrivateFrameworks/SpotlightServerKit : 1168.1
PrivateFrameworks/SpotlightServices : 1168.1
PrivateFrameworks/StorageKit : 366
PrivateFrameworks/StoreFoundation : 646
PrivateFrameworks/StoreJavaScript : 646
PrivateFrameworks/StoreUI : 646
PrivateFrameworks/StoreXPCServices : 646
PrivateFrameworks/Suggestions : 209
PrivateFrameworks/Symbolication : 63071.1
PrivateFrameworks/SymptomDiagnosticManagement : 808
PrivateFrameworks/SymptomDiagnosticReporter : 808
PrivateFrameworks/SymptomReporter : 808
PrivateFrameworks/Symptoms : 808
PrivateFrameworks/SyncedDefaults : 272
PrivateFrameworks/SystemMigration : 1134
PrivateFrameworks/TimeSync : 600.13
PrivateFrameworks/Tourist : 1.0.38
PrivateFrameworks/UIFoundation : 534
PrivateFrameworks/UniversalAccess : 351
PrivateFrameworks/UserActivity : 92.2
PrivateFrameworks/VectorKit : 1329.20.6.28.1
PrivateFrameworks/VideoProcessing : 645
PrivateFrameworks/VideoSubscriberAccount : 196
PrivateFrameworks/ViewBridge : 332
PrivateFrameworks/WebDriver : 13604.1.28.2
PrivateFrameworks/WebInspector : 13604.1.28.2
PrivateFrameworks/WebInspectorUI : 13604.1.28.2
PrivateFrameworks/WiFiVelocity : 106
PrivateFrameworks/WirelessDiagnostics : 917
PrivateFrameworks/iLifeMediaBrowser : 750
PrivateFrameworks/iTunesAccess : 12.7.0
PrivateFrameworks/ktrace : 210
PrivateFrameworks/vCard : 2318
CoreServices/AddPrinter : 555
CoreServices/AddressBookUrlForwarder : 1794
CoreServices/AirPlayUIAgent : 351.23.3
CoreServices/Automator Runner : 442
CoreServices/Bluetooth Setup Assistant : 6.0.0d51
CoreServices/BluetoothUIServer : 6.0.0d51
CoreServices/ControlStrip : 161
CoreServices/CoreServicesUIAgent : 179
CoreServices/Dock : 1828
CoreServices/Dwell Control : 181
CoreServices/HelpViewer : 324
CoreServices/Install in Progress : 720
CoreServices/Installer Progress : 435
CoreServices/Installer : 918
CoreServices/ManagedClient : 1032
CoreServices/NotificationCenter : 627
CoreServices/OBEXAgent : 6.0.0d51
CoreServices/PIPAgent : 81
CoreServices/Paired Devices : 110.1
CoreServices/Photo Library Migration Utility : 2001.20.100
CoreServices/RapportUIAgent : 110.1
CoreServices/Setup Assistant : 1954.1
CoreServices/Siri : 139
CoreServices/Software Update : 1065
CoreServices/Spotlight : 1168.1
CoreServices/SystemUIServer : 462
CoreServices/UniversalAccessControl : 351
CoreServices/VoiceOver : 541
CoreServices/WiFiAgent : 1331
CoreServices/cloudphotosd : 3201.9.120
CoreServices/loginwindow : 1778
CoreServices/screencapturetb : 130
Applications/Network Utility : 114
Applications/Screen Sharing : 495.21.1
