Applications/Bartender 3 : 300
Applications/Battle.net : 1.9.0 (9397)
Applications/GitHub Desktop : 1.0.3
Applications/Google Chrome Canary : 3235.0
Applications/Google Chrome : 3163.100
Applications/Keynote : 5046
Applications/Mail : 3445.4.2
Applications/Maps : 2125.21.9.8.1
Applications/Near Lock : 4.0
Applications/Numbers : 5046
Applications/Pages : 5046
Applications/Photos : 3231.11.150
Applications/Safari Technology Preview : 13605.1.8
Applications/Safari : 13604.3.1
Applications/Spotify : 1.0.65.320.gac7a8e02-18
Applications/Xcode : 13247
Applications/iMovie : 310090
Utilities/Boot Camp Assistant : 6067.20.4
Frameworks/AVFoundation : 1334.3
Frameworks/CFNetwork : 889.3
Frameworks/CoreDisplay : 79.8
Frameworks/CoreFoundation : 1445.11
Frameworks/CoreImage : 579.1.2
Frameworks/CoreLocation : 2236.0.6
Frameworks/CoreMedia : 2074.4
Frameworks/CoreTelephony : 5453
Frameworks/ImageIO : 1694.3
Frameworks/JavaScriptCore : 13604.3.1
Frameworks/Kernel : 17.2.0
Frameworks/LocalAuthentication : 425.20.31
Frameworks/MediaToolbox : 2074.4
Frameworks/NotificationCenter : 639.1
Frameworks/OpenGL : 16.2.1
Frameworks/Photos : 3231.11.150
Frameworks/PhotosUI : 3231.11.150
Frameworks/SafariServices : 13604.3.1
Frameworks/Security : 58286.20.12
Frameworks/VideoToolbox : 2074.4
Frameworks/WebKit : 13604.3.1
PrivateFrameworks/AirTrafficHost : 4015.902
PrivateFrameworks/AppContainer : 360.20.1
PrivateFrameworks/AppSandbox : 360.20.1
PrivateFrameworks/CVML : 1.65.0
PrivateFrameworks/CloudPhotoLibrary : 3231.7.230
PrivateFrameworks/CloudPhotoServices : 3231.11.150
PrivateFrameworks/CloudServices : 297.20.1
PrivateFrameworks/CoreADI : 4.13.0
PrivateFrameworks/CoreDAV : 332.1.1
PrivateFrameworks/CoreEmoji : 69.2.4
PrivateFrameworks/CoreFP : 2.13.16
PrivateFrameworks/CoreNLP : 130.1.1
PrivateFrameworks/CoreRoutine : 547.0.2
PrivateFrameworks/DFRDisplay : 112.20.1
PrivateFrameworks/DiskManagement : 1311
PrivateFrameworks/Email : 3445.4.2
PrivateFrameworks/EmailAddressing : 3445.4.2
PrivateFrameworks/EmailCore : 3445.4.2
PrivateFrameworks/ExchangeWebServices : 287.1.1
PrivateFrameworks/GPUSupport : 16.2.1
PrivateFrameworks/GeoServices : 1357.21.9.8.1
PrivateFrameworks/IMAP : 3445.4.2
PrivateFrameworks/IOAccelerator : 374.1
PrivateFrameworks/LanguageModeling : 159.2.1
PrivateFrameworks/Lexicon : 33.2
PrivateFrameworks/LinguisticData : 238.2.1
PrivateFrameworks/LinkPresentation : 59.2
PrivateFrameworks/LocalAuthenticationUI : 425.20.31
PrivateFrameworks/LoggingSupport : 829.20.1
PrivateFrameworks/MMCS : 427
PrivateFrameworks/Mail : 3445.4.2
PrivateFrameworks/MailCore : 3445.4.2
PrivateFrameworks/MailService : 3445.4.2
PrivateFrameworks/MailSupport : 3445.4.2
PrivateFrameworks/MailUI : 3445.4.2
PrivateFrameworks/MobileAsset : 437.20.5
PrivateFrameworks/MobileDevice : 988.1.4.100.1
PrivateFrameworks/MultiverseSupport : 27.20.13
PrivateFrameworks/NeutrinoCore : 3231.7.160
PrivateFrameworks/NeutrinoKit : 3231.7.160
PrivateFrameworks/OSInstaller : 928
PrivateFrameworks/PhotoAnalysis : 3231.9.180
PrivateFrameworks/PhotoImaging : 3231.7.160
PrivateFrameworks/PhotoLibrary : 3231.11.150
PrivateFrameworks/PhotoLibraryPrivate : 3231.11.150
PrivateFrameworks/PhotosPlayer : 3231.5.120
PrivateFrameworks/PhotosUICore : 3231.9.210
PrivateFrameworks/PlacesKit : 3231.9.210
PrivateFrameworks/RemoteServiceDiscovery : 1205.20.29
PrivateFrameworks/RemoteXPC : 1205.20.29
PrivateFrameworks/Safari : 13604.3.1
PrivateFrameworks/SafariCore : 13604.3.1
PrivateFrameworks/SafariSafeBrowsing : 13604.3.1
PrivateFrameworks/SafariShared : 13604.3.1
PrivateFrameworks/SecCodeWrapper : 360.20.1
PrivateFrameworks/Sharing : 931
PrivateFrameworks/SymptomDiagnosticManagement : 820.20.3
PrivateFrameworks/SymptomDiagnosticReporter : 820.20.3
PrivateFrameworks/SymptomReporter : 820.20.3
PrivateFrameworks/Symptoms : 820.20.3
PrivateFrameworks/Tourist : 1.0.47
PrivateFrameworks/UIFoundation : 544
PrivateFrameworks/VectorKit : 1353.21.9.8.1
PrivateFrameworks/VideoSubscriberAccount : 215.4
PrivateFrameworks/WebDriver : 13604.3.1
PrivateFrameworks/WebInspector : 13604.3.1
PrivateFrameworks/WebInspectorUI : 13604.3.1
PrivateFrameworks/ktrace : 218.20.3
CoreServices/ControlStrip : 173
CoreServices/NotificationCenter : 639.1
CoreServices/cloudphotosd : 3231.11.150
CoreServices/loginwindow : 1791.1
