Applications/App Store : 654.8
Applications/Automator : 444.4
Applications/Bartender 3 : 318
Applications/Battle.net : 1.9.2 (9602)
Applications/Brightness Menulet : 1.1
Applications/Calendar : 2195.2.1
Applications/Contacts : 1808.6
Applications/Cyberduck : 26659
Applications/DVD Player : 5500.71
Applications/Dashboard : 29.3
Applications/Flume : 2.8.2
Applications/Font Book : 313
Applications/GitHub Desktop : 1.0.8
Applications/Google Chrome Canary : 3273.0
Applications/Google Chrome : 3202.94
Applications/HSTracker : 1809
Applications/Hex Fiend : 170719
Applications/IINA : 47
Applications/Keka : 1786
Applications/Keynote : 5249
Applications/Launchpad : 29.2
Applications/Mail : 3445.5.20
Applications/Maps : 2127.22.9.1.27
Applications/Messenger : 0.1.13.1491443794
Applications/Mission Control : 29.3
Applications/Notes : 868
Applications/Numbers : 5249
Applications/Pages : 5249
Applications/PhotoScapeX : 263
Applications/Photos : 3251.12.180
Applications/Plex Media Server : 1.9.4.4325
Applications/Preview : 944.4
Applications/QuickTime Player : 928.5.1
Applications/Reminders : 1457.2.1
Applications/Safari Technology Preview : 13605.1.13.2
Applications/Safari : 13604.4.7.1.3
Applications/Siri : 29.3
Applications/SpacesRenamer : 1
Applications/Spotify : 1.0.67.582.g19436fa3-17
Applications/Sublime Text : 3143
Applications/Time Machine : 29.3
Applications/Xcode : 13249
Applications/coconutBattery : 3.6.4
Applications/iBooks : 1458
Applications/iMovie : 311956
Applications/iTerm : 3.1.5
Applications/iTunes : 12.7.1
Applications/stts : 16
Utilities/Bluetooth File Exchange : 6.0.2f2
Utilities/Boot Camp Assistant : 6067.30.2
Utilities/Console : 2.0.49
Utilities/Disk Utility : 1635
Utilities/VoiceOver Utility : 562.13
Frameworks/AVFoundation : 1528.24
Frameworks/AVKit : 440.5.1
Frameworks/AddressBook : 1808.6
Frameworks/AppKit : 1561.20.106
Frameworks/AudioVideoBridging : 625.3
Frameworks/Automator : 444.4
Frameworks/CFNetwork : 893.13.1
Frameworks/CloudKit : 735
Frameworks/ColorSync : 546
Frameworks/Contacts : 2330.3
Frameworks/ContactsUI : 1808.6
Frameworks/CoreData : 849.2
Frameworks/CoreDisplay : 81.7
Frameworks/CoreFoundation : 1450.16
Frameworks/CoreGraphics : 1129.5
Frameworks/CoreImage : 579.2.9
Frameworks/CoreLocation : 2237.0.22
Frameworks/CoreMedia : 2267.40.5
Frameworks/CoreMediaIO : 4993
Frameworks/CoreServices : 822.19
Frameworks/CoreSpotlight : 231.2.2.2
Frameworks/CoreTelephony : 5636
Frameworks/CoreVideo : 279.2
Frameworks/CoreWLAN : 1339
Frameworks/EventKit : 751.2.3
Frameworks/FinderSync : 1054.2.4
Frameworks/Foundation : 1450.16
Frameworks/GameKit : 559.3
Frameworks/IOBluetooth : 6.0.2f2
Frameworks/IOBluetoothUI : 6.0.2f2
Frameworks/IOSurface : 209.2.2
Frameworks/ImageIO : 1713
Frameworks/JavaScriptCore : 13604.4.7.1.3
Frameworks/JavaVM : 15.0.2
Frameworks/Kernel : 17.3.0
Frameworks/LocalAuthentication : 425.30.30
Frameworks/MapKit : 1827.22.9.1.10
Frameworks/MediaToolbox : 2267.40.5
Frameworks/Metal : 124.7
Frameworks/MetalKit : 98.3
Frameworks/MultipeerConnectivity : 150
Frameworks/NotificationCenter : 639.10
Frameworks/OpenCL : 2.8.12
Frameworks/OpenGL : 16.4.2
Frameworks/Photos : 3251.12.180
Frameworks/PhotosUI : 3251.12.180
Frameworks/QuartzCore : 584.8.93
Frameworks/QuickLook : 743.7
Frameworks/SafariServices : 13604.4.7.1.3
Frameworks/SceneKit : 432.3
Frameworks/Security : 58286.31.2
Frameworks/SecurityFoundation : 55185.30.4
Frameworks/SecurityInterface : 55109.30.2
Frameworks/StoreKit : 654.8
Frameworks/VideoToolbox : 2267.40.5
Frameworks/Vision : 1.2.1
Frameworks/WebKit : 13604.4.7.1.3
PrivateFrameworks/AOSAccounts : 89.0.0.8
PrivateFrameworks/AOSAccountsLite : 89.0.0.8
PrivateFrameworks/AOSKit : 264
PrivateFrameworks/AOSUI : 640
PrivateFrameworks/APTransport : 354.57.5
PrivateFrameworks/AVConference : 1020.14
PrivateFrameworks/AVFoundationCF : 274
PrivateFrameworks/AccessibilityBundles : 86.1
PrivateFrameworks/AccountsUI : 62
PrivateFrameworks/AddressBookAutocomplete : 1808.6
PrivateFrameworks/AirPlayReceiver : 354.57.5
PrivateFrameworks/AirPlaySender : 354.57.5
PrivateFrameworks/AirPlaySupport : 354.57.5
PrivateFrameworks/AnnotationKit : 232.2
PrivateFrameworks/AppContainer : 360.30.1
PrivateFrameworks/AppSandbox : 360.30.1
PrivateFrameworks/Apple80211 : 1345
PrivateFrameworks/AppleGVA : 11.3.7
PrivateFrameworks/AppleGVACore : 11.3.7
PrivateFrameworks/AppleScript : 385.1
PrivateFrameworks/AppleVPA : 3.5.2
PrivateFrameworks/AssetCacheServices : 71.1
PrivateFrameworks/AssetCacheServicesExtensions : 71.1
PrivateFrameworks/AssistiveControlSupport : 196.6
PrivateFrameworks/AudioServerApplication : 303.8
PrivateFrameworks/AudioServerDriver : 303.8
PrivateFrameworks/Backup : 1.9.2
PrivateFrameworks/BezelServices : 297
PrivateFrameworks/BookmarkDAV : 130
PrivateFrameworks/CVML : 1.72.0
PrivateFrameworks/CalendarAgent : 399.2.2
PrivateFrameworks/CalendarFoundation : 552.2.3
PrivateFrameworks/CalendarPersistence : 470.2.2
PrivateFrameworks/CalendarUI : 462.2.3
PrivateFrameworks/ChunkingLibrary : 188
PrivateFrameworks/CloudDocs : 572.2
PrivateFrameworks/CloudDocsDaemon : 572.2
PrivateFrameworks/CloudKitDaemon : 735
PrivateFrameworks/CloudPhotoLibrary : 3251.8.230
PrivateFrameworks/CloudPhotoServices : 3251.12.180
PrivateFrameworks/CommerceKit : 654.8
PrivateFrameworks/ConfigProfileHelper : 1062
PrivateFrameworks/ConfigurationProfiles : 1062
PrivateFrameworks/ConsoleKit : 2.0.49
PrivateFrameworks/ContactsAssistantServices : 146.2.3.1
PrivateFrameworks/ContactsPersistence : 2330.3
PrivateFrameworks/CoreADI : 4.14.0
PrivateFrameworks/CoreChineseEngine : 391
PrivateFrameworks/CoreDAV : 332.2.2
PrivateFrameworks/CoreEmoji : 69.3
PrivateFrameworks/CoreLSKD : 9.13.2
PrivateFrameworks/CoreLSKDMSE : 3.16.1
PrivateFrameworks/CoreNLP : 130.4.1
PrivateFrameworks/CoreParsec : 184.2.12
PrivateFrameworks/CoreRoutine : 557.0.1
PrivateFrameworks/CoreServicesInternal : 309.1
PrivateFrameworks/CoreSuggestions : 680.1.5
PrivateFrameworks/CoreSuggestionsInternals : 680.1.5
PrivateFrameworks/CoreThemeDefinition : 338.3
PrivateFrameworks/CoreTime : 224
PrivateFrameworks/CoreUI : 492.2
PrivateFrameworks/CoreUtils : 530.57
PrivateFrameworks/CoreWLANKit : 1339
PrivateFrameworks/CoreWiFi : 1339
PrivateFrameworks/DFRDisplay : 112.30.1
PrivateFrameworks/DFRFoundation : 191.1
PrivateFrameworks/DataDetectors : 376
PrivateFrameworks/DataDetectorsCore : 590.3
PrivateFrameworks/DesktopServicesPriv : 1.12.2
PrivateFrameworks/DiskImages : 480.30.2
PrivateFrameworks/DiskManagement : 1339
PrivateFrameworks/EasyConfig : 530.57
PrivateFrameworks/Email : 3445.5.20
PrivateFrameworks/EmailAddressing : 3445.5.20
PrivateFrameworks/EmailCore : 3445.5.20
PrivateFrameworks/EmbeddedOSInstall : 103
PrivateFrameworks/Espresso : 66.11
PrivateFrameworks/FileProvider : 124.1
PrivateFrameworks/FindMyMac : 55.9.2
PrivateFrameworks/FinderKit : 1.6.2
PrivateFrameworks/FlightUtilities : 115.4
PrivateFrameworks/GPUSupport : 16.4.2
PrivateFrameworks/GameCenter : 559.3
PrivateFrameworks/GameCenterFoundation : 559.3
PrivateFrameworks/GameCenterPrivateUIMac : 559.3
PrivateFrameworks/GameCenterUI : 559.3
PrivateFrameworks/GameKitServices : 1020.14
PrivateFrameworks/GenerationalStorage : 285
PrivateFrameworks/GeoServices : 1359.22.9.1.19
PrivateFrameworks/HelpData : 158
PrivateFrameworks/IASUtilities : 445
PrivateFrameworks/IMAP : 3445.5.20
PrivateFrameworks/IOAccelerator : 376.6
PrivateFrameworks/IconServices : 97.4
PrivateFrameworks/LanguageModeling : 159.3.1
PrivateFrameworks/LinguisticData : 238.3
PrivateFrameworks/LinkPresentation : 59.5
PrivateFrameworks/LocalAuthenticationUI : 425.30.30
PrivateFrameworks/LoggingSupport : 829.30.14
PrivateFrameworks/Lookup : 239
PrivateFrameworks/MMCS : 432
PrivateFrameworks/MTLCompiler : 124.7
PrivateFrameworks/Mail : 3445.5.20
PrivateFrameworks/MailCore : 3445.5.20
PrivateFrameworks/MailService : 3445.5.20
PrivateFrameworks/MailSupport : 3445.5.20
PrivateFrameworks/MailUI : 3445.5.20
PrivateFrameworks/ManagedClient : 1062
PrivateFrameworks/MarkupUI : 232.2
PrivateFrameworks/MediaControlSender : 354.57.5
PrivateFrameworks/MediaKit : 871
PrivateFrameworks/MobileAsset : 437.30.17
PrivateFrameworks/MobileDevice : 988.1.4.100.2
PrivateFrameworks/MultitouchSupport : 1204.13
PrivateFrameworks/MultiverseSupport : 27.30.7
PrivateFrameworks/NLP : 122.3
PrivateFrameworks/NearField : 282.2
PrivateFrameworks/NeutrinoCore : 3251.8.110
PrivateFrameworks/NeutrinoKit : 3251.8.110
PrivateFrameworks/Notes : 868
PrivateFrameworks/NotesShared : 868
PrivateFrameworks/NotesUI : 868
PrivateFrameworks/OSInstaller : 955.7
PrivateFrameworks/OfficeImport : 257.2
PrivateFrameworks/PASampling : 183.1
PrivateFrameworks/PIP : 83.1
PrivateFrameworks/PackageKit : 727.1
PrivateFrameworks/ParsecUI : 1191.2.6
PrivateFrameworks/PerformanceAnalysis : 183.1
PrivateFrameworks/PhotoAnalysis : 3251.10.140
PrivateFrameworks/PhotoImaging : 3251.8.110
PrivateFrameworks/PhotoLibrary : 3251.12.180
PrivateFrameworks/PhotoLibraryPrivate : 3251.12.180
PrivateFrameworks/PhotosUICore : 3251.10.200
PrivateFrameworks/PlacesKit : 3251.10.200
PrivateFrameworks/PrintingPrivate : 180.1
PrivateFrameworks/ProactiveEventTracker : 123.3
PrivateFrameworks/ProactiveML : 123.3
PrivateFrameworks/ProactiveSupport : 123.3
PrivateFrameworks/ProactiveSupportStubs : 123.3
PrivateFrameworks/ProofReader : 430.1
PrivateFrameworks/RTCReporting : 9.32.35.1
PrivateFrameworks/Rapport : 120.48
PrivateFrameworks/RapportUI : 120.48
PrivateFrameworks/RemoteServiceDiscovery : 1205.30.29
PrivateFrameworks/RemoteXPC : 1205.30.29
PrivateFrameworks/Restore : 451
PrivateFrameworks/Safari : 13604.4.7.1.3
PrivateFrameworks/SafariCore : 13604.4.7.1.3
PrivateFrameworks/SafariSafeBrowsing : 13604.4.7.1.3
PrivateFrameworks/SafariShared : 13604.4.7.1.3
PrivateFrameworks/ScreenReader : 562.13
PrivateFrameworks/SearchFoundation : 184.2.12
PrivateFrameworks/SecCodeWrapper : 360.30.1
PrivateFrameworks/Sharing : 972.6
PrivateFrameworks/SiriFoundation : 146.2.3.1
PrivateFrameworks/SiriTTS : 139
PrivateFrameworks/SiriUI : 146.2.3.1
PrivateFrameworks/SoftwareUpdate : 1076.10
PrivateFrameworks/SpeechDictionary : 7.1.1
PrivateFrameworks/SpeechObjects : 7.3.1
PrivateFrameworks/Spotlight : 1191.2.6
PrivateFrameworks/SpotlightIndex : 1191.2.6
PrivateFrameworks/SpotlightServerKit : 1191.2.6
PrivateFrameworks/SpotlightServices : 1191.2.6
PrivateFrameworks/StorageKit : 470.2
PrivateFrameworks/StoreFoundation : 654.8
PrivateFrameworks/StoreJavaScript : 654.8
PrivateFrameworks/StoreUI : 654.8
PrivateFrameworks/StoreXPCServices : 654.8
PrivateFrameworks/SymptomDiagnosticManagement : 820.30.7
PrivateFrameworks/SymptomDiagnosticReporter : 820.30.7
PrivateFrameworks/SymptomReporter : 820.30.7
PrivateFrameworks/Symptoms : 820.30.7
PrivateFrameworks/SystemMigration : 1146.7
PrivateFrameworks/TextureIO : 3.7
PrivateFrameworks/TimeSync : 650.5
PrivateFrameworks/Tourist : 1.0.49
PrivateFrameworks/UIFoundation : 546.1
PrivateFrameworks/UniversalAccess : 361.4
PrivateFrameworks/UserActivity : 98.2
PrivateFrameworks/VectorKit : 1355.22.9.1.12
PrivateFrameworks/VideoProcessing : 662
PrivateFrameworks/VideoSubscriberAccount : 238
PrivateFrameworks/ViewBridge : 343.2
PrivateFrameworks/VisualPairing : 100.18
PrivateFrameworks/WeatherKit : 153.2.2
PrivateFrameworks/WebDriver : 13604.4.7.1.3
PrivateFrameworks/WebInspector : 13604.4.7.1.3
PrivateFrameworks/WebInspectorUI : 13604.4.7.1.3
PrivateFrameworks/iTunesAccess : 12.7.1
PrivateFrameworks/ktrace : 218.30.6
PrivateFrameworks/vCard : 2330.3
CoreServices/AddressBookUrlForwarder : 1808.6
CoreServices/AirPlayUIAgent : 354.57.5
CoreServices/Automator Runner : 444.4
CoreServices/Bluetooth Setup Assistant : 6.0.2f2
CoreServices/BluetoothUIServer : 6.0.2f2
CoreServices/ControlStrip : 175
CoreServices/DiskImageMounter : 480.30.2
CoreServices/Dock : 1849.10
CoreServices/Dwell Control : 196.6
CoreServices/Finder : 10.13.2
CoreServices/HelpViewer : 336
CoreServices/Install in Progress : 727.1
CoreServices/Installer Progress : 445
CoreServices/Keychain Circle Notification : 58286.31.2
CoreServices/Language Chooser : 551
CoreServices/ManagedClient : 1062
CoreServices/NotificationCenter : 639.10
CoreServices/OBEXAgent : 6.0.2f2
CoreServices/PIPAgent : 83.1
CoreServices/Paired Devices : 120.48
CoreServices/RapportUIAgent : 120.48
CoreServices/Setup Assistant : 1977.4
CoreServices/Siri : 146.2.3.1
CoreServices/Software Update : 1076.10
CoreServices/Spotlight : 1191.2.6
CoreServices/UniversalAccessControl : 361.4
CoreServices/VoiceOver : 562.13
CoreServices/WiFiAgent : 1345
CoreServices/cloudphotosd : 3251.12.180
CoreServices/loginwindow : 1791.2.6
CoreServices/rcd : 352
CoreServices/screencapturetb : 133.1
Applications/Feedback Assistant : 330
Applications/Screen Sharing : 497.3
Applications/System Image Utility : 821
