Applications/AppCode : OC-172.4343.31
Applications/GitHub Desktop : 1.0.9
Applications/Google Chrome Canary : 3282.0
Applications/MonitorControl.OSX : 1
Applications/Photos : 3251.12.190
Applications/Spotify : 1.0.68.407.g6864aaaf-36
Frameworks/AudioVideoBridging : 625.5
Frameworks/Photos : 3251.12.190
Frameworks/PhotosUI : 3251.12.190
Frameworks/QuartzCore : 584.8.94
PrivateFrameworks/CloudPhotoServices : 3251.12.190
PrivateFrameworks/PhotoLibrary : 3251.12.190
PrivateFrameworks/PhotoLibraryPrivate : 3251.12.190
PrivateFrameworks/UIFoundation : 546.1.1
CoreServices/cloudphotosd : 3251.12.190
Applications/Google Chrome Canary : 3289.0
Applications/Safari Technology Preview : 13605.1.15.2
Applications/Spotify : 1.0.69.336.g7edcc575-39
Applications/iTunes : 12.7.2
PrivateFrameworks/CoreFP : 2.13.19
PrivateFrameworks/MobileDevice : 988.1.4.100.5
PrivateFrameworks/iTunesAccess : 12.7.2
