Applications/App Store : 656.16
Applications/Automator : 444.7
Applications/Battle.net : 1.10.2 (9855)
Applications/BetterTouchTool : 719
Applications/Books : 1528
Applications/Calendar : 2195.4.3
Applications/Font Book : 314.1
Applications/Google Chrome Canary : 3354.0
Applications/Impactor : 1518751230
Applications/Mail : 3445.6.11
Applications/Maps : 2131.24.8.15.67
Applications/Notes : 876.1
Applications/Photos : 3271.13.100
Applications/Safari Technology Preview : 13606.1.5
Applications/Safari : 13605.1.27.2.1
Applications/Spotify : 1.0.74.380.g1fcff12a-37
Applications/cheatengine-i386 : 1
Applications/stts : 18
Applications/tutorial-i386 : 1
Utilities/Bluetooth File Exchange : 6.0.5d5
Frameworks/AVFoundation : 1535.32
Frameworks/AVKit : 440.10
Frameworks/AppKit : 1561.40.106
Frameworks/Automator : 444.7
Frameworks/CFNetwork : 897.12
Frameworks/CloudKit : 736.14
Frameworks/CoreDisplay : 97.10
Frameworks/CoreFoundation : 1452.22
Frameworks/CoreGraphics : 1161.9
Frameworks/CoreImage : 579.4.10
Frameworks/CoreLocation : 2245.0.37
Frameworks/CoreMedia : 2275.46
Frameworks/CoreMediaIO : 4994
Frameworks/CoreSpotlight : 231.4.6
Frameworks/CoreVideo : 0.0
Frameworks/EventKit : 751.4.4
Frameworks/FinderSync : 1054.5.4
Frameworks/Foundation : 1452.22
Frameworks/GameKit : 563.14
Frameworks/IOBluetooth : 6.0.5d5
Frameworks/IOBluetoothUI : 6.0.5d5
Frameworks/ImageIO : 1736
Frameworks/JavaScriptCore : 13605.1.27.2.1
Frameworks/LocalAuthentication : 425.50.68
Frameworks/MapKit : 1832.24.8.26.4
Frameworks/MediaToolbox : 2275.46
Frameworks/Metal : 125.21
Frameworks/OpenGL : 16.5.9
Frameworks/Photos : 3271.13.100
Frameworks/PhotosUI : 3271.13.100
Frameworks/QTKit : 3014.7
Frameworks/QuartzCore : 584.34
Frameworks/QuickLook : 743.12
Frameworks/QuickTime : 3014.7
Frameworks/SafariServices : 13605.1.27.2.1
Frameworks/Security : 58286.50.211.101.3
Frameworks/SecurityFoundation : 55185.50.5
Frameworks/StoreKit : 656.16
Frameworks/VideoToolbox : 2275.46
Frameworks/WebKit : 13605.1.27.2.1
PrivateFrameworks/AOSAccounts : 89.1.0.7
PrivateFrameworks/AOSAccountsLite : 89.1.0.7
PrivateFrameworks/AOSUI : 648.0.0.2
PrivateFrameworks/APTransport : 365.44
PrivateFrameworks/AVConference : 1020.31
PrivateFrameworks/AVFoundationCF : 274.52
PrivateFrameworks/AccessibilityBundles : 86.3
PrivateFrameworks/AccountsUI : 63.0.0.2
PrivateFrameworks/AirPlayReceiver : 365.44
PrivateFrameworks/AirPlaySender : 365.44
PrivateFrameworks/AirPlaySupport : 365.44
PrivateFrameworks/AppContainer : 360.50.7
PrivateFrameworks/AppSandbox : 360.50.7
PrivateFrameworks/Apple80211 : 1361.5
PrivateFrameworks/AppleGVA : 11.5.20
PrivateFrameworks/AppleGVACore : 11.5.20
PrivateFrameworks/AssetCacheServices : 82.1
PrivateFrameworks/AssetCacheServicesExtensions : 82.1
PrivateFrameworks/AssistiveControlSupport : 196.8
PrivateFrameworks/BezelServices : 304
PrivateFrameworks/BookKit : 1143
PrivateFrameworks/BridgeOSInstall : 45.1
PrivateFrameworks/BridgeOSInstallReporting : 45.1
PrivateFrameworks/CloudDocs : 575.11
PrivateFrameworks/CloudDocsDaemon : 575.11
PrivateFrameworks/CloudKitDaemon : 736.14
PrivateFrameworks/CloudPhotoLibrary : 3271.9.190
PrivateFrameworks/CloudPhotoServices : 3271.13.100
PrivateFrameworks/CommerceKit : 656.16
PrivateFrameworks/ConfigProfileHelper : 1087
PrivateFrameworks/ConfigurationProfiles : 1087
PrivateFrameworks/ContactsAssistantServices : 146.4.5
PrivateFrameworks/CoreLSKD : 9.17.0
PrivateFrameworks/CoreLSKDMSE : 3.21.0
PrivateFrameworks/CoreParsec : 184.3.12
PrivateFrameworks/CoreRoutine : 558.0.10
PrivateFrameworks/CoreSuggestions : 680.18.6
PrivateFrameworks/CoreSuggestionsInternals : 680.18.6
PrivateFrameworks/CoreTime : 224.5
PrivateFrameworks/CoreUtils : 550.40
PrivateFrameworks/DFRDisplay : 112.50.22
PrivateFrameworks/DFRFoundation : 191.6
PrivateFrameworks/DTXConnectionServices : 64062
PrivateFrameworks/DataDetectorsNaturalLanguage : 145.100
PrivateFrameworks/DeviceManagement : 10.41
PrivateFrameworks/DiskImages : 480.50.8
PrivateFrameworks/DiskManagement : 1425
PrivateFrameworks/EasyConfig : 550.40
PrivateFrameworks/Email : 3445.6.11
PrivateFrameworks/EmailAddressing : 3445.6.11
PrivateFrameworks/EmailCore : 3445.6.11
PrivateFrameworks/Espresso : 66.14
PrivateFrameworks/FileProvider : 125.11
PrivateFrameworks/FlightUtilities : 115.5
PrivateFrameworks/GPUSupport : 16.5.9
PrivateFrameworks/GPUWrangler : 3.18.44
PrivateFrameworks/GameCenter : 563.14
PrivateFrameworks/GameCenterFoundation : 563.14
PrivateFrameworks/GameCenterPrivateUIMac : 563.14
PrivateFrameworks/GameCenterUI : 563.14
PrivateFrameworks/GameKitServices : 1020.31
PrivateFrameworks/GeoServices : 1364.24.8.24.5
PrivateFrameworks/HelpData : 167
PrivateFrameworks/IASUtilities : 454.4
PrivateFrameworks/IMAP : 3445.6.11
PrivateFrameworks/IOAccelerator : 378.15
PrivateFrameworks/IntlPreferences : 227.5.2
PrivateFrameworks/LinkPresentation : 59.16
PrivateFrameworks/LocalAuthenticationUI : 425.50.68
PrivateFrameworks/LoggingSupport : 829.50.16
PrivateFrameworks/Lookup : 239.1
PrivateFrameworks/MTLCompiler : 125.21
PrivateFrameworks/Mail : 3445.6.11
PrivateFrameworks/MailCore : 3445.6.11
PrivateFrameworks/MailService : 3445.6.11
PrivateFrameworks/MailSupport : 3445.6.11
PrivateFrameworks/MailUI : 3445.6.11
PrivateFrameworks/ManagedClient : 1087
PrivateFrameworks/MediaControlSender : 365.44
PrivateFrameworks/MobileAsset : 437.50.36
PrivateFrameworks/MultitouchSupport : 1404.4
PrivateFrameworks/MultiverseSupport : 27.50.14
PrivateFrameworks/NearField : 284.19
PrivateFrameworks/NeutrinoCore : 3271.8.140
PrivateFrameworks/NeutrinoKit : 3271.8.140
PrivateFrameworks/Notes : 876.1
PrivateFrameworks/NotesShared : 876.1
PrivateFrameworks/NotesUI : 876.1
PrivateFrameworks/OSInstaller : 1004.23
PrivateFrameworks/PASampling : 194
PrivateFrameworks/PackageKit : 731
PrivateFrameworks/ParsecUI : 1191.4.9
PrivateFrameworks/PerformanceAnalysis : 194
PrivateFrameworks/PhotoAnalysis : 3271.10.200
PrivateFrameworks/PhotoImaging : 3271.8.140
PrivateFrameworks/PhotoLibrary : 3271.13.100
PrivateFrameworks/PhotoLibraryPrivate : 3271.13.100
PrivateFrameworks/PhotosUICore : 3271.11.160
PrivateFrameworks/PlacesKit : 3271.11.160
PrivateFrameworks/ProactiveEventTracker : 126.6.4
PrivateFrameworks/ProactiveML : 126.6.4
PrivateFrameworks/ProactiveSupport : 126.6.4
PrivateFrameworks/ProactiveSupportStubs : 126.6.4
PrivateFrameworks/RTCReporting : 9.32.64
PrivateFrameworks/Rapport : 140.30
PrivateFrameworks/RapportUI : 140.30
PrivateFrameworks/RemoteServiceDiscovery : 1205.50.68
PrivateFrameworks/RemoteXPC : 1205.50.68
PrivateFrameworks/Restore : 475
PrivateFrameworks/Safari : 13605.1.27.2.1
PrivateFrameworks/SafariCore : 13605.1.27.2.1
PrivateFrameworks/SafariSafeBrowsing : 13605.1.27.2.1
PrivateFrameworks/SafariShared : 13605.1.27.2.1
PrivateFrameworks/SafeEjectGPU : 14
PrivateFrameworks/SearchFoundation : 184.3.12
PrivateFrameworks/SecCodeWrapper : 360.50.7
PrivateFrameworks/ShareKit : 559.2
PrivateFrameworks/Sharing : 1019.33
PrivateFrameworks/SignpostCollection : 2
PrivateFrameworks/SignpostNotification : 2
PrivateFrameworks/SignpostSupport : 2
PrivateFrameworks/SiriFoundation : 146.4.5
PrivateFrameworks/SiriTTS : 144
PrivateFrameworks/SiriUI : 146.4.5
PrivateFrameworks/SoftwareUpdate : 1091.3
PrivateFrameworks/Spotlight : 1191.4.9
PrivateFrameworks/SpotlightIndex : 1191.4.9
PrivateFrameworks/SpotlightServerKit : 1191.4.9
PrivateFrameworks/SpotlightServices : 1191.4.9
PrivateFrameworks/StorageKit : 470.14
PrivateFrameworks/StoreFoundation : 656.16
PrivateFrameworks/StoreJavaScript : 656.16
PrivateFrameworks/StoreUI : 656.16
PrivateFrameworks/StoreXPCServices : 656.16
PrivateFrameworks/Symbolication : 64031
PrivateFrameworks/SystemMigration : 1164
PrivateFrameworks/TimeSync : 675.9
PrivateFrameworks/UIFoundation : 547.1
PrivateFrameworks/UniversalAccess : 361.11
PrivateFrameworks/UserActivity : 98.9
PrivateFrameworks/VectorKit : 1360.24.9.13.2
PrivateFrameworks/VideoProcessing : 678
PrivateFrameworks/VideoSubscriberAccount : 259
PrivateFrameworks/WebDriver : 13605.1.27.2.1
PrivateFrameworks/WebInspector : 13605.1.27.2.1
PrivateFrameworks/WebInspectorUI : 13605.1.27.2.1
PrivateFrameworks/ktrace : 218.50.33
CoreServices/AddPrinter : 555.1
CoreServices/AirPlayUIAgent : 365.44
CoreServices/Automator Runner : 444.7
CoreServices/Bluetooth Setup Assistant : 6.0.5d5
CoreServices/BluetoothUIServer : 6.0.5d5
CoreServices/ControlStrip : 175.2
CoreServices/CoreServicesUIAgent : 180.7
CoreServices/DiskImageMounter : 480.50.8
CoreServices/Dock : 1849.13
CoreServices/Dwell Control : 196.8
CoreServices/Install in Progress : 731
CoreServices/Installer Progress : 454.4
CoreServices/Keychain Circle Notification : 58286.50.211.101.3
CoreServices/ManagedClient : 1087
CoreServices/OBEXAgent : 6.0.5d5
CoreServices/Paired Devices : 140.30
CoreServices/Photo Library Migration Utility : 2071.20.120
CoreServices/RapportUIAgent : 140.30
CoreServices/Setup Assistant : 2001
CoreServices/Siri : 146.4.5
CoreServices/Software Update : 1091.3
CoreServices/Spotlight : 1191.4.9
CoreServices/UniversalAccessControl : 361.11
CoreServices/WiFiAgent : 1361.5
CoreServices/cloudphotosd : 3271.13.100
Applications/System Image Utility : 829
