Applications/App Store : 656.19
Applications/Battle.net : 1.11.0 (9888)
Applications/Cyberduck : 27633
Applications/GitHub Desktop : 1.1.0
Applications/Google Chrome Canary : 3365.0
Applications/Google Chrome : 3325.146
Applications/Mail : 3445.6.15
Applications/Maps : 2131.24.8.15.75
Applications/Photos : 3271.13.140
Applications/ReiBoot : 7.0.0.0
Applications/Safari Technology Preview : 13606.1.6
Applications/Safari : 13605.1.32
Applications/Spotify : 1.0.75.483.g7ff4a0dc-42
Applications/iBooks : 1458.12
Applications/stts : 19
Applications/uBar : 405
Utilities/Bluetooth File Exchange : 6.0.5f3
Utilities/Disk Utility : 1645
Utilities/VoiceOver Utility : 562.18.2
Frameworks/AVFoundation : 1535.41
Frameworks/AppKit : 1561.40.108
Frameworks/AudioVideoBridging : 675.6
Frameworks/CFNetwork : 897.15
Frameworks/CloudKit : 736.16
Frameworks/CoreDisplay : 97.15
Frameworks/CoreFoundation : 1452.23
Frameworks/CoreGraphics : 1161.10
Frameworks/CoreImage : 579.4.11
Frameworks/CoreLocation : 2245.0.41
Frameworks/CoreMedia : 2275.56
Frameworks/CoreServices : 822.30
Frameworks/CoreSpotlight : 231.4.7
Frameworks/CoreTelephony : 5781
Frameworks/CoreWLAN : 1350.1
Frameworks/Foundation : 1452.23
Frameworks/GameKit : 563.15
Frameworks/IOBluetooth : 6.0.5f3
Frameworks/IOBluetoothUI : 6.0.5f3
Frameworks/ImageIO : 1739.1
Frameworks/JavaScriptCore : 13605.1.32
Frameworks/MapKit : 1831.24.8.15.45
Frameworks/MediaToolbox : 2275.56
Frameworks/Metal : 125.25
Frameworks/OpenGL : 16.5.10
Frameworks/Photos : 3271.13.140
Frameworks/PhotosUI : 3271.13.140
Frameworks/QTKit : 3014.8
Frameworks/QuartzCore : 584.39
Frameworks/QuickTime : 3014.8
Frameworks/SafariServices : 13605.1.32
Frameworks/SceneKit : 433.6
Frameworks/Security : 58286.50.233.100.3
Frameworks/StoreKit : 656.19
Frameworks/VideoToolbox : 2275.56
Frameworks/WebKit : 13605.1.32
PrivateFrameworks/AOSKit : 266
PrivateFrameworks/APTransport : 365.52
PrivateFrameworks/AVFoundationCF : 274.53
PrivateFrameworks/AirPlayReceiver : 365.52
PrivateFrameworks/AirPlaySender : 365.52
PrivateFrameworks/AirPlaySupport : 365.52
PrivateFrameworks/AmbientDisplay : 121
PrivateFrameworks/Apple80211 : 1361.7
PrivateFrameworks/AppleGVA : 11.5.24
PrivateFrameworks/AppleGVACore : 11.5.24
PrivateFrameworks/AssistiveControlSupport : 196.9.1
PrivateFrameworks/BezelServices : 305
PrivateFrameworks/BookKit : 1126.10
PrivateFrameworks/CloudDocs : 575.14
PrivateFrameworks/CloudDocsDaemon : 575.14
PrivateFrameworks/CloudKitDaemon : 736.16
PrivateFrameworks/CloudPhotoLibrary : 3271.9.230
PrivateFrameworks/CloudPhotoServices : 3271.13.140
PrivateFrameworks/CommerceKit : 656.19
PrivateFrameworks/ConfigProfileHelper : 1089
PrivateFrameworks/ConfigurationProfiles : 1089
PrivateFrameworks/CoreAUC : 259.0.0
PrivateFrameworks/CoreNLP : 130.5.4
PrivateFrameworks/CoreSuggestions : 680.18.9
PrivateFrameworks/CoreSuggestionsInternals : 680.18.9
PrivateFrameworks/CoreUtils : 550.44
PrivateFrameworks/CoreWLANKit : 1350.1
PrivateFrameworks/CoreWiFi : 1350.1
PrivateFrameworks/DFRFoundation : 191.7
PrivateFrameworks/DTXConnectionServices : 64064
PrivateFrameworks/DeviceManagement : 10.45
PrivateFrameworks/DiskImages : 480.50.9
PrivateFrameworks/DiskManagement : 1428
PrivateFrameworks/EasyConfig : 550.44
PrivateFrameworks/Email : 3445.6.15
PrivateFrameworks/EmailAddressing : 3445.6.15
PrivateFrameworks/EmailCore : 3445.6.15
PrivateFrameworks/Espresso : 66.15
PrivateFrameworks/FileProvider : 125.14
PrivateFrameworks/FindMyMac : 55.4.0.4
PrivateFrameworks/GPUSupport : 16.5.10
PrivateFrameworks/GPUWrangler : 3.18.48
PrivateFrameworks/GameCenter : 563.15
PrivateFrameworks/GameCenterFoundation : 563.15
PrivateFrameworks/GameCenterPrivateUIMac : 563.15
PrivateFrameworks/GameCenterUI : 563.15
PrivateFrameworks/GeoServices : 1363.24.8.15.57
PrivateFrameworks/HDAInterface : 281.52
PrivateFrameworks/IMAP : 3445.6.15
PrivateFrameworks/IOAccelerator : 378.18
PrivateFrameworks/LanguageModeling : 159.5.3
PrivateFrameworks/LoggingSupport : 829.50.17
PrivateFrameworks/MTLCompiler : 125.25
PrivateFrameworks/Mail : 3445.6.15
PrivateFrameworks/MailCore : 3445.6.15
PrivateFrameworks/MailService : 3445.6.15
PrivateFrameworks/MailSupport : 3445.6.15
PrivateFrameworks/MailUI : 3445.6.15
PrivateFrameworks/ManagedClient : 1089
PrivateFrameworks/MediaControlSender : 365.52
PrivateFrameworks/MediaKit : 873
PrivateFrameworks/MobileAsset : 437.50.37
PrivateFrameworks/OSInstaller : 1004.28
PrivateFrameworks/OSPersonalization : 48.1
PrivateFrameworks/ParsecUI : 1191.4.12
PrivateFrameworks/PhotoAnalysis : 3271.10.210
PrivateFrameworks/PhotoLibrary : 3271.13.140
PrivateFrameworks/PhotoLibraryPrivate : 3271.13.140
PrivateFrameworks/PhotosUICore : 3271.11.180
PrivateFrameworks/PlacesKit : 3271.11.180
PrivateFrameworks/ProactiveEventTracker : 126.6.6
PrivateFrameworks/ProactiveML : 126.6.6
PrivateFrameworks/ProactiveSupport : 126.6.6
PrivateFrameworks/ProactiveSupportStubs : 126.6.6
PrivateFrameworks/Rapport : 140.31
PrivateFrameworks/RapportUI : 140.31
PrivateFrameworks/RemoteServiceDiscovery : 1205.50.75
PrivateFrameworks/RemoteXPC : 1205.50.75
PrivateFrameworks/ResponseKit : 109
PrivateFrameworks/Safari : 13605.1.32
PrivateFrameworks/SafariCore : 13605.1.32
PrivateFrameworks/SafariSafeBrowsing : 13605.1.32
PrivateFrameworks/SafariShared : 13605.1.32
PrivateFrameworks/SafeEjectGPU : 15.3
PrivateFrameworks/ScreenReader : 562.18.2
PrivateFrameworks/Sharing : 1019.44
PrivateFrameworks/SignpostCollection : 2.4
PrivateFrameworks/SignpostNotification : 2.4
PrivateFrameworks/SignpostSupport : 2.4
PrivateFrameworks/SoftwareUpdate : 1091.8
PrivateFrameworks/Spotlight : 1191.4.12
PrivateFrameworks/SpotlightIndex : 1191.4.12
PrivateFrameworks/SpotlightServerKit : 1191.4.12
PrivateFrameworks/SpotlightServices : 1191.4.12
PrivateFrameworks/StorageKit : 470.15
PrivateFrameworks/StoreFoundation : 656.19
PrivateFrameworks/StoreJavaScript : 656.19
PrivateFrameworks/StoreUI : 656.19
PrivateFrameworks/StoreXPCServices : 656.19
PrivateFrameworks/Symbolication : 64033
PrivateFrameworks/SymptomDiagnosticManagement : 820.50.37
PrivateFrameworks/SymptomDiagnosticReporter : 820.50.37
PrivateFrameworks/SymptomReporter : 820.50.37
PrivateFrameworks/Symptoms : 820.50.37
PrivateFrameworks/SystemMigration : 1164.1
PrivateFrameworks/TimeSync : 675.12
PrivateFrameworks/UIFoundation : 547.3
PrivateFrameworks/UniversalAccess : 361.13.5
PrivateFrameworks/VectorKit : 1359.24.8.15.41
PrivateFrameworks/VideoProcessing : 679
PrivateFrameworks/VideoSubscriberAccount : 260
PrivateFrameworks/WebDriver : 13605.1.32
PrivateFrameworks/WebInspector : 13605.1.32
PrivateFrameworks/WebInspectorUI : 13605.1.32
PrivateFrameworks/ktrace : 218.50.34
CoreServices/AirPlayUIAgent : 365.52
CoreServices/Bluetooth Setup Assistant : 6.0.5f3
CoreServices/BluetoothUIServer : 6.0.5f3
CoreServices/CoreServicesUIAgent : 180.7.1
CoreServices/DiskImageMounter : 480.50.9
CoreServices/Dock : 1849.14
CoreServices/Dwell Control : 196.9.1
CoreServices/HelpViewer : 341
CoreServices/Keychain Circle Notification : 58286.50.233.100.3
CoreServices/Language Chooser : 560
CoreServices/ManagedClient : 1089
CoreServices/OBEXAgent : 6.0.5f3
CoreServices/Paired Devices : 140.31
CoreServices/RapportUIAgent : 140.31
CoreServices/Setup Assistant : 2005
CoreServices/Software Update : 1091.8
CoreServices/Spotlight : 1191.4.12
CoreServices/UniversalAccessControl : 361.13.5
CoreServices/VoiceOver : 562.18.2
CoreServices/WiFiAgent : 1361.7
CoreServices/cloudphotosd : 3271.13.140
CoreServices/rcd : 353
