Applications/App Store : 656.20
Applications/Google Chrome Canary : 3370.0
Applications/Google Chrome : 3325.162
Applications/Mail : 3445.6.18
Applications/Maps : 2131.24.8.15.77
Applications/Photos : 3271.13.150
Applications/PopcornTime : 5.6
Applications/Safari : 13605.1.33.1.2
Applications/cDock : 1009
Applications/iBooks : 1458.15
Utilities/Disk Utility : 1646
Utilities/VoiceOver Utility : 562.18.4
Frameworks/AVFoundation : 1535.42
Frameworks/AppKit : 1561.40.110
Frameworks/CoreDisplay : 97.16
Frameworks/CoreMedia : 2275.61.1
Frameworks/CoreServices : 822.31
Frameworks/CoreTelephony : 5782
Frameworks/JavaScriptCore : 13605.1.33.1.2
Frameworks/MediaToolbox : 2275.61.1
Frameworks/Photos : 3271.13.150
Frameworks/PhotosUI : 3271.13.150
Frameworks/QuartzCore : 584.40
Frameworks/QuickLook : 743.13
Frameworks/SafariServices : 13605.1.33.1.2
Frameworks/Security : 58286.51.5
Frameworks/StoreKit : 656.20
Frameworks/VideoToolbox : 2275.61.1
Frameworks/WebKit : 13605.1.33.1.2
PrivateFrameworks/APTransport : 365.53
PrivateFrameworks/AirPlayReceiver : 365.53
PrivateFrameworks/AirPlaySender : 365.53
PrivateFrameworks/AirPlaySupport : 365.53
PrivateFrameworks/AudioServerApplication : 309.7
PrivateFrameworks/AudioServerDriver : 309.7
PrivateFrameworks/CloudPhotoLibrary : 3271.9.240
PrivateFrameworks/CloudPhotoServices : 3271.13.150
PrivateFrameworks/CommerceKit : 656.20
PrivateFrameworks/CoreLSKD : 9.17.1
PrivateFrameworks/DeviceManagement : 10.46
PrivateFrameworks/DiskImages : 480.50.10
PrivateFrameworks/Email : 3445.6.18
PrivateFrameworks/EmailAddressing : 3445.6.18
PrivateFrameworks/EmailCore : 3445.6.18
PrivateFrameworks/FileProvider : 125.15
PrivateFrameworks/GeoServices : 1363.24.8.15.58
PrivateFrameworks/IMAP : 3445.6.18
PrivateFrameworks/Mail : 3445.6.18
PrivateFrameworks/MailCore : 3445.6.18
PrivateFrameworks/MailService : 3445.6.18
PrivateFrameworks/MailSupport : 3445.6.18
PrivateFrameworks/MailUI : 3445.6.18
PrivateFrameworks/MediaControlSender : 365.53
PrivateFrameworks/NeutrinoCore : 3271.8.150
PrivateFrameworks/NeutrinoKit : 3271.8.150
PrivateFrameworks/OSInstaller : 1004.29
PrivateFrameworks/ParsecUI : 1191.4.13
PrivateFrameworks/PhotoImaging : 3271.8.150
PrivateFrameworks/PhotoLibrary : 3271.13.150
PrivateFrameworks/PhotoLibraryPrivate : 3271.13.150
PrivateFrameworks/RemoteServiceDiscovery : 1205.50.76
PrivateFrameworks/RemoteXPC : 1205.50.76
PrivateFrameworks/Safari : 13605.1.33.1.2
PrivateFrameworks/SafariCore : 13605.1.33.1.2
PrivateFrameworks/SafariSafeBrowsing : 13605.1.33.1.2
PrivateFrameworks/SafariShared : 13605.1.33.1.2
PrivateFrameworks/ScreenReader : 562.18.4
PrivateFrameworks/Sharing : 1019.46
PrivateFrameworks/Spotlight : 1191.4.13
PrivateFrameworks/SpotlightIndex : 1191.4.13
PrivateFrameworks/SpotlightServerKit : 1191.4.13
PrivateFrameworks/SpotlightServices : 1191.4.13
PrivateFrameworks/StorageKit : 470.16
PrivateFrameworks/StoreFoundation : 656.20
PrivateFrameworks/StoreJavaScript : 656.20
PrivateFrameworks/StoreUI : 656.20
PrivateFrameworks/StoreXPCServices : 656.20
PrivateFrameworks/UniversalAccess : 361.13.6
PrivateFrameworks/UserActivity : 98.10
PrivateFrameworks/VectorKit : 1359.24.8.15.42
PrivateFrameworks/WebDriver : 13605.1.33.1.2
PrivateFrameworks/WebInspector : 13605.1.33.1.2
PrivateFrameworks/WebInspectorUI : 13605.1.33.1.2
CoreServices/AirPlayUIAgent : 365.53
CoreServices/CoreServicesUIAgent : 180.7.2
CoreServices/DiskImageMounter : 480.50.10
CoreServices/Keychain Circle Notification : 58286.51.5
CoreServices/Setup Assistant : 2006
CoreServices/Spotlight : 1191.4.13
CoreServices/UniversalAccessControl : 361.13.6
CoreServices/VoiceOver : 562.18.4
CoreServices/cloudphotosd : 3271.13.150
