Applications/App Store : 656.14
Applications/Battle.net : 1.10.1 (9801)
Applications/Books : 1517
Applications/Contacts : 1808.7
Applications/GitHub Desktop : 1.0.13
Applications/Google Chrome Canary : 3344.0
Applications/Google Chrome : 3282.167
Applications/Image2Icon : 751
Applications/Mail : 3445.6.10
Applications/Maps : 2131.24.8.15.62
Applications/Photos : 3271.12.230
Applications/Safari Technology Preview : 13606.1.3.3
Applications/Safari : 13605.1.25.1
Applications/Spotify : 1.0.73.345.g6c9971ef-21
Applications/TextEdit : 333
Utilities/AirPort Utility : 638.8
Utilities/Bluetooth File Exchange : 6.0.5d4
Utilities/Boot Camp Assistant : 6067.50.6
Utilities/Disk Utility : 1643
Frameworks/AVFoundation : 1535.25
Frameworks/AddressBook : 1808.7
Frameworks/AppKit : 1561.40.104
Frameworks/AudioVideoBridging : 675.2
Frameworks/CFNetwork : 897.10
Frameworks/CloudKit : 736.12
Frameworks/ContactsUI : 1808.7
Frameworks/CoreDisplay : 97.8
Frameworks/CoreFoundation : 1452.19
Frameworks/CoreImage : 579.4.9
Frameworks/CoreLocation : 2245.0.32
Frameworks/CoreMedia : 2275.37
Frameworks/CoreServices : 822.28
Frameworks/CoreSpotlight : 231.4.4
Frameworks/CoreTelephony : 5778
Frameworks/Foundation : 1452.19
Frameworks/GameKit : 563.11
Frameworks/IOBluetooth : 6.0.5d4
Frameworks/IOBluetoothUI : 6.0.5d4
Frameworks/ImageIO : 1732
Frameworks/JavaScriptCore : 13605.1.25.1
Frameworks/LocalAuthentication : 425.50.66
Frameworks/MapKit : 1831.24.8.15.38
Frameworks/MediaToolbox : 2275.37
Frameworks/Metal : 125.20
Frameworks/OpenCL : 2.8.15
Frameworks/OpenGL : 16.5.8
Frameworks/Photos : 3271.12.230
Frameworks/PhotosUI : 3271.12.230
Frameworks/QuartzCore : 584.28
Frameworks/QuickLook : 743.10
Frameworks/SafariServices : 13605.1.25.1
Frameworks/Security : 58286.50.200.101.1
Frameworks/SecurityFoundation : 55185.50.3
Frameworks/StoreKit : 656.14
Frameworks/VideoToolbox : 2275.37
Frameworks/WebKit : 13605.1.25.1
PrivateFrameworks/AOSUI : 648.0.0.1
PrivateFrameworks/APTransport : 365.35
PrivateFrameworks/AVConference : 1020.26
PrivateFrameworks/AccountsUI : 63.0.0.1
PrivateFrameworks/AddressBookAutocomplete : 1808.7
PrivateFrameworks/AirPlayReceiver : 365.35
PrivateFrameworks/AirPlaySender : 365.35
PrivateFrameworks/AirPlaySupport : 365.35
PrivateFrameworks/Apple80211 : 1361.4
PrivateFrameworks/AppleGVA : 11.5.18
PrivateFrameworks/AppleGVACore : 11.5.18
PrivateFrameworks/AudioServerApplication : 309.6
PrivateFrameworks/AudioServerDriver : 309.6
PrivateFrameworks/BezelServices : 303
PrivateFrameworks/BridgeOSInstall : 45
PrivateFrameworks/BridgeOSInstallReporting : 45
PrivateFrameworks/CallHistory : 823
PrivateFrameworks/CloudDocs : 575.8
PrivateFrameworks/CloudDocsDaemon : 575.8
PrivateFrameworks/CloudKitDaemon : 736.12
PrivateFrameworks/CloudPhotoServices : 3271.12.230
PrivateFrameworks/CloudServices : 297.50.7
PrivateFrameworks/CommerceKit : 656.14
PrivateFrameworks/ConfigProfileHelper : 1082
PrivateFrameworks/ConfigurationProfiles : 1082
PrivateFrameworks/CoreParsec : 184.3.11
PrivateFrameworks/CoreRoutine : 558.0.6
PrivateFrameworks/CoreSymbolication : 64026
PrivateFrameworks/CoreThemeDefinition : 340.1
PrivateFrameworks/CoreTime : 224.3
PrivateFrameworks/CoreUI : 494.1
PrivateFrameworks/CoreUtils : 550.33
PrivateFrameworks/DFRDisplay : 112.50.20
PrivateFrameworks/DFRFoundation : 191.5
PrivateFrameworks/DTXConnectionServices : 64058
PrivateFrameworks/DataDetectors : 376.1
PrivateFrameworks/DeviceManagement : 10.39
PrivateFrameworks/DiskManagement : 1421
PrivateFrameworks/EasyConfig : 550.33
PrivateFrameworks/Email : 3445.6.10
PrivateFrameworks/EmailAddressing : 3445.6.10
PrivateFrameworks/EmailCore : 3445.6.10
PrivateFrameworks/Espresso : 66.12
PrivateFrameworks/FileProvider : 125.8
PrivateFrameworks/FindMyMac : 55.4.0.1
PrivateFrameworks/GPUSupport : 16.5.8
PrivateFrameworks/GPUWrangler : 3.18.40
PrivateFrameworks/GameCenter : 563.11
PrivateFrameworks/GameCenterFoundation : 563.11
PrivateFrameworks/GameCenterPrivateUIMac : 563.11
PrivateFrameworks/GameCenterUI : 563.11
PrivateFrameworks/GameKitServices : 1020.26
PrivateFrameworks/GeoServices : 1363.24.8.15.50
PrivateFrameworks/HDRProcessing : 1.2.4
PrivateFrameworks/IASUtilities : 454
PrivateFrameworks/IMAP : 3445.6.10
PrivateFrameworks/IOAccelerator : 378.14
PrivateFrameworks/LinkPresentation : 59.13
PrivateFrameworks/LocalAuthenticationUI : 425.50.66
PrivateFrameworks/LoggingSupport : 829.50.12
PrivateFrameworks/MTLCompiler : 125.20
PrivateFrameworks/Mail : 3445.6.10
PrivateFrameworks/MailCore : 3445.6.10
PrivateFrameworks/MailService : 3445.6.10
PrivateFrameworks/MailSupport : 3445.6.10
PrivateFrameworks/MailUI : 3445.6.10
PrivateFrameworks/ManagedClient : 1082
PrivateFrameworks/MediaControlSender : 365.35
PrivateFrameworks/MobileAsset : 437.50.31
PrivateFrameworks/MultiverseSupport : 27.50.12
PrivateFrameworks/NearField : 284.17.1
PrivateFrameworks/NeutrinoCore : 3271.8.130
PrivateFrameworks/NeutrinoKit : 3271.8.130
PrivateFrameworks/OSInstaller : 1004.14
PrivateFrameworks/OSPersonalization : 48
PrivateFrameworks/PASampling : 192
PrivateFrameworks/ParsecUI : 1191.4.5
PrivateFrameworks/PerformanceAnalysis : 192
PrivateFrameworks/PhotoImaging : 3271.8.130
PrivateFrameworks/PhotoLibrary : 3271.12.230
PrivateFrameworks/PhotoLibraryPrivate : 3271.12.230
PrivateFrameworks/RTCReporting : 9.32.60
PrivateFrameworks/Rapport : 140.26
PrivateFrameworks/RapportUI : 140.26
PrivateFrameworks/RemoteServiceDiscovery : 1205.50.64
PrivateFrameworks/RemoteXPC : 1205.50.64
PrivateFrameworks/Safari : 13605.1.25.1
PrivateFrameworks/SafariCore : 13605.1.25.1
PrivateFrameworks/SafariSafeBrowsing : 13605.1.25.1
PrivateFrameworks/SafariShared : 13605.1.25.1
PrivateFrameworks/SafeEjectGPU : 13
PrivateFrameworks/SearchFoundation : 184.3.11
PrivateFrameworks/Sharing : 1019.20
PrivateFrameworks/SoftwareUpdate : 1090.4
PrivateFrameworks/Spotlight : 1191.4.5
PrivateFrameworks/SpotlightIndex : 1191.4.5
PrivateFrameworks/SpotlightServerKit : 1191.4.5
PrivateFrameworks/SpotlightServices : 1191.4.5
PrivateFrameworks/StoreFoundation : 656.14
PrivateFrameworks/StoreJavaScript : 656.14
PrivateFrameworks/StoreUI : 656.14
PrivateFrameworks/StoreXPCServices : 656.14
PrivateFrameworks/Symbolication : 64027
PrivateFrameworks/SymptomDiagnosticManagement : 820.50.36
PrivateFrameworks/SymptomDiagnosticReporter : 820.50.36
PrivateFrameworks/SymptomReporter : 820.50.36
PrivateFrameworks/Symptoms : 820.50.36
PrivateFrameworks/TimeSync : 675.7
PrivateFrameworks/UserActivity : 98.6
PrivateFrameworks/VectorKit : 1359.24.8.15.37
PrivateFrameworks/VideoSubscriberAccount : 257
PrivateFrameworks/WebDriver : 13605.1.25.1
PrivateFrameworks/WebInspector : 13605.1.25.1
PrivateFrameworks/WebInspectorUI : 13605.1.25.1
PrivateFrameworks/ktrace : 218.50.32
CoreServices/AddressBookUrlForwarder : 1808.7
CoreServices/AirPlayUIAgent : 365.35
CoreServices/Bluetooth Setup Assistant : 6.0.5d4
CoreServices/BluetoothUIServer : 6.0.5d4
CoreServices/Dock : 1849.12
CoreServices/Installer Progress : 454
CoreServices/Keychain Circle Notification : 58286.50.200.101.1
CoreServices/ManagedClient : 1082
CoreServices/OBEXAgent : 6.0.5d4
CoreServices/Paired Devices : 140.26
CoreServices/RapportUIAgent : 140.26
CoreServices/Setup Assistant : 1997
CoreServices/Software Update : 1090.4
CoreServices/Spotlight : 1191.4.5
CoreServices/WiFiAgent : 1361.4
CoreServices/cloudphotosd : 3271.12.230
CoreServices/loginwindow : 1791.4.7
