Applications/App Store : 1
Applications/Automator : 444.23.1
Applications/Books : 1585.3
Applications/Calendar : 2228
Applications/Contacts : 1861
Applications/Dictionary : 203.15.5
Applications/Font Book : 320
Applications/GitHub Desktop : 1.2.2
Applications/Google Chrome Canary : 3449.0
Applications/Google Chrome : 3396.62
Applications/Home : 1
Applications/Mail : 3445.100.9.7
Applications/Maps : 2133.20.5.10.7
Applications/News : 1572.10.5
Applications/Notes : 878.14
Applications/Photo Booth : 1006
Applications/Photos : 3401.2.164
Applications/Preview : 944.6.8.1
Applications/QuickTime Player : 928.40
Applications/Reminders : 1475
Applications/Safari : 14606.1.17.40.4
Applications/Stocks : 51.4.4
Applications/TextEdit : 334
Applications/VoiceMemos : 2.0
Applications/Xcode-beta : 14274.16
Applications/iTerm : 3.1.6
Applications/iTunes : 12.9.0
Utilities/AirPort Utility : 638.10
Utilities/Audio MIDI Setup : 3.3
Utilities/Bluetooth File Exchange : 6.0.8d20
Utilities/Boot Camp Assistant : 6067.200.3
Utilities/Console : 3.0.11
Utilities/Digital Color Meter : 5.12
Utilities/Disk Utility : 1654
Utilities/Keychain Access : 55237.200.6
Utilities/Migration Assistant : 10.14
Utilities/Script Editor : 198
Utilities/Terminal : 407
Utilities/VoiceOver Utility : 562.38.2
Frameworks/AGL : AGL-3.3.2
Frameworks/AVFoundation : 1540.54.3
Frameworks/AVKit : 445.50.20.3
Frameworks/AdSupport : 1
Frameworks/AddressBook : 1861
Frameworks/AppKit : 1639.10.111
Frameworks/AppleScriptObjC : 35
Frameworks/AudioVideoBridging : 700.1
Frameworks/Automator : 444.23.1
Frameworks/CFNetwork : 948.2
Frameworks/CloudKit : 736.118
Frameworks/Cocoa : 23
Frameworks/ColorSync : 3331
Frameworks/Contacts : 2876
Frameworks/ContactsUI : 1861
Frameworks/CoreData : 862.7
Frameworks/CoreDisplay : 101.8
Frameworks/CoreFoundation : 1535.12
Frameworks/CoreGraphics : 1215.5
Frameworks/CoreImage : 643
Frameworks/CoreLocation : 2245.4.48.9
Frameworks/CoreMedia : 2280.60.8.2
Frameworks/CoreMediaIO : 5019
Frameworks/CoreServices : 921.2
Frameworks/CoreSpotlight : 231.28.2
Frameworks/CoreTelephony : 6294.1
Frameworks/CoreWLAN : 1370.5
Frameworks/EventKit : 787
Frameworks/ExceptionHandling : 13
Frameworks/Foundation : 1535.12
Frameworks/GameKit : 563.118
Frameworks/ICADevices : 1511.3
Frameworks/IOBluetooth : 6.0.8d20
Frameworks/IOBluetoothUI : 6.0.8d20
Frameworks/IOSurface : 245
Frameworks/ImageCaptureCore : 1511.3
Frameworks/ImageIO : 1771.2
Frameworks/InputMethodKit : 365.15.2
Frameworks/InstallerPlugins : 928
Frameworks/JavaScriptCore : 14606.1.17.40.4
Frameworks/Kernel : 18.0.0
Frameworks/LocalAuthentication : 425.200.19.0.1
Frameworks/MapKit : 1833.20.5.10.7
Frameworks/MediaAccessibility : 114.3
Frameworks/MediaLibrary : 755
Frameworks/MediaToolbox : 2280.60.8.2
Frameworks/Metal : 157.25
Frameworks/MetalKit : 107.4.1
Frameworks/NaturalLanguage : 1.15.15
Frameworks/Network : 1
Frameworks/NotificationCenter : 710
Frameworks/OSAKit : 107
Frameworks/OpenCL : 2.8.20
Frameworks/OpenGL : 17.0.26
Frameworks/Photos : 3401.2.164
Frameworks/PhotosUI : 3401.2.164
Frameworks/QTKit : 3026.1
Frameworks/QuartzCore : 658.2
Frameworks/QuickLook : 765.6
Frameworks/QuickTime : 3026.1
Frameworks/Ruby : 2.3.6-131.0.0.10.1
Frameworks/SafariServices : 14606.1.17.40.4
Frameworks/SceneKit : 456.4
Frameworks/ScriptingBridge : 74
Frameworks/Security : 58286.200.129.11.2
Frameworks/SecurityFoundation : 55185.200.14
Frameworks/SecurityInterface : 55109.200.5
Frameworks/StoreKit : 1
Frameworks/TWAIN : 1000
Frameworks/UserNotifications : 
Frameworks/VideoDecodeAcceleration : 11
Frameworks/VideoSubscriberAccount : 270.1
Frameworks/VideoToolbox : 2280.60.8.2
Frameworks/Vision : 2.0.49
Frameworks/WebKit : 14606.1.17.40.4
Frameworks/iTunesLibrary : 12.9.0
PrivateFrameworks/AOSAccounts : 89.2.0.11
PrivateFrameworks/AOSAccountsLite : 89.2.0.11
PrivateFrameworks/AOSUI : 648.0.0.11
PrivateFrameworks/APTransport : 370.47
PrivateFrameworks/AVConference : 1336.4.62
PrivateFrameworks/AVFoundationCF : 275.2
PrivateFrameworks/AXCoreUtilities : 1
PrivateFrameworks/AccessibilityBundles : 86.6
PrivateFrameworks/AccessibilityPlatformTranslation : 1
PrivateFrameworks/AccessibilitySupport : 91.6
PrivateFrameworks/AccountsUI : 63.0.0.10
PrivateFrameworks/AdAnalytics : 1
PrivateFrameworks/AdCore : 1
PrivateFrameworks/AdID : 1
PrivateFrameworks/AddressBookAutocomplete : 1861
PrivateFrameworks/AddressBookCore : 1
PrivateFrameworks/AggregateDictionary : 1
PrivateFrameworks/AggregateDictionaryHistory : 1
PrivateFrameworks/AirPlayReceiver : 370.47
PrivateFrameworks/AirPlaySender : 370.47
PrivateFrameworks/AirPlaySupport : 370.47
PrivateFrameworks/AirTrafficHost : 4016.100.19.1
PrivateFrameworks/AnnotationKit : 232.3.15
PrivateFrameworks/AppContainer : 360.200.11.10.2
PrivateFrameworks/AppSandbox : 360.200.11.10.2
PrivateFrameworks/AppStoreDaemon : 1
PrivateFrameworks/AppStoreUI : 1
PrivateFrameworks/AppSupport : 29
PrivateFrameworks/Apple80211 : 1375.5
PrivateFrameworks/AppleAccount : 1.0
PrivateFrameworks/AppleGVA : 11.7.21
PrivateFrameworks/AppleGVACore : 11.7.21
PrivateFrameworks/AppleLDAP : 46.200.2
PrivateFrameworks/AppleMediaServices : 1
PrivateFrameworks/AppleScript : 387
PrivateFrameworks/AppleVA : 5.0.43
PrivateFrameworks/AppleVPA : 3.9.7
PrivateFrameworks/AssertionServices : 1
PrivateFrameworks/AssetCacheServices : 83
PrivateFrameworks/AssetCacheServicesExtensions : 83
PrivateFrameworks/AssistiveControlSupport : 196.38.2
PrivateFrameworks/AudioServerApplication : 312.2
PrivateFrameworks/AudioServerDriver : 312.2
PrivateFrameworks/AutoBugCaptureCore : 820.207.59
PrivateFrameworks/BackBoardServices : 1.0
PrivateFrameworks/BaseBoard : 360.12.1
PrivateFrameworks/BezelServices : 310
PrivateFrameworks/BluetoothManager : 1
PrivateFrameworks/Bom : 195
PrivateFrameworks/BookKit : 1151
PrivateFrameworks/BookmarkDAV : 132.1
PrivateFrameworks/BridgeOSInstall : 50
PrivateFrameworks/BridgeOSInstallReporting : 50
PrivateFrameworks/BridgeXPC : 33.200.1
PrivateFrameworks/BulkSymbolication : 207
PrivateFrameworks/C2 : 438.14.1
PrivateFrameworks/CVML : 1.87.0
PrivateFrameworks/CalDAV : 265
PrivateFrameworks/CalendarAgent : 413
PrivateFrameworks/CalendarFoundation : 585
PrivateFrameworks/CalendarPersistence : 494
PrivateFrameworks/CalendarUI : 491
PrivateFrameworks/CalendarUIKit : 251
PrivateFrameworks/CallHistory : 858
PrivateFrameworks/Catalyst : 5.3
PrivateFrameworks/Categories : 1.0.27
PrivateFrameworks/CharacterPicker : 128.16.2
PrivateFrameworks/ChunkingLibrary : 194
PrivateFrameworks/ClassroomKit : 1
PrivateFrameworks/CloudDocs : 575.107
PrivateFrameworks/CloudDocsDaemon : 575.107
PrivateFrameworks/CloudKitDaemon : 736.118
PrivateFrameworks/CloudPhotoLibrary : 3401.2.204
PrivateFrameworks/CloudPhotoServices : 3401.2.164
PrivateFrameworks/CloudServices : 297.200.5
PrivateFrameworks/CommerceKit : 708.0.29.2
PrivateFrameworks/ConditionInducer : 1
PrivateFrameworks/ConfigProfileHelper : 1106
PrivateFrameworks/ConfigurationEngineModel : 20.33
PrivateFrameworks/ConfigurationProfiles : 1106
PrivateFrameworks/ConsoleKit : 4.0.2
PrivateFrameworks/ContactsAssistantServices : 146.10.6.3
PrivateFrameworks/ContactsAutocomplete : 609
PrivateFrameworks/ConversationKit : 1
PrivateFrameworks/CoreADI : 4.19.0
PrivateFrameworks/CoreAUC : 265.0.0
PrivateFrameworks/CoreAVCHD : 6000.4.1
PrivateFrameworks/CoreAppleCVA : 2.2.0
PrivateFrameworks/CoreChineseEngine : 391.16.4
PrivateFrameworks/CoreDAV : 345
PrivateFrameworks/CoreEmoji : 69.15.5
PrivateFrameworks/CoreFP : 2.13.25
PrivateFrameworks/CoreHAP : 484.0.28.4
PrivateFrameworks/CoreMediaAuthoring : 958
PrivateFrameworks/CoreNLP : 130.15.15
PrivateFrameworks/CoreParsec : 213.1.16
PrivateFrameworks/CoreRoutine : 558.4.13.1
PrivateFrameworks/CoreServicesInternal : 355
PrivateFrameworks/CoreSuggestions : 680.68.2
PrivateFrameworks/CoreSuggestionsInternals : 680.68.2
PrivateFrameworks/CoreSymbolication : 64224
PrivateFrameworks/CoreThemeDefinition : 346.15
PrivateFrameworks/CoreTime : 250
PrivateFrameworks/CoreUI : 498.23
PrivateFrameworks/CoreUtils : 570.33
PrivateFrameworks/CoreWLANKit : 1370.5
PrivateFrameworks/CoreWiFi : 1370.5
PrivateFrameworks/CreateML : 1
PrivateFrameworks/DAAPKit : 1
PrivateFrameworks/DFRDisplay : 112.200.10
PrivateFrameworks/DFRFoundation : 206
PrivateFrameworks/DTXConnectionServices : 64245
PrivateFrameworks/DataAccessExpress : 1.0
PrivateFrameworks/DataDetectors : 382
PrivateFrameworks/DataDetectorsCore : 590.12
PrivateFrameworks/DebugSymbols : 183
PrivateFrameworks/DeviceIdentity : 1
PrivateFrameworks/DeviceManagement : 20.33
PrivateFrameworks/DirectoryEditor : 45
PrivateFrameworks/DiskImages : 480.200.9
PrivateFrameworks/DiskManagement : 1517.1
PrivateFrameworks/EasyConfig : 570.33
PrivateFrameworks/Email : 3445.100.9.7
PrivateFrameworks/EmailAddressing : 3445.100.9.7
PrivateFrameworks/EmailCore : 3445.100.9.7
PrivateFrameworks/EmbeddedOSInstall : 108
PrivateFrameworks/Espresso : 107
PrivateFrameworks/ExchangeWebServices : 298
PrivateFrameworks/FMClient : 
PrivateFrameworks/FaceCore : 3.3.3
PrivateFrameworks/FileProvider : 125.118
PrivateFrameworks/FindMyMac : 55.7.0.3
PrivateFrameworks/FlightUtilities : 115.6
PrivateFrameworks/FontServices : 1
PrivateFrameworks/FrontBoardServices : 486.28
PrivateFrameworks/GPUSupport : 17.0.26
PrivateFrameworks/GPUWrangler : 3.22.9
PrivateFrameworks/GameCenter : 563.118
PrivateFrameworks/GameCenterFoundation : 563.118
PrivateFrameworks/GameCenterPrivateUIMac : 563.118
PrivateFrameworks/GameCenterUI : 563.118
PrivateFrameworks/GameKitServices : 1336.4.62
PrivateFrameworks/GenerationalStorage : 285.101
PrivateFrameworks/GeoServices : 1365.20.5.10.5
PrivateFrameworks/GraphicsServices : 1.0
PrivateFrameworks/HDAInterface : 282.5
PrivateFrameworks/HMFoundation : 1
PrivateFrameworks/HelpData : 178
PrivateFrameworks/HomeKit : 484.0.28.4
PrivateFrameworks/HomeKitDaemon : 484.0.28.4
PrivateFrameworks/IASUtilities : 497
PrivateFrameworks/IMAP : 3445.100.9.7
PrivateFrameworks/IOAccelerator : 400.12.2
PrivateFrameworks/IOPresentment : 37
PrivateFrameworks/IconServices : 365.2.1
PrivateFrameworks/InternationalSupport : 10.15.3
PrivateFrameworks/IntlPreferences : 227.15.2
PrivateFrameworks/KnowledgeMonitor : 1
PrivateFrameworks/LanguageModeling : 159.15.10
PrivateFrameworks/Lexicon : 33.15.7
PrivateFrameworks/LimitAdTracking : 1
PrivateFrameworks/LinguisticData : 260
PrivateFrameworks/LinkPresentation : 59.28
PrivateFrameworks/LocalAuthenticationUI : 425.200.19.0.1
PrivateFrameworks/LoggingSupport : 906.200.52.10.1
PrivateFrameworks/Lookup : 246
PrivateFrameworks/MMCS : 438.14.1
PrivateFrameworks/MTLCompiler : 157.25
PrivateFrameworks/Mail : 3445.100.9.7
PrivateFrameworks/MailCore : 3445.100.9.7
PrivateFrameworks/MailService : 3445.100.9.7
PrivateFrameworks/MailSupport : 3445.100.9.7
PrivateFrameworks/MailUI : 3445.100.9.7
PrivateFrameworks/ManagedClient : 1106
PrivateFrameworks/MarkupUI : 232.3.15
PrivateFrameworks/MediaControlSender : 370.47
PrivateFrameworks/MediaKit : 903
PrivateFrameworks/MetadataUtilities : 1191.23.3
PrivateFrameworks/MobileActivation : 1
PrivateFrameworks/MobileAsset : 437.200.22.10.4
PrivateFrameworks/MobileBluetooth : 1.0
PrivateFrameworks/MobileContainerManager : 1
PrivateFrameworks/MobileDevice : 988.200.34.100.3
PrivateFrameworks/Montreal : 42.15.7
PrivateFrameworks/MultitouchSupport : 2000.21
PrivateFrameworks/MultiverseSupport : 27.200.6
PrivateFrameworks/NLP : 122.16.9
PrivateFrameworks/NanoRegistry : 1
PrivateFrameworks/NearField : 290.31.1.1
PrivateFrameworks/NetAppsUtilities : 1
PrivateFrameworks/NeutrinoCore : 3401.1.152
PrivateFrameworks/NeutrinoKit : 3401.1.152
PrivateFrameworks/Notes : 878.14
PrivateFrameworks/NotesShared : 878.14
PrivateFrameworks/NotesUI : 878.14
PrivateFrameworks/NotificationCenterUI : 710
PrivateFrameworks/OSInstaller : 1135
PrivateFrameworks/OSPersonalization : 52.1
PrivateFrameworks/OfficeImport : 262
PrivateFrameworks/OpenDirectoryConfigUI : 87
PrivateFrameworks/PASampling : 207
PrivateFrameworks/PIP : 89
PrivateFrameworks/PLShutdown : 1
PrivateFrameworks/PSNormalizer : 23
PrivateFrameworks/PackageKit : 813.3
PrivateFrameworks/ParsecUI : 1191.23.3
PrivateFrameworks/PerformanceAnalysis : 207
PrivateFrameworks/PersonalizationPortraitInternals : 1
PrivateFrameworks/PhotoAnalysis : 3401.0.220
PrivateFrameworks/PhotoFoundation : 3401.2.164
PrivateFrameworks/PhotoImaging : 3401.1.152
PrivateFrameworks/PhotoLibrary : 3401.2.164
PrivateFrameworks/PhotoLibraryPrivate : 3401.2.164
PrivateFrameworks/PhotoVision : 12
PrivateFrameworks/PhotosFormats : 3401.2.164
PrivateFrameworks/PhotosImagingFoundation : 3401.2.164
PrivateFrameworks/PhotosPlayer : 3401.2.170
PrivateFrameworks/PhotosUICore : 3401.2.174
PrivateFrameworks/PlacesKit : 3401.2.174
PrivateFrameworks/PowerLog : 1
PrivateFrameworks/PowerlogControl : 1
PrivateFrameworks/PowerlogDatabaseReader : 1
PrivateFrameworks/PrintingPrivate : 180.2
PrivateFrameworks/ProactiveEventTracker : 126.23
PrivateFrameworks/ProactiveML : 126.23
PrivateFrameworks/ProactiveSupport : 126.23
PrivateFrameworks/ProactiveSupportStubs : 126.23
PrivateFrameworks/ProofReader : 430.16.9
PrivateFrameworks/ProtocolBuffer : 263
PrivateFrameworks/PrototypeTools : 1
PrivateFrameworks/QuickLookNonBaseSystem : 1
PrivateFrameworks/ROCKit : 17
PrivateFrameworks/RTCReporting : 9.35.13
PrivateFrameworks/Rapport : 160.27
PrivateFrameworks/RapportUI : 160.27
PrivateFrameworks/RemoteManagement : 1.50.1
PrivateFrameworks/RemoteServiceDiscovery : 1336.200.58.10.2
PrivateFrameworks/RemoteTextInput : 1
PrivateFrameworks/RemoteViewServices : 126
PrivateFrameworks/RemoteXPC : 1336.200.58.10.2
PrivateFrameworks/ResponseKit : 109.15.7
PrivateFrameworks/Restore : 488
PrivateFrameworks/Reveal : 5
PrivateFrameworks/RevealCore : 5
PrivateFrameworks/SMBClient : 3.3
PrivateFrameworks/Safari : 14606.1.17.40.4
PrivateFrameworks/SafariCore : 14606.1.17.40.4
PrivateFrameworks/SafariFoundation : 1
PrivateFrameworks/SafariSafeBrowsing : 606.1.17.40.4
PrivateFrameworks/SafariShared : 14606.1.17.40.4
PrivateFrameworks/SafeEjectGPU : 19
PrivateFrameworks/SampleAnalysis : 207
PrivateFrameworks/ScreenReader : 562.38.2
PrivateFrameworks/ScreenReaderCore : 562.38.2
PrivateFrameworks/ScreenSharing : 498.105
PrivateFrameworks/SearchFoundation : 213.1.16
PrivateFrameworks/SecCodeWrapper : 360.200.11.10.2
PrivateFrameworks/Sentry : 1
PrivateFrameworks/ServerFoundation : 215.91
PrivateFrameworks/ShareKit : 568
PrivateFrameworks/SharedWebCredentials : 180.4
PrivateFrameworks/Sharing : 1121.1
PrivateFrameworks/SidecarCore : 20
PrivateFrameworks/SignpostCollection : 10
PrivateFrameworks/SignpostNotification : 10
PrivateFrameworks/SignpostSupport : 10
PrivateFrameworks/SiriFoundation : 146.10.6.3
PrivateFrameworks/SiriTTS : 210
PrivateFrameworks/SiriUI : 146.10.6.3
PrivateFrameworks/Slideshows : 1556.28
PrivateFrameworks/SoftwareUpdate : 1129.15
PrivateFrameworks/SpeechObjects : 8.0.2
PrivateFrameworks/SpeechRecognitionCore : 5.0.20
PrivateFrameworks/Spotlight : 1191.23.3
PrivateFrameworks/SpotlightIndex : 1191.23.3
PrivateFrameworks/SpotlightServerKit : 1191.23.3
PrivateFrameworks/SpotlightServices : 1191.23.3
PrivateFrameworks/StatsKit : 1
PrivateFrameworks/StorageKit : 480.12
PrivateFrameworks/StoreFoundation : 708.0.29.2
PrivateFrameworks/StoreJavaScript : 708.0.29.2
PrivateFrameworks/StoreServices : 1
PrivateFrameworks/StoreUI : 708.0.29.2
PrivateFrameworks/StoreXPCServices : 708.0.29.2
PrivateFrameworks/Suggestions : 221
PrivateFrameworks/Symbolication : 64234.1
PrivateFrameworks/SymptomDiagnosticReporter : 820.207.59
PrivateFrameworks/SymptomReporter : 820.207.59
PrivateFrameworks/Symptoms : 820.207.59
PrivateFrameworks/SyncedDefaults : 277
PrivateFrameworks/SystemMigration : 1174.1
PrivateFrameworks/SystemUIPlugin : 38
PrivateFrameworks/TextToSpeech : 1.0
PrivateFrameworks/TextureIO : 3.8.1
PrivateFrameworks/TimeSync : 700.1
PrivateFrameworks/Tourist : 1.0.56
PrivateFrameworks/TransparencyDetailsViewMac : 1
PrivateFrameworks/TuriCore : 0.0.1
PrivateFrameworks/UIFoundation : 550.19
PrivateFrameworks/UIKitHostAppProtocols : 2.7
PrivateFrameworks/UIKitHostAppServices : 2.7
PrivateFrameworks/UIKitSystemAppServices : 2.7
PrivateFrameworks/URLFormatting : 59.28
PrivateFrameworks/UniversalAccess : 361.33.1
PrivateFrameworks/UsageTracking : 28
PrivateFrameworks/UserActivity : 206.1
PrivateFrameworks/UserManagement : 1
PrivateFrameworks/VectorKit : 1361.20.5.10.3
PrivateFrameworks/VideoConference : 478
PrivateFrameworks/VideoProcessing : 699.9
PrivateFrameworks/ViewBridge : 379.1.1
PrivateFrameworks/VoiceServices : 1.0
PrivateFrameworks/WeatherKit : 161
PrivateFrameworks/WebDriver : 14606.1.17.40.4
PrivateFrameworks/WebInspector : 14606.1.17.40.4
PrivateFrameworks/WebInspectorUI : 14606.1.17.40.4
PrivateFrameworks/WirelessDiagnostics : 930.8
PrivateFrameworks/iAdCore : 1
PrivateFrameworks/iAdServices : 1
PrivateFrameworks/iCalendar : 287
PrivateFrameworks/iLifeMediaBrowser : 755
PrivateFrameworks/iPod : 24
PrivateFrameworks/iPodUpdater : 301
PrivateFrameworks/ktrace : 271.200.15.10.1
PrivateFrameworks/perfdata : 4.200.8
PrivateFrameworks/zudp : 1
CoreServices/AddPrinter : 555.2
CoreServices/AddressBookUrlForwarder : 1861
CoreServices/AirPlayUIAgent : 370.47
CoreServices/Bluetooth Setup Assistant : 6.0.8d20
CoreServices/BluetoothUIServer : 6.0.8d20
CoreServices/Certificate Assistant : 55174.200.3
CoreServices/ControlStrip : 184
CoreServices/CoreServicesUIAgent : 207.1
CoreServices/DiskImageMounter : 480.200.9
CoreServices/Dock : 1919
CoreServices/Dwell Control : 196.38.2
CoreServices/Finder : 1117.9
CoreServices/HelpViewer : 348
CoreServices/Install in Progress : 813.3
CoreServices/Installer Progress : 497
CoreServices/Installer : 928
CoreServices/Keychain Circle Notification : 58286.200.129.11.2
CoreServices/Language Chooser : 563
CoreServices/ManagedClient : 1106
CoreServices/NotificationCenter : 710
CoreServices/OBEXAgent : 6.0.8d20
CoreServices/PIPAgent : 89
CoreServices/Paired Devices : 160.27
CoreServices/Photo Library Migration Utility : 2101.20.130
CoreServices/RapportUIAgent : 160.27
CoreServices/RegisterPluginIMApp : 18.15.1
CoreServices/ScriptMenu : 1
CoreServices/Setup Assistant : 2044.3
CoreServices/Siri : 146.10.6.3
CoreServices/SocialPushAgent : 61
CoreServices/Software Update : 1129.15
CoreServices/Spotlight : 1191.23.3
CoreServices/SystemUIServer : 470
CoreServices/Ticket Viewer : 36.200.1
CoreServices/UIKitSystem : 2.7
CoreServices/UniversalAccessControl : 361.33.1
CoreServices/UserNotificationCenter : 42
CoreServices/VoiceOver : 562.38.2
CoreServices/WiFiAgent : 1375.5
CoreServices/cloudphotosd : 3401.2.164
CoreServices/loginwindow : 1915
CoreServices/screencaptureui : 185
Applications/Directory Utility : 414
Applications/Feedback Assistant : 348
Applications/Folder Actions Setup : 30
Applications/Network Utility : 125.1
Applications/Screen Sharing : 498.105
Applications/System Image Utility : 832
