Applications/Automator : 444.38
Applications/Battle.net : 1.12.2 (10405)
Applications/Books : 1636.1
Applications/Calendar : 2245
Applications/Contacts : 1882
Applications/Dictionary : 203.16.12
Applications/GitHub Desktop : 1.3.2
Applications/Google Chrome Canary : 3521.0
Applications/Google Chrome : 3440.106
Applications/HSTracker : 1939
Applications/Mail : 3445.100.32
Applications/Maps : 2132.20.2.5.92
Applications/News : 1637.9
Applications/Notes : 878.58
Applications/Photos : 3401.5.120
Applications/Safari : 14606.1.36.1.3
Applications/Spotify : 1.0.87.491.ge2a121fc-5
Applications/Stocks : 110.5
Applications/TextEdit : 340
Applications/cDock : 5542
Utilities/Bluetooth File Exchange : 6.0.8f4
Utilities/Boot Camp Assistant : 6067.200.12
Utilities/Script Editor : 203
Utilities/Terminal : 421
Utilities/VoiceOver Utility : 562.78
Frameworks/AVFoundation : 1540.118.2
Frameworks/AVKit : 445.50.47
Frameworks/AddressBook : 1882
Frameworks/AppKit : 1659
Frameworks/Automator : 444.38
Frameworks/CFNetwork : 974.1
Frameworks/Contacts : 2898
Frameworks/ContactsUI : 1882
Frameworks/CoreData : 865
Frameworks/CoreFoundation : 1555
Frameworks/CoreGraphics : 1245.8
Frameworks/CoreImage : 700.2.190
Frameworks/CoreLocation : 2245.7.105
Frameworks/CoreMedia : 2280.133.2
Frameworks/CoreServices : 932.1
Frameworks/CoreSpotlight : 231.45
Frameworks/CoreTelephony : 6366.1
Frameworks/Foundation : 1555
Frameworks/ICADevices : 1529.7
Frameworks/IOBluetooth : 6.0.8f4
Frameworks/IOBluetoothUI : 6.0.8f4
Frameworks/IOSurface : 255.1
Frameworks/ImageCaptureCore : 1529.7
Frameworks/ImageIO : 1796.5.4.1
Frameworks/InputMethodKit : 365.16.24
Frameworks/InstallerPlugins : 934.1
Frameworks/JavaScriptCore : 14606.1.36.1.3
Frameworks/LocalAuthentication : 425.200.47
Frameworks/MapKit : 1832.20.2.5.89
Frameworks/MediaLibrary : 761
Frameworks/MediaToolbox : 2280.133.2
Frameworks/Metal : 157.55
Frameworks/NotificationCenter : 744
Frameworks/OpenGL : 17.0.37
Frameworks/Photos : 3401.5.120
Frameworks/PhotosUI : 3401.5.120
Frameworks/QuartzCore : 693.16
Frameworks/QuickLook : 775
Frameworks/SafariServices : 14606.1.36.1.3
Frameworks/SceneKit : 470
Frameworks/Security : 58286.200.222
Frameworks/VideoToolbox : 2280.133.2
Frameworks/Vision : 2.0.62
Frameworks/WebKit : 14606.1.36.1.3
PrivateFrameworks/AOSAccounts : 89.3.0.5
PrivateFrameworks/AOSAccountsLite : 89.3.0.5
PrivateFrameworks/AOSUI : 648.2.0.7
PrivateFrameworks/APTransport : 371.6.6
PrivateFrameworks/AVConference : 1430.6.4.2
PrivateFrameworks/AddressBookAutocomplete : 1882
PrivateFrameworks/AirPlayReceiver : 371.6.6
PrivateFrameworks/AirPlaySender : 371.6.6
PrivateFrameworks/AirPlaySupport : 371.6.6
PrivateFrameworks/AppContainer : 360.200.31
PrivateFrameworks/AppSandbox : 360.200.31
PrivateFrameworks/AppleGVA : 11.7.34
PrivateFrameworks/AppleGVACore : 11.7.34
PrivateFrameworks/AssistiveControlSupport : 196.67
PrivateFrameworks/CalendarPersistence : 504
PrivateFrameworks/CharacterPicker : 128.16.11
PrivateFrameworks/CloudPhotoLibrary : 3401.5.120
PrivateFrameworks/CloudPhotoServices : 3401.5.120
PrivateFrameworks/CommerceKit : 708.0.76
PrivateFrameworks/ConfigProfileHelper : 1120
PrivateFrameworks/ConfigurationEngineModel : 20.65
PrivateFrameworks/ConfigurationProfiles : 1120
PrivateFrameworks/CoreHAP : 484.0.70.4.4
PrivateFrameworks/CoreThemeDefinition : 346.28
PrivateFrameworks/CoreUI : 498.43
PrivateFrameworks/CrashReporterSupport : 938.22
PrivateFrameworks/DFRDisplay : 112.200.16
PrivateFrameworks/DataDetectorsCore : 590.24
PrivateFrameworks/DeviceManagement : 20.65
PrivateFrameworks/DiskImages : 480.200.19
PrivateFrameworks/DiskManagement : 1530
PrivateFrameworks/Email : 3445.100.32
PrivateFrameworks/EmailAddressing : 3445.100.32
PrivateFrameworks/EmailCore : 3445.100.32
PrivateFrameworks/EmbeddedOSInstall : 113.0.1
PrivateFrameworks/GPUSupport : 17.0.37
PrivateFrameworks/GameKitServices : 1430.6.4.2
PrivateFrameworks/HomeKit : 484.0.70.4.4
PrivateFrameworks/HomeKitDaemon : 484.0.70.4.4
PrivateFrameworks/IMAP : 3445.100.32
PrivateFrameworks/IOAccelerator : 400.21
PrivateFrameworks/IconServices : 374.1
PrivateFrameworks/LocalAuthenticationUI : 425.200.47
PrivateFrameworks/LoggingSupport : 906.200.86
PrivateFrameworks/MTLCompiler : 157.55
PrivateFrameworks/Mail : 3445.100.32
PrivateFrameworks/MailCore : 3445.100.32
PrivateFrameworks/MailService : 3445.100.32
PrivateFrameworks/MailSupport : 3445.100.32
PrivateFrameworks/MailUI : 3445.100.32
PrivateFrameworks/ManagedClient : 1120
PrivateFrameworks/MediaControlSender : 371.6.6
PrivateFrameworks/MetadataUtilities : 1191.48
PrivateFrameworks/MobileAsset : 437.200.49
PrivateFrameworks/MobileDevice : 988.200.73.100.1
PrivateFrameworks/MultitouchSupport : 2400.15
PrivateFrameworks/NearField : 290.47
PrivateFrameworks/NeutrinoCore : 3401.2.150
PrivateFrameworks/NeutrinoKit : 3401.2.150
PrivateFrameworks/Notes : 878.58
PrivateFrameworks/NotesShared : 878.58
PrivateFrameworks/NotesUI : 878.58
PrivateFrameworks/NotificationCenterUI : 744
PrivateFrameworks/OSInstaller : 1150
PrivateFrameworks/OfficeImport : 268
PrivateFrameworks/PIP : 93
PrivateFrameworks/PackageKit : 828
PrivateFrameworks/ParsecUI : 1191.48
PrivateFrameworks/PhotoFoundation : 3401.5.120
PrivateFrameworks/PhotoImaging : 3401.2.150
PrivateFrameworks/PhotoLibrary : 3401.5.120
PrivateFrameworks/PhotoLibraryPrivate : 3401.5.120
PrivateFrameworks/PhotosFormats : 3401.5.120
PrivateFrameworks/PhotosImagingFoundation : 3401.5.120
PrivateFrameworks/Rapport : 160.62
PrivateFrameworks/RapportUI : 160.62
PrivateFrameworks/RemoteManagement : 1.79
PrivateFrameworks/RemoteServiceDiscovery : 1336.200.98
PrivateFrameworks/RemoteXPC : 1336.200.98
PrivateFrameworks/Safari : 14606.1.36.1.3
PrivateFrameworks/SafariCore : 14606.1.36.1.3
PrivateFrameworks/SafariSafeBrowsing : 606.1.36.1.3
PrivateFrameworks/SafariShared : 14606.1.36.1.3
PrivateFrameworks/ScreenReader : 562.78
PrivateFrameworks/ScreenReaderCore : 562.78
PrivateFrameworks/SecCodeWrapper : 360.200.31
PrivateFrameworks/Sharing : 1176.5
PrivateFrameworks/SidecarCore : 38
PrivateFrameworks/SidecarUI : 38
PrivateFrameworks/Spotlight : 1191.48
PrivateFrameworks/SpotlightIndex : 1191.48
PrivateFrameworks/SpotlightServerKit : 1191.48
PrivateFrameworks/SpotlightServices : 1191.48
PrivateFrameworks/StoreFoundation : 708.0.76
PrivateFrameworks/StoreJavaScript : 708.0.76
PrivateFrameworks/StoreUI : 708.0.76
PrivateFrameworks/StoreXPCServices : 708.0.76
PrivateFrameworks/SystemMigration : 1189
PrivateFrameworks/UIFoundation : 550.34
PrivateFrameworks/UIKitHostAppProtocols : 34
PrivateFrameworks/UIKitHostAppServices : 34
PrivateFrameworks/UIKitSystemAppServices : 34
PrivateFrameworks/VideoProcessing : 699.32
PrivateFrameworks/ViewBridge : 400
PrivateFrameworks/WebDriver : 14606.1.36.1.3
PrivateFrameworks/WebInspector : 14606.1.36.1.3
PrivateFrameworks/WebInspectorUI : 14606.1.36.1.3
PrivateFrameworks/iLifeMediaBrowser : 761
PrivateFrameworks/ktrace : 271.200.30
CoreServices/AddressBookUrlForwarder : 1882
CoreServices/AirPlayUIAgent : 371.6.6
CoreServices/Automator Installer : 444.38
CoreServices/Bluetooth Setup Assistant : 6.0.8f4
CoreServices/BluetoothUIServer : 6.0.8f4
CoreServices/ControlStrip : 192
CoreServices/CoreServicesUIAgent : 217
CoreServices/DiskImageMounter : 480.200.19
CoreServices/Dock : 1962
CoreServices/Dwell Control : 196.67
CoreServices/Finder : 1136
CoreServices/HelpViewer : 358
CoreServices/Install in Progress : 828
CoreServices/Installer : 934.1
CoreServices/Keychain Circle Notification : 58286.200.222
CoreServices/Language Chooser : 569
CoreServices/ManagedClient : 1120
CoreServices/NotificationCenter : 744
CoreServices/OBEXAgent : 6.0.8f4
CoreServices/PIPAgent : 93
CoreServices/Paired Devices : 160.62
CoreServices/Problem Reporter : 938.22
CoreServices/RapportUIAgent : 160.62
CoreServices/Setup Assistant : 2075
CoreServices/Spotlight : 1191.48
CoreServices/UIKitSystem : 34
CoreServices/UserNotificationCenter : 44
CoreServices/VoiceOver : 562.78
CoreServices/cloudphotosd : 3401.5.120
CoreServices/loginwindow : 1932
CoreServices/screencaptureui : 228
Frameworks/MessageUI : 3445.100.30
Frameworks/MobileCoreServices : 932.1
PrivateFrameworks/DocumentManager : 68.100.15.1
PrivateFrameworks/DocumentManagerCore : 68.100.15.1
PrivateFrameworks/MIME : 3445.100.30
PrivateFrameworks/MessageSupport : 3445.100.30
PrivateFrameworks/MobileIcons : 372.0
PrivateFrameworks/NewsCore : 1637.9
PrivateFrameworks/NewsFeedLayout : 1637.9
PrivateFrameworks/NewsFoundation : 1637.9
PrivateFrameworks/NewsServicesInternal : 1637.9
PrivateFrameworks/NewsTransport : 1637.9
PrivateFrameworks/NewsUI : 1637.9
PrivateFrameworks/RemoteConfiguration : 1637.9
PrivateFrameworks/Silex : 1637.9
PrivateFrameworks/TSReading : 254
PrivateFrameworks/TSUtility : 254
PrivateFrameworks/WebCore : 14606.1.36.1.3
PrivateFrameworks/WebKitLegacy : 14606.1.36.1.3
Applications/Google Chrome Canary : 3522.0
