Applications/Automator : 444.25
Applications/Bartender 3 : 346
Applications/Books : 1607
Applications/Calendar : 2231
Applications/Chess : 3.16
Applications/Contacts : 1866
Applications/Cyberduck : 28146
Applications/DaisyDisk : 4.6.2
Applications/Dictionary : 203.16.6
Applications/Font Book : 322
Applications/GIPHY CAPTURE : 22
Applications/GitHub Desktop : 1.2.3
Applications/Google Chrome Canary : 3464.0
Applications/Google Chrome : 3396.87
Applications/Hex Fiend : 1528770943
Applications/IINA : 80
Applications/Keynote : 5683
Applications/Mail : 3445.100.13.1
Applications/Maps : 2132.20.2.5.63
Applications/News : 1596.1.1
Applications/Notes : 878.29
Applications/Numbers : 5683
Applications/Pages : 5683
Applications/Photo Booth : 1007
Applications/Photos : 3401.2.240
Applications/Preview : 944.6.11
Applications/QuickTime Player : 928.44
Applications/Reminders : 1478
Applications/Safari Technology Preview : 14606.1.18.2
Applications/Safari : 14606.1.20.40.2
Applications/Spotify : 1.0.83.318.g6c07039d-21
Applications/Stocks : 71
Applications/TextEdit : 335
Applications/Transmission : 14714.2.94
Applications/XtraFinder : 0.28
Applications/cDock : 5403
Applications/macSubstrate : 1.0.3
Utilities/AirPort Utility : 639.1
Utilities/Bluetooth File Exchange : 6.0.8d23
Utilities/Boot Camp Assistant : 6067.200.4
Utilities/ColorSync Utility : 306
Utilities/Console : 3.0.12
Utilities/Digital Color Meter : 5.13
Utilities/Disk Utility : 1658
Utilities/Keychain Access : 55237.200.8.0.1
Utilities/Script Editor : 199
Utilities/Terminal : 408
Utilities/VoiceOver Utility : 562.48
Frameworks/AVFoundation : 1540.62
Frameworks/AVKit : 445.50.30
Frameworks/AddressBook : 1866
Frameworks/AppKit : 1641.10.100
Frameworks/Automator : 444.25
Frameworks/CFNetwork : 955.1.2
Frameworks/CloudKit : 736.123
Frameworks/ColorSync : 3332
Frameworks/Contacts : 2880
Frameworks/ContactsUI : 1866
Frameworks/CoreData : 863
Frameworks/CoreDisplay : 101.3
Frameworks/CoreFoundation : 1540
Frameworks/CoreGraphics : 1225
Frameworks/CoreImage : 648
Frameworks/CoreLocation : 2245.4.63
Frameworks/CoreMedia : 2280.70.2
Frameworks/CoreMediaIO : 5021
Frameworks/CoreServices : 924.3
Frameworks/CoreSpotlight : 231.32
Frameworks/CoreTelephony : 6315.4
Frameworks/CoreWLAN : 1370.6
Frameworks/DirectoryService : 207.200.2
Frameworks/EventKit : 791
Frameworks/Foundation : 1540
Frameworks/GameKit : 563.120
Frameworks/ICADevices : 1517
Frameworks/IOBluetooth : 6.0.8d23
Frameworks/IOBluetoothUI : 6.0.8d23
Frameworks/IOSurface : 250
Frameworks/ImageCaptureCore : 1517
Frameworks/ImageIO : 1778
Frameworks/InputMethodKit : 365.16.10
Frameworks/JavaScriptCore : 14606.1.20.40.2
Frameworks/LocalAuthentication : 425.200.28
Frameworks/MapKit : 1832.20.2.5.67
Frameworks/MediaToolbox : 2280.70.2
Frameworks/Metal : 157.35.1
Frameworks/NaturalLanguage : 1.15.16
Frameworks/NotificationCenter : 717
Frameworks/OpenCL : 2.12.1
Frameworks/OpenDirectory : 207.200.2
Frameworks/OpenGL : 17.0.31
Frameworks/Photos : 3401.2.240
Frameworks/PhotosUI : 3401.2.240
Frameworks/QTKit : 3027
Frameworks/QuartzCore : 672
Frameworks/QuickLook : 767.1
Frameworks/QuickTime : 3027
Frameworks/Ruby : 2.3.7-131.200.2
Frameworks/SafariServices : 14606.1.20.40.2
Frameworks/SceneKit : 459
Frameworks/Security : 58286.200.166
Frameworks/SecurityInterface : 55109.200.6
Frameworks/VideoSubscriberAccount : 270.50
Frameworks/VideoToolbox : 2280.70.2
Frameworks/Vision : 2.0.52
Frameworks/WebKit : 14606.1.20.40.2
PrivateFrameworks/AOSAccounts : 89.3.0.2
PrivateFrameworks/AOSAccountsLite : 89.3.0.2
PrivateFrameworks/AOSKit : 268
PrivateFrameworks/AOSUI : 648.1.0.4
PrivateFrameworks/APTransport : 370.57
PrivateFrameworks/AVConference : 1346
PrivateFrameworks/AVFoundationCF : 275.8
PrivateFrameworks/AccessibilityBundles : 86.7
PrivateFrameworks/AccessibilityPerformance : 91.11
PrivateFrameworks/AccessibilitySupport : 91.11
PrivateFrameworks/AccountsUI : 63.0.0.11
PrivateFrameworks/AddressBookAutocomplete : 1866
PrivateFrameworks/AirPlayReceiver : 370.57
PrivateFrameworks/AirPlaySender : 370.57
PrivateFrameworks/AirPlaySupport : 370.57
PrivateFrameworks/AnnotationKit : 232.3.20
PrivateFrameworks/AppContainer : 360.200.21.21.2
PrivateFrameworks/AppSandbox : 360.200.21.21.2
PrivateFrameworks/Apple80211 : 1375.7
PrivateFrameworks/AppleGVA : 11.7.24
PrivateFrameworks/AppleGVACore : 11.7.24
PrivateFrameworks/AssetCacheServices : 83.2
PrivateFrameworks/AssetCacheServicesExtensions : 83.2
PrivateFrameworks/AssistiveControlSupport : 196.46
PrivateFrameworks/AudioServerApplication : 312.5
PrivateFrameworks/AudioServerDriver : 312.5
PrivateFrameworks/AutoBugCaptureCore : 820.207.78
PrivateFrameworks/BaseBoard : 360.14
PrivateFrameworks/BezelServices : 316
PrivateFrameworks/BookKit : 1152
PrivateFrameworks/BridgeOSInstall : 54
PrivateFrameworks/BridgeOSInstallReporting : 54
PrivateFrameworks/BulkSymbolication : 208
PrivateFrameworks/C2 : 438.16
PrivateFrameworks/CalendarAgent : 414
PrivateFrameworks/CalendarFoundation : 586
PrivateFrameworks/CalendarPersistence : 495
PrivateFrameworks/CalendarUI : 494
PrivateFrameworks/CalendarUIKit : 253
PrivateFrameworks/CallHistory : 861
PrivateFrameworks/Categories : 1.0.35
PrivateFrameworks/CharacterPicker : 128.16.6
PrivateFrameworks/CloudDocs : 575.110
PrivateFrameworks/CloudDocsDaemon : 575.110
PrivateFrameworks/CloudKitDaemon : 736.123
PrivateFrameworks/CloudPhotoLibrary : 3401.3.120
PrivateFrameworks/CloudPhotoServices : 3401.2.240
PrivateFrameworks/CloudServices : 297.200.6
PrivateFrameworks/CommerceKit : 708.0.40.1
PrivateFrameworks/ConfigProfileHelper : 1110
PrivateFrameworks/ConfigurationEngineModel : 20.43
PrivateFrameworks/ConfigurationProfiles : 1110
PrivateFrameworks/ConsoleKit : 4.0.3
PrivateFrameworks/ContactsAssistantServices : 146.10.6.5
PrivateFrameworks/ContactsAutocomplete : 610
PrivateFrameworks/CoreAUC : 269.0.0
PrivateFrameworks/CoreChineseEngine : 391.16.7
PrivateFrameworks/CoreEmoji : 69.15.6
PrivateFrameworks/CoreHAP : 484.0.42.4
PrivateFrameworks/CoreKE : 4.20
PrivateFrameworks/CoreNLP : 130.15.19
PrivateFrameworks/CoreParsec : 213.1.25
PrivateFrameworks/CoreRecognition : 112.2
PrivateFrameworks/CoreRoutine : 558.4.21
PrivateFrameworks/CoreServicesInternal : 357
PrivateFrameworks/CoreSuggestions : 680.89.1
PrivateFrameworks/CoreSuggestionsInternals : 680.89.1
PrivateFrameworks/CoreSymbolication : 64228
PrivateFrameworks/CoreThemeDefinition : 346.18
PrivateFrameworks/CoreUI : 498.28
PrivateFrameworks/CoreUtils : 570.43
PrivateFrameworks/CoreWLANKit : 1370.6
PrivateFrameworks/CoreWiFi : 1370.6
PrivateFrameworks/DFRDisplay : 112.200.11
PrivateFrameworks/DTXConnectionServices : 64251
PrivateFrameworks/DataDetectors : 383
PrivateFrameworks/DataDetectorsCore : 590.14
PrivateFrameworks/DeviceManagement : 20.43
PrivateFrameworks/DirectoryEditor : 46
PrivateFrameworks/DiskImages : 480.200.12
PrivateFrameworks/DiskManagement : 1522
PrivateFrameworks/EasyConfig : 570.43
PrivateFrameworks/Email : 3445.100.13.1
PrivateFrameworks/EmailAddressing : 3445.100.13.1
PrivateFrameworks/EmailCore : 3445.100.13.1
PrivateFrameworks/EmbeddedOSInstall : 109
PrivateFrameworks/Espresso : 111.1
PrivateFrameworks/ExchangeWebServices : 301
PrivateFrameworks/FileProvider : 125.121
PrivateFrameworks/FrontBoardServices : 486.33
PrivateFrameworks/GPUSupport : 17.0.31
PrivateFrameworks/GPUWrangler : 3.22.15
PrivateFrameworks/GameCenter : 563.120
PrivateFrameworks/GameCenterFoundation : 563.120
PrivateFrameworks/GameCenterPrivateUIMac : 563.120
PrivateFrameworks/GameCenterUI : 563.120
PrivateFrameworks/GameKitServices : 1346
PrivateFrameworks/GeoServices : 1364.20.2.5.53
PrivateFrameworks/HDAInterface : 282.7
PrivateFrameworks/HelpData : 179
PrivateFrameworks/HomeKit : 484.0.42.4
PrivateFrameworks/HomeKitDaemon : 484.0.42.4
PrivateFrameworks/IASUtilities : 498.4
PrivateFrameworks/IMAP : 3445.100.13.1
PrivateFrameworks/IOAccelerator : 400.18
PrivateFrameworks/IconServices : 367.1
PrivateFrameworks/InternationalSupport : 10.15.6
PrivateFrameworks/IntlPreferences : 227.15.8
PrivateFrameworks/LanguageModeling : 159.15.14
PrivateFrameworks/Lexicon : 33.15.9
PrivateFrameworks/LinguisticData : 238.15.18
PrivateFrameworks/LinkPresentation : 59.32
PrivateFrameworks/LocalAuthenticationUI : 425.200.28
PrivateFrameworks/LoggingSupport : 906.200.60
PrivateFrameworks/MMCS : 438.16
PrivateFrameworks/MTLCompiler : 157.35.1
PrivateFrameworks/Mail : 3445.100.13.1
PrivateFrameworks/MailCore : 3445.100.13.1
PrivateFrameworks/MailService : 3445.100.13.1
PrivateFrameworks/MailSupport : 3445.100.13.1
PrivateFrameworks/MailUI : 3445.100.13.1
PrivateFrameworks/ManagedClient : 1110
PrivateFrameworks/Mangrove : 25
PrivateFrameworks/MarkupUI : 232.3.20
PrivateFrameworks/MediaControlSender : 370.57
PrivateFrameworks/MetadataUtilities : 1191.27
PrivateFrameworks/MobileAsset : 437.200.29
PrivateFrameworks/Montreal : 42.15.8
PrivateFrameworks/MultitouchSupport : 2400.1.1
PrivateFrameworks/MultiverseSupport : 27.200.10
PrivateFrameworks/NLP : 122.16.11
PrivateFrameworks/NearField : 290.36.2.1.1
PrivateFrameworks/NeutrinoCore : 3401.1.190
PrivateFrameworks/NeutrinoKit : 3401.1.190
PrivateFrameworks/Notes : 878.29
PrivateFrameworks/NotesShared : 878.29
PrivateFrameworks/NotesUI : 878.29
PrivateFrameworks/NotificationCenterUI : 717
PrivateFrameworks/OSInstaller : 1138
PrivateFrameworks/OSPersonalization : 54
PrivateFrameworks/OfficeImport : 265
PrivateFrameworks/PASampling : 208
PrivateFrameworks/PackageKit : 817.1
PrivateFrameworks/ParsecUI : 1191.27
PrivateFrameworks/PerformanceAnalysis : 208
PrivateFrameworks/PhotoAnalysis : 3401.0.240
PrivateFrameworks/PhotoFoundation : 3401.2.240
PrivateFrameworks/PhotoImaging : 3401.1.190
PrivateFrameworks/PhotoLibrary : 3401.2.240
PrivateFrameworks/PhotoLibraryPrivate : 3401.2.240
PrivateFrameworks/PhotosFormats : 3401.2.240
PrivateFrameworks/PhotosImagingFoundation : 3401.2.240
PrivateFrameworks/PhotosPlayer : 3401.2.220
PrivateFrameworks/PhotosUICore : 3401.2.220
PrivateFrameworks/PlacesKit : 3401.2.220
PrivateFrameworks/ProactiveEventTracker : 126.24
PrivateFrameworks/ProactiveML : 126.24
PrivateFrameworks/ProactiveSupport : 126.24
PrivateFrameworks/ProactiveSupportStubs : 126.24
PrivateFrameworks/ProofReader : 430.16.12
PrivateFrameworks/ROCKit : 18.5.1.2
PrivateFrameworks/RTCReporting : 9.35.18
PrivateFrameworks/Rapport : 160.35
PrivateFrameworks/RapportUI : 160.35
PrivateFrameworks/RemoteManagement : 1.59
PrivateFrameworks/RemoteServiceDiscovery : 1336.200.74
PrivateFrameworks/RemoteViewServices : 127
PrivateFrameworks/RemoteXPC : 1336.200.74
PrivateFrameworks/ResponseKit : 109.15.9
PrivateFrameworks/Restore : 490
PrivateFrameworks/Reveal : 6
PrivateFrameworks/RevealCore : 6
PrivateFrameworks/Safari : 14606.1.20.40.2
PrivateFrameworks/SafariCore : 14606.1.20.40.2
PrivateFrameworks/SafariSafeBrowsing : 606.1.20.40.2
PrivateFrameworks/SafariShared : 14606.1.20.40.2
PrivateFrameworks/SafeEjectGPU : 21
PrivateFrameworks/SampleAnalysis : 208
PrivateFrameworks/ScreenReader : 562.48
PrivateFrameworks/ScreenReaderCore : 562.48
PrivateFrameworks/SearchFoundation : 213.1.25
PrivateFrameworks/SecCodeWrapper : 360.200.21.21.2
PrivateFrameworks/SetupAssistantSupport : 104
PrivateFrameworks/Sharing : 1142
PrivateFrameworks/SidecarCore : 23
PrivateFrameworks/SidecarUI : 23
PrivateFrameworks/SignpostCollection : 14
PrivateFrameworks/SignpostNotification : 14
PrivateFrameworks/SignpostSupport : 14
PrivateFrameworks/SiriFoundation : 146.10.6.5
PrivateFrameworks/SiriTTS : 213
PrivateFrameworks/SiriUI : 146.10.6.5
PrivateFrameworks/Slideshows : 1556.29
PrivateFrameworks/SoftwareUpdate : 1140
PrivateFrameworks/SpeechRecognitionCore : 5.0.19
PrivateFrameworks/Spotlight : 1191.27
PrivateFrameworks/SpotlightIndex : 1191.27
PrivateFrameworks/SpotlightServerKit : 1191.27
PrivateFrameworks/SpotlightServices : 1191.27
PrivateFrameworks/StorageKit : 480.13.1
PrivateFrameworks/StoreFoundation : 708.0.40.1
PrivateFrameworks/StoreJavaScript : 708.0.40.1
PrivateFrameworks/StoreUI : 708.0.40.1
PrivateFrameworks/StoreXPCServices : 708.0.40.1
PrivateFrameworks/Suggestions : 222
PrivateFrameworks/Symbolication : 64242
PrivateFrameworks/SymptomDiagnosticReporter : 820.207.78
PrivateFrameworks/SymptomReporter : 820.207.78
PrivateFrameworks/Symptoms : 820.207.78
PrivateFrameworks/SyncedDefaults : 278
PrivateFrameworks/SystemMigration : 1177
PrivateFrameworks/TimeSync : 700.4
PrivateFrameworks/UIFoundation : 550.22
PrivateFrameworks/UIKitHostAppProtocols : 13.3
PrivateFrameworks/UIKitHostAppServices : 13.3
PrivateFrameworks/UIKitSystemAppServices : 13.3
PrivateFrameworks/URLFormatting : 59.32
PrivateFrameworks/UniversalAccess : 361.38
PrivateFrameworks/UsageTracking : 33
PrivateFrameworks/UserActivity : 209
PrivateFrameworks/VectorKit : 1360.20.2.5.42
PrivateFrameworks/VideoProcessing : 699.14
PrivateFrameworks/ViewBridge : 383
PrivateFrameworks/WebDriver : 14606.1.20.40.2
PrivateFrameworks/WebInspector : 14606.1.20.40.2
PrivateFrameworks/WebInspectorUI : 14606.1.20.40.2
PrivateFrameworks/WirelessDiagnostics : 930.9
PrivateFrameworks/ktrace : 271.200.21
PrivateFrameworks/perfdata : 4.200.10
CoreServices/AddPrinter : 555.4
CoreServices/AddressBookUrlForwarder : 1866
CoreServices/AirPlayUIAgent : 370.57
CoreServices/Automator Installer : 444.25
CoreServices/Bluetooth Setup Assistant : 6.0.8d23
CoreServices/BluetoothUIServer : 6.0.8d23
CoreServices/CoreServicesUIAgent : 209.3
CoreServices/DiskImageMounter : 480.200.12
CoreServices/Dock : 1926
CoreServices/Dwell Control : 196.46
CoreServices/Finder : 1120
CoreServices/HelpViewer : 351
CoreServices/Install in Progress : 817.1
CoreServices/Installer Progress : 498.4
CoreServices/Keychain Circle Notification : 58286.200.166
CoreServices/Language Chooser : 565.1
CoreServices/ManagedClient : 1110
CoreServices/NotificationCenter : 717
CoreServices/OBEXAgent : 6.0.8d23
CoreServices/Paired Devices : 160.35
CoreServices/RapportUIAgent : 160.35
CoreServices/Setup Assistant : 2048
CoreServices/Siri : 146.10.6.5
CoreServices/Software Update : 1140
CoreServices/Spotlight : 1191.27
CoreServices/SystemUIServer : 471
CoreServices/UIKitSystem : 13.3
CoreServices/UniversalAccessControl : 361.38
CoreServices/VoiceOver : 562.48
CoreServices/WiFiAgent : 1375.7
CoreServices/cloudphotosd : 3401.2.240
CoreServices/loginwindow : 1920
CoreServices/rcd : 354
CoreServices/screencaptureui : 192
Applications/DVD Player : 5500.72
Applications/Directory Utility : 415
Applications/Feedback Assistant : 350
Applications/System Image Utility : 834
