Applications/Battle.net : 1.12.3 (10493)
Applications/Google Chrome Canary : 3542.0
Applications/Google Chrome : 3497.81
Applications/MacForge : 2
Applications/Magnet : 44
Applications/Mail : 3445.100.39
Applications/Safari Technology Preview : 14607.1.3.3
Utilities/Bluetooth File Exchange : 6.0.8f6
Frameworks/AppKit : 1670
Frameworks/CoreMedia : 2280.133.4
Frameworks/IOBluetooth : 6.0.8f6
Frameworks/IOBluetoothUI : 6.0.8f6
Frameworks/MediaToolbox : 2280.133.4
Frameworks/VideoToolbox : 2280.133.4
PrivateFrameworks/ContactsAssistantServices : 146.10.26
PrivateFrameworks/Email : 3445.100.39
PrivateFrameworks/EmailAddressing : 3445.100.39
PrivateFrameworks/EmailCore : 3445.100.39
PrivateFrameworks/IMAP : 3445.100.39
PrivateFrameworks/Mail : 3445.100.39
PrivateFrameworks/MailCore : 3445.100.39
PrivateFrameworks/MailService : 3445.100.39
PrivateFrameworks/MailSupport : 3445.100.39
PrivateFrameworks/MailUI : 3445.100.39
PrivateFrameworks/Sharing : 1176.11
PrivateFrameworks/SiriFoundation : 146.10.26
PrivateFrameworks/SiriUI : 146.10.26
PrivateFrameworks/ViewBridge : 400.1
CoreServices/Bluetooth Setup Assistant : 6.0.8f6
CoreServices/BluetoothUIServer : 6.0.8f6
CoreServices/OBEXAgent : 6.0.8f6
CoreServices/Setup Assistant : 2077
CoreServices/Siri : 146.10.26
Frameworks/MessageUI : 3445.100.39
PrivateFrameworks/MIME : 3445.100.39
PrivateFrameworks/MessageSupport : 3445.100.39
