Applications/Automator : 444.32
Applications/Books : 1633
Applications/Calendar : 2241
Applications/Contacts : 1875.1
Applications/Dashboard : 35
Applications/Dictionary : 203.16.10
Applications/Font Book : 328
Applications/Google Chrome Canary : 3507.0
Applications/Google Chrome : 3440.75
Applications/HSTracker : 1934
Applications/Launchpad : 35
Applications/Mail : 3445.100.22.3
Applications/Maps : 2132.20.2.5.85
Applications/Mission Control : 35
Applications/News : 1627.1
Applications/Notes : 878.54
Applications/Photos : 3401.4.130
Applications/Preview : 944.6.15
Applications/QuickTime Player : 928.50
Applications/Reminders : 1482
Applications/Safari Technology Preview : 14606.1.25.1
Applications/Safari : 14606.1.30
Applications/Siri : 35
Applications/Stocks : 101.2
Applications/TextEdit : 339
Applications/Time Machine : 35
Applications/TotalFinder : 1.11.1
Applications/stts : 27
Utilities/AirPort Utility : 639.6
Utilities/Bluetooth File Exchange : 6.0.8d38
Utilities/Boot Camp Assistant : 6067.200.8
Utilities/ColorSync Utility : 308
Utilities/Disk Utility : 1661
Utilities/Keychain Access : 55237.200.13
Utilities/Screenshot : 35
Utilities/Terminal : 414
Utilities/VoiceOver Utility : 562.67
Frameworks/AVFoundation : 1540.98
Frameworks/AVKit : 445.50.45
Frameworks/AddressBook : 1875.1
Frameworks/AppKit : 1651.10.100
Frameworks/Automator : 444.32
Frameworks/CFNetwork : 969
Frameworks/CloudKit : 736.129
Frameworks/Collaboration : 81
Frameworks/ColorSync : 3340
Frameworks/Contacts : 2893
Frameworks/ContactsUI : 1875.1
Frameworks/CoreData : 864.7
Frameworks/CoreDisplay : 101.17.6
Frameworks/CoreFoundation : 1548.11.1
Frameworks/CoreGraphics : 1245.2.1
Frameworks/CoreImage : 657.2
Frameworks/CoreLocation : 2245.4.97
Frameworks/CoreMedia : 2280.110
Frameworks/CoreServices : 929.2
Frameworks/CoreSpotlight : 231.42.1
Frameworks/CoreTelephony : 6356
Frameworks/EventKit : 803.1
Frameworks/Foundation : 1548.11.1
Frameworks/GameKit : 563.125
Frameworks/ICADevices : 1529.2
Frameworks/IOBluetooth : 6.0.8d38
Frameworks/IOBluetoothUI : 6.0.8d38
Frameworks/IOSurface : 254
Frameworks/ImageCaptureCore : 1529.2
Frameworks/ImageIO : 1796.1
Frameworks/InputMethodKit : 365.16.18
Frameworks/InstallerPlugins : 932
Frameworks/JavaScriptCore : 14606.1.30
Frameworks/LocalAuthentication : 425.200.44
Frameworks/MapKit : 1832.20.2.5.86
Frameworks/MediaAccessibility : 114.4
Frameworks/MediaLibrary : 757
Frameworks/MediaToolbox : 2280.110
Frameworks/Metal : 157.51
Frameworks/MetalKit : 113
Frameworks/MultipeerConnectivity : 155
Frameworks/NaturalLanguage : 1.15.19
Frameworks/NotificationCenter : 737
Frameworks/OpenGL : 17.0.35
Frameworks/Photos : 3401.4.130
Frameworks/PhotosUI : 3401.4.130
Frameworks/QTKit : 3034
Frameworks/QuartzCore : 693.4
Frameworks/QuickLook : 772
Frameworks/QuickTime : 3034
Frameworks/SafariServices : 14606.1.30
Frameworks/SceneKit : 466
Frameworks/ScriptingBridge : 77
Frameworks/Security : 58286.200.211.51.2
Frameworks/SecurityInterface : 55109.200.8
Frameworks/VideoToolbox : 2280.110
Frameworks/Vision : 2.0.60
Frameworks/WebKit : 14606.1.30
PrivateFrameworks/AOSAccounts : 89.3.0.4
PrivateFrameworks/AOSAccountsLite : 89.3.0.4
PrivateFrameworks/AOSKit : 270
PrivateFrameworks/AOSUI : 648.2.0.5
PrivateFrameworks/APTransport : 370.88
PrivateFrameworks/AVConference : 1423.4.1
PrivateFrameworks/AVFoundationCF : 275.12
PrivateFrameworks/AccessibilityBundles : 86.13
PrivateFrameworks/AccessibilityPerformance : 91.18
PrivateFrameworks/AccessibilitySupport : 91.18
PrivateFrameworks/AccountsUI : 63.1.0.4
PrivateFrameworks/AddressBookAutocomplete : 1875.1
PrivateFrameworks/AirPlayReceiver : 370.88
PrivateFrameworks/AirPlaySender : 370.88
PrivateFrameworks/AirPlaySupport : 370.88
PrivateFrameworks/AirTrafficHost : 4016.100.29
PrivateFrameworks/AnnotationKit : 232.3.25.2
PrivateFrameworks/AppContainer : 360.200.30
PrivateFrameworks/AppSandbox : 360.200.30
PrivateFrameworks/Apple80211 : 1375.13
PrivateFrameworks/AppleGVA : 11.7.31
PrivateFrameworks/AppleGVACore : 11.7.31
PrivateFrameworks/AssetCacheServices : 83.3
PrivateFrameworks/AssetCacheServicesExtensions : 83.3
PrivateFrameworks/AssistiveControlSupport : 196.63
PrivateFrameworks/AudioServerApplication : 400.2
PrivateFrameworks/AudioServerDriver : 400.2
PrivateFrameworks/AutoBugCaptureCore : 820.207.88
PrivateFrameworks/Bom : 197
PrivateFrameworks/BookKit : 1156
PrivateFrameworks/BookmarkDAV : 133
PrivateFrameworks/BridgeOSInstall : 56
PrivateFrameworks/BridgeOSInstallReporting : 56
PrivateFrameworks/BulkSymbolication : 214
PrivateFrameworks/CalendarAgent : 416
PrivateFrameworks/CalendarFoundation : 590
PrivateFrameworks/CalendarPersistence : 499
PrivateFrameworks/CalendarUI : 500
PrivateFrameworks/CalendarUIKit : 259
PrivateFrameworks/CallHistory : 870
PrivateFrameworks/Categories : 1.0.44
PrivateFrameworks/CharacterPicker : 128.16.10
PrivateFrameworks/CloudDocs : 575.120
PrivateFrameworks/CloudDocsDaemon : 575.120
PrivateFrameworks/CloudKitDaemon : 736.129
PrivateFrameworks/CloudPhotoLibrary : 3401.4.160
PrivateFrameworks/CloudPhotoServices : 3401.4.130
PrivateFrameworks/CommerceKit : 708.0.65
PrivateFrameworks/ConfigProfileHelper : 1116
PrivateFrameworks/ConfigurationEngineModel : 20.60
PrivateFrameworks/ConfigurationProfiles : 1116
PrivateFrameworks/ContactsAssistantServices : 146.10.22
PrivateFrameworks/CoreChineseEngine : 391.16.10
PrivateFrameworks/CoreDAV : 347
PrivateFrameworks/CoreHAP : 484.0.59.0.1
PrivateFrameworks/CoreKE : 4.23
PrivateFrameworks/CoreNLP : 130.15.22
PrivateFrameworks/CoreParsec : 213.1.39
PrivateFrameworks/CoreRoutine : 558.4.40
PrivateFrameworks/CoreSuggestions : 680.107
PrivateFrameworks/CoreSuggestionsInternals : 680.107
PrivateFrameworks/CoreSymbolication : 64235
PrivateFrameworks/CoreThemeDefinition : 346.25
PrivateFrameworks/CoreTime : 256
PrivateFrameworks/CoreUI : 498.36
PrivateFrameworks/CoreUtils : 570.66
PrivateFrameworks/CrashReporterSupport : 938.20
PrivateFrameworks/DFRFoundation : 209
PrivateFrameworks/DTXConnectionServices : 64258
PrivateFrameworks/DataDetectors : 390
PrivateFrameworks/DataDetectorsCore : 590.22
PrivateFrameworks/DeviceManagement : 20.60
PrivateFrameworks/DirectoryEditor : 47
PrivateFrameworks/DiskImages : 480.200.15
PrivateFrameworks/DiskManagement : 1528
PrivateFrameworks/EasyConfig : 570.66
PrivateFrameworks/Email : 3445.100.22.3
PrivateFrameworks/EmailAddressing : 3445.100.22.3
PrivateFrameworks/EmailCore : 3445.100.22.3
PrivateFrameworks/Espresso : 120
PrivateFrameworks/ExchangeWebServices : 307
PrivateFrameworks/FaceCore : 3.3.4
PrivateFrameworks/FileProvider : 125.128
PrivateFrameworks/FindMyMac : 57.0.0.1
PrivateFrameworks/FlightUtilities : 115.9
PrivateFrameworks/FrontBoardServices : 486.43
PrivateFrameworks/GPUSupport : 17.0.35
PrivateFrameworks/GameCenter : 563.125
PrivateFrameworks/GameCenterFoundation : 563.125
PrivateFrameworks/GameCenterPrivateUIMac : 563.125
PrivateFrameworks/GameCenterUI : 563.125
PrivateFrameworks/GameKitServices : 1423.4.1
PrivateFrameworks/GeoServices : 1364.20.2.5.68
PrivateFrameworks/HomeKit : 484.0.59.0.1
PrivateFrameworks/HomeKitDaemon : 484.0.59.0.1
PrivateFrameworks/IASUtilities : 502.1
PrivateFrameworks/IMAP : 3445.100.22.3
PrivateFrameworks/IOAccelerator : 400.20
PrivateFrameworks/IconServices : 371
PrivateFrameworks/LinguisticData : 238.15.27
PrivateFrameworks/LocalAuthenticationUI : 425.200.44
PrivateFrameworks/LoggingSupport : 906.200.78
PrivateFrameworks/Lookup : 251
PrivateFrameworks/MTLCompiler : 157.51
PrivateFrameworks/Mail : 3445.100.22.3
PrivateFrameworks/MailCore : 3445.100.22.3
PrivateFrameworks/MailService : 3445.100.22.3
PrivateFrameworks/MailSupport : 3445.100.22.3
PrivateFrameworks/MailUI : 3445.100.22.3
PrivateFrameworks/ManagedClient : 1116
PrivateFrameworks/MarkupUI : 232.3.25.2
PrivateFrameworks/MediaControlSender : 370.88
PrivateFrameworks/MediaKit : 906
PrivateFrameworks/MetadataUtilities : 1191.38
PrivateFrameworks/MobileActivationMacOS : 
PrivateFrameworks/MobileAsset : 437.200.45.51.1
PrivateFrameworks/MobileDevice : 988.200.72
PrivateFrameworks/MultitouchSupport : 2400.9.2
PrivateFrameworks/MultiverseSupport : 27.200.14
PrivateFrameworks/NearField : 290.44.1
PrivateFrameworks/NeutrinoCore : 3401.2.110
PrivateFrameworks/NeutrinoKit : 3401.2.110
PrivateFrameworks/Notes : 878.54
PrivateFrameworks/NotesShared : 878.54
PrivateFrameworks/NotesUI : 878.54
PrivateFrameworks/NotificationCenterUI : 737
PrivateFrameworks/OSInstaller : 1147.1
PrivateFrameworks/PASampling : 214
PrivateFrameworks/PIP : 92
PrivateFrameworks/PackageKit : 825
PrivateFrameworks/ParsecUI : 1191.38
PrivateFrameworks/PerformanceAnalysis : 214
PrivateFrameworks/PhotoFoundation : 3401.4.130
PrivateFrameworks/PhotoImaging : 3401.2.110
PrivateFrameworks/PhotoLibrary : 3401.4.130
PrivateFrameworks/PhotoLibraryPrivate : 3401.4.130
PrivateFrameworks/PhotosFormats : 3401.4.130
PrivateFrameworks/PhotosImagingFoundation : 3401.4.130
PrivateFrameworks/PhotosUICore : 3401.4.130
PrivateFrameworks/PlacesKit : 3401.4.130
PrivateFrameworks/ProactiveEventTracker : 126.31
PrivateFrameworks/ProactiveML : 126.31
PrivateFrameworks/ProactiveSupport : 126.31
PrivateFrameworks/ProactiveSupportStubs : 126.31
PrivateFrameworks/ROCKit : 22.6
PrivateFrameworks/RTCReporting : 9.35.24
PrivateFrameworks/Rapport : 160.57
PrivateFrameworks/RapportUI : 160.57
PrivateFrameworks/RemoteManagement : 1.74
PrivateFrameworks/RemoteServiceDiscovery : 1336.200.95
PrivateFrameworks/RemoteXPC : 1336.200.95
PrivateFrameworks/ResponseKit : 109.15.12
PrivateFrameworks/Safari : 14606.1.30
PrivateFrameworks/SafariCore : 14606.1.30
PrivateFrameworks/SafariSafeBrowsing : 606.1.30
PrivateFrameworks/SafariShared : 14606.1.30
PrivateFrameworks/SafeEjectGPU : 24
PrivateFrameworks/SampleAnalysis : 214
PrivateFrameworks/ScreenReader : 562.67
PrivateFrameworks/ScreenReaderCore : 562.67
PrivateFrameworks/SearchFoundation : 213.1.39
PrivateFrameworks/SecCodeWrapper : 360.200.30
PrivateFrameworks/ShareKit : 577
PrivateFrameworks/Sharing : 1173
PrivateFrameworks/SidecarCore : 36
PrivateFrameworks/SidecarUI : 36
PrivateFrameworks/SiriFoundation : 146.10.22
PrivateFrameworks/SiriTTS : 216
PrivateFrameworks/SiriUI : 146.10.22
PrivateFrameworks/SoftwareUpdate : 1161
PrivateFrameworks/SpeechRecognitionCommandServices : 3.0.0
PrivateFrameworks/SpeechRecognitionCore : 5.0.21
PrivateFrameworks/Spotlight : 1191.38
PrivateFrameworks/SpotlightIndex : 1191.38
PrivateFrameworks/SpotlightServerKit : 1191.38
PrivateFrameworks/SpotlightServices : 1191.38
PrivateFrameworks/StoreFoundation : 708.0.65
PrivateFrameworks/StoreJavaScript : 708.0.65
PrivateFrameworks/StoreUI : 708.0.65
PrivateFrameworks/StoreXPCServices : 708.0.65
PrivateFrameworks/Suggestions : 225
PrivateFrameworks/Symbolication : 64254.1
PrivateFrameworks/SymptomDiagnosticReporter : 820.207.88
PrivateFrameworks/SymptomReporter : 820.207.88
PrivateFrameworks/Symptoms : 820.207.88
PrivateFrameworks/SyncedDefaults : 280
PrivateFrameworks/SystemMigration : 1184
PrivateFrameworks/TimeSync : 700.7
PrivateFrameworks/Tourist : 1.0.60
PrivateFrameworks/UIFoundation : 550.28.3
PrivateFrameworks/UIKitHostAppProtocols : 27.2
PrivateFrameworks/UIKitHostAppServices : 27.2
PrivateFrameworks/UIKitSystemAppServices : 27.2
PrivateFrameworks/UniversalAccess : 361.46
PrivateFrameworks/UsageTracking : 42
PrivateFrameworks/UserActivity : 213
PrivateFrameworks/VectorKit : 1360.20.2.5.55
PrivateFrameworks/VideoProcessing : 699.26
PrivateFrameworks/ViewBridge : 394
PrivateFrameworks/VisualPairing : 120.2
PrivateFrameworks/WebDriver : 14606.1.30
PrivateFrameworks/WebInspector : 14606.1.30
PrivateFrameworks/WebInspectorUI : 14606.1.30
PrivateFrameworks/WirelessDiagnostics : 930.11
PrivateFrameworks/iLifeMediaBrowser : 757
PrivateFrameworks/ktrace : 271.200.27
PrivateFrameworks/perfdata : 4.200.14
CoreServices/AddressBookUrlForwarder : 1875.1
CoreServices/AirPlayUIAgent : 370.88
CoreServices/Automator Installer : 444.32
CoreServices/Bluetooth Setup Assistant : 6.0.8d38
CoreServices/BluetoothUIServer : 6.0.8d38
CoreServices/ControlStrip : 190
CoreServices/CoreServicesUIAgent : 214
CoreServices/DiskImageMounter : 480.200.15
CoreServices/Dock : 1952
CoreServices/Dwell Control : 196.63
CoreServices/Finder : 1130
CoreServices/HelpViewer : 356
CoreServices/Install in Progress : 825
CoreServices/Installer Progress : 502.1
CoreServices/Installer : 932
CoreServices/Keychain Circle Notification : 58286.200.211.51.2
CoreServices/Language Chooser : 568
CoreServices/ManagedClient : 1116
CoreServices/NotificationCenter : 737
CoreServices/OBEXAgent : 6.0.8d38
CoreServices/PIPAgent : 92
CoreServices/Paired Devices : 160.57
CoreServices/Problem Reporter : 938.20
CoreServices/RapportUIAgent : 160.57
CoreServices/Setup Assistant : 2067
CoreServices/Siri : 146.10.22
CoreServices/Software Update : 1161
CoreServices/Spotlight : 1191.38
CoreServices/SystemUIServer : 479
CoreServices/UIKitSystem : 27.2
CoreServices/UniversalAccessControl : 361.46
CoreServices/VoiceOver : 562.67
CoreServices/WiFiAgent : 1375.13
CoreServices/cloudphotosd : 3401.4.130
CoreServices/loginwindow : 1928
CoreServices/screencaptureui : 220
Applications/Archive Utility : 101
Applications/Directory Utility : 419
Applications/Feedback Assistant : 356
Applications/Folder Actions Setup : 31
Frameworks/ContactsUI : 466
Frameworks/MessageUI : 3445.100.22.1
Frameworks/MobileCoreServices : 929.2
PrivateFrameworks/FrontBoard : 486.43
PrivateFrameworks/FrontBoardUIServices : 486.43
PrivateFrameworks/MIME : 3445.100.22.1
PrivateFrameworks/MessageSupport : 3445.100.22.1
PrivateFrameworks/MobileIcons : 371
PrivateFrameworks/NewsCore : 1627.1
PrivateFrameworks/NewsFeedLayout : 1627.1
PrivateFrameworks/NewsFoundation : 1627.1
PrivateFrameworks/NewsServicesInternal : 1627.1
PrivateFrameworks/NewsTransport : 1627.1
PrivateFrameworks/NewsUI : 1627.1
PrivateFrameworks/RemoteConfiguration : 1627.1
PrivateFrameworks/Silex : 1627.1
PrivateFrameworks/TSReading : 246
PrivateFrameworks/TSUtility : 246
PrivateFrameworks/WebCore : 14606.1.30
PrivateFrameworks/WebKitLegacy : 14606.1.30
