Applications/Asset Catalog Tinkerer : 251
Applications/Automator : 444.26
Applications/Battle.net : 1.12.1 (10253)
Applications/Books : 1618
Applications/Calendar : 2234
Applications/Contacts : 1869
Applications/Dictionary : 203.16.8
Applications/Firefox : 6118.6.21
Applications/Font Book : 324
Applications/GarageBand : 4906.30
Applications/GitHub Desktop : 1.2.6
Applications/Google Chrome Canary : 3480.0
Applications/Google Chrome : 3396.99
Applications/HSTracker : 1927
Applications/HiddenMe : 29
Applications/Mail : 3445.100.15
Applications/Maps : 2132.20.2.5.69
Applications/News : 1606
Applications/Notes : 878.39
Applications/Photos : 3401.3.150
Applications/Plex Media Server : 1.13.2.5154
Applications/Preview : 944.6.12
Applications/QuickTime Player : 928.46
Applications/Reminders : 1479
Applications/Safari Technology Preview : 14606.1.23.1
Applications/Safari : 14606.1.22.2
Applications/Spotify : 1.0.84.344.gfc674f6f-17
Applications/Stocks : 82
Applications/Visual Studio Code : 1.24.1
Applications/Xcode-beta : 14274.19
Utilities/AirPort Utility : 639.2
Utilities/Bluetooth File Exchange : 6.0.8d27
Utilities/Boot Camp Assistant : 6067.200.5
Utilities/Console : 3.0.13
Utilities/Keychain Access : 55237.200.10
Utilities/Script Editor : 200
Utilities/Terminal : 410
Utilities/VoiceOver Utility : 562.53
Frameworks/AVFoundation : 1540.74
Frameworks/AVKit : 445.50.35
Frameworks/AddressBook : 1869
Frameworks/AppKit : 1643.10.101
Frameworks/AudioVideoBridging : 700.6
Frameworks/Automator : 444.26
Frameworks/CFNetwork : 958.1
Frameworks/CloudKit : 736.125
Frameworks/ColorSync : 3334
Frameworks/Contacts : 2885
Frameworks/ContactsUI : 1869
Frameworks/CoreData : 864.1
Frameworks/CoreFoundation : 1542
Frameworks/CoreGraphics : 1232
Frameworks/CoreImage : 650.1
Frameworks/CoreLocation : 2245.4.76
Frameworks/CoreMedia : 2280.85.2
Frameworks/CoreMediaIO : 5023
Frameworks/CoreServices : 925.2
Frameworks/CoreSpotlight : 231.36
Frameworks/CoreTelephony : 6330
Frameworks/DVDPlayback : 5960.4.5
Frameworks/DirectoryService : 207.200.3
Frameworks/EventKit : 794
Frameworks/FWAUserLib : 270.12
Frameworks/Foundation : 1542
Frameworks/GameKit : 563.121
Frameworks/ICADevices : 1521
Frameworks/IOBluetooth : 6.0.8d27
Frameworks/IOBluetoothUI : 6.0.8d27
Frameworks/IOSurface : 251
Frameworks/ImageCaptureCore : 1521
Frameworks/ImageIO : 1787
Frameworks/InputMethodKit : 365.16.12
Frameworks/InstallerPlugins : 930
Frameworks/JavaScriptCore : 14606.1.22.2
Frameworks/LocalAuthentication : 425.200.34
Frameworks/MapKit : 1832.20.2.5.72
Frameworks/MediaLibrary : 756
Frameworks/MediaToolbox : 2280.85.2
Frameworks/Metal : 157.38.1
Frameworks/NaturalLanguage : 1.15.17
Frameworks/NotificationCenter : 722
Frameworks/OpenDirectory : 207.200.3
Frameworks/Photos : 3401.3.150
Frameworks/PhotosUI : 3401.3.150
Frameworks/Quartz : 23
Frameworks/QuartzCore : 681.62
Frameworks/QuickLook : 769
Frameworks/SafariServices : 14606.1.22.2
Frameworks/SceneKit : 462
Frameworks/ScriptingBridge : 75
Frameworks/Security : 58286.200.178
Frameworks/VideoToolbox : 2280.85.2
Frameworks/Vision : 2.0.551
Frameworks/WebKit : 14606.1.22.2
PrivateFrameworks/AOSKit : 269
PrivateFrameworks/AOSUI : 648.2.0.1
PrivateFrameworks/APTransport : 370.67
PrivateFrameworks/AVConference : 1404
PrivateFrameworks/AccessibilityPerformance : 91.12
PrivateFrameworks/AccessibilitySupport : 91.12
PrivateFrameworks/AccountsUI : 63.1.0.1
PrivateFrameworks/AddressBookAutocomplete : 1869
PrivateFrameworks/AirPlayReceiver : 370.67
PrivateFrameworks/AirPlaySender : 370.67
PrivateFrameworks/AirPlaySupport : 370.67
PrivateFrameworks/AirTrafficHost : 4016.100.26
PrivateFrameworks/AnnotationKit : 232.3.22
PrivateFrameworks/AppContainer : 360.200.23
PrivateFrameworks/AppSandbox : 360.200.23
PrivateFrameworks/Apple80211 : 1375.9
PrivateFrameworks/AppleGVA : 11.7.27
PrivateFrameworks/AppleGVACore : 11.7.27
PrivateFrameworks/AppleScript : 388
PrivateFrameworks/AppleVPA : 3.9.9
PrivateFrameworks/AssistiveControlSupport : 196.52
PrivateFrameworks/AutoBugCaptureCore : 820.207.83
PrivateFrameworks/BaseBoard : 360.17
PrivateFrameworks/BezelServices : 317
PrivateFrameworks/Bom : 196
PrivateFrameworks/BookKit : 1153
PrivateFrameworks/C2 : 438.19
PrivateFrameworks/CalendarFoundation : 587
PrivateFrameworks/CalendarPersistence : 496
PrivateFrameworks/CalendarUI : 495
PrivateFrameworks/CalendarUIKit : 256
PrivateFrameworks/CallHistory : 863
PrivateFrameworks/Catalyst : 5.4
PrivateFrameworks/Categories : 1.0.40
PrivateFrameworks/CharacterPicker : 128.16.8
PrivateFrameworks/CloudDocs : 575.113
PrivateFrameworks/CloudDocsDaemon : 575.113
PrivateFrameworks/CloudKitDaemon : 736.125
PrivateFrameworks/CloudPhotoLibrary : 3401.3.190
PrivateFrameworks/CloudPhotoServices : 3401.3.150
PrivateFrameworks/CloudServices : 297.200.7
PrivateFrameworks/CommerceKit : 708.0.47.1
PrivateFrameworks/ConfigProfileHelper : 1112
PrivateFrameworks/ConfigurationEngineModel : 20.51
PrivateFrameworks/ConfigurationProfiles : 1112
PrivateFrameworks/ConsoleKit : 4.0.4
PrivateFrameworks/ContactsAssistantServices : 146.10.15.1
PrivateFrameworks/ContactsAutocomplete : 611
PrivateFrameworks/CoreAUC : 271.0.0
PrivateFrameworks/CoreChineseEngine : 391.16.8
PrivateFrameworks/CoreEmoji : 69.15.8
PrivateFrameworks/CoreHAP : 484.0.50.0.3
PrivateFrameworks/CoreParsec : 213.1.28
PrivateFrameworks/CoreRoutine : 558.4.27.3.1
PrivateFrameworks/CoreSuggestions : 680.94
PrivateFrameworks/CoreSuggestionsInternals : 680.94
PrivateFrameworks/CoreSymbolication : 64231
PrivateFrameworks/CoreThemeDefinition : 346.20
PrivateFrameworks/CoreTime : 252
PrivateFrameworks/CoreUI : 498.31
PrivateFrameworks/CoreUtils : 570.51
PrivateFrameworks/DFRDisplay : 112.200.13
PrivateFrameworks/DTXConnectionServices : 64253
PrivateFrameworks/DataDetectors : 388
PrivateFrameworks/DataDetectorsCore : 590.17
PrivateFrameworks/DebugSymbols : 185
PrivateFrameworks/DeviceManagement : 20.51
PrivateFrameworks/DiskManagement : 1525
PrivateFrameworks/EasyConfig : 570.51
PrivateFrameworks/Email : 3445.100.15
PrivateFrameworks/EmailAddressing : 3445.100.15
PrivateFrameworks/EmailCore : 3445.100.15
PrivateFrameworks/EmbeddedOSInstall : 110
PrivateFrameworks/Espresso : 114
PrivateFrameworks/ExchangeWebServices : 304
PrivateFrameworks/FileProvider : 125.123
PrivateFrameworks/FlightUtilities : 115.7
PrivateFrameworks/FrontBoardServices : 486.38
PrivateFrameworks/GPUWrangler : 3.22.17
PrivateFrameworks/GameCenter : 563.121
PrivateFrameworks/GameCenterFoundation : 563.121
PrivateFrameworks/GameCenterPrivateUIMac : 563.121
PrivateFrameworks/GameCenterUI : 563.121
PrivateFrameworks/GameKitServices : 1404
PrivateFrameworks/GeoServices : 1364.20.2.5.58
PrivateFrameworks/HDAInterface : 282.10
PrivateFrameworks/HelpData : 180
PrivateFrameworks/HomeKit : 484.0.50.0.3
PrivateFrameworks/HomeKitDaemon : 484.0.50.0.3
PrivateFrameworks/IASUtilities : 498.6
PrivateFrameworks/IMAP : 3445.100.15
PrivateFrameworks/IconServices : 369.0
PrivateFrameworks/LinguisticData : 238.15.20
PrivateFrameworks/LinkPresentation : 59.33
PrivateFrameworks/LocalAuthenticationUI : 425.200.34
PrivateFrameworks/LoggingSupport : 906.200.66
PrivateFrameworks/Lookup : 248
PrivateFrameworks/MMCS : 438.19
PrivateFrameworks/MTLCompiler : 157.38.1
PrivateFrameworks/Mail : 3445.100.15
PrivateFrameworks/MailCore : 3445.100.15
PrivateFrameworks/MailService : 3445.100.15
PrivateFrameworks/MailSupport : 3445.100.15
PrivateFrameworks/MailUI : 3445.100.15
PrivateFrameworks/ManagedClient : 1112
PrivateFrameworks/MarkupUI : 232.3.22
PrivateFrameworks/MediaControlSender : 370.67
PrivateFrameworks/MetadataUtilities : 1191.31
PrivateFrameworks/MobileAsset : 437.200.37
PrivateFrameworks/MobileDevice : 988.200.50.100.5
PrivateFrameworks/MultitouchSupport : 2400.2
PrivateFrameworks/MultiverseSupport : 27.200.13
PrivateFrameworks/NearField : 290.38.1.2
PrivateFrameworks/NeutrinoCore : 3401.1.210
PrivateFrameworks/NeutrinoKit : 3401.1.210
PrivateFrameworks/Notes : 878.39
PrivateFrameworks/NotesShared : 878.39
PrivateFrameworks/NotesUI : 878.39
PrivateFrameworks/NotificationCenterUI : 722
PrivateFrameworks/OSInstaller : 1140.1.1
PrivateFrameworks/PIP : 90
PrivateFrameworks/PSNormalizer : 24
PrivateFrameworks/PackageKit : 822
PrivateFrameworks/ParsecUI : 1191.31
PrivateFrameworks/PhotoFoundation : 3401.3.150
PrivateFrameworks/PhotoImaging : 3401.1.210
PrivateFrameworks/PhotoLibrary : 3401.3.150
PrivateFrameworks/PhotoLibraryPrivate : 3401.3.150
PrivateFrameworks/PhotosFormats : 3401.3.150
PrivateFrameworks/PhotosImagingFoundation : 3401.3.150
PrivateFrameworks/PhotosUICore : 3401.3.130
PrivateFrameworks/PlacesKit : 3401.3.130
PrivateFrameworks/ProactiveEventTracker : 126.26
PrivateFrameworks/ProactiveML : 126.26
PrivateFrameworks/ProactiveSupport : 126.26
PrivateFrameworks/ProactiveSupportStubs : 126.26
PrivateFrameworks/ROCKit : 21.1
PrivateFrameworks/RTCReporting : 9.35.20
PrivateFrameworks/Rapport : 160.41
PrivateFrameworks/RapportUI : 160.41
PrivateFrameworks/RemoteManagement : 1.65
PrivateFrameworks/RemoteServiceDiscovery : 1336.200.79
PrivateFrameworks/RemoteViewServices : 128
PrivateFrameworks/RemoteXPC : 1336.200.79
PrivateFrameworks/ResponseKit : 109.15.10
PrivateFrameworks/Safari : 14606.1.22.2
PrivateFrameworks/SafariCore : 14606.1.22.2
PrivateFrameworks/SafariSafeBrowsing : 606.1.22.2
PrivateFrameworks/SafariShared : 14606.1.22.2
PrivateFrameworks/SafeEjectGPU : 23
PrivateFrameworks/ScreenReader : 562.53
PrivateFrameworks/ScreenReaderCore : 562.53
PrivateFrameworks/ScreenSharing : 498.106
PrivateFrameworks/SearchFoundation : 213.1.28
PrivateFrameworks/SecCodeWrapper : 360.200.23
PrivateFrameworks/ShareKit : 571
PrivateFrameworks/Sharing : 1153
PrivateFrameworks/SidecarCore : 26
PrivateFrameworks/SidecarUI : 26
PrivateFrameworks/SignpostCollection : 16
PrivateFrameworks/SignpostNotification : 16
PrivateFrameworks/SignpostSupport : 16
PrivateFrameworks/SiriFoundation : 146.10.15.1
PrivateFrameworks/SiriTTS : 214
PrivateFrameworks/SiriUI : 146.10.15.1
PrivateFrameworks/SoftwareUpdate : 1146
PrivateFrameworks/SpeechObjects : 8.0.3
PrivateFrameworks/Spotlight : 1191.31
PrivateFrameworks/SpotlightIndex : 1191.31
PrivateFrameworks/SpotlightServerKit : 1191.31
PrivateFrameworks/SpotlightServices : 1191.31
PrivateFrameworks/StorageKit : 480.17
PrivateFrameworks/StoreFoundation : 708.0.47.1
PrivateFrameworks/StoreJavaScript : 708.0.47.1
PrivateFrameworks/StoreUI : 708.0.47.1
PrivateFrameworks/StoreXPCServices : 708.0.47.1
PrivateFrameworks/Symbolication : 64247
PrivateFrameworks/SymptomDiagnosticReporter : 820.207.83
PrivateFrameworks/SymptomReporter : 820.207.83
PrivateFrameworks/Symptoms : 820.207.83
PrivateFrameworks/SyncedDefaults : 279
PrivateFrameworks/SystemMigration : 1179.1
PrivateFrameworks/TimeSync : 700.6
PrivateFrameworks/Tourist : 1.0.58
PrivateFrameworks/UIFoundation : 550.23
PrivateFrameworks/UIKitHostAppProtocols : 18
PrivateFrameworks/UIKitHostAppServices : 18
PrivateFrameworks/UIKitSystemAppServices : 18
PrivateFrameworks/URLFormatting : 59.33
PrivateFrameworks/UniversalAccess : 361.39
PrivateFrameworks/UsageTracking : 37
PrivateFrameworks/UserActivity : 210
PrivateFrameworks/VectorKit : 1360.20.2.5.48
PrivateFrameworks/VideoProcessing : 699.18
PrivateFrameworks/ViewBridge : 388
PrivateFrameworks/WebDriver : 14606.1.22.2
PrivateFrameworks/WebInspector : 14606.1.22.2
PrivateFrameworks/WebInspectorUI : 14606.1.22.2
PrivateFrameworks/WirelessDiagnostics : 930.10
PrivateFrameworks/iLifeMediaBrowser : 756
PrivateFrameworks/ktrace : 271.200.22
CoreServices/AddressBookUrlForwarder : 1869
CoreServices/AirPlayUIAgent : 370.67
CoreServices/AppleScript Utility : 38
CoreServices/Automator Installer : 444.26
CoreServices/Bluetooth Setup Assistant : 6.0.8d27
CoreServices/BluetoothUIServer : 6.0.8d27
CoreServices/CoreServicesUIAgent : 210
CoreServices/Dock : 1930
CoreServices/Dwell Control : 196.52
CoreServices/Finder : 1123
CoreServices/HelpViewer : 352
CoreServices/Install in Progress : 822
CoreServices/Installer Progress : 498.6
CoreServices/Installer : 930
CoreServices/Keychain Circle Notification : 58286.200.178
CoreServices/Language Chooser : 566.1
CoreServices/ManagedClient : 1112
CoreServices/NotificationCenter : 722
CoreServices/OBEXAgent : 6.0.8d27
CoreServices/PIPAgent : 90
CoreServices/Paired Devices : 160.41
CoreServices/RapportUIAgent : 160.41
CoreServices/Setup Assistant : 2049.1
CoreServices/Siri : 146.10.15.1
CoreServices/Software Update : 1146
CoreServices/Spotlight : 1191.31
CoreServices/SystemUIServer : 475
CoreServices/UIKitSystem : 18
CoreServices/UniversalAccessControl : 361.39
CoreServices/VoiceOver : 562.53
CoreServices/WiFiAgent : 1375.9
CoreServices/cloudphotosd : 3401.3.150
CoreServices/loginwindow : 1923
CoreServices/screencaptureui : 202
Applications/Archive Utility : 100
Applications/Directory Utility : 417
Applications/Screen Sharing : 498.106
