Applications/Automator : 444.29
Applications/Books : 1627
Applications/Calendar : 2237
Applications/Contacts : 1872
Applications/Cyberduck : 28219
Applications/DB Browser for SQLite : 3.10.1
Applications/Dashboard : 34
Applications/Dictionary : 203.16.9
Applications/Discord : 0.0.251
Applications/Font Book : 325
Applications/Gitter : 1.177
Applications/Google Chrome Canary : 3493.0
Applications/Launchpad : 34
Applications/Mail : 3445.100.17
Applications/Maps : 2132.20.2.5.76
Applications/Mission Control : 34
Applications/News : 1616
Applications/Notes : 878.46
Applications/Paragon NTFS for Mac 15 : 15.1.83
Applications/Photos : 3401.3.210
Applications/Preview : 944.6.13.1
Applications/QuickTime Player : 928.47
Applications/Reminders : 1480
Applications/Safari : 14606.1.24.40.1
Applications/Siri : 34
Applications/SpotMenu : 1.8.0
Applications/Spotify : 1.0.85.257.g0f8531bd-13
Applications/Stocks : 91
Applications/TextEdit : 336
Applications/Time Machine : 34
Applications/WD Discovery : 
Applications/cDock : 5488
Applications/iTerm : 3.1.7
Utilities/AirPort Utility : 639.4
Utilities/Console : 3.0.14
Utilities/Keychain Access : 55237.200.12
Utilities/Screenshot : 34
Utilities/Script Editor : 202
Utilities/VoiceOver Utility : 562.60
Frameworks/AVFoundation : 1540.84
Frameworks/AVKit : 445.50.40
Frameworks/AddressBook : 1872
Frameworks/AppKit : 1646.10.100
Frameworks/ApplicationServices : 50.1
Frameworks/Automator : 444.29
Frameworks/CFNetwork : 962
Frameworks/CloudKit : 736.126
Frameworks/ColorSync : 3338
Frameworks/Contacts : 2890
Frameworks/ContactsUI : 1872
Frameworks/CoreData : 864.3
Frameworks/CoreFoundation : 1545.10
Frameworks/CoreGraphics : 1238
Frameworks/CoreImage : 653
Frameworks/CoreLocation : 2245.4.85
Frameworks/CoreMedia : 2280.93
Frameworks/CoreMediaIO : 5024
Frameworks/CoreServices : 927.1
Frameworks/CoreSpotlight : 231.39
Frameworks/CoreTelephony : 6335.2
Frameworks/CoreWLAN : 1370.7
Frameworks/DirectoryService : 207.200.4
Frameworks/EventKit : 798.2
Frameworks/Foundation : 1545.10
Frameworks/GameKit : 563.122
Frameworks/ICADevices : 1526
Frameworks/IOSurface : 253.1
Frameworks/ImageCaptureCore : 1526
Frameworks/ImageIO : 1790
Frameworks/InputMethodKit : 365.16.13
Frameworks/InstallerPlugins : 931.1
Frameworks/JavaScriptCore : 14606.1.24.40.1
Frameworks/LocalAuthentication : 425.200.41
Frameworks/MapKit : 1832.20.2.5.79
Frameworks/MediaToolbox : 2280.93
Frameworks/Metal : 157.45
Frameworks/NaturalLanguage : 1.15.18
Frameworks/NotificationCenter : 729
Frameworks/OpenDirectory : 207.200.4
Frameworks/OpenGL : 17.0.33
Frameworks/Photos : 3401.3.210
Frameworks/PhotosUI : 3401.3.210
Frameworks/QTKit : 3032
Frameworks/QuartzCore : 689
Frameworks/QuickLook : 770
Frameworks/QuickTime : 3032
Frameworks/SafariServices : 14606.1.24.40.1
Frameworks/SceneKit : 463
Frameworks/ScriptingBridge : 76
Frameworks/Security : 58286.200.196
Frameworks/SecurityInterface : 55109.200.7
Frameworks/VideoToolbox : 2280.93
Frameworks/Vision : 2.0.57
Frameworks/WebKit : 14606.1.24.40.1
PrivateFrameworks/AOSAccounts : 89.3.0.3
PrivateFrameworks/AOSAccountsLite : 89.3.0.3
PrivateFrameworks/AOSUI : 648.2.0.4
PrivateFrameworks/APTransport : 370.76
PrivateFrameworks/AVConference : 1412
PrivateFrameworks/AXHearingCoreSupport : 1
PrivateFrameworks/AccessibilityBundles : 86.10
PrivateFrameworks/AccessibilityPerformance : 91.15
PrivateFrameworks/AccessibilitySupport : 91.15
PrivateFrameworks/AdPlatforms : 1
PrivateFrameworks/AdPlatformsInternal : 1
PrivateFrameworks/AddressBookAutocomplete : 1872
PrivateFrameworks/AirPlayReceiver : 370.76
PrivateFrameworks/AirPlaySender : 370.76
PrivateFrameworks/AirPlaySupport : 370.76
PrivateFrameworks/AnnotationKit : 232.3.24
PrivateFrameworks/AppContainer : 360.200.26
PrivateFrameworks/AppSandbox : 360.200.26
PrivateFrameworks/Apple80211 : 1375.11
PrivateFrameworks/AppleGVA : 11.7.29
PrivateFrameworks/AppleGVACore : 11.7.29
PrivateFrameworks/AppleVPA : 3.9.10
PrivateFrameworks/AssistiveControlSupport : 196.58
PrivateFrameworks/AudioServerApplication : 400.1
PrivateFrameworks/AudioServerDriver : 400.1
PrivateFrameworks/AutoBugCaptureCore : 820.207.86
PrivateFrameworks/BaseBoard : 360.18
PrivateFrameworks/BookKit : 1154
PrivateFrameworks/BridgeOSInstall : 55.1
PrivateFrameworks/BridgeOSInstallReporting : 55.1
PrivateFrameworks/BulkSymbolication : 210
PrivateFrameworks/CalendarAgent : 415
PrivateFrameworks/CalendarFoundation : 589
PrivateFrameworks/CalendarUI : 498
PrivateFrameworks/CalendarUIKit : 258
PrivateFrameworks/CallHistory : 864.1
PrivateFrameworks/Categories : 1.0.41
PrivateFrameworks/CharacterPicker : 128.16.9
PrivateFrameworks/CloudDocs : 575.115
PrivateFrameworks/CloudDocsDaemon : 575.115
PrivateFrameworks/CloudKitDaemon : 736.126
PrivateFrameworks/CloudPhotoLibrary : 3401.4.100
PrivateFrameworks/CloudPhotoServices : 3401.3.210
PrivateFrameworks/CloudServices : 297.200.8
PrivateFrameworks/CommerceKit : 708.0.56
PrivateFrameworks/ConfigProfileHelper : 1113.1
PrivateFrameworks/ConfigurationEngineModel : 20.53.1
PrivateFrameworks/ConfigurationProfiles : 1113.1
PrivateFrameworks/ConsoleKit : 4.0.5
PrivateFrameworks/ContactsAssistantServices : 146.10.17.2
PrivateFrameworks/CoreChineseEngine : 391.16.9
PrivateFrameworks/CoreHAP : 484.0.55.0.2
PrivateFrameworks/CoreNLP : 130.15.21
PrivateFrameworks/CoreParsec : 213.1.34
PrivateFrameworks/CoreRAID : 308
PrivateFrameworks/CoreRecognition : 112.3
PrivateFrameworks/CoreRoutine : 558.4.31
PrivateFrameworks/CoreSuggestions : 680.102
PrivateFrameworks/CoreSuggestionsInternals : 680.102
PrivateFrameworks/CoreSymbolication : 64233
PrivateFrameworks/CoreThemeDefinition : 346.22
PrivateFrameworks/CoreTime : 254
PrivateFrameworks/CoreUI : 498.33
PrivateFrameworks/CoreUtils : 570.58
PrivateFrameworks/CoreWLANKit : 1370.7
PrivateFrameworks/CoreWiFi : 1370.7
PrivateFrameworks/CrashReporterSupport : 938.17
PrivateFrameworks/DFRDisplay : 112.200.14
PrivateFrameworks/DFRFoundation : 208
PrivateFrameworks/DTXConnectionServices : 64257
PrivateFrameworks/DataDetectors : 389
PrivateFrameworks/DataDetectorsCore : 590.20
PrivateFrameworks/DeviceManagement : 20.53.1
PrivateFrameworks/DiskImages : 480.200.14
PrivateFrameworks/DynamicDesktop : 1
PrivateFrameworks/EasyConfig : 570.58
PrivateFrameworks/Email : 3445.100.17
PrivateFrameworks/EmailAddressing : 3445.100.17
PrivateFrameworks/EmailCore : 3445.100.17
PrivateFrameworks/EmbeddedOSInstall : 112
PrivateFrameworks/Espresso : 116
PrivateFrameworks/FileProvider : 125.126
PrivateFrameworks/FrontBoardServices : 486.41
PrivateFrameworks/GPUSupport : 17.0.33
PrivateFrameworks/GameCenter : 563.122
PrivateFrameworks/GameCenterFoundation : 563.122
PrivateFrameworks/GameCenterPrivateUIMac : 563.122
PrivateFrameworks/GameCenterUI : 563.122
PrivateFrameworks/GameKitServices : 1412
PrivateFrameworks/GeoServices : 1364.20.2.5.62
PrivateFrameworks/HelpData : 183
PrivateFrameworks/HomeKit : 484.0.55.0.2
PrivateFrameworks/HomeKitDaemon : 484.0.55.0.2
PrivateFrameworks/IASUtilities : 501.1
PrivateFrameworks/IMAP : 3445.100.17
PrivateFrameworks/IOAccelerator : 400.19
PrivateFrameworks/LinguisticData : 238.15.24
PrivateFrameworks/LinkPresentation : 59.34
PrivateFrameworks/LocalAuthenticationUI : 425.200.41
PrivateFrameworks/LoggingSupport : 906.200.71.41.1
PrivateFrameworks/Lookup : 249
PrivateFrameworks/MTLCompiler : 157.45
PrivateFrameworks/Mail : 3445.100.17
PrivateFrameworks/MailCore : 3445.100.17
PrivateFrameworks/MailService : 3445.100.17
PrivateFrameworks/MailSupport : 3445.100.17
PrivateFrameworks/MailUI : 3445.100.17
PrivateFrameworks/ManagedClient : 1113.1
PrivateFrameworks/MarkupUI : 232.3.24
PrivateFrameworks/MediaControlSender : 370.76
PrivateFrameworks/MetadataUtilities : 1191.35
PrivateFrameworks/MobileAsset : 437.200.42
PrivateFrameworks/NLP : 122.16.12
PrivateFrameworks/NearField : 290.41.1
PrivateFrameworks/NeutrinoCore : 3401.1.240
PrivateFrameworks/NeutrinoKit : 3401.1.240
PrivateFrameworks/Notes : 878.46
PrivateFrameworks/NotesShared : 878.46
PrivateFrameworks/NotesUI : 878.46
PrivateFrameworks/NotificationCenterUI : 729
PrivateFrameworks/OSInstaller : 1143.4
PrivateFrameworks/OSPersonalization : 55.1
PrivateFrameworks/OfficeImport : 266
PrivateFrameworks/PASampling : 210
PrivateFrameworks/PackageKit : 824.1
PrivateFrameworks/ParsecUI : 1191.35
PrivateFrameworks/PerformanceAnalysis : 210
PrivateFrameworks/PhotoAnalysis : 3401.1.100
PrivateFrameworks/PhotoFoundation : 3401.3.210
PrivateFrameworks/PhotoImaging : 3401.1.240
PrivateFrameworks/PhotoLibrary : 3401.3.210
PrivateFrameworks/PhotoLibraryPrivate : 3401.3.210
PrivateFrameworks/PhotosFormats : 3401.3.210
PrivateFrameworks/PhotosImagingFoundation : 3401.3.210
PrivateFrameworks/PhotosPlayer : 3401.3.190
PrivateFrameworks/PhotosUICore : 3401.3.220
PrivateFrameworks/PlacesKit : 3401.3.220
PrivateFrameworks/ProofReader : 430.16.14
PrivateFrameworks/ROCKit : 22.1
PrivateFrameworks/Rapport : 160.47
PrivateFrameworks/RapportUI : 160.47
PrivateFrameworks/RemoteManagement : 1.69.1
PrivateFrameworks/RemoteServiceDiscovery : 1336.200.86
PrivateFrameworks/RemoteXPC : 1336.200.86
PrivateFrameworks/ResponseKit : 109.15.11
PrivateFrameworks/Safari : 14606.1.24.40.1
PrivateFrameworks/SafariCore : 14606.1.24.40.1
PrivateFrameworks/SafariSafeBrowsing : 606.1.24.40.1
PrivateFrameworks/SafariShared : 14606.1.24.40.1
PrivateFrameworks/SampleAnalysis : 210
PrivateFrameworks/ScreenReader : 562.60
PrivateFrameworks/ScreenReaderCore : 562.60
PrivateFrameworks/ScreenSharing : 498.109
PrivateFrameworks/SearchFoundation : 213.1.34
PrivateFrameworks/SecCodeWrapper : 360.200.26
PrivateFrameworks/ShareKit : 572
PrivateFrameworks/Sharing : 1161
PrivateFrameworks/Shortcut : 101
PrivateFrameworks/SidecarCore : 27
PrivateFrameworks/SidecarUI : 27
PrivateFrameworks/SignpostCollection : 17
PrivateFrameworks/SignpostNotification : 17
PrivateFrameworks/SignpostSupport : 17
PrivateFrameworks/SiriFoundation : 146.10.17.2
PrivateFrameworks/SiriTTS : 215
PrivateFrameworks/SiriUI : 146.10.17.2
PrivateFrameworks/SoftwareUpdate : 1150.1.1
PrivateFrameworks/SpeechObjects : 8.0.4
PrivateFrameworks/Spotlight : 1191.35
PrivateFrameworks/SpotlightIndex : 1191.35
PrivateFrameworks/SpotlightServerKit : 1191.35
PrivateFrameworks/SpotlightServices : 1191.35
PrivateFrameworks/StorageKit : 480.21
PrivateFrameworks/StoreFoundation : 708.0.56
PrivateFrameworks/StoreJavaScript : 708.0.56
PrivateFrameworks/StoreUI : 708.0.56
PrivateFrameworks/StoreXPCServices : 708.0.56
PrivateFrameworks/Symbolication : 64252
PrivateFrameworks/SymptomDiagnosticReporter : 820.207.86
PrivateFrameworks/SymptomReporter : 820.207.86
PrivateFrameworks/Symptoms : 820.207.86
PrivateFrameworks/TrustEvaluationAgent : 31.200.1
PrivateFrameworks/UIFoundation : 550.25
PrivateFrameworks/UIKitHostAppProtocols : 22
PrivateFrameworks/UIKitHostAppServices : 22
PrivateFrameworks/UIKitSystemAppServices : 22
PrivateFrameworks/URLFormatting : 59.34
PrivateFrameworks/UniversalAccess : 361.43
PrivateFrameworks/UsageTracking : 39
PrivateFrameworks/UserActivity : 211.1
PrivateFrameworks/VectorKit : 1360.20.2.5.52
PrivateFrameworks/VideoProcessing : 699.21
PrivateFrameworks/ViewBridge : 391
PrivateFrameworks/WebDriver : 14606.1.24.40.1
PrivateFrameworks/WebInspector : 14606.1.24.40.1
PrivateFrameworks/WebInspectorUI : 14606.1.24.40.1
PrivateFrameworks/ktrace : 271.200.24
PrivateFrameworks/perfdata : 4.200.12
CoreServices/AddressBookUrlForwarder : 1872
CoreServices/AirPlayUIAgent : 370.76
CoreServices/AppleScript Utility : 39
CoreServices/Automator Installer : 444.29
CoreServices/ControlStrip : 187
CoreServices/CoreServicesUIAgent : 212.1
CoreServices/DiskImageMounter : 480.200.14
CoreServices/Dock : 1942
CoreServices/Dwell Control : 196.58
CoreServices/Finder : 1126
CoreServices/HelpViewer : 353
CoreServices/Install in Progress : 824.1
CoreServices/Installer Progress : 501.1
CoreServices/Installer : 931.1
CoreServices/Keychain Circle Notification : 58286.200.196
CoreServices/Language Chooser : 567
CoreServices/ManagedClient : 1113.1
CoreServices/NotificationCenter : 729
CoreServices/Paired Devices : 160.47
CoreServices/Problem Reporter : 938.17
CoreServices/RapportUIAgent : 160.47
CoreServices/Script Menu : 1
CoreServices/Setup Assistant : 2065.1
CoreServices/Siri : 146.10.17.2
CoreServices/Software Update : 1150.1.1
CoreServices/Spotlight : 1191.35
CoreServices/SystemUIServer : 477
CoreServices/UIKitSystem : 22
CoreServices/UniversalAccessControl : 361.43
CoreServices/UserNotificationCenter : 43
CoreServices/VoiceOver : 562.60
CoreServices/WiFiAgent : 1375.11
CoreServices/cloudphotosd : 3401.3.210
CoreServices/loginwindow : 1926
CoreServices/screencaptureui : 211
Applications/Feedback Assistant : 354
Applications/RAID Utility : 405
Applications/Screen Sharing : 498.109
Frameworks/ContactsUI : 464
Frameworks/MessageUI : 3445.100.17
Frameworks/MobileCoreServices : 927.1
PrivateFrameworks/BaseBoardUI : 360.18
PrivateFrameworks/FrontBoard : 486.41
PrivateFrameworks/FrontBoardUIServices : 486.41
PrivateFrameworks/MIME : 3445.100.17
PrivateFrameworks/MessageSupport : 3445.100.17
PrivateFrameworks/NewsCore : 1616
PrivateFrameworks/NewsFeedLayout : 1616
PrivateFrameworks/NewsFoundation : 1616
PrivateFrameworks/NewsServicesInternal : 1616
PrivateFrameworks/NewsTransport : 1616
PrivateFrameworks/NewsUI : 1616
PrivateFrameworks/RemoteConfiguration : 1616
PrivateFrameworks/Silex : 1616
PrivateFrameworks/TSReading : 244
PrivateFrameworks/TSUtility : 244
PrivateFrameworks/WebCore : 14606.1.24.40.1
PrivateFrameworks/WebKitLegacy : 14606.1.24.40.1
