Applications/Battle.net : 1.12.3 (10458)
Applications/EnergyBar : 1.0.18236
Applications/GitHub Desktop : 1.3.4
Applications/Google Chrome Canary : 3535.0
Applications/HSTracker : 1960
Applications/IINA : 86
Applications/LauncherX : 1
Applications/Plex Media Server : 1.13.5.5332
Applications/Safari : 14606.1.36.1.9
Applications/Spotify : 1.0.88.353.g15c26ea1-14
Applications/Vanilla : 24
Applications/iTerm : 3.2.0
Utilities/Bluetooth File Exchange : 6.0.8f5
Utilities/VoiceOver Utility : 562.78.6
Frameworks/AppKit : 1668
Frameworks/CoreData : 865.2
Frameworks/CoreLocation : 2245.7.106
Frameworks/EventKit : 809
Frameworks/IOBluetooth : 6.0.8f5
Frameworks/IOBluetoothUI : 6.0.8f5
Frameworks/JavaScriptCore : 14606.1.36.1.9
Frameworks/NotificationCenter : 747
Frameworks/SafariServices : 14606.1.36.1.9
Frameworks/WebKit : 14606.1.36.1.9
PrivateFrameworks/MetadataUtilities : 1191.51
PrivateFrameworks/NotificationCenterUI : 747
PrivateFrameworks/ParsecUI : 1191.51
PrivateFrameworks/Safari : 14606.1.36.1.9
PrivateFrameworks/SafariCore : 14606.1.36.1.9
PrivateFrameworks/SafariSafeBrowsing : 606.1.36.1.9
PrivateFrameworks/SafariShared : 14606.1.36.1.9
PrivateFrameworks/ScreenReader : 562.78.6
PrivateFrameworks/ScreenReaderCore : 562.78.6
PrivateFrameworks/Sharing : 1176.10
PrivateFrameworks/SoftwareUpdate : 1163.4
PrivateFrameworks/Spotlight : 1191.51
PrivateFrameworks/SpotlightIndex : 1191.51
PrivateFrameworks/SpotlightServerKit : 1191.51
PrivateFrameworks/SpotlightServices : 1191.51
PrivateFrameworks/UIFoundation : 550.35
PrivateFrameworks/WebDriver : 14606.1.36.1.9
PrivateFrameworks/WebInspector : 14606.1.36.1.9
PrivateFrameworks/WebInspectorUI : 14606.1.36.1.9
CoreServices/Bluetooth Setup Assistant : 6.0.8f5
CoreServices/BluetoothUIServer : 6.0.8f5
CoreServices/Dock : 1963
CoreServices/Finder : 1143
CoreServices/NotificationCenter : 747
CoreServices/OBEXAgent : 6.0.8f5
CoreServices/Setup Assistant : 2076
CoreServices/Software Update : 1163.4
CoreServices/Spotlight : 1191.51
CoreServices/VoiceOver : 562.78.6
PrivateFrameworks/WebCore : 14606.1.36.1.9
PrivateFrameworks/WebKitLegacy : 14606.1.36.1.9
