Applications/Automator : 444.35
Applications/Battle.net : 1.12.2 (10393)
Applications/Books : 1635
Applications/Calendar : 2244
Applications/Contacts : 1878
Applications/Dictionary : 203.16.11
Applications/Font Book : 330
Applications/Google Chrome Canary : 3514.0
Applications/Google Chrome : 3440.84
Applications/Magnet : 35
Applications/Mail : 3445.100.24
Applications/Maps : 2132.20.2.5.88
Applications/News : 1632
Applications/Notes : 878.57
Applications/Photos : 3401.4.180
Applications/Preview : 944.6.16
Applications/Safari Technology Preview : 14607.1.1
Applications/Safari : 14606.1.32
Applications/Spotify : 1.0.86.337.ga8d5cef9-13
Applications/Stocks : 106
Applications/Xcode-beta : 14320.2.4
Applications/Xcode : 14161
Utilities/Boot Camp Assistant : 6067.200.10
Utilities/Disk Utility : 1667
Utilities/Keychain Access : 55237.200.14
Utilities/Terminal : 417
Utilities/VoiceOver Utility : 562.72
Frameworks/AVFoundation : 1540.110
Frameworks/AVKit : 445.50.46
Frameworks/AddressBook : 1878
Frameworks/AppKit : 1652
Frameworks/Automator : 444.35
Frameworks/CFNetwork : 971
Frameworks/Contacts : 2896
Frameworks/ContactsUI : 1878
Frameworks/CoreData : 864.8
Frameworks/CoreFoundation : 1550.11
Frameworks/CoreGraphics : 1245.7
Frameworks/CoreImage : 700.2.150
Frameworks/CoreLocation : 2245.4.102
Frameworks/CoreMedia : 2280.122
Frameworks/CoreMediaIO : 5025
Frameworks/CoreServices : 931
Frameworks/CoreSpotlight : 231.43
Frameworks/CoreTelephony : 6361
Frameworks/CoreWLAN : 1370.8
Frameworks/DVDPlayback : 5960.4.8
Frameworks/EventKit : 807
Frameworks/Foundation : 1550.11
Frameworks/ICADevices : 1529.6
Frameworks/IOSurface : 255
Frameworks/ImageCaptureCore : 1529.6
Frameworks/ImageIO : 1796.5
Frameworks/InputMethodKit : 365.16.19
Frameworks/InstallerPlugins : 933
Frameworks/JavaScriptCore : 14606.1.32
Frameworks/LocalAuthentication : 425.200.46
Frameworks/MapKit : 1832.20.2.5.88
Frameworks/MediaToolbox : 2280.122
Frameworks/Metal : 157.52
Frameworks/NotificationCenter : 740
Frameworks/OpenGL : 17.0.36
Frameworks/Photos : 3401.4.180
Frameworks/PhotosUI : 3401.4.180
Frameworks/QuartzCore : 693.10
Frameworks/QuickLook : 774
Frameworks/Ruby : 2.3.7-131.200.3
Frameworks/SafariServices : 14606.1.32
Frameworks/SceneKit : 468.1
Frameworks/Security : 58286.200.218.61.1
Frameworks/VideoToolbox : 2280.122
Frameworks/Vision : 2.0.61
Frameworks/WebKit : 14606.1.32
PrivateFrameworks/AOSUI : 648.2.0.6
PrivateFrameworks/APTransport : 370.97
PrivateFrameworks/AVConference : 1430
PrivateFrameworks/AddressBookAutocomplete : 1878
PrivateFrameworks/AirPlayReceiver : 370.97
PrivateFrameworks/AirPlaySender : 370.97
PrivateFrameworks/AirPlaySupport : 370.97
PrivateFrameworks/AnnotationKit : 232.3.27
PrivateFrameworks/Apple80211 : 1375.14
PrivateFrameworks/AppleGVA : 11.7.33
PrivateFrameworks/AppleGVACore : 11.7.33
PrivateFrameworks/AppleScript : 389
PrivateFrameworks/AppleVA : 5.0.44
PrivateFrameworks/AssistiveControlSupport : 196.65
PrivateFrameworks/AudioServerApplication : 400.4
PrivateFrameworks/AudioServerDriver : 400.4
PrivateFrameworks/BaseBoard : 360.18.4
PrivateFrameworks/BulkSymbolication : 217
PrivateFrameworks/CalendarFoundation : 591
PrivateFrameworks/CalendarPersistence : 501
PrivateFrameworks/CalendarUI : 501
PrivateFrameworks/CalendarUIKit : 261
PrivateFrameworks/CallHistory : 870.2
PrivateFrameworks/Catalyst : 5.5
PrivateFrameworks/CloudPhotoLibrary : 3401.4.210
PrivateFrameworks/CloudPhotoServices : 3401.4.180
PrivateFrameworks/CommerceKit : 708.0.70
PrivateFrameworks/ConfigProfileHelper : 1117
PrivateFrameworks/ConfigurationEngineModel : 20.63
PrivateFrameworks/ConfigurationProfiles : 1117
PrivateFrameworks/ContactsAssistantServices : 146.10.24
PrivateFrameworks/CoreAUC : 273.0.0
PrivateFrameworks/CoreEmoji : 69.15.9
PrivateFrameworks/CoreFP : 2.13.32
PrivateFrameworks/CoreHAP : 484.0.65
PrivateFrameworks/CoreLSKD : 10.5.0
PrivateFrameworks/CoreMediaIOServicesPrivate : 3360
PrivateFrameworks/CoreParsec : 213.1.40
PrivateFrameworks/CoreSuggestions : 680.111
PrivateFrameworks/CoreSuggestionsInternals : 680.111
PrivateFrameworks/CoreSymbolication : 64235.3.1
PrivateFrameworks/CoreThemeDefinition : 346.26
PrivateFrameworks/CoreTime : 258
PrivateFrameworks/CoreUI : 498.38
PrivateFrameworks/CoreUtils : 570.70
PrivateFrameworks/CoreWLANKit : 1370.8
PrivateFrameworks/CoreWiFi : 1370.8
PrivateFrameworks/CrashReporterSupport : 938.21
PrivateFrameworks/DFRDisplay : 112.200.15
PrivateFrameworks/DFRFoundation : 210
PrivateFrameworks/DataDetectorsCore : 590.23
PrivateFrameworks/DeviceManagement : 20.63
PrivateFrameworks/DiskImages : 480.200.18
PrivateFrameworks/EasyConfig : 570.70
PrivateFrameworks/Email : 3445.100.24
PrivateFrameworks/EmailAddressing : 3445.100.24
PrivateFrameworks/EmailCore : 3445.100.24
PrivateFrameworks/FileProvider : 125.129
PrivateFrameworks/FlightUtilities : 115.10
PrivateFrameworks/FrontBoardServices : 486.43.5
PrivateFrameworks/GPUSupport : 17.0.36
PrivateFrameworks/GameKitServices : 1430
PrivateFrameworks/GeoServices : 1364.20.2.5.70
PrivateFrameworks/HelpData : 184
PrivateFrameworks/HomeKit : 484.0.65
PrivateFrameworks/HomeKitDaemon : 484.0.65
PrivateFrameworks/IASUtilities : 504.1
PrivateFrameworks/IMAP : 3445.100.24
PrivateFrameworks/LanguageModeling : 159.15.15
PrivateFrameworks/Lexicon : 33.15.10
PrivateFrameworks/LinguisticData : 238.15.29
PrivateFrameworks/LocalAuthenticationUI : 425.200.46
PrivateFrameworks/LoggingSupport : 906.200.85
PrivateFrameworks/MTLCompiler : 157.52
PrivateFrameworks/Mail : 3445.100.24
PrivateFrameworks/MailCore : 3445.100.24
PrivateFrameworks/MailService : 3445.100.24
PrivateFrameworks/MailSupport : 3445.100.24
PrivateFrameworks/MailUI : 3445.100.24
PrivateFrameworks/ManagedClient : 1117
PrivateFrameworks/MarkupUI : 232.3.27
PrivateFrameworks/MediaControlSender : 370.97
PrivateFrameworks/MetadataUtilities : 1191.39
PrivateFrameworks/MobileAsset : 437.200.46
PrivateFrameworks/MultitouchSupport : 2400.12
PrivateFrameworks/NLP : 122.16.15
PrivateFrameworks/NearField : 290.45
PrivateFrameworks/NeutrinoCore : 3401.2.140
PrivateFrameworks/NeutrinoKit : 3401.2.140
PrivateFrameworks/Notes : 878.57
PrivateFrameworks/NotesShared : 878.57
PrivateFrameworks/NotesUI : 878.57
PrivateFrameworks/NotificationCenterUI : 740
PrivateFrameworks/OSInstaller : 1148.1
PrivateFrameworks/OTSVG : 
PrivateFrameworks/OfficeImport : 267
PrivateFrameworks/PASampling : 217
PrivateFrameworks/PackageKit : 827
PrivateFrameworks/ParsecUI : 1191.39
PrivateFrameworks/PerformanceAnalysis : 217
PrivateFrameworks/PhotoFoundation : 3401.4.180
PrivateFrameworks/PhotoImaging : 3401.2.140
PrivateFrameworks/PhotoLibrary : 3401.4.180
PrivateFrameworks/PhotoLibraryPrivate : 3401.4.180
PrivateFrameworks/PhotosFormats : 3401.4.180
PrivateFrameworks/PhotosImagingFoundation : 3401.4.180
PrivateFrameworks/PrintingPrivate : 180.3
PrivateFrameworks/ProactiveEventTracker : 126.32
PrivateFrameworks/ProactiveML : 126.32
PrivateFrameworks/ProactiveSupport : 126.32
PrivateFrameworks/ProactiveSupportStubs : 126.32
PrivateFrameworks/ProofReader : 430.16.15
PrivateFrameworks/ROCKit : 24
PrivateFrameworks/Rapport : 160.60
PrivateFrameworks/RapportUI : 160.60
PrivateFrameworks/RemoteManagement : 1.76
PrivateFrameworks/RemoteServiceDiscovery : 1336.200.96
PrivateFrameworks/RemoteXPC : 1336.200.96
PrivateFrameworks/ResponseKit : 109.15.14
PrivateFrameworks/Safari : 14606.1.32
PrivateFrameworks/SafariCore : 14606.1.32
PrivateFrameworks/SafariSafeBrowsing : 606.1.32
PrivateFrameworks/SafariShared : 14606.1.32
PrivateFrameworks/SafeEjectGPU : 25
PrivateFrameworks/SampleAnalysis : 217
PrivateFrameworks/ScreenReader : 562.72
PrivateFrameworks/ScreenReaderCore : 562.72
PrivateFrameworks/SearchFoundation : 213.1.40
PrivateFrameworks/Sharing : 1176.2
PrivateFrameworks/SidecarCore : 37
PrivateFrameworks/SidecarUI : 37
PrivateFrameworks/SiriFoundation : 146.10.24
PrivateFrameworks/SiriTTS : 217
PrivateFrameworks/SiriUI : 146.10.24
PrivateFrameworks/SoftwareUpdate : 1163.3
PrivateFrameworks/Spotlight : 1191.39
PrivateFrameworks/SpotlightIndex : 1191.39
PrivateFrameworks/SpotlightServerKit : 1191.39
PrivateFrameworks/SpotlightServices : 1191.39
PrivateFrameworks/StorageKit : 480.23
PrivateFrameworks/StoreFoundation : 708.0.70
PrivateFrameworks/StoreJavaScript : 708.0.70
PrivateFrameworks/StoreUI : 708.0.70
PrivateFrameworks/StoreXPCServices : 708.0.70
PrivateFrameworks/Suggestions : 226
PrivateFrameworks/Symbolication : 64254.5
PrivateFrameworks/SystemMigration : 1187
PrivateFrameworks/Tourist : 1.0.61
PrivateFrameworks/UIFoundation : 550.30.1
PrivateFrameworks/UIKitHostAppProtocols : 29
PrivateFrameworks/UIKitHostAppServices : 29
PrivateFrameworks/UIKitSystemAppServices : 29
PrivateFrameworks/UniversalAccess : 361.48
PrivateFrameworks/UsageTracking : 43
PrivateFrameworks/VectorKit : 1360.20.2.5.56
PrivateFrameworks/VideoProcessing : 699.30
PrivateFrameworks/ViewBridge : 396
PrivateFrameworks/WebDriver : 14606.1.32
PrivateFrameworks/WebInspector : 14606.1.32
PrivateFrameworks/WebInspectorUI : 14606.1.32
PrivateFrameworks/ktrace : 271.200.29
CoreServices/AddPrinter : 555.5
CoreServices/AddressBookUrlForwarder : 1878
CoreServices/AirPlayUIAgent : 370.97
CoreServices/Automator Installer : 444.35
CoreServices/ControlStrip : 191
CoreServices/CoreServicesUIAgent : 215
CoreServices/DiskImageMounter : 480.200.18
CoreServices/Dock : 1956
CoreServices/Dwell Control : 196.65
CoreServices/Finder : 1131
CoreServices/HelpViewer : 357
CoreServices/Install in Progress : 827
CoreServices/Installer Progress : 504.1
CoreServices/Installer : 933
CoreServices/Keychain Circle Notification : 58286.200.218.61.1
CoreServices/ManagedClient : 1117
CoreServices/NotificationCenter : 740
CoreServices/Paired Devices : 160.60
CoreServices/Problem Reporter : 938.21
CoreServices/RapportUIAgent : 160.60
CoreServices/Setup Assistant : 2069
CoreServices/Siri : 146.10.24
CoreServices/Software Update : 1163.3
CoreServices/Spotlight : 1191.39
CoreServices/UIKitSystem : 29
CoreServices/UniversalAccessControl : 361.48
CoreServices/VoiceOver : 562.72
CoreServices/WiFiAgent : 1375.14
CoreServices/cloudphotosd : 3401.4.180
CoreServices/loginwindow : 1929
CoreServices/screencaptureui : 225
Applications/Folder Actions Setup : 32
Frameworks/ContactsUI : 468
Frameworks/MessageUI : 3445.100.22
Frameworks/MobileCoreServices : 931
PrivateFrameworks/BaseBoardUI : 360.18.4
PrivateFrameworks/FrontBoard : 486.43.5
PrivateFrameworks/FrontBoardUIServices : 486.43.5
PrivateFrameworks/MIME : 3445.100.22
PrivateFrameworks/MessageSupport : 3445.100.22
PrivateFrameworks/NewsCore : 1632
PrivateFrameworks/NewsFeedLayout : 1632
PrivateFrameworks/NewsFoundation : 1632
PrivateFrameworks/NewsServicesInternal : 1632
PrivateFrameworks/NewsTransport : 1632
PrivateFrameworks/NewsUI : 1632
PrivateFrameworks/RemoteConfiguration : 1632
PrivateFrameworks/Silex : 1632
PrivateFrameworks/WebCore : 14606.1.32
PrivateFrameworks/WebKitLegacy : 14606.1.32
