Applications/Battle.net : 1.12.4 (10577)
Applications/Contacts : 1884
Applications/Google Chrome Canary : 3565.0
Applications/Google Chrome : 3497.100
Applications/Impactor : 1537217757
Applications/Keynote : 5869
Applications/Magnet : 46
Applications/Maps : 2132.21.8.31.4
Applications/News : 1652
Applications/Numbers : 5869
Applications/Pages : 5869
Applications/Photos : 3411.5.170
Applications/Safari Technology Preview : 14607.1.7.2
Applications/Safari : 14606.2.100
Applications/Stocks : 151
Applications/Xcode : 14320.25
Utilities/Bluetooth File Exchange : 6.0.9d7
Utilities/Keychain Access : 55237.220.1
Utilities/VoiceOver Utility : 562.84
Frameworks/AVFoundation : 1542.9
Frameworks/AddressBook : 1884
Frameworks/AppKit : 1671.10.102
Frameworks/AudioVideoBridging : 710.1
Frameworks/CFNetwork : 975.0.3
Frameworks/ContactsUI : 1884
Frameworks/CoreData : 866.1
Frameworks/CoreDisplay : 104.2
Frameworks/CoreFoundation : 1560
Frameworks/CoreImage : 710.2.230
Frameworks/CoreLocation : 2245.8.10
Frameworks/CoreMedia : 2282.15
Frameworks/CoreTelephony : 6517
Frameworks/EventKit : 809.1.1
Frameworks/Foundation : 1560
Frameworks/IOBluetooth : 6.0.9d7
Frameworks/IOBluetoothUI : 6.0.9d7
Frameworks/ImageIO : 1821.4
Frameworks/JavaScriptCore : 14606.2.100
Frameworks/Kernel : 18.2.0
Frameworks/LocalAuthentication : 425.220.20
Frameworks/MapKit : 1832.21.8.31.2
Frameworks/MediaToolbox : 2282.15
Frameworks/OpenCL : 2.12.3
Frameworks/Photos : 3411.5.170
Frameworks/PhotosUI : 3411.5.170
Frameworks/QuartzCore : 694.18
Frameworks/SafariServices : 14606.2.100
Frameworks/Security : 58286.220.8.0.1
Frameworks/VideoToolbox : 2282.15
Frameworks/WebKit : 14606.2.100
PrivateFrameworks/APTransport : 373.7
PrivateFrameworks/AVConference : 1431.27
PrivateFrameworks/AccessibilityPerformance : 91.20
PrivateFrameworks/AccessibilitySupport : 91.20
PrivateFrameworks/AddressBookAutocomplete : 1884
PrivateFrameworks/AirPlayReceiver : 373.7
PrivateFrameworks/AirPlaySender : 373.7
PrivateFrameworks/AirPlaySupport : 373.7
PrivateFrameworks/AppContainer : 360.220.2
PrivateFrameworks/AppSandbox : 360.220.2
PrivateFrameworks/AppleGVA : 11.7.35
PrivateFrameworks/AppleGVACore : 11.7.35
PrivateFrameworks/AppleVPA : 3.9.12
PrivateFrameworks/AssistiveControlSupport : 196.69
PrivateFrameworks/AudioServerApplication : 410.2
PrivateFrameworks/AudioServerDriver : 410.2
PrivateFrameworks/AutoBugCaptureCore : 820.227.2
PrivateFrameworks/BaseBoard : 360.24
PrivateFrameworks/BridgeOSInstall : 56.1
PrivateFrameworks/BridgeOSInstallReporting : 56.1
PrivateFrameworks/CallHistory : 870.4
PrivateFrameworks/CloudPhotoLibrary : 3411.5.130
PrivateFrameworks/CloudPhotoServices : 3411.5.170
PrivateFrameworks/CommerceKit : 708.1.2
PrivateFrameworks/ConfigProfileHelper : 1130
PrivateFrameworks/ConfigurationProfiles : 1130
PrivateFrameworks/CoreEmoji : 69.19.6
PrivateFrameworks/CoreHAP : 484.2
PrivateFrameworks/CoreParsec : 213.1.42
PrivateFrameworks/CoreRecognition : 112.5
PrivateFrameworks/CoreRoutine : 558.4.42
PrivateFrameworks/CoreSuggestions : 680.114
PrivateFrameworks/CoreSuggestionsInternals : 680.114
PrivateFrameworks/CoreSymbolication : 64460.3
PrivateFrameworks/CoreUtils : 574.16
PrivateFrameworks/DFRDisplay : 112.220.2
PrivateFrameworks/DTXConnectionServices : 64460.11
PrivateFrameworks/DiskImages : 480.220.2
PrivateFrameworks/EasyConfig : 574.16
PrivateFrameworks/FrontBoardServices : 486.47
PrivateFrameworks/GameKitServices : 1431.27
PrivateFrameworks/HearingCore : 1
PrivateFrameworks/HearingUtilities : 1
PrivateFrameworks/HomeKit : 484.2
PrivateFrameworks/HomeKitDaemon : 484.2
PrivateFrameworks/IASUtilities : 505
PrivateFrameworks/IOAccelerator : 400.25
PrivateFrameworks/IOPresentment : 42.6
PrivateFrameworks/LocalAuthenticationUI : 425.220.20
PrivateFrameworks/LoggingSupport : 906.220.1
PrivateFrameworks/ManagedClient : 1130
PrivateFrameworks/MediaControlSender : 373.7
PrivateFrameworks/MultitouchSupport : 2410.2
PrivateFrameworks/MultiverseSupport : 27.220.6
PrivateFrameworks/OSInstaller : 1151.2
PrivateFrameworks/PhotoFoundation : 3411.5.170
PrivateFrameworks/PhotoLibrary : 3411.5.170
PrivateFrameworks/PhotoLibraryPrivate : 3411.5.170
PrivateFrameworks/PhotosFormats : 3411.5.170
PrivateFrameworks/PhotosImagingFoundation : 3411.5.170
PrivateFrameworks/RTCReporting : 9.36.3
PrivateFrameworks/RTTUI : 1
PrivateFrameworks/RTTUtilities : 1
PrivateFrameworks/Rapport : 164.12
PrivateFrameworks/RapportUI : 164.12
PrivateFrameworks/RemoteServiceDiscovery : 1336.220.3
PrivateFrameworks/RemoteXPC : 1336.220.3
PrivateFrameworks/Restore : 491
PrivateFrameworks/SMBClient : 3.3.1
PrivateFrameworks/Safari : 14606.2.100
PrivateFrameworks/SafariCore : 14606.2.100
PrivateFrameworks/SafariSafeBrowsing : 14606.2.100
PrivateFrameworks/SafariShared : 14606.2.100
PrivateFrameworks/ScreenReader : 562.84
PrivateFrameworks/ScreenReaderCore : 562.84
PrivateFrameworks/SearchFoundation : 213.1.42
PrivateFrameworks/SecCodeWrapper : 360.220.2
PrivateFrameworks/Sharing : 1211
PrivateFrameworks/SoftwareUpdate : 1165.1
PrivateFrameworks/StoreFoundation : 708.1.2
PrivateFrameworks/StoreJavaScript : 708.1.2
PrivateFrameworks/StoreUI : 708.1.2
PrivateFrameworks/Symbolication : 64460.5
PrivateFrameworks/SymptomDiagnosticReporter : 820.227.2
PrivateFrameworks/SymptomReporter : 820.227.2
PrivateFrameworks/Symptoms : 820.227.2
PrivateFrameworks/UIKitHostAppProtocols : 37
PrivateFrameworks/UIKitHostAppServices : 37
PrivateFrameworks/UIKitSystemAppServices : 37
PrivateFrameworks/UniversalAccess : 361.49
PrivateFrameworks/VideoProcessing : 699.41
PrivateFrameworks/ViewBridge : 401.1
PrivateFrameworks/WebDriver : 14606.2.100
PrivateFrameworks/WebInspector : 14606.2.100
PrivateFrameworks/WebInspectorUI : 14606.2.100
CoreServices/AddressBookUrlForwarder : 1884
CoreServices/AirPlayUIAgent : 373.7
CoreServices/Bluetooth Setup Assistant : 6.0.9d7
CoreServices/BluetoothUIServer : 6.0.9d7
CoreServices/DiskImageMounter : 480.220.2
CoreServices/Dwell Control : 196.69
CoreServices/HelpViewer : 358.1
CoreServices/Installer Progress : 505
CoreServices/Keychain Circle Notification : 58286.220.8.0.1
CoreServices/ManagedClient : 1130
CoreServices/OBEXAgent : 6.0.9d7
CoreServices/Paired Devices : 164.12
CoreServices/RapportUIAgent : 164.12
CoreServices/Software Update : 1165.1
CoreServices/Ticket Viewer : 36.220.1
CoreServices/UIKitSystem : 37
CoreServices/UniversalAccessControl : 361.49
CoreServices/VoiceOver : 562.84
CoreServices/cloudphotosd : 3411.5.170
PrivateFrameworks/BaseBoardUI : 360.24
PrivateFrameworks/FrontBoard : 486.47
PrivateFrameworks/FrontBoardUIServices : 486.47
PrivateFrameworks/NewsCore : 1652
PrivateFrameworks/NewsFeedLayout : 1652
PrivateFrameworks/NewsFoundation : 1652
PrivateFrameworks/NewsServicesInternal : 1652
PrivateFrameworks/NewsTransport : 1652
PrivateFrameworks/NewsUI : 1652
PrivateFrameworks/RemoteConfiguration : 1652
PrivateFrameworks/Silex : 1652
PrivateFrameworks/WebCore : 14606.2.100
PrivateFrameworks/WebKitLegacy : 14606.2.100
