Applications/Automator : 444.39
Applications/Contacts : 1885
Applications/Google Chrome Canary : 3578.7
Applications/Mail : 3445.100.42
Applications/Maps : 2132.21.8.31.9
Applications/News : 1654
Applications/Photo Booth : 1008
Applications/Safari Technology Preview : 14607.1.9.0.1
Applications/Safari : 14606.2.104.1.1
Applications/Stocks : 154
Utilities/Bluetooth File Exchange : 6.0.9f1
Frameworks/AVFoundation : 1542.10.104.1
Frameworks/AddressBook : 1885
Frameworks/AppKit : 1671.10.104
Frameworks/Automator : 444.39
Frameworks/ContactsUI : 1885
Frameworks/CoreFoundation : 1560.10
Frameworks/CoreGraphics : 1245.9.2
Frameworks/CoreImage : 710.2.240
Frameworks/CoreLocation : 2245.8.12
Frameworks/CoreMedia : 2282.19.104.2
Frameworks/CoreServices : 934
Frameworks/CoreTelephony : 6525
Frameworks/EventKit : 809.1.3
Frameworks/Foundation : 1560.10
Frameworks/ICADevices : 1530.1
Frameworks/IOBluetooth : 6.0.9f1
Frameworks/IOBluetoothUI : 6.0.9f1
Frameworks/ImageCaptureCore : 1530.1
Frameworks/ImageIO : 1821.6
Frameworks/JavaScriptCore : 14606.2.104.1.1
Frameworks/LocalAuthentication : 425.220.25
Frameworks/MediaToolbox : 2282.19.104.2
Frameworks/OpenCL : 2.12.7
Frameworks/QuartzCore : 694.22
Frameworks/SafariServices : 14606.2.104.1.1
Frameworks/Security : 58286.220.15
Frameworks/VideoToolbox : 2282.19.104.2
Frameworks/WebKit : 14606.2.104.1.1
PrivateFrameworks/AVConference : 1431.37
PrivateFrameworks/AddressBookAutocomplete : 1885
PrivateFrameworks/AnnotationKit : 232.3.28
PrivateFrameworks/Apple80211 : 1376.2
PrivateFrameworks/CharacterPicker : 128.20.2
PrivateFrameworks/CommerceKit : 708.1.3
PrivateFrameworks/ConfigurationEngineModel : 21.1
PrivateFrameworks/ContactsAssistantServices : 146.11.2
PrivateFrameworks/CoreEmoji : 69.19.8
PrivateFrameworks/CoreSymbolication : 64490.7
PrivateFrameworks/DFRDisplay : 112.220.3
PrivateFrameworks/DFRFoundation : 211
PrivateFrameworks/DeviceManagement : 21.1
PrivateFrameworks/Email : 3445.100.42
PrivateFrameworks/EmailAddressing : 3445.100.42
PrivateFrameworks/EmailCore : 3445.100.42
PrivateFrameworks/GameKitServices : 1431.37
PrivateFrameworks/GeoServices : 1364.21.8.31.5
PrivateFrameworks/IMAP : 3445.100.42
PrivateFrameworks/LocalAuthenticationUI : 425.220.25
PrivateFrameworks/Mail : 3445.100.42
PrivateFrameworks/MailCore : 3445.100.42
PrivateFrameworks/MailService : 3445.100.42
PrivateFrameworks/MailSupport : 3445.100.42
PrivateFrameworks/MailUI : 3445.100.42
PrivateFrameworks/MarkupUI : 232.3.28
PrivateFrameworks/MultitouchSupport : 2410.5
PrivateFrameworks/NLP : 122.16.16
PrivateFrameworks/RemoteServiceDiscovery : 1336.220.5
PrivateFrameworks/RemoteXPC : 1336.220.5
PrivateFrameworks/Safari : 14606.2.104.1.1
PrivateFrameworks/SafariCore : 14606.2.104.1.1
PrivateFrameworks/SafariSafeBrowsing : 14606.2.104.1.1
PrivateFrameworks/SafariShared : 14606.2.104.1.1
PrivateFrameworks/Sharing : 1214.9
PrivateFrameworks/SidecarCore : 38.1
PrivateFrameworks/SidecarUI : 38.1
PrivateFrameworks/SiriFoundation : 146.11.2
PrivateFrameworks/SiriUI : 146.11.2
PrivateFrameworks/StoreFoundation : 708.1.3
PrivateFrameworks/StoreJavaScript : 708.1.3
PrivateFrameworks/StoreUI : 708.1.3
PrivateFrameworks/Symbolication : 64490.6
PrivateFrameworks/VectorKit : 1360.21.8.31.3
PrivateFrameworks/WebDriver : 14606.2.104.1.1
PrivateFrameworks/WebInspector : 14606.2.104.1.1
PrivateFrameworks/WebInspectorUI : 14606.2.104.1.1
PrivateFrameworks/XCTAutomationSupport : 14490.20
PrivateFrameworks/XCTTargetBootstrap : 14490.20
CoreServices/AddressBookUrlForwarder : 1885
CoreServices/Automator Installer : 444.39
CoreServices/Bluetooth Setup Assistant : 6.0.9f1
CoreServices/BluetoothUIServer : 6.0.9f1
CoreServices/Keychain Circle Notification : 58286.220.15
CoreServices/OBEXAgent : 6.0.9f1
CoreServices/Setup Assistant : 2079
CoreServices/Siri : 146.11.2
CoreServices/WiFiAgent : 1376.2
Frameworks/MessageUI : 3445.100.42
Frameworks/MobileCoreServices : 934
PrivateFrameworks/MIME : 3445.100.42
PrivateFrameworks/MessageSupport : 3445.100.42
PrivateFrameworks/NewsCore : 1654
PrivateFrameworks/NewsFeedLayout : 1654
PrivateFrameworks/NewsFoundation : 1654
PrivateFrameworks/NewsServicesInternal : 1654
PrivateFrameworks/NewsTransport : 1654
PrivateFrameworks/NewsUI : 1654
PrivateFrameworks/RemoteConfiguration : 1654
PrivateFrameworks/Silex : 1654
PrivateFrameworks/WebCore : 14606.2.104.1.1
PrivateFrameworks/WebKitLegacy : 14606.2.104.1.1
