Applications/App Store : 1003.2
Applications/Battle.net : 1.12.5 (10672)
Applications/Contacts : 1890
Applications/Google Chrome Canary : 3600.0
Applications/Mail : 3445.102.3
Applications/Maps : 2132.22.10.1.7
Applications/News : 1703
Applications/Notes : 878.75
Applications/Photo Booth : 1009
Applications/Photos : 3421.5.210
Applications/Plex Media Server : 1.13.8.5395
Applications/Preview : 944.6.16.1
Applications/Safari : 14606.3.2
Applications/Spotify : 1.0.92.390.g2ce5ec7d-18
Applications/Stocks : 201
Applications/TextEdit : 341
Applications/Xcode : 14460.46
Applications/iTunes : 12.9.2
Utilities/AirPort Utility : 639.7
Utilities/Boot Camp Assistant : 6067.228.3
Utilities/VoiceOver Utility : 562.84.3
Frameworks/AVFoundation : 1544.4
Frameworks/AVKit : 446.50.101
Frameworks/AddressBook : 1890
Frameworks/AppKit : 1671.20.101
Frameworks/CloudKit : 736.150
Frameworks/Contacts : 2901
Frameworks/ContactsUI : 1890
Frameworks/CoreDisplay : 106.2
Frameworks/CoreFoundation : 1561
Frameworks/CoreGraphics : 1249.2
Frameworks/CoreImage : 720.0.100
Frameworks/CoreLocation : 2245.8.20
Frameworks/CoreMedia : 2284.6
Frameworks/CoreServices : 940
Frameworks/CoreTelephony : 6606
Frameworks/Foundation : 1561
Frameworks/GameKit : 563.125.4.1
Frameworks/ImageIO : 1822.1
Frameworks/InputMethodKit : 365.16.28
Frameworks/JavaScriptCore : 14606.3.2
Frameworks/LocalAuthentication : 425.230.2
Frameworks/MapKit : 1832.22.10.1.5
Frameworks/MediaToolbox : 2284.6
Frameworks/Metal : 158.4
Frameworks/OpenCL : 2.15.1
Frameworks/OpenGL : 17.3.1
Frameworks/Photos : 3421.5.210
Frameworks/PhotosUI : 3421.5.210
Frameworks/QuartzCore : 695.4
Frameworks/QuickLook : 775.1
Frameworks/SafariServices : 14606.3.2
Frameworks/SceneKit : 470.4
Frameworks/Security : 58286.230.19
Frameworks/VideoToolbox : 2284.6
Frameworks/Vision : 2.0.581
Frameworks/WebKit : 14606.3.2
Frameworks/iTunesLibrary : 12.9.2
PrivateFrameworks/AOSUI : 648.4.0.2
PrivateFrameworks/AVConference : 1441.4
PrivateFrameworks/AddressBookAutocomplete : 1890
PrivateFrameworks/AppleGVA : 11.7.38
PrivateFrameworks/AppleGVACore : 11.7.38
PrivateFrameworks/AutoBugCaptureCore : 820.237.2
PrivateFrameworks/CloudDocs : 575.201
PrivateFrameworks/CloudDocsDaemon : 575.201
PrivateFrameworks/CloudKitDaemon : 736.150
PrivateFrameworks/CloudPhotoLibrary : 3421.5.140
PrivateFrameworks/CloudPhotoServices : 3421.5.210
PrivateFrameworks/CommerceKit : 708.2.3
PrivateFrameworks/ConfigProfileHelper : 1140
PrivateFrameworks/ConfigurationProfiles : 1140
PrivateFrameworks/CoreChineseEngine : 391.16.11
PrivateFrameworks/CoreHAP : 484.3.1
PrivateFrameworks/CoreParsec : 213.2.3
PrivateFrameworks/CoreRoutine : 558.8.1
PrivateFrameworks/CoreSuggestions : 680.116
PrivateFrameworks/CoreSuggestionsInternals : 680.116
PrivateFrameworks/DataDetectors : 390.2
PrivateFrameworks/DiskImages : 480.230.1
PrivateFrameworks/Email : 3445.102.3
PrivateFrameworks/EmailAddressing : 3445.102.3
PrivateFrameworks/EmailCore : 3445.102.3
PrivateFrameworks/EmbeddedOSInstall : 113.1
PrivateFrameworks/GPUInfo : 1
PrivateFrameworks/GPUSupport : 17.3.1
PrivateFrameworks/GPUWrangler : 3.28.3
PrivateFrameworks/GameCenter : 563.125.4.1
PrivateFrameworks/GameCenterFoundation : 563.125.4.1
PrivateFrameworks/GameCenterPrivateUIMac : 563.125.4.1
PrivateFrameworks/GameCenterUI : 563.125.4.1
PrivateFrameworks/GameKitServices : 1441.4
PrivateFrameworks/GeoServices : 1364.22.10.1.3
PrivateFrameworks/HelpData : 184.2
PrivateFrameworks/HomeKit : 484.3.1
PrivateFrameworks/HomeKitDaemon : 484.3.1
PrivateFrameworks/IMAP : 3445.102.3
PrivateFrameworks/IOAccelerator : 404.2.3
PrivateFrameworks/LinguisticData : 238.23.4
PrivateFrameworks/LinkPresentation : 59.34.1
PrivateFrameworks/LocalAuthenticationUI : 425.230.2
PrivateFrameworks/MTLCompiler : 158.4
PrivateFrameworks/Mail : 3445.102.3
PrivateFrameworks/MailCore : 3445.102.3
PrivateFrameworks/MailService : 3445.102.3
PrivateFrameworks/MailSupport : 3445.102.3
PrivateFrameworks/MailUI : 3445.102.3
PrivateFrameworks/ManagedClient : 1140
PrivateFrameworks/MobileAsset : 437.230.1
PrivateFrameworks/NLP : 122.25.1
PrivateFrameworks/Notes : 878.75
PrivateFrameworks/NotesShared : 878.75
PrivateFrameworks/NotesUI : 878.75
PrivateFrameworks/PhotoAnalysis : 3421.1.110
PrivateFrameworks/PhotoFoundation : 3421.5.210
PrivateFrameworks/PhotoLibrary : 3421.5.210
PrivateFrameworks/PhotoLibraryPrivate : 3421.5.210
PrivateFrameworks/PhotosFormats : 3421.5.210
PrivateFrameworks/PhotosImagingFoundation : 3421.5.210
PrivateFrameworks/ProactiveEventTracker : 126.35
PrivateFrameworks/ProactiveML : 126.35
PrivateFrameworks/ProactiveSupport : 126.35
PrivateFrameworks/ProactiveSupportStubs : 126.35
PrivateFrameworks/ProtocolBuffer : 263.1
PrivateFrameworks/RTCReporting : 9.38.2
PrivateFrameworks/Safari : 14606.3.2
PrivateFrameworks/SafariCore : 14606.3.2
PrivateFrameworks/SafariSafeBrowsing : 14606.3.2
PrivateFrameworks/SafariShared : 14606.3.2
PrivateFrameworks/ScreenReader : 562.84.3
PrivateFrameworks/ScreenReaderCore : 562.84.3
PrivateFrameworks/SearchFoundation : 213.2.3
PrivateFrameworks/Sharing : 1214.15
PrivateFrameworks/SiriTTS : 221
PrivateFrameworks/SoftwareUpdate : 1170.3
PrivateFrameworks/SpeechObjects : 8.3.1
PrivateFrameworks/StoreFoundation : 708.2.3
PrivateFrameworks/StoreJavaScript : 708.2.3
PrivateFrameworks/StoreUI : 708.2.3
PrivateFrameworks/SymptomDiagnosticReporter : 820.237.2
PrivateFrameworks/SymptomReporter : 820.237.2
PrivateFrameworks/Symptoms : 820.237.2
PrivateFrameworks/SyncedDefaults : 281.201
PrivateFrameworks/SystemMigration : 1190
PrivateFrameworks/URLFormatting : 59.34.1
PrivateFrameworks/UniversalAccess : 361.50
PrivateFrameworks/VectorKit : 1360.22.10.1.3
PrivateFrameworks/WebDriver : 14606.3.2
PrivateFrameworks/WebInspector : 14606.3.2
PrivateFrameworks/WebInspectorUI : 14606.3.2
CoreServices/AddressBookUrlForwarder : 1890
CoreServices/CoreServicesUIAgent : 218
CoreServices/DiskImageMounter : 480.230.1
CoreServices/Finder : 1143.2.1
CoreServices/HelpViewer : 358.2
CoreServices/Keychain Circle Notification : 58286.230.19
CoreServices/ManagedClient : 1140
CoreServices/Setup Assistant : 2081
CoreServices/Software Update : 1170.3
CoreServices/UniversalAccessControl : 361.50
CoreServices/VoiceOver : 562.84.3
CoreServices/cloudphotosd : 3421.5.210
CoreServices/loginwindow : 1932.2.1
Applications/Directory Utility : 421
Frameworks/MessageUI : 3445.102.3
Frameworks/MobileCoreServices : 940
PrivateFrameworks/MIME : 3445.102.2
PrivateFrameworks/MessageSupport : 3445.102.2
PrivateFrameworks/NewsCore : 1703
PrivateFrameworks/NewsFeedLayout : 1703
PrivateFrameworks/NewsFoundation : 1703
PrivateFrameworks/NewsServicesInternal : 1703
PrivateFrameworks/NewsTransport : 1703
PrivateFrameworks/NewsUI : 1703
PrivateFrameworks/RemoteConfiguration : 1703
PrivateFrameworks/Silex : 1703
PrivateFrameworks/WebCore : 14606.3.2
PrivateFrameworks/WebKitLegacy : 14606.3.2
