Applications/Battle.net : 1.12.7 (10854)
Applications/Books : 1640
Applications/DaisyDisk : 4.6.5.1
Applications/GitHub Desktop : 1.5.1
Applications/Google Chrome Canary : 3647.0
Applications/Maps : 2132.23.11.9.1
Applications/PhotoScapeX : 293
Applications/Plex Media Server : 1.14.1.5488
Applications/Private Internet Access : 82.0.0
Applications/Safari Technology Preview : 14607.1.17.1
Applications/Safari : 14606.4.3
Applications/Spotify : 1.0.96.181.gf6bc1b6b-12
Utilities/Bluetooth File Exchange : 6.0.10f1
Frameworks/CoreMedia : 2285.4.2
Frameworks/CoreTelephony : 6620.0.1
Frameworks/IOBluetooth : 6.0.10f1
Frameworks/IOBluetoothUI : 6.0.10f1
Frameworks/JavaScriptCore : 14606.4.3
Frameworks/MediaToolbox : 2285.4.2
Frameworks/QuartzCore : 696.3
Frameworks/SafariServices : 14606.4.3
Frameworks/VideoToolbox : 2285.4.2
Frameworks/WebKit : 14606.4.3
PrivateFrameworks/AVConference : 1443.4.2
PrivateFrameworks/BookKit : 1160
PrivateFrameworks/CoreParsec : 213.2.4.4
PrivateFrameworks/DiskImages : 480.240.1
PrivateFrameworks/GameKitServices : 1443.4.2
PrivateFrameworks/GeoServices : 1364.23.11.9.3
PrivateFrameworks/Safari : 14606.4.3
PrivateFrameworks/SafariCore : 14606.4.3
PrivateFrameworks/SafariSafeBrowsing : 14606.4.3
PrivateFrameworks/SafariShared : 14606.4.3
PrivateFrameworks/SearchFoundation : 213.2.4.4
PrivateFrameworks/WebDriver : 14606.4.3
PrivateFrameworks/WebInspector : 14606.4.3
PrivateFrameworks/WebInspectorUI : 14606.4.3
CoreServices/Bluetooth Setup Assistant : 6.0.10f1
CoreServices/BluetoothUIServer : 6.0.10f1
CoreServices/DiskImageMounter : 480.240.1
CoreServices/OBEXAgent : 6.0.10f1
PrivateFrameworks/TSReading : 258.1
PrivateFrameworks/TSUtility : 258.1
PrivateFrameworks/WebCore : 14606.4.3
PrivateFrameworks/WebKitLegacy : 14606.4.3
