Applications/App Store : 1003.3
Applications/Automator : 444.42
Applications/Battle.net : 1.12.7 (10905)
Applications/Calendar : 2245.4.1
Applications/GitHub Desktop : 1.6.1
Applications/Google Chrome Canary : 3689.0
Applications/HSTracker : 1966
Applications/IINA : 100
Applications/Keka : 3248
Applications/Mail : 3445.104.1
Applications/Maps : 2132.24.8.24.43
Applications/News : 2036.1.1
Applications/Notes : 879.1
Applications/Photos : 3441.6.120
Applications/QuickTime Player : 935.1
Applications/Safari Technology Preview : 14608.1.1.1
Applications/Safari : 14607.1.22
Applications/SpotMenu : 1.9.0
Applications/Spotify : 1.0.98.78.gb45d2a6b-12
Applications/Stocks : 310
Applications/Turtle Beach : 23
Applications/iTunes : 12.9.4
Applications/stts : 30
Utilities/Bluetooth File Exchange : 6.0.11d3
Utilities/Boot Camp Assistant : 6067.250.7
Utilities/Console : 3.0.15
Utilities/Disk Utility : 1667.3
Utilities/Keychain Access : 55237.250.3
Utilities/VoiceOver Utility : 562.851
Frameworks/AVFoundation : 1546.16
Frameworks/AppKit : 1671.40.101
Frameworks/AudioVideoBridging : 740.1
Frameworks/Automator : 444.42
Frameworks/CFNetwork : 978.0.4
Frameworks/CloudKit : 736.213
Frameworks/ColorSync : 3340.4.4.2
Frameworks/CoreData : 866.4
Frameworks/CoreDisplay : 108.7
Frameworks/CoreFoundation : 1570.10
Frameworks/CoreGraphics : 1251.8.4.2
Frameworks/CoreLocation : 2245.12.23
Frameworks/CoreMedia : 2286.33.4.1
Frameworks/CoreServices : 943
Frameworks/CoreTelephony : 6812
Frameworks/EventKit : 809.4.1
Frameworks/Foundation : 1570.10
Frameworks/GameKit : 566.1
Frameworks/IOBluetooth : 6.0.11d3
Frameworks/IOBluetoothUI : 6.0.11d3
Frameworks/IOSurface : 255.4.2
Frameworks/ImageIO : 1824.4
Frameworks/JavaScriptCore : 14607.1.22
Frameworks/Kernel : 18.5.0
Frameworks/LocalAuthentication : 425.250.11
Frameworks/MapKit : 1832.24.8.26.29
Frameworks/MediaLibrary : 764
Frameworks/MediaToolbox : 2286.33.4.1
Frameworks/Metal : 161.7.1
Frameworks/MultipeerConnectivity : 155.2
Frameworks/NotificationCenter : 747.4
Frameworks/OpenCL : 2.15.3
Frameworks/OpenGL : 17.5.4
Frameworks/Photos : 3441.6.120
Frameworks/PhotosUI : 3441.6.120
Frameworks/QTKit : 3035
Frameworks/QuartzCore : 697.15.4.1
Frameworks/QuickLook : 775.4
Frameworks/QuickTime : 3035
Frameworks/SafariServices : 14607.1.22
Frameworks/SceneKit : 470.9
Frameworks/ScriptingBridge : 78
Frameworks/Security : 58286.250.70
Frameworks/VideoToolbox : 2286.33.4.1
Frameworks/Vision : 2.0.70
Frameworks/WebKit : 14607.1.22
Frameworks/iTunesLibrary : 12.9.4
PrivateFrameworks/APTransport : 377.30
PrivateFrameworks/AVConference : 1451.4.3
PrivateFrameworks/AVFoundationCF : 278.6
PrivateFrameworks/AccountsUI : 63.2.0.3
PrivateFrameworks/AirPlayReceiver : 377.30
PrivateFrameworks/AirPlaySender : 377.30
PrivateFrameworks/AirPlaySupport : 377.30
PrivateFrameworks/AnnotationKit : 232.3.30
PrivateFrameworks/AppleGVA : 11.9.14
PrivateFrameworks/AppleGVACore : 11.9.14
PrivateFrameworks/AppleScript : 389.1
PrivateFrameworks/AppleVA : 5.1.4
PrivateFrameworks/AppleVPA : 3.10.1
PrivateFrameworks/AssetsLibraryServices : 3441.6.126
PrivateFrameworks/AudioServerApplication : 440.1
PrivateFrameworks/AudioServerDriver : 440.1
PrivateFrameworks/AuthenticationServices : 1.0
PrivateFrameworks/AutoBugCaptureCore : 820.257.1
PrivateFrameworks/Bom : 197.5
PrivateFrameworks/BookmarkDAV : 134
PrivateFrameworks/BridgeOSInstall : 56.3
PrivateFrameworks/BridgeOSInstallReporting : 56.3
PrivateFrameworks/BulkSymbolication : 218.2
PrivateFrameworks/C2 : 438.209
PrivateFrameworks/CalendarAgent : 416.4.1
PrivateFrameworks/CallHistory : 870.6
PrivateFrameworks/Catalyst : 5.9
PrivateFrameworks/ChunkingLibrary : 201
PrivateFrameworks/ClassKit : 144.0.24
PrivateFrameworks/CloudDocs : 575.302
PrivateFrameworks/CloudDocsDaemon : 575.302
PrivateFrameworks/CloudKitCode : 736.213
PrivateFrameworks/CloudKitCodeProtobuf : 736.213
PrivateFrameworks/CloudKitDaemon : 736.213
PrivateFrameworks/CloudPhotoLibrary : 3441.0.151
PrivateFrameworks/CloudPhotoServices : 3441.6.120
PrivateFrameworks/CommerceKit : 708.3.7
PrivateFrameworks/ConfigProfileHelper : 1166
PrivateFrameworks/ConfigurationProfiles : 1166
PrivateFrameworks/ContactsAssistantServices : 146.14.7
PrivateFrameworks/CoreAUC : 274.0.0
PrivateFrameworks/CoreAppleCVA : 2.40.0
PrivateFrameworks/CoreEmoji : 69.19.9
PrivateFrameworks/CoreFP : 2.13.37
PrivateFrameworks/CoreHAP : 484.5.13
PrivateFrameworks/CoreKE : 4.27
PrivateFrameworks/CoreLSKD : 10.9.0
PrivateFrameworks/CoreMLTestFramework : 1
PrivateFrameworks/CoreParsec : 213.3.18
PrivateFrameworks/CoreRoutine : 558.12.3
PrivateFrameworks/CoreServicesInternal : 358
PrivateFrameworks/CoreSuggestions : 680.120
PrivateFrameworks/CoreSuggestionsInternals : 680.120
PrivateFrameworks/CoreSymbolication : 64490.20
PrivateFrameworks/CoreThemeDefinition : 348
PrivateFrameworks/CoreTime : 258.2
PrivateFrameworks/CoreUI : 499.3
PrivateFrameworks/CoreUtils : 576.35
PrivateFrameworks/CrashReporterSupport : 938.24
PrivateFrameworks/DCIMServices : 3441.6.126
PrivateFrameworks/DFRFoundation : 211.1
PrivateFrameworks/DTXConnectionServices : 64490.25
PrivateFrameworks/DebugSymbols : 190
PrivateFrameworks/DiskImages : 480.250.6
PrivateFrameworks/DiskManagement : 1555
PrivateFrameworks/EasyConfig : 576.35
PrivateFrameworks/Email : 3445.104.1
PrivateFrameworks/EmailAddressing : 3445.104.1
PrivateFrameworks/EmailCore : 3445.104.1
PrivateFrameworks/ExchangeWebServices : 308
PrivateFrameworks/FindMyDeviceUI : 18
PrivateFrameworks/FindMyMac : 57.4.0.3
PrivateFrameworks/GPUInfo : 1.1.2
PrivateFrameworks/GPUSupport : 17.5.4
PrivateFrameworks/GPUWrangler : 3.30.10
PrivateFrameworks/GameCenter : 566.1
PrivateFrameworks/GameCenterFoundation : 566.1
PrivateFrameworks/GameCenterPrivateUIMac : 566.1
PrivateFrameworks/GameCenterUI : 566.1
PrivateFrameworks/GameKitServices : 1451.4.3
PrivateFrameworks/GeoServices : 1364.24.8.24.30
PrivateFrameworks/HDAInterface : 282.51
PrivateFrameworks/HDRProcessing : 1.30.1
PrivateFrameworks/HelpData : 184.3
PrivateFrameworks/HomeKit : 484.5.13
PrivateFrameworks/HomeKitDaemon : 484.5.13
PrivateFrameworks/IASUtilities : 507
PrivateFrameworks/IMAP : 3445.104.1
PrivateFrameworks/IOAccelerator : 404.7
PrivateFrameworks/IntlPreferences : 227.17.1
PrivateFrameworks/LinkPresentation : 59.40
PrivateFrameworks/LocalAuthenticationUI : 425.250.11
PrivateFrameworks/LoggingSupport : 906.250.3
PrivateFrameworks/MMCS : 438.209
PrivateFrameworks/MTLCompiler : 161.7.1
PrivateFrameworks/Mail : 3445.104.1
PrivateFrameworks/MailCore : 3445.104.1
PrivateFrameworks/MailService : 3445.104.1
PrivateFrameworks/MailSupport : 3445.104.1
PrivateFrameworks/MailUI : 3445.104.1
PrivateFrameworks/ManagedClient : 1166
PrivateFrameworks/MarkupUI : 232.3.30
PrivateFrameworks/MediaControlSender : 377.30
PrivateFrameworks/MetadataUtilities : 1191.54
PrivateFrameworks/MobileAsset : 437.250.2
PrivateFrameworks/Montreal : 42.15.9
PrivateFrameworks/MultitouchSupport : 2440.3
PrivateFrameworks/MultiverseSupport : 27.250.5.0.1
PrivateFrameworks/NearField : 294.11
PrivateFrameworks/NeutrinoCore : 3441.2.160
PrivateFrameworks/NeutrinoKit : 3441.2.160
PrivateFrameworks/Notes : 879.1
PrivateFrameworks/NotesShared : 879.1
PrivateFrameworks/NotesUI : 879.1
PrivateFrameworks/NotificationCenterUI : 747.4
PrivateFrameworks/OSInstaller : 1156
PrivateFrameworks/OSPersonalization : 55.3
PrivateFrameworks/OfficeImport : 268.1
PrivateFrameworks/PASampling : 218.2
PrivateFrameworks/PackageKit : 829
PrivateFrameworks/ParsecUI : 1191.54
PrivateFrameworks/PerformanceAnalysis : 218.2
PrivateFrameworks/PhotoAnalysis : 3441.1.120
PrivateFrameworks/PhotoFoundation : 3441.6.120
PrivateFrameworks/PhotoImaging : 3441.2.160
PrivateFrameworks/PhotoLibrary : 3441.6.120
PrivateFrameworks/PhotoLibraryPrivate : 3441.6.120
PrivateFrameworks/PhotosFormats : 3441.6.120
PrivateFrameworks/PhotosImagingFoundation : 3441.6.120
PrivateFrameworks/PrivateFederatedLearning : 1
PrivateFrameworks/ProactiveEventTracker : 126.37
PrivateFrameworks/ProactiveML : 126.37
PrivateFrameworks/ProactiveSupport : 126.37
PrivateFrameworks/ProactiveSupportStubs : 126.37
PrivateFrameworks/ProofReader : 430.16.16
PrivateFrameworks/ROCKit : 27.5
PrivateFrameworks/Rapport : 166.26
PrivateFrameworks/RapportUI : 166.26
PrivateFrameworks/RemoteServiceDiscovery : 1336.250.6
PrivateFrameworks/RemoteXPC : 1336.250.6
PrivateFrameworks/Restore : 496
PrivateFrameworks/Safari : 14607.1.22
PrivateFrameworks/SafariCore : 14607.1.22
PrivateFrameworks/SafariSafeBrowsing : 14607.1.22
PrivateFrameworks/SafariShared : 14607.1.22
PrivateFrameworks/SampleAnalysis : 218.2
PrivateFrameworks/ScreenReader : 562.851
PrivateFrameworks/ScreenReaderCore : 562.851
PrivateFrameworks/ScreenSharing : 498.111
PrivateFrameworks/SearchFoundation : 213.3.18
PrivateFrameworks/ShareKit : 577.3
PrivateFrameworks/Sharing : 1288.1
PrivateFrameworks/SignpostCollection : 18
PrivateFrameworks/SignpostNotification : 18
PrivateFrameworks/SignpostSupport : 18
PrivateFrameworks/SiriFoundation : 146.14.7
PrivateFrameworks/SiriInstrumentation : 1
PrivateFrameworks/SiriTTS : 222
PrivateFrameworks/SiriUI : 146.14.7
PrivateFrameworks/SocialServices : 87
PrivateFrameworks/SoftwareUpdate : 1171.9
PrivateFrameworks/SpeechObjects : 8.5.2
PrivateFrameworks/Spotlight : 1191.54
PrivateFrameworks/SpotlightIndex : 1191.54
PrivateFrameworks/SpotlightServerKit : 1191.54
PrivateFrameworks/SpotlightServices : 1191.54
PrivateFrameworks/StoreFoundation : 708.3.7
PrivateFrameworks/StoreJavaScript : 708.3.7
PrivateFrameworks/StoreUI : 708.3.7
PrivateFrameworks/Symbolication : 64490.27
PrivateFrameworks/SymptomDiagnosticReporter : 820.257.1
PrivateFrameworks/SymptomReporter : 820.257.1
PrivateFrameworks/Symptoms : 820.257.1
PrivateFrameworks/SystemMigration : 1192
PrivateFrameworks/TimeSync : 740.2
PrivateFrameworks/UIKitHostAppProtocols : 41
PrivateFrameworks/UIKitHostAppServices : 41
PrivateFrameworks/UIKitSystemAppServices : 41
PrivateFrameworks/URLFormatting : 59.40
PrivateFrameworks/UserActivity : 231
PrivateFrameworks/VectorKit : 1360.24.9.13.16
PrivateFrameworks/VideoProcessing : 699.54
PrivateFrameworks/VisualPairing : 130.12
PrivateFrameworks/WebDriver : 14607.1.22
PrivateFrameworks/WebInspector : 14607.1.22
PrivateFrameworks/WebInspectorUI : 14607.1.22
PrivateFrameworks/XCTAutomationSupport : 14490.37
PrivateFrameworks/XCTTargetBootstrap : 14490.37
PrivateFrameworks/iLifeMediaBrowser : 764
PrivateFrameworks/iPodUpdater : 304
PrivateFrameworks/ktrace : 271.250.1
PrivateFrameworks/perfdata : 4.250.11
CoreServices/AddPrinter : 555.6
CoreServices/AirPlayUIAgent : 377.30
CoreServices/Automator Installer : 444.42
CoreServices/Bluetooth Setup Assistant : 6.0.11d3
CoreServices/BluetoothUIServer : 6.0.11d3
CoreServices/DiskImageMounter : 480.250.6
CoreServices/Dock : 1963.3
CoreServices/Finder : 1143.4.2
CoreServices/HelpViewer : 358.3
CoreServices/Install in Progress : 829
CoreServices/Installer Progress : 507
CoreServices/Keychain Circle Notification : 58286.250.70
CoreServices/ManagedClient : 1166
CoreServices/NotificationCenter : 747.4
CoreServices/OBEXAgent : 6.0.11d3
CoreServices/Paired Devices : 166.26
CoreServices/Photo Library Migration Utility : 2101.20.170
CoreServices/Problem Reporter : 938.24
CoreServices/RapportUIAgent : 166.26
CoreServices/Setup Assistant : 2104
CoreServices/Siri : 146.14.7
CoreServices/Software Update : 1171.9
CoreServices/Spotlight : 1191.54
CoreServices/SystemUIServer : 480.1
CoreServices/UIKitSystem : 41
CoreServices/VoiceOver : 562.851
CoreServices/cloudphotosd : 3441.6.120
CoreServices/loginwindow : 1932.4.5
CoreServices/screencaptureui : 230.1
Applications/Feedback Assistant : 357.2
Applications/Screen Sharing : 498.111
Frameworks/MessageUI : 3445.104.1
Frameworks/MobileCoreServices : 943
Frameworks/PDFKit : 741.8
PrivateFrameworks/MIME : 3445.104.1
PrivateFrameworks/MessageSupport : 3445.104.1
PrivateFrameworks/NewsCore : 2036.1.1
PrivateFrameworks/NewsFeedLayout : 2036.1.1
PrivateFrameworks/NewsFoundation : 2036.1.1
PrivateFrameworks/NewsServicesInternal : 2036.1.1
PrivateFrameworks/NewsTransport : 2036.1.1
PrivateFrameworks/NewsUI : 2036.1.1
PrivateFrameworks/RemoteConfiguration : 2036.1.1
PrivateFrameworks/Silex : 2036.1.1
PrivateFrameworks/WebCore : 14607.1.22
PrivateFrameworks/WebKitLegacy : 14607.1.22
