Applications/Books : 1642
Applications/Calendar : 2245.4.4
Applications/Contacts : 1892
Applications/Font Book : 330.2.1
Applications/Google Chrome Canary : 3724.0
Applications/Google Chrome : 3626.119
Applications/Maps : 2132.24.8.24.60
Applications/News : 2064.1.1
Applications/Notes : 879.4
Applications/Photos : 3441.6.230
Applications/Safari Technology Preview : 14608.1.6.2
Applications/Safari : 14607.1.39
Applications/Stocks : 314
Applications/stts : 31
Utilities/AirPort Utility : 639.9
Utilities/Bluetooth File Exchange : 6.0.11d9
Utilities/Boot Camp Assistant : 6067.250.10
Utilities/Script Editor : 203.1
Utilities/Terminal : 421.1.1
Utilities/VoiceOver Utility : 562.855
Frameworks/AVFoundation : 1546.25
Frameworks/AddressBook : 1892
Frameworks/AppKit : 1671.40.107
Frameworks/CFNetwork : 978.0.6
Frameworks/CloudKit : 736.216
Frameworks/ColorSync : 3340.7
Frameworks/ContactsUI : 1892
Frameworks/CoreData : 866.5
Frameworks/CoreDisplay : 108.11
Frameworks/CoreFoundation : 1570.14
Frameworks/CoreGraphics : 1251.12
Frameworks/CoreLocation : 2245.12.29
Frameworks/CoreMedia : 2286.47
Frameworks/CoreServices : 944.2
Frameworks/CoreSpotlight : 231.48
Frameworks/CoreTelephony : 6822
Frameworks/Foundation : 1570.14
Frameworks/ICADevices : 1534.2
Frameworks/IOBluetooth : 6.0.11d9
Frameworks/IOBluetoothUI : 6.0.11d9
Frameworks/ImageCaptureCore : 1534.2
Frameworks/ImageIO : 1824.6
Frameworks/InputMethodKit : 365.25
Frameworks/JavaScriptCore : 14607.1.39
Frameworks/MapKit : 1832.24.8.26.42
Frameworks/MediaToolbox : 2286.47
Frameworks/NotificationCenter : 747.7
Frameworks/Photos : 3441.6.230
Frameworks/PhotosUI : 3441.6.230
Frameworks/QTKit : 3039
Frameworks/QuartzCore : 697.24
Frameworks/QuickLook : 775.5
Frameworks/QuickTime : 3039
Frameworks/SafariServices : 14607.1.39
Frameworks/SceneKit : 470.10
Frameworks/Security : 58286.250.78.100.1
Frameworks/VideoToolbox : 2286.47
Frameworks/WebKit : 14607.1.39
PrivateFrameworks/AOSKit : 271
PrivateFrameworks/AOSUI : 648.4.0.4
PrivateFrameworks/APTransport : 380.4
PrivateFrameworks/AVConference : 1451.4.7
PrivateFrameworks/AccountsUI : 63.6
PrivateFrameworks/AddressBookAutocomplete : 1892
PrivateFrameworks/AirPlayReceiver : 380.4
PrivateFrameworks/AirPlaySender : 380.4
PrivateFrameworks/AirPlaySupport : 380.4
PrivateFrameworks/AssetCacheServices : 83.4
PrivateFrameworks/AssetCacheServicesExtensions : 83.4
PrivateFrameworks/AssetsLibraryServices : 3441.6.211
PrivateFrameworks/AudioServerApplication : 440.2
PrivateFrameworks/AudioServerDriver : 440.2
PrivateFrameworks/BaseBoard : 360.27
PrivateFrameworks/BookKit : 1162
PrivateFrameworks/C2 : 438.211
PrivateFrameworks/CalendarPersistence : 505.4.2
PrivateFrameworks/ClassKit : 144.0.26
PrivateFrameworks/CloudKitCode : 736.216
PrivateFrameworks/CloudKitCodeProtobuf : 736.216
PrivateFrameworks/CloudKitDaemon : 736.216
PrivateFrameworks/CloudPhotoLibrary : 3441.1.100
PrivateFrameworks/CloudPhotoServices : 3441.6.230
PrivateFrameworks/CommerceKit : 708.3.9
PrivateFrameworks/ConfigProfileHelper : 1169
PrivateFrameworks/ConfigurationProfiles : 1169
PrivateFrameworks/ContactsAssistantServices : 146.14.19
PrivateFrameworks/CoreHAP : 484.5.25
PrivateFrameworks/CoreParsec : 213.3.26
PrivateFrameworks/CoreRoutine : 558.12.5
PrivateFrameworks/CoreSuggestions : 680.124
PrivateFrameworks/CoreSuggestionsInternals : 680.124
PrivateFrameworks/CoreSymbolication : 64490.25.1
PrivateFrameworks/CoreThemeDefinition : 348.2
PrivateFrameworks/CoreTime : 258.3
PrivateFrameworks/CoreUI : 499.10
PrivateFrameworks/CoreUtils : 576.49
PrivateFrameworks/CrashReporterSupport : 938.25
PrivateFrameworks/DCIMServices : 3441.6.211
PrivateFrameworks/DTXConnectionServices : 64490.42.1
PrivateFrameworks/EasyConfig : 576.49
PrivateFrameworks/FrontBoardServices : 486.50
PrivateFrameworks/GPUInfo : 1.1.8
PrivateFrameworks/GPUWrangler : 3.30.14
PrivateFrameworks/GameKitServices : 1451.4.7
PrivateFrameworks/GeoServices : 1364.24.8.24.45
PrivateFrameworks/HDAInterface : 282.54
PrivateFrameworks/HDRProcessing : 1.30.2
PrivateFrameworks/HomeKit : 484.5.25
PrivateFrameworks/HomeKitDaemon : 484.5.25
PrivateFrameworks/LinguisticData : 238.24.1
PrivateFrameworks/LinkPresentation : 59.42
PrivateFrameworks/LoggingSupport : 906.250.5
PrivateFrameworks/MMCS : 438.211
PrivateFrameworks/ManagedClient : 1169
PrivateFrameworks/MediaControlSender : 380.4
PrivateFrameworks/MetadataUtilities : 1191.56
PrivateFrameworks/MobileAsset : 437.250.3
PrivateFrameworks/MultitouchSupport : 2440.7
PrivateFrameworks/MultiverseSupport : 27.250.8
PrivateFrameworks/NearField : 294.13
PrivateFrameworks/Notes : 879.4
PrivateFrameworks/NotesShared : 879.4
PrivateFrameworks/NotesUI : 879.4
PrivateFrameworks/NotificationCenterUI : 747.7
PrivateFrameworks/OSInstaller : 1158
PrivateFrameworks/PackageKit : 830
PrivateFrameworks/ParsecUI : 1191.56
PrivateFrameworks/PhotoFoundation : 3441.6.230
PrivateFrameworks/PhotoLibrary : 3441.6.230
PrivateFrameworks/PhotoLibraryPrivate : 3441.6.230
PrivateFrameworks/PhotosFormats : 3441.6.230
PrivateFrameworks/PhotosImagingFoundation : 3441.6.230
PrivateFrameworks/ROCKit : 27.6
PrivateFrameworks/Rapport : 166.40
PrivateFrameworks/RapportUI : 166.40
PrivateFrameworks/RemoteServiceDiscovery : 1336.250.8
PrivateFrameworks/RemoteXPC : 1336.250.8
PrivateFrameworks/Safari : 14607.1.39
PrivateFrameworks/SafariCore : 14607.1.39
PrivateFrameworks/SafariSafeBrowsing : 14607.1.39
PrivateFrameworks/SafariShared : 14607.1.39
PrivateFrameworks/ScreenReader : 562.855
PrivateFrameworks/ScreenReaderCore : 562.855
PrivateFrameworks/SearchFoundation : 213.3.26
PrivateFrameworks/ShareKit : 577.5
PrivateFrameworks/Sharing : 1288.25
PrivateFrameworks/SignpostCollection : 27
PrivateFrameworks/SignpostMetrics : 27
PrivateFrameworks/SignpostNotification : 27
PrivateFrameworks/SignpostSupport : 27
PrivateFrameworks/SiriFoundation : 146.14.19
PrivateFrameworks/SiriTTS : 224
PrivateFrameworks/SiriUI : 146.14.19
PrivateFrameworks/SoftwareUpdate : 1172.5
PrivateFrameworks/Spotlight : 1191.56
PrivateFrameworks/SpotlightIndex : 1191.56
PrivateFrameworks/SpotlightServerKit : 1191.56
PrivateFrameworks/SpotlightServices : 1191.56
PrivateFrameworks/StorageKit : 480.26
PrivateFrameworks/StoreFoundation : 708.3.9
PrivateFrameworks/StoreJavaScript : 708.3.9
PrivateFrameworks/StoreUI : 708.3.9
PrivateFrameworks/Symbolication : 64490.38.1
PrivateFrameworks/SystemMigration : 1196
PrivateFrameworks/URLFormatting : 59.42
PrivateFrameworks/UniversalAccess : 361.52
PrivateFrameworks/VectorKit : 1360.24.9.13.20
PrivateFrameworks/VideoProcessing : 699.55
PrivateFrameworks/WebDriver : 14607.1.39
PrivateFrameworks/WebInspector : 14607.1.39
PrivateFrameworks/WebInspectorUI : 14607.1.39
PrivateFrameworks/XCTAutomationSupport : 14490.46.2
PrivateFrameworks/XCTTargetBootstrap : 14490.46.2
PrivateFrameworks/perfdata : 4.250.16
CoreServices/AddressBookUrlForwarder : 1892
CoreServices/AirPlayUIAgent : 380.4
CoreServices/Bluetooth Setup Assistant : 6.0.11d9
CoreServices/BluetoothUIServer : 6.0.11d9
CoreServices/CoreServicesUIAgent : 220
CoreServices/Dock : 1963.5
CoreServices/Finder : 1143.4.5
CoreServices/Install in Progress : 830
CoreServices/Keychain Circle Notification : 58286.250.78.100.1
CoreServices/ManagedClient : 1169
CoreServices/NotificationCenter : 747.7
CoreServices/OBEXAgent : 6.0.11d9
CoreServices/Paired Devices : 166.40
CoreServices/Problem Reporter : 938.25
CoreServices/RapportUIAgent : 166.40
CoreServices/Setup Assistant : 2107
CoreServices/Siri : 146.14.19
CoreServices/Software Update : 1172.5
CoreServices/Spotlight : 1191.56
CoreServices/SystemUIServer : 480.2
CoreServices/UniversalAccessControl : 361.52
CoreServices/VoiceOver : 562.855
CoreServices/cloudphotosd : 3441.6.230
CoreServices/screencaptureui : 230.3
Frameworks/MobileCoreServices : 944.2
Frameworks/PDFKit : 741.11
PrivateFrameworks/BaseBoardUI : 360.27
PrivateFrameworks/FrontBoard : 486.50
PrivateFrameworks/FrontBoardUIServices : 486.50
PrivateFrameworks/NewsCore : 2064.1.1
PrivateFrameworks/NewsFeedLayout : 2064.1.1
PrivateFrameworks/NewsFoundation : 2064.1.1
PrivateFrameworks/NewsServicesInternal : 2064.1.1
PrivateFrameworks/NewsTransport : 2064.1.1
PrivateFrameworks/NewsUI : 2064.1.1
PrivateFrameworks/RemoteConfiguration : 2064.1.1
PrivateFrameworks/Silex : 2064.1.1
PrivateFrameworks/TSReading : 261
PrivateFrameworks/TSUtility : 261
PrivateFrameworks/WebCore : 14607.1.39
PrivateFrameworks/WebKitLegacy : 14607.1.39
