Applications/Contacts : 1893
Applications/Google Chrome Canary : 3737.0
Applications/Google Chrome : 3626.121
Applications/Mail : 3445.104.8
Applications/News : 2074
Applications/Photos : 3441.7.100
Applications/Safari Technology Preview : 14608.1.7.3
Applications/Safari : 14607.1.40.1.4
Applications/stts : 32
Utilities/Bluetooth File Exchange : 6.0.11f4
Utilities/Boot Camp Assistant : 6067.250.12
Frameworks/AddressBook : 1893
Frameworks/AppKit : 1671.40.119
Frameworks/CFNetwork : 978.0.7
Frameworks/ContactsUI : 1893
Frameworks/CoreFoundation : 1570.16
Frameworks/CoreLocation : 2245.12.30
Frameworks/CoreMedia : 2286.48
Frameworks/CoreServices : 944.3
Frameworks/Foundation : 1570.16
Frameworks/GameKit : 566.2
Frameworks/IOBluetooth : 6.0.11f4
Frameworks/IOBluetoothUI : 6.0.11f4
Frameworks/JavaScriptCore : 14607.1.40.1.4
Frameworks/MediaToolbox : 2286.48
Frameworks/Photos : 3441.7.100
Frameworks/PhotosUI : 3441.7.100
Frameworks/QuartzCore : 697.24.4.2
Frameworks/SafariServices : 14607.1.40.1.4
Frameworks/Security : 58286.251.4
Frameworks/SecurityFoundation : 55185.251.1
Frameworks/VideoToolbox : 2286.48
Frameworks/WebKit : 14607.1.40.1.4
PrivateFrameworks/APTransport : 380.40.1
PrivateFrameworks/AVConference : 1451.4.9
PrivateFrameworks/AddressBookAutocomplete : 1893
PrivateFrameworks/AirPlayReceiver : 380.40.1
PrivateFrameworks/AirPlaySender : 380.40.1
PrivateFrameworks/AirPlaySupport : 380.40.1
PrivateFrameworks/C2 : 438.212
PrivateFrameworks/ClassKit : 144.0.27
PrivateFrameworks/CloudPhotoServices : 3441.7.100
PrivateFrameworks/ContactsAssistantServices : 146.14.20
PrivateFrameworks/CoreHAP : 484.5.26
PrivateFrameworks/CoreThemeDefinition : 348.3
PrivateFrameworks/CoreTime : 258.4
PrivateFrameworks/Email : 3445.104.8
PrivateFrameworks/EmailAddressing : 3445.104.8
PrivateFrameworks/EmailCore : 3445.104.8
PrivateFrameworks/GPUInfo : 1.1.14
PrivateFrameworks/GameCenter : 566.2
PrivateFrameworks/GameCenterFoundation : 566.2
PrivateFrameworks/GameCenterPrivateUIMac : 566.2
PrivateFrameworks/GameCenterUI : 566.2
PrivateFrameworks/GameKitServices : 1451.4.9
PrivateFrameworks/GeoServices : 1364.24.8.24.47
PrivateFrameworks/HomeKit : 484.5.26
PrivateFrameworks/HomeKitDaemon : 484.5.26
PrivateFrameworks/IMAP : 3445.104.8
PrivateFrameworks/MMCS : 438.212
PrivateFrameworks/Mail : 3445.104.8
PrivateFrameworks/MailCore : 3445.104.8
PrivateFrameworks/MailService : 3445.104.8
PrivateFrameworks/MailSupport : 3445.104.8
PrivateFrameworks/MailUI : 3445.104.8
PrivateFrameworks/MediaControlSender : 380.40.1
PrivateFrameworks/PhotoFoundation : 3441.7.100
PrivateFrameworks/PhotoLibrary : 3441.7.100
PrivateFrameworks/PhotoLibraryPrivate : 3441.7.100
PrivateFrameworks/PhotosFormats : 3441.7.100
PrivateFrameworks/PhotosImagingFoundation : 3441.7.100
PrivateFrameworks/RemoteServiceDiscovery : 1336.251.2
PrivateFrameworks/RemoteXPC : 1336.251.2
PrivateFrameworks/Safari : 14607.1.40.1.4
PrivateFrameworks/SafariCore : 14607.1.40.1.4
PrivateFrameworks/SafariSafeBrowsing : 14607.1.40.1.4
PrivateFrameworks/SafariShared : 14607.1.40.1.4
PrivateFrameworks/SiriFoundation : 146.14.20
PrivateFrameworks/SiriUI : 146.14.20
PrivateFrameworks/UniversalAccess : 361.53
PrivateFrameworks/WebDriver : 14607.1.40.1.4
PrivateFrameworks/WebInspector : 14607.1.40.1.4
PrivateFrameworks/WebInspectorUI : 14607.1.40.1.4
CoreServices/AddressBookUrlForwarder : 1893
CoreServices/AirPlayUIAgent : 380.40.1
CoreServices/Bluetooth Setup Assistant : 6.0.11f4
CoreServices/BluetoothUIServer : 6.0.11f4
CoreServices/Certificate Assistant : 55174.251.1
CoreServices/Keychain Circle Notification : 58286.251.4
CoreServices/OBEXAgent : 6.0.11f4
CoreServices/Siri : 146.14.20
CoreServices/UniversalAccessControl : 361.53
CoreServices/cloudphotosd : 3441.7.100
CoreServices/loginwindow : 1932.4.7
Frameworks/MessageUI : 3445.104.8
Frameworks/MobileCoreServices : 944.3
PrivateFrameworks/MIME : 3445.104.8
PrivateFrameworks/MessageSupport : 3445.104.8
PrivateFrameworks/NewsCore : 2074
PrivateFrameworks/NewsFeedLayout : 2074
PrivateFrameworks/NewsFoundation : 2074
PrivateFrameworks/NewsServicesInternal : 2074
PrivateFrameworks/NewsTransport : 2074
PrivateFrameworks/NewsUI : 2074
PrivateFrameworks/RemoteConfiguration : 2074
PrivateFrameworks/Silex : 2074
PrivateFrameworks/WebCore : 14607.1.40.1.4
PrivateFrameworks/WebKitLegacy : 14607.1.40.1.4
