Applications/Calendar : 2245.5.1
Applications/Contacts : 1894
Applications/Cyberduck : 30164
Applications/Firefox : 6619.3.26
Applications/GitHub Desktop : 1.6.5
Applications/Google Chrome Canary : 3764.0
Applications/Image2Icon : 821
Applications/News : 2119
Applications/Notes : 879.10
Applications/Photos : 3451.6.240
Applications/Safari : 14607.2.3
Applications/Stocks : 316
Applications/iTerm : 3.2.8
Utilities/Bluetooth File Exchange : 6.0.12d16
Utilities/Boot Camp Assistant : 6067.260.24
Utilities/VoiceOver Utility : 562.857
Frameworks/AVFoundation : 1548.18
Frameworks/AddressBook : 1894
Frameworks/AppKit : 1671.50.103
Frameworks/CloudKit : 736.221
Frameworks/ContactsUI : 1894
Frameworks/CoreDisplay : 109.15
Frameworks/CoreFoundation : 1575.12
Frameworks/CoreLocation : 2245.16.10
Frameworks/CoreMedia : 2288.33
Frameworks/CoreWLAN : 1375.1
Frameworks/EventKit : 809.5.1
Frameworks/Foundation : 1575.12
Frameworks/IOBluetooth : 6.0.12d16
Frameworks/IOBluetoothUI : 6.0.12d16
Frameworks/IOSurface : 255.5.4
Frameworks/ImageIO : 1850.2
Frameworks/JavaScriptCore : 14607.2.3
Frameworks/MediaToolbox : 2288.33
Frameworks/Metal : 161.9.16
Frameworks/Photos : 3451.6.240
Frameworks/PhotosUI : 3451.6.240
Frameworks/QuartzCore : 699.23
Frameworks/SafariServices : 14607.2.3
Frameworks/Security : 58286.260.16
Frameworks/VideoSubscriberAccount : 285
Frameworks/VideoToolbox : 2288.33
Frameworks/WebKit : 14607.2.3
PrivateFrameworks/APTransport : 381.13
PrivateFrameworks/AVConference : 1470.4.1
PrivateFrameworks/AVFoundationCF : 278.21
PrivateFrameworks/AddressBookAutocomplete : 1894
PrivateFrameworks/AirPlayReceiver : 381.13
PrivateFrameworks/AirPlaySender : 381.13
PrivateFrameworks/AirPlaySupport : 381.13
PrivateFrameworks/Apple80211 : 1380.1
PrivateFrameworks/AppleGVA : 11.10.12
PrivateFrameworks/AppleGVACore : 11.10.12
PrivateFrameworks/AssetsLibraryServices : 3451.6.240
PrivateFrameworks/CalendarAgent : 416.5.1
PrivateFrameworks/CloudKitCode : 736.221
PrivateFrameworks/CloudKitCodeProtobuf : 736.221
PrivateFrameworks/CloudKitDaemon : 736.221
PrivateFrameworks/CloudPhotoServices : 3451.6.240
PrivateFrameworks/CommerceKit : 708.4
PrivateFrameworks/CoreHAP : 484.6.2
PrivateFrameworks/CoreThemeDefinition : 349
PrivateFrameworks/CoreUtils : 580.13
PrivateFrameworks/CoreWLANKit : 1375.1
PrivateFrameworks/CoreWiFi : 1375.1
PrivateFrameworks/DCIMServices : 3451.6.240
PrivateFrameworks/EasyConfig : 580.13
PrivateFrameworks/GPUInfo : 1.2.3
PrivateFrameworks/GPUWrangler : 3.40.16
PrivateFrameworks/GameKitServices : 1470.4.1
PrivateFrameworks/HDRProcessing : 1.38.1
PrivateFrameworks/HomeKit : 484.6.2
PrivateFrameworks/HomeKitDaemon : 484.6.2
PrivateFrameworks/MTLCompiler : 161.9.16
PrivateFrameworks/MediaControlSender : 381.13
PrivateFrameworks/MultitouchSupport : 2450.1
PrivateFrameworks/NearField : 295.3.2
PrivateFrameworks/Notes : 879.10
PrivateFrameworks/NotesShared : 879.10
PrivateFrameworks/NotesUI : 879.10
PrivateFrameworks/PhotoFoundation : 3451.6.240
PrivateFrameworks/PhotoLibrary : 3451.6.240
PrivateFrameworks/PhotoLibraryPrivate : 3451.6.240
PrivateFrameworks/PhotosFormats : 3451.6.240
PrivateFrameworks/PhotosImagingFoundation : 3451.6.240
PrivateFrameworks/RTCReporting : 9.50.2
PrivateFrameworks/Rapport : 170.13
PrivateFrameworks/RapportUI : 170.13
PrivateFrameworks/RemoteServiceDiscovery : 1336.260.12
PrivateFrameworks/RemoteXPC : 1336.260.12
PrivateFrameworks/Safari : 14607.2.3
PrivateFrameworks/SafariCore : 14607.2.3
PrivateFrameworks/SafariSafeBrowsing : 14607.2.3
PrivateFrameworks/SafariShared : 14607.2.3
PrivateFrameworks/ScreenReader : 562.857
PrivateFrameworks/ScreenReaderCore : 562.857
PrivateFrameworks/Sharing : 1288.38
PrivateFrameworks/SidecarCore : 38.2
PrivateFrameworks/SidecarUI : 38.2
PrivateFrameworks/SignpostCollection : 30
PrivateFrameworks/SignpostMetrics : 30
PrivateFrameworks/SignpostNotification : 30
PrivateFrameworks/SignpostSupport : 30
PrivateFrameworks/SoftwareUpdate : 1173.3
PrivateFrameworks/StoreFoundation : 708.4
PrivateFrameworks/StoreJavaScript : 708.4
PrivateFrameworks/StoreUI : 708.4
PrivateFrameworks/SystemMigration : 1200
PrivateFrameworks/WebDriver : 14607.2.3
PrivateFrameworks/WebInspector : 14607.2.3
PrivateFrameworks/WebInspectorUI : 14607.2.3
CoreServices/AddressBookUrlForwarder : 1894
CoreServices/AirPlayUIAgent : 381.13
CoreServices/Bluetooth Setup Assistant : 6.0.12d16
CoreServices/BluetoothUIServer : 6.0.12d16
CoreServices/Finder : 1143.5.1
CoreServices/Keychain Circle Notification : 58286.260.16
CoreServices/OBEXAgent : 6.0.12d16
CoreServices/Paired Devices : 170.13
CoreServices/RapportUIAgent : 170.13
CoreServices/Software Update : 1173.3
CoreServices/VoiceOver : 562.857
CoreServices/WiFiAgent : 1380.1
CoreServices/cloudphotosd : 3451.6.240
Applications/Archive Utility : 101.5.1
Frameworks/PDFKit : 745.3
PrivateFrameworks/NewsCore : 2119
PrivateFrameworks/NewsFeedLayout : 2119
PrivateFrameworks/NewsFoundation : 2119
PrivateFrameworks/NewsServicesInternal : 2119
PrivateFrameworks/NewsTransport : 2119
PrivateFrameworks/NewsUI : 2119
PrivateFrameworks/RemoteConfiguration : 2119
PrivateFrameworks/Silex : 2119
PrivateFrameworks/WebCore : 14607.2.3
PrivateFrameworks/WebKitLegacy : 14607.2.3
