Applications/Battle.net : 1.13.2 (11061)
Applications/Books : 1644
Applications/Google Chrome Canary : 3758.0
Applications/Google Chrome : 3683.103
Applications/Image2Icon : 819
Applications/Keynote : 6196
Applications/Maps : 2132.25.12.18.12
Applications/News : 2110
Applications/Numbers : 6194
Applications/Pages : 6194
Applications/Photos : 3451.6.220
Applications/Safari Technology Preview : 14608.1.14
Applications/Safari : 14607.2.2
Applications/Spotify : 1.1.4.197.g92d52c4f-14
Applications/Stocks : 315
Utilities/Bluetooth File Exchange : 6.0.12d13
Utilities/Boot Camp Assistant : 6067.260.22
Utilities/VoiceOver Utility : 562.856
Frameworks/AVFoundation : 1548.16
Frameworks/AppKit : 1671.50.101
Frameworks/CoreDisplay : 109.10
Frameworks/CoreFoundation : 1570.15
Frameworks/CoreImage : 750.0.130
Frameworks/CoreLocation : 2245.16.8
Frameworks/CoreMedia : 2288.27.4.1
Frameworks/CoreMediaIO : 5050.1
Frameworks/CoreTelephony : 6833
Frameworks/Foundation : 1570.15
Frameworks/IOBluetooth : 6.0.12d13
Frameworks/IOBluetoothUI : 6.0.12d13
Frameworks/IOSurface : 255.5.1
Frameworks/ImageIO : 1850.1
Frameworks/JavaScriptCore : 14607.2.2
Frameworks/Kernel : 18.6.0
Frameworks/MapKit : 1832.25.12.18.15
Frameworks/MediaToolbox : 2288.27.4.1
Frameworks/Metal : 161.9.13
Frameworks/OpenGL : 17.7.2
Frameworks/Photos : 3451.6.220
Frameworks/PhotosUI : 3451.6.220
Frameworks/QuartzCore : 699.18
Frameworks/SafariServices : 14607.2.2
Frameworks/Security : 58286.260.10
Frameworks/SecurityFoundation : 55185.260.1
Frameworks/VideoSubscriberAccount : 284
Frameworks/VideoToolbox : 2288.27.4.1
Frameworks/WebKit : 14607.2.2
PrivateFrameworks/APTransport : 381.8
PrivateFrameworks/AirPlayReceiver : 381.8
PrivateFrameworks/AirPlaySender : 381.8
PrivateFrameworks/AirPlaySupport : 381.8
PrivateFrameworks/AirTrafficHost : 4016.500.14
PrivateFrameworks/AppleGVA : 11.10.11
PrivateFrameworks/AppleGVACore : 11.10.11
PrivateFrameworks/AppleVPA : 3.12.2
PrivateFrameworks/AssetsLibraryServices : 3441.6.230
PrivateFrameworks/AutoBugCaptureCore : 820.267.1
PrivateFrameworks/BezelServices : 317.1
PrivateFrameworks/BookKit : 1164
PrivateFrameworks/CloudPhotoLibrary : 3451.0.230
PrivateFrameworks/CloudPhotoServices : 3451.6.220
PrivateFrameworks/ConfigProfileHelper : 1181
PrivateFrameworks/ConfigurationProfiles : 1181
PrivateFrameworks/CoreFP : 2.13.41
PrivateFrameworks/CoreHAP : 484.6.1
PrivateFrameworks/CoreLSKD : 11.3.3
PrivateFrameworks/CoreParsec : 213.4.1
PrivateFrameworks/CoreUtils : 580.8
PrivateFrameworks/DCIMServices : 3441.6.230
PrivateFrameworks/DiskImages : 480.260.1
PrivateFrameworks/EasyConfig : 580.8
PrivateFrameworks/FrontBoardServices : 486.52
PrivateFrameworks/GPUInfo : 1.2.1
PrivateFrameworks/GPUSupport : 17.7.2
PrivateFrameworks/GPUWrangler : 3.40.12
PrivateFrameworks/GeoServices : 1364.25.12.18.16
PrivateFrameworks/HDRProcessing : 1.36.0
PrivateFrameworks/HIDDisplay : 1
PrivateFrameworks/HomeKit : 484.6.1
PrivateFrameworks/HomeKitDaemon : 484.6.1
PrivateFrameworks/IOAccelerator : 404.9
PrivateFrameworks/IntlPreferences : 227.18
PrivateFrameworks/MTLCompiler : 161.9.13
PrivateFrameworks/ManagedClient : 1181
PrivateFrameworks/MediaControlSender : 381.8
PrivateFrameworks/MetadataUtilities : 1191.57
PrivateFrameworks/MobileDevice : 988.250.11.100.1
PrivateFrameworks/NearField : 295.2
PrivateFrameworks/NeutrinoCore : 3451.2.160
PrivateFrameworks/NeutrinoKit : 3451.2.160
PrivateFrameworks/ParsecUI : 1191.57
PrivateFrameworks/PhotoAnalysis : 3451.1.120
PrivateFrameworks/PhotoFoundation : 3451.6.220
PrivateFrameworks/PhotoImaging : 3451.2.160
PrivateFrameworks/PhotoLibrary : 3451.6.220
PrivateFrameworks/PhotoLibraryPrivate : 3451.6.220
PrivateFrameworks/PhotosFormats : 3451.6.220
PrivateFrameworks/PhotosImagingFoundation : 3451.6.220
PrivateFrameworks/PhotosPlayer : 3451.3.210
PrivateFrameworks/PhotosUICore : 3451.4.160
PrivateFrameworks/PlacesKit : 3451.4.160
PrivateFrameworks/ProtocolBuffer : 263.2
PrivateFrameworks/RTCReporting : 9.50.1
PrivateFrameworks/Rapport : 170.4
PrivateFrameworks/RapportUI : 170.4
PrivateFrameworks/RemoteServiceDiscovery : 1336.260.11
PrivateFrameworks/RemoteXPC : 1336.260.11
PrivateFrameworks/Safari : 14607.2.2
PrivateFrameworks/SafariCore : 14607.2.2
PrivateFrameworks/SafariSafeBrowsing : 14607.2.2
PrivateFrameworks/SafariShared : 14607.2.2
PrivateFrameworks/ScreenReader : 562.856
PrivateFrameworks/ScreenReaderCore : 562.856
PrivateFrameworks/SearchFoundation : 213.4.1
PrivateFrameworks/Sharing : 1288.30
PrivateFrameworks/SoftwareUpdate : 1173.1
PrivateFrameworks/Spotlight : 1191.57
PrivateFrameworks/SpotlightIndex : 1191.57
PrivateFrameworks/SpotlightServerKit : 1191.57
PrivateFrameworks/SpotlightServices : 1191.57
PrivateFrameworks/SymptomDiagnosticReporter : 820.267.1
PrivateFrameworks/SymptomReporter : 820.267.1
PrivateFrameworks/Symptoms : 820.267.1
PrivateFrameworks/VectorKit : 1360.25.12.18.4
PrivateFrameworks/WebDriver : 14607.2.2
PrivateFrameworks/WebInspector : 14607.2.2
PrivateFrameworks/WebInspectorUI : 14607.2.2
CoreServices/AirPlayUIAgent : 381.8
CoreServices/Bluetooth Setup Assistant : 6.0.12d13
CoreServices/BluetoothUIServer : 6.0.12d13
CoreServices/Certificate Assistant : 55174.260.1
CoreServices/DiskImageMounter : 480.260.1
CoreServices/Dock : 1963.6
CoreServices/Keychain Circle Notification : 58286.260.10
CoreServices/ManagedClient : 1181
CoreServices/OBEXAgent : 6.0.12d13
CoreServices/Paired Devices : 170.4
CoreServices/RapportUIAgent : 170.4
CoreServices/Setup Assistant : 2109.2
CoreServices/Software Update : 1173.1
CoreServices/Spotlight : 1191.57
CoreServices/VoiceOver : 562.856
CoreServices/cloudphotosd : 3451.6.220
Frameworks/PDFKit : 745.1
PrivateFrameworks/FrontBoard : 486.52
PrivateFrameworks/FrontBoardUIServices : 486.52
PrivateFrameworks/NewsCore : 2110
PrivateFrameworks/NewsFeedLayout : 2110
PrivateFrameworks/NewsFoundation : 2110
PrivateFrameworks/NewsServicesInternal : 2110
PrivateFrameworks/NewsTransport : 2110
PrivateFrameworks/NewsUI : 2110
PrivateFrameworks/RemoteConfiguration : 2110
PrivateFrameworks/Silex : 2110
PrivateFrameworks/WebCore : 14607.2.2
PrivateFrameworks/WebKitLegacy : 14607.2.2
