Applications/Google Chrome Canary : 3797.0
Applications/Google Chrome : 3729.157
Applications/News : 2141
Applications/PhotoScapeX : 302
Applications/Photos : 3461.7.120
Applications/Safari Technology Preview : 14608.1.23.1
Applications/Safari : 14607.3.1
Applications/Stocks : 320
Utilities/Bluetooth File Exchange : 6.0.13d3
Utilities/Boot Camp Assistant : 6067.270.9
Frameworks/AVFoundation : 1550.2
Frameworks/AppKit : 1671.60.105
Frameworks/AudioVideoBridging : 760.3
Frameworks/ColorSync : 3345.3
Frameworks/CoreDisplay : 110.7
Frameworks/CoreGraphics : 1265.6.1
Frameworks/CoreMedia : 2290.4
Frameworks/GameKit : 577.5
Frameworks/IOBluetooth : 6.0.13d3
Frameworks/IOBluetoothUI : 6.0.13d3
Frameworks/JavaScriptCore : 14607.3.1
Frameworks/LocalAuthentication : 425.270.2
Frameworks/MediaToolbox : 2290.4
Frameworks/Metal : 162.1
Frameworks/OpenGL : 17.7.3
Frameworks/Photos : 3461.7.120
Frameworks/PhotosUI : 3461.7.120
Frameworks/QuartzCore : 701.5
Frameworks/SafariServices : 14607.3.1
Frameworks/VideoToolbox : 2290.4
Frameworks/WebKit : 14607.3.1
PrivateFrameworks/APTransport : 385.5
PrivateFrameworks/AVConference : 1475.4.1
PrivateFrameworks/AirPlayReceiver : 385.5
PrivateFrameworks/AirPlaySender : 385.5
PrivateFrameworks/AirPlaySupport : 385.5
PrivateFrameworks/CloudPhotoLibrary : 3461.1.110
PrivateFrameworks/CloudPhotoServices : 3461.7.120
PrivateFrameworks/ContactsAssistantServices : 146.15.1
PrivateFrameworks/CoreHAP : 484.7.5
PrivateFrameworks/CoreUtils : 590.9
PrivateFrameworks/EasyConfig : 590.9
PrivateFrameworks/ExpansionSlotSupport : 1
PrivateFrameworks/GPUInfo : 1.2.12
PrivateFrameworks/GPUSupport : 17.7.3
PrivateFrameworks/GPUWrangler : 3.50.5
PrivateFrameworks/GameCenter : 577.5
PrivateFrameworks/GameCenterFoundation : 577.5
PrivateFrameworks/GameCenterPrivateUIMac : 577.5
PrivateFrameworks/GameCenterUI : 577.5
PrivateFrameworks/GameKitServices : 1475.4.1
PrivateFrameworks/HDRProcessing : 1.41.2
PrivateFrameworks/HomeKit : 484.7.5
PrivateFrameworks/HomeKitDaemon : 484.7.5
PrivateFrameworks/IOAccelerator : 404.11
PrivateFrameworks/LocalAuthenticationUI : 425.270.2
PrivateFrameworks/MTLCompiler : 162.1
PrivateFrameworks/MediaControlSender : 385.5
PrivateFrameworks/NeutrinoCore : 3461.2.160
PrivateFrameworks/NeutrinoKit : 3461.2.160
PrivateFrameworks/PhotoAnalysis : 3461.1.120
PrivateFrameworks/PhotoFoundation : 3461.7.120
PrivateFrameworks/PhotoImaging : 3461.2.160
PrivateFrameworks/PhotoLibrary : 3461.7.120
PrivateFrameworks/PhotoLibraryPrivate : 3461.7.120
PrivateFrameworks/PhotosFormats : 3461.7.120
PrivateFrameworks/PhotosImagingFoundation : 3461.7.120
PrivateFrameworks/PhotosPlayer : 3461.3.240
PrivateFrameworks/PhotosUICore : 3461.4.190
PrivateFrameworks/PlacesKit : 3461.4.190
PrivateFrameworks/Rapport : 174.7
PrivateFrameworks/RapportUI : 174.7
PrivateFrameworks/Safari : 14607.3.1
PrivateFrameworks/SafariCore : 14607.3.1
PrivateFrameworks/SafariSafeBrowsing : 14607.3.1
PrivateFrameworks/SafariShared : 14607.3.1
PrivateFrameworks/SafeEjectGPU : 32
PrivateFrameworks/Sharing : 1288.50.0.1
PrivateFrameworks/SiriFoundation : 146.15.1
PrivateFrameworks/SiriUI : 146.15.1
PrivateFrameworks/VideoProcessing : 699.57
PrivateFrameworks/WebDriver : 14607.3.1
PrivateFrameworks/WebInspector : 14607.3.1
PrivateFrameworks/WebInspectorUI : 14607.3.1
CoreServices/AirPlayUIAgent : 385.5
CoreServices/Bluetooth Setup Assistant : 6.0.13d3
CoreServices/BluetoothUIServer : 6.0.13d3
CoreServices/Expansion Slot Utility : 2.0
CoreServices/OBEXAgent : 6.0.13d3
CoreServices/Paired Devices : 174.7
CoreServices/RapportUIAgent : 174.7
CoreServices/Siri : 146.15.1
CoreServices/cloudphotosd : 3461.7.120
CoreServices/loginwindow : 1932.6.2
PrivateFrameworks/NewsCore : 2141
PrivateFrameworks/NewsFeedLayout : 2141
PrivateFrameworks/NewsFoundation : 2141
PrivateFrameworks/NewsServicesInternal : 2141
PrivateFrameworks/NewsTransport : 2141
PrivateFrameworks/NewsUI : 2141
PrivateFrameworks/RemoteConfiguration : 2141
PrivateFrameworks/Silex : 2141
PrivateFrameworks/WebCore : 14607.3.1
PrivateFrameworks/WebKitLegacy : 14607.3.1
