Applications/Google Chrome Canary : 3828.0
Applications/Google Chrome : 3770.90
Applications/Impactor : 1559634320
Applications/PhotoScapeX : 303
Applications/Safari Technology Preview : 15608.1.28.1
Applications/Safari : 15608.1.27.40.1
Applications/Spotify : 1.1.9.383.g9f48828e-6
Applications/Vanilla : 28
Applications/iMovie : 347479
Frameworks/AVFoundation : 1704
Frameworks/AVKit : 578.1
Frameworks/AddressBook : 2387.2
Frameworks/AppKit : 1862.10.100
Frameworks/AudioVideoBridging : 800.12
Frameworks/CFNetwork : 1085.4
Frameworks/CloudKit : 815
Frameworks/ColorSync : 3390
Frameworks/Combine : 115.10
Frameworks/Contacts : 3427.3
Frameworks/ContactsUI : 2387.2
Frameworks/CoreData : 950
Frameworks/CoreFoundation : 1656.10
Frameworks/CoreGraphics : 1331.0.1
Frameworks/CoreImage : 800.5.190
Frameworks/CoreLocation : 2373.0.2
Frameworks/CoreMedia : 2479.0.2
Frameworks/CoreMediaIO : 5122
Frameworks/CoreMotion : 2373.0.2
Frameworks/CoreServices : 1054.11
Frameworks/CoreSpotlight : 2044.6
Frameworks/CoreTelephony : 7207
Frameworks/CoreVideo : 330.0
Frameworks/DirectoryService : 220
Frameworks/EventKit : 1336
Frameworks/FileProvider : 220.3
Frameworks/Foundation : 1656.10
Frameworks/GameKit : 646.0.1
Frameworks/ICADevices : 1595.0.1
Frameworks/IOBluetooth : 7.0.0d93
Frameworks/IOBluetoothUI : 7.0.0d93
Frameworks/ImageCaptureCore : 1595.0.1
Frameworks/ImageIO : 1955
Frameworks/InputMethodKit : 417
Frameworks/InstallerPlugins : 953.1
Frameworks/JavaScriptCore : 15608.1.27.40.1
Frameworks/LinkPresentation : 111
Frameworks/LocalAuthentication : 670.0.0.120.1
Frameworks/Logging : 1135
Frameworks/MapKit : 2043.20.5.31.3
Frameworks/MediaLibrary : 774
Frameworks/MediaToolbox : 2479.0.2
Frameworks/Metal : 211.30.1
Frameworks/MetalKit : 130
Frameworks/ModelIO : 215
Frameworks/NaturalLanguage : 46
Frameworks/NotificationCenter : 793
Frameworks/OpenDirectory : 220
Frameworks/PDFKit : 815.0.2
Frameworks/Photos : 101.9.122
Frameworks/PhotosUI : 101.9.122
Frameworks/Python : 2.7.16
Frameworks/QuartzCore : 800.0.2
Frameworks/QuickLook : 888.1
Frameworks/RealityKit : 31.4.3.4
Frameworks/SafariServices : 15608.1.27.40.1
Frameworks/SceneKit : 535.1
Frameworks/ScreenTime : 269
Frameworks/Security : 59256.0.0.120.5
Frameworks/SystemExtensions : 23.0.0.120.1
Frameworks/VideoSubscriberAccount : 297
Frameworks/VideoToolbox : 2479.0.2
Frameworks/Vision : 3.0.53
Frameworks/WebKit : 15608.1.27.40.1
PrivateFrameworks/AOSAccounts : 142
PrivateFrameworks/AOSAccountsLite : 142
PrivateFrameworks/AOSUI : 698
PrivateFrameworks/APFS : 1389.0.0
PrivateFrameworks/APTransport : 405.2
PrivateFrameworks/AVConference : 1595.0.1
PrivateFrameworks/AVFoundationCF : 326
PrivateFrameworks/AccessibilityBundles : 118
PrivateFrameworks/AccessibilityPerformance : 190
PrivateFrameworks/AccessibilitySupport : 190
PrivateFrameworks/AddressBookAutocomplete : 2387.2
PrivateFrameworks/AirPlayReceiver : 405.2
PrivateFrameworks/AirPlaySender : 405.2
PrivateFrameworks/AirPlaySupport : 405.2
PrivateFrameworks/AirTrafficHost : 4017.100.64
PrivateFrameworks/AnnotationKit : 300.1
PrivateFrameworks/AppContainer : 435.0.0.121.1
PrivateFrameworks/AppSSO : 1
PrivateFrameworks/AppSandbox : 435.0.0.121.1
PrivateFrameworks/AppServerSupport : 1706.0.0.120.1
PrivateFrameworks/AppleGVA : 46
PrivateFrameworks/AppleGVACore : 46
PrivateFrameworks/AppleVPA : 3.15.4
PrivateFrameworks/AssertionServices : 167.0.0.120.1
PrivateFrameworks/AssetsLibraryServices : 101.9.122
PrivateFrameworks/AssistiveControlSupport : 268
PrivateFrameworks/AudioServerApplication : 500.7
PrivateFrameworks/AudioServerDriver : 500.7
PrivateFrameworks/AutoBugCaptureCore : 1212.0.0.120.3
PrivateFrameworks/BaseBoard : 447.1
PrivateFrameworks/BezelServices : 335
PrivateFrameworks/BoardServices : 447.1
PrivateFrameworks/Bom : 219
PrivateFrameworks/BookCoverUtility : 1238.1
PrivateFrameworks/BookKit : 1238.1
PrivateFrameworks/BookUtility : 1238.1
PrivateFrameworks/BridgeOSInstall : 69
PrivateFrameworks/BridgeOSInstallReporting : 69
PrivateFrameworks/BridgeXPC : 37
PrivateFrameworks/BulkSymbolication : 236
PrivateFrameworks/CSCSupport : 348
PrivateFrameworks/CalDAV : 781.1
PrivateFrameworks/CalendarFoundation : 1119
PrivateFrameworks/CalendarUI : 1005
PrivateFrameworks/CalendarUIKit : 777
PrivateFrameworks/CallHistory : 938
PrivateFrameworks/Categories : 3.4
PrivateFrameworks/CharacterPicker : 155
PrivateFrameworks/ClassKit : 145.0.75
PrivateFrameworks/CloudDocs : 646
PrivateFrameworks/CloudDocsDaemon : 646
PrivateFrameworks/CloudKitCode : 815
PrivateFrameworks/CloudKitCodeProtobuf : 815
PrivateFrameworks/CloudKitDaemon : 815
PrivateFrameworks/CloudPhotoLibrary : 101.9.122
PrivateFrameworks/CloudPhotoServices : 101.9.122
PrivateFrameworks/CloudPhotoServicesConfiguration : 101.9.122
PrivateFrameworks/CloudServices : 379.0.0.0.1
PrivateFrameworks/CombineCocoa : 115.10
PrivateFrameworks/CommerceKit : 709.0.54
PrivateFrameworks/ConfigProfileHelper : 1240
PrivateFrameworks/ConfigurationEngineModel : 30.53
PrivateFrameworks/ConfigurationProfiles : 1240
PrivateFrameworks/ConsoleKit : 5.0.14
PrivateFrameworks/ContactsAutocomplete : 1125
PrivateFrameworks/CoreChineseEngine : 439
PrivateFrameworks/CoreDAV : 865
PrivateFrameworks/CoreFP : 2.14.5
PrivateFrameworks/CoreHAP : 583.4
PrivateFrameworks/CoreLSKD : 12.9.0
PrivateFrameworks/CoreMediaStream : 101.9.122
PrivateFrameworks/CoreNLP : 202
PrivateFrameworks/CoreNavigation : 158
PrivateFrameworks/CoreParsec : 292
PrivateFrameworks/CoreRE : 31.4.3.4
PrivateFrameworks/CoreRoutine : 668.0.2
PrivateFrameworks/CoreSVG : 125
PrivateFrameworks/CoreServicesInternal : 436.5
PrivateFrameworks/CoreServicesStore : 1054.10
PrivateFrameworks/CoreSuggestions : 991.2
PrivateFrameworks/CoreSuggestionsInternals : 991.2
PrivateFrameworks/CoreSuggestionsML : 991.2
PrivateFrameworks/CoreSuggestionsUI : 991.2
PrivateFrameworks/CoreThemeDefinition : 415
PrivateFrameworks/CoreUI : 574.2
PrivateFrameworks/CoreUtils : 590.16
PrivateFrameworks/CoreUtilsSwift : 100.3
PrivateFrameworks/CrashReporterSupport : 15003
PrivateFrameworks/DCIMServices : 101.9.122
PrivateFrameworks/DFRDisplay : 171
PrivateFrameworks/DTXConnectionServices : 64523.168.3
PrivateFrameworks/DataDetectorsCore : 655
PrivateFrameworks/DeviceManagement : 30.53
PrivateFrameworks/DiskImages : 552.0.0.121.1
PrivateFrameworks/DiskManagement : 1636
PrivateFrameworks/EasyConfig : 590.16
PrivateFrameworks/Email : 3560.7
PrivateFrameworks/EmailAddressing : 3560.7
PrivateFrameworks/EmailCore : 3560.7
PrivateFrameworks/EmailDaemon : 3560.7
PrivateFrameworks/EmailFoundation : 3560.7
PrivateFrameworks/Espresso : 175.1
PrivateFrameworks/ExchangeSync : 110
PrivateFrameworks/FileProvider : 220.3
PrivateFrameworks/FileProviderDaemon : 220.3
PrivateFrameworks/FlightUtilities : 131
PrivateFrameworks/FoundInAppsPlugins : 991.2
PrivateFrameworks/FrontBoardServices : 600
PrivateFrameworks/GPUInfo : 1.2.19
PrivateFrameworks/GPUWrangler : 4.1.30
PrivateFrameworks/GameCenterFoundation : 646.0.1
PrivateFrameworks/GameCenterUI : 646.0.1
PrivateFrameworks/GameKitServices : 1595.0.1
PrivateFrameworks/GeoServices : 1578.20.6.1.3
PrivateFrameworks/Geode : 101.9.122
PrivateFrameworks/HDAInterface : 283.13
PrivateFrameworks/HDRProcessing : 1.41.7
PrivateFrameworks/HMFoundation : 545
PrivateFrameworks/HTTPServer : 37
PrivateFrameworks/Helium : 34643.7.42
PrivateFrameworks/HelloWorldMacHelper : 168
PrivateFrameworks/HelpData : 197
PrivateFrameworks/HomeAI : 51
PrivateFrameworks/HomeKit : 583.4
PrivateFrameworks/HomeKitDaemon : 583.4
PrivateFrameworks/IASUtilities : 533
PrivateFrameworks/IMAP : 3560.7
PrivateFrameworks/IOAccelerator : 438.1.9
PrivateFrameworks/IconServices : 424.5
PrivateFrameworks/InputTranscoder : 37
PrivateFrameworks/InternationalSupport : 39
PrivateFrameworks/IntlPreferences : 275
PrivateFrameworks/KnowledgeGraphKit : 101.9.122
PrivateFrameworks/LanguageModeling : 209
PrivateFrameworks/Lexicon : 67
PrivateFrameworks/LinguisticData : 319
PrivateFrameworks/LinkPresentation : 111
PrivateFrameworks/LocalAuthenticationUI : 670.0.0.120.1
PrivateFrameworks/LocationSupport : 2373.0.2
PrivateFrameworks/LoggingSupport : 1135
PrivateFrameworks/Lookup : 269
PrivateFrameworks/MTLCompiler : 211.30.1
PrivateFrameworks/MTLSimImplementation : 211.30.1
PrivateFrameworks/Mail : 3560.7
PrivateFrameworks/MailCore : 3560.7
PrivateFrameworks/MailService : 3560.7
PrivateFrameworks/MailSupport : 3560.7
PrivateFrameworks/MailUI : 3560.7
PrivateFrameworks/MailWebProcessSupport : 3560.7
PrivateFrameworks/ManagedClient : 1240
PrivateFrameworks/MarkupUI : 300.1
PrivateFrameworks/MediaControlSender : 405.2
PrivateFrameworks/MediaConversionService : 101.9.122
PrivateFrameworks/MediaKit : 923
PrivateFrameworks/MediaMiningKit : 101.9.122
PrivateFrameworks/MediaStream : 101.9.122
PrivateFrameworks/MessageUIMacHelper : 3560.7
PrivateFrameworks/MetadataUtilities : 2044.6
PrivateFrameworks/MobileAsset : 614
PrivateFrameworks/MobileDevice : 1179
PrivateFrameworks/Mondrian : 101.9.122
PrivateFrameworks/Montreal : 108
PrivateFrameworks/NLP : 187
PrivateFrameworks/NearField : 300.45
PrivateFrameworks/NeutrinoCore : 101.9.122
PrivateFrameworks/NeutrinoKit : 101.9.122
PrivateFrameworks/Notes : 1041.1
PrivateFrameworks/NotesShared : 1041.1
PrivateFrameworks/NotesUI : 1041.1
PrivateFrameworks/NotificationCenterUI : 793
PrivateFrameworks/OSInstaller : 1267.0.10
PrivateFrameworks/OfficeImport : 273
PrivateFrameworks/PAImaging : 101.9.122
PrivateFrameworks/PAImagingCore : 101.9.122
PrivateFrameworks/PASampling : 236
PrivateFrameworks/PDFKit : 815.0.2
PrivateFrameworks/PackageKit : 960
PrivateFrameworks/PerformanceAnalysis : 236
PrivateFrameworks/PersonalizationPortrait : 991.2
PrivateFrameworks/PersonalizationPortraitInternals : 991.2
PrivateFrameworks/PhotoAnalysis : 101.9.122
PrivateFrameworks/PhotoFoundation : 101.9.122
PrivateFrameworks/PhotoImaging : 101.9.122
PrivateFrameworks/PhotoLibrary : 101.9.122
PrivateFrameworks/PhotoLibraryServices : 101.9.122
PrivateFrameworks/PhotoVision : 101.9.122
PrivateFrameworks/PhotosFormats : 101.9.122
PrivateFrameworks/PhotosGraph : 101.9.122
PrivateFrameworks/PhotosImagingFoundation : 101.9.122
PrivateFrameworks/PhotosPlayer : 101.9.122
PrivateFrameworks/PhotosUICore : 101.9.122
PrivateFrameworks/PipelineKit : 101.9.122
PrivateFrameworks/PlacesKit : 101.9.122
PrivateFrameworks/ProVideo : 432.1.42
PrivateFrameworks/ProactiveEventTracker : 237
PrivateFrameworks/ProactiveExperiments : 991.2
PrivateFrameworks/ProactiveExperimentsInternals : 991.2
PrivateFrameworks/ProactiveML : 991.2
PrivateFrameworks/ProactiveSupport : 237
PrivateFrameworks/ProactiveSupportStubs : 237
PrivateFrameworks/ProofReader : 479
PrivateFrameworks/QuickLookIosmac : 888.1
PrivateFrameworks/ROCKit : 34
PrivateFrameworks/RTCReporting : 10.43
PrivateFrameworks/Rapport : 174.20.2
PrivateFrameworks/RapportUI : 174.20.2
PrivateFrameworks/RemoteServiceDiscovery : 1706.0.0.120.1
PrivateFrameworks/RemoteViewServices : 147
PrivateFrameworks/RemoteXPC : 1706.0.0.120.1
PrivateFrameworks/RunningBoard : 167.0.0.120.1
PrivateFrameworks/RunningBoardServices : 167.0.0.120.1
PrivateFrameworks/Safari : 15608.1.27.40.1
PrivateFrameworks/SafariCore : 15608.1.27.40.1
PrivateFrameworks/SafariFoundation : 15608.1.27.40.1
PrivateFrameworks/SafariSafeBrowsing : 15608.1.27.40.1
PrivateFrameworks/SafariShared : 15608.1.27.40.1
PrivateFrameworks/SafeEjectGPU : 32.1
PrivateFrameworks/SampleAnalysis : 236
PrivateFrameworks/ScreenReader : 662
PrivateFrameworks/ScreenReaderCore : 662
PrivateFrameworks/ScreenSharing : 499.38
PrivateFrameworks/ScreenTimeCore : 269
PrivateFrameworks/ScreenTimeUI : 269
PrivateFrameworks/SearchFoundation : 292
PrivateFrameworks/SecCodeWrapper : 435.0.0.121.1
PrivateFrameworks/ShareKit : 618
PrivateFrameworks/ShareServicesCore : 101.9.122
PrivateFrameworks/ShareSheet : 1405
PrivateFrameworks/SharedWebCredentials : 204
PrivateFrameworks/Sharing : 1405
PrivateFrameworks/SharingXPCServices : 1405
PrivateFrameworks/Shortcut : 106
PrivateFrameworks/SidecarCore : 151.1
PrivateFrameworks/SidecarUI : 151.1
PrivateFrameworks/SignpostCollection : 35
PrivateFrameworks/SignpostMetrics : 35
PrivateFrameworks/SignpostNotification : 35
PrivateFrameworks/SignpostSupport : 35
PrivateFrameworks/SiriFoundation : 200.0.34
PrivateFrameworks/SiriUI : 200.0.34
PrivateFrameworks/SoftwareUpdate : 1265.1
PrivateFrameworks/SpeechRecognitionCommandServices : 3.0.59
PrivateFrameworks/SpeechRecognitionCore : 6.0.56
PrivateFrameworks/Spotlight : 2044.6
PrivateFrameworks/SpotlightIndex : 2044.6
PrivateFrameworks/SpotlightServerKit : 2044.6
PrivateFrameworks/SpotlightServices : 2044.6
PrivateFrameworks/StorageKit : 569
PrivateFrameworks/StoreFoundation : 709.0.54
PrivateFrameworks/StoreJavaScript : 709.0.54
PrivateFrameworks/StoreUI : 709.0.54
PrivateFrameworks/SuggestionsSpotlightMetrics : 991.2
PrivateFrameworks/Symbolication : 64510.146
PrivateFrameworks/SymptomDiagnosticReporter : 1212.0.0.120.3
PrivateFrameworks/SymptomReporter : 1212.0.0.120.3
PrivateFrameworks/Symptoms : 1212.0.0.120.3
PrivateFrameworks/SyncedDefaults : 307
PrivateFrameworks/SystemMigration : 2045.3
PrivateFrameworks/TVRemoteCore : 87
PrivateFrameworks/TextInputMenuUI : 241
PrivateFrameworks/TimeSync : 800.9
PrivateFrameworks/UHASHelloExtensionPoint-macOS : 168
PrivateFrameworks/UIFoundation : 625
PrivateFrameworks/UIKitSystemAppServices : 168
PrivateFrameworks/URLFormatting : 111
PrivateFrameworks/UXKit : 101.9.122
PrivateFrameworks/UniversalAccess : 461
PrivateFrameworks/UsageTracking : 110
PrivateFrameworks/UserActivity : 344.2
PrivateFrameworks/VectorKit : 1558.20.5.31.4
PrivateFrameworks/VideoProcessing : 805.4.2
PrivateFrameworks/ViewBridge : 439
PrivateFrameworks/WatchdogClient : 63
PrivateFrameworks/WebDriver : 15608.1.27.40.1
PrivateFrameworks/WebInspector : 15608.1.27.40.1
PrivateFrameworks/WebInspectorUI : 15608.1.27.40.1
PrivateFrameworks/WorkflowKit : 991
PrivateFrameworks/iCloudDrive : 34.1
PrivateFrameworks/iCloudDriveCore : 34.1
PrivateFrameworks/iLifeMediaBrowser : 774
PrivateFrameworks/ktrace : 350
PrivateFrameworks/perfdata : 49
CoreServices/AddPrinter : 568
CoreServices/AddressBookUrlForwarder : 2387.2
CoreServices/AirPlayUIAgent : 405.2
CoreServices/Bluetooth Setup Assistant : 7.0.0d93
CoreServices/BluetoothUIServer : 7.0.0d93
CoreServices/Certificate Assistant : 55188
CoreServices/ControlStrip : 198
CoreServices/CoreLocationAgent : 2373.0.2
CoreServices/CoreServicesUIAgent : 324.1
CoreServices/DiskImageMounter : 552.0.0.121.1
CoreServices/Dock : 2015.2
CoreServices/Dwell Control : 268
CoreServices/Finder : 1275.5
CoreServices/HelpViewer : 372
CoreServices/Install Command Line Developer Tools : 2364
CoreServices/Install in Progress : 960
CoreServices/Installer Progress : 533
CoreServices/Installer : 953.1
CoreServices/Keychain Circle Notification : 59256.0.0.120.5
CoreServices/ManagedClient : 1240
CoreServices/NotificationCenter : 793
CoreServices/OBEXAgent : 7.0.0d93
CoreServices/Paired Devices : 174.20.2
CoreServices/Photo Library Migration Utility : 2201.20.230
CoreServices/Problem Reporter : 15003
CoreServices/RapportUIAgent : 174.20.2
CoreServices/Setup Assistant : 2456.1
CoreServices/Siri : 200.0.34
CoreServices/Software Update : 1265.1
CoreServices/Spotlight : 2044.6
CoreServices/TextInputMenuAgent : 241
CoreServices/TextInputSwitcher : 241
CoreServices/UIKitSystem : 168
CoreServices/UniversalAccessControl : 461
CoreServices/VoiceOver : 662
CoreServices/loginwindow : 1970.1
CoreServices/rcd : 359
CoreServices/screencaptureui : 242.1
Applications/Archive Utility : 122
Applications/Feedback Assistant : 400
Applications/Network Utility : 157
Applications/Screen Sharing : 499.38
Frameworks/ContactsUI : 1017.1
Frameworks/MessageUI : 3560.7
Frameworks/MobileCoreServices : 1054.11
PrivateFrameworks/AppAnalytics : 9
PrivateFrameworks/BaseBoardUI : 447.1
PrivateFrameworks/DataDetectorsUI : 366
PrivateFrameworks/DocumentManager : 147.6
PrivateFrameworks/DocumentManagerCore : 147.6
PrivateFrameworks/FrontBoard : 600
PrivateFrameworks/Home : 333.3
PrivateFrameworks/HomeUI : 333.3
PrivateFrameworks/NewsAnalytics : 2247.4
PrivateFrameworks/NewsArticles : 2247.4
PrivateFrameworks/NewsCore : 2247.4
PrivateFrameworks/NewsFeed : 2247.4
PrivateFrameworks/NewsFeedLayout : 2247.4
PrivateFrameworks/NewsFoundation : 2247.4
PrivateFrameworks/NewsServicesInternal : 2247.4
PrivateFrameworks/NewsSubscription : 2247.4
PrivateFrameworks/NewsTransport : 2247.4
PrivateFrameworks/NewsUI : 2247.4
PrivateFrameworks/NewsUI2 : 2247.4
PrivateFrameworks/Silex : 2247.4
PrivateFrameworks/TSReading : 302
PrivateFrameworks/TSUtility : 302
PrivateFrameworks/TeaActivities : 17.2
PrivateFrameworks/TeaCharts : 17.2
PrivateFrameworks/TeaDB : 17.2
PrivateFrameworks/TeaFoundation : 17.2
PrivateFrameworks/TeaSettings : 17.2
PrivateFrameworks/TeaTemplate : 17.2
PrivateFrameworks/TeaUI : 17.2
PrivateFrameworks/TeaUIKit : 17.2
PrivateFrameworks/UHASHelloExtensionPoint-iOS : 168
PrivateFrameworks/WebCore : 15608.1.27.40.1
PrivateFrameworks/WebKitLegacy : 15608.1.27.40.1
