Applications/Battle.net : 1.14.3 (11207)
Applications/GitHub Desktop : 1.6.6
Applications/Google Chrome Canary : 3809.5
Applications/Google Chrome : 3729.169
Applications/Safari : 15608.1.24.40.4
Applications/Spotify : 1.1.8.439.g8502297d-5
Applications/Sublime Text : 3207
Frameworks/AGL : AGL-3.3.3
Frameworks/AVFoundation : 1696.2
Frameworks/AVKit : 574.4
Frameworks/AddressBook : 2383.4
Frameworks/AppKit : 1861.10.114
Frameworks/AppSSO : 1
Frameworks/AppleScriptKit : 87
Frameworks/AudioVideoBridging : 800.11
Frameworks/Automator : 479
Frameworks/BackgroundTasks : 1
Frameworks/CFNetwork : 1082.2
Frameworks/CallKit : 1
Frameworks/Carbon : 162
Frameworks/CloudKit : 811.221
Frameworks/ColorSync : 3388
Frameworks/Combine : 111.10
Frameworks/Contacts : 3421.2
Frameworks/ContactsUI : 2383.4
Frameworks/CoreAudio : 5.0
Frameworks/CoreAudioTypes : 
Frameworks/CoreData : 947.1
Frameworks/CoreDisplay : 107
Frameworks/CoreFoundation : 1652.15
Frameworks/CoreGraphics : 1328.1.4.1
Frameworks/CoreHaptics : 1
Frameworks/CoreImage : 800.5.130
Frameworks/CoreLocation : 2368.3.3
Frameworks/CoreMedia : 2469.2.4.4
Frameworks/CoreMediaIO : 5121
Frameworks/CoreMotion : 2368.3.3
Frameworks/CoreServices : 1051.14
Frameworks/CoreSpotlight : 2041.4.4
Frameworks/CoreTelephony : 7196.3
Frameworks/CoreVideo : 327.0
Frameworks/CryptoKit : 1
Frameworks/DVDPlayback : 5960.4.9
Frameworks/DeviceCheck : 1
Frameworks/DirectoryService : 219
Frameworks/DriverKit : 
Frameworks/EventKit : 1331
Frameworks/ExecutionPolicy : 1
Frameworks/FWAUserLib : 270.13
Frameworks/FileProvider : 215
Frameworks/FileProviderUI : 24
Frameworks/Foundation : 1652.15
Frameworks/GLKit : 106
Frameworks/GameKit : 637.1.4.4
Frameworks/HIDDriverKit : 1
Frameworks/ICADevices : 1592.4.1
Frameworks/IOBluetooth : 7.0.0d88
Frameworks/IOBluetoothUI : 7.0.0d88
Frameworks/IOSurface : 269.2
Frameworks/IOUSBHost : 1
Frameworks/IdentityLookup : 1
Frameworks/ImageCaptureCore : 1592.4.1
Frameworks/ImageIO : 1950.1
Frameworks/IncomingCallNotifications : 1
Frameworks/InputMethodKit : 411
Frameworks/InstallerPlugins : 950
Frameworks/JavaScriptCore : 15608.1.24.40.4
Frameworks/JavaVM : 15.0.3
Frameworks/Kernel : 19.0.0
Frameworks/LatentSemanticMapping : 2.12.5
Frameworks/LinkPresentation : 110.2
Frameworks/LocalAuthentication : 661.0.0.110.2
Frameworks/Logging : 1132.0.0.0.1
Frameworks/MapKit : 2026.20.5.11.8
Frameworks/MediaAccessibility : 123
Frameworks/MediaLibrary : 772
Frameworks/MediaToolbox : 2469.2.4.4
Frameworks/Metal : 211.26
Frameworks/MetalKit : 126
Frameworks/MetricKit : 1
Frameworks/ModelIO : 214
Frameworks/MultipeerConnectivity : 164
Frameworks/NaturalLanguage : 43
Frameworks/NetworkingDriverKit : 1
Frameworks/NotificationCenter : 791
Frameworks/OpenCL : 3.4
Frameworks/OpenDirectory : 219
Frameworks/OpenGL : 17.10.19
Frameworks/PDFKit : 811.1
Frameworks/PencilKit : 1
Frameworks/Photos : 101.8.152
Frameworks/PhotosUI : 101.8.152
Frameworks/PushKit : 1
Frameworks/QuartzCore : 793.5.4.2
Frameworks/QuickLook : 886
Frameworks/QuickLookThumbnailing : 1
Frameworks/RealityKit : 31.4.1
Frameworks/Ruby : 2.6.0-140
Frameworks/SafariServices : 15608.1.24.40.4
Frameworks/SceneKit : 533.7
Frameworks/ScreenTime : 259
Frameworks/ScriptingBridge : 79
Frameworks/Security : 59227.0.0.111.7
Frameworks/SecurityFoundation : 55236
Frameworks/SecurityInterface : 55139
Frameworks/SoundAnalysis : 1
Frameworks/Speech : 1
Frameworks/SwiftUI : 1
Frameworks/SystemConfiguration : 1.19
Frameworks/SystemExtensions : 12.0.0.110.5
Frameworks/USBDriverKit : 1
Frameworks/USBSerialDriverKit : 1
Frameworks/VideoSubscriberAccount : 293
Frameworks/VideoToolbox : 2469.2.4.4
Frameworks/Vision : 3.0.44
Frameworks/WebKit : 15608.1.24.40.4
Frameworks/WiFi : 1
Frameworks/iTunesLibrary : 12.10.0
PrivateFrameworks/AMPDevices : 1.0.0
PrivateFrameworks/AMPLibrary : 1.0.0
PrivateFrameworks/AMPSharing : 1.0.0
PrivateFrameworks/AOSAccounts : 140
PrivateFrameworks/AOSAccountsLite : 140
PrivateFrameworks/AOSKit : 272
PrivateFrameworks/AOSUI : 696.0.0.1
PrivateFrameworks/APTransport : 401.49
PrivateFrameworks/AVConference : 1586.2
PrivateFrameworks/AVFoundationCF : 323
PrivateFrameworks/AccessibilityBundles : 115
PrivateFrameworks/AccessibilityPerformance : 185
PrivateFrameworks/AccessibilitySupport : 185
PrivateFrameworks/AccountsUI : 84
PrivateFrameworks/ActionKit : 
PrivateFrameworks/AddressBookAutocomplete : 2383.4
PrivateFrameworks/AirPlayReceiver : 401.49
PrivateFrameworks/AirPlaySender : 401.49
PrivateFrameworks/AirPlaySupport : 401.49
PrivateFrameworks/AirPlaySync : 1
PrivateFrameworks/AirPlaySyncController : 1
PrivateFrameworks/AirTrafficHost : 4017.100.61
PrivateFrameworks/AnnotationKit : 298.400
PrivateFrameworks/AppContainer : 429
PrivateFrameworks/AppSSOCore : 1
PrivateFrameworks/AppSSOKerberos : 1
PrivateFrameworks/AppSSOUI : 1
PrivateFrameworks/AppSandbox : 429
PrivateFrameworks/AppServerSupport : 1691.0.0.110.1
PrivateFrameworks/AppStoreFoundation : 1
PrivateFrameworks/AppStoreKit : 1
PrivateFrameworks/AppleGVA : 44
PrivateFrameworks/AppleGVACore : 44
PrivateFrameworks/AppleLDAP : 52
PrivateFrameworks/AppleMediaServicesUI : 1
PrivateFrameworks/AppleScript : 392
PrivateFrameworks/AppleVA : 6.1.2
PrivateFrameworks/AppleVPA : 3.15.3
PrivateFrameworks/AssetCacheServices : 106
PrivateFrameworks/AssetCacheServicesExtensions : 106
PrivateFrameworks/AssetsLibraryServices : 101.8.152
PrivateFrameworks/AssistiveControlSupport : 264
PrivateFrameworks/AttributeGraph : 1
PrivateFrameworks/AudioDSPManager : 1.0.0
PrivateFrameworks/AudioHistory : 1.0.0
PrivateFrameworks/AudioResourceArbitration : 1
PrivateFrameworks/AudioServerApplication : 500.6
PrivateFrameworks/AudioServerDriver : 500.6
PrivateFrameworks/AudioSession : 
PrivateFrameworks/AudioToolboxCore : 
PrivateFrameworks/AutoBugCaptureCore : 1194.0.0.110.3
PrivateFrameworks/BackgroundTaskManagement : 104
PrivateFrameworks/BaseBoard : 441.4
PrivateFrameworks/BehaviorMiner : 1
PrivateFrameworks/BezelServices : 331
PrivateFrameworks/BoardServices : 441.4
PrivateFrameworks/Bom : 215
PrivateFrameworks/BookCoverUtility : 1234
PrivateFrameworks/BookKit : 1234
PrivateFrameworks/BookKitFoundation : 1
PrivateFrameworks/BookUtility : 1234
PrivateFrameworks/BookmarkDAV : 137
PrivateFrameworks/BridgeOSInstall : 68
PrivateFrameworks/BridgeOSInstallReporting : 68
PrivateFrameworks/BridgeOSObliteration : 1
PrivateFrameworks/BridgeXPC : 36
PrivateFrameworks/BulkSymbolication : 233
PrivateFrameworks/C2 : 470
PrivateFrameworks/CDDataAccess : 1.0
PrivateFrameworks/CDDataAccessExpress : 1.0
PrivateFrameworks/CSCSupport : 343
PrivateFrameworks/CalDAV : 780
PrivateFrameworks/CalendarAgent : 925
PrivateFrameworks/CalendarFoundation : 1116
PrivateFrameworks/CalendarPersistence : 1019
PrivateFrameworks/CalendarUI : 1002
PrivateFrameworks/CalendarUIKit : 775
PrivateFrameworks/CallHistory : 932
PrivateFrameworks/CameraImagingFramework : 100.1
PrivateFrameworks/CardKit : 1
PrivateFrameworks/CardServices : 1
PrivateFrameworks/Cards : 1
PrivateFrameworks/Catalyst : 6
PrivateFrameworks/Categories : 3.1
PrivateFrameworks/CharacterPicker : 154
PrivateFrameworks/ChunkingLibrary : 302
PrivateFrameworks/ClassKit : 145.0.52
PrivateFrameworks/CloudDocs : 645
PrivateFrameworks/CloudDocsDaemon : 645
PrivateFrameworks/CloudKitCode : 811.221
PrivateFrameworks/CloudKitCodeProtobuf : 811.221
PrivateFrameworks/CloudKitDaemon : 811.221
PrivateFrameworks/CloudPhotoLibrary : 101.8.152
PrivateFrameworks/CloudPhotoServices : 101.8.152
PrivateFrameworks/CloudPhotoServicesConfiguration : 101.8.152
PrivateFrameworks/CloudServices : 373.0.0.111.1
PrivateFrameworks/Coherence : 1
PrivateFrameworks/CombineCocoa : 111.10
PrivateFrameworks/CommerceKit : 709.0.47
PrivateFrameworks/ConfigProfileHelper : 1235.1
PrivateFrameworks/ConfigurationEngineModel : 30.51
PrivateFrameworks/ConfigurationProfiles : 1235.1
PrivateFrameworks/ConfigurationProfilesUI : 1
PrivateFrameworks/ConsoleKit : 5.0.12
PrivateFrameworks/ConstantClasses : 1
PrivateFrameworks/ContactsAssistantServices : 17
PrivateFrameworks/ContactsAutocomplete : 1124
PrivateFrameworks/ContentKit : 
PrivateFrameworks/CoreAUC : 279.0.0
PrivateFrameworks/CoreAVCHD : 6100.4.1
PrivateFrameworks/CoreAppleCVA : 3.2.3
PrivateFrameworks/CoreChart : 1
PrivateFrameworks/CoreChineseEngine : 436
PrivateFrameworks/CoreDAV : 864
PrivateFrameworks/CoreDuetSync : 1
PrivateFrameworks/CoreEmoji : 96
PrivateFrameworks/CoreFP : 2.14.3
PrivateFrameworks/CoreHAP : 574.6.0.4.4
PrivateFrameworks/CoreKE : 4.42
PrivateFrameworks/CoreLSKD : 12.6.0
PrivateFrameworks/CoreLSKDMSE : 4.4.0
PrivateFrameworks/CoreMaterial : 1
PrivateFrameworks/CoreMediaStream : 101.8.152
PrivateFrameworks/CoreNLP : 197
PrivateFrameworks/CoreNavigation : 156
PrivateFrameworks/CorePDF : 518
PrivateFrameworks/CoreParsec : 288
PrivateFrameworks/CoreRE : 31.4.1
PrivateFrameworks/CoreRecognition : 157
PrivateFrameworks/CoreRoutine : 663.0.3
PrivateFrameworks/CoreSVG : 123
PrivateFrameworks/CoreServicesInternal : 435.0.1
PrivateFrameworks/CoreServicesStore : 1051.14
PrivateFrameworks/CoreSpotlightImportDaemon : 1
PrivateFrameworks/CoreSuggestions : 973.5
PrivateFrameworks/CoreSuggestionsInternals : 973.5
PrivateFrameworks/CoreSuggestionsML : 973.5
PrivateFrameworks/CoreSuggestionsUI : 973.5
PrivateFrameworks/CoreSymbolication : 64509.86.1
PrivateFrameworks/CoreThemeDefinition : 413.1
PrivateFrameworks/CoreTime : 263
PrivateFrameworks/CoreUI : 572.2
PrivateFrameworks/CoreUtils : 590.14
PrivateFrameworks/CoreWiFi : 1
PrivateFrameworks/CrashReporterSupport : 15001
PrivateFrameworks/CryptoKitCBridging : 1
PrivateFrameworks/CryptoKitPrivate : 1
PrivateFrameworks/DASDaemon : 1
PrivateFrameworks/DCERPC : 69
PrivateFrameworks/DCIMServices : 101.8.152
PrivateFrameworks/DFRDisplay : 169
PrivateFrameworks/DFRFoundation : 225
PrivateFrameworks/DTXConnectionServices : 64523.164.2
PrivateFrameworks/DataDeliveryServices : 1
PrivateFrameworks/DataDetectors : 405
PrivateFrameworks/DataDetectorsCore : 654
PrivateFrameworks/DataDetectorsNaturalLanguage : 153
PrivateFrameworks/DebugSymbols : 194
PrivateFrameworks/DeviceCheckInternal : 1
PrivateFrameworks/DeviceManagement : 30.51
PrivateFrameworks/DirectoryEditor : 51
PrivateFrameworks/DiskImages : 549
PrivateFrameworks/DiskManagement : 1633.0.0.110.2
PrivateFrameworks/DisplayTransportServices : 1
PrivateFrameworks/EasyConfig : 590.14
PrivateFrameworks/Email : 3554.18.2
PrivateFrameworks/EmailAddressing : 3554.18.2
PrivateFrameworks/EmailCore : 3554.18.2
PrivateFrameworks/EmailDaemon : 3554.18.2
PrivateFrameworks/EmailFoundation : 3554.18.2
PrivateFrameworks/EmbeddedOSInstall : 119
PrivateFrameworks/EmbeddedSensingProtocols : 2
PrivateFrameworks/Espresso : 170.1
PrivateFrameworks/ExchangeSync : 108
PrivateFrameworks/ExchangeWebServices : 802
PrivateFrameworks/FMFCore : 
PrivateFrameworks/FMIPCore : 
PrivateFrameworks/FMNetworking : 
PrivateFrameworks/FaceCore : 4.3.0
PrivateFrameworks/FamilyCircleUI : 1
PrivateFrameworks/FeatureFlagsSupport : 17
PrivateFrameworks/FileProvider : 215
PrivateFrameworks/FileProviderDaemon : 215
PrivateFrameworks/FilesActionsUI : 24
PrivateFrameworks/FindMyMac : 58.0.0.2
PrivateFrameworks/FlightUtilities : 130
PrivateFrameworks/FoundInAppsPlugins : 973.5
PrivateFrameworks/FrontBoardServices : 590.7
PrivateFrameworks/GPUInfo : 1.2.13
PrivateFrameworks/GPURawCounter : 7
PrivateFrameworks/GPUSupport : 17.10.19
PrivateFrameworks/GPUWrangler : 4.1.26
PrivateFrameworks/GameCenterFoundation : 637.1.4.4
PrivateFrameworks/GameCenterUI : 637.1.4.4
PrivateFrameworks/GameCenterUICore : 1
PrivateFrameworks/GameKitServices : 1586.2
PrivateFrameworks/GenerationalStorage : 307
PrivateFrameworks/GeoServices : 1562.20.5.11.8
PrivateFrameworks/Geode : 101.8.152
PrivateFrameworks/GraphVisualizer : 100.1
PrivateFrameworks/HDAInterface : 283.11
PrivateFrameworks/HID : 1
PrivateFrameworks/HIDAnalytics : 1
PrivateFrameworks/HMFoundation : 541
PrivateFrameworks/Helium : 34605.7.42
PrivateFrameworks/HelloWorldMacHelper : 166.11
PrivateFrameworks/HelpData : 196
PrivateFrameworks/HomeAI : 44.1
PrivateFrameworks/HomeKit : 574.6.0.4.4
PrivateFrameworks/HomeKitBackingStore : 1
PrivateFrameworks/HomeKitDaemon : 574.6.0.4.4
PrivateFrameworks/IASUtilities : 530.0.0.2
PrivateFrameworks/IMAP : 3554.18.2
PrivateFrameworks/IOAccelerator : 438.1.7
PrivateFrameworks/IconServices : 421.4
PrivateFrameworks/IdleTimerServices : 1
PrivateFrameworks/InertiaCam : 1
PrivateFrameworks/InputTranscoder : 36
PrivateFrameworks/IntentsServices : 1
PrivateFrameworks/InternationalSupport : 35
PrivateFrameworks/IntlPreferences : 269
PrivateFrameworks/JetEngine : 1
PrivateFrameworks/JetUI : 1
PrivateFrameworks/KnowledgeGraphKit : 101.8.152
PrivateFrameworks/LanguageModeling : 206
PrivateFrameworks/Lexicon : 65
PrivateFrameworks/LinguisticData : 313
PrivateFrameworks/LinkPresentation : 110.2
PrivateFrameworks/LocalAuthenticationUI : 661.0.0.110.2
PrivateFrameworks/LocationSupport : 2368.3.3
PrivateFrameworks/LockoutUI : 1
PrivateFrameworks/LoggingSupport : 1132.0.0.0.1
PrivateFrameworks/Lookup : 268
PrivateFrameworks/MLFoundation : 1
PrivateFrameworks/MMCS : 470
PrivateFrameworks/MTLCompiler : 211.26
PrivateFrameworks/MTLSimImplementation : 211.26
PrivateFrameworks/Mail : 3554.18.2
PrivateFrameworks/MailCore : 3554.18.2
PrivateFrameworks/MailService : 3554.18.2
PrivateFrameworks/MailSupport : 3554.18.2
PrivateFrameworks/MailUI : 3554.18.2
PrivateFrameworks/MailWebProcessSupport : 3554.18.2
PrivateFrameworks/MallocStackLogging : 1
PrivateFrameworks/ManagedClient : 1235.1
PrivateFrameworks/MapsSuggestions : 1
PrivateFrameworks/MarkupUI : 298.400
PrivateFrameworks/MediaControlSender : 401.49
PrivateFrameworks/MediaConversionService : 101.8.152
PrivateFrameworks/MediaExperience : 1
PrivateFrameworks/MediaKit : 922
PrivateFrameworks/MediaMiningKit : 101.8.152
PrivateFrameworks/MediaStream : 101.8.152
PrivateFrameworks/Memories : 1
PrivateFrameworks/MessageUIMacHelper : 3554.18.2
PrivateFrameworks/MetadataUtilities : 2041.4.4
PrivateFrameworks/MetricKitCore : 1
PrivateFrameworks/MetricKitServices : 1
PrivateFrameworks/MetricKitSource : 1
PrivateFrameworks/MetricMeasurement : 1
PrivateFrameworks/MiniSoftwareUpdate : 1
PrivateFrameworks/MobileAsset : 608.0.0.110.1
PrivateFrameworks/MobileDevice : 1178.0.0.100.1
PrivateFrameworks/Mondrian : 101.8.152
PrivateFrameworks/Montreal : 102
PrivateFrameworks/MultitouchSupport : 3000.24
PrivateFrameworks/MultiverseSupport : 98
PrivateFrameworks/MusicLibrary : 18
PrivateFrameworks/NLP : 181
PrivateFrameworks/NearField : 300.40.1
PrivateFrameworks/NeutrinoCore : 101.8.152
PrivateFrameworks/NeutrinoKit : 101.8.152
PrivateFrameworks/Notes : 1026.3
PrivateFrameworks/NotesShared : 1026.3
PrivateFrameworks/NotesUI : 1026.3
PrivateFrameworks/NotificationCenterUI : 791
PrivateFrameworks/OSAServicesClient : 1
PrivateFrameworks/OSASubmissionClient : 1
PrivateFrameworks/OSAnalyticsPrivate : 1
PrivateFrameworks/OSInstaller : 1257.0.4
PrivateFrameworks/OSPersonalization : 67
PrivateFrameworks/OSUpdate : 1
PrivateFrameworks/OfficeImport : 272
PrivateFrameworks/OpenDirectoryConfigUI : 89
PrivateFrameworks/Osprey : 1
PrivateFrameworks/PAImaging : 101.8.152
PrivateFrameworks/PAImagingCore : 101.8.152
PrivateFrameworks/PASampling : 233
PrivateFrameworks/PDFKit : 811.1
PrivateFrameworks/PIP : 100
PrivateFrameworks/PackageKit : 951.1.0.2
PrivateFrameworks/PeopleSuggester : 1
PrivateFrameworks/PerformanceAnalysis : 233
PrivateFrameworks/PersonalizationPortrait : 973.5
PrivateFrameworks/PersonalizationPortraitInternals : 973.5
PrivateFrameworks/PhotoAnalysis : 101.8.152
PrivateFrameworks/PhotoFoundation : 101.8.152
PrivateFrameworks/PhotoImaging : 101.8.152
PrivateFrameworks/PhotoLibrary : 101.8.152
PrivateFrameworks/PhotoLibraryServices : 101.8.152
PrivateFrameworks/PhotoPrintProduct : 683
PrivateFrameworks/PhotoVision : 101.8.152
PrivateFrameworks/PhotosFormats : 101.8.152
PrivateFrameworks/PhotosGraph : 101.8.152
PrivateFrameworks/PhotosImagingFoundation : 101.8.152
PrivateFrameworks/PhotosPlayer : 101.8.152
PrivateFrameworks/PhotosUICore : 101.8.152
PrivateFrameworks/PipelineKit : 101.8.152
PrivateFrameworks/PlacesKit : 101.8.152
PrivateFrameworks/PodcastServices : 
PrivateFrameworks/PrintKit : 242.5
PrivateFrameworks/PrintingPrivate : 190
PrivateFrameworks/ProVideo : 426.0.42
PrivateFrameworks/ProactiveEventTracker : 226
PrivateFrameworks/ProactiveExperiments : 973.5
PrivateFrameworks/ProactiveExperimentsInternals : 973.5
PrivateFrameworks/ProactiveML : 973.5
PrivateFrameworks/ProactiveSupport : 226
PrivateFrameworks/ProactiveSupportStubs : 226
PrivateFrameworks/ProofReader : 477
PrivateFrameworks/ProtocolBuffer : 270
PrivateFrameworks/Proximity : 1
PrivateFrameworks/QuickLookIosmac : 886
PrivateFrameworks/QuickLookSupport : 1
PrivateFrameworks/QuickLookUIIosmac : 1
PrivateFrameworks/ROCKit : 32
PrivateFrameworks/RTCReporting : 10.40.1
PrivateFrameworks/Rapport : 174.14
PrivateFrameworks/RapportUI : 174.14
PrivateFrameworks/ReminderKit : 1
PrivateFrameworks/ReminderKitUI : 1
PrivateFrameworks/ReminderMigration : 1
PrivateFrameworks/RemoteConfiguration : 102
PrivateFrameworks/RemoteCoreML : 1
PrivateFrameworks/RemoteServiceDiscovery : 1691.0.0.110.1
PrivateFrameworks/RemoteViewServices : 146
PrivateFrameworks/RemoteXPC : 1691.0.0.110.1
PrivateFrameworks/RenderBox : 1
PrivateFrameworks/ReplayKitMacHelper : 1
PrivateFrameworks/ResponseKit : 141
PrivateFrameworks/Restore : 505
PrivateFrameworks/Reveal : 16
PrivateFrameworks/RevealCore : 16
PrivateFrameworks/RunningBoard : 1
PrivateFrameworks/RunningBoardServices : 1
PrivateFrameworks/SMBClient : 3.4
PrivateFrameworks/SMBClientEngine : 1.0
PrivateFrameworks/SPFinder : 
PrivateFrameworks/SPOwner : 
PrivateFrameworks/SPShared : 
PrivateFrameworks/Safari : 15608.1.24.40.4
PrivateFrameworks/SafariCore : 15608.1.24.40.4
PrivateFrameworks/SafariPlatformSupport : 
PrivateFrameworks/SafariSafeBrowsing : 15608.1.24.40.4
PrivateFrameworks/SafariShared : 15608.1.24.40.4
PrivateFrameworks/SampleAnalysis : 233
PrivateFrameworks/ScreenReader : 656
PrivateFrameworks/ScreenReaderCore : 656
PrivateFrameworks/ScreenSharing : 499.35
PrivateFrameworks/ScreenTimeCore : 259
PrivateFrameworks/ScreenTimeUI : 259
PrivateFrameworks/SearchAds : 1
PrivateFrameworks/SearchFoundation : 288
PrivateFrameworks/SearchUI : 1
PrivateFrameworks/SearchUICardKitProviderSupport : 1
PrivateFrameworks/SecCodeWrapper : 429
PrivateFrameworks/SecureChannel : 1
PrivateFrameworks/SecurityTokend : 55113
PrivateFrameworks/SemanticDocumentManagement : 3
PrivateFrameworks/SensingProtocols : 2
PrivateFrameworks/SetupAssistantSupport : 110
PrivateFrameworks/ShareKit : 614.1
PrivateFrameworks/SharePointManagement : 104
PrivateFrameworks/ShareServicesCore : 101.8.152
PrivateFrameworks/ShareSheet : 1386.9.3.2
PrivateFrameworks/SharedWebCredentials : 203
PrivateFrameworks/Sharing : 1386.9.3.2
PrivateFrameworks/SharingXPCServices : 1386.9.3.2
PrivateFrameworks/Shortcut : 105
PrivateFrameworks/SidecarCore : 148.1
PrivateFrameworks/SidecarUI : 148.1
PrivateFrameworks/SignpostCollection : 32
PrivateFrameworks/SignpostMetrics : 32
PrivateFrameworks/SignpostNotification : 32
PrivateFrameworks/SignpostSupport : 32
PrivateFrameworks/SiriFoundation : 200.0.33
PrivateFrameworks/SiriTTS : 1
PrivateFrameworks/SiriUI : 200.0.33
PrivateFrameworks/SiriVOX : 1
PrivateFrameworks/Slideshows : 1556.30
PrivateFrameworks/SoftwareUpdate : 1263.0.0.5
PrivateFrameworks/SpeechDictionary : 8.0.3
PrivateFrameworks/SpeechObjects : 9.0.8
PrivateFrameworks/SpeechRecognitionCommandServices : 3.0.58
PrivateFrameworks/SpeechRecognitionCore : 6.0.52
PrivateFrameworks/Spotlight : 2041.4.4
PrivateFrameworks/SpotlightIndex : 2041.4.4
PrivateFrameworks/SpotlightServerKit : 2041.4.4
PrivateFrameworks/SpotlightServices : 2041.4.4
PrivateFrameworks/StorageKit : 565.0.1
PrivateFrameworks/StoreFoundation : 709.0.47
PrivateFrameworks/StoreJavaScript : 709.0.47
PrivateFrameworks/StoreUI : 709.0.47
PrivateFrameworks/Suggestions : 321
PrivateFrameworks/SuggestionsSpotlightMetrics : 973.5
PrivateFrameworks/Symbolication : 64510.143.1
PrivateFrameworks/SymptomDiagnosticReporter : 1194.0.0.110.3
PrivateFrameworks/SymptomReporter : 1194.0.0.110.3
PrivateFrameworks/Symptoms : 1194.0.0.110.3
PrivateFrameworks/SyncedDefaults : 305
PrivateFrameworks/SystemMigration : 2039.3
PrivateFrameworks/TVRemoteCore : 84
PrivateFrameworks/TemplateKit : 1
PrivateFrameworks/TextInputMenuUI : 239
PrivateFrameworks/TextRecognition : 157
PrivateFrameworks/TextureIO : 3.10.9
PrivateFrameworks/TimeSync : 800.8
PrivateFrameworks/TimerSupport : 1
PrivateFrameworks/Transparency : 
PrivateFrameworks/TrustEvaluationAgent : 33
PrivateFrameworks/TrustedPeers : 1
PrivateFrameworks/UHASHelloExtensionPoint-macOS : 166.11
PrivateFrameworks/UIFoundation : 622
PrivateFrameworks/UIKitMacHelper : 61000
PrivateFrameworks/UIKitSystemAppServices : 166.11
PrivateFrameworks/URLFormatting : 110.2
PrivateFrameworks/USDKit : 19
PrivateFrameworks/UXKit : 101.8.152
PrivateFrameworks/UniversalAccess : 454.1
PrivateFrameworks/UsageTracking : 109
PrivateFrameworks/UserActivity : 343
PrivateFrameworks/VectorKit : 1542.20.5.11.6
PrivateFrameworks/VideoConference : 479
PrivateFrameworks/VideoProcessing : 799.3
PrivateFrameworks/ViewBridge : 436.1
PrivateFrameworks/VisionKit : 1
PrivateFrameworks/VisualTestKit : 1
PrivateFrameworks/VoiceShortcutClient : 
PrivateFrameworks/VoiceShortcuts : 
PrivateFrameworks/WPDaemon : 1
PrivateFrameworks/WatchdogClient : 60
PrivateFrameworks/WeatherKit : 664
PrivateFrameworks/WebDriver : 15608.1.24.40.4
PrivateFrameworks/WebInspector : 15608.1.24.40.4
PrivateFrameworks/WebInspectorUI : 15608.1.24.40.4
PrivateFrameworks/WiFiPeerToPeer : 1
PrivateFrameworks/WiFiPolicy : 1
PrivateFrameworks/WiFiVelocity : 246
PrivateFrameworks/WirelessDiagnostics : 947
PrivateFrameworks/WorkflowKit : 977.3.1.1
PrivateFrameworks/XCTAutomationSupport : 14761.2
PrivateFrameworks/XCTTargetBootstrap : 14761.2
PrivateFrameworks/caulk : 
PrivateFrameworks/iCalendar : 798
PrivateFrameworks/iCloudDrive : 29.1
PrivateFrameworks/iCloudDriveCore : 29.1
PrivateFrameworks/iLifeMediaBrowser : 772
PrivateFrameworks/iPodSync : 121.1
PrivateFrameworks/iPodUpdater : 306
PrivateFrameworks/iWorkXPC : 9
PrivateFrameworks/ktrace : 342
PrivateFrameworks/oncrpc : 53
PrivateFrameworks/perfdata : 48
CoreServices/AddPrinter : 567
CoreServices/AddressBookUrlForwarder : 2383.4
CoreServices/AirPlayUIAgent : 401.49
CoreServices/AirPort Base Station Agent : 221.7
CoreServices/AppleScript Utility : 41
CoreServices/Automator Installer : 479
CoreServices/Bluetooth Setup Assistant : 7.0.0d88
CoreServices/BluetoothUIServer : 7.0.0d88
CoreServices/Certificate Assistant : 55187
CoreServices/ControlStrip : 197
CoreServices/CoreLocationAgent : 2368.3.3
CoreServices/CoreServicesUIAgent : 324
CoreServices/DiskImageMounter : 549
CoreServices/Dock : 2014
CoreServices/Dwell Control : 264
CoreServices/Finder : 1272.3
CoreServices/HelpViewer : 370
CoreServices/Install Command Line Developer Tools : 2363
CoreServices/Install in Progress : 951.1.0.2
CoreServices/Installer Progress : 530.0.0.2
CoreServices/Installer : 950
CoreServices/KeyboardAccessAgent : 423
CoreServices/Keychain Circle Notification : 59227.0.0.111.7
CoreServices/Language Chooser : 576
CoreServices/ManagedClient : 1235.1
CoreServices/NotificationCenter : 791
CoreServices/OBEXAgent : 7.0.0d88
CoreServices/ODSAgent : 180.9
CoreServices/PIPAgent : 100
CoreServices/Paired Devices : 174.14
CoreServices/Photo Library Migration Utility : 2201.20.220
CoreServices/Problem Reporter : 15001
CoreServices/RapportUIAgent : 174.14
CoreServices/RegisterPluginIMApp : 20
CoreServices/Setup Assistant : 2454
CoreServices/Siri : 200.0.33
CoreServices/SocialPushAgent : 62
CoreServices/Software Update : 1263.0.0.5
CoreServices/SpacesTouchBarAgent : 1
CoreServices/Spotlight : 2041.4.4
CoreServices/SystemUIServer : 490
CoreServices/TextInputMenuAgent : 239
CoreServices/TextInputSwitcher : 239
CoreServices/UIKitSystem : 166.11
CoreServices/UniversalAccessControl : 454.1
CoreServices/VoiceOver : 656
CoreServices/loginwindow : 1967
CoreServices/rcd : 357
CoreServices/screencaptureui : 241
Applications/Archive Utility : 120.1
Applications/Directory Utility : 424
Applications/Feedback Assistant : 397
Applications/Folder Actions Setup : 34
Applications/Network Utility : 156
Applications/Screen Sharing : 499.35
Applications/Ticket Viewer : 40
Applications/Wireless Diagnostics : 910
Frameworks/ContactsUI : 1011.1
Frameworks/CoreAudioKit : 1.1
Frameworks/CoreNFC : 1
Frameworks/EventKitUI : 1.0
Frameworks/HealthKit : 1
Frameworks/HealthKitUI : 1
Frameworks/IdentityLookupUI : 1
Frameworks/IntentsUI : 1
Frameworks/MessageUI : 3554.18.2
Frameworks/MobileCoreServices : 1051.14
Frameworks/PassKit : 1
Frameworks/QuickLook : 1
Frameworks/ReplayKit : 1
Frameworks/SafariServices : 604.1
Frameworks/VisionKit : 1
Frameworks/WatchConnectivity : 185
PrivateFrameworks/AVKitMacHelper : 
PrivateFrameworks/ActivityRingsUI : 1
PrivateFrameworks/AppAnalytics : 2.2
PrivateFrameworks/AuthKitUIMacHelper : 1
PrivateFrameworks/BaseBoardUI : 441.4
PrivateFrameworks/ChatKit : 1.0
PrivateFrameworks/DataDetectorsUI : 365.1
PrivateFrameworks/DocumentManager : 144.4
PrivateFrameworks/DocumentManagerCore : 144.4
PrivateFrameworks/EmojiKit : 20
PrivateFrameworks/FrontBoard : 590.7
PrivateFrameworks/Home : 323.8.0.4.4
PrivateFrameworks/HomeUI : 323.8.0.4.4
PrivateFrameworks/MediaPlaybackCore : 1
PrivateFrameworks/NewsAnalytics : 2239.4.3
PrivateFrameworks/NewsArticles : 2239.4.3
PrivateFrameworks/NewsCore : 2239.4.3
PrivateFrameworks/NewsFeed : 2239.4.3
PrivateFrameworks/NewsFeedLayout : 2239.4.3
PrivateFrameworks/NewsFoundation : 2239.4.3
PrivateFrameworks/NewsServicesInternal : 2239.4.3
PrivateFrameworks/NewsSubscription : 2239.4.3
PrivateFrameworks/NewsTransport : 2239.4.3
PrivateFrameworks/NewsUI : 2239.4.3
PrivateFrameworks/NewsUI2 : 2239.4.3
PrivateFrameworks/Silex : 2239.4.3
PrivateFrameworks/TSReading : 297.2
PrivateFrameworks/TSUtility : 297.2
PrivateFrameworks/TeaActivities : 6.3.7
PrivateFrameworks/TeaCharts : 6.3.7
PrivateFrameworks/TeaDB : 6.3.7
PrivateFrameworks/TeaFoundation : 6.3.7
PrivateFrameworks/TeaSettings : 6.3.7
PrivateFrameworks/TeaTemplate : 6.3.7
PrivateFrameworks/TeaUI : 6.3.7
PrivateFrameworks/TeaUIKit : 6.3.7
PrivateFrameworks/TelephonyUI : 1.0
PrivateFrameworks/TransparencyDetailsView : 1
PrivateFrameworks/UHASHelloExtensionPoint-iOS : 166.11
PrivateFrameworks/VisualAlert : 1
PrivateFrameworks/VoiceShortcutsUI : 
PrivateFrameworks/WebCore : 15608.1.24.40.4
PrivateFrameworks/WebKitLegacy : 15608.1.24.40.4
PrivateFrameworks/WebUI : 1.0
PrivateFrameworks/WorkflowUI : 
