Applications/Google Chrome Canary : 3857.0
Applications/Google Chrome : 3770.142
Applications/Keka : 3323
Applications/Magnet : 67
Applications/Safari Technology Preview : 15608.1.33.2
Applications/Safari : 15608.1.34.1.1
Applications/stts : 35
Frameworks/AVFoundation : 1716
Frameworks/AVKit : 583
Frameworks/AddressBook : 2398
Frameworks/AppKit : 1868.10.104
Frameworks/AudioVideoBridging : 800.13
Frameworks/CFNetwork : 1091
Frameworks/CloudKit : 825
Frameworks/ColorSync : 3392
Frameworks/Combine : 123
Frameworks/Contacts : 3441
Frameworks/ContactsUI : 2398
Frameworks/CoreData : 957
Frameworks/CoreFoundation : 1661.11
Frameworks/CoreGraphics : 1339
Frameworks/CoreImage : 800.6.120
Frameworks/CoreLocation : 2384
Frameworks/CoreMedia : 2494.2.4.2
Frameworks/CoreMediaIO : 5125
Frameworks/CoreMotion : 2384
Frameworks/CoreServices : 1059.3
Frameworks/CoreSpotlight : 2050.1
Frameworks/CoreTelephony : 7219
Frameworks/EventKit : 1345
Frameworks/FileProvider : 229
Frameworks/FileProviderUI : 26
Frameworks/Foundation : 1661.11
Frameworks/GameKit : 656
Frameworks/IOBluetooth : 7.0.0d98
Frameworks/IOBluetoothUI : 7.0.0d98
Frameworks/IOSurface : 269.6
Frameworks/ImageIO : 1964
Frameworks/InputMethodKit : 421
Frameworks/JavaScriptCore : 15608.1.34.1.1
Frameworks/LinkPresentation : 116
Frameworks/LocalAuthentication : 690
Frameworks/Logging : 1142
Frameworks/MapKit : 2068.20.7.2.1
Frameworks/MediaAccessibility : 124
Frameworks/MediaLibrary : 776
Frameworks/MediaToolbox : 2494.2.4.2
Frameworks/Metal : 211.37
Frameworks/NaturalLanguage : 52
Frameworks/NotificationCenter : 805.1
Frameworks/OpenGL : 17.10.22
Frameworks/PDFKit : 820.4.1
Frameworks/Photos : 101.11.103
Frameworks/PhotosUI : 101.11.103
Frameworks/QuartzCore : 808
Frameworks/QuickLook : 892.1
Frameworks/RealityKit : 31.18.0.2
Frameworks/SafariServices : 15608.1.34.1.1
Frameworks/Security : 59296.0.0.0.2
Frameworks/SystemExtensions : 31
Frameworks/VideoSubscriberAccount : 304
Frameworks/VideoToolbox : 2494.2.4.2
Frameworks/Vision : 3.0.57
Frameworks/WebKit : 15608.1.34.1.1
PrivateFrameworks/AOSAccounts : 144
PrivateFrameworks/AOSAccountsLite : 144
PrivateFrameworks/AOSKit : 273
PrivateFrameworks/AOSUI : 706
PrivateFrameworks/APFS : 1409.0.0
PrivateFrameworks/APTransport : 405.13.81
PrivateFrameworks/AVConference : 1610.4.3
PrivateFrameworks/AVFoundationCF : 334
PrivateFrameworks/AccessibilityBundles : 123
PrivateFrameworks/AccessibilityPerformance : 197
PrivateFrameworks/AccessibilitySupport : 197
PrivateFrameworks/AccountsUI : 86
PrivateFrameworks/AddressBookAutocomplete : 2398
PrivateFrameworks/AirPlayReceiver : 405.13.81
PrivateFrameworks/AirPlaySender : 405.13.81
PrivateFrameworks/AirPlaySupport : 405.13.81
PrivateFrameworks/AirTrafficHost : 4017.100.69
PrivateFrameworks/AnnotationKit : 307
PrivateFrameworks/AppContainer : 445
PrivateFrameworks/AppSandbox : 445
PrivateFrameworks/AppServerSupport : 1732
PrivateFrameworks/AppleGVA : 52
PrivateFrameworks/AppleGVACore : 52
PrivateFrameworks/AssertionServices : 215
PrivateFrameworks/AssetsLibraryServices : 101.11.103
PrivateFrameworks/AssistiveControlSupport : 273
PrivateFrameworks/AutoBugCaptureCore : 1233
PrivateFrameworks/BaseBoard : 452
PrivateFrameworks/BoardServices : 452
PrivateFrameworks/BookCoverUtility : 1252
PrivateFrameworks/BookKit : 1252
PrivateFrameworks/BookUtility : 1252
PrivateFrameworks/BridgeOSInstall : 70
PrivateFrameworks/BridgeOSInstallReporting : 70
PrivateFrameworks/BulkSymbolication : 240
PrivateFrameworks/C2 : 471
PrivateFrameworks/CSCSupport : 356
PrivateFrameworks/CalDAV : 786
PrivateFrameworks/CalendarFoundation : 1125
PrivateFrameworks/CalendarPersistence : 1025
PrivateFrameworks/CalendarUI : 1012
PrivateFrameworks/CalendarUIKit : 781
PrivateFrameworks/CallHistory : 950
PrivateFrameworks/Categories : 4
PrivateFrameworks/CharacterPicker : 157
PrivateFrameworks/ClassKit : 145.0.95
PrivateFrameworks/CloudDocs : 648
PrivateFrameworks/CloudKitCode : 825
PrivateFrameworks/CloudKitCodeProtobuf : 825
PrivateFrameworks/CloudKitDaemon : 825
PrivateFrameworks/CloudPhotoLibrary : 101.11.103
PrivateFrameworks/CloudPhotoServices : 101.11.103
PrivateFrameworks/CloudPhotoServicesConfiguration : 101.11.103
PrivateFrameworks/CombineCocoa : 123
PrivateFrameworks/CommerceKit : 709.0.62
PrivateFrameworks/ConfigProfileHelper : 1243
PrivateFrameworks/ConfigurationEngineModel : 30.61
PrivateFrameworks/ConfigurationProfiles : 1243
PrivateFrameworks/ConsoleKit : 5.0.17
PrivateFrameworks/ContactsAutocomplete : 1128
PrivateFrameworks/CoreChineseEngine : 443
PrivateFrameworks/CoreDAV : 867
PrivateFrameworks/CoreEmoji : 99
PrivateFrameworks/CoreFP : 2.14.9
PrivateFrameworks/CoreHAP : 601.2
PrivateFrameworks/CoreLSKD : 12.12.0
PrivateFrameworks/CoreMediaStream : 101.11.103
PrivateFrameworks/CoreNLP : 209
PrivateFrameworks/CoreNavigation : 161
PrivateFrameworks/CoreParsec : 298
PrivateFrameworks/CoreRE : 31.18.0.2
PrivateFrameworks/CoreRoutine : 676
PrivateFrameworks/CoreServicesInternal : 439.0.1
PrivateFrameworks/CoreServicesStore : 1059.3
PrivateFrameworks/CoreSuggestions : 1020
PrivateFrameworks/CoreSuggestionsInternals : 1020
PrivateFrameworks/CoreSuggestionsML : 1020
PrivateFrameworks/CoreSuggestionsUI : 1020
PrivateFrameworks/CoreThemeDefinition : 419
PrivateFrameworks/CoreTime : 265
PrivateFrameworks/CoreUI : 578
PrivateFrameworks/CoreUtils : 600.11
PrivateFrameworks/CrashReporterSupport : 15005
PrivateFrameworks/DCIMServices : 101.11.103
PrivateFrameworks/DFRFoundation : 230
PrivateFrameworks/DTXConnectionServices : 64523.178
PrivateFrameworks/DataDetectorsNaturalLanguage : 154
PrivateFrameworks/DeviceManagement : 30.61
PrivateFrameworks/DirectoryEditor : 53
PrivateFrameworks/DiskImages : 558
PrivateFrameworks/DiskManagement : 1645
PrivateFrameworks/EasyConfig : 600.11
PrivateFrameworks/Email : 3566.0.1
PrivateFrameworks/EmailAddressing : 3566.0.1
PrivateFrameworks/EmailCore : 3566.0.1
PrivateFrameworks/EmailDaemon : 3566.0.1
PrivateFrameworks/EmailFoundation : 3566.0.1
PrivateFrameworks/Espresso : 183
PrivateFrameworks/FileProvider : 229
PrivateFrameworks/FileProviderDaemon : 229
PrivateFrameworks/FilesActionsUI : 26
PrivateFrameworks/FoundInAppsPlugins : 1020
PrivateFrameworks/FrontBoardServices : 606
PrivateFrameworks/GPUSupport : 17.10.22
PrivateFrameworks/GameCenterFoundation : 656
PrivateFrameworks/GameCenterUI : 656
PrivateFrameworks/GameKitServices : 1610.4.3
PrivateFrameworks/GeoServices : 1598.20.7.2.1
PrivateFrameworks/Geode : 101.11.103
PrivateFrameworks/HDRProcessing : 1.46.0
PrivateFrameworks/HMFoundation : 553
PrivateFrameworks/Helium : 34978.6.42
PrivateFrameworks/HelloWorldMacHelper : 173
PrivateFrameworks/HelpData : 199
PrivateFrameworks/HomeAI : 61
PrivateFrameworks/HomeKit : 601.2
PrivateFrameworks/HomeKitDaemon : 601.2
PrivateFrameworks/IASUtilities : 536.1
PrivateFrameworks/IMAP : 3566.0.1
PrivateFrameworks/IOAccelerator : 438.1.13
PrivateFrameworks/IconServices : 428
PrivateFrameworks/IntlPreferences : 284.1
PrivateFrameworks/KnowledgeGraphKit : 101.11.103
PrivateFrameworks/LinguisticData : 328
PrivateFrameworks/LinkPresentation : 116
PrivateFrameworks/LocalAuthenticationUI : 690
PrivateFrameworks/LocationSupport : 2384
PrivateFrameworks/LoggingSupport : 1142
PrivateFrameworks/MMCS : 471
PrivateFrameworks/MTLCompiler : 211.37
PrivateFrameworks/MTLSimImplementation : 211.37
PrivateFrameworks/Mail : 3566.0.1
PrivateFrameworks/MailCore : 3566.0.1
PrivateFrameworks/MailService : 3566.0.1
PrivateFrameworks/MailSupport : 3566.0.1
PrivateFrameworks/MailUI : 3566.0.1
PrivateFrameworks/MailWebProcessSupport : 3566.0.1
PrivateFrameworks/ManagedClient : 1243
PrivateFrameworks/MarkupUI : 307
PrivateFrameworks/MediaControlSender : 405.13.81
PrivateFrameworks/MediaConversionService : 101.11.103
PrivateFrameworks/MediaMiningKit : 101.11.103
PrivateFrameworks/MediaStream : 101.11.103
PrivateFrameworks/MessageUIMacHelper : 3566.0.1
PrivateFrameworks/MetadataUtilities : 2050.1
PrivateFrameworks/MobileDevice : 1188
PrivateFrameworks/Mondrian : 101.11.103
PrivateFrameworks/Montreal : 118
PrivateFrameworks/MultitouchSupport : 3000.30
PrivateFrameworks/NLP : 195
PrivateFrameworks/NearField : 300.51.1.1.1
PrivateFrameworks/NeutrinoCore : 101.11.103
PrivateFrameworks/NeutrinoKit : 101.11.103
PrivateFrameworks/Notes : 1064
PrivateFrameworks/NotesShared : 1064
PrivateFrameworks/NotesUI : 1064
PrivateFrameworks/NotificationCenterUI : 805.1
PrivateFrameworks/OSInstaller : 1284.4
PrivateFrameworks/OSPersonalization : 70
PrivateFrameworks/PAImaging : 101.11.103
PrivateFrameworks/PAImagingCore : 101.11.103
PrivateFrameworks/PASampling : 240
PrivateFrameworks/PDFKit : 820.4.1
PrivateFrameworks/PackageKit : 968.2
PrivateFrameworks/PerformanceAnalysis : 240
PrivateFrameworks/PersonalizationPortrait : 1020
PrivateFrameworks/PersonalizationPortraitInternals : 1020
PrivateFrameworks/PhotoAnalysis : 101.11.103
PrivateFrameworks/PhotoFoundation : 101.11.103
PrivateFrameworks/PhotoImaging : 101.11.103
PrivateFrameworks/PhotoLibrary : 101.11.103
PrivateFrameworks/PhotoLibraryServices : 101.11.103
PrivateFrameworks/PhotoVision : 101.11.103
PrivateFrameworks/PhotosFormats : 101.11.103
PrivateFrameworks/PhotosGraph : 101.11.103
PrivateFrameworks/PhotosImagingFoundation : 101.11.103
PrivateFrameworks/PhotosPlayer : 101.11.103
PrivateFrameworks/PhotosUICore : 101.11.103
PrivateFrameworks/PipelineKit : 101.11.103
PrivateFrameworks/PlacesKit : 101.11.103
PrivateFrameworks/ProVideo : 442.1.42
PrivateFrameworks/ProactiveEventTracker : 252
PrivateFrameworks/ProactiveExperiments : 1020
PrivateFrameworks/ProactiveExperimentsInternals : 1020
PrivateFrameworks/ProactiveML : 1020
PrivateFrameworks/ProactiveSupport : 252
PrivateFrameworks/ProactiveSupportStubs : 252
PrivateFrameworks/ProofReader : 487
PrivateFrameworks/QuickLookIosmac : 892.1
PrivateFrameworks/RTCReporting : 10.52
PrivateFrameworks/Rapport : 180.10
PrivateFrameworks/RapportUI : 180.10
PrivateFrameworks/RemoteServiceDiscovery : 1732
PrivateFrameworks/RemoteXPC : 1732
PrivateFrameworks/ResponseKit : 145
PrivateFrameworks/Reveal : 18
PrivateFrameworks/RevealCore : 18
PrivateFrameworks/RunningBoard : 215
PrivateFrameworks/RunningBoardServices : 215
PrivateFrameworks/Safari : 15608.1.34.1.1
PrivateFrameworks/SafariCore : 15608.1.34.1.1
PrivateFrameworks/SafariFoundation : 15608.1.34.1.1
PrivateFrameworks/SafariSafeBrowsing : 15608.1.34.1.1
PrivateFrameworks/SafariShared : 15608.1.34.1.1
PrivateFrameworks/SampleAnalysis : 240
PrivateFrameworks/ScreenReader : 673
PrivateFrameworks/ScreenReaderCore : 673
PrivateFrameworks/ScreenSharing : 499.45
PrivateFrameworks/ScreenTimeCore : 282
PrivateFrameworks/ScreenTimeServiceUI : 282
PrivateFrameworks/ScreenTimeUI : 282
PrivateFrameworks/SearchFoundation : 298
PrivateFrameworks/SecCodeWrapper : 445
PrivateFrameworks/ShareKit : 626.1
PrivateFrameworks/ShareServicesCore : 101.11.103
PrivateFrameworks/ShareSheet : 1433
PrivateFrameworks/SharedWebCredentials : 207
PrivateFrameworks/Sharing : 1433
PrivateFrameworks/SharingXPCServices : 1433
PrivateFrameworks/SidecarCore : 163
PrivateFrameworks/SidecarUI : 163
PrivateFrameworks/SignpostCollection : 40
PrivateFrameworks/SignpostMetrics : 40
PrivateFrameworks/SignpostNotification : 40
PrivateFrameworks/SignpostSupport : 40
PrivateFrameworks/SiriFoundation : 200.0.37
PrivateFrameworks/SiriUI : 200.0.37
PrivateFrameworks/SoftwareUpdate : 1274
PrivateFrameworks/SpeechObjects : 9.0.11
PrivateFrameworks/SpeechRecognitionCommandServices : 3.0.63
PrivateFrameworks/SpeechRecognitionCore : 6.0.68
PrivateFrameworks/Spotlight : 2050.1
PrivateFrameworks/SpotlightIndex : 2050.1
PrivateFrameworks/SpotlightServerKit : 2050.1
PrivateFrameworks/SpotlightServices : 2050.1
PrivateFrameworks/StorageKit : 577
PrivateFrameworks/StoreFoundation : 709.0.62
PrivateFrameworks/StoreJavaScript : 709.0.62
PrivateFrameworks/StoreUI : 709.0.62
PrivateFrameworks/SuggestionsSpotlightMetrics : 1020
PrivateFrameworks/SymptomDiagnosticReporter : 1233
PrivateFrameworks/SymptomReporter : 1233
PrivateFrameworks/Symptoms : 1233
PrivateFrameworks/SyncedDefaults : 311
PrivateFrameworks/SystemMigration : 2053.1
PrivateFrameworks/TextInputMenuUI : 242
PrivateFrameworks/TimeSync : 800.12
PrivateFrameworks/UHASHelloExtensionPoint-macOS : 173
PrivateFrameworks/UIFoundation : 631
PrivateFrameworks/UIKitSystemAppServices : 173
PrivateFrameworks/URLFormatting : 116
PrivateFrameworks/USDKit : 22
PrivateFrameworks/UXKit : 101.11.103
PrivateFrameworks/UniversalAccess : 469
PrivateFrameworks/UsageTracking : 113
PrivateFrameworks/UserActivity : 349.2
PrivateFrameworks/VectorKit : 1578.20.7.2.1
PrivateFrameworks/VideoProcessing : 815
PrivateFrameworks/ViewBridge : 444
PrivateFrameworks/WatchdogClient : 66
PrivateFrameworks/WebDriver : 15608.1.34.1.1
PrivateFrameworks/WebInspector : 15608.1.34.1.1
PrivateFrameworks/WebInspectorUI : 15608.1.34.1.1
PrivateFrameworks/WirelessDiagnostics : 949
PrivateFrameworks/WorkflowKit : 1010
PrivateFrameworks/iCloudDrive : 42
PrivateFrameworks/iCloudDriveCore : 42
PrivateFrameworks/iLifeMediaBrowser : 776
PrivateFrameworks/iWorkXPC : 10
PrivateFrameworks/ktrace : 354
CoreServices/AddressBookUrlForwarder : 2398
CoreServices/AirPlayUIAgent : 405.13.81
CoreServices/Bluetooth Setup Assistant : 7.0.0d98
CoreServices/BluetoothUIServer : 7.0.0d98
CoreServices/ControlStrip : 199
CoreServices/CoreLocationAgent : 2384
CoreServices/CoreServicesUIAgent : 327
CoreServices/DiskImageMounter : 558
CoreServices/Dock : 2022
CoreServices/Dwell Control : 273
CoreServices/Finder : 1285.1
CoreServices/Install Command Line Developer Tools : 2367
CoreServices/Install in Progress : 968.2
CoreServices/Installer Progress : 536.1
CoreServices/Keychain Circle Notification : 59296.0.0.0.2
CoreServices/ManagedClient : 1243
CoreServices/NotificationCenter : 805.1
CoreServices/OBEXAgent : 7.0.0d98
CoreServices/Paired Devices : 180.10
CoreServices/Problem Reporter : 15005
CoreServices/RapportUIAgent : 180.10
CoreServices/Setup Assistant : 2462
CoreServices/Siri : 200.0.37
CoreServices/Software Update : 1274
CoreServices/Spotlight : 2050.1
CoreServices/TextInputMenuAgent : 242
CoreServices/TextInputSwitcher : 242
CoreServices/UIKitSystem : 173
CoreServices/UniversalAccessControl : 469
CoreServices/VoiceOver : 673
CoreServices/loginwindow : 1974
Applications/Feedback Assistant : 407
Applications/Network Utility : 158
Applications/Screen Sharing : 499.45
Frameworks/ContactsUI : 1036
Frameworks/MessageUI : 3566.0.1
Frameworks/MobileCoreServices : 1059.3
PrivateFrameworks/AppAnalytics : 15
PrivateFrameworks/BaseBoardUI : 452
PrivateFrameworks/DocumentManager : 156.1
PrivateFrameworks/DocumentManagerCore : 156.1
PrivateFrameworks/FrontBoard : 606
PrivateFrameworks/Home : 349
PrivateFrameworks/HomeUI : 349
PrivateFrameworks/NewsAnalytics : 2269
PrivateFrameworks/NewsArticles : 2269
PrivateFrameworks/NewsCore : 2269
PrivateFrameworks/NewsFeed : 2269
PrivateFrameworks/NewsFeedLayout : 2269
PrivateFrameworks/NewsFoundation : 2269
PrivateFrameworks/NewsServicesInternal : 2269
PrivateFrameworks/NewsSubscription : 2269
PrivateFrameworks/NewsTransport : 2269
PrivateFrameworks/NewsUI : 2269
PrivateFrameworks/NewsUI2 : 2269
PrivateFrameworks/Silex : 2269
PrivateFrameworks/TSReading : 313
PrivateFrameworks/TSUtility : 313
PrivateFrameworks/TeaActivities : 38
PrivateFrameworks/TeaCharts : 38
PrivateFrameworks/TeaDB : 38
PrivateFrameworks/TeaFoundation : 38
PrivateFrameworks/TeaSettings : 38
PrivateFrameworks/TeaTemplate : 38
PrivateFrameworks/TeaUI : 38
PrivateFrameworks/TeaUIKit : 38
PrivateFrameworks/UHASHelloExtensionPoint-iOS : 173
PrivateFrameworks/WebCore : 15608.1.34.1.1
PrivateFrameworks/WebKitLegacy : 15608.1.34.1.1
