Applications/Battle.net : 1.15.0 (11267)
Applications/GitHub Desktop : 2.1.0
Applications/Google Chrome Canary : 3841.0
Applications/Google Chrome : 3770.100
Applications/Safari Technology Preview : 15608.1.30.2
Applications/Safari : 15608.1.31.1.2
Frameworks/AVFoundation : 1712
Frameworks/AVKit : 581.2
Frameworks/AddressBook : 2394
Frameworks/AppKit : 1865.10.102
Frameworks/Automator : 482
Frameworks/CFNetwork : 1088.1
Frameworks/CloudKit : 819
Frameworks/Combine : 120
Frameworks/Contacts : 3437
Frameworks/ContactsUI : 2394
Frameworks/CoreData : 954
Frameworks/CoreFoundation : 1659.10
Frameworks/CoreGraphics : 1336
Frameworks/CoreImage : 800.6.100
Frameworks/CoreLocation : 2380
Frameworks/CoreMedia : 2488.4.2
Frameworks/CoreMediaIO : 5124
Frameworks/CoreMotion : 2380
Frameworks/CoreServices : 1057.2
Frameworks/CoreSpotlight : 2047
Frameworks/CoreTelephony : 7214
Frameworks/CoreVideo : 332.0
Frameworks/EventKit : 1342.1.1
Frameworks/FileProvider : 226.1
Frameworks/FileProviderUI : 25
Frameworks/Foundation : 1659.10
Frameworks/GameKit : 652
Frameworks/ICADevices : 1595
Frameworks/IOBluetooth : 7.0.0d97
Frameworks/IOBluetoothUI : 7.0.0d97
Frameworks/IOSurface : 269.3
Frameworks/ImageCaptureCore : 1595
Frameworks/ImageIO : 1960
Frameworks/InputMethodKit : 420
Frameworks/InstallerPlugins : 954
Frameworks/JavaScriptCore : 15608.1.31.1.2
Frameworks/LinkPresentation : 114
Frameworks/LocalAuthentication : 684
Frameworks/Logging : 1141
Frameworks/MapKit : 2061.20.6.21.1
Frameworks/MediaToolbox : 2488.4.2
Frameworks/Metal : 211.34
Frameworks/MetalKit : 131
Frameworks/NaturalLanguage : 48
Frameworks/NotificationCenter : 798
Frameworks/OpenCL : 3.5
Frameworks/PDFKit : 819
Frameworks/Photos : 101.10.175
Frameworks/PhotosUI : 101.10.175
Frameworks/QuartzCore : 805
Frameworks/QuickLook : 891
Frameworks/RealityKit : 31.15.1
Frameworks/Ruby : 2.6.3-141
Frameworks/SafariServices : 15608.1.31.1.2
Frameworks/SceneKit : 536
Frameworks/Security : 59286.0.0.131.1
Frameworks/SystemExtensions : 29
Frameworks/VideoSubscriberAccount : 299
Frameworks/VideoToolbox : 2488.4.2
Frameworks/Vision : 3.0.56
Frameworks/WebKit : 15608.1.31.1.2
PrivateFrameworks/AOSAccounts : 143
PrivateFrameworks/AOSAccountsLite : 143
PrivateFrameworks/AOSUI : 703
PrivateFrameworks/APFS : 1402.0.0
PrivateFrameworks/APTransport : 405.8
PrivateFrameworks/AVConference : 1606
PrivateFrameworks/AVFoundationCF : 331
PrivateFrameworks/AccessibilityBundles : 120
PrivateFrameworks/AccessibilityPerformance : 194
PrivateFrameworks/AccessibilitySupport : 194
PrivateFrameworks/AccountsUI : 85
PrivateFrameworks/AddressBookAutocomplete : 2394
PrivateFrameworks/AirPlayReceiver : 405.8
PrivateFrameworks/AirPlaySender : 405.8
PrivateFrameworks/AirPlaySupport : 405.8
PrivateFrameworks/AnnotationKit : 304
PrivateFrameworks/AppContainer : 442
PrivateFrameworks/AppSandbox : 442
PrivateFrameworks/AppServerSupport : 1725
PrivateFrameworks/AppleGVA : 50
PrivateFrameworks/AppleGVACore : 50
PrivateFrameworks/AppleVPA : 3.15.5
PrivateFrameworks/AssertionServices : 197
PrivateFrameworks/AssetsLibraryServices : 101.10.175
PrivateFrameworks/AssistiveControlSupport : 271
PrivateFrameworks/AudioServerApplication : 500.8
PrivateFrameworks/AudioServerDriver : 500.8
PrivateFrameworks/AutoBugCaptureCore : 1227
PrivateFrameworks/BaseBoard : 451
PrivateFrameworks/BezelServices : 336
PrivateFrameworks/BoardServices : 451
PrivateFrameworks/BookCoverUtility : 1247
PrivateFrameworks/BookKit : 1247
PrivateFrameworks/BookUtility : 1247
PrivateFrameworks/BulkSymbolication : 239
PrivateFrameworks/CSCSupport : 354
PrivateFrameworks/CalDAV : 782
PrivateFrameworks/CalendarAgent : 927
PrivateFrameworks/CalendarFoundation : 1122.1.1
PrivateFrameworks/CalendarPersistence : 1024
PrivateFrameworks/CalendarUI : 1010
PrivateFrameworks/CalendarUIKit : 780
PrivateFrameworks/CallHistory : 945
PrivateFrameworks/Categories : 3.6
PrivateFrameworks/CharacterPicker : 156
PrivateFrameworks/ClassKit : 145.0.80
PrivateFrameworks/CloudDocs : 647
PrivateFrameworks/CloudDocsDaemon : 647
PrivateFrameworks/CloudKitCode : 819
PrivateFrameworks/CloudKitCodeProtobuf : 819
PrivateFrameworks/CloudKitDaemon : 819
PrivateFrameworks/CloudPhotoLibrary : 101.10.175
PrivateFrameworks/CloudPhotoServices : 101.10.175
PrivateFrameworks/CloudPhotoServicesConfiguration : 101.10.175
PrivateFrameworks/CloudServices : 384
PrivateFrameworks/CombineCocoa : 120
PrivateFrameworks/CommerceKit : 709.0.58
PrivateFrameworks/ConfigProfileHelper : 1242
PrivateFrameworks/ConfigurationEngineModel : 30.57
PrivateFrameworks/ConfigurationProfiles : 1242
PrivateFrameworks/ConsoleKit : 5.0.16
PrivateFrameworks/ContactsAutocomplete : 1127
PrivateFrameworks/CoreAUC : 280.0.0
PrivateFrameworks/CoreChineseEngine : 442
PrivateFrameworks/CoreDAV : 866
PrivateFrameworks/CoreEmoji : 98
PrivateFrameworks/CoreFP : 2.14.6
PrivateFrameworks/CoreHAP : 594.2
PrivateFrameworks/CoreKE : 4.43
PrivateFrameworks/CoreMediaStream : 101.10.175
PrivateFrameworks/CoreNLP : 205
PrivateFrameworks/CoreNavigation : 160
PrivateFrameworks/CoreParsec : 296
PrivateFrameworks/CoreRE : 31.15.1
PrivateFrameworks/CoreRoutine : 673
PrivateFrameworks/CoreSVG : 127
PrivateFrameworks/CoreServicesInternal : 437
PrivateFrameworks/CoreServicesStore : 1057.2
PrivateFrameworks/CoreSuggestions : 1008.201
PrivateFrameworks/CoreSuggestionsInternals : 1008.201
PrivateFrameworks/CoreSuggestionsML : 1008.201
PrivateFrameworks/CoreSuggestionsUI : 1008.201
PrivateFrameworks/CoreSymbolication : 64509.88.1
PrivateFrameworks/CoreThemeDefinition : 417
PrivateFrameworks/CoreTime : 264
PrivateFrameworks/CoreUI : 576
PrivateFrameworks/CoreUtils : 600.4
PrivateFrameworks/CrashReporterSupport : 15004
PrivateFrameworks/DCIMServices : 101.10.175
PrivateFrameworks/DFRFoundation : 227.1
PrivateFrameworks/DTXConnectionServices : 64523.173.1
PrivateFrameworks/DataDetectors : 407
PrivateFrameworks/DeviceManagement : 30.57
PrivateFrameworks/DiskImages : 555
PrivateFrameworks/DiskManagement : 1643
PrivateFrameworks/EasyConfig : 600.4
PrivateFrameworks/Email : 3564
PrivateFrameworks/EmailAddressing : 3564
PrivateFrameworks/EmailCore : 3564
PrivateFrameworks/EmailDaemon : 3564
PrivateFrameworks/EmailFoundation : 3564
PrivateFrameworks/EmbeddedOSInstall : 120
PrivateFrameworks/Espresso : 181
PrivateFrameworks/ExchangeSync : 112
PrivateFrameworks/FileProvider : 226.1
PrivateFrameworks/FileProviderDaemon : 226.1
PrivateFrameworks/FilesActionsUI : 25
PrivateFrameworks/FlightUtilities : 133
PrivateFrameworks/FoundInAppsPlugins : 1008.201
PrivateFrameworks/FrontBoardServices : 604
PrivateFrameworks/GPUInfo : 1.2.21
PrivateFrameworks/GameCenterFoundation : 652
PrivateFrameworks/GameCenterUI : 652
PrivateFrameworks/GameKitServices : 1606
PrivateFrameworks/GenerationalStorage : 308
PrivateFrameworks/GeoServices : 1593.20.6.21.1
PrivateFrameworks/Geode : 101.10.175
PrivateFrameworks/HDRProcessing : 1.41.10
PrivateFrameworks/HMFoundation : 549
PrivateFrameworks/Helium : 34832.6.42
PrivateFrameworks/HelloWorldMacHelper : 171
PrivateFrameworks/HelpData : 198
PrivateFrameworks/HomeAI : 58
PrivateFrameworks/HomeKit : 594.2
PrivateFrameworks/HomeKitDaemon : 594.2
PrivateFrameworks/IASUtilities : 535.1
PrivateFrameworks/IMAP : 3564
PrivateFrameworks/IOAccelerator : 438.1.11
PrivateFrameworks/IconServices : 427.2
PrivateFrameworks/InputTranscoder : 39
PrivateFrameworks/IntlPreferences : 280
PrivateFrameworks/KnowledgeGraphKit : 101.10.175
PrivateFrameworks/Lexicon : 68
PrivateFrameworks/LinguisticData : 324
PrivateFrameworks/LinkPresentation : 114
PrivateFrameworks/LocalAuthenticationUI : 684
PrivateFrameworks/LocationSupport : 2380
PrivateFrameworks/LoggingSupport : 1141
PrivateFrameworks/Lookup : 270
PrivateFrameworks/MTLCompiler : 211.34
PrivateFrameworks/MTLSimImplementation : 211.34
PrivateFrameworks/Mail : 3564
PrivateFrameworks/MailCore : 3564
PrivateFrameworks/MailService : 3564
PrivateFrameworks/MailSupport : 3564
PrivateFrameworks/MailUI : 3564
PrivateFrameworks/MailWebProcessSupport : 3564
PrivateFrameworks/ManagedClient : 1242
PrivateFrameworks/MarkupUI : 304
PrivateFrameworks/MediaControlSender : 405.8
PrivateFrameworks/MediaConversionService : 101.10.175
PrivateFrameworks/MediaMiningKit : 101.10.175
PrivateFrameworks/MediaStream : 101.10.175
PrivateFrameworks/MessageUIMacHelper : 3564
PrivateFrameworks/MetadataUtilities : 2047
PrivateFrameworks/MobileAsset : 617
PrivateFrameworks/MobileDevice : 1179.0.0.120.1
PrivateFrameworks/Mondrian : 101.10.175
PrivateFrameworks/Montreal : 114
PrivateFrameworks/MultitouchSupport : 3000.28
PrivateFrameworks/MultiverseSupport : 99
PrivateFrameworks/NLP : 192
PrivateFrameworks/NearField : 300.49.1
PrivateFrameworks/NeutrinoCore : 101.10.175
PrivateFrameworks/NeutrinoKit : 101.10.175
PrivateFrameworks/Notes : 1055
PrivateFrameworks/NotesShared : 1055
PrivateFrameworks/NotesUI : 1055
PrivateFrameworks/NotificationCenterUI : 798
PrivateFrameworks/OSInstaller : 1278
PrivateFrameworks/OSPersonalization : 68
PrivateFrameworks/OfficeImport : 274
PrivateFrameworks/PAImaging : 101.10.175
PrivateFrameworks/PAImagingCore : 101.10.175
PrivateFrameworks/PASampling : 239
PrivateFrameworks/PDFKit : 819
PrivateFrameworks/PIP : 101
PrivateFrameworks/PackageKit : 965.2
PrivateFrameworks/PerformanceAnalysis : 239
PrivateFrameworks/PersonalizationPortrait : 1008.201
PrivateFrameworks/PersonalizationPortraitInternals : 1008.201
PrivateFrameworks/PhotoAnalysis : 101.10.175
PrivateFrameworks/PhotoFoundation : 101.10.175
PrivateFrameworks/PhotoImaging : 101.10.175
PrivateFrameworks/PhotoLibrary : 101.10.175
PrivateFrameworks/PhotoLibraryServices : 101.10.175
PrivateFrameworks/PhotoVision : 101.10.175
PrivateFrameworks/PhotosFormats : 101.10.175
PrivateFrameworks/PhotosGraph : 101.10.175
PrivateFrameworks/PhotosImagingFoundation : 101.10.175
PrivateFrameworks/PhotosPlayer : 101.10.175
PrivateFrameworks/PhotosUICore : 101.10.175
PrivateFrameworks/PipelineKit : 101.10.175
PrivateFrameworks/PlacesKit : 101.10.175
PrivateFrameworks/PrintingPrivate : 191
PrivateFrameworks/ProVideo : 434.5.42
PrivateFrameworks/ProactiveEventTracker : 247
PrivateFrameworks/ProactiveExperiments : 1008.201
PrivateFrameworks/ProactiveExperimentsInternals : 1008.201
PrivateFrameworks/ProactiveML : 1008.201
PrivateFrameworks/ProactiveSupport : 247
PrivateFrameworks/ProactiveSupportStubs : 247
PrivateFrameworks/ProofReader : 483
PrivateFrameworks/ProtocolBuffer : 272.20.6.18.1
PrivateFrameworks/QuickLookIosmac : 891
PrivateFrameworks/RTCReporting : 10.50
PrivateFrameworks/Rapport : 180.4
PrivateFrameworks/RapportUI : 180.4
PrivateFrameworks/RemoteServiceDiscovery : 1725
PrivateFrameworks/RemoteXPC : 1725
PrivateFrameworks/ResponseKit : 143
PrivateFrameworks/Restore : 506
PrivateFrameworks/Reveal : 17
PrivateFrameworks/RevealCore : 17
PrivateFrameworks/RunningBoard : 197
PrivateFrameworks/RunningBoardServices : 197
PrivateFrameworks/Safari : 15608.1.31.1.2
PrivateFrameworks/SafariCore : 15608.1.31.1.2
PrivateFrameworks/SafariFoundation : 15608.1.31.1.2
PrivateFrameworks/SafariSafeBrowsing : 15608.1.31.1.2
PrivateFrameworks/SafariShared : 15608.1.31.1.2
PrivateFrameworks/SafeEjectGPU : 32.3
PrivateFrameworks/SampleAnalysis : 239
PrivateFrameworks/ScreenReader : 669
PrivateFrameworks/ScreenReaderCore : 669
PrivateFrameworks/ScreenSharing : 499.42
PrivateFrameworks/ScreenTimeCore : 275
PrivateFrameworks/ScreenTimeUI : 275
PrivateFrameworks/SearchFoundation : 296
PrivateFrameworks/SecCodeWrapper : 442
PrivateFrameworks/ShareKit : 623
PrivateFrameworks/ShareServicesCore : 101.10.175
PrivateFrameworks/ShareSheet : 1421
PrivateFrameworks/SharedWebCredentials : 205.1
PrivateFrameworks/Sharing : 1421
PrivateFrameworks/SharingXPCServices : 1421
PrivateFrameworks/SidecarCore : 156.1
PrivateFrameworks/SidecarUI : 156.1
PrivateFrameworks/SignpostCollection : 39
PrivateFrameworks/SignpostMetrics : 39
PrivateFrameworks/SignpostNotification : 39
PrivateFrameworks/SignpostSupport : 39
PrivateFrameworks/SiriFoundation : 200.0.36
PrivateFrameworks/SiriUI : 200.0.36
PrivateFrameworks/SoftwareUpdate : 1272.5
PrivateFrameworks/SpeechObjects : 9.0.10
PrivateFrameworks/SpeechRecognitionCommandServices : 3.0.61
PrivateFrameworks/SpeechRecognitionCore : 6.0.61
PrivateFrameworks/Spotlight : 2047
PrivateFrameworks/SpotlightIndex : 2047
PrivateFrameworks/SpotlightServerKit : 2047
PrivateFrameworks/SpotlightServices : 2047
PrivateFrameworks/StorageKit : 575.1
PrivateFrameworks/StoreFoundation : 709.0.58
PrivateFrameworks/StoreJavaScript : 709.0.58
PrivateFrameworks/StoreUI : 709.0.58
PrivateFrameworks/SuggestionsSpotlightMetrics : 1008.201
PrivateFrameworks/Symbolication : 64510.153.1
PrivateFrameworks/SymptomDiagnosticReporter : 1227
PrivateFrameworks/SymptomReporter : 1227
PrivateFrameworks/Symptoms : 1227
PrivateFrameworks/SyncedDefaults : 308
PrivateFrameworks/SystemMigration : 2048
PrivateFrameworks/TVRemoteCore : 90
PrivateFrameworks/TimeSync : 800.11
PrivateFrameworks/Tourist : 1.0.63
PrivateFrameworks/UHASHelloExtensionPoint-macOS : 171
PrivateFrameworks/UIFoundation : 628
PrivateFrameworks/UIKitSystemAppServices : 171
PrivateFrameworks/URLFormatting : 114
PrivateFrameworks/USDKit : 21
PrivateFrameworks/UXKit : 101.10.175
PrivateFrameworks/UniversalAccess : 465
PrivateFrameworks/UsageTracking : 111
PrivateFrameworks/UserActivity : 347
PrivateFrameworks/VectorKit : 1572.20.6.20.2
PrivateFrameworks/VideoProcessing : 810
PrivateFrameworks/ViewBridge : 442
PrivateFrameworks/WatchdogClient : 65
PrivateFrameworks/WebDriver : 15608.1.31.1.2
PrivateFrameworks/WebInspector : 15608.1.31.1.2
PrivateFrameworks/WebInspectorUI : 15608.1.31.1.2
PrivateFrameworks/WorkflowKit : 1002
PrivateFrameworks/iCalendar : 800
PrivateFrameworks/iCloudDrive : 39.2
PrivateFrameworks/iCloudDriveCore : 39.2
PrivateFrameworks/ktrace : 351
PrivateFrameworks/perfdata : 50
CoreServices/AddPrinter : 569
CoreServices/AddressBookUrlForwarder : 2394
CoreServices/AirPlayUIAgent : 405.8
CoreServices/AppleScript Utility : 42
CoreServices/Automator Installer : 482
CoreServices/Bluetooth Setup Assistant : 7.0.0d97
CoreServices/BluetoothUIServer : 7.0.0d97
CoreServices/CoreLocationAgent : 2380
CoreServices/CoreServicesUIAgent : 326
CoreServices/DiskImageMounter : 555
CoreServices/Dock : 2019.1
CoreServices/Dwell Control : 271
CoreServices/Finder : 1280.1
CoreServices/HelpViewer : 374
CoreServices/Install Command Line Developer Tools : 2366
CoreServices/Install in Progress : 965.2
CoreServices/Installer Progress : 535.1
CoreServices/Installer : 954
CoreServices/Keychain Circle Notification : 59286.0.0.131.1
CoreServices/Language Chooser : 577
CoreServices/ManagedClient : 1242
CoreServices/NotificationCenter : 798
CoreServices/OBEXAgent : 7.0.0d97
CoreServices/PIPAgent : 101
CoreServices/Paired Devices : 180.4
CoreServices/Problem Reporter : 15004
CoreServices/RapportUIAgent : 180.4
CoreServices/Setup Assistant : 2460.1
CoreServices/Siri : 200.0.36
CoreServices/Software Update : 1272.5
CoreServices/Spotlight : 2047
CoreServices/StocksWidget : 22
CoreServices/SystemUIServer : 492
CoreServices/UIKitSystem : 171
CoreServices/UniversalAccessControl : 465
CoreServices/VoiceOver : 669
CoreServices/loginwindow : 1972
CoreServices/rcd : 360
CoreServices/screencaptureui : 246
Applications/Directory Utility : 425
Applications/Feedback Assistant : 404.1
Applications/Screen Sharing : 499.42
Frameworks/ContactsUI : 1030
Frameworks/MessageUI : 3564
Frameworks/MobileCoreServices : 1057.2
PrivateFrameworks/ActionKitUI : 
PrivateFrameworks/AppAnalytics : 12
PrivateFrameworks/BaseBoardUI : 451
PrivateFrameworks/DataDetectorsUI : 370
PrivateFrameworks/DocumentManager : 152
PrivateFrameworks/DocumentManagerCore : 152
PrivateFrameworks/FrontBoard : 604
PrivateFrameworks/Home : 343
PrivateFrameworks/HomeUI : 343
PrivateFrameworks/NewsAnalytics : 2260
PrivateFrameworks/NewsArticles : 2260
PrivateFrameworks/NewsCore : 2260
PrivateFrameworks/NewsFeed : 2260
PrivateFrameworks/NewsFeedLayout : 2260
PrivateFrameworks/NewsFoundation : 2260
PrivateFrameworks/NewsServicesInternal : 2260
PrivateFrameworks/NewsSubscription : 2260
PrivateFrameworks/NewsTransport : 2260
PrivateFrameworks/NewsUI : 2260
PrivateFrameworks/NewsUI2 : 2260
PrivateFrameworks/Silex : 2260
PrivateFrameworks/TSReading : 309
PrivateFrameworks/TSUtility : 309
PrivateFrameworks/TeaActivities : 29
PrivateFrameworks/TeaCharts : 29
PrivateFrameworks/TeaDB : 29
PrivateFrameworks/TeaFoundation : 29
PrivateFrameworks/TeaSettings : 29
PrivateFrameworks/TeaTemplate : 29
PrivateFrameworks/TeaUI : 29
PrivateFrameworks/TeaUIKit : 29
PrivateFrameworks/UHASHelloExtensionPoint-iOS : 171
PrivateFrameworks/WebCore : 15608.1.31.1.2
PrivateFrameworks/WebKitLegacy : 15608.1.31.1.2
