Applications/AppCleaner : 3.5
Applications/AppCode : 2017.2.6
Applications/Asset Catalog Tinkerer : 2.5.1
Applications/Bartender 3 : 3.0.47
Applications/Battle.net : 1.15.1.11347
Applications/BetterTouchTool : 2.340
Applications/Brightness Slider : 1.2.6
Applications/Cakebrew : 1.2.5
Applications/Coda 2 : 2.6.9
Applications/CodeKit : 3.6.1
Applications/Cyberduck : 6.9.4
Applications/Dark Boot : 6.1.0
Applications/Download Shuttle : 2.4
Applications/Firefox : 66.0.2
Applications/Flashlight : 1.1.0
Applications/GIPHY CAPTURE : 4.1
Applications/GarageBand : 10.3.2
Applications/Google Chrome Canary : 78.0.3887.0
Applications/Google Chrome : 76.0.3809.100
Applications/HSTracker : 1.6.3
Applications/HSTracker_launcher : 1.3
Applications/Hex Fiend : 2.9
Applications/HiddenMe : 2.3.4
Applications/IINA : 1.0.0
Applications/Image2Icon : 2.9.2
Applications/Impactor : 0.9.52
Applications/Keka : 1.1.17
Applications/Keynote : 9.1
Applications/LauncherX : 0.2.2
Applications/Lingon X : 6.0
Applications/MacForge : 0.10.1
Applications/Magnet : 2.4.4
Applications/Messenger : 0.1.13
Applications/Mousecape : 0.0.5
Applications/NibUnlocker : 0.1.1
Applications/Numbers : 6.1
Applications/Pacifist : 3.5.12
Applications/Pages : 8.1
Applications/Parallels Desktop : 14.1.3
Applications/PhotoScapeX : 3.0.3
Applications/Plex Media Server : 1.16.4
Applications/RB App Checker Lite : 1.1.5
Applications/Safari Technology Preview : 13.1
Applications/Safari : 13.0
Applications/Shifty : 0.2
Applications/Skype : 7.58
Applications/SpacesRenamer : 1.7.1
Applications/Spotify : 1.1.10.540.gfcf0430f
Applications/Sublime Text : Build 3207
Applications/Transmission : 2.94
Applications/TripMode : 2.0.1
Applications/Turtle Beach : 2.7.5
Applications/Vanilla : 1.1.1
Applications/Xcode-beta : 11.0
Applications/Xcode : 10.3
Applications/cDock : 1.2.0
Applications/iMovie : 10.1.12
Applications/iTunes Volume Control : 1.6.6
Applications/mySIMBL : 0.7.1
Applications/stts : 1.11
Utilities/Logitech Unifying Software : 1.2.315
Frameworks/AGL : 2496
Frameworks/AVFoundation : 6
Frameworks/AVKit : 3
Frameworks/Accelerate : 604
Frameworks/Accounts : 31
Frameworks/AdSupport : 611
Frameworks/AddressBook : 1
Frameworks/AppKit : 1
Frameworks/AppleScriptKit : 2217
Frameworks/AppleScriptObjC : 3585
Frameworks/ApplicationServices : 987
Frameworks/AudioToolbox : 67
Frameworks/AudioUnit : 15
Frameworks/AudioVideoBridging : 7
Frameworks/AuthenticationServices : 10
Frameworks/Automator : 10
Frameworks/BackgroundTasks : 9
Frameworks/BusinessChat : 1155
Frameworks/CFNetwork : 32
Frameworks/CalendarStore : 760
Frameworks/CallKit : 20
Frameworks/Carbon : 2266
Frameworks/CloudKit : 62
Frameworks/Cocoa : 9103
Frameworks/Collaboration : 2987
Frameworks/ColorSync : 31
Frameworks/Combine : 47
Frameworks/Contacts : 1
Frameworks/ContactsUI : 1
Frameworks/CoreAudio : 59
Frameworks/CoreAudioKit : 204
Frameworks/CoreAudioTypes : 67
Frameworks/CoreBluetooth : 296
Frameworks/CoreData : 13
Frameworks/CoreDisplay : 4
Frameworks/CoreFoundation : 44
Frameworks/CoreGraphics : 31
Frameworks/CoreHaptics : 30
Frameworks/CoreImage : 10
Frameworks/CoreLocation : 67
Frameworks/CoreMIDI : 497
Frameworks/CoreMIDIServer : 497
Frameworks/CoreML : 22
Frameworks/CoreMedia : 5
Frameworks/CoreMediaIO : 482
Frameworks/CoreMotion : 67
Frameworks/CoreServices : 146
Frameworks/CoreSpotlight : 8
Frameworks/CoreTelephony : 36
Frameworks/CoreText : 32
Frameworks/CoreVideo : 120
Frameworks/CoreWLAN : 9
Frameworks/CryptoKit : 150
Frameworks/CryptoTokenKit : 11
Frameworks/DVDPlayback : 17
Frameworks/DeviceCheck : 4937
Frameworks/DirectoryService : 405
Frameworks/DiscRecording : 112
Frameworks/DiscRecordingUI : 112
Frameworks/DiskArbitration : 5
Frameworks/DriverKit : 25
Frameworks/EventKit : 60
Frameworks/ExceptionHandling : 3815
Frameworks/ExecutionPolicy : 8
Frameworks/ExternalAccessory : 8
Frameworks/FWAUserLib : 16
Frameworks/FileProvider : 13
Frameworks/FileProviderUI : 150
Frameworks/FinderSync : 10
Frameworks/ForceFeedback : 2627
Frameworks/Foundation : 44
Frameworks/GLKit : 25
Frameworks/GLUT : 127
Frameworks/GSS : 12
Frameworks/GameController : 72
Frameworks/GameKit : 180
Frameworks/GameplayKit : 18
Frameworks/HIDDriverKit : 23
Frameworks/Hypervisor : 639
Frameworks/ICADevices : 1
Frameworks/IMServicePlugIn : 27
Frameworks/IOBluetooth : 7
Frameworks/IOBluetoothUI : 7
Frameworks/IOKit : 38
Frameworks/IOSurface : 836
Frameworks/IOUSBHost : 33
Frameworks/IdentityLookup : 20
Frameworks/ImageCaptureCore : 1
Frameworks/ImageIO : 31
Frameworks/InputMethodKit : 3
Frameworks/InstallerPlugins : 7
Frameworks/InstantMessage : 9757
Frameworks/Intents : 32
Frameworks/JavaFrameEmbedding : 646
Frameworks/JavaScriptCore : 33
Frameworks/JavaVM : 643
Frameworks/Kerberos : 219
Frameworks/Kernel : 2
Frameworks/LDAP : 52
Frameworks/LatentSemanticMapping : 1758
Frameworks/LinkPresentation : 20
Frameworks/LocalAuthentication : 77
Frameworks/MapKit : 38
Frameworks/MediaAccessibility : 67
Frameworks/MediaLibrary : 6
Frameworks/MediaPlayer : 7
Frameworks/MediaToolbox : 6
Frameworks/Message : 11452
Frameworks/Metal : 6
Frameworks/MetalKit : 3
Frameworks/MetalPerformanceShaders : 14
Frameworks/MetricKit : 47
Frameworks/ModelIO : 9
Frameworks/MultipeerConnectivity : 745
Frameworks/NaturalLanguage : 78
Frameworks/NetFS : 772
Frameworks/Network : 5
Frameworks/NetworkExtension : 24
Frameworks/NetworkingDriverKit : 213
Frameworks/NotificationCenter : 4
Frameworks/OSAKit : 4154
Frameworks/OSLog : 48
Frameworks/OpenAL : 158
Frameworks/OpenCL : 282
Frameworks/OpenDirectory : 405
Frameworks/OpenGL : 643
Frameworks/PCSC : 4
Frameworks/PDFKit : 17
Frameworks/PencilKit : 52
Frameworks/Photos : 9
Frameworks/PhotosUI : 13
Frameworks/PreferencePanes : 53
Frameworks/PushKit : 49
Frameworks/Python : 194
Frameworks/QTKit : 3
Frameworks/Quartz : 6428
Frameworks/QuartzCore : 35
Frameworks/QuickLook : 9
Frameworks/QuickLookThumbnailing : 7
Frameworks/RealityKit : 12
Frameworks/Ruby : 152
Frameworks/SafariServices : 10
Frameworks/SceneKit : 20
Frameworks/ScreenSaver : 3
Frameworks/ScriptingBridge : 1336
Frameworks/Security : 16
Frameworks/SecurityFoundation : 2312
Frameworks/SecurityInterface : 7
Frameworks/ServiceManagement : 25
Frameworks/Social : 134
Frameworks/SoundAnalysis : 319
Frameworks/Speech : 378
Frameworks/SpriteKit : 23
Frameworks/StoreKit : 20
Frameworks/SwiftUI : 38
Frameworks/SyncServices : 7717
Frameworks/System : 32777
Frameworks/SystemConfiguration : 23
Frameworks/SystemExtensions : 8
Frameworks/TWAIN : 3850
Frameworks/Tcl : 400
Frameworks/Tk : 400
Frameworks/USBDriverKit : 33
Frameworks/UserNotifications : 26
Frameworks/VideoDecodeAcceleration : 3924
Frameworks/VideoSubscriberAccount : 20
Frameworks/VideoToolbox : 5
Frameworks/Vision : 55
Frameworks/WebKit : 27
Frameworks/iTunesLibrary : 15
Frameworks/vecLib : 604
Frameworks/vmnet : 49
PrivateFrameworks/ACDEClient : 7035
PrivateFrameworks/AMPDevices : 13
PrivateFrameworks/AMPLibrary : 17
PrivateFrameworks/AMPSharing : 9
PrivateFrameworks/AOSAccounts : 11
PrivateFrameworks/AOSAccountsLite : 11
PrivateFrameworks/AOSKit : 132
PrivateFrameworks/AOSMigrate : 12373
PrivateFrameworks/AOSUI : 11
PrivateFrameworks/APFS : 23
PrivateFrameworks/APTransport : 6
PrivateFrameworks/AVConference : 153
PrivateFrameworks/AVFoundationCF : 13
PrivateFrameworks/AXCoreUtilities : 130
PrivateFrameworks/AXHearingCoreSupport : 2434
PrivateFrameworks/AXHearingSupport : 2434
PrivateFrameworks/AXMediaUtilities : 5
PrivateFrameworks/AXRuntime : 130
PrivateFrameworks/AccessibilityBundles : 4
PrivateFrameworks/AccessibilityPerformance : 12
PrivateFrameworks/AccessibilityPlatformTranslation : 28
PrivateFrameworks/AccessibilitySharedSupport : 28
PrivateFrameworks/AccessibilitySupport : 12
PrivateFrameworks/AccessoryNowPlaying : 20
PrivateFrameworks/AccountPolicy : 1907
PrivateFrameworks/AccountsDaemon : 31
PrivateFrameworks/AccountsUI : 31
PrivateFrameworks/ActionKit : 219
PrivateFrameworks/AdAnalytics : 13
PrivateFrameworks/AdCore : 2
PrivateFrameworks/AdID : 2
PrivateFrameworks/AdPlatforms : 2
PrivateFrameworks/AdPlatformsInternal : 2
PrivateFrameworks/AddressBookAutocomplete : 1
PrivateFrameworks/Admin : 6
PrivateFrameworks/AggregateDictionary : 15
PrivateFrameworks/AggregateDictionaryHistory : 15
PrivateFrameworks/AirPlayReceiver : 6
PrivateFrameworks/AirPlaySender : 6
PrivateFrameworks/AirPlaySupport : 6
PrivateFrameworks/AirTrafficHost : 143
PrivateFrameworks/AmbientDisplay : 6
PrivateFrameworks/AnnotationKit : 135
PrivateFrameworks/AppContainer : 5
PrivateFrameworks/AppSSO : 13
PrivateFrameworks/AppSSOCore : 13
PrivateFrameworks/AppSSOKerberos : 13
PrivateFrameworks/AppSSOUI : 13
PrivateFrameworks/AppSandbox : 5
PrivateFrameworks/AppServerSupport : 25
PrivateFrameworks/AppStoreDaemon : 172
PrivateFrameworks/AppStoreFoundation : 172
PrivateFrameworks/AppStoreKit : 28
PrivateFrameworks/AppStoreUI : 31
PrivateFrameworks/AppSupport : 2761
PrivateFrameworks/AppSupportUI : 654
PrivateFrameworks/Apple80211 : 5
PrivateFrameworks/AppleAccount : 59
PrivateFrameworks/AppleAppSupport : 6428
PrivateFrameworks/AppleFSCompression : 5839
PrivateFrameworks/AppleGVA : 1
PrivateFrameworks/AppleGVACore : 1
PrivateFrameworks/AppleIDAuthSupport : 18
PrivateFrameworks/AppleIDSSOAuthentication : 35
PrivateFrameworks/AppleJPEG : 130
PrivateFrameworks/AppleLDAP : 2612
PrivateFrameworks/AppleMediaServices : 47
PrivateFrameworks/AppleMediaServicesUI : 2
PrivateFrameworks/ApplePushService : 10
PrivateFrameworks/AppleSRP : 6519
PrivateFrameworks/AppleSauce : 1876
PrivateFrameworks/AppleScript : 3
PrivateFrameworks/AppleShareClientCore : 1553
PrivateFrameworks/AppleSystemInfo : 407
PrivateFrameworks/AppleVA : 1141
PrivateFrameworks/AppleVPA : 140
PrivateFrameworks/AskPermission : 155
PrivateFrameworks/AssertionServices : 17
PrivateFrameworks/AssetCacheServices : 371
PrivateFrameworks/AssetCacheServicesExtensions : 371
PrivateFrameworks/AssetsLibraryServices : 9
PrivateFrameworks/AssistantServices : 13
PrivateFrameworks/AssistiveControlSupport : 10
PrivateFrameworks/AttributeGraph : 454
PrivateFrameworks/AudioDSPManager : 22
PrivateFrameworks/AudioHistory : 22
PrivateFrameworks/AudioPasscode : 1723
PrivateFrameworks/AudioResourceArbitration : 30
PrivateFrameworks/AudioServerApplication : 526
PrivateFrameworks/AudioServerDriver : 526
PrivateFrameworks/AudioSession : 105
PrivateFrameworks/AudioToolboxCore : 67
PrivateFrameworks/AuthKit : 60
PrivateFrameworks/AuthKitUI : 48
PrivateFrameworks/AuthenticationServices : 10
PrivateFrameworks/AutoBugCaptureCore : 210
PrivateFrameworks/AutoLoop : 642
PrivateFrameworks/BackBoardServices : 50
PrivateFrameworks/BackgroundTaskManagement : 5
PrivateFrameworks/Backup : 10
PrivateFrameworks/BaseBoard : 26
PrivateFrameworks/BatteryUIKit : 3319
PrivateFrameworks/BehaviorMiner : 10
PrivateFrameworks/BezelServices : 130
PrivateFrameworks/BioKitAggD : 6218
PrivateFrameworks/BiometricKit : 75
PrivateFrameworks/BiometricKitUI : 30
PrivateFrameworks/BiometricSupport : 52
PrivateFrameworks/BluetoothAudio : 7
PrivateFrameworks/BluetoothManager : 296
PrivateFrameworks/BoardServices : 26
PrivateFrameworks/Bom : 964
PrivateFrameworks/BookCoverUtility : 10
PrivateFrameworks/BookKit : 10
PrivateFrameworks/BookKitFoundation : 10
PrivateFrameworks/BookUtility : 10
PrivateFrameworks/BridgeOSInstall : 82
PrivateFrameworks/BridgeOSInstallReporting : 82
PrivateFrameworks/BridgeOSObliteration : 296
PrivateFrameworks/BridgeOSSoftwareUpdate : 504
PrivateFrameworks/BridgeXPC : 582
PrivateFrameworks/BulkSymbolication : 15
PrivateFrameworks/ByteRangeLocking : 1506
PrivateFrameworks/C2 : 468
PrivateFrameworks/CDDataAccess : 19
PrivateFrameworks/CDDataAccessExpress : 19
PrivateFrameworks/CPMLBestShim : 3445
PrivateFrameworks/CSCSupport : 6
PrivateFrameworks/CacheDelete : 11
PrivateFrameworks/CalDAV : 171
PrivateFrameworks/Calculate : 3
PrivateFrameworks/CalendarAgent : 168
PrivateFrameworks/CalendarAgentLink : 315
PrivateFrameworks/CalendarDraw : 13
PrivateFrameworks/CalendarFoundation : 60
PrivateFrameworks/CalendarNotification : 42
PrivateFrameworks/CalendarPersistence : 3
PrivateFrameworks/CalendarUI : 3
PrivateFrameworks/CalendarUIKit : 60
PrivateFrameworks/CallHistory : 27
PrivateFrameworks/CameraImagingFramework : 3072
PrivateFrameworks/CaptiveNetwork : 5
PrivateFrameworks/CardKit : 21
PrivateFrameworks/CardServices : 21
PrivateFrameworks/Cards : 21
PrivateFrameworks/Catalyst : 1139
PrivateFrameworks/Categories : 47
PrivateFrameworks/CharacterPicker : 82
PrivateFrameworks/ChunkingLibrary : 1168
PrivateFrameworks/ClassKit : 15
PrivateFrameworks/ClassroomKit : 19
PrivateFrameworks/ClockMenuExtraPreferences : 71
PrivateFrameworks/CloudDocs : 4
PrivateFrameworks/CloudFamilyRestrictions : 320
PrivateFrameworks/CloudFamilyRestrictionsDaemon : 320
PrivateFrameworks/CloudKitCode : 57
PrivateFrameworks/CloudKitCodeProtobuf : 57
PrivateFrameworks/CloudKitDaemon : 52
PrivateFrameworks/CloudPhotoLibrary : 9
PrivateFrameworks/CloudPhotoServices : 9
PrivateFrameworks/CloudPhotoServicesConfiguration : 9
PrivateFrameworks/CloudServices : 21
PrivateFrameworks/Coherence : 2977
PrivateFrameworks/CombineCocoa : 47
PrivateFrameworks/CommerceKit : 31
PrivateFrameworks/CommonAuth : 12
PrivateFrameworks/CommonCandidateWindow : 9869
PrivateFrameworks/CommonUtilities : 150
PrivateFrameworks/CommunicationsFilter : 1445
PrivateFrameworks/ConditionInducer : 185
PrivateFrameworks/ConfigProfileHelper : 13
PrivateFrameworks/ConfigurationEngineModel : 47
PrivateFrameworks/ConfigurationProfiles : 13
PrivateFrameworks/ConfigurationProfilesUI : 5
PrivateFrameworks/ConsoleKit : 3
PrivateFrameworks/ConstantClasses : 1500
PrivateFrameworks/ContactsAgent : 359
PrivateFrameworks/ContactsAssistantServices : 2033
PrivateFrameworks/ContactsAutocomplete : 57
PrivateFrameworks/ContactsAutocompleteUI : 39
PrivateFrameworks/ContactsDonation : 3
PrivateFrameworks/ContactsDonationFeedback : 3
PrivateFrameworks/ContactsFoundation : 57
PrivateFrameworks/ContactsPersistence : 1
PrivateFrameworks/ContactsUICore : 9
PrivateFrameworks/ContentKit : 219
PrivateFrameworks/ContextKit : 429
PrivateFrameworks/ConversationKit : 16
PrivateFrameworks/CoreADI : 1706
PrivateFrameworks/CoreAUC : 195
PrivateFrameworks/CoreAVCHD : 1776
PrivateFrameworks/CoreAccessories : 20
PrivateFrameworks/CoreAnalytics : 199
PrivateFrameworks/CoreAppleCVA : 1255
PrivateFrameworks/CoreBrightness : 81
PrivateFrameworks/CoreCDP : 35
PrivateFrameworks/CoreCDPInternal : 35
PrivateFrameworks/CoreCDPUI : 35
PrivateFrameworks/CoreCapture : 42
PrivateFrameworks/CoreCaptureControl : 42
PrivateFrameworks/CoreCaptureDaemon : 42
PrivateFrameworks/CoreChart : 573
PrivateFrameworks/CoreChineseEngine : 9
PrivateFrameworks/CoreDAV : 10
PrivateFrameworks/CoreDaemon : 1007
PrivateFrameworks/CoreDuet : 11
PrivateFrameworks/CoreDuetContext : 11
PrivateFrameworks/CoreDuetDaemonProtocol : 11
PrivateFrameworks/CoreDuetDataModel : 11
PrivateFrameworks/CoreDuetDebugLogging : 11
PrivateFrameworks/CoreDuetStatistics : 11
PrivateFrameworks/CoreDuetSync : 11
PrivateFrameworks/CoreEmoji : 52
PrivateFrameworks/CoreFP : 3
PrivateFrameworks/CoreFollowUp : 24
PrivateFrameworks/CoreFollowUpUI : 24
PrivateFrameworks/CoreHAP : 28
PrivateFrameworks/CoreHandwriting : 6
PrivateFrameworks/CoreKE : 192
PrivateFrameworks/CoreKnowledge : 25
PrivateFrameworks/CoreLSKD : 3
PrivateFrameworks/CoreLSKDMSE : 589
PrivateFrameworks/CoreMLTestFramework : 20
PrivateFrameworks/CoreMaterial : 29
PrivateFrameworks/CoreMediaStream : 9
PrivateFrameworks/CoreNLP : 138
PrivateFrameworks/CoreNameParser : 350
PrivateFrameworks/CoreNavigation : 49
PrivateFrameworks/CoreOptimization : 3445
PrivateFrameworks/CorePDF : 1522
PrivateFrameworks/CoreParsec : 137
PrivateFrameworks/CorePhoneNumbers : 25
PrivateFrameworks/CorePrediction : 3445
PrivateFrameworks/CoreRE : 12
PrivateFrameworks/CoreRecents : 12
PrivateFrameworks/CoreRecognition : 67
PrivateFrameworks/CoreRoutine : 115
PrivateFrameworks/CoreSDB : 901
PrivateFrameworks/CoreSVG : 21
PrivateFrameworks/CoreServicesInternal : 17
PrivateFrameworks/CoreServicesStore : 14
PrivateFrameworks/CoreSpeech : 75
PrivateFrameworks/CoreSpotlightImportDaemon : 8
PrivateFrameworks/CoreSuggestions : 19
PrivateFrameworks/CoreSuggestionsInternals : 19
PrivateFrameworks/CoreSuggestionsML : 19
PrivateFrameworks/CoreSuggestionsUI : 19
PrivateFrameworks/CoreSymbolication : 376
PrivateFrameworks/CoreThemeDefinition : 26
PrivateFrameworks/CoreTime : 13
PrivateFrameworks/CoreUI : 38
PrivateFrameworks/CoreUtils : 235
PrivateFrameworks/CoreUtilsSwift : 2160
PrivateFrameworks/CoreWLANKit : 10
PrivateFrameworks/CoreWiFi : 141
PrivateFrameworks/CrashReporterSupport : 9
PrivateFrameworks/CreateML : 21
PrivateFrameworks/CryptoKitCBridging : 150
PrivateFrameworks/CryptoKitPrivate : 150
PrivateFrameworks/DAAPKit : 115
PrivateFrameworks/DASDaemon : 9
PrivateFrameworks/DCERPC : 1172
PrivateFrameworks/DCIMServices : 9
PrivateFrameworks/DFRBrightness : 81
PrivateFrameworks/DFRDisplay : 450
PrivateFrameworks/DFRFoundation : 1
PrivateFrameworks/DSExternalDisplay : 154
PrivateFrameworks/DTXConnectionServices : 172
PrivateFrameworks/DVD : 13221
PrivateFrameworks/DataDeliveryServices : 8246
PrivateFrameworks/DataDetectors : 4
PrivateFrameworks/DataDetectorsCore : 409
PrivateFrameworks/DataDetectorsNaturalLanguage : 147
PrivateFrameworks/DebugSymbols : 1596
PrivateFrameworks/DesktopServicesPriv : 10
PrivateFrameworks/DeviceCheckInternal : 4937
PrivateFrameworks/DeviceIdentity : 306
PrivateFrameworks/DeviceLink : 143
PrivateFrameworks/DeviceManagement : 47
PrivateFrameworks/DeviceToDeviceManager : 4583
PrivateFrameworks/DiagnosticExtensions : 251
PrivateFrameworks/DiagnosticLogCollection : 9
PrivateFrameworks/DifferentialPrivacy : 11
PrivateFrameworks/DigitalTouchShared : 2288
PrivateFrameworks/DirectoryEditor : 3
PrivateFrameworks/DirectoryServer : 9821
PrivateFrameworks/DiskImages : 883
PrivateFrameworks/DiskManagement : 7
PrivateFrameworks/DisplayServices : 244
PrivateFrameworks/DisplayTransportServices : 589
PrivateFrameworks/DistributedEvaluation : 24
PrivateFrameworks/DrawingKit : 135
PrivateFrameworks/DuetActivityScheduler : 9
PrivateFrameworks/DuetRecommendation : 11
PrivateFrameworks/DynamicDesktop : 22
PrivateFrameworks/EAFirmwareUpdater : 37
PrivateFrameworks/EAP8021X : 8
PrivateFrameworks/EFILogin : 5
PrivateFrameworks/EasyConfig : 235
PrivateFrameworks/Email : 9
PrivateFrameworks/EmailAddressing : 9
PrivateFrameworks/EmailCore : 9
PrivateFrameworks/EmailDaemon : 9
PrivateFrameworks/EmailFoundation : 9
PrivateFrameworks/EmbeddedAcousticRecognition : 24
PrivateFrameworks/EmbeddedOSInstall : 844
PrivateFrameworks/EmbeddedOSSupportHost : 47
PrivateFrameworks/EmbeddedSensingProtocols : 2527
PrivateFrameworks/EmojiFoundation : 1526
PrivateFrameworks/Engram : 9
PrivateFrameworks/Espresso : 22
PrivateFrameworks/ExchangeSync : 6
PrivateFrameworks/ExchangeWebServices : 604
PrivateFrameworks/ExpansionSlotSupport : 6
PrivateFrameworks/FMClient : 1552
PrivateFrameworks/FMCore : 23
PrivateFrameworks/FMCoreLite : 23
PrivateFrameworks/FMCoreUI : 322
PrivateFrameworks/FMF : 31
PrivateFrameworks/FMFCore : 34
PrivateFrameworks/FMFUI : 31
PrivateFrameworks/FMIPCore : 34
PrivateFrameworks/FMNetworking : 6
PrivateFrameworks/FTAWD : 9
PrivateFrameworks/FTClientServices : 9
PrivateFrameworks/FTServices : 9
PrivateFrameworks/FWAVC : 482
PrivateFrameworks/FaceCore : 1510
PrivateFrameworks/FamilyCircle : 35
PrivateFrameworks/FamilyCircleUI : 35
PrivateFrameworks/FamilyControls : 55
PrivateFrameworks/FamilyNotification : 35
PrivateFrameworks/FeatureFlagsSupport : 2252
PrivateFrameworks/FileProvider : 13
PrivateFrameworks/FileProviderDaemon : 5
PrivateFrameworks/FilesActionsUI : 150
PrivateFrameworks/FindMyDevice : 31
PrivateFrameworks/FindMyDeviceUI : 30
PrivateFrameworks/FindMyMac : 1324
PrivateFrameworks/FinderKit : 10
PrivateFrameworks/FlightUtilities : 35
PrivateFrameworks/FolderActionsKit : 487
PrivateFrameworks/FontServices : 2636
PrivateFrameworks/FoundInAppsPlugins : 52
PrivateFrameworks/FrontBoardServices : 78
PrivateFrameworks/Futhark : 17
PrivateFrameworks/GPUInfo : 10
PrivateFrameworks/GPURawCounter : 1585
PrivateFrameworks/GPUSupport : 643
PrivateFrameworks/GPUWrangler : 6
PrivateFrameworks/GameCenterFoundation : 180
PrivateFrameworks/GameCenterUI : 180
PrivateFrameworks/GameCenterUICore : 180
PrivateFrameworks/GameKitServices : 153
PrivateFrameworks/GenerationalStorage : 10
PrivateFrameworks/GeoKit : 448
PrivateFrameworks/GeoServices : 58
PrivateFrameworks/Geode : 13
PrivateFrameworks/GraphKit : 11682
PrivateFrameworks/GraphVisualizer : 2329
PrivateFrameworks/GraphicsServices : 26
PrivateFrameworks/HDAInterface : 268
PrivateFrameworks/HDRProcessing : 25
PrivateFrameworks/HID : 30
PrivateFrameworks/HIDAnalytics : 23
PrivateFrameworks/HIDDisplay : 23
PrivateFrameworks/HMFoundation : 8
PrivateFrameworks/HTTPServer : 338
PrivateFrameworks/HearingCore : 21
PrivateFrameworks/HearingUtilities : 21
PrivateFrameworks/HeimODAdmin : 2
PrivateFrameworks/Heimdal : 12
PrivateFrameworks/Helium : 98
PrivateFrameworks/HelloWorldMacHelper : 4
PrivateFrameworks/HelpData : 122
PrivateFrameworks/HomeAI : 20
PrivateFrameworks/HomeKit : 28
PrivateFrameworks/HomeKitBackingStore : 28
PrivateFrameworks/HomeKitDaemon : 28
PrivateFrameworks/IAP : 138
PrivateFrameworks/IASUtilities : 20
PrivateFrameworks/IDS : 9
PrivateFrameworks/IDSFoundation : 9
PrivateFrameworks/IDSHashPersistence : 32
PrivateFrameworks/IDSKVStore : 32
PrivateFrameworks/IDSSystemPreferencesSignIn : 9
PrivateFrameworks/IMAP : 9
PrivateFrameworks/IMAVCore : 6261
PrivateFrameworks/IMAssistantCore : 27
PrivateFrameworks/IMCore : 27
PrivateFrameworks/IMDMessageServices : 27
PrivateFrameworks/IMDPersistence : 27
PrivateFrameworks/IMDaemonCore : 27
PrivateFrameworks/IMFoundation : 9
PrivateFrameworks/IMSharedUI : 21
PrivateFrameworks/IMSharedUtilities : 27
PrivateFrameworks/IMTranscoderAgent : 27
PrivateFrameworks/IMTranscoding : 27
PrivateFrameworks/IMTransferAgent : 27
PrivateFrameworks/IMTransferServices : 9
PrivateFrameworks/IOAccelMemoryInfo : 6
PrivateFrameworks/IOAccelerator : 6
PrivateFrameworks/IOImageLoader : 1587
PrivateFrameworks/IOPlatformPluginFamily : 355
PrivateFrameworks/IOPresentment : 1605
PrivateFrameworks/ISSupport : 9688
PrivateFrameworks/IconServices : 66
PrivateFrameworks/IdleTimerServices : 1105
PrivateFrameworks/IncomingCallFilter : 1445
PrivateFrameworks/InertiaCam : 6
PrivateFrameworks/InputContext : 2395
PrivateFrameworks/InputTranscoder : 74
PrivateFrameworks/Install : 17
PrivateFrameworks/InstallerDiagnostics : 291
PrivateFrameworks/Intents : 32
PrivateFrameworks/IntentsCore : 32
PrivateFrameworks/IntentsFoundation : 32
PrivateFrameworks/IntentsServices : 32
PrivateFrameworks/InternationalSupport : 21
PrivateFrameworks/InternationalTextSearch : 1080
PrivateFrameworks/InternetAccounts : 112
PrivateFrameworks/IntlPreferences : 26
PrivateFrameworks/JavaApplicationLauncher : 646
PrivateFrameworks/JavaLaunching : 608
PrivateFrameworks/JavaScriptAppleEvents : 1179
PrivateFrameworks/JavaScriptOSA : 1578
PrivateFrameworks/Jet : 14
PrivateFrameworks/JetEngine : 33
PrivateFrameworks/JetUI : 639
PrivateFrameworks/KerberosHelper : 1740
PrivateFrameworks/KeyboardServices : 79
PrivateFrameworks/KeychainCircle : 16
PrivateFrameworks/KnowledgeGraphKit : 9
PrivateFrameworks/KnowledgeMonitor : 13
PrivateFrameworks/LanguageModeling : 25
PrivateFrameworks/Lexicon : 13
PrivateFrameworks/LibraryRepair : 206
PrivateFrameworks/LimitAdTracking : 2
PrivateFrameworks/LinguisticData : 22
PrivateFrameworks/LinkPresentation : 20
PrivateFrameworks/LocalAuthenticationRecoveryUI : 77
PrivateFrameworks/LocalAuthenticationUI : 77
PrivateFrameworks/LocationSupport : 67
PrivateFrameworks/LockoutUI : 254
PrivateFrameworks/LoggingSupport : 48
PrivateFrameworks/LoginUIKit : 191
PrivateFrameworks/Lookup : 13
PrivateFrameworks/MDSChannel : 1524
PrivateFrameworks/MFAAuthentication : 20
PrivateFrameworks/MFiAuthentication : 138
PrivateFrameworks/MLFoundation : 5
PrivateFrameworks/MMCS : 468
PrivateFrameworks/MMCSServices : 27
PrivateFrameworks/MTLCompiler : 6
PrivateFrameworks/MTLSimImplementation : 6
PrivateFrameworks/MachineSettings : 4173
PrivateFrameworks/Mail : 9
PrivateFrameworks/MailCore : 9
PrivateFrameworks/MailService : 9
PrivateFrameworks/MailSupport : 9
PrivateFrameworks/MailUI : 9
PrivateFrameworks/MailWebProcessSupport : 9
PrivateFrameworks/MallocStackLogging : 181
PrivateFrameworks/ManagedClient : 13
PrivateFrameworks/Mangrove : 3482
PrivateFrameworks/MapsSuggestions : 59
PrivateFrameworks/MapsSupport : 59
PrivateFrameworks/Marco : 9
PrivateFrameworks/MarkupUI : 135
PrivateFrameworks/MediaControlSender : 6
PrivateFrameworks/MediaConversionService : 9
PrivateFrameworks/MediaExperience : 5
PrivateFrameworks/MediaKit : 725
PrivateFrameworks/MediaMiningKit : 9
PrivateFrameworks/MediaRemote : 20
PrivateFrameworks/MediaServices : 15
PrivateFrameworks/MediaStream : 9
PrivateFrameworks/Memories : 13
PrivateFrameworks/MessageProtection : 14
PrivateFrameworks/MessageSecurity : 2409
PrivateFrameworks/MessageUIMacHelper : 9
PrivateFrameworks/MetadataUtilities : 8
PrivateFrameworks/MetalTools : 6
PrivateFrameworks/MetricKitCore : 47
PrivateFrameworks/MetricKitServices : 47
PrivateFrameworks/MetricKitSource : 47
PrivateFrameworks/MetricMeasurement : 47
PrivateFrameworks/MiniSoftwareUpdate : 637
PrivateFrameworks/MobileAccessoryUpdater : 127
PrivateFrameworks/MobileActivationMacOS : 306
PrivateFrameworks/MobileAsset : 13
PrivateFrameworks/MobileAssetUpdater : 37
PrivateFrameworks/MobileBluetooth : 296
PrivateFrameworks/MobileDevice : 143
PrivateFrameworks/MobileIcons : 66
PrivateFrameworks/MobileKeyBag : 63
PrivateFrameworks/Mondrian : 13
PrivateFrameworks/MonitorPanel : 6
PrivateFrameworks/Montreal : 19
PrivateFrameworks/MultitouchSupport : 7
PrivateFrameworks/MultiverseSupport : 1051
PrivateFrameworks/MusicLibrary : 15
PrivateFrameworks/NLP : 20
PrivateFrameworks/Navigation : 55
PrivateFrameworks/NearField : 19
PrivateFrameworks/NetAppsUtilities : 1688
PrivateFrameworks/NetAuth : 217
PrivateFrameworks/NetFSServer : 777
PrivateFrameworks/Netrb : 201
PrivateFrameworks/Network : 5
PrivateFrameworks/NetworkServiceProxy : 176
PrivateFrameworks/NetworkStatistics : 2142
PrivateFrameworks/NeutrinoCore : 9
PrivateFrameworks/NeutrinoKit : 9
PrivateFrameworks/Notes : 9
PrivateFrameworks/NotesShared : 9
PrivateFrameworks/NotesUI : 9
PrivateFrameworks/Noticeboard : 1452
PrivateFrameworks/NotificationCenterUI : 4
PrivateFrameworks/OAuth : 14288
PrivateFrameworks/OSAServicesClient : 157
PrivateFrameworks/OSASubmissionClient : 158
PrivateFrameworks/OSASyncProxyClient : 158
PrivateFrameworks/OSAnalytics : 157
PrivateFrameworks/OSAnalyticsPrivate : 158
PrivateFrameworks/OSD : 1327
PrivateFrameworks/OSInstaller : 2
PrivateFrameworks/OSPersonalization : 373
PrivateFrameworks/OSUpdate : 9
PrivateFrameworks/OTSVG : 32
PrivateFrameworks/OfficeImport : 6
PrivateFrameworks/OnBoardingKit : 84
PrivateFrameworks/OpenDirectoryConfig : 12517
PrivateFrameworks/OpenDirectoryConfigUI : 624
PrivateFrameworks/Osprey : 8
PrivateFrameworks/PAImaging : 13
PrivateFrameworks/PAImagingCore : 13
PrivateFrameworks/PASampling : 15
PrivateFrameworks/PDFKit : 17
PrivateFrameworks/PIP : 3
PrivateFrameworks/PSNormalizer : 17
PrivateFrameworks/PackageKit : 1
PrivateFrameworks/PacketFilter : 225
PrivateFrameworks/ParsecModel : 137
PrivateFrameworks/ParsecSubscriptionServiceSupport : 137
PrivateFrameworks/ParsecUI : 8
PrivateFrameworks/PassKit : 97
PrivateFrameworks/PassKitCore : 97
PrivateFrameworks/PassKitUI : 379
PrivateFrameworks/PassKitUIFoundation : 18
PrivateFrameworks/PasswordServer : 6842
PrivateFrameworks/PencilKit : 52
PrivateFrameworks/PeopleSuggester : 11
PrivateFrameworks/PerformanceAnalysis : 15
PrivateFrameworks/PersistentConnection : 21
PrivateFrameworks/PersonaKit : 1107
PrivateFrameworks/PersonaUI : 1107
PrivateFrameworks/PersonalizationPortrait : 52
PrivateFrameworks/PersonalizationPortraitInternals : 52
PrivateFrameworks/PhoneNumbers : 25
PrivateFrameworks/PhotoAnalysis : 9
PrivateFrameworks/PhotoFoundation : 9
PrivateFrameworks/PhotoImaging : 9
PrivateFrameworks/PhotoLibrary : 13
PrivateFrameworks/PhotoLibraryServices : 9
PrivateFrameworks/PhotoPrintProduct : 1121
PrivateFrameworks/PhotoVision : 9
PrivateFrameworks/PhotosFormats : 9
PrivateFrameworks/PhotosGraph : 9
PrivateFrameworks/PhotosImagingFoundation : 9
PrivateFrameworks/PhotosPlayer : 9
PrivateFrameworks/PhotosUICore : 13
PrivateFrameworks/PhysicsKit : 22
PrivateFrameworks/PipelineKit : 9
PrivateFrameworks/PlacesKit : 13
PrivateFrameworks/PlugInKit : 24
PrivateFrameworks/PodcastServices : 9
PrivateFrameworks/PowerLog : 8
PrivateFrameworks/PowerlogControl : 9
PrivateFrameworks/PowerlogCore : 9
PrivateFrameworks/PowerlogDatabaseReader : 9
PrivateFrameworks/PowerlogLiteOperators : 7
PrivateFrameworks/PreferencePanesSupport : 2
PrivateFrameworks/PrintKit : 135
PrivateFrameworks/PrintingPrivate : 141
PrivateFrameworks/PrivateFederatedLearning : 80
PrivateFrameworks/ProVideo : 99
PrivateFrameworks/ProactiveEventTracker : 36
PrivateFrameworks/ProactiveExperiments : 19
PrivateFrameworks/ProactiveExperimentsInternals : 19
PrivateFrameworks/ProactiveML : 19
PrivateFrameworks/ProactiveSupport : 36
PrivateFrameworks/ProactiveSupportStubs : 36
PrivateFrameworks/ProofReader : 129
PrivateFrameworks/ProtectedCloudStorage : 123
PrivateFrameworks/ProtocolBuffer : 230
PrivateFrameworks/PrototypeTools : 1108
PrivateFrameworks/QLCharts : 6
PrivateFrameworks/Quagga : 441
PrivateFrameworks/QuickLookIosmac : 9
PrivateFrameworks/QuickLookNonBaseSystem : 9
PrivateFrameworks/QuickLookSupport : 7
PrivateFrameworks/QuickLookThumbnailing : 7
PrivateFrameworks/QuickLookUIIosmac : 9
PrivateFrameworks/ROCKit : 1944
PrivateFrameworks/RTCReporting : 47
PrivateFrameworks/RTTUI : 21
PrivateFrameworks/RTTUtilities : 21
PrivateFrameworks/Rapport : 27
PrivateFrameworks/RapportUI : 27
PrivateFrameworks/ReminderKit : 19
PrivateFrameworks/ReminderKitUI : 19
PrivateFrameworks/ReminderMigration : 29
PrivateFrameworks/RemoteConfiguration : 1063
PrivateFrameworks/RemoteCoreML : 2987
PrivateFrameworks/RemoteServiceDiscovery : 26
PrivateFrameworks/RemoteTextInput : 202
PrivateFrameworks/RemoteViewServices : 3
PrivateFrameworks/RemoteXPC : 26
PrivateFrameworks/RenderBox : 400
PrivateFrameworks/ReplayKitMacHelper : 34
PrivateFrameworks/ResponseKit : 13
PrivateFrameworks/Restore : 5
PrivateFrameworks/Reveal : 79
PrivateFrameworks/RevealCore : 79
PrivateFrameworks/RunningBoard : 17
PrivateFrameworks/RunningBoardServices : 17
PrivateFrameworks/SAObjects : 45
PrivateFrameworks/SCEP : 629
PrivateFrameworks/SDAPI : 2350
PrivateFrameworks/SMBClient : 33
PrivateFrameworks/SMBClientEngine : 5
PrivateFrameworks/SPFinder : 7
PrivateFrameworks/SPOwner : 7
PrivateFrameworks/SPShared : 6
PrivateFrameworks/SPSupport : 147
PrivateFrameworks/Safari : 11
PrivateFrameworks/SafariCore : 10
PrivateFrameworks/SafariFoundation : 10
PrivateFrameworks/SafariPlatformSupport : 11
PrivateFrameworks/SafariSafeBrowsing : 21
PrivateFrameworks/SafariShared : 10
PrivateFrameworks/SafeEjectGPU : 3
PrivateFrameworks/SampleAnalysis : 15
PrivateFrameworks/ScreenReader : 11
PrivateFrameworks/ScreenReaderCore : 11
PrivateFrameworks/ScreenSharing : 2
PrivateFrameworks/ScreenTimeCore : 52
PrivateFrameworks/ScreenTimeServiceUI : 52
PrivateFrameworks/ScreenTimeUI : 52
PrivateFrameworks/SearchAds : 2
PrivateFrameworks/SearchFoundation : 137
PrivateFrameworks/SearchUI : 54
PrivateFrameworks/SearchUICardKitProviderSupport : 16
PrivateFrameworks/SecCodeWrapper : 5
PrivateFrameworks/SecureChannel : 551
PrivateFrameworks/SecurityTokend : 2205
PrivateFrameworks/Seeding : 164
PrivateFrameworks/SemanticDocumentManagement : 1380
PrivateFrameworks/SensingProtocols : 2527
PrivateFrameworks/Sentry : 13
PrivateFrameworks/ServerCompatibility : 1782
PrivateFrameworks/ServerInformation : 6
PrivateFrameworks/SetupAssistantFramework : 129
PrivateFrameworks/SetupAssistantSupport : 700
PrivateFrameworks/ShareKit : 10
PrivateFrameworks/SharePointManagement : 5
PrivateFrameworks/ShareServicesCore : 13
PrivateFrameworks/ShareSheet : 4
PrivateFrameworks/SharedWebCredentials : 316
PrivateFrameworks/Sharing : 12
PrivateFrameworks/SharingXPCServices : 12
PrivateFrameworks/Shortcut : 273
PrivateFrameworks/SidecarCore : 15
PrivateFrameworks/SidecarUI : 15
PrivateFrameworks/SignpostCollection : 641
PrivateFrameworks/SignpostMetrics : 641
PrivateFrameworks/SignpostNotification : 145
PrivateFrameworks/SignpostSupport : 641
PrivateFrameworks/SiriClientFlow : 31
PrivateFrameworks/SiriCore : 12
PrivateFrameworks/SiriFoundation : 4
PrivateFrameworks/SiriInstrumentation : 13
PrivateFrameworks/SiriTTS : 3
PrivateFrameworks/SiriTasks : 13
PrivateFrameworks/SiriUI : 4
PrivateFrameworks/SiriVOX : 12
PrivateFrameworks/SkyLight : 1
PrivateFrameworks/Slideshows : 3
PrivateFrameworks/SocialAppsCore : 1
PrivateFrameworks/SocialServices : 80
PrivateFrameworks/SocialUI : 1
PrivateFrameworks/SoftwareUpdate : 9
PrivateFrameworks/SpanMatcher : 12
PrivateFrameworks/SpeechDictionary : 1346
PrivateFrameworks/SpeechObjects : 7
PrivateFrameworks/SpeechRecognitionCommandServices : 34
PrivateFrameworks/SpeechRecognitionCore : 7
PrivateFrameworks/Spotlight : 8
PrivateFrameworks/SpotlightDaemon : 8
PrivateFrameworks/SpotlightIndex : 8
PrivateFrameworks/SpotlightReceiver : 8
PrivateFrameworks/SpotlightServerKit : 8
PrivateFrameworks/SpotlightServices : 8
PrivateFrameworks/StatsKit : 4244
PrivateFrameworks/StorageKit : 42
PrivateFrameworks/StorageManagement : 3
PrivateFrameworks/StoreFoundation : 31
PrivateFrameworks/StoreJavaScript : 31
PrivateFrameworks/StoreServices : 1410
PrivateFrameworks/StoreUI : 31
PrivateFrameworks/StreamingZip : 299
PrivateFrameworks/Suggestions : 574
PrivateFrameworks/SuggestionsSpotlightMetrics : 19
PrivateFrameworks/Symbolication : 181
PrivateFrameworks/SymptomDiagnosticReporter : 209
PrivateFrameworks/SymptomReporter : 210
PrivateFrameworks/Symptoms : 210
PrivateFrameworks/SyncServicesUI : 7717
PrivateFrameworks/SyncedDefaults : 15
PrivateFrameworks/SystemAdministration : 6
PrivateFrameworks/SystemAdministrationInterface : 110
PrivateFrameworks/SystemMigration : 32
PrivateFrameworks/SystemMigrationNetworking : 32
PrivateFrameworks/SystemMigrationUtils : 32
PrivateFrameworks/SystemPolicy : 8
PrivateFrameworks/SystemUIPlugin : 4186
PrivateFrameworks/TCC : 11
PrivateFrameworks/TTYUtilities : 2434
PrivateFrameworks/TVRemoteCore : 11
PrivateFrameworks/TelephonyUtilities : 26
PrivateFrameworks/TemplateKit : 54
PrivateFrameworks/TextInput : 79
PrivateFrameworks/TextInputCore : 79
PrivateFrameworks/TextInputMenuUI : 2
PrivateFrameworks/TextRecognition : 67
PrivateFrameworks/TextToSpeech : 49
PrivateFrameworks/TextureIO : 1882
PrivateFrameworks/TimeMachine : 13
PrivateFrameworks/TimeSync : 7
PrivateFrameworks/ToneKit : 47
PrivateFrameworks/ToneLibrary : 47
PrivateFrameworks/Tourist : 9
PrivateFrameworks/Transparency : 19
PrivateFrameworks/TransparencyDetailsViewMac : 2
PrivateFrameworks/TrustEvaluationAgent : 2137
PrivateFrameworks/TrustedPeers : 16
PrivateFrameworks/TuriCore : 7
PrivateFrameworks/UAUPlugin : 162
PrivateFrameworks/UHASHelloExtensionPoint-macOS : 4
PrivateFrameworks/UIFoundation : 47
PrivateFrameworks/UIKitMacHelper : 80
PrivateFrameworks/UIKitSystemAppServices : 4
PrivateFrameworks/UIRecording : 462
PrivateFrameworks/URLFormatting : 20
PrivateFrameworks/USDKit : 10
PrivateFrameworks/UXKit : 9
PrivateFrameworks/Uninstall : 3167
PrivateFrameworks/UniversalAccess : 10
PrivateFrameworks/UsageTracking : 21
PrivateFrameworks/UserActivity : 77
PrivateFrameworks/UserManagement : 13
PrivateFrameworks/VCXMPP : 10688
PrivateFrameworks/VectorKit : 56
PrivateFrameworks/VideoConference : 346
PrivateFrameworks/VideoProcessing : 97
PrivateFrameworks/ViewBridge : 6
PrivateFrameworks/VisionKit : 13
PrivateFrameworks/VisualPairing : 3027
PrivateFrameworks/VisualTestKit : 149
PrivateFrameworks/VoiceShortcutClient : 219
PrivateFrameworks/VoiceShortcuts : 219
PrivateFrameworks/VoiceTrigger : 660
PrivateFrameworks/WPDaemon : 22
PrivateFrameworks/WatchdogClient : 125
PrivateFrameworks/WeatherFoundation : 26
PrivateFrameworks/WeatherKit : 765
PrivateFrameworks/WebContentAnalysis : 655
PrivateFrameworks/WebDriver : 11
PrivateFrameworks/WebFilterDNS : 655
PrivateFrameworks/WebInspector : 30
PrivateFrameworks/WebInspectorUI : 9
PrivateFrameworks/WiFiCloudSyncEngine : 3
PrivateFrameworks/WiFiPeerToPeer : 1094
PrivateFrameworks/WiFiPolicy : 5
PrivateFrameworks/WiFiVelocity : 52
PrivateFrameworks/WirelessCoexManager : 9
PrivateFrameworks/WirelessDiagnostics : 1100
PrivateFrameworks/WirelessProximity : 22
PrivateFrameworks/WorkflowKit : 219
PrivateFrameworks/XARTRecovery : 108
PrivateFrameworks/XCTAutomationSupport : 1163
PrivateFrameworks/XCTTargetBootstrap : 1163
PrivateFrameworks/XPCService : 8389
PrivateFrameworks/XQuery : 3398
PrivateFrameworks/XprotectFramework : 5
PrivateFrameworks/acfs : 634
PrivateFrameworks/caulk : 22
PrivateFrameworks/iAdCore : 13
PrivateFrameworks/iAdServices : 13
PrivateFrameworks/iCalendar : 464
PrivateFrameworks/iCloudDrive : 13
PrivateFrameworks/iCloudDriveCore : 13
PrivateFrameworks/iLifeMediaBrowser : 6
PrivateFrameworks/iPod : 4167
PrivateFrameworks/iPodSync : 463
PrivateFrameworks/iPodUpdater : 448
PrivateFrameworks/iWorkXPC : 1206
PrivateFrameworks/kperf : 3425
PrivateFrameworks/kperfdata : 3425
PrivateFrameworks/ktrace : 72
PrivateFrameworks/login : 582
PrivateFrameworks/nt : 7
PrivateFrameworks/oncrpc : 49
PrivateFrameworks/vCard : 1
PrivateFrameworks/yara : 5
PrivateFrameworks/zudp : 5474
CoreServices/AddPrinter : 15
CoreServices/AddressBookUrlForwarder : 11.0
CoreServices/AirPlayUIAgent : 2.0
CoreServices/AirPort Base Station Agent : 2.2.1
CoreServices/AppleFileServer : 2.1
CoreServices/AppleScript Utility : 1.1.2
CoreServices/Automator Installer : 2.10
CoreServices/Bluetooth Setup Assistant : 7.0.0
CoreServices/BluetoothUIServer : 7.0.0
CoreServices/CalendarFileHandler : 8.0
CoreServices/Certificate Assistant : 5.0
CoreServices/Dock : 1.8
CoreServices/Finder : 10.15
CoreServices/HelpViewer : 6.0
CoreServices/Install in Progress : 3.0
CoreServices/Installer : 6.2.0
CoreServices/KeyboardSetupAssistant : 10.7
CoreServices/ManagedClient : 12.0
CoreServices/Memory Slot Utility : 1.5.3
CoreServices/OBEXAgent : 7.0.0
CoreServices/ODSAgent : 1.8
CoreServices/Paired Devices : 1.8
CoreServices/Photo Library Migration Utility : 2.0
CoreServices/Problem Reporter : 10.13
CoreServices/RapportUIAgent : 1.8
CoreServices/ReportPanic : 10.13
CoreServices/ScriptMonitor : 1.0.1
CoreServices/Setup Assistant : 10.10
CoreServices/Software Update : 6
CoreServices/SystemUIServer : 1.7
CoreServices/TextInputSwitcher : 1.1
CoreServices/UniversalAccessControl : 7.0
CoreServices/UserNotificationCenter : 3.3.0
CoreServices/VoiceOver : 10
CoreServices/WiFiAgent : 13.0
CoreServices/loginwindow : 9.0
Applications/Archive Utility : 10.15
Applications/DVD Player : 6.0
Applications/Directory Utility : 6.0
Applications/Feedback Assistant : 4.6
Applications/Folder Actions Setup : 1.2
Applications/Network Utility : 1.9.2
Applications/Screen Sharing : 1.7.2
Applications/Ticket Viewer : 4.1
Frameworks/AVKit : 62
Frameworks/AuthenticationServices : 19
Frameworks/BusinessChat : 964
Frameworks/ContactsUI : 31
Frameworks/CoreAudioKit : 95
Frameworks/CoreNFC : 11
Frameworks/EventKitUI : 22
Frameworks/GameController : 54
Frameworks/GameKit : 51
Frameworks/GameplayKit : 103
Frameworks/HealthKit : 28
Frameworks/HealthKitUI : 28
Frameworks/IdentityLookupUI : 16
Frameworks/IntentsUI : 23
Frameworks/JavaScriptCore : 17
Frameworks/LinkPresentation : 18
Frameworks/MapKit : 60
Frameworks/MediaPlayer : 12
Frameworks/MessageUI : 9
Frameworks/MetalKit : 28
Frameworks/MobileCoreServices : 51
Frameworks/MultipeerConnectivity : 499
Frameworks/PDFKit : 17
Frameworks/PassKit : 45
Frameworks/PencilKit : 26
Frameworks/PhotosUI : 19
Frameworks/QuickLook : 46
Frameworks/RealityKit : 15
Frameworks/ReplayKit : 34
Frameworks/SafariServices : 21
Frameworks/SceneKit : 55
Frameworks/Social : 57
Frameworks/SpriteKit : 47
Frameworks/StoreKit : 138
Frameworks/SwiftUI : 56
Frameworks/UIKit : 173
Frameworks/VisionKit : 82
Frameworks/WatchConnectivity : 724
Frameworks/WebKit : 21
Frameworks/iAd : 13
PrivateFrameworks/AVKitMacHelper : 62
PrivateFrameworks/Accessibility : 38
PrivateFrameworks/AccessibilityUtilities : 38
PrivateFrameworks/ActionKit : 62
PrivateFrameworks/ActionKitUI : 6
PrivateFrameworks/ActivityRingsUI : 40
PrivateFrameworks/AddressBookLegacy : 48
PrivateFrameworks/AnnotationKit : 54
PrivateFrameworks/AppAnalytics : 233
PrivateFrameworks/AppSupportUI : 455
PrivateFrameworks/AppleMediaServicesUI : 69
PrivateFrameworks/AuthKitUI : 22
PrivateFrameworks/AuthKitUIMacHelper : 22
PrivateFrameworks/BaseBoardUI : 21
PrivateFrameworks/CalendarUIKit : 21
PrivateFrameworks/ClassroomKit : 23
PrivateFrameworks/ContactsAutocompleteUI : 31
PrivateFrameworks/ContentKit : 62
PrivateFrameworks/CorePDF : 561
PrivateFrameworks/CoreRecognition : 32
PrivateFrameworks/CoreSuggestionsUI : 29
PrivateFrameworks/DataDetectorsUI : 25
PrivateFrameworks/DocumentManager : 17
PrivateFrameworks/DocumentManagerCore : 17
PrivateFrameworks/EmojiKit : 1581
PrivateFrameworks/FMCoreUI : 447
PrivateFrameworks/FMNetworking : 16
PrivateFrameworks/FrontBoard : 78
PrivateFrameworks/GameCenterUI : 25
PrivateFrameworks/Home : 19
PrivateFrameworks/HomeKit : 16
PrivateFrameworks/HomeUI : 19
PrivateFrameworks/IMAssistantCore : 21
PrivateFrameworks/IMCore : 21
PrivateFrameworks/IMDPersistence : 21
PrivateFrameworks/IMSharedUtilities : 21
PrivateFrameworks/IMTranscoding : 21
PrivateFrameworks/IntlPreferences : 16
PrivateFrameworks/Jet : 90
PrivateFrameworks/ManagedConfiguration : 100
PrivateFrameworks/MarkupUI : 54
PrivateFrameworks/MediaPlaybackCore : 12
PrivateFrameworks/MobileTimer : 10
PrivateFrameworks/MobileTimerUI : 10
PrivateFrameworks/NanoRegistry : 359
PrivateFrameworks/NetAppsUtilitiesUI : 1688
PrivateFrameworks/NewsAnalytics : 16
PrivateFrameworks/NewsAnalyticsUpload : 16
PrivateFrameworks/NewsArticles : 16
PrivateFrameworks/NewsCore : 16
PrivateFrameworks/NewsDaemon : 16
PrivateFrameworks/NewsFeed : 16
PrivateFrameworks/NewsFeedLayout : 16
PrivateFrameworks/NewsFoundation : 16
PrivateFrameworks/NewsServicesInternal : 16
PrivateFrameworks/NewsSubscription : 16
PrivateFrameworks/NewsTransport : 16
PrivateFrameworks/NewsUI : 16
PrivateFrameworks/NewsUI2 : 16
PrivateFrameworks/OnBoardingKit : 46
PrivateFrameworks/PassKitUIFoundation : 14
PrivateFrameworks/PencilKit : 26
PrivateFrameworks/PersonaUI : 487
PrivateFrameworks/PhotoLibrary : 19
PrivateFrameworks/PhotosPlayer : 19
PrivateFrameworks/PhotosUICore : 19
PrivateFrameworks/RTTUI : 14
PrivateFrameworks/RapportUI : 18
PrivateFrameworks/SPShared : 16
PrivateFrameworks/SafariShared : 19
PrivateFrameworks/Silex : 16
PrivateFrameworks/SilexText : 16
PrivateFrameworks/SilexVideo : 16
PrivateFrameworks/SocialServices : 52
PrivateFrameworks/Stocks : 108
PrivateFrameworks/TSReading : 5
PrivateFrameworks/TSUtility : 5
PrivateFrameworks/TeaActivities : 17
PrivateFrameworks/TeaCharts : 17
PrivateFrameworks/TeaDB : 17
PrivateFrameworks/TeaFoundation : 17
PrivateFrameworks/TeaSettings : 17
PrivateFrameworks/TeaTemplate : 17
PrivateFrameworks/TeaUI : 17
PrivateFrameworks/TeaUIKit : 17
PrivateFrameworks/TelephonyUI : 17
PrivateFrameworks/TransparencyDetailsView : 2
PrivateFrameworks/UHASHelloExtensionPoint-iOS : 4
PrivateFrameworks/UIAccessibility : 38
PrivateFrameworks/UIKitCore : 80
PrivateFrameworks/UIKitMacHelper : 80
PrivateFrameworks/UIKitServices : 69
PrivateFrameworks/UserNotificationsExtensionPoint : 1
PrivateFrameworks/VisualAlert : 38
PrivateFrameworks/VisualPairing : 1120
PrivateFrameworks/VoiceMemos : 38
PrivateFrameworks/VoiceShortcutClient : 62
PrivateFrameworks/VoiceShortcuts : 62
PrivateFrameworks/VoiceShortcutsUI : 6
PrivateFrameworks/Weather : 4171
PrivateFrameworks/WeatherFoundation : 17
PrivateFrameworks/WebCore : 17
PrivateFrameworks/WebInspector : 19
PrivateFrameworks/WebKitLegacy : 21
PrivateFrameworks/WebUI : 21
PrivateFrameworks/WorkflowKit : 62
PrivateFrameworks/WorkflowUI : 6
PrivateFrameworks/AppSSO : 13
