Applications/Google Chrome Canary : 3928.3
Applications/Keynote : 6520
Applications/MacForge : 1855
Applications/Numbers : 6520
Applications/Pages : 6520
Applications/Safari : 15608.2.11.1.9
Applications/SlowQuitApps : 1
Applications/Sublime Text : 3211
Applications/cDock : 6177
Applications/Mail : 3594.4.18
Applications/News : 2309.4
Applications/Photos : 101.15.190
Applications/Podcasts : 1410.53
Frameworks/Accounts : 4
Frameworks/AddressBook : 16
Frameworks/AppKit : 9
Frameworks/ApplicationServices : 1695
Frameworks/AuthenticationServices : 7
Frameworks/Carbon : 3013
Frameworks/Cocoa : 9930
Frameworks/Contacts : 77
Frameworks/CoreDisplay : 12
Frameworks/CoreFoundation : 43
Frameworks/CoreMediaIO : 387
Frameworks/CoreServices : 95
Frameworks/CoreSpotlight : 3
Frameworks/DiscRecording : 429
Frameworks/DiscRecordingUI : 429
Frameworks/FinderSync : 27
Frameworks/Foundation : 43
Frameworks/GameKit : 182
Frameworks/HIDDriverKit : 22
Frameworks/Hypervisor : 985
Frameworks/IOUSBHost : 67
Frameworks/Kernel : 4
Frameworks/NetworkingDriverKit : 751
Frameworks/PhotosUI : 3
Frameworks/Quartz : 7040
Frameworks/QuartzCore : 3
Frameworks/QuickLook : 6
Frameworks/System : 54410
Frameworks/USBDriverKit : 67
Frameworks/WebKit : 13
Frameworks/iTunesLibrary : 24
PrivateFrameworks/AMPDevices : 24
PrivateFrameworks/AMPLibrary : 29
PrivateFrameworks/AMPSharing : 17
PrivateFrameworks/AOSUI : 188
PrivateFrameworks/AccountsDaemon : 4
PrivateFrameworks/AddressBookCore : 16
PrivateFrameworks/AirTrafficHost : 17
PrivateFrameworks/AppStoreUI : 21
PrivateFrameworks/AppleAppSupport : 7040
PrivateFrameworks/AppleMediaServices : 55
PrivateFrameworks/AuthenticationServices : 7
PrivateFrameworks/Backup : 27
PrivateFrameworks/BridgeOSSoftwareUpdate : 1186
PrivateFrameworks/CloudDocs : 7
PrivateFrameworks/CloudDocsDaemon : 7
PrivateFrameworks/CommerceKit : 21
PrivateFrameworks/ContactsPersistence : 76
PrivateFrameworks/CoreAnalytics : 1604
PrivateFrameworks/CoreBrightness : 79
PrivateFrameworks/CoreCapture : 92
PrivateFrameworks/CoreCaptureControl : 92
PrivateFrameworks/CoreCaptureDaemon : 92
PrivateFrameworks/CoreDuet : 4
PrivateFrameworks/CoreDuetContext : 4
PrivateFrameworks/CoreDuetDaemonProtocol : 4
PrivateFrameworks/CoreDuetDataModel : 4
PrivateFrameworks/CoreDuetDebugLogging : 4
PrivateFrameworks/CoreDuetStatistics : 4
PrivateFrameworks/CoreDuetSync : 4
PrivateFrameworks/CoreSpotlightImportDaemon : 3
PrivateFrameworks/CoreSymbolication : 292
PrivateFrameworks/DFRBrightness : 79
PrivateFrameworks/DeviceLink : 17
PrivateFrameworks/DisplayServices : 131
PrivateFrameworks/DuetRecommendation : 4
PrivateFrameworks/DynamicDesktop : 8
PrivateFrameworks/Email : 2
PrivateFrameworks/EmailAddressing : 2
PrivateFrameworks/EmailCore : 2
PrivateFrameworks/EmailDaemon : 2
PrivateFrameworks/EmailFoundation : 2
PrivateFrameworks/EmbeddedOSInstall : 1147
PrivateFrameworks/FWAVC : 387
PrivateFrameworks/FinderKit : 28
PrivateFrameworks/FinderSyncPriv : 27
PrivateFrameworks/GPUInfo : 31
PrivateFrameworks/GPUWrangler : 2
PrivateFrameworks/GameCenterFoundation : 182
PrivateFrameworks/GameCenterUI : 182
PrivateFrameworks/GameCenterUICore : 182
PrivateFrameworks/Geode : 3
PrivateFrameworks/HID : 46
PrivateFrameworks/HIDAnalytics : 22
PrivateFrameworks/HIDDisplay : 22
PrivateFrameworks/IASUtilities : 104
PrivateFrameworks/IMAP : 2
PrivateFrameworks/IOImageLoader : 1799
PrivateFrameworks/IOPlatformPluginFamily : 497
PrivateFrameworks/IconServices : 16
PrivateFrameworks/KnowledgeGraphKit : 3
PrivateFrameworks/Mail : 2
PrivateFrameworks/MailCore : 2
PrivateFrameworks/MailService : 2
PrivateFrameworks/MailSupport : 2
PrivateFrameworks/MailUI : 2
PrivateFrameworks/MailWebProcessSupport : 2
PrivateFrameworks/MediaMiningKit : 3
PrivateFrameworks/MessageUIMacHelper : 2
PrivateFrameworks/MessagesHelperKit : 143
PrivateFrameworks/MessagesKit : 143
PrivateFrameworks/MetadataUtilities : 3
PrivateFrameworks/MobileAccessoryUpdater : 86
PrivateFrameworks/MobileDevice : 17
PrivateFrameworks/MobileIcons : 16
PrivateFrameworks/Mondrian : 3
PrivateFrameworks/MultiverseSupport : 1624
PrivateFrameworks/OSPersonalization : 247
PrivateFrameworks/PAImaging : 3
PrivateFrameworks/PAImagingCore : 3
PrivateFrameworks/ParsecUI : 3
PrivateFrameworks/PassKit : 74
PrivateFrameworks/PassKitCore : 74
PrivateFrameworks/PeopleSuggester : 4
PrivateFrameworks/PhotoAnalysis : 3
PrivateFrameworks/PhotoLibrary : 3
PrivateFrameworks/PhotosGraph : 3
PrivateFrameworks/PhotosUICore : 3
PrivateFrameworks/PipelineKit : 3
PrivateFrameworks/PlacesKit : 3
PrivateFrameworks/PodcastServices : 2
PrivateFrameworks/QuickLookIosmac : 6
PrivateFrameworks/QuickLookNonBaseSystem : 6
PrivateFrameworks/QuickLookUIIosmac : 6
PrivateFrameworks/RTCReporting : 2
PrivateFrameworks/SafariCore : 7
PrivateFrameworks/SafariFoundation : 7
PrivateFrameworks/SafariSafeBrowsing : 7
PrivateFrameworks/SafariShared : 7
PrivateFrameworks/ScreenTimeCore : 9
PrivateFrameworks/ScreenTimeServiceUI : 9
PrivateFrameworks/ScreenTimeUI : 9
PrivateFrameworks/SetupAssistantFramework : 17
PrivateFrameworks/ShareServicesCore : 3
PrivateFrameworks/SkyLight : 3
PrivateFrameworks/SocialAppsCore : 143
PrivateFrameworks/SocialUI : 143
PrivateFrameworks/Spotlight : 3
PrivateFrameworks/SpotlightDaemon : 3
PrivateFrameworks/SpotlightIndex : 3
PrivateFrameworks/SpotlightReceiver : 3
PrivateFrameworks/SpotlightServerKit : 3
PrivateFrameworks/SpotlightServices : 3
PrivateFrameworks/StorageKit : 16
PrivateFrameworks/StoreFoundation : 21
PrivateFrameworks/StoreJavaScript : 21
PrivateFrameworks/StoreUI : 21
PrivateFrameworks/SystemDesktopAppearance : 10
PrivateFrameworks/SystemMigration : 8
PrivateFrameworks/SystemMigrationNetworking : 8
PrivateFrameworks/SystemMigrationUtils : 8
PrivateFrameworks/UIKitMacHelper : 2
PrivateFrameworks/UsageTracking : 8
PrivateFrameworks/WebContentAnalysis : 1193
PrivateFrameworks/WebFilterDNS : 1193
PrivateFrameworks/WebInspector : 9
PrivateFrameworks/XARTRecovery : 304
PrivateFrameworks/vCard : 76
CoreServices/Dock : 2044.1
CoreServices/Finder : 1298.0.11
CoreServices/Spotlight : 2066.12
Frameworks/AuthenticationServices : 7
Frameworks/GameKit : 184
Frameworks/JavaScriptCore : 8
Frameworks/MessageUI : 2
Frameworks/MobileCoreServices : 95
Frameworks/PassKit : 74
Frameworks/QuickLook : 108
Frameworks/SafariServices : 10
Frameworks/UIKit : 2
Frameworks/WebKit : 12
PrivateFrameworks/NewsAnalytics : 12
PrivateFrameworks/NewsAnalyticsUpload : 12
PrivateFrameworks/NewsArticles : 12
PrivateFrameworks/NewsCore : 12
PrivateFrameworks/NewsDaemon : 12
PrivateFrameworks/NewsFeed : 12
PrivateFrameworks/NewsFeedLayout : 12
PrivateFrameworks/NewsFoundation : 12
PrivateFrameworks/NewsServicesInternal : 12
PrivateFrameworks/NewsSubscription : 12
PrivateFrameworks/NewsTransport : 12
PrivateFrameworks/NewsUI : 12
PrivateFrameworks/NewsUI2 : 12
PrivateFrameworks/SafariShared : 7
PrivateFrameworks/Silex : 12
PrivateFrameworks/SilexText : 12
PrivateFrameworks/SilexVideo : 12
PrivateFrameworks/UIKitCore : 2
PrivateFrameworks/UIKitMacHelper : 2
PrivateFrameworks/UIKitServices : 2
PrivateFrameworks/WebCore : 9
PrivateFrameworks/WebInspector : 9
PrivateFrameworks/WebKitLegacy : 10
PrivateFrameworks/WebUI : 10
