Applications/Cyberduck : 30998
Applications/Google Chrome Canary : 3908.2
Applications/IINA : 107
Applications/Keka : 3345
Applications/MacForge : 1035
Applications/Plex Media Server : 1.16.5.1554
Applications/Plex : 1.2.0
Applications/Private Internet Access : 1.4.0
Applications/Rocket : 59
Applications/Safari Technology Preview : 15609.1.3
Applications/Safari : 15608.2.11.1.1
Applications/Xcode-beta : 14921.5
Applications/iStat Menus : 1107
Applications/iTerm : 3.3.2
Applications/iTunes Volume Control : .0
Frameworks/AGL : 2640
Frameworks/AVFoundation : 8
Frameworks/AVKit : 1
Frameworks/Accelerate : 1345
Frameworks/Accounts : 135
Frameworks/AdSupport : 811
Frameworks/AddressBook : 6
Frameworks/AppKit : 52
Frameworks/AppleScriptKit : 2382
Frameworks/AppleScriptObjC : 3779
Frameworks/ApplicationServices : 1314
Frameworks/AudioToolbox : 90
Frameworks/AudioUnit : 21
Frameworks/AudioVideoBridging : 89
Frameworks/AuthenticationServices : 9
Frameworks/Automator : 3
Frameworks/BackgroundTasks : 5
Frameworks/BusinessChat : 31
Frameworks/CFNetwork : 7
Frameworks/CalendarStore : 967
Frameworks/CallKit : 6
Frameworks/Carbon : 2603
Frameworks/CloudKit : 164
Frameworks/Cocoa : 9501
Frameworks/Collaboration : 3194
Frameworks/ColorSync : 2
Frameworks/Combine : 218
Frameworks/Contacts : 100
Frameworks/ContactsUI : 6
Frameworks/CoreAudio : 365
Frameworks/CoreAudioKit : 375
Frameworks/CoreAudioTypes : 86
Frameworks/CoreBluetooth : 178
Frameworks/CoreData : 21
Frameworks/CoreFoundation : 3
Frameworks/CoreGraphics : 7
Frameworks/CoreHaptics : 46
Frameworks/CoreImage : 139
Frameworks/CoreLocation : 52
Frameworks/CoreMIDI : 409
Frameworks/CoreMIDIServer : 409
Frameworks/CoreML : 14
Frameworks/CoreMedia : 9
Frameworks/CoreMediaIO : 187
Frameworks/CoreMotion : 52
Frameworks/CoreServices : 33
Frameworks/CoreTelephony : 34
Frameworks/CoreText : 19
Frameworks/CoreVideo : 947
Frameworks/CoreWLAN : 73
Frameworks/CryptoKit : 206
Frameworks/CryptoTokenKit : 4
Frameworks/DVDPlayback : 218
Frameworks/DeviceCheck : 5331
Frameworks/DirectoryService : 8
Frameworks/DiscRecording : 269
Frameworks/DiscRecordingUI : 269
Frameworks/DiskArbitration : 84
Frameworks/DriverKit : 782
Frameworks/EventKit : 3
Frameworks/ExceptionHandling : 4008
Frameworks/ExecutionPolicy : 13
Frameworks/ExternalAccessory : 256
Frameworks/FWAUserLib : 201
Frameworks/FileProvider : 8
Frameworks/FileProviderUI : 596
Frameworks/FinderSync : 1
Frameworks/ForceFeedback : 2822
Frameworks/Foundation : 3
Frameworks/GLKit : 96
Frameworks/GLUT : 274
Frameworks/GSS : 377
Frameworks/GameController : 170
Frameworks/GameKit : 52
Frameworks/GameplayKit : 673
Frameworks/HIDDriverKit : 4
Frameworks/Hypervisor : 801
Frameworks/ICADevices : 65
Frameworks/IOBluetooth : 3
Frameworks/IOBluetoothUI : 3
Frameworks/IOKit : 94
Frameworks/IOSurface : 1104
Frameworks/IOUSBHost : 2
Frameworks/IdentityLookup : 6
Frameworks/ImageCaptureCore : 65
Frameworks/ImageIO : 8
Frameworks/InputMethodKit : 5
Frameworks/InstallerPlugins : 25
Frameworks/InstantMessage : 9954
Frameworks/Intents : 28
Frameworks/JavaFrameEmbedding : 844
Frameworks/JavaScriptCore : 9
Frameworks/JavaVM : 845
Frameworks/Kerberos : 414
Frameworks/Kernel : 8
Frameworks/LDAP : 241
Frameworks/LatentSemanticMapping : 1960
Frameworks/LinkPresentation : 158
Frameworks/LocalAuthentication : 135
Frameworks/MapKit : 7
Frameworks/MediaAccessibility : 744
Frameworks/MediaLibrary : 36
Frameworks/MediaPlayer : 8
Frameworks/MediaToolbox : 9
Frameworks/Message : 11647
Frameworks/MetalKit : 20
Frameworks/MetalPerformanceShaders : 37
Frameworks/MetricKit : 26
Frameworks/ModelIO : 272
Frameworks/MultipeerConnectivity : 1221
Frameworks/NaturalLanguage : 458
Frameworks/NetFS : 12
Frameworks/Network : 2
Frameworks/NetworkExtension : 4
Frameworks/NetworkingDriverKit : 387
Frameworks/OSAKit : 4364
Frameworks/OSLog : 196
Frameworks/OpenAL : 352
Frameworks/OpenCL : 410
Frameworks/OpenDirectory : 8
Frameworks/OpenGL : 1169
Frameworks/PDFKit : 4
Frameworks/PencilKit : 54
Frameworks/PreferencePanes : 62
Frameworks/PushKit : 442
Frameworks/Python : 400
Frameworks/QTKit : 161
Frameworks/Quartz : 6708
Frameworks/QuartzCore : 8
Frameworks/QuickLook : 1
Frameworks/QuickLookThumbnailing : 12
Frameworks/RealityKit : 31
Frameworks/Ruby : 358
Frameworks/SafariServices : 7
Frameworks/SceneKit : 16
Frameworks/ScreenSaver : 96
Frameworks/ScriptingBridge : 1532
Frameworks/Security : 34
Frameworks/SecurityFoundation : 2920
Frameworks/SecurityInterface : 190
Frameworks/ServiceManagement : 13
Frameworks/Social : 288
Frameworks/SoundAnalysis : 796
Frameworks/Speech : 1089
Frameworks/SpriteKit : 536
Frameworks/StoreKit : 45
Frameworks/SwiftUI : 9
Frameworks/SyncServices : 7921
Frameworks/System : 42203
Frameworks/SystemConfiguration : 906
Frameworks/SystemExtensions : 5
Frameworks/TWAIN : 4056
Frameworks/Tcl : 611
Frameworks/Tk : 611
Frameworks/USBDriverKit : 2
Frameworks/UserNotifications : 367
Frameworks/VideoDecodeAcceleration : 4120
Frameworks/VideoSubscriberAccount : 34
Frameworks/VideoToolbox : 9
Frameworks/Vision : 542
Frameworks/WebKit : 7
Frameworks/iTunesLibrary : 9
Frameworks/vecLib : 1345
Frameworks/vmnet : 237
PrivateFrameworks/ACDEClient : 7240
PrivateFrameworks/AMPDevices : 9
PrivateFrameworks/AMPLibrary : 1
PrivateFrameworks/AMPSharing : 7
PrivateFrameworks/AOSAccounts : 5
PrivateFrameworks/AOSAccountsLite : 5
PrivateFrameworks/AOSKit : 332
PrivateFrameworks/AOSMigrate : 12567
PrivateFrameworks/AOSUI : 6
PrivateFrameworks/APFS : 4
PrivateFrameworks/APTransport : 72
PrivateFrameworks/AVConference : 8
PrivateFrameworks/AVFoundationCF : 9
PrivateFrameworks/AXCoreUtilities : 5
PrivateFrameworks/AXHearingCoreSupport : 2579
PrivateFrameworks/AXHearingSupport : 2579
PrivateFrameworks/AXMediaUtilities : 101
PrivateFrameworks/AXRuntime : 5
PrivateFrameworks/AccessibilityBundles : 2
PrivateFrameworks/AccessibilityPlatformTranslation : 4
PrivateFrameworks/AccessibilitySharedSupport : 4
PrivateFrameworks/AccessoryNowPlaying : 75
PrivateFrameworks/AccountPolicy : 2104
PrivateFrameworks/AccountsDaemon : 135
PrivateFrameworks/AccountsUI : 5
PrivateFrameworks/ActionKit : 5
PrivateFrameworks/AdAnalytics : 65
PrivateFrameworks/AdCore : 35
PrivateFrameworks/AdID : 35
PrivateFrameworks/AdPlatforms : 35
PrivateFrameworks/AdPlatformsInternal : 35
PrivateFrameworks/AddressBookAutocomplete : 6
PrivateFrameworks/AddressBookCore : 6
PrivateFrameworks/Admin : 53
PrivateFrameworks/AggregateDictionary : 712
PrivateFrameworks/AggregateDictionaryHistory : 712
PrivateFrameworks/AirPlayReceiver : 73
PrivateFrameworks/AirPlaySender : 73
PrivateFrameworks/AirPlaySupport : 72
PrivateFrameworks/AirTrafficHost : 79
PrivateFrameworks/AnnotationKit : 5
PrivateFrameworks/AppContainer : 12
PrivateFrameworks/AppSSO : 17
PrivateFrameworks/AppSSOCore : 17
PrivateFrameworks/AppSSOKerberos : 17
PrivateFrameworks/AppSSOUI : 17
PrivateFrameworks/AppSandbox : 12
PrivateFrameworks/AppServerSupport : 13
PrivateFrameworks/AppStoreDaemon : 4
PrivateFrameworks/AppStoreFoundation : 4
PrivateFrameworks/AppStoreKit : 17
PrivateFrameworks/AppStoreUI : 26
PrivateFrameworks/AppSupport : 2952
PrivateFrameworks/AppSupportUI : 165
PrivateFrameworks/AppleAccount : 5
PrivateFrameworks/AppleAppSupport : 6708
PrivateFrameworks/AppleFSCompression : 7626
PrivateFrameworks/AppleGVA : 37
PrivateFrameworks/AppleGVACore : 37
PrivateFrameworks/AppleIDAuthSupport : 349
PrivateFrameworks/AppleIDSSOAuthentication : 503
PrivateFrameworks/AppleJPEG : 327
PrivateFrameworks/AppleLDAP : 3346
PrivateFrameworks/AppleMediaServices : 6
PrivateFrameworks/AppleMediaServicesUI : 20
PrivateFrameworks/ApplePushService : 628
PrivateFrameworks/AppleSRP : 7209
PrivateFrameworks/AppleSauce : 2692
PrivateFrameworks/AppleShareClientCore : 1749
PrivateFrameworks/AppleSystemInfo : 603
PrivateFrameworks/AppleVA : 1281
PrivateFrameworks/AppleVPA : 204
PrivateFrameworks/AskPermission : 3
PrivateFrameworks/AssertionServices : 4
PrivateFrameworks/AssetCacheServices : 3
PrivateFrameworks/AssetCacheServicesExtensions : 3
PrivateFrameworks/AssistantServices : 135
PrivateFrameworks/AssistiveControlSupport : 5
PrivateFrameworks/AttributeGraph : 58
PrivateFrameworks/AudioDSPManager : 223
PrivateFrameworks/AudioHistory : 223
PrivateFrameworks/AudioPasscode : 1863
PrivateFrameworks/AudioResourceArbitration : 216
PrivateFrameworks/AudioServerApplication : 1101
PrivateFrameworks/AudioServerDriver : 1101
PrivateFrameworks/AudioSession : 245
PrivateFrameworks/AudioToolboxCore : 86
PrivateFrameworks/AuthKit : 5
PrivateFrameworks/AuthKitUI : 5
PrivateFrameworks/AuthenticationServices : 9
PrivateFrameworks/AutoBugCaptureCore : 283
PrivateFrameworks/AutoLoop : 1367
PrivateFrameworks/BackBoardServices : 680
PrivateFrameworks/BackgroundTaskManagement : 3
PrivateFrameworks/Backup : 1
PrivateFrameworks/BaseBoard : 186
PrivateFrameworks/BatteryUIKit : 3523
PrivateFrameworks/BehaviorMiner : 108
PrivateFrameworks/BezelServices : 329
PrivateFrameworks/BioKitAggD : 6781
PrivateFrameworks/BiometricKit : 167
PrivateFrameworks/BiometricKitUI : 79
PrivateFrameworks/BiometricSupport : 126
PrivateFrameworks/BluetoothAudio : 3
PrivateFrameworks/BluetoothManager : 178
PrivateFrameworks/BoardServices : 186
PrivateFrameworks/Bom : 1802
PrivateFrameworks/BookCoverUtility : 3
PrivateFrameworks/BookKit : 3
PrivateFrameworks/BookKitFoundation : 3
PrivateFrameworks/BookUtility : 3
PrivateFrameworks/BridgeOSObliteration : 140
PrivateFrameworks/BridgeOSSoftwareUpdate : 789
PrivateFrameworks/BridgeXPC : 916
PrivateFrameworks/BulkSymbolication : 396
PrivateFrameworks/ByteRangeLocking : 1706
PrivateFrameworks/C2 : 104
PrivateFrameworks/CDDataAccess : 2
PrivateFrameworks/CDDataAccessExpress : 2
PrivateFrameworks/CPMLBestShim : 4162
PrivateFrameworks/CSCSupport : 57
PrivateFrameworks/CacheDelete : 62
PrivateFrameworks/CalDAV : 3
PrivateFrameworks/Calculate : 160
PrivateFrameworks/CalendarAgent : 373
PrivateFrameworks/CalendarAgentLink : 511
PrivateFrameworks/CalendarDraw : 108
PrivateFrameworks/CalendarFoundation : 3
PrivateFrameworks/CalendarNotification : 5
PrivateFrameworks/CalendarUIKit : 288
PrivateFrameworks/CallHistory : 22
PrivateFrameworks/CameraImagingFramework : 3785
PrivateFrameworks/CaptiveNetwork : 125
PrivateFrameworks/CardKit : 235
PrivateFrameworks/CardServices : 235
PrivateFrameworks/Cards : 235
PrivateFrameworks/Catalyst : 1855
PrivateFrameworks/Categories : 3
PrivateFrameworks/CharacterPicker : 3
PrivateFrameworks/ChunkingLibrary : 1892
PrivateFrameworks/ClassKit : 21
PrivateFrameworks/ClassroomKit : 65
PrivateFrameworks/ClockMenuExtraPreferences : 268
PrivateFrameworks/CloudDocs : 1
PrivateFrameworks/CloudDocsDaemon : 1
PrivateFrameworks/CloudFamilyRestrictions : 519
PrivateFrameworks/CloudFamilyRestrictionsDaemon : 519
PrivateFrameworks/CloudKitCode : 268
PrivateFrameworks/CloudKitCodeProtobuf : 268
PrivateFrameworks/CloudKitDaemon : 142
PrivateFrameworks/CloudServices : 70
PrivateFrameworks/Coherence : 3486
PrivateFrameworks/CombineCocoa : 218
PrivateFrameworks/CommerceKit : 26
PrivateFrameworks/CommonAuth : 377
PrivateFrameworks/CommonCandidateWindow : 10067
PrivateFrameworks/CommonUtilities : 5199
PrivateFrameworks/CommunicationsFilter : 2162
PrivateFrameworks/ConditionInducer : 897
PrivateFrameworks/ConfigProfileHelper : 6
PrivateFrameworks/ConfigurationEngineModel : 2
PrivateFrameworks/ConfigurationProfiles : 6
PrivateFrameworks/ConsoleKit : 45
PrivateFrameworks/ConstantClasses : 1584
PrivateFrameworks/ContactsAgent : 557
PrivateFrameworks/ContactsAssistantServices : 14
PrivateFrameworks/ContactsAutocomplete : 98
PrivateFrameworks/ContactsAutocompleteUI : 59
PrivateFrameworks/ContactsDonation : 427
PrivateFrameworks/ContactsDonationFeedback : 427
PrivateFrameworks/ContactsFoundation : 5
PrivateFrameworks/ContactsPersistence : 5
PrivateFrameworks/ContactsUICore : 7
PrivateFrameworks/ContentKit : 5
PrivateFrameworks/ContextKit : 173
PrivateFrameworks/ConversationKit : 24
PrivateFrameworks/CoreADI : 1900
PrivateFrameworks/CoreAUC : 410
PrivateFrameworks/CoreAVCHD : 1973
PrivateFrameworks/CoreAccessories : 75
PrivateFrameworks/CoreAnalytics : 1076
PrivateFrameworks/CoreAppleCVA : 1702
PrivateFrameworks/CoreBrightness : 168
PrivateFrameworks/CoreCDP : 6
PrivateFrameworks/CoreCDPInternal : 6
PrivateFrameworks/CoreCDPUI : 6
PrivateFrameworks/CoreCapture : 11
PrivateFrameworks/CoreCaptureControl : 11
PrivateFrameworks/CoreCaptureDaemon : 11
PrivateFrameworks/CoreChart : 775
PrivateFrameworks/CoreChineseEngine : 27
PrivateFrameworks/CoreDAV : 3
PrivateFrameworks/CoreDaemon : 1205
PrivateFrameworks/CoreDuet : 26
PrivateFrameworks/CoreDuetContext : 26
PrivateFrameworks/CoreDuetDaemonProtocol : 26
PrivateFrameworks/CoreDuetDataModel : 26
PrivateFrameworks/CoreDuetDebugLogging : 26
PrivateFrameworks/CoreDuetStatistics : 26
PrivateFrameworks/CoreDuetSync : 26
PrivateFrameworks/CoreEmoji : 339
PrivateFrameworks/CoreFP : 2
PrivateFrameworks/CoreFollowUp : 162
PrivateFrameworks/CoreFollowUpUI : 162
PrivateFrameworks/CoreHAP : 5
PrivateFrameworks/CoreHandwriting : 296
PrivateFrameworks/CoreKE : 387
PrivateFrameworks/CoreKnowledge : 319
PrivateFrameworks/CoreLSKD : 14
PrivateFrameworks/CoreLSKDMSE : 784
PrivateFrameworks/CoreMLTestFramework : 11
PrivateFrameworks/CoreMaterial : 159
PrivateFrameworks/CoreNLP : 213
PrivateFrameworks/CoreNameParser : 1164
PrivateFrameworks/CoreNavigation : 122
PrivateFrameworks/CoreOptimization : 4162
PrivateFrameworks/CorePDF : 2248
PrivateFrameworks/CoreParsec : 416
PrivateFrameworks/CorePhoneNumbers : 5
PrivateFrameworks/CorePrediction : 4162
PrivateFrameworks/CoreRE : 30
PrivateFrameworks/CoreRecents : 579
PrivateFrameworks/CoreRecognition : 410
PrivateFrameworks/CoreRoutine : 1015
PrivateFrameworks/CoreSDB : 1618
PrivateFrameworks/CoreSVG : 184
PrivateFrameworks/CoreServicesInternal : 2
PrivateFrameworks/CoreSpeech : 4
PrivateFrameworks/CoreSuggestions : 5
PrivateFrameworks/CoreSuggestionsInternals : 5
PrivateFrameworks/CoreSuggestionsML : 5
PrivateFrameworks/CoreSuggestionsUI : 5
PrivateFrameworks/CoreSymbolication : 66
PrivateFrameworks/CoreThemeDefinition : 2
PrivateFrameworks/CoreTime : 645
PrivateFrameworks/CoreUI : 3
PrivateFrameworks/CoreUtils : 402
PrivateFrameworks/CoreUtilsSwift : 2747
PrivateFrameworks/CoreWLANKit : 46
PrivateFrameworks/CoreWiFi : 236
PrivateFrameworks/CrashReporterSupport : 19
PrivateFrameworks/CreateML : 37
PrivateFrameworks/CryptoKitCBridging : 206
PrivateFrameworks/CryptoKitPrivate : 206
PrivateFrameworks/DAAPKit : 612
PrivateFrameworks/DASDaemon : 5
PrivateFrameworks/DCERPC : 1384
PrivateFrameworks/DFRBrightness : 168
PrivateFrameworks/DFRDisplay : 781
PrivateFrameworks/DFRFoundation : 42
PrivateFrameworks/DSExternalDisplay : 17
PrivateFrameworks/DTXConnectionServices : 312
PrivateFrameworks/DVD : 13418
PrivateFrameworks/DataDeliveryServices : 8935
PrivateFrameworks/DataDetectors : 14
PrivateFrameworks/DataDetectorsCore : 1013
PrivateFrameworks/DataDetectorsNaturalLanguage : 591
PrivateFrameworks/DebugSymbols : 1968
PrivateFrameworks/DesktopServicesPriv : 21
PrivateFrameworks/DeviceCheckInternal : 5331
PrivateFrameworks/DeviceIdentity : 316
PrivateFrameworks/DeviceLink : 79
PrivateFrameworks/DeviceManagement : 2
PrivateFrameworks/DeviceToDeviceManager : 5407
PrivateFrameworks/DiagnosticExtensions : 977
PrivateFrameworks/DiagnosticLogCollection : 49
PrivateFrameworks/DifferentialPrivacy : 115
PrivateFrameworks/DigitalTouchShared : 9
PrivateFrameworks/DirectoryEditor : 125
PrivateFrameworks/DirectoryServer : 10017
PrivateFrameworks/DiskImages : 75
PrivateFrameworks/DiskManagement : 45
PrivateFrameworks/DisplayServices : 17
PrivateFrameworks/DisplayTransportServices : 788
PrivateFrameworks/DistributedEvaluation : 157
PrivateFrameworks/DrawingKit : 5
PrivateFrameworks/DuetActivityScheduler : 5
PrivateFrameworks/DuetRecommendation : 26
PrivateFrameworks/DynamicDesktop : 5
PrivateFrameworks/EAFirmwareUpdater : 86
PrivateFrameworks/EAP8021X : 37
PrivateFrameworks/EFILogin : 125
PrivateFrameworks/EasyConfig : 402
PrivateFrameworks/Email : 5
PrivateFrameworks/EmailAddressing : 5
PrivateFrameworks/EmailCore : 5
PrivateFrameworks/EmailDaemon : 5
PrivateFrameworks/EmailFoundation : 5
PrivateFrameworks/EmbeddedAcousticRecognition : 157
PrivateFrameworks/EmbeddedOSInstall : 1006
PrivateFrameworks/EmbeddedOSSupportHost : 243
PrivateFrameworks/EmbeddedSensingProtocols : 3382
PrivateFrameworks/EmojiFoundation : 8
PrivateFrameworks/Engram : 49
PrivateFrameworks/Espresso : 3415
PrivateFrameworks/ExchangeSync : 4
PrivateFrameworks/ExchangeWebServices : 803
PrivateFrameworks/ExpansionSlotSupport : 38
PrivateFrameworks/FMClient : 210
PrivateFrameworks/FMCore : 459
PrivateFrameworks/FMCoreLite : 456
PrivateFrameworks/FMCoreUI : 529
PrivateFrameworks/FMF : 21
PrivateFrameworks/FMFCore : 3
PrivateFrameworks/FMFUI : 21
PrivateFrameworks/FMIPCore : 3
PrivateFrameworks/FMNetworking : 31
PrivateFrameworks/FTAWD : 49
PrivateFrameworks/FTClientServices : 6
PrivateFrameworks/FTServices : 6
PrivateFrameworks/FWAVC : 187
PrivateFrameworks/FaceCore : 1706
PrivateFrameworks/FamilyCircle : 6
PrivateFrameworks/FamilyCircleUI : 6
PrivateFrameworks/FamilyControls : 6
PrivateFrameworks/FamilyNotification : 6
PrivateFrameworks/FeatureFlagsSupport : 3079
PrivateFrameworks/FileProvider : 8
PrivateFrameworks/FileProviderDaemon : 2
PrivateFrameworks/FilesActionsUI : 596
PrivateFrameworks/FindMyDevice : 24
PrivateFrameworks/FindMyDeviceUI : 14
PrivateFrameworks/FindMyMac : 1519
PrivateFrameworks/FinderKit : 1
PrivateFrameworks/FinderSyncPriv : 1
PrivateFrameworks/FlightUtilities : 230
PrivateFrameworks/FolderActionsKit : 694
PrivateFrameworks/FontServices : 2843
PrivateFrameworks/FoundInAppsPlugins : 11
PrivateFrameworks/FrontBoardServices : 110
PrivateFrameworks/Futhark : 562
PrivateFrameworks/GPUInfo : 16
PrivateFrameworks/GPURawCounter : 1701
PrivateFrameworks/GPUSupport : 1169
PrivateFrameworks/GPUWrangler : 6
PrivateFrameworks/GameCenterFoundation : 52
PrivateFrameworks/GameCenterUI : 52
PrivateFrameworks/GameCenterUICore : 52
PrivateFrameworks/GameKitServices : 8
PrivateFrameworks/GeoKit : 653
PrivateFrameworks/GeoServices : 3
PrivateFrameworks/GraphKit : 11879
PrivateFrameworks/GraphVisualizer : 2896
PrivateFrameworks/GraphicsServices : 600
PrivateFrameworks/HDAInterface : 464
PrivateFrameworks/HDRProcessing : 17
PrivateFrameworks/HID : 16
PrivateFrameworks/HIDAnalytics : 4
PrivateFrameworks/HIDDisplay : 4
PrivateFrameworks/HMFoundation : 283
PrivateFrameworks/HTTPServer : 557
PrivateFrameworks/HearingCore : 3
PrivateFrameworks/HearingUtilities : 3
PrivateFrameworks/HeimODAdmin : 83
PrivateFrameworks/Heimdal : 377
PrivateFrameworks/Helium : 296
PrivateFrameworks/HelloWorldMacHelper : 5
PrivateFrameworks/HelpData : 318
PrivateFrameworks/HomeAI : 112
PrivateFrameworks/HomeKit : 5
PrivateFrameworks/HomeKitBackingStore : 5
PrivateFrameworks/HomeKitDaemon : 5
PrivateFrameworks/IAP : 382
PrivateFrameworks/IASUtilities : 15
PrivateFrameworks/IDS : 6
PrivateFrameworks/IDSFoundation : 6
PrivateFrameworks/IDSHashPersistence : 2
PrivateFrameworks/IDSKVStore : 2
PrivateFrameworks/IDSSystemPreferencesSignIn : 6
PrivateFrameworks/IMAP : 5
PrivateFrameworks/IMAVCore : 6885
PrivateFrameworks/IMFoundation : 49
PrivateFrameworks/IMSharedUI : 3
PrivateFrameworks/IMTransferServices : 49
PrivateFrameworks/IOImageLoader : 1694
PrivateFrameworks/IOPlatformPluginFamily : 445
PrivateFrameworks/IOPresentment : 1725
PrivateFrameworks/ISSupport : 9884
PrivateFrameworks/IconServices : 5
PrivateFrameworks/IdleTimerServices : 2315
PrivateFrameworks/IncomingCallFilter : 2162
PrivateFrameworks/InertiaCam : 461
PrivateFrameworks/InputContext : 3484
PrivateFrameworks/InputTranscoder : 453
PrivateFrameworks/Install : 208
PrivateFrameworks/InstallerDiagnostics : 485
PrivateFrameworks/Intents : 28
PrivateFrameworks/IntentsCore : 28
PrivateFrameworks/IntentsFoundation : 28
PrivateFrameworks/IntentsServices : 28
PrivateFrameworks/InternationalSupport : 185
PrivateFrameworks/InternationalTextSearch : 1523
PrivateFrameworks/InternetAccounts : 327
PrivateFrameworks/IntlPreferences : 5
PrivateFrameworks/JavaApplicationLauncher : 844
PrivateFrameworks/JavaLaunching : 801
PrivateFrameworks/JavaScriptAppleEvents : 1544
PrivateFrameworks/JavaScriptOSA : 1775
PrivateFrameworks/Jet : 928
PrivateFrameworks/JetEngine : 62
PrivateFrameworks/JetUI : 62
PrivateFrameworks/KerberosHelper : 1937
PrivateFrameworks/KeyboardServices : 3
PrivateFrameworks/KeychainCircle : 34
PrivateFrameworks/KnowledgeMonitor : 189
PrivateFrameworks/LanguageModeling : 327
PrivateFrameworks/Lexicon : 1581
PrivateFrameworks/LibraryRepair : 404
PrivateFrameworks/LimitAdTracking : 35
PrivateFrameworks/LinguisticData : 6
PrivateFrameworks/LinkPresentation : 158
PrivateFrameworks/LocalAuthenticationRecoveryUI : 135
PrivateFrameworks/LocalAuthenticationUI : 135
PrivateFrameworks/LocationSupport : 52
PrivateFrameworks/LockoutUI : 721
PrivateFrameworks/LoggingSupport : 196
PrivateFrameworks/LoginUIKit : 349
PrivateFrameworks/Lookup : 103
PrivateFrameworks/MDSChannel : 1721
PrivateFrameworks/MFAAuthentication : 75
PrivateFrameworks/MFiAuthentication : 382
PrivateFrameworks/MLFoundation : 28
PrivateFrameworks/MMCS : 104
PrivateFrameworks/MachineSettings : 4370
PrivateFrameworks/Mail : 5
PrivateFrameworks/MailCore : 5
PrivateFrameworks/MailService : 5
PrivateFrameworks/MailSupport : 5
PrivateFrameworks/MailUI : 5
PrivateFrameworks/MailWebProcessSupport : 5
PrivateFrameworks/MallocStackLogging : 858
PrivateFrameworks/ManagedClient : 6
PrivateFrameworks/Mangrove : 19
PrivateFrameworks/MapsSuggestions : 26
PrivateFrameworks/MapsSupport : 26
PrivateFrameworks/Marco : 49
PrivateFrameworks/MarkupUI : 5
PrivateFrameworks/MediaControlSender : 72
PrivateFrameworks/MediaExperience : 9
PrivateFrameworks/MediaKit : 1562
PrivateFrameworks/MediaRemote : 36
PrivateFrameworks/MediaServices : 27
PrivateFrameworks/Memories : 3
PrivateFrameworks/MessageProtection : 258
PrivateFrameworks/MessageSecurity : 3000
PrivateFrameworks/MessageUIMacHelper : 5
PrivateFrameworks/MessagesHelperKit : 23
PrivateFrameworks/MessagesKit : 23
PrivateFrameworks/MetricKitCore : 26
PrivateFrameworks/MetricKitServices : 26
PrivateFrameworks/MetricKitSource : 26
PrivateFrameworks/MetricMeasurement : 26
PrivateFrameworks/MiniSoftwareUpdate : 731
PrivateFrameworks/MobileAccessoryUpdater : 29
PrivateFrameworks/MobileActivationMacOS : 316
PrivateFrameworks/MobileAsset : 94
PrivateFrameworks/MobileAssetUpdater : 86
PrivateFrameworks/MobileBluetooth : 178
PrivateFrameworks/MobileDevice : 79
PrivateFrameworks/MobileIcons : 5
PrivateFrameworks/MobileKeyBag : 106
PrivateFrameworks/MonitorPanel : 148
PrivateFrameworks/Montreal : 898
PrivateFrameworks/MultitouchSupport : 32
PrivateFrameworks/MultiverseSupport : 1355
PrivateFrameworks/MusicLibrary : 26
PrivateFrameworks/NLP : 119
PrivateFrameworks/Navigation : 86
PrivateFrameworks/NearField : 183
PrivateFrameworks/NetAppsUtilities : 258
PrivateFrameworks/NetAuth : 411
PrivateFrameworks/NetFSServer : 12
PrivateFrameworks/Netrb : 888
PrivateFrameworks/Network : 2
PrivateFrameworks/NetworkServiceProxy : 801
PrivateFrameworks/NetworkStatistics : 3034
PrivateFrameworks/Notes : 70
PrivateFrameworks/NotesShared : 70
PrivateFrameworks/NotesUI : 70
PrivateFrameworks/Noticeboard : 1656
PrivateFrameworks/OAuth : 15134
PrivateFrameworks/OSAServicesClient : 480
PrivateFrameworks/OSASubmissionClient : 485
PrivateFrameworks/OSASyncProxyClient : 485
PrivateFrameworks/OSAnalytics : 480
PrivateFrameworks/OSAnalyticsPrivate : 485
PrivateFrameworks/OSD : 1524
PrivateFrameworks/OSInstaller : 16
PrivateFrameworks/OSPersonalization : 583
PrivateFrameworks/OTSVG : 19
PrivateFrameworks/OfficeImport : 443
PrivateFrameworks/OnBoardingKit : 5
PrivateFrameworks/OpenDirectoryConfig : 12732
PrivateFrameworks/OpenDirectoryConfigUI : 831
PrivateFrameworks/Osprey : 647
PrivateFrameworks/PASampling : 396
PrivateFrameworks/PDFKit : 4
PrivateFrameworks/PIP : 41
PrivateFrameworks/PSNormalizer : 203
PrivateFrameworks/PackageKit : 14
PrivateFrameworks/PacketFilter : 421
PrivateFrameworks/ParsecModel : 416
PrivateFrameworks/ParsecSubscriptionServiceSupport : 416
PrivateFrameworks/PassKit : 10
PrivateFrameworks/PassKitCore : 10
PrivateFrameworks/PassKitUI : 3
PrivateFrameworks/PassKitUIFoundation : 4
PrivateFrameworks/PasswordServer : 7039
PrivateFrameworks/PencilKit : 54
PrivateFrameworks/PeopleSuggester : 26
PrivateFrameworks/PerformanceAnalysis : 396
PrivateFrameworks/PersistentConnection : 125
PrivateFrameworks/PersonaKit : 1734
PrivateFrameworks/PersonaUI : 1734
PrivateFrameworks/PersonalizationPortrait : 11
PrivateFrameworks/PersonalizationPortraitInternals : 11
PrivateFrameworks/PhoneNumbers : 5
PrivateFrameworks/PhotoPrintProduct : 85
PrivateFrameworks/PhysicsKit : 747
PrivateFrameworks/PlugInKit : 13
PrivateFrameworks/PodcastServices : 7
PrivateFrameworks/PowerLog : 16
PrivateFrameworks/PowerlogControl : 16
PrivateFrameworks/PowerlogCore : 16
PrivateFrameworks/PowerlogDatabaseReader : 16
PrivateFrameworks/PowerlogLiteOperators : 16
PrivateFrameworks/PreferencePanesSupport : 5
PrivateFrameworks/PrintKit : 746
PrivateFrameworks/PrintingPrivate : 70
PrivateFrameworks/PrivateFederatedLearning : 533
PrivateFrameworks/ProVideo : 289
PrivateFrameworks/ProactiveEventTracker : 256
PrivateFrameworks/ProactiveExperiments : 5
PrivateFrameworks/ProactiveExperimentsInternals : 5
PrivateFrameworks/ProactiveML : 5
PrivateFrameworks/ProactiveSupport : 256
PrivateFrameworks/ProactiveSupportStubs : 256
PrivateFrameworks/ProofReader : 473
PrivateFrameworks/ProtectedCloudStorage : 20
PrivateFrameworks/ProtocolBuffer : 341
PrivateFrameworks/PrototypeTools : 2321
PrivateFrameworks/QLCharts : 443
PrivateFrameworks/Quagga : 642
PrivateFrameworks/QuickLookIosmac : 1
PrivateFrameworks/QuickLookSupport : 12
PrivateFrameworks/QuickLookThumbnailing : 12
PrivateFrameworks/ROCKit : 2602
PrivateFrameworks/RTCReporting : 157
PrivateFrameworks/RTTUI : 3
PrivateFrameworks/RTTUtilities : 3
PrivateFrameworks/Rapport : 2
PrivateFrameworks/RapportUI : 2
PrivateFrameworks/ReminderKit : 2
PrivateFrameworks/ReminderKitUI : 2
PrivateFrameworks/ReminderMigration : 61
PrivateFrameworks/RemoteConfiguration : 1677
PrivateFrameworks/RemoteCoreML : 3691
PrivateFrameworks/RemoteServiceDiscovery : 13
PrivateFrameworks/RemoteTextInput : 916
PrivateFrameworks/RemoteViewServices : 160
PrivateFrameworks/RemoteXPC : 13
PrivateFrameworks/RenderBox : 14
PrivateFrameworks/ReplayKitMacHelper : 35
PrivateFrameworks/ResponseKit : 256
PrivateFrameworks/Reveal : 284
PrivateFrameworks/RevealCore : 284
PrivateFrameworks/RunningBoard : 4
PrivateFrameworks/RunningBoardServices : 4
PrivateFrameworks/SAObjects : 18
PrivateFrameworks/SCEP : 825
PrivateFrameworks/SDAPI : 2919
PrivateFrameworks/SMBClient : 83
PrivateFrameworks/SMBClientEngine : 93
PrivateFrameworks/SPFinder : 2
PrivateFrameworks/SPOwner : 2
PrivateFrameworks/SPShared : 31
PrivateFrameworks/SPSupport : 352
PrivateFrameworks/Safari : 7
PrivateFrameworks/SafariCore : 9
PrivateFrameworks/SafariFoundation : 9
PrivateFrameworks/SafariPlatformSupport : 7
PrivateFrameworks/SafariSafeBrowsing : 6
PrivateFrameworks/SafariShared : 9
PrivateFrameworks/SafeEjectGPU : 8
PrivateFrameworks/SampleAnalysis : 396
PrivateFrameworks/ScreenReader : 6
PrivateFrameworks/ScreenReaderCore : 6
PrivateFrameworks/ScreenSharing : 19
PrivateFrameworks/ScreenTimeCore : 3
PrivateFrameworks/ScreenTimeServiceUI : 3
PrivateFrameworks/ScreenTimeUI : 3
PrivateFrameworks/SearchAds : 35
PrivateFrameworks/SearchFoundation : 416
PrivateFrameworks/SearchUI : 5
PrivateFrameworks/SearchUICardKitProviderSupport : 169
PrivateFrameworks/SecCodeWrapper : 12
PrivateFrameworks/SecureChannel : 750
PrivateFrameworks/SecurityTokend : 2419
PrivateFrameworks/Seeding : 301
PrivateFrameworks/SemanticDocumentManagement : 1585
PrivateFrameworks/SensingProtocols : 3382
PrivateFrameworks/Sentry : 426
PrivateFrameworks/ServerCompatibility : 1984
PrivateFrameworks/ServerInformation : 172
PrivateFrameworks/SetupAssistantFramework : 14
PrivateFrameworks/SetupAssistantSupport : 905
PrivateFrameworks/ShareKit : 6
PrivateFrameworks/SharePointManagement : 3
PrivateFrameworks/ShareSheet : 6
PrivateFrameworks/SharedWebCredentials : 13
PrivateFrameworks/Sharing : 26
PrivateFrameworks/SharingXPCServices : 23
PrivateFrameworks/Shortcut : 478
PrivateFrameworks/SidecarCore : 7
PrivateFrameworks/SidecarUI : 7
PrivateFrameworks/SignpostCollection : 1220
PrivateFrameworks/SignpostMetrics : 1220
PrivateFrameworks/SignpostNotification : 283
PrivateFrameworks/SignpostSupport : 1220
PrivateFrameworks/SiriClientFlow : 62
PrivateFrameworks/SiriCore : 125
PrivateFrameworks/SiriFoundation : 3
PrivateFrameworks/SiriInstrumentation : 135
PrivateFrameworks/SiriTTS : 144
PrivateFrameworks/SiriTasks : 135
PrivateFrameworks/SiriUI : 3
PrivateFrameworks/SiriVOX : 125
PrivateFrameworks/Slideshows : 216
PrivateFrameworks/SocialAppsCore : 23
PrivateFrameworks/SocialServices : 164
PrivateFrameworks/SocialUI : 23
PrivateFrameworks/SpanMatcher : 125
PrivateFrameworks/SpeechDictionary : 1547
PrivateFrameworks/SpeechObjects : 96
PrivateFrameworks/SpeechRecognitionCommandServices : 254
PrivateFrameworks/SpeechRecognitionCore : 4
PrivateFrameworks/StatsKit : 4950
PrivateFrameworks/StorageKit : 18
PrivateFrameworks/StorageManagement : 6
PrivateFrameworks/StoreFoundation : 26
PrivateFrameworks/StoreJavaScript : 26
PrivateFrameworks/StoreServices : 1555
PrivateFrameworks/StoreUI : 26
PrivateFrameworks/StreamingZip : 137
PrivateFrameworks/Suggestions : 68
PrivateFrameworks/SuggestionsSpotlightMetrics : 5
PrivateFrameworks/Symbolication : 858
PrivateFrameworks/SymptomDiagnosticReporter : 286
PrivateFrameworks/SymptomReporter : 283
PrivateFrameworks/Symptoms : 283
PrivateFrameworks/SyncServicesUI : 7921
PrivateFrameworks/SyncedDefaults : 205
PrivateFrameworks/SystemAdministration : 53
PrivateFrameworks/SystemAdministrationInterface : 317
PrivateFrameworks/SystemDesktopAppearance : 6
PrivateFrameworks/SystemPolicy : 13
PrivateFrameworks/SystemUIPlugin : 4382
PrivateFrameworks/TCC : 2
PrivateFrameworks/TTYUtilities : 2579
PrivateFrameworks/TVRemoteCore : 135
PrivateFrameworks/TelephonyUtilities : 9
PrivateFrameworks/TemplateKit : 5
PrivateFrameworks/TextInput : 15
PrivateFrameworks/TextInputCore : 15
PrivateFrameworks/TextInputMenuUI : 3
PrivateFrameworks/TextRecognition : 410
PrivateFrameworks/TextToSpeech : 210
PrivateFrameworks/TextureIO : 2603
PrivateFrameworks/TimeMachine : 7
PrivateFrameworks/TimeSync : 169
PrivateFrameworks/ToneKit : 339
PrivateFrameworks/ToneLibrary : 339
PrivateFrameworks/Tourist : 127
PrivateFrameworks/Transparency : 198
PrivateFrameworks/TransparencyDetailsViewMac : 35
PrivateFrameworks/TrustEvaluationAgent : 2328
PrivateFrameworks/TrustedPeers : 34
PrivateFrameworks/TuriCore : 60
PrivateFrameworks/UAUPlugin : 68
PrivateFrameworks/UHASHelloExtensionPoint-macOS : 5
PrivateFrameworks/UIFoundation : 140
PrivateFrameworks/UIKitMacHelper : 12
PrivateFrameworks/UIKitSystemAppServices : 5
PrivateFrameworks/UIRecording : 32
PrivateFrameworks/URLFormatting : 157
PrivateFrameworks/USDKit : 641
PrivateFrameworks/Uninstall : 3366
PrivateFrameworks/UniversalAccess : 6
PrivateFrameworks/UserActivity : 16
PrivateFrameworks/UserManagement : 20
PrivateFrameworks/VCXMPP : 10884
PrivateFrameworks/VectorKit : 12
PrivateFrameworks/VideoConference : 543
PrivateFrameworks/VideoProcessing : 13
PrivateFrameworks/ViewBridge : 3
PrivateFrameworks/VisionKit : 104
PrivateFrameworks/VisualPairing : 3274
PrivateFrameworks/VisualTestKit : 235
PrivateFrameworks/VoiceShortcutClient : 5
PrivateFrameworks/VoiceShortcuts : 5
PrivateFrameworks/VoiceTrigger : 882
PrivateFrameworks/WPDaemon : 806
PrivateFrameworks/WatchdogClient : 133
PrivateFrameworks/WeatherFoundation : 228
PrivateFrameworks/WeatherKit : 968
PrivateFrameworks/WebContentAnalysis : 857
PrivateFrameworks/WebDriver : 7
PrivateFrameworks/WebFilterDNS : 857
PrivateFrameworks/WebInspector : 7
PrivateFrameworks/WebInspectorUI : 10
PrivateFrameworks/WiFiCloudSyncEngine : 45
PrivateFrameworks/WiFiPeerToPeer : 1294
PrivateFrameworks/WiFiPolicy : 28
PrivateFrameworks/WiFiVelocity : 72
PrivateFrameworks/WirelessCoexManager : 76
PrivateFrameworks/WirelessDiagnostics : 1902
PrivateFrameworks/WirelessProximity : 806
PrivateFrameworks/WorkflowKit : 5
PrivateFrameworks/XARTRecovery : 218
PrivateFrameworks/XCTAutomationSupport : 346
PrivateFrameworks/XCTTargetBootstrap : 346
PrivateFrameworks/XPCService : 8591
PrivateFrameworks/XQuery : 3595
PrivateFrameworks/XprotectFramework : 64
PrivateFrameworks/acfs : 847
PrivateFrameworks/caulk : 178
PrivateFrameworks/iAdCore : 65
PrivateFrameworks/iAdServices : 65
PrivateFrameworks/iCalendar : 1179
PrivateFrameworks/iLifeMediaBrowser : 36
PrivateFrameworks/iPod : 4363
PrivateFrameworks/iPodSync : 703
PrivateFrameworks/iPodUpdater : 645
PrivateFrameworks/iWorkXPC : 145
PrivateFrameworks/kperf : 4441
PrivateFrameworks/kperfdata : 4441
PrivateFrameworks/ktrace : 227
PrivateFrameworks/login : 780
PrivateFrameworks/nt : 14
PrivateFrameworks/oncrpc : 299
PrivateFrameworks/perfdata : 1157
PrivateFrameworks/vCard : 5
PrivateFrameworks/yara : 158
PrivateFrameworks/zudp : 6163
CoreServices/AddressBookUrlForwarder : 2411.1
CoreServices/AirPlayUIAgent : 406.31.81
CoreServices/Automator Installer : 488
CoreServices/Bluetooth Setup Assistant : 7.0.0f4
CoreServices/BluetoothUIServer : 7.0.0f4
CoreServices/CoreLocationAgent : 2387.0.12
CoreServices/CoreServicesUIAgent : 335
CoreServices/DiskImageMounter : 559.11.1
CoreServices/Dock : 2040
CoreServices/Dwell Control : 283
CoreServices/Finder : 1296.1
CoreServices/HelpViewer : 378
CoreServices/Install in Progress : 974
CoreServices/Installer Progress : 542.1
CoreServices/Installer : 962.1
CoreServices/Keychain Circle Notification : 59306.11.12
CoreServices/Language Chooser : 579
CoreServices/ManagedClient : 1258
CoreServices/NotificationCenter : 832
CoreServices/OBEXAgent : 7.0.0f4
CoreServices/Paired Devices : 182.3
CoreServices/Problem Reporter : 15010
CoreServices/RapportUIAgent : 182.3
CoreServices/Setup Assistant : 2474
CoreServices/Siri : 200.0.42
CoreServices/Software Update : 1280.2
CoreServices/Spotlight : 2064.1
CoreServices/TextInputMenuAgent : 246
CoreServices/TextInputSwitcher : 246
CoreServices/UIKitSystem : 181
CoreServices/UniversalAccessControl : 484
CoreServices/VoiceOver : 692
CoreServices/loginwindow : 1983
Applications/Archive Utility : 126
Applications/Screen Sharing : 499.49
Frameworks/AVKit : 1
Frameworks/AuthenticationServices : 8
Frameworks/BusinessChat : 6
Frameworks/ContactsUI : 5
Frameworks/CoreAudioKit : 209
Frameworks/CoreNFC : 50
Frameworks/EventKitUI : 3
Frameworks/GameController : 63
Frameworks/GameKit : 54
Frameworks/GameplayKit : 190
Frameworks/HealthKit : 8
Frameworks/HealthKitUI : 8
Frameworks/IdentityLookupUI : 6
Frameworks/IntentsUI : 14
Frameworks/JavaScriptCore : 6
Frameworks/LinkPresentation : 42
Frameworks/MapKit : 7
Frameworks/MessageUI : 5
Frameworks/MetalKit : 22
Frameworks/MobileCoreServices : 33
Frameworks/MultipeerConnectivity : 600
Frameworks/PDFKit : 4
Frameworks/PassKit : 10
Frameworks/PencilKit : 28
Frameworks/QuickLook : 64
Frameworks/RealityKit : 31
Frameworks/ReplayKit : 35
Frameworks/SafariServices : 6
Frameworks/SceneKit : 3
Frameworks/Social : 78
Frameworks/SpriteKit : 176
Frameworks/StoreKit : 45
Frameworks/SwiftUI : 5
Frameworks/UIKit : 16
Frameworks/VisionKit : 59
Frameworks/WatchConnectivity : 1342
Frameworks/WebKit : 6
Frameworks/iAd : 65
PrivateFrameworks/AVKitMacHelper : 1
PrivateFrameworks/Accessibility : 5
PrivateFrameworks/AccessibilityUtilities : 5
PrivateFrameworks/ActionKit : 2
PrivateFrameworks/ActionKitUI : 2
PrivateFrameworks/ActivityRingsUI : 19
PrivateFrameworks/AddressBookLegacy : 98
PrivateFrameworks/AnnotationKit : 5
PrivateFrameworks/AppAnalytics : 667
PrivateFrameworks/AppSupportUI : 47
PrivateFrameworks/AppleMediaServicesUI : 20
PrivateFrameworks/AuthKitUI : 5
PrivateFrameworks/AuthKitUIMacHelper : 5
PrivateFrameworks/BaseBoardUI : 152
PrivateFrameworks/CalendarUIKit : 69
PrivateFrameworks/ClassroomKit : 65
PrivateFrameworks/ContactsAutocompleteUI : 40
PrivateFrameworks/ContentKit : 2
PrivateFrameworks/CorePDF : 647
PrivateFrameworks/CoreRecognition : 148
PrivateFrameworks/CoreSuggestionsUI : 5
PrivateFrameworks/DataDetectorsUI : 5
PrivateFrameworks/DocumentManager : 11
PrivateFrameworks/DocumentManagerCore : 11
PrivateFrameworks/EmojiKit : 1667
PrivateFrameworks/FMCoreUI : 538
PrivateFrameworks/FMNetworking : 31
PrivateFrameworks/FrontBoard : 110
PrivateFrameworks/GameCenterUI : 7
PrivateFrameworks/Home : 4
PrivateFrameworks/HomeUI : 4
PrivateFrameworks/IntlPreferences : 5
PrivateFrameworks/Jet : 217
PrivateFrameworks/ManagedConfiguration : 31
PrivateFrameworks/MarkupUI : 5
PrivateFrameworks/MobileTimer : 6
PrivateFrameworks/MobileTimerUI : 6
PrivateFrameworks/NanoRegistry : 496
PrivateFrameworks/NetAppsUtilitiesUI : 258
PrivateFrameworks/NewsAnalytics : 5
PrivateFrameworks/NewsAnalyticsUpload : 5
PrivateFrameworks/NewsArticles : 5
PrivateFrameworks/NewsCore : 5
PrivateFrameworks/NewsDaemon : 5
PrivateFrameworks/NewsFeed : 5
PrivateFrameworks/NewsFeedLayout : 5
PrivateFrameworks/NewsFoundation : 5
PrivateFrameworks/NewsServicesInternal : 5
PrivateFrameworks/NewsSubscription : 5
PrivateFrameworks/NewsTransport : 5
PrivateFrameworks/NewsUI : 5
PrivateFrameworks/NewsUI2 : 5
PrivateFrameworks/OnBoardingKit : 5
PrivateFrameworks/PassKitUIFoundation : 4
PrivateFrameworks/PencilKit : 28
PrivateFrameworks/PersonaUI : 579
PrivateFrameworks/RTTUI : 3
PrivateFrameworks/RapportUI : 2
PrivateFrameworks/SPShared : 31
PrivateFrameworks/SafariShared : 8
PrivateFrameworks/Silex : 5
PrivateFrameworks/SilexText : 5
PrivateFrameworks/SilexVideo : 5
PrivateFrameworks/SocialServices : 70
PrivateFrameworks/Stocks : 1237
PrivateFrameworks/TSReading : 848
PrivateFrameworks/TSUtility : 848
PrivateFrameworks/TelephonyUI : 11
PrivateFrameworks/TransparencyDetailsView : 35
PrivateFrameworks/UHASHelloExtensionPoint-iOS : 5
PrivateFrameworks/UIAccessibility : 5
PrivateFrameworks/UIKitCore : 12
PrivateFrameworks/UIKitMacHelper : 12
PrivateFrameworks/UIKitServices : 12
PrivateFrameworks/UserNotificationsExtensionPoint : 98
PrivateFrameworks/VisualAlert : 5
PrivateFrameworks/VisualPairing : 1259
PrivateFrameworks/VoiceMemos : 164
PrivateFrameworks/VoiceShortcutClient : 2
PrivateFrameworks/VoiceShortcuts : 2
PrivateFrameworks/VoiceShortcutsUI : 2
PrivateFrameworks/Weather : 4383
PrivateFrameworks/WeatherFoundation : 72
PrivateFrameworks/WebCore : 6
PrivateFrameworks/WebInspector : 6
PrivateFrameworks/WebKitLegacy : 6
PrivateFrameworks/WebUI : 8
PrivateFrameworks/WorkflowKit : 2
PrivateFrameworks/WorkflowUI : 2
