Applications/DB Browser for SQLite : 3.10.1
Applications/Discord : 0.0.255
Applications/GIMP : 2.8.22
Applications/GitHub Desktop : 2.1.3
Applications/Google Chrome Canary : 3895.0
Applications/Google Chrome : 3809.132
Applications/HSTracker : 2024
Applications/HandBrake : 2019022300
Applications/HiddenMe : 40
Applications/Logi Options : 7.14.77
Applications/Numbers : 6369
Applications/Pages : 6369
Applications/Private Internet Access : 82.0.0
Applications/RuneScape : 1.0
Applications/Safari Technology Preview : 15609.1.2.2
Applications/Safari : 15608.2.5
Applications/Spotify : 1.1.12.451.gdb77255f-47
Applications/Visual Studio Code : 1.24.1
Applications/Xcode-beta : 14908.4
Applications/Yack! - Beta : 50.0.156
Applications/cDock : 5991
Utilities/LogiMgr Uninstaller : 7.14.77
Frameworks/AGL : 2567
Frameworks/AVKit : 5
Frameworks/Accelerate : 985
Frameworks/Accounts : 35
Frameworks/AddressBook : 64
Frameworks/AppKit : 11
Frameworks/ApplicationServices : 1158
Frameworks/AudioToolbox : 59
Frameworks/AudioUnit : 11
Frameworks/AudioVideoBridging : 5
Frameworks/AuthenticationServices : 26
Frameworks/Automator : 8
Frameworks/BackgroundTasks : 11
Frameworks/CFNetwork : 35
Frameworks/CallKit : 11
Frameworks/Carbon : 2436
Frameworks/CloudKit : 45
Frameworks/Cocoa : 9313
Frameworks/ColorSync : 25
Frameworks/Combine : 28
Frameworks/Contacts : 25
Frameworks/ContactsUI : 28
Frameworks/CoreAudio : 113
Frameworks/CoreAudioKit : 311
Frameworks/CoreAudioTypes : 59
Frameworks/CoreBluetooth : 28
Frameworks/CoreData : 15
Frameworks/CoreFoundation : 31
Frameworks/CoreGraphics : 30
Frameworks/CoreHaptics : 29
Frameworks/CoreImage : 9
Frameworks/CoreLocation : 11
Frameworks/CoreMIDI : 161
Frameworks/CoreMIDIServer : 161
Frameworks/CoreML : 9
Frameworks/CoreMedia : 6
Frameworks/CoreMediaIO : 88
Frameworks/CoreMotion : 11
Frameworks/CoreServices : 108
Frameworks/CoreSpotlight : 1
Frameworks/CoreTelephony : 18
Frameworks/CoreText : 44
Frameworks/CoreWLAN : 28
Frameworks/CryptoKit : 459
Frameworks/CryptoTokenKit : 34
Frameworks/DVDPlayback : 17
Frameworks/DeviceCheck : 5225
Frameworks/DirectoryService : 559
Frameworks/DiskArbitration : 5
Frameworks/DriverKit : 25
Frameworks/EventKit : 41
Frameworks/ExecutionPolicy : 7
Frameworks/ExternalAccessory : 17
Frameworks/FWAUserLib : 16
Frameworks/FileProvider : 10
Frameworks/FinderSync : 8
Frameworks/ForceFeedback : 2627
Frameworks/Foundation : 31
Frameworks/GLKit : 66
Frameworks/GLUT : 202
Frameworks/GSS : 22
Frameworks/GameController : 92
Frameworks/GameKit : 422
Frameworks/HIDDriverKit : 29
Frameworks/Hypervisor : 711
Frameworks/ICADevices : 11
Frameworks/IMServicePlugIn : 1
Frameworks/IOBluetooth : 58
Frameworks/IOBluetoothUI : 56
Frameworks/IOKit : 15
Frameworks/IOUSBHost : 13
Frameworks/IdentityLookup : 11
Frameworks/ImageCaptureCore : 11
Frameworks/ImageIO : 30
Frameworks/InstallerPlugins : 2
Frameworks/Intents : 22
Frameworks/JavaScriptCore : 25
Frameworks/Kerberos : 219
Frameworks/Kernel : 17
Frameworks/LDAP : 52
Frameworks/LatentSemanticMapping : 1758
Frameworks/LinkPresentation : 24
Frameworks/LocalAuthentication : 69
Frameworks/MapKit : 10
Frameworks/MediaAccessibility : 67
Frameworks/MediaPlayer : 6
Frameworks/MediaToolbox : 7
Frameworks/Message : 11452
Frameworks/MetalKit : 2
Frameworks/MetalPerformanceShaders : 8
Frameworks/MetricKit : 59
Frameworks/NaturalLanguage : 41
Frameworks/Network : 4
Frameworks/NetworkExtension : 29
Frameworks/NetworkingDriverKit : 82
Frameworks/NotificationCenter : 6
Frameworks/OSLog : 19
Frameworks/OpenAL : 158
Frameworks/OpenCL : 345
Frameworks/OpenDirectory : 559
Frameworks/OpenGL : 895
Frameworks/PCSC : 2
Frameworks/PDFKit : 7
Frameworks/PencilKit : 20
Frameworks/Photos : 1
Frameworks/PhotosUI : 1
Frameworks/PreferencePanes : 6
Frameworks/PushKit : 268
Frameworks/Python : 194
Frameworks/Quartz : 6554
Frameworks/QuickLook : 3
Frameworks/QuickLookThumbnailing : 10
Frameworks/RealityKit : 18
Frameworks/Ruby : 152
Frameworks/SafariServices : 8
Frameworks/SceneKit : 21
Frameworks/Security : 59
Frameworks/SecurityFoundation : 2620
Frameworks/SecurityInterface : 99
Frameworks/ServiceManagement : 19
Frameworks/Social : 61
Frameworks/SoundAnalysis : 583
Frameworks/StoreKit : 33
Frameworks/SwiftUI : 10
Frameworks/System : 36236
Frameworks/SystemConfiguration : 23
Frameworks/SystemExtensions : 7
Frameworks/Tcl : 400
Frameworks/USBDriverKit : 13
Frameworks/UserNotifications : 21
Frameworks/VideoDecodeAcceleration : 3924
Frameworks/VideoSubscriberAccount : 9
Frameworks/VideoToolbox : 6
Frameworks/Vision : 115
Frameworks/WebKit : 17
Frameworks/iTunesLibrary : 16
Frameworks/vecLib : 985
Frameworks/vmnet : 49
PrivateFrameworks/AMPDevices : 14
PrivateFrameworks/AMPLibrary : 18
PrivateFrameworks/AMPSharing : 8
PrivateFrameworks/AOSMigrate : 12373
PrivateFrameworks/AOSUI : 8
PrivateFrameworks/APFS : 2
PrivateFrameworks/AVConference : 1
PrivateFrameworks/AVFoundationCF : 12
PrivateFrameworks/AXCoreUtilities : 71
PrivateFrameworks/AXHearingCoreSupport : 2517
PrivateFrameworks/AXHearingSupport : 2517
PrivateFrameworks/AXMediaUtilities : 2
PrivateFrameworks/AXRuntime : 71
PrivateFrameworks/AccessibilityBundles : 8
PrivateFrameworks/AccessibilityPerformance : 8
PrivateFrameworks/AccessibilityPlatformTranslation : 29
PrivateFrameworks/AccessibilitySharedSupport : 29
PrivateFrameworks/AccessibilitySupport : 8
PrivateFrameworks/AccessoryNowPlaying : 11
PrivateFrameworks/AccountsDaemon : 35
PrivateFrameworks/AccountsUI : 6
PrivateFrameworks/ActionKit : 14
PrivateFrameworks/AdAnalytics : 8
PrivateFrameworks/AddressBookAutocomplete : 28
PrivateFrameworks/AddressBookCore : 64
PrivateFrameworks/Admin : 3
PrivateFrameworks/AirPlayReceiver : 7
PrivateFrameworks/AirPlaySender : 7
PrivateFrameworks/AirTrafficHost : 26
PrivateFrameworks/AmbientDisplay : 2
PrivateFrameworks/AnnotationKit : 26
PrivateFrameworks/AppSSO : 14
PrivateFrameworks/AppSSOCore : 14
PrivateFrameworks/AppSSOKerberos : 14
PrivateFrameworks/AppSSOUI : 14
PrivateFrameworks/AppServerSupport : 19
PrivateFrameworks/AppStoreDaemon : 53
PrivateFrameworks/AppStoreFoundation : 53
PrivateFrameworks/AppStoreKit : 46
PrivateFrameworks/AppStoreUI : 8
PrivateFrameworks/AppSupport : 2836
PrivateFrameworks/Apple80211 : 6
PrivateFrameworks/AppleAccount : 24
PrivateFrameworks/AppleAppSupport : 6554
PrivateFrameworks/AppleFSCompression : 5839
PrivateFrameworks/AppleGVA : 7
PrivateFrameworks/AppleGVACore : 7
PrivateFrameworks/AppleJPEG : 130
PrivateFrameworks/AppleMediaServices : 123
PrivateFrameworks/AppleMediaServicesUI : 32
PrivateFrameworks/ApplePushService : 278
PrivateFrameworks/AppleSRP : 6519
PrivateFrameworks/AppleSauce : 1876
PrivateFrameworks/AppleShareClientCore : 1553
PrivateFrameworks/AppleSystemInfo : 407
PrivateFrameworks/AppleVA : 1211
PrivateFrameworks/AppleVPA : 174
PrivateFrameworks/AskPermission : 13
PrivateFrameworks/AssertionServices : 6
PrivateFrameworks/AssetsLibraryServices : 1
PrivateFrameworks/AssistantServices : 33
PrivateFrameworks/AssistiveControlSupport : 9
PrivateFrameworks/AttributeGraph : 123
PrivateFrameworks/AudioPasscode : 1798
PrivateFrameworks/AudioServerApplication : 841
PrivateFrameworks/AudioServerDriver : 841
PrivateFrameworks/AudioSession : 181
PrivateFrameworks/AudioToolboxCore : 59
PrivateFrameworks/AuthKit : 35
PrivateFrameworks/AuthKitUI : 32
PrivateFrameworks/AuthenticationServices : 26
PrivateFrameworks/AutoBugCaptureCore : 19
PrivateFrameworks/BackBoardServices : 388
PrivateFrameworks/Backup : 8
PrivateFrameworks/BaseBoard : 21
PrivateFrameworks/BehaviorMiner : 9
PrivateFrameworks/BiometricKit : 23
PrivateFrameworks/BiometricKitUI : 11
PrivateFrameworks/BiometricSupport : 18
PrivateFrameworks/BluetoothAudio : 53
PrivateFrameworks/BluetoothManager : 28
PrivateFrameworks/BoardServices : 21
PrivateFrameworks/Bom : 964
PrivateFrameworks/BookCoverUtility : 2
PrivateFrameworks/BookKit : 2
PrivateFrameworks/BookKitFoundation : 2
PrivateFrameworks/BookUtility : 2
PrivateFrameworks/BridgeOSInstall : 2
PrivateFrameworks/BridgeOSInstallReporting : 2
PrivateFrameworks/BridgeOSObliteration : 15
PrivateFrameworks/BridgeOSSoftwareUpdate : 612
PrivateFrameworks/ByteRangeLocking : 1506
PrivateFrameworks/C2 : 10
PrivateFrameworks/CDDataAccess : 24
PrivateFrameworks/CDDataAccessExpress : 24
PrivateFrameworks/CSCSupport : 7
PrivateFrameworks/CacheDelete : 14
PrivateFrameworks/CalDAV : 26
PrivateFrameworks/CalendarDraw : 5
PrivateFrameworks/CalendarFoundation : 15
PrivateFrameworks/CalendarNotification : 32
PrivateFrameworks/CalendarPersistence : 8
PrivateFrameworks/CalendarUI : 8
PrivateFrameworks/CalendarUIKit : 25
PrivateFrameworks/CallHistory : 62
PrivateFrameworks/CardKit : 9
PrivateFrameworks/CardServices : 9
PrivateFrameworks/Cards : 9
PrivateFrameworks/Categories : 29
PrivateFrameworks/ChunkingLibrary : 1168
PrivateFrameworks/ClassKit : 8
PrivateFrameworks/ClassroomKit : 50
PrivateFrameworks/CloudDocs : 11
PrivateFrameworks/CloudDocsDaemon : 9
PrivateFrameworks/CloudKitCode : 41
PrivateFrameworks/CloudKitCodeProtobuf : 41
PrivateFrameworks/CloudKitDaemon : 42
PrivateFrameworks/CloudPhotoLibrary : 1
PrivateFrameworks/CloudPhotoServices : 1
PrivateFrameworks/CloudPhotoServicesConfiguration : 1
PrivateFrameworks/CloudServices : 18
PrivateFrameworks/Coherence : 3266
PrivateFrameworks/CombineCocoa : 28
PrivateFrameworks/CommerceKit : 8
PrivateFrameworks/CommonAuth : 22
PrivateFrameworks/ConfigProfileHelper : 8
PrivateFrameworks/ConfigurationEngineModel : 30
PrivateFrameworks/ConfigurationProfiles : 8
PrivateFrameworks/ConfigurationProfilesUI : 8
PrivateFrameworks/ConsoleKit : 6
PrivateFrameworks/ConstantClasses : 1387
PrivateFrameworks/ContactsAutocomplete : 35
PrivateFrameworks/ContactsAutocompleteUI : 13
PrivateFrameworks/ContactsFoundation : 53
PrivateFrameworks/ContactsPersistence : 8
PrivateFrameworks/ContentKit : 14
PrivateFrameworks/ContextKit : 9
PrivateFrameworks/ConversationKit : 60
PrivateFrameworks/CoreAVCHD : 1776
PrivateFrameworks/CoreAccessories : 11
PrivateFrameworks/CoreAnalytics : 486
PrivateFrameworks/CoreBrightness : 15
PrivateFrameworks/CoreCDP : 30
PrivateFrameworks/CoreCDPInternal : 30
PrivateFrameworks/CoreCDPUI : 30
PrivateFrameworks/CoreCapture : 77
PrivateFrameworks/CoreCaptureControl : 77
PrivateFrameworks/CoreCaptureDaemon : 77
PrivateFrameworks/CoreChineseEngine : 4
PrivateFrameworks/CoreDaemon : 1007
PrivateFrameworks/CoreDuet : 2
PrivateFrameworks/CoreDuetContext : 2
PrivateFrameworks/CoreDuetDaemonProtocol : 2
PrivateFrameworks/CoreDuetDataModel : 2
PrivateFrameworks/CoreDuetDebugLogging : 2
PrivateFrameworks/CoreDuetStatistics : 2
PrivateFrameworks/CoreDuetSync : 2
PrivateFrameworks/CoreEmoji : 22
PrivateFrameworks/CoreFP : 6
PrivateFrameworks/CoreFollowUp : 14
PrivateFrameworks/CoreFollowUpUI : 14
PrivateFrameworks/CoreHAP : 12
PrivateFrameworks/CoreHandwriting : 8
PrivateFrameworks/CoreKE : 192
PrivateFrameworks/CoreKnowledge : 174
PrivateFrameworks/CoreLSKD : 6
PrivateFrameworks/CoreLSKDMSE : 589
PrivateFrameworks/CoreMLTestFramework : 9
PrivateFrameworks/CoreMaterial : 8
PrivateFrameworks/CoreMediaStream : 1
PrivateFrameworks/CoreNLP : 38
PrivateFrameworks/CoreNavigation : 29
PrivateFrameworks/CoreOptimization : 3445
PrivateFrameworks/CorePhoneNumbers : 16
PrivateFrameworks/CoreRE : 17
PrivateFrameworks/CoreRecognition : 16
PrivateFrameworks/CoreRoutine : 39
PrivateFrameworks/CoreSVG : 19
PrivateFrameworks/CoreServicesInternal : 12
PrivateFrameworks/CoreServicesStore : 3
PrivateFrameworks/CoreSpeech : 31
PrivateFrameworks/CoreSuggestions : 8
PrivateFrameworks/CoreSuggestionsInternals : 8
PrivateFrameworks/CoreSuggestionsML : 8
PrivateFrameworks/CoreSuggestionsUI : 8
PrivateFrameworks/CoreSymbolication : 635
PrivateFrameworks/CoreThemeDefinition : 15
PrivateFrameworks/CoreUI : 36
PrivateFrameworks/CoreUtils : 31
PrivateFrameworks/CoreUtilsSwift : 2508
PrivateFrameworks/CoreWLANKit : 5
PrivateFrameworks/CoreWiFi : 191
PrivateFrameworks/CrashReporterSupport : 8
PrivateFrameworks/CreateML : 58
PrivateFrameworks/CryptoKitCBridging : 459
PrivateFrameworks/CryptoKitPrivate : 459
PrivateFrameworks/DASDaemon : 11
PrivateFrameworks/DCERPC : 1172
PrivateFrameworks/DCIMServices : 1
PrivateFrameworks/DFRBrightness : 15
PrivateFrameworks/DFRDisplay : 450
PrivateFrameworks/DFRFoundation : 10
PrivateFrameworks/DSExternalDisplay : 154
PrivateFrameworks/DTXConnectionServices : 247
PrivateFrameworks/DVD : 13221
PrivateFrameworks/DataDeliveryServices : 8246
PrivateFrameworks/DataDetectors : 8
PrivateFrameworks/DataDetectorsCore : 802
PrivateFrameworks/DesktopServicesPriv : 8
PrivateFrameworks/DeviceCheckInternal : 5225
PrivateFrameworks/DeviceIdentity : 29
PrivateFrameworks/DeviceLink : 26
PrivateFrameworks/DeviceManagement : 30
PrivateFrameworks/DeviceToDeviceManager : 4583
PrivateFrameworks/DiagnosticLogCollection : 39
PrivateFrameworks/DigitalTouchShared : 2791
PrivateFrameworks/DiskImages : 1
PrivateFrameworks/DiskManagement : 5
PrivateFrameworks/DistributedEvaluation : 99
PrivateFrameworks/DrawingKit : 26
PrivateFrameworks/DuetActivityScheduler : 11
PrivateFrameworks/DuetRecommendation : 2
PrivateFrameworks/DynamicDesktop : 13
PrivateFrameworks/EAFirmwareUpdater : 24
PrivateFrameworks/EAP8021X : 11
PrivateFrameworks/EasyConfig : 31
PrivateFrameworks/Email : 70
PrivateFrameworks/EmailAddressing : 70
PrivateFrameworks/EmailCore : 70
PrivateFrameworks/EmailDaemon : 70
PrivateFrameworks/EmailFoundation : 70
PrivateFrameworks/EmbeddedAcousticRecognition : 99
PrivateFrameworks/EmbeddedOSInstall : 906
PrivateFrameworks/EmbeddedOSSupportHost : 47
PrivateFrameworks/EmbeddedSensingProtocols : 2527
PrivateFrameworks/Engram : 39
PrivateFrameworks/Espresso : 1259
PrivateFrameworks/ExchangeSync : 5
PrivateFrameworks/ExpansionSlotSupport : 7
PrivateFrameworks/FMClient : 199
PrivateFrameworks/FMF : 29
PrivateFrameworks/FMFCore : 10
PrivateFrameworks/FMFUI : 29
PrivateFrameworks/FMIPCore : 10
PrivateFrameworks/FMNetworking : 20
PrivateFrameworks/FTAWD : 39
PrivateFrameworks/FWAVC : 88
PrivateFrameworks/FamilyCircle : 31
PrivateFrameworks/FamilyCircleUI : 31
PrivateFrameworks/FamilyNotification : 31
PrivateFrameworks/FileProvider : 10
PrivateFrameworks/FileProviderDaemon : 10
PrivateFrameworks/FindMyDeviceUI : 8
PrivateFrameworks/FinderKit : 8
PrivateFrameworks/FinderSyncPriv : 8
PrivateFrameworks/FoundInAppsPlugins : 22
PrivateFrameworks/FrontBoardServices : 16
PrivateFrameworks/GPUInfo : 73
PrivateFrameworks/GPUSupport : 895
PrivateFrameworks/GPUWrangler : 7
PrivateFrameworks/GameCenterFoundation : 422
PrivateFrameworks/GameCenterUI : 422
PrivateFrameworks/GameCenterUICore : 422
PrivateFrameworks/GameKitServices : 1
PrivateFrameworks/GenerationalStorage : 24
PrivateFrameworks/GeoServices : 8
PrivateFrameworks/Geode : 1
PrivateFrameworks/HID : 34
PrivateFrameworks/HIDAnalytics : 29
PrivateFrameworks/HIDDisplay : 29
PrivateFrameworks/HMFoundation : 10
PrivateFrameworks/HearingCore : 22
PrivateFrameworks/HearingUtilities : 22
PrivateFrameworks/HeimODAdmin : 5
PrivateFrameworks/Heimdal : 22
PrivateFrameworks/Helium : 202
PrivateFrameworks/HelloWorldMacHelper : 10
PrivateFrameworks/HomeAI : 30
PrivateFrameworks/HomeKit : 12
PrivateFrameworks/HomeKitBackingStore : 12
PrivateFrameworks/HomeKitDaemon : 12
PrivateFrameworks/IAP : 597
PrivateFrameworks/IASUtilities : 88
PrivateFrameworks/IDSHashPersistence : 44
PrivateFrameworks/IDSKVStore : 44
PrivateFrameworks/IMAP : 8
PrivateFrameworks/IMAssistantCore : 1
PrivateFrameworks/IMCore : 1
PrivateFrameworks/IMDMessageServices : 1
PrivateFrameworks/IMDPersistence : 1
PrivateFrameworks/IMDaemonCore : 1
PrivateFrameworks/IMFoundation : 39
PrivateFrameworks/IMSharedUtilities : 1
PrivateFrameworks/IMTranscoderAgent : 1
PrivateFrameworks/IMTranscoding : 1
PrivateFrameworks/IMTransferServices : 39
PrivateFrameworks/IOAccelMemoryInfo : 2
PrivateFrameworks/IOAccelerator : 2
PrivateFrameworks/IOImageLoader : 1636
PrivateFrameworks/IOPlatformPluginFamily : 390
PrivateFrameworks/IOPresentment : 1658
PrivateFrameworks/IconServices : 6
PrivateFrameworks/Intents : 22
PrivateFrameworks/IntentsCore : 22
PrivateFrameworks/IntentsFoundation : 22
PrivateFrameworks/IntentsServices : 22
PrivateFrameworks/IntlPreferences : 34
PrivateFrameworks/JetEngine : 122
PrivateFrameworks/JetUI : 122
PrivateFrameworks/KerberosHelper : 1740
PrivateFrameworks/KeychainCircle : 59
PrivateFrameworks/KnowledgeGraphKit : 1
PrivateFrameworks/KnowledgeMonitor : 11
PrivateFrameworks/LanguageModeling : 13
PrivateFrameworks/Lexicon : 13
PrivateFrameworks/LinguisticData : 31
PrivateFrameworks/LinkPresentation : 24
PrivateFrameworks/LocalAuthenticationRecoveryUI : 69
PrivateFrameworks/LocalAuthenticationUI : 69
PrivateFrameworks/LocationSupport : 11
PrivateFrameworks/LoggingSupport : 19
PrivateFrameworks/LoginUIKit : 296
PrivateFrameworks/Lookup : 6
PrivateFrameworks/MDSChannel : 1524
PrivateFrameworks/MFAAuthentication : 11
PrivateFrameworks/MFiAuthentication : 597
PrivateFrameworks/MMCS : 10
PrivateFrameworks/MMCSServices : 1
PrivateFrameworks/Mail : 8
PrivateFrameworks/MailCore : 8
PrivateFrameworks/MailService : 8
PrivateFrameworks/MailSupport : 70
PrivateFrameworks/MailUI : 8
PrivateFrameworks/MailWebProcessSupport : 70
PrivateFrameworks/MallocStackLogging : 561
PrivateFrameworks/ManagedClient : 8
PrivateFrameworks/Mangrove : 3482
PrivateFrameworks/MapsSuggestions : 9
PrivateFrameworks/MapsSupport : 9
PrivateFrameworks/Marco : 39
PrivateFrameworks/MarkupUI : 26
PrivateFrameworks/MediaConversionService : 1
PrivateFrameworks/MediaExperience : 6
PrivateFrameworks/MediaKit : 725
PrivateFrameworks/MediaMiningKit : 1
PrivateFrameworks/MediaRemote : 4
PrivateFrameworks/MediaServices : 4
PrivateFrameworks/MediaStream : 1
PrivateFrameworks/Memories : 6
PrivateFrameworks/MessageProtection : 18
PrivateFrameworks/MessageUIMacHelper : 8
PrivateFrameworks/MessagesHelperKit : 119
PrivateFrameworks/MessagesKit : 119
PrivateFrameworks/MetadataUtilities : 1
PrivateFrameworks/MetricKitCore : 59
PrivateFrameworks/MetricKitServices : 59
PrivateFrameworks/MetricKitSource : 59
PrivateFrameworks/MetricMeasurement : 59
PrivateFrameworks/MiniSoftwareUpdate : 645
PrivateFrameworks/MobileAccessoryUpdater : 72
PrivateFrameworks/MobileActivationMacOS : 29
PrivateFrameworks/MobileAsset : 6
PrivateFrameworks/MobileAssetUpdater : 24
PrivateFrameworks/MobileBluetooth : 28
PrivateFrameworks/MobileDevice : 26
PrivateFrameworks/MobileIcons : 6
PrivateFrameworks/MobileKeyBag : 80
PrivateFrameworks/Mondrian : 1
PrivateFrameworks/MultitouchSupport : 11
PrivateFrameworks/MultiverseSupport : 1165
PrivateFrameworks/MusicLibrary : 4
PrivateFrameworks/NLP : 10
PrivateFrameworks/Navigation : 10
PrivateFrameworks/NearField : 64
PrivateFrameworks/NetAppsUtilities : 52
PrivateFrameworks/NetAuth : 217
PrivateFrameworks/Netrb : 201
PrivateFrameworks/Network : 4
PrivateFrameworks/NetworkServiceProxy : 558
PrivateFrameworks/NeutrinoCore : 1
PrivateFrameworks/NeutrinoKit : 1
PrivateFrameworks/NotificationCenterUI : 6
PrivateFrameworks/OSAServicesClient : 227
PrivateFrameworks/OSASubmissionClient : 231
PrivateFrameworks/OSASyncProxyClient : 231
PrivateFrameworks/OSAnalytics : 227
PrivateFrameworks/OSAnalyticsPrivate : 231
PrivateFrameworks/OSInstaller : 12
PrivateFrameworks/OSPersonalization : 449
PrivateFrameworks/OSUpdate : 12
PrivateFrameworks/OTSVG : 44
PrivateFrameworks/OnBoardingKit : 25
PrivateFrameworks/OpenDirectoryConfig : 12668
PrivateFrameworks/PAImaging : 1
PrivateFrameworks/PAImagingCore : 1
PrivateFrameworks/PDFKit : 7
PrivateFrameworks/PIP : 10
PrivateFrameworks/PSNormalizer : 17
PrivateFrameworks/PackageKit : 6
PrivateFrameworks/PacketFilter : 225
PrivateFrameworks/ParsecUI : 1
PrivateFrameworks/PassKit : 18
PrivateFrameworks/PassKitCore : 17
PrivateFrameworks/PassKitUI : 8
PrivateFrameworks/PassKitUIFoundation : 14
PrivateFrameworks/PencilKit : 20
PrivateFrameworks/PeopleSuggester : 2
PrivateFrameworks/PersistentConnection : 30
PrivateFrameworks/PersonalizationPortrait : 22
PrivateFrameworks/PersonalizationPortraitInternals : 22
PrivateFrameworks/PhoneNumbers : 16
PrivateFrameworks/PhotoAnalysis : 1
PrivateFrameworks/PhotoFoundation : 1
PrivateFrameworks/PhotoImaging : 1
PrivateFrameworks/PhotoLibrary : 1
PrivateFrameworks/PhotoLibraryServices : 1
PrivateFrameworks/PhotoPrintProduct : 8
PrivateFrameworks/PhotoVision : 1
PrivateFrameworks/PhotosFormats : 1
PrivateFrameworks/PhotosGraph : 1
PrivateFrameworks/PhotosImagingFoundation : 1
PrivateFrameworks/PhotosPlayer : 1
PrivateFrameworks/PhotosUICore : 1
PrivateFrameworks/PipelineKit : 1
PrivateFrameworks/PlacesKit : 1
PrivateFrameworks/PlugInKit : 21
PrivateFrameworks/PodcastServices : 11
PrivateFrameworks/PowerLog : 11
PrivateFrameworks/PowerlogControl : 11
PrivateFrameworks/PowerlogCore : 11
PrivateFrameworks/PowerlogDatabaseReader : 11
PrivateFrameworks/PowerlogLiteOperators : 10
PrivateFrameworks/PreferencePanesSupport : 8
PrivateFrameworks/PrintingPrivate : 8
PrivateFrameworks/ProVideo : 208
PrivateFrameworks/ProactiveEventTracker : 93
PrivateFrameworks/ProactiveExperiments : 8
PrivateFrameworks/ProactiveExperimentsInternals : 8
PrivateFrameworks/ProactiveML : 8
PrivateFrameworks/ProactiveSupport : 93
PrivateFrameworks/ProactiveSupportStubs : 93
PrivateFrameworks/ProofReader : 24
PrivateFrameworks/ProtectedCloudStorage : 100
PrivateFrameworks/ProtocolBuffer : 3
PrivateFrameworks/QuickLookIosmac : 3
PrivateFrameworks/QuickLookNonBaseSystem : 3
PrivateFrameworks/QuickLookSupport : 10
PrivateFrameworks/QuickLookThumbnailing : 10
PrivateFrameworks/QuickLookUIIosmac : 3
PrivateFrameworks/ROCKit : 2435
PrivateFrameworks/RTCReporting : 77
PrivateFrameworks/RTTUI : 22
PrivateFrameworks/RTTUtilities : 22
PrivateFrameworks/Rapport : 32
PrivateFrameworks/RapportUI : 32
PrivateFrameworks/ReminderKit : 24
PrivateFrameworks/ReminderKitUI : 24
PrivateFrameworks/ReminderMigration : 19
PrivateFrameworks/RemoteServiceDiscovery : 19
PrivateFrameworks/RemoteXPC : 19
PrivateFrameworks/RenderBox : 308
PrivateFrameworks/ReplayKitMacHelper : 8
PrivateFrameworks/ResponseKit : 6
PrivateFrameworks/RunningBoard : 6
PrivateFrameworks/RunningBoardServices : 6
PrivateFrameworks/SAObjects : 22
PrivateFrameworks/SDAPI : 2350
PrivateFrameworks/SMBClient : 5
PrivateFrameworks/SPFinder : 20
PrivateFrameworks/SPOwner : 20
PrivateFrameworks/SPShared : 20
PrivateFrameworks/Safari : 8
PrivateFrameworks/SafariCore : 26
PrivateFrameworks/SafariFoundation : 26
PrivateFrameworks/SafariPlatformSupport : 8
PrivateFrameworks/SafariSafeBrowsing : 13
PrivateFrameworks/SafariShared : 26
PrivateFrameworks/ScreenReader : 8
PrivateFrameworks/ScreenReaderCore : 8
PrivateFrameworks/ScreenSharing : 8
PrivateFrameworks/ScreenTimeCore : 31
PrivateFrameworks/ScreenTimeServiceUI : 29
PrivateFrameworks/ScreenTimeUI : 29
PrivateFrameworks/SearchUI : 24
PrivateFrameworks/SearchUICardKitProviderSupport : 5
PrivateFrameworks/SecurityTokend : 2317
PrivateFrameworks/Seeding : 239
PrivateFrameworks/SetupAssistantFramework : 45
PrivateFrameworks/SetupAssistantSupport : 788
PrivateFrameworks/ShareKit : 8
PrivateFrameworks/ShareServicesCore : 1
PrivateFrameworks/ShareSheet : 11
PrivateFrameworks/SharedWebCredentials : 17
PrivateFrameworks/Sharing : 36
PrivateFrameworks/SharingXPCServices : 36
PrivateFrameworks/SidecarCore : 12
PrivateFrameworks/SidecarUI : 12
PrivateFrameworks/SignpostCollection : 958
PrivateFrameworks/SignpostMetrics : 958
PrivateFrameworks/SignpostNotification : 218
PrivateFrameworks/SignpostSupport : 958
PrivateFrameworks/SiriClientFlow : 20
PrivateFrameworks/SiriCore : 31
PrivateFrameworks/SiriFoundation : 5
PrivateFrameworks/SiriInstrumentation : 33
PrivateFrameworks/SiriTTS : 3
PrivateFrameworks/SiriTasks : 33
PrivateFrameworks/SiriUI : 5
PrivateFrameworks/SiriVOX : 31
PrivateFrameworks/SkyLight : 7
PrivateFrameworks/SocialAppsCore : 119
PrivateFrameworks/SocialServices : 35
PrivateFrameworks/SocialUI : 119
PrivateFrameworks/SoftwareUpdate : 12
PrivateFrameworks/SpanMatcher : 31
PrivateFrameworks/SpeechDictionary : 1346
PrivateFrameworks/SpeechObjects : 5
PrivateFrameworks/SpeechRecognitionCommandServices : 10
PrivateFrameworks/SpeechRecognitionCore : 17
PrivateFrameworks/Spotlight : 1
PrivateFrameworks/SpotlightIndex : 1
PrivateFrameworks/SpotlightServerKit : 1
PrivateFrameworks/SpotlightServices : 1
PrivateFrameworks/StatsKit : 4244
PrivateFrameworks/StorageKit : 34
PrivateFrameworks/StorageManagement : 2
PrivateFrameworks/StoreFoundation : 8
PrivateFrameworks/StoreJavaScript : 8
PrivateFrameworks/StoreServices : 1492
PrivateFrameworks/StoreUI : 8
PrivateFrameworks/StreamingZip : 10
PrivateFrameworks/Suggestions : 6
PrivateFrameworks/SuggestionsSpotlightMetrics : 8
PrivateFrameworks/Symbolication : 561
PrivateFrameworks/SymptomDiagnosticReporter : 19
PrivateFrameworks/SymptomReporter : 19
PrivateFrameworks/Symptoms : 19
PrivateFrameworks/SystemAdministration : 3
PrivateFrameworks/SystemMigration : 12
PrivateFrameworks/SystemMigrationNetworking : 12
PrivateFrameworks/SystemMigrationUtils : 12
PrivateFrameworks/SystemPolicy : 7
PrivateFrameworks/TCC : 16
PrivateFrameworks/TTYUtilities : 2517
PrivateFrameworks/TVRemoteCore : 31
PrivateFrameworks/TelephonyUtilities : 63
PrivateFrameworks/TemplateKit : 24
PrivateFrameworks/TextInput : 44
PrivateFrameworks/TextInputCore : 44
PrivateFrameworks/TextRecognition : 16
PrivateFrameworks/TextToSpeech : 23
PrivateFrameworks/TimeMachine : 10
PrivateFrameworks/ToneKit : 17
PrivateFrameworks/ToneLibrary : 17
PrivateFrameworks/Tourist : 63
PrivateFrameworks/Transparency : 17
PrivateFrameworks/TrustEvaluationAgent : 2137
PrivateFrameworks/TrustedPeers : 59
PrivateFrameworks/TuriCore : 3
PrivateFrameworks/UAUPlugin : 6
PrivateFrameworks/UHASHelloExtensionPoint-macOS : 10
PrivateFrameworks/UIFoundation : 35
PrivateFrameworks/UIKitMacHelper : 37
PrivateFrameworks/UIKitSystemAppServices : 10
PrivateFrameworks/URLFormatting : 23
PrivateFrameworks/UXKit : 1
PrivateFrameworks/UniversalAccess : 8
PrivateFrameworks/UserActivity : 21
PrivateFrameworks/UserManagement : 9
PrivateFrameworks/VCXMPP : 10688
PrivateFrameworks/VectorKit : 8
PrivateFrameworks/VideoProcessing : 41
PrivateFrameworks/ViewBridge : 2
PrivateFrameworks/VisionKit : 18
PrivateFrameworks/VisualPairing : 3117
PrivateFrameworks/VisualTestKit : 44
PrivateFrameworks/VoiceShortcutClient : 14
PrivateFrameworks/VoiceShortcuts : 14
PrivateFrameworks/VoiceTrigger : 321
PrivateFrameworks/WPDaemon : 20
PrivateFrameworks/WatchdogClient : 29
PrivateFrameworks/WeatherFoundation : 32
PrivateFrameworks/WebContentAnalysis : 733
PrivateFrameworks/WebDriver : 8
PrivateFrameworks/WebFilterDNS : 733
PrivateFrameworks/WebInspector : 17
PrivateFrameworks/WebInspectorUI : 8
PrivateFrameworks/WiFiCloudSyncEngine : 5
PrivateFrameworks/WiFiPolicy : 6
PrivateFrameworks/WiFiVelocity : 28
PrivateFrameworks/WirelessCoexManager : 7
PrivateFrameworks/WirelessDiagnostics : 1498
PrivateFrameworks/WirelessProximity : 20
PrivateFrameworks/WorkflowKit : 14
PrivateFrameworks/XARTRecovery : 91
PrivateFrameworks/XCTAutomationSupport : 161
PrivateFrameworks/XCTTargetBootstrap : 161
PrivateFrameworks/caulk : 11
PrivateFrameworks/iAdCore : 8
PrivateFrameworks/iAdServices : 8
PrivateFrameworks/iPod : 4167
PrivateFrameworks/iWorkXPC : 57
PrivateFrameworks/kperf : 3425
PrivateFrameworks/kperfdata : 3425
PrivateFrameworks/ktrace : 11
PrivateFrameworks/nt : 7
PrivateFrameworks/oncrpc : 19
PrivateFrameworks/vCard : 8
PrivateFrameworks/yara : 5
PrivateFrameworks/zudp : 5474
CoreServices/AVB Audio Configuration : 800.17
CoreServices/AddPrinter : 571
CoreServices/AddressBookUrlForwarder : 2409
CoreServices/AirPlayUIAgent : 406.31
CoreServices/AirPort Base Station Agent : 221.7
CoreServices/AppleFileServer : 2.1
CoreServices/AppleScript Utility : 42
CoreServices/Automator Installer : 486
CoreServices/Bluetooth Setup Assistant : 7.0.0d105
CoreServices/BluetoothUIServer : 7.0.0d105
CoreServices/Certificate Assistant : 55188
CoreServices/ControlStrip : 202
CoreServices/CoreLocationAgent : 2387.0.6
CoreServices/CoreServicesUIAgent : 333
CoreServices/DiskImageMounter : 559.0.1.171.1
CoreServices/Dock : 2035
CoreServices/Dwell Control : 281
CoreServices/Finder : 1293
CoreServices/HelpViewer : 377
CoreServices/Install Command Line Developer Tools : 2370
CoreServices/Install in Progress : 972.1
CoreServices/Installer Progress : 540
CoreServices/Installer : 962
CoreServices/KeyboardAccessAgent : 423
CoreServices/Keychain Circle Notification : 59306.0.53
CoreServices/Language Chooser : 578
CoreServices/ManagedClient : 1252
CoreServices/NotificationCenter : 828
CoreServices/OBEXAgent : 7.0.0d105
CoreServices/ODSAgent : 180.9
CoreServices/PIPAgent : 109
CoreServices/Paired Devices : 180.33
CoreServices/Photo Library Migration Utility : 2201.20.230
CoreServices/PodcastsAuthAgent : 1
CoreServices/Problem Reporter : 15009
CoreServices/RapportUIAgent : 180.33
CoreServices/RegisterPluginIMApp : 20
CoreServices/Setup Assistant : 2470
CoreServices/Siri : 200.0.41
CoreServices/SocialPushAgent : 62
CoreServices/Software Update : 1276.2
CoreServices/SpacesTouchBarAgent : 1
CoreServices/Spotlight : 2061.1
CoreServices/StocksWidget : 22
CoreServices/SystemUIServer : 492
CoreServices/TextInputMenuAgent : 243
CoreServices/TextInputSwitcher : 243
CoreServices/UIKitSystem : 180
CoreServices/UniversalAccessControl : 478
CoreServices/VoiceOver : 685
CoreServices/loginwindow : 1981
CoreServices/rcd : 360
CoreServices/screencaptureui : 251
Applications/Archive Utility : 125
Applications/Directory Utility : 425
Applications/Feedback Assistant : 411
Applications/Folder Actions Setup : 34
Applications/Network Utility : 160
Applications/Screen Sharing : 499.48
Applications/Ticket Viewer : 40
Applications/Wireless Diagnostics : 910
Frameworks/AVKit : 5
Frameworks/AuthenticationServices : 25
Frameworks/BusinessChat : 961
Frameworks/ContactsUI : 10
Frameworks/CoreAudioKit : 145
Frameworks/CoreNFC : 10
Frameworks/EventKitUI : 8
Frameworks/GameController : 28
Frameworks/GameKit : 117
Frameworks/GameplayKit : 6
Frameworks/HealthKit : 21
Frameworks/HealthKitUI : 21
Frameworks/IdentityLookupUI : 2
Frameworks/IntentsUI : 6
Frameworks/JavaScriptCore : 5
Frameworks/LinkPresentation : 8
Frameworks/MapKit : 10
Frameworks/MediaPlayer : 6
Frameworks/MessageUI : 8
Frameworks/MetalKit : 2
Frameworks/MobileCoreServices : 70
Frameworks/MultipeerConnectivity : 380
Frameworks/PDFKit : 5
Frameworks/PassKit : 7
Frameworks/PencilKit : 8
Frameworks/PhotosUI : 1
Frameworks/QuickLook : 23
Frameworks/RealityKit : 11
Frameworks/ReplayKit : 8
Frameworks/SafariServices : 5
Frameworks/SceneKit : 6
Frameworks/Social : 12
Frameworks/SpriteKit : 5
Frameworks/StoreKit : 8
Frameworks/SwiftUI : 10
Frameworks/UIKit : 38
Frameworks/VisionKit : 8
Frameworks/WebKit : 5
Frameworks/iAd : 8
PrivateFrameworks/AVKitMacHelper : 5
PrivateFrameworks/Accessibility : 10
PrivateFrameworks/AccessibilityUtilities : 10
PrivateFrameworks/ActionKit : 7
PrivateFrameworks/ActionKitUI : 7
PrivateFrameworks/ActivityRingsUI : 11
PrivateFrameworks/AddressBookLegacy : 59
PrivateFrameworks/AnnotationKit : 8
PrivateFrameworks/AppAnalytics : 494
PrivateFrameworks/AppSupportUI : 248
PrivateFrameworks/AppleMediaServicesUI : 14
PrivateFrameworks/AuthKitUI : 8
PrivateFrameworks/AuthKitUIMacHelper : 8
PrivateFrameworks/BaseBoardUI : 16
PrivateFrameworks/CalendarUIKit : 6
PrivateFrameworks/ClassroomKit : 17
PrivateFrameworks/ContactsAutocompleteUI : 8
PrivateFrameworks/ContentKit : 7
PrivateFrameworks/CorePDF : 446
PrivateFrameworks/CoreRecognition : 4
PrivateFrameworks/CoreSuggestionsUI : 8
PrivateFrameworks/DataDetectorsUI : 8
PrivateFrameworks/DocumentManager : 22
PrivateFrameworks/DocumentManagerCore : 22
PrivateFrameworks/EmojiKit : 1461
PrivateFrameworks/FMCoreUI : 327
PrivateFrameworks/FMNetworking : 7
PrivateFrameworks/FrontBoard : 16
PrivateFrameworks/GameCenterUI : 39
PrivateFrameworks/Home : 11
PrivateFrameworks/HomeKit : 5
PrivateFrameworks/HomeUI : 11
PrivateFrameworks/IMAssistantCore : 1
PrivateFrameworks/IMCore : 1
PrivateFrameworks/IMDPersistence : 1
PrivateFrameworks/IMSharedUtilities : 1
PrivateFrameworks/IMTranscoding : 1
PrivateFrameworks/IntlPreferences : 10
PrivateFrameworks/Jet : 3
PrivateFrameworks/ManagedConfiguration : 35
PrivateFrameworks/MarkupUI : 8
PrivateFrameworks/MediaPlaybackCore : 6
PrivateFrameworks/MobileTimer : 12
PrivateFrameworks/MobileTimerUI : 12
PrivateFrameworks/NanoRegistry : 432
PrivateFrameworks/NetAppsUtilitiesUI : 52
PrivateFrameworks/NewsAnalytics : 31
PrivateFrameworks/NewsAnalyticsUpload : 31
PrivateFrameworks/NewsArticles : 31
PrivateFrameworks/NewsCore : 31
PrivateFrameworks/NewsDaemon : 31
PrivateFrameworks/NewsFeed : 31
PrivateFrameworks/NewsFeedLayout : 31
PrivateFrameworks/NewsFoundation : 31
PrivateFrameworks/NewsServicesInternal : 31
PrivateFrameworks/NewsSubscription : 31
PrivateFrameworks/NewsTransport : 31
PrivateFrameworks/NewsUI : 31
PrivateFrameworks/NewsUI2 : 31
PrivateFrameworks/OnBoardingKit : 18
PrivateFrameworks/PassKitUIFoundation : 5
PrivateFrameworks/PencilKit : 8
PrivateFrameworks/PersonaUI : 369
PrivateFrameworks/PhotoLibrary : 1
PrivateFrameworks/PhotosPlayer : 1
PrivateFrameworks/PhotosUICore : 1
PrivateFrameworks/RTTUI : 8
PrivateFrameworks/RapportUI : 10
PrivateFrameworks/SPShared : 7
PrivateFrameworks/SafariShared : 25
PrivateFrameworks/Silex : 31
PrivateFrameworks/SilexText : 31
PrivateFrameworks/SilexVideo : 31
PrivateFrameworks/SocialServices : 11
PrivateFrameworks/TeaActivities : 21
PrivateFrameworks/TeaCharts : 21
PrivateFrameworks/TeaDB : 21
PrivateFrameworks/TeaFoundation : 21
PrivateFrameworks/TeaSettings : 21
PrivateFrameworks/TeaTemplate : 21
PrivateFrameworks/TeaUI : 21
PrivateFrameworks/TeaUIKit : 21
PrivateFrameworks/TelephonyUI : 15
PrivateFrameworks/UHASHelloExtensionPoint-iOS : 10
PrivateFrameworks/UIAccessibility : 10
PrivateFrameworks/UIKitCore : 37
PrivateFrameworks/UIKitMacHelper : 37
PrivateFrameworks/UIKitServices : 25
PrivateFrameworks/UserNotificationsExtensionPoint : 5
PrivateFrameworks/VisualAlert : 10
PrivateFrameworks/VisualPairing : 1088
PrivateFrameworks/VoiceMemos : 44
PrivateFrameworks/VoiceShortcutClient : 7
PrivateFrameworks/VoiceShortcuts : 7
PrivateFrameworks/VoiceShortcutsUI : 7
PrivateFrameworks/WeatherFoundation : 10
PrivateFrameworks/WebCore : 5
PrivateFrameworks/WebInspector : 5
PrivateFrameworks/WebKitLegacy : 5
PrivateFrameworks/WebUI : 38
PrivateFrameworks/WorkflowKit : 7
PrivateFrameworks/WorkflowUI : 7
