Applications/Battle.net : 1.15.1 (11347)
Applications/Discord : 0.0.255
Applications/Download Shuttle : 24
Applications/GitHub Desktop : 2.1.1
Applications/Google Chrome Canary : 3887.0
Applications/Google Chrome : 3809.100
Applications/HSTracker : 2024
Applications/HiddenMe : 38
Applications/ImageOptim : 1.8.8
Applications/Keynote : 6369
Applications/MacForge : 837
Applications/Numbers : 6369
Applications/Pages : 6369
Applications/Plex Media Server : 1.16.4.1469
Applications/Safari Technology Preview : 15609.1.1
Applications/Safari : 15608.2.2
Applications/Xcode-beta : 14908.4
Applications/Yack! - Beta : 50.0.154
Applications/iTunes Volume Control : 1.6.6.251
Frameworks/AVFoundation : 1722.8
Frameworks/AVKit : 587
Frameworks/AddressBook : 2407.1
Frameworks/AppKit : 1873.10.102
Frameworks/AudioVideoBridging : 800.16
Frameworks/Automator : 485
Frameworks/CFNetwork : 1103
Frameworks/CloudKit : 832
Frameworks/ColorSync : 3394
Frameworks/Combine : 129
Frameworks/Contacts : 3447.2
Frameworks/ContactsUI : 2407.1
Frameworks/CoreData : 965.1
Frameworks/CoreFoundation : 1667.10
Frameworks/CoreGraphics : 1348
Frameworks/CoreImage : 900.2
Frameworks/CoreLocation : 2387.0.3
Frameworks/CoreMedia : 2501.11
Frameworks/CoreMotion : 2387.0.3
Frameworks/CoreServices : 1063.1
Frameworks/CoreSpotlight : 2057.1
Frameworks/CoreTelephony : 7252
Frameworks/CoreText : 638.1
Frameworks/EventKit : 1355
Frameworks/FileProvider : 236
Frameworks/Foundation : 1667.10
Frameworks/GLKit : 108
Frameworks/GameKit : 665
Frameworks/ICADevices : 1600.4.1.1
Frameworks/IOBluetooth : 7.0.0d105
Frameworks/IOBluetoothUI : 7.0.0d105
Frameworks/ImageCaptureCore : 1600.4.1.1
Frameworks/ImageIO : 1972
Frameworks/InstallerPlugins : 959
Frameworks/JavaScriptCore : 15608.2.2
Frameworks/LinkPresentation : 119.5
Frameworks/LocalAuthentication : 693.0.8
Frameworks/MapKit : 2086.20.7.31.1
Frameworks/MediaLibrary : 777
Frameworks/MediaToolbox : 2501.11
Frameworks/Metal : 211.45
Frameworks/MetalKit : 137
Frameworks/ModelIO : 217
Frameworks/NaturalLanguage : 57
Frameworks/NotificationCenter : 823
Frameworks/OSLog : 1147.0.3
Frameworks/PDFKit : 825
Frameworks/Photos : 101.12.160
Frameworks/PhotosUI : 101.12.160
Frameworks/QuartzCore : 815
Frameworks/QuickLook : 897
Frameworks/RealityKit : 31.36
Frameworks/SafariServices : 15608.2.2
Frameworks/SceneKit : 538.1
Frameworks/Security : 59306.0.19
Frameworks/SecurityInterface : 55139.0.1
Frameworks/SystemExtensions : 35.0.12
Frameworks/VideoSubscriberAccount : 311
Frameworks/VideoToolbox : 2501.11
Frameworks/Vision : 3.0.60
Frameworks/WebKit : 15608.2.2
PrivateFrameworks/AOSAccounts : 147
PrivateFrameworks/AOSAccountsLite : 147
PrivateFrameworks/AOSUI : 710
PrivateFrameworks/APFS : 1412.0.16
PrivateFrameworks/APTransport : 406.11
PrivateFrameworks/AVConference : 1624
PrivateFrameworks/AVFoundationCF : 347
PrivateFrameworks/AccessibilityBundles : 125
PrivateFrameworks/AccessibilityPerformance : 204
PrivateFrameworks/AccessibilitySupport : 204
PrivateFrameworks/AddressBookAutocomplete : 2407.1
PrivateFrameworks/AirPlayReceiver : 406.11
PrivateFrameworks/AirPlaySender : 406.11
PrivateFrameworks/AirPlaySupport : 406.11
PrivateFrameworks/AnnotationKit : 313
PrivateFrameworks/AppContainer : 448.0.1
PrivateFrameworks/AppSandbox : 448.0.1
PrivateFrameworks/AppServerSupport : 1738.0.11
PrivateFrameworks/AppleGVA : 56.2
PrivateFrameworks/AppleGVACore : 56.2
PrivateFrameworks/AssertionServices : 223.0.3
PrivateFrameworks/AssetsLibraryServices : 101.12.160
PrivateFrameworks/AssistiveControlSupport : 279
PrivateFrameworks/AutoBugCaptureCore : 1238.0.1
PrivateFrameworks/BaseBoard : 456
PrivateFrameworks/BoardServices : 456
PrivateFrameworks/BookCoverUtility : 1264
PrivateFrameworks/BookKit : 1264
PrivateFrameworks/BookUtility : 1264
PrivateFrameworks/CSCSupport : 360.0.4
PrivateFrameworks/CalendarFoundation : 1131
PrivateFrameworks/CalendarUIKit : 782
PrivateFrameworks/CallHistory : 973
PrivateFrameworks/Categories : 4.6
PrivateFrameworks/ClassKit : 145.0.107
PrivateFrameworks/CloudDocs : 649
PrivateFrameworks/CloudKitCode : 832
PrivateFrameworks/CloudKitCodeProtobuf : 832
PrivateFrameworks/CloudKitDaemon : 832
PrivateFrameworks/CloudPhotoLibrary : 101.12.160
PrivateFrameworks/CloudPhotoServices : 101.12.160
PrivateFrameworks/CloudPhotoServicesConfiguration : 101.12.160
PrivateFrameworks/CloudServices : 384.0.2
PrivateFrameworks/CombineCocoa : 129
PrivateFrameworks/ConfigProfileHelper : 1248
PrivateFrameworks/ConfigurationEngineModel : 30.66
PrivateFrameworks/ConfigurationProfiles : 1248
PrivateFrameworks/ContactsAutocomplete : 1131
PrivateFrameworks/CoreChineseEngine : 447
PrivateFrameworks/CoreEmoji : 100
PrivateFrameworks/CoreHAP : 617
PrivateFrameworks/CoreMediaStream : 101.12.160
PrivateFrameworks/CoreNavigation : 165
PrivateFrameworks/CoreParsec : 306
PrivateFrameworks/CoreRE : 31.36
PrivateFrameworks/CoreRoutine : 682
PrivateFrameworks/CoreSVG : 128
PrivateFrameworks/CoreServicesInternal : 442
PrivateFrameworks/CoreServicesStore : 1063.1
PrivateFrameworks/CoreSuggestions : 1040
PrivateFrameworks/CoreSuggestionsInternals : 1040
PrivateFrameworks/CoreSuggestionsML : 1040
PrivateFrameworks/CoreSuggestionsUI : 1040
PrivateFrameworks/CoreThemeDefinition : 441
PrivateFrameworks/CoreUI : 601
PrivateFrameworks/CoreUtils : 600.20
PrivateFrameworks/CrashReporterSupport : 15009
PrivateFrameworks/DCIMServices : 101.12.160
PrivateFrameworks/DFRFoundation : 236
PrivateFrameworks/DataDetectors : 408
PrivateFrameworks/DataDetectorsCore : 659
PrivateFrameworks/DeviceManagement : 30.66
PrivateFrameworks/DirectoryEditor : 54
PrivateFrameworks/DiskManagement : 1648.0.2
PrivateFrameworks/DistributedEvaluation : 206.6
PrivateFrameworks/EasyConfig : 600.20
PrivateFrameworks/Email : 3578.1
PrivateFrameworks/EmailAddressing : 3578.1
PrivateFrameworks/EmailCore : 3578.1
PrivateFrameworks/EmailDaemon : 3578.1
PrivateFrameworks/EmailFoundation : 3578.1
PrivateFrameworks/Espresso : 188.0.1
PrivateFrameworks/ExchangeSync : 115
PrivateFrameworks/FileProvider : 236
PrivateFrameworks/FileProviderDaemon : 236
PrivateFrameworks/FoundInAppsPlugins : 1040
PrivateFrameworks/FrontBoardServices : 614
PrivateFrameworks/GPUInfo : 1.2.25
PrivateFrameworks/GameCenterFoundation : 665
PrivateFrameworks/GameCenterUI : 665
PrivateFrameworks/GameKitServices : 1624
PrivateFrameworks/GeoServices : 1616.20.7.31.1
PrivateFrameworks/Geode : 101.12.160
PrivateFrameworks/HDRProcessing : 1.54.0
PrivateFrameworks/HMFoundation : 556
PrivateFrameworks/HelloWorldMacHelper : 177
PrivateFrameworks/HomeAI : 72
PrivateFrameworks/HomeKit : 617
PrivateFrameworks/HomeKitDaemon : 617
PrivateFrameworks/IASUtilities : 540
PrivateFrameworks/IMAP : 3578.1
PrivateFrameworks/IOAccelerator : 438.1.17
PrivateFrameworks/IconServices : 432
PrivateFrameworks/InputTranscoder : 42
PrivateFrameworks/InternationalSupport : 42
PrivateFrameworks/IntlPreferences : 289
PrivateFrameworks/KnowledgeGraphKit : 101.12.160
PrivateFrameworks/LinguisticData : 333
PrivateFrameworks/LinkPresentation : 119.5
PrivateFrameworks/LocalAuthenticationUI : 693.0.8
PrivateFrameworks/LocationSupport : 2387.0.3
PrivateFrameworks/LoggingSupport : 1147.0.3
PrivateFrameworks/Lookup : 272
PrivateFrameworks/MTLCompiler : 211.45
PrivateFrameworks/MTLSimImplementation : 211.45
PrivateFrameworks/Mail : 3578.1
PrivateFrameworks/MailCore : 3578.1
PrivateFrameworks/MailService : 3578.1
PrivateFrameworks/MailSupport : 3578.1
PrivateFrameworks/MailUI : 3578.1
PrivateFrameworks/MailWebProcessSupport : 3578.1
PrivateFrameworks/ManagedClient : 1248
PrivateFrameworks/MarkupUI : 313
PrivateFrameworks/MediaControlSender : 406.11
PrivateFrameworks/MediaConversionService : 101.12.160
PrivateFrameworks/MediaMiningKit : 101.12.160
PrivateFrameworks/MediaStream : 101.12.160
PrivateFrameworks/MessageUIMacHelper : 3578.1
PrivateFrameworks/MetadataUtilities : 2057.1
PrivateFrameworks/MobileAsset : 619.0.4
PrivateFrameworks/Mondrian : 101.12.160
PrivateFrameworks/Montreal : 120.1
PrivateFrameworks/NLP : 200
PrivateFrameworks/NearField : 300.56
PrivateFrameworks/NeutrinoCore : 101.12.160
PrivateFrameworks/NeutrinoKit : 101.12.160
PrivateFrameworks/Notes : 1079
PrivateFrameworks/NotesShared : 1079
PrivateFrameworks/NotesUI : 1079
PrivateFrameworks/NotificationCenterUI : 823
PrivateFrameworks/OSInstaller : 1298.1.2
PrivateFrameworks/PAImaging : 101.12.160
PrivateFrameworks/PAImagingCore : 101.12.160
PrivateFrameworks/PDFKit : 825
PrivateFrameworks/PIP : 108
PrivateFrameworks/PackageKit : 970.5
PrivateFrameworks/PersonalizationPortrait : 1040
PrivateFrameworks/PersonalizationPortraitInternals : 1040
PrivateFrameworks/PhotoAnalysis : 101.12.160
PrivateFrameworks/PhotoFoundation : 101.12.160
PrivateFrameworks/PhotoImaging : 101.12.160
PrivateFrameworks/PhotoLibrary : 101.12.160
PrivateFrameworks/PhotoLibraryServices : 101.12.160
PrivateFrameworks/PhotoVision : 101.12.160
PrivateFrameworks/PhotosFormats : 101.12.160
PrivateFrameworks/PhotosGraph : 101.12.160
PrivateFrameworks/PhotosImagingFoundation : 101.12.160
PrivateFrameworks/PhotosPlayer : 101.12.160
PrivateFrameworks/PhotosUICore : 101.12.160
PrivateFrameworks/PipelineKit : 101.12.160
PrivateFrameworks/PlacesKit : 101.12.160
PrivateFrameworks/PrintKit : 244
PrivateFrameworks/ProactiveEventTracker : 255
PrivateFrameworks/ProactiveExperiments : 1040
PrivateFrameworks/ProactiveExperimentsInternals : 1040
PrivateFrameworks/ProactiveML : 1040
PrivateFrameworks/ProactiveSupport : 255
PrivateFrameworks/ProactiveSupportStubs : 255
PrivateFrameworks/ProofReader : 490
PrivateFrameworks/QuickLookIosmac : 897
PrivateFrameworks/RTCReporting : 10.57
PrivateFrameworks/Rapport : 180.24
PrivateFrameworks/RapportUI : 180.24
PrivateFrameworks/RemoteServiceDiscovery : 1738.0.11
PrivateFrameworks/RemoteXPC : 1738.0.11
PrivateFrameworks/ResponseKit : 146
PrivateFrameworks/Restore : 508
PrivateFrameworks/RunningBoard : 223.0.3
PrivateFrameworks/RunningBoardServices : 223.0.3
PrivateFrameworks/Safari : 15608.2.2
PrivateFrameworks/SafariCore : 15608.2.2
PrivateFrameworks/SafariFoundation : 15608.2.2
PrivateFrameworks/SafariSafeBrowsing : 15608.2.2
PrivateFrameworks/SafariShared : 15608.2.2
PrivateFrameworks/SafeEjectGPU : 32.6
PrivateFrameworks/ScreenReader : 681
PrivateFrameworks/ScreenReaderCore : 681
PrivateFrameworks/ScreenSharing : 499.47
PrivateFrameworks/ScreenTimeCore : 292
PrivateFrameworks/ScreenTimeServiceUI : 292
PrivateFrameworks/ScreenTimeUI : 292
PrivateFrameworks/SearchFoundation : 306
PrivateFrameworks/SecCodeWrapper : 448.0.1
PrivateFrameworks/ShareKit : 633
PrivateFrameworks/ShareServicesCore : 101.12.160
PrivateFrameworks/ShareSheet : 1459.1
PrivateFrameworks/Sharing : 1459.1
PrivateFrameworks/SharingXPCServices : 1459.1
PrivateFrameworks/SidecarCore : 182
PrivateFrameworks/SidecarUI : 182
PrivateFrameworks/SiriFoundation : 200.0.40
PrivateFrameworks/SiriUI : 200.0.40
PrivateFrameworks/SoftwareUpdate : 1275.1
PrivateFrameworks/SpeechObjects : 9.0.14
PrivateFrameworks/SpeechRecognitionCommandServices : 3.0.65
PrivateFrameworks/SpeechRecognitionCore : 6.0.73
PrivateFrameworks/Spotlight : 2057.1
PrivateFrameworks/SpotlightIndex : 2057.1
PrivateFrameworks/SpotlightServerKit : 2057.1
PrivateFrameworks/SpotlightServices : 2057.1
PrivateFrameworks/StorageKit : 580.1
PrivateFrameworks/SuggestionsSpotlightMetrics : 1040
PrivateFrameworks/Symbolication : 64510.160
PrivateFrameworks/SymptomDiagnosticReporter : 1238.0.1
PrivateFrameworks/SymptomReporter : 1238.0.1
PrivateFrameworks/Symptoms : 1238.0.1
PrivateFrameworks/SystemMigration : 2058
PrivateFrameworks/TVRemoteCore : 98
PrivateFrameworks/TextInputMenuUI : 243
PrivateFrameworks/TimeSync : 800.14
PrivateFrameworks/Tourist : 1.0.64
PrivateFrameworks/UHASHelloExtensionPoint-macOS : 177
PrivateFrameworks/UIFoundation : 650
PrivateFrameworks/UIKitSystemAppServices : 177
PrivateFrameworks/URLFormatting : 119.5
PrivateFrameworks/UXKit : 101.12.160
PrivateFrameworks/UniversalAccess : 475
PrivateFrameworks/UsageTracking : 117
PrivateFrameworks/UserActivity : 352.1
PrivateFrameworks/VectorKit : 1596.20.7.30.1
PrivateFrameworks/VideoProcessing : 823
PrivateFrameworks/ViewBridge : 453
PrivateFrameworks/WebDriver : 15608.2.2
PrivateFrameworks/WebInspector : 15608.2.2
PrivateFrameworks/WebInspectorUI : 15608.2.2
PrivateFrameworks/WorkflowKit : 1026
PrivateFrameworks/iCloudDrive : 48
PrivateFrameworks/iCloudDriveCore : 48
PrivateFrameworks/iLifeMediaBrowser : 777
PrivateFrameworks/ktrace : 354.0.2
PrivateFrameworks/oncrpc : 53.0.1
CoreServices/AVB Audio Configuration : 800.16
CoreServices/AddressBookUrlForwarder : 2407.1
CoreServices/AirPlayUIAgent : 406.11
CoreServices/Automator Installer : 485
CoreServices/Bluetooth Setup Assistant : 7.0.0d105
CoreServices/BluetoothUIServer : 7.0.0d105
CoreServices/ControlStrip : 200
CoreServices/CoreLocationAgent : 2387.0.3
CoreServices/CoreServicesUIAgent : 331
CoreServices/Dock : 2032
CoreServices/Dwell Control : 279
CoreServices/Finder : 1291
CoreServices/Install Command Line Developer Tools : 2370
CoreServices/Install in Progress : 970.5
CoreServices/Installer Progress : 540
CoreServices/Installer : 959
CoreServices/Keychain Circle Notification : 59306.0.19
CoreServices/ManagedClient : 1248
CoreServices/NotificationCenter : 823
CoreServices/OBEXAgent : 7.0.0d105
CoreServices/PIPAgent : 108
CoreServices/Paired Devices : 180.24
CoreServices/Problem Reporter : 15009
CoreServices/RapportUIAgent : 180.24
CoreServices/Setup Assistant : 2465
CoreServices/Siri : 200.0.40
CoreServices/Software Update : 1275.1
CoreServices/Spotlight : 2057.1
CoreServices/TextInputMenuAgent : 243
CoreServices/TextInputSwitcher : 243
CoreServices/UIKitSystem : 177
CoreServices/UniversalAccessControl : 475
CoreServices/VoiceOver : 681
CoreServices/loginwindow : 1979
CoreServices/screencaptureui : 249
Applications/Archive Utility : 124
Applications/Feedback Assistant : 411
Applications/Network Utility : 160
Applications/Screen Sharing : 499.47
Frameworks/ContactsUI : 1049
Frameworks/MessageUI : 3578.1
Frameworks/MobileCoreServices : 1063.1
PrivateFrameworks/AppAnalytics : 18
PrivateFrameworks/BaseBoardUI : 456
PrivateFrameworks/DataDetectorsUI : 376
PrivateFrameworks/DocumentManager : 163
PrivateFrameworks/DocumentManagerCore : 163
PrivateFrameworks/FrontBoard : 614
PrivateFrameworks/Home : 363.1
PrivateFrameworks/HomeUI : 363.1
PrivateFrameworks/NewsAnalytics : 2289
PrivateFrameworks/NewsArticles : 2289
PrivateFrameworks/NewsCore : 2289
PrivateFrameworks/NewsFeed : 2289
PrivateFrameworks/NewsFeedLayout : 2289
PrivateFrameworks/NewsFoundation : 2289
PrivateFrameworks/NewsServicesInternal : 2289
PrivateFrameworks/NewsSubscription : 2289
PrivateFrameworks/NewsTransport : 2289
PrivateFrameworks/NewsUI : 2289
PrivateFrameworks/NewsUI2 : 2289
PrivateFrameworks/Silex : 2289
PrivateFrameworks/TeaActivities : 56
PrivateFrameworks/TeaCharts : 56
PrivateFrameworks/TeaDB : 56
PrivateFrameworks/TeaFoundation : 56
PrivateFrameworks/TeaSettings : 56
PrivateFrameworks/TeaTemplate : 56
PrivateFrameworks/TeaUI : 56
PrivateFrameworks/TeaUIKit : 56
PrivateFrameworks/UHASHelloExtensionPoint-iOS : 177
PrivateFrameworks/UserNotificationsExtensionPoint : 1
PrivateFrameworks/WebCore : 15608.2.2
PrivateFrameworks/WebKitLegacy : 15608.2.2
