Applications/Google Chrome Canary : 3870.0
Applications/MacForge : 99
Applications/Safari Technology Preview : 15608.1.36
Applications/Safari : 15608.1.37
Applications/Spotify : 1.1.10.540.gfcf0430f-15
Applications/Xcode : 14492.2
Frameworks/AVFoundation : 1722.3
Frameworks/AVKit : 586
Frameworks/AddressBook : 2404
Frameworks/AppKit : 1871.10.104
Frameworks/AudioVideoBridging : 800.15
Frameworks/Automator : 483
Frameworks/CFNetwork : 1098
Frameworks/CloudKit : 829
Frameworks/Combine : 128
Frameworks/Contacts : 3443
Frameworks/ContactsUI : 2404
Frameworks/CoreData : 959
Frameworks/CoreFoundation : 1665.10
Frameworks/CoreGraphics : 1344
Frameworks/CoreImage : 800.6.160
Frameworks/CoreLocation : 2386.0.4.3.1
Frameworks/CoreMedia : 2501.6.4.2
Frameworks/CoreMotion : 2386.0.4.3.1
Frameworks/CoreServices : 1061.1
Frameworks/CoreSpotlight : 2055.1
Frameworks/CoreTelephony : 7230
Frameworks/CoreText : 636
Frameworks/CoreVideo : 334.0
Frameworks/DVDPlayback : 5960.4.10
Frameworks/EventKit : 1351
Frameworks/FWAUserLib : 270.17
Frameworks/FileProvider : 233.1
Frameworks/Foundation : 1665.10
Frameworks/GameKit : 661
Frameworks/ICADevices : 1598
Frameworks/IOBluetooth : 7.0.0d103
Frameworks/IOBluetoothUI : 7.0.0d103
Frameworks/ImageCaptureCore : 1598
Frameworks/ImageIO : 1968.4.1
Frameworks/InputMethodKit : 424
Frameworks/InstallerPlugins : 958
Frameworks/JavaScriptCore : 15608.1.37
Frameworks/LinkPresentation : 118
Frameworks/LocalAuthentication : 693.0.4.0.1
Frameworks/Logging : 1147.0.1
Frameworks/MapKit : 2079.20.7.18.1
Frameworks/MediaAccessibility : 125
Frameworks/MediaToolbox : 2501.6.4.2
Frameworks/Metal : 211.40
Frameworks/MetalKit : 135
Frameworks/ModelIO : 216
Frameworks/NaturalLanguage : 54
Frameworks/NotificationCenter : 810
Frameworks/OSLog : 1147.0.1
Frameworks/PDFKit : 822
Frameworks/Photos : 101.12.113
Frameworks/PhotosUI : 101.12.113
Frameworks/QuartzCore : 812.4.1
Frameworks/QuickLook : 896
Frameworks/RealityKit : 31.30
Frameworks/SafariServices : 15608.1.37
Frameworks/SceneKit : 537.1
Frameworks/Security : 59306.0.3.0.4
Frameworks/SystemExtensions : 35.0.3.151.1
Frameworks/VideoSubscriberAccount : 309
Frameworks/VideoToolbox : 2501.6.4.2
Frameworks/Vision : 3.0.59
Frameworks/WebKit : 15608.1.37
PrivateFrameworks/AOSAccounts : 145
PrivateFrameworks/AOSAccountsLite : 145
PrivateFrameworks/AOSUI : 708
PrivateFrameworks/APFS : 1412.0.6
PrivateFrameworks/APTransport : 406.3
PrivateFrameworks/AVConference : 1619.4.3
PrivateFrameworks/AVFoundationCF : 340
PrivateFrameworks/AccessibilityBundles : 124
PrivateFrameworks/AccessibilityPerformance : 201
PrivateFrameworks/AccessibilitySupport : 201
PrivateFrameworks/AccountsUI : 87
PrivateFrameworks/AddressBookAutocomplete : 2404
PrivateFrameworks/AirPlayReceiver : 406.3
PrivateFrameworks/AirPlaySender : 406.3
PrivateFrameworks/AirPlaySupport : 406.3
PrivateFrameworks/AnnotationKit : 312
PrivateFrameworks/AppContainer : 448
PrivateFrameworks/AppSandbox : 448
PrivateFrameworks/AppServerSupport : 1738.0.3
PrivateFrameworks/AppleGVA : 56.1
PrivateFrameworks/AppleGVACore : 56.1
PrivateFrameworks/AppleScript : 394
PrivateFrameworks/AppleVPA : 3.15.6
PrivateFrameworks/AssertionServices : 223.0.2
PrivateFrameworks/AssetsLibraryServices : 101.12.113
PrivateFrameworks/AssistiveControlSupport : 276
PrivateFrameworks/AudioServerApplication : 500.9
PrivateFrameworks/AudioServerDriver : 500.9
PrivateFrameworks/AutoBugCaptureCore : 1238
PrivateFrameworks/BaseBoard : 454
PrivateFrameworks/BoardServices : 454
PrivateFrameworks/BookCoverUtility : 1259
PrivateFrameworks/BookKit : 1259
PrivateFrameworks/BookUtility : 1259
PrivateFrameworks/BridgeOSInstall : 71
PrivateFrameworks/BridgeOSInstallReporting : 71
PrivateFrameworks/BulkSymbolication : 242
PrivateFrameworks/CSCSupport : 360.0.2
PrivateFrameworks/CalendarFoundation : 1128
PrivateFrameworks/CalendarPersistence : 1029
PrivateFrameworks/CalendarUI : 1013
PrivateFrameworks/CallHistory : 962
PrivateFrameworks/Categories : 4.2
PrivateFrameworks/ClassKit : 145.0.104
PrivateFrameworks/CloudKitCode : 829
PrivateFrameworks/CloudKitCodeProtobuf : 829
PrivateFrameworks/CloudKitDaemon : 829
PrivateFrameworks/CloudPhotoLibrary : 101.12.113
PrivateFrameworks/CloudPhotoServices : 101.12.113
PrivateFrameworks/CloudPhotoServicesConfiguration : 101.12.113
PrivateFrameworks/CloudServices : 384.0.0.0.2
PrivateFrameworks/CombineCocoa : 128
PrivateFrameworks/CommerceKit : 709.0.68
PrivateFrameworks/ConfigProfileHelper : 1246
PrivateFrameworks/ConfigurationEngineModel : 30.63
PrivateFrameworks/ConfigurationProfiles : 1246
PrivateFrameworks/ConsoleKit : 4.0.18
PrivateFrameworks/ContactsAutocomplete : 1130
PrivateFrameworks/CoreChineseEngine : 446
PrivateFrameworks/CoreDAV : 868
PrivateFrameworks/CoreFP : 2.14.11
PrivateFrameworks/CoreHAP : 611
PrivateFrameworks/CoreLSKD : 12.14.0
PrivateFrameworks/CoreMediaStream : 101.12.113
PrivateFrameworks/CoreNLP : 210
PrivateFrameworks/CoreNavigation : 163
PrivateFrameworks/CoreParsec : 304
PrivateFrameworks/CoreRE : 31.30
PrivateFrameworks/CoreRoutine : 680
PrivateFrameworks/CoreServicesInternal : 441
PrivateFrameworks/CoreServicesStore : 1061.1
PrivateFrameworks/CoreSuggestions : 1034
PrivateFrameworks/CoreSuggestionsInternals : 1034
PrivateFrameworks/CoreSuggestionsML : 1034
PrivateFrameworks/CoreSuggestionsUI : 1034
PrivateFrameworks/CoreSymbolication : 64509.95.1
PrivateFrameworks/CoreThemeDefinition : 421
PrivateFrameworks/CoreTime : 266
PrivateFrameworks/CoreUI : 581
PrivateFrameworks/CoreUtils : 600.16
PrivateFrameworks/CrashReporterSupport : 15007
PrivateFrameworks/DCIMServices : 101.12.113
PrivateFrameworks/DFRFoundation : 234
PrivateFrameworks/DTXConnectionServices : 64523.185.1
PrivateFrameworks/DataDetectorsCore : 658
PrivateFrameworks/DeviceManagement : 30.63
PrivateFrameworks/DiskImages : 559
PrivateFrameworks/DiskManagement : 1648
PrivateFrameworks/DistributedEvaluation : 206.2
PrivateFrameworks/EasyConfig : 600.16
PrivateFrameworks/Email : 3570.1
PrivateFrameworks/EmailAddressing : 3570.1
PrivateFrameworks/EmailCore : 3570.1
PrivateFrameworks/EmailDaemon : 3570.1
PrivateFrameworks/EmailFoundation : 3570.1
PrivateFrameworks/Espresso : 186
PrivateFrameworks/ExchangeSync : 114
PrivateFrameworks/FileProvider : 233.1
PrivateFrameworks/FileProviderDaemon : 233.1
PrivateFrameworks/FlightUtilities : 134
PrivateFrameworks/FoundInAppsPlugins : 1034
PrivateFrameworks/FrontBoardServices : 610
PrivateFrameworks/GPUInfo : 1.2.22
PrivateFrameworks/GameCenterFoundation : 661
PrivateFrameworks/GameCenterUI : 661
PrivateFrameworks/GameKitServices : 1619.4.3
PrivateFrameworks/GenerationalStorage : 309
PrivateFrameworks/GeoServices : 1608.20.7.18.1
PrivateFrameworks/Geode : 101.12.113
PrivateFrameworks/HDRProcessing : 1.50.0
PrivateFrameworks/HMFoundation : 555
PrivateFrameworks/Helium : 35005.5.42
PrivateFrameworks/HelloWorldMacHelper : 176
PrivateFrameworks/HomeAI : 69
PrivateFrameworks/HomeKit : 611
PrivateFrameworks/HomeKitDaemon : 611
PrivateFrameworks/IASUtilities : 537.2
PrivateFrameworks/IMAP : 3570.1
PrivateFrameworks/IOAccelerator : 438.1.15
PrivateFrameworks/IconServices : 431
PrivateFrameworks/IntlPreferences : 288
PrivateFrameworks/KnowledgeGraphKit : 101.12.113
PrivateFrameworks/LanguageModeling : 210
PrivateFrameworks/Lexicon : 70
PrivateFrameworks/LinguisticData : 331
PrivateFrameworks/LinkPresentation : 118
PrivateFrameworks/LocalAuthenticationUI : 693.0.4.0.1
PrivateFrameworks/LocationSupport : 2386.0.4.3.1
PrivateFrameworks/LoggingSupport : 1147.0.1
PrivateFrameworks/MTLCompiler : 211.40
PrivateFrameworks/MTLSimImplementation : 211.40
PrivateFrameworks/Mail : 3570.1
PrivateFrameworks/MailCore : 3570.1
PrivateFrameworks/MailService : 3570.1
PrivateFrameworks/MailSupport : 3570.1
PrivateFrameworks/MailUI : 3570.1
PrivateFrameworks/MailWebProcessSupport : 3570.1
PrivateFrameworks/ManagedClient : 1246
PrivateFrameworks/MarkupUI : 312
PrivateFrameworks/MediaControlSender : 406.3
PrivateFrameworks/MediaConversionService : 101.12.113
PrivateFrameworks/MediaMiningKit : 101.12.113
PrivateFrameworks/MediaStream : 101.12.113
PrivateFrameworks/MessageUIMacHelper : 3570.1
PrivateFrameworks/MetadataUtilities : 2055.1
PrivateFrameworks/MobileAsset : 619.0.2
PrivateFrameworks/Mondrian : 101.12.113
PrivateFrameworks/Montreal : 119
PrivateFrameworks/MultitouchSupport : 3400.32
PrivateFrameworks/NLP : 198
PrivateFrameworks/NearField : 300.54
PrivateFrameworks/NeutrinoCore : 101.12.113
PrivateFrameworks/NeutrinoKit : 101.12.113
PrivateFrameworks/Notes : 1071
PrivateFrameworks/NotesShared : 1071
PrivateFrameworks/NotesUI : 1071
PrivateFrameworks/NotificationCenterUI : 810
PrivateFrameworks/OSInstaller : 1295
PrivateFrameworks/OSPersonalization : 71
PrivateFrameworks/OfficeImport : 275
PrivateFrameworks/PAImaging : 101.12.113
PrivateFrameworks/PAImagingCore : 101.12.113
PrivateFrameworks/PASampling : 242
PrivateFrameworks/PDFKit : 822
PrivateFrameworks/PIP : 107
PrivateFrameworks/PSNormalizer : 25
PrivateFrameworks/PackageKit : 970.1
PrivateFrameworks/PerformanceAnalysis : 242
PrivateFrameworks/PersonalizationPortrait : 1034
PrivateFrameworks/PersonalizationPortraitInternals : 1034
PrivateFrameworks/PhotoAnalysis : 101.12.113
PrivateFrameworks/PhotoFoundation : 101.12.113
PrivateFrameworks/PhotoImaging : 101.12.113
PrivateFrameworks/PhotoLibrary : 101.12.113
PrivateFrameworks/PhotoLibraryServices : 101.12.113
PrivateFrameworks/PhotoVision : 101.12.113
PrivateFrameworks/PhotosFormats : 101.12.113
PrivateFrameworks/PhotosGraph : 101.12.113
PrivateFrameworks/PhotosImagingFoundation : 101.12.113
PrivateFrameworks/PhotosPlayer : 101.12.113
PrivateFrameworks/PhotosUICore : 101.12.113
PrivateFrameworks/PipelineKit : 101.12.113
PrivateFrameworks/PlacesKit : 101.12.113
PrivateFrameworks/ProVideo : 443.4.42
PrivateFrameworks/ProactiveEventTracker : 254
PrivateFrameworks/ProactiveExperiments : 1034
PrivateFrameworks/ProactiveExperimentsInternals : 1034
PrivateFrameworks/ProactiveML : 1034
PrivateFrameworks/ProactiveSupport : 254
PrivateFrameworks/ProactiveSupportStubs : 254
PrivateFrameworks/ProofReader : 489
PrivateFrameworks/ProtocolBuffer : 274.20.7.15.1
PrivateFrameworks/QuickLookIosmac : 896
PrivateFrameworks/RTCReporting : 10.54
PrivateFrameworks/Rapport : 180.18
PrivateFrameworks/RapportUI : 180.18
PrivateFrameworks/RemoteServiceDiscovery : 1738.0.3
PrivateFrameworks/RemoteViewServices : 148
PrivateFrameworks/RemoteXPC : 1738.0.3
PrivateFrameworks/Restore : 507
PrivateFrameworks/RunningBoard : 223.0.2
PrivateFrameworks/RunningBoardServices : 223.0.2
PrivateFrameworks/Safari : 15608.1.37
PrivateFrameworks/SafariCore : 15608.1.37
PrivateFrameworks/SafariFoundation : 15608.1.37
PrivateFrameworks/SafariSafeBrowsing : 15608.1.37
PrivateFrameworks/SafariShared : 15608.1.37
PrivateFrameworks/SafeEjectGPU : 32.4
PrivateFrameworks/SampleAnalysis : 242
PrivateFrameworks/ScreenReader : 676.2
PrivateFrameworks/ScreenReaderCore : 676.2
PrivateFrameworks/ScreenSharing : 499.46
PrivateFrameworks/ScreenTimeCore : 287
PrivateFrameworks/ScreenTimeServiceUI : 287
PrivateFrameworks/ScreenTimeUI : 287
PrivateFrameworks/SearchFoundation : 304
PrivateFrameworks/SecCodeWrapper : 448
PrivateFrameworks/ShareKit : 629.1
PrivateFrameworks/ShareServicesCore : 101.12.113
PrivateFrameworks/ShareSheet : 1446.2
PrivateFrameworks/SharedWebCredentials : 209
PrivateFrameworks/Sharing : 1446.2
PrivateFrameworks/SharingXPCServices : 1446.2
PrivateFrameworks/SidecarCore : 177
PrivateFrameworks/SidecarUI : 177
PrivateFrameworks/SiriFoundation : 200.0.39
PrivateFrameworks/SiriUI : 200.0.39
PrivateFrameworks/Slideshows : 1556.33
PrivateFrameworks/SoftwareUpdate : 1274.3
PrivateFrameworks/SpeechRecognitionCommandServices : 3.0.64
PrivateFrameworks/SpeechRecognitionCore : 6.0.72
PrivateFrameworks/Spotlight : 2055.1
PrivateFrameworks/SpotlightIndex : 2055.1
PrivateFrameworks/SpotlightServerKit : 2055.1
PrivateFrameworks/SpotlightServices : 2055.1
PrivateFrameworks/StorageKit : 579
PrivateFrameworks/StoreFoundation : 709.0.68
PrivateFrameworks/StoreJavaScript : 709.0.68
PrivateFrameworks/StoreUI : 709.0.68
PrivateFrameworks/SuggestionsSpotlightMetrics : 1034
PrivateFrameworks/Symbolication : 64510.159.1
PrivateFrameworks/SymptomDiagnosticReporter : 1238
PrivateFrameworks/SymptomReporter : 1238
PrivateFrameworks/Symptoms : 1238
PrivateFrameworks/SyncedDefaults : 313
PrivateFrameworks/SystemMigration : 2053.2
PrivateFrameworks/TVRemoteCore : 96
PrivateFrameworks/TimeSync : 800.13
PrivateFrameworks/UHASHelloExtensionPoint-macOS : 176
PrivateFrameworks/UIFoundation : 633
PrivateFrameworks/UIKitSystemAppServices : 176
PrivateFrameworks/URLFormatting : 118
PrivateFrameworks/USDKit : 24
PrivateFrameworks/UXKit : 101.12.113
PrivateFrameworks/UniversalAccess : 472
PrivateFrameworks/UsageTracking : 116
PrivateFrameworks/UserActivity : 351.1
PrivateFrameworks/VectorKit : 1589.20.7.18.1
PrivateFrameworks/VideoProcessing : 819
PrivateFrameworks/ViewBridge : 449
PrivateFrameworks/WatchdogClient : 67
PrivateFrameworks/WebDriver : 15608.1.37
PrivateFrameworks/WebInspector : 15608.1.37
PrivateFrameworks/WebInspectorUI : 15608.1.37
PrivateFrameworks/WorkflowKit : 1022
PrivateFrameworks/iCloudDrive : 46.1
PrivateFrameworks/iCloudDriveCore : 46.1
PrivateFrameworks/ktrace : 354.0.1
PrivateFrameworks/perfdata : 51
CoreServices/AVB Audio Configuration : 800.15
CoreServices/AddPrinter : 570
CoreServices/AddressBookUrlForwarder : 2404
CoreServices/AirPlayUIAgent : 406.3
CoreServices/Automator Installer : 483
CoreServices/Bluetooth Setup Assistant : 7.0.0d103
CoreServices/BluetoothUIServer : 7.0.0d103
CoreServices/CoreLocationAgent : 2386.0.4.3.1
CoreServices/CoreServicesUIAgent : 329
CoreServices/DiskImageMounter : 559
CoreServices/Dock : 2027
CoreServices/Dwell Control : 276
CoreServices/Finder : 1288
CoreServices/HelpViewer : 376
CoreServices/Install Command Line Developer Tools : 2368
CoreServices/Install in Progress : 970.1
CoreServices/Installer Progress : 537.2
CoreServices/Installer : 958
CoreServices/Keychain Circle Notification : 59306.0.3.0.4
CoreServices/ManagedClient : 1246
CoreServices/NotificationCenter : 810
CoreServices/OBEXAgent : 7.0.0d103
CoreServices/PIPAgent : 107
CoreServices/Paired Devices : 180.18
CoreServices/PodcastsAuthAgent : 1
CoreServices/Problem Reporter : 15007
CoreServices/RapportUIAgent : 180.18
CoreServices/Setup Assistant : 2464
CoreServices/Siri : 200.0.39
CoreServices/Software Update : 1274.3
CoreServices/Spotlight : 2055.1
CoreServices/UIKitSystem : 176
CoreServices/UniversalAccessControl : 472
CoreServices/VoiceOver : 676.2
CoreServices/loginwindow : 1977
CoreServices/screencaptureui : 248
Applications/Archive Utility : 123
Applications/Feedback Assistant : 409
Applications/Network Utility : 159
Applications/Screen Sharing : 499.46
Frameworks/ContactsUI : 1043
Frameworks/MessageUI : 3570.1
Frameworks/MobileCoreServices : 1061.1
PrivateFrameworks/AppAnalytics : 17
PrivateFrameworks/BaseBoardUI : 454
PrivateFrameworks/DataDetectorsUI : 374
PrivateFrameworks/DocumentManager : 160
PrivateFrameworks/DocumentManagerCore : 160
PrivateFrameworks/FrontBoard : 610
PrivateFrameworks/Home : 357
PrivateFrameworks/HomeUI : 357
PrivateFrameworks/NewsAnalytics : 2279
PrivateFrameworks/NewsArticles : 2279
PrivateFrameworks/NewsCore : 2279
PrivateFrameworks/NewsFeed : 2279
PrivateFrameworks/NewsFeedLayout : 2279
PrivateFrameworks/NewsFoundation : 2279
PrivateFrameworks/NewsServicesInternal : 2279
PrivateFrameworks/NewsSubscription : 2279
PrivateFrameworks/NewsTransport : 2279
PrivateFrameworks/NewsUI : 2279
PrivateFrameworks/NewsUI2 : 2279
PrivateFrameworks/Silex : 2279
PrivateFrameworks/TSReading : 315
PrivateFrameworks/TSUtility : 315
PrivateFrameworks/TeaActivities : 49
PrivateFrameworks/TeaCharts : 49
PrivateFrameworks/TeaDB : 49
PrivateFrameworks/TeaFoundation : 49
PrivateFrameworks/TeaSettings : 49
PrivateFrameworks/TeaTemplate : 49
PrivateFrameworks/TeaUI : 49
PrivateFrameworks/TeaUIKit : 49
PrivateFrameworks/UHASHelloExtensionPoint-iOS : 176
PrivateFrameworks/WebCore : 15608.1.37
PrivateFrameworks/WebKitLegacy : 15608.1.37
Applications/Google Chrome Canary : 3875.0
Applications/MTInstaller : 1
Applications/MacForge : 169
Applications/iTunes Volume Control : .0
