Applications/Google Chrome Canary : 3921.0
Applications/Google Chrome : 3865.90
Applications/HiddenMe : 42
Applications/MacForge : 1547
Applications/MacSymbolicator : 2
Applications/Notable : 1.7.3
Applications/Plex : 1.3.1
Applications/Safari Technology Preview : 15609.1.4
Applications/Safari : 15608.2.11.1.8
Applications/Xcode : 14936
Applications/Yack! - Beta : 50.0.157
Applications/App Store : 1004.3.12
Applications/Automator : 488
Applications/Books : 1841
Applications/Calendar : 2751
Applications/Contacts : 2419.1
Applications/Dictionary : 239.1
Applications/FindMy : 1
Applications/Font Book : 349
Applications/Home : 367.0.8.4.1
Applications/Launchpad : 45
Applications/Mail : 3594.4.13
Applications/Maps : 2439.20.8.15.13
Applications/Mission Control : 45
Applications/Music : 1.0.0
Applications/News : 2309.3
Applications/Notes : 1086
Applications/Photo Booth : 1114
Applications/Photos : 101.15.120
Applications/Podcasts : 1410.50
Applications/Preview : 998
Applications/QuickTime Player : 1015.2
Applications/Reminders : 2014.1
Applications/Siri : 45
Applications/Stickies : 10.2
Applications/Stocks : 415.1
Applications/TV : 1.0.0
Applications/TextEdit : 354
Applications/Time Machine : 45
Applications/VoiceMemos : 2.1
Utilities/Activity Monitor : 1071
Utilities/AirPort Utility : 639.13
Utilities/Audio MIDI Setup : 3.5
Utilities/Bluetooth File Exchange : 7.0.0f8
Utilities/Boot Camp Assistant : 6170.0.24
Utilities/ColorSync Utility : 319
Utilities/Console : 4.0.14
Utilities/Digital Color Meter : 5.15
Utilities/Disk Utility : 1702
Utilities/Grapher : 2.7
Utilities/Keychain Access : 55270.0.1
Utilities/Migration Assistant : 10.15
Utilities/Screenshot : 45
Utilities/Script Editor : 208
Utilities/Terminal : 433
Utilities/VoiceOver Utility : 698
Frameworks/AGL : 2706
Frameworks/AVFoundation : 79
Frameworks/Accelerate : 1592
Frameworks/Accounts : 2
Frameworks/AddressBook : 2
Frameworks/AppKit : 2
Frameworks/ApplicationServices : 1472
Frameworks/AudioToolbox : 2
Frameworks/AudioUnit : 2
Frameworks/AuthenticationServices : 5
Frameworks/CFNetwork : 21
Frameworks/Carbon : 2767
Frameworks/Cocoa : 9690
Frameworks/Combine : 430
Frameworks/ContactsUI : 2
Frameworks/CoreAudio : 577
Frameworks/CoreAudioKit : 426
Frameworks/CoreAudioTypes : 2
Frameworks/CoreBluetooth : 191
Frameworks/CoreData : 2
Frameworks/CoreDisplay : 3
Frameworks/CoreFoundation : 2
Frameworks/CoreGraphics : 2
Frameworks/CoreHaptics : 156
Frameworks/CoreImage : 6
Frameworks/CoreLocation : 2
Frameworks/CoreMIDI : 641
Frameworks/CoreMIDIServer : 641
Frameworks/CoreMedia : 7
Frameworks/CoreMediaIO : 302
Frameworks/CoreMotion : 2
Frameworks/CoreServices : 24
Frameworks/CoreSpotlight : 5
Frameworks/CoreTelephony : 16
Frameworks/CoreText : 2
Frameworks/CoreWLAN : 95
Frameworks/CryptoKit : 448
Frameworks/DirectoryService : 28
Frameworks/DiscRecording : 365
Frameworks/DiscRecordingUI : 365
Frameworks/DriverKit : 5
Frameworks/EventKit : 2
Frameworks/FileProvider : 6
Frameworks/FinderSync : 5
Frameworks/Foundation : 2
Frameworks/GLKit : 131
Frameworks/GLUT : 337
Frameworks/GameController : 325
Frameworks/GameKit : 139
Frameworks/Hypervisor : 903
Frameworks/IMServicePlugIn : 2
Frameworks/IOBluetooth : 2
Frameworks/IOBluetoothUI : 2
Frameworks/IOKit : 16
Frameworks/IOUSBHost : 42
Frameworks/ImageIO : 2
Frameworks/InputMethodKit : 7
Frameworks/Intents : 42
Frameworks/JavaScriptCore : 5
Frameworks/LocalAuthentication : 154
Frameworks/MapKit : 63
Frameworks/MediaPlayer : 21
Frameworks/Metal : 19
Frameworks/MetricKit : 40
Frameworks/NetworkExtension : 2
Frameworks/NetworkingDriverKit : 693
Frameworks/NotificationCenter : 9
Frameworks/OpenCL : 470
Frameworks/OpenDirectory : 28
Frameworks/OpenGL : 1386
Frameworks/PDFKit : 2
Frameworks/Photos : 2
Frameworks/PhotosUI : 2
Frameworks/PushKit : 491
Frameworks/Quartz : 6819
Frameworks/QuartzCore : 2
Frameworks/RealityKit : 69
Frameworks/SafariServices : 5
Frameworks/ScreenSaver : 10
Frameworks/Security : 19
Frameworks/SecurityFoundation : 3197
Frameworks/SecurityInterface : 252
Frameworks/Social : 494
Frameworks/SoundAnalysis : 980
Frameworks/StoreKit : 122
Frameworks/SwiftUI : 217
Frameworks/System : 51398
Frameworks/TWAIN : 1
Frameworks/USBDriverKit : 42
Frameworks/VideoToolbox : 7
Frameworks/Vision : 786
Frameworks/WebKit : 5
Frameworks/vecLib : 1592
Frameworks/vmnet : 5
PrivateFrameworks/AOSKit : 11
PrivateFrameworks/AOSUI : 19
PrivateFrameworks/APFS : 6
PrivateFrameworks/APTransport : 42
PrivateFrameworks/AVConference : 42
PrivateFrameworks/AVFoundationCF : 2
PrivateFrameworks/AXCoreUtilities : 12
PrivateFrameworks/AXHearingCoreSupport : 2630
PrivateFrameworks/AXHearingSupport : 2630
PrivateFrameworks/AXRuntime : 12
PrivateFrameworks/AccessibilityBundles : 7
PrivateFrameworks/AccessibilityPerformance : 6
PrivateFrameworks/AccessibilitySupport : 6
PrivateFrameworks/AccessoryNowPlaying : 101
PrivateFrameworks/AccountsDaemon : 2
PrivateFrameworks/AdAnalytics : 39
PrivateFrameworks/AddressBookAutocomplete : 2
PrivateFrameworks/AddressBookCore : 2
PrivateFrameworks/Admin : 2
PrivateFrameworks/AirPlayReceiver : 42
PrivateFrameworks/AirPlaySender : 42
PrivateFrameworks/AirPlaySupport : 42
PrivateFrameworks/AirTrafficHost : 7
PrivateFrameworks/AnnotationKit : 139
PrivateFrameworks/AppContainer : 2
PrivateFrameworks/AppSSO : 2
PrivateFrameworks/AppSSOCore : 2
PrivateFrameworks/AppSSOKerberos : 2
PrivateFrameworks/AppSSOUI : 2
PrivateFrameworks/AppSandbox : 2
PrivateFrameworks/AppStoreKit : 24
PrivateFrameworks/AppStoreUI : 7
PrivateFrameworks/Apple80211 : 27
PrivateFrameworks/AppleAppSupport : 6819
PrivateFrameworks/AppleMediaServices : 17
PrivateFrameworks/AppleSystemInfo : 21
PrivateFrameworks/AppleVA : 1344
PrivateFrameworks/AppleVPA : 220
PrivateFrameworks/AskPermission : 9
PrivateFrameworks/AssetsLibraryServices : 2
PrivateFrameworks/AssistantServices : 40
PrivateFrameworks/AssistiveControlSupport : 6
PrivateFrameworks/AttributeGraph : 275
PrivateFrameworks/AudioPasscode : 1916
PrivateFrameworks/AudioServerApplication : 1334
PrivateFrameworks/AudioServerDriver : 1334
PrivateFrameworks/AudioSession : 298
PrivateFrameworks/AudioToolboxCore : 2
PrivateFrameworks/AuthenticationServices : 5
PrivateFrameworks/AutoBugCaptureCore : 490
PrivateFrameworks/BackBoardServices : 850
PrivateFrameworks/BackgroundTaskManagement : 1
PrivateFrameworks/Backup : 5
PrivateFrameworks/BluetoothAudio : 2
PrivateFrameworks/BluetoothManager : 191
PrivateFrameworks/Bom : 5
PrivateFrameworks/BridgeOSSoftwareUpdate : 1041
PrivateFrameworks/CSCSupport : 85
PrivateFrameworks/CacheDelete : 16
PrivateFrameworks/CalendarAgent : 6
PrivateFrameworks/CalendarUI : 2
PrivateFrameworks/CalendarUIKit : 12
PrivateFrameworks/CallHistory : 40
PrivateFrameworks/ClassroomKit : 96
PrivateFrameworks/CloudDocs : 6
PrivateFrameworks/CloudDocsDaemon : 6
PrivateFrameworks/CloudKitCode : 490
PrivateFrameworks/CloudKitCodeProtobuf : 490
PrivateFrameworks/CloudPhotoLibrary : 2
PrivateFrameworks/CloudPhotoServices : 2
PrivateFrameworks/CloudPhotoServicesConfiguration : 2
PrivateFrameworks/Coherence : 3682
PrivateFrameworks/CombineCocoa : 430
PrivateFrameworks/CommerceKit : 7
PrivateFrameworks/ConfigProfileHelper : 5
PrivateFrameworks/ConfigurationProfiles : 5
PrivateFrameworks/ConversationKit : 44
PrivateFrameworks/CoreAUC : 4
PrivateFrameworks/CoreAccessories : 101
PrivateFrameworks/CoreAnalytics : 1581
PrivateFrameworks/CoreBrightness : 54
PrivateFrameworks/CoreCapture : 66
PrivateFrameworks/CoreCaptureControl : 66
PrivateFrameworks/CoreCaptureDaemon : 66
PrivateFrameworks/CoreDuet : 43
PrivateFrameworks/CoreDuetContext : 43
PrivateFrameworks/CoreDuetDaemonProtocol : 43
PrivateFrameworks/CoreDuetDataModel : 43
PrivateFrameworks/CoreDuetDebugLogging : 43
PrivateFrameworks/CoreDuetStatistics : 43
PrivateFrameworks/CoreDuetSync : 43
PrivateFrameworks/CoreHAP : 6
PrivateFrameworks/CoreKnowledge : 337
PrivateFrameworks/CoreMediaStream : 2
PrivateFrameworks/CorePDF : 10
PrivateFrameworks/CoreParsec : 510
PrivateFrameworks/CoreRE : 66
PrivateFrameworks/CoreRoutine : 2
PrivateFrameworks/CoreServicesInternal : 11
PrivateFrameworks/CoreServicesStore : 7
PrivateFrameworks/CoreSpeech : 19
PrivateFrameworks/CoreSpotlightImportDaemon : 5
PrivateFrameworks/CoreSuggestions : 11
PrivateFrameworks/CoreSuggestionsInternals : 11
PrivateFrameworks/CoreSuggestionsML : 11
PrivateFrameworks/CoreSuggestionsUI : 11
PrivateFrameworks/CoreSymbolication : 239
PrivateFrameworks/CoreUI : 5
PrivateFrameworks/CoreUtils : 598
PrivateFrameworks/CoreUtilsSwift : 2825
PrivateFrameworks/CoreWiFi : 258
PrivateFrameworks/CreateML : 40
PrivateFrameworks/CryptoKitCBridging : 448
PrivateFrameworks/CryptoKitPrivate : 448
PrivateFrameworks/DCIMServices : 2
PrivateFrameworks/DFRBrightness : 54
PrivateFrameworks/DFRFoundation : 2
PrivateFrameworks/DTXConnectionServices : 363
PrivateFrameworks/DesktopServicesPriv : 5
PrivateFrameworks/DeviceIdentity : 585
PrivateFrameworks/DeviceLink : 7
PrivateFrameworks/DiagnosticLogCollection : 70
PrivateFrameworks/DigitalTouchShared : 93
PrivateFrameworks/DiskImages : 149
PrivateFrameworks/DistributedEvaluation : 185
PrivateFrameworks/DrawingKit : 139
PrivateFrameworks/DuetRecommendation : 43
PrivateFrameworks/DynamicDesktop : 124
PrivateFrameworks/EasyConfig : 598
PrivateFrameworks/EmbeddedAcousticRecognition : 185
PrivateFrameworks/EmbeddedOSInstall : 1102
PrivateFrameworks/EmbeddedOSSupportHost : 6
PrivateFrameworks/Engram : 70
PrivateFrameworks/Espresso : 5154
PrivateFrameworks/FMClient : 447
PrivateFrameworks/FMFCore : 8
PrivateFrameworks/FMIPCore : 8
PrivateFrameworks/FMNetworking : 87
PrivateFrameworks/FTAWD : 70
PrivateFrameworks/FTClientServices : 3
PrivateFrameworks/FTServices : 3
PrivateFrameworks/FWAVC : 302
PrivateFrameworks/FamilyCircle : 3
PrivateFrameworks/FamilyCircleUI : 3
PrivateFrameworks/FamilyControls : 5
PrivateFrameworks/FamilyNotification : 3
PrivateFrameworks/FileProvider : 6
PrivateFrameworks/FileProviderDaemon : 6
PrivateFrameworks/FinderKit : 5
PrivateFrameworks/FinderSyncPriv : 5
PrivateFrameworks/GPUInfo : 17
PrivateFrameworks/GPUSupport : 1386
PrivateFrameworks/GPUWrangler : 4
PrivateFrameworks/GameCenterFoundation : 139
PrivateFrameworks/GameCenterUI : 139
PrivateFrameworks/GameCenterUICore : 139
PrivateFrameworks/GameKitServices : 42
PrivateFrameworks/GeoKit : 3
PrivateFrameworks/Geode : 2
PrivateFrameworks/HDAInterface : 3
PrivateFrameworks/HDRProcessing : 66
PrivateFrameworks/HID : 23
PrivateFrameworks/HearingCore : 2
PrivateFrameworks/HearingUtilities : 2
PrivateFrameworks/Helium : 351
PrivateFrameworks/HomeKit : 6
PrivateFrameworks/HomeKitBackingStore : 6
PrivateFrameworks/HomeKitDaemon : 6
PrivateFrameworks/IAP : 735
PrivateFrameworks/IASUtilities : 19
PrivateFrameworks/IDS : 3
PrivateFrameworks/IDSFoundation : 3
PrivateFrameworks/IDSHashPersistence : 3
PrivateFrameworks/IDSKVStore : 3
PrivateFrameworks/IDSSystemPreferencesSignIn : 3
PrivateFrameworks/IMAssistantCore : 2
PrivateFrameworks/IMCore : 2
PrivateFrameworks/IMDMessageServices : 2
PrivateFrameworks/IMDPersistence : 2
PrivateFrameworks/IMDaemonCore : 2
PrivateFrameworks/IMFoundation : 70
PrivateFrameworks/IMSharedUI : 2
PrivateFrameworks/IMSharedUtilities : 2
PrivateFrameworks/IMTranscoderAgent : 2
PrivateFrameworks/IMTranscoding : 2
PrivateFrameworks/IMTransferAgent : 2
PrivateFrameworks/IMTransferServices : 70
PrivateFrameworks/IOAccelMemoryInfo : 4
PrivateFrameworks/IOAccelerator : 4
PrivateFrameworks/IOImageLoader : 1752
PrivateFrameworks/IOPlatformPluginFamily : 477
PrivateFrameworks/IOPresentment : 1754
PrivateFrameworks/Intents : 42
PrivateFrameworks/IntentsCore : 42
PrivateFrameworks/IntentsFoundation : 42
PrivateFrameworks/IntentsServices : 42
PrivateFrameworks/IntlPreferences : 1
PrivateFrameworks/JetEngine : 116
PrivateFrameworks/JetUI : 115
PrivateFrameworks/KeychainCircle : 19
PrivateFrameworks/KnowledgeGraphKit : 2
PrivateFrameworks/LinguisticData : 5
PrivateFrameworks/LocalAuthenticationRecoveryUI : 154
PrivateFrameworks/LocalAuthenticationUI : 154
PrivateFrameworks/LocationSupport : 2
PrivateFrameworks/LoginUIKit : 386
PrivateFrameworks/MFAAuthentication : 101
PrivateFrameworks/MFiAuthentication : 735
PrivateFrameworks/MLFoundation : 9
PrivateFrameworks/MMCSServices : 2
PrivateFrameworks/MTLCompiler : 19
PrivateFrameworks/MTLSimImplementation : 19
PrivateFrameworks/MallocStackLogging : 1107
PrivateFrameworks/ManagedClient : 5
PrivateFrameworks/MapsSuggestions : 138
PrivateFrameworks/MapsSupport : 138
PrivateFrameworks/Marco : 70
PrivateFrameworks/MarkupUI : 139
PrivateFrameworks/MediaControlSender : 42
PrivateFrameworks/MediaConversionService : 2
PrivateFrameworks/MediaExperience : 7
PrivateFrameworks/MediaMiningKit : 2
PrivateFrameworks/MediaStream : 2
PrivateFrameworks/MessagesHelperKit : 106
PrivateFrameworks/MessagesKit : 106
PrivateFrameworks/MetadataUtilities : 5
PrivateFrameworks/MetalTools : 19
PrivateFrameworks/MetricKitCore : 40
PrivateFrameworks/MetricKitServices : 40
PrivateFrameworks/MetricKitSource : 40
PrivateFrameworks/MetricMeasurement : 40
PrivateFrameworks/MiniSoftwareUpdate : 834
PrivateFrameworks/MobileActivationMacOS : 585
PrivateFrameworks/MobileBluetooth : 191
PrivateFrameworks/MobileDevice : 7
PrivateFrameworks/Mondrian : 2
PrivateFrameworks/MultitouchSupport : 4
PrivateFrameworks/MultiverseSupport : 1573
PrivateFrameworks/NearField : 201
PrivateFrameworks/Netrb : 5
PrivateFrameworks/NetworkServiceProxy : 1112
PrivateFrameworks/NeutrinoCore : 2
PrivateFrameworks/NeutrinoKit : 2
PrivateFrameworks/Notes : 121
PrivateFrameworks/NotesShared : 121
PrivateFrameworks/NotesUI : 121
PrivateFrameworks/NotificationCenterUI : 9
PrivateFrameworks/OSAServicesClient : 714
PrivateFrameworks/OSASubmissionClient : 724
PrivateFrameworks/OSASyncProxyClient : 724
PrivateFrameworks/OSAnalytics : 714
PrivateFrameworks/OSAnalyticsPrivate : 724
PrivateFrameworks/OSInstaller : 9
PrivateFrameworks/OSPersonalization : 126
PrivateFrameworks/OSUpdate : 27
PrivateFrameworks/OTSVG : 2
PrivateFrameworks/OpenDirectoryConfig : 12787
PrivateFrameworks/PAImaging : 2
PrivateFrameworks/PAImagingCore : 2
PrivateFrameworks/PDFKit : 2
PrivateFrameworks/PackageKit : 9
PrivateFrameworks/ParsecModel : 510
PrivateFrameworks/ParsecSubscriptionServiceSupport : 510
PrivateFrameworks/ParsecUI : 5
PrivateFrameworks/PassKit : 55
PrivateFrameworks/PassKitCore : 55
PrivateFrameworks/PassKitUIFoundation : 26
PrivateFrameworks/PeopleSuggester : 43
PrivateFrameworks/PhotoAnalysis : 2
PrivateFrameworks/PhotoFoundation : 2
PrivateFrameworks/PhotoImaging : 2
PrivateFrameworks/PhotoLibrary : 2
PrivateFrameworks/PhotoLibraryServices : 2
PrivateFrameworks/PhotoVision : 2
PrivateFrameworks/PhotosFormats : 2
PrivateFrameworks/PhotosGraph : 2
PrivateFrameworks/PhotosImagingFoundation : 2
PrivateFrameworks/PhotosPlayer : 2
PrivateFrameworks/PhotosUICore : 2
PrivateFrameworks/PipelineKit : 2
PrivateFrameworks/PlacesKit : 2
PrivateFrameworks/PlugInKit : 4
PrivateFrameworks/PodcastServices : 19
PrivateFrameworks/PowerLog : 13
PrivateFrameworks/PowerlogControl : 13
PrivateFrameworks/PowerlogCore : 13
PrivateFrameworks/PowerlogDatabaseReader : 13
PrivateFrameworks/PowerlogLiteOperators : 13
PrivateFrameworks/ProVideo : 348
PrivateFrameworks/ProactiveEventTracker : 391
PrivateFrameworks/ProactiveExperiments : 11
PrivateFrameworks/ProactiveExperimentsInternals : 11
PrivateFrameworks/ProactiveML : 11
PrivateFrameworks/ProactiveSupport : 391
PrivateFrameworks/ProactiveSupportStubs : 391
PrivateFrameworks/RTCReporting : 184
PrivateFrameworks/RTTUI : 2
PrivateFrameworks/RTTUtilities : 2
PrivateFrameworks/ReplayKitMacHelper : 92
PrivateFrameworks/Restore : 4
PrivateFrameworks/SPShared : 87
PrivateFrameworks/Safari : 5
PrivateFrameworks/SafariCore : 5
PrivateFrameworks/SafariFoundation : 5
PrivateFrameworks/SafariPlatformSupport : 5
PrivateFrameworks/SafariSafeBrowsing : 2
PrivateFrameworks/SafariShared : 5
PrivateFrameworks/ScreenTimeCore : 2
PrivateFrameworks/ScreenTimeServiceUI : 2
PrivateFrameworks/ScreenTimeUI : 2
PrivateFrameworks/SearchFoundation : 510
PrivateFrameworks/SecCodeWrapper : 2
PrivateFrameworks/SecurityTokend : 2511
PrivateFrameworks/Seeding : 353
PrivateFrameworks/SetupAssistantFramework : 2
PrivateFrameworks/ShareKit : 14
PrivateFrameworks/SharePointManagement : 1
PrivateFrameworks/ShareServicesCore : 2
PrivateFrameworks/ShareSheet : 56
PrivateFrameworks/SharedWebCredentials : 225
PrivateFrameworks/Sharing : 90
PrivateFrameworks/SharingXPCServices : 83
PrivateFrameworks/SignpostCollection : 1454
PrivateFrameworks/SignpostMetrics : 1454
PrivateFrameworks/SignpostNotification : 334
PrivateFrameworks/SignpostSupport : 1454
PrivateFrameworks/SiriCore : 40
PrivateFrameworks/SiriInstrumentation : 40
PrivateFrameworks/SiriTasks : 40
PrivateFrameworks/SiriVOX : 40
PrivateFrameworks/SkyLight : 2
PrivateFrameworks/SocialAppsCore : 106
PrivateFrameworks/SocialServices : 275
PrivateFrameworks/SocialUI : 106
PrivateFrameworks/SoftwareUpdate : 27
PrivateFrameworks/SpanMatcher : 40
PrivateFrameworks/SpeechRecognitionCore : 11
PrivateFrameworks/Spotlight : 5
PrivateFrameworks/SpotlightDaemon : 5
PrivateFrameworks/SpotlightIndex : 5
PrivateFrameworks/SpotlightReceiver : 5
PrivateFrameworks/SpotlightServerKit : 5
PrivateFrameworks/SpotlightServices : 5
PrivateFrameworks/StorageKit : 2
PrivateFrameworks/StorageManagement : 5
PrivateFrameworks/StoreFoundation : 7
PrivateFrameworks/StoreJavaScript : 7
PrivateFrameworks/StoreServices : 1607
PrivateFrameworks/StoreUI : 7
PrivateFrameworks/SuggestionsSpotlightMetrics : 11
PrivateFrameworks/Symbolication : 1107
PrivateFrameworks/SymptomDiagnosticReporter : 493
PrivateFrameworks/SymptomReporter : 490
PrivateFrameworks/Symptoms : 490
PrivateFrameworks/SystemAdministration : 2
PrivateFrameworks/SystemDesktopAppearance : 1
PrivateFrameworks/SystemMigration : 53
PrivateFrameworks/SystemMigrationNetworking : 53
PrivateFrameworks/SystemMigrationUtils : 53
PrivateFrameworks/TTYUtilities : 2630
PrivateFrameworks/TelephonyUtilities : 67
PrivateFrameworks/TextInput : 29
PrivateFrameworks/TextInputCore : 29
PrivateFrameworks/TimeMachine : 8
PrivateFrameworks/Tourist : 178
PrivateFrameworks/TrustedPeers : 19
PrivateFrameworks/UIFoundation : 22
PrivateFrameworks/UIKitMacHelper : 5
PrivateFrameworks/UXKit : 2
PrivateFrameworks/VectorKit : 2
PrivateFrameworks/VideoProcessing : 114
PrivateFrameworks/ViewBridge : 1
PrivateFrameworks/VoiceTrigger : 1193
PrivateFrameworks/WatchdogClient : 24
PrivateFrameworks/WeatherFoundation : 431
PrivateFrameworks/WebContentAnalysis : 1022
PrivateFrameworks/WebDriver : 5
PrivateFrameworks/WebFilterDNS : 1022
PrivateFrameworks/WebInspector : 5
PrivateFrameworks/WebInspectorUI : 5
PrivateFrameworks/WiFiVelocity : 94
PrivateFrameworks/WirelessDiagnostics : 2260
PrivateFrameworks/XARTRecovery : 286
PrivateFrameworks/XCTAutomationSupport : 497
PrivateFrameworks/XCTTargetBootstrap : 497
PrivateFrameworks/iAdCore : 39
PrivateFrameworks/iAdServices : 39
PrivateFrameworks/iCalendar : 6
PrivateFrameworks/nt : 2
CoreServices/AddressBookUrlForwarder : 2419.1
CoreServices/AirPlayUIAgent : 406.31.83
CoreServices/Bluetooth Setup Assistant : 7.0.0f8
CoreServices/BluetoothUIServer : 7.0.0f8
CoreServices/CoreLocationAgent : 2387.0.12.3.1
CoreServices/CoreServicesUIAgent : 336
CoreServices/Dock : 2044
CoreServices/Dwell Control : 285
CoreServices/Finder : 1298.0.9
CoreServices/Install in Progress : 976
CoreServices/Installer Progress : 542.2
CoreServices/Keychain Circle Notification : 59306.11.20
CoreServices/Language Chooser : 580
CoreServices/NotificationCenter : 838
CoreServices/OBEXAgent : 7.0.0f8
CoreServices/Photo Library Migration Utility : 2201.20.240
CoreServices/Setup Assistant : 2476.3
CoreServices/Software Update : 1280.3
CoreServices/Spotlight : 2066.10
CoreServices/SystemUIServer : 493
CoreServices/UniversalAccessControl : 487
CoreServices/VoiceOver : 698
CoreServices/loginwindow : 1984
Applications/Archive Utility : 128
Applications/Feedback Assistant : 411.1
Frameworks/AuthenticationServices : 2
Frameworks/ContactsUI : 1
Frameworks/CoreAudioKit : 262
Frameworks/CoreNFC : 66
Frameworks/GameController : 116
Frameworks/GameKit : 142
Frameworks/HealthKit : 56
Frameworks/HealthKitUI : 56
Frameworks/IntentsUI : 27
Frameworks/JavaScriptCore : 2
Frameworks/MapKit : 63
Frameworks/MediaPlayer : 25
Frameworks/MobileCoreServices : 24
Frameworks/PDFKit : 2
Frameworks/PassKit : 55
Frameworks/PhotosUI : 2
Frameworks/QuickLook : 84
Frameworks/RealityKit : 69
Frameworks/ReplayKit : 92
Frameworks/SafariServices : 2
Frameworks/Social : 131
Frameworks/StoreKit : 122
Frameworks/UIKit : 5
Frameworks/WebKit : 2
Frameworks/iAd : 39
PrivateFrameworks/Accessibility : 12
PrivateFrameworks/AccessibilityUtilities : 12
PrivateFrameworks/AnnotationKit : 149
PrivateFrameworks/AppAnalytics : 793
PrivateFrameworks/AppleMediaServicesUI : 1
PrivateFrameworks/CalendarUIKit : 12
PrivateFrameworks/ClassroomKit : 96
PrivateFrameworks/CorePDF : 10
PrivateFrameworks/CoreSuggestionsUI : 11
PrivateFrameworks/DataDetectorsUI : 9
PrivateFrameworks/DocumentManager : 6
PrivateFrameworks/DocumentManagerCore : 6
PrivateFrameworks/FMNetworking : 87
PrivateFrameworks/GameCenterUI : 73
PrivateFrameworks/Home : 40
PrivateFrameworks/HomeKit : 6
PrivateFrameworks/HomeUI : 40
PrivateFrameworks/IMAssistantCore : 2
PrivateFrameworks/IMCore : 2
PrivateFrameworks/IMDPersistence : 2
PrivateFrameworks/IMSharedUtilities : 2
PrivateFrameworks/IMTranscoding : 2
PrivateFrameworks/IntlPreferences : 1
PrivateFrameworks/MarkupUI : 149
PrivateFrameworks/MediaPlaybackCore : 25
PrivateFrameworks/NanoRegistry : 21
PrivateFrameworks/NewsAnalytics : 2
PrivateFrameworks/NewsAnalyticsUpload : 2
PrivateFrameworks/NewsArticles : 2
PrivateFrameworks/NewsCore : 2
PrivateFrameworks/NewsDaemon : 2
PrivateFrameworks/NewsFeed : 2
PrivateFrameworks/NewsFeedLayout : 2
PrivateFrameworks/NewsFoundation : 2
PrivateFrameworks/NewsServicesInternal : 2
PrivateFrameworks/NewsSubscription : 2
PrivateFrameworks/NewsTransport : 2
PrivateFrameworks/NewsUI : 2
PrivateFrameworks/NewsUI2 : 2
PrivateFrameworks/PassKitUIFoundation : 26
PrivateFrameworks/PhotoLibrary : 2
PrivateFrameworks/PhotosPlayer : 2
PrivateFrameworks/PhotosUICore : 2
PrivateFrameworks/RTTUI : 2
PrivateFrameworks/SPShared : 87
PrivateFrameworks/SafariShared : 2
PrivateFrameworks/Silex : 2
PrivateFrameworks/SilexText : 2
PrivateFrameworks/SilexVideo : 2
PrivateFrameworks/SocialServices : 119
PrivateFrameworks/TeaActivities : 2
PrivateFrameworks/TeaCharts : 2
PrivateFrameworks/TeaDB : 2
PrivateFrameworks/TeaFoundation : 2
PrivateFrameworks/TeaSettings : 2
PrivateFrameworks/TeaTemplate : 2
PrivateFrameworks/TeaUI : 2
PrivateFrameworks/TeaUIKit : 2
PrivateFrameworks/UIAccessibility : 12
PrivateFrameworks/UIKitCore : 5
PrivateFrameworks/UIKitMacHelper : 5
PrivateFrameworks/UIKitServices : 5
PrivateFrameworks/VisualAlert : 12
PrivateFrameworks/VoiceMemos : 2
PrivateFrameworks/WeatherFoundation : 123
PrivateFrameworks/WebCore : 2
PrivateFrameworks/WebInspector : 2
PrivateFrameworks/WebKitLegacy : 2
PrivateFrameworks/WebUI : 2
Applications/Google Chrome Canary : 3922.0
PrivateFrameworks/AirTrafficHost : 33
PrivateFrameworks/DeviceLink : 55
PrivateFrameworks/MobileDevice : 9
