Applications/Bartender 3 : 3101
Applications/Coda 2 : 131097
Applications/GarageBand : 5136
Applications/GitHub Desktop : 2.2.1
Applications/Google Chrome Canary : 3939.2
Applications/Keka : 3358
Applications/MacForge : 2001
Applications/RunCat : 5.1.0
Applications/Safari : 15608.3.8
Applications/Todeska : 1
Applications/Übersicht : 60
Applications/Xcode : 15405
Applications/cDock : 6214
Applications/iMovie : 355330
Applications/iStat Menus : 1113
Applications/iTerm : 3.3.6
Applications/App Store : 1004.4.12
Applications/Automator : 490
Applications/Books : 1849
Applications/Calendar : 2760.2.1
Applications/Contacts : 2421
Applications/Home : 367.2.35
Applications/Mail : 3601
Applications/Maps : 2439.21.8.28.27
Applications/Music : 1.0.1
Applications/News : 2328.4
Applications/Notes : 1094
Applications/Photo Booth : 1115
Applications/Photos : 111.15.151
Applications/Podcasts : 1420.28
Applications/Preview : 999.1
Applications/QuickTime Player : 1015.2.1
Applications/Reminders : 2043
Applications/Stocks : 420.2
Applications/TV : 1.0.1
Utilities/Activity Monitor : 1073
Utilities/Bluetooth File Exchange : 7.0.1d9
Utilities/Boot Camp Assistant : 6170.40.25
Utilities/Console : 4.0.15
Utilities/Disk Utility : 1703
Utilities/VoiceOver Utility : 704
Frameworks/AGL : 2921
Frameworks/AVFoundation : 47
Frameworks/Accelerate : 2107
Frameworks/Accounts : 34
Frameworks/AdSupport : 805
Frameworks/AddressBook : 29
Frameworks/AppKit : 25
Frameworks/AppleScriptKit : 2375
Frameworks/AppleScriptObjC : 3772
Frameworks/ApplicationServices : 1838
Frameworks/AudioToolbox : 60
Frameworks/AudioVideoBridging : 83
Frameworks/AuthenticationServices : 8
Frameworks/Automator : 2
Frameworks/BackgroundTasks : 82
Frameworks/BusinessChat : 9
Frameworks/CalendarStore : 5
Frameworks/Carbon : 3162
Frameworks/CloudKit : 15
Frameworks/Cocoa : 10125
Frameworks/Collaboration : 3187
Frameworks/ColorSync : 13
Frameworks/Combine : 1114
Frameworks/Contacts : 6
Frameworks/ContactsUI : 4
Frameworks/CoreAudio : 1111
Frameworks/CoreAudioKit : 559
Frameworks/CoreAudioTypes : 57
Frameworks/CoreBluetooth : 71
Frameworks/CoreData : 31
Frameworks/CoreDisplay : 2
Frameworks/CoreFoundation : 26
Frameworks/CoreGraphics : 12
Frameworks/CoreHaptics : 166
Frameworks/CoreImage : 5
Frameworks/CoreLocation : 1
Frameworks/CoreMIDI : 147
Frameworks/CoreMIDIServer : 147
Frameworks/CoreML : 6
Frameworks/CoreMedia : 21
Frameworks/CoreMediaIO : 73
Frameworks/CoreMotion : 1
Frameworks/CoreServices : 6
Frameworks/CoreTelephony : 74
Frameworks/CoreText : 13
Frameworks/CoreVideo : 1203
Frameworks/CoreWLAN : 13
Frameworks/CryptoKit : 122
Frameworks/CryptoTokenKit : 12
Frameworks/DVDPlayback : 278
Frameworks/DeviceCheck : 5669
Frameworks/DirectoryService : 42
Frameworks/DiscRecording : 486
Frameworks/DiscRecordingUI : 486
Frameworks/DiskArbitration : 79
Frameworks/DriverKit : 21
Frameworks/ExceptionHandling : 4002
Frameworks/ExecutionPolicy : 6
Frameworks/FWAUserLib : 195
Frameworks/FileProvider : 11
Frameworks/FileProviderUI : 10
Frameworks/FinderSync : 7
Frameworks/ForceFeedback : 2816
Frameworks/Foundation : 26
Frameworks/GLKit : 276
Frameworks/GLUT : 42
Frameworks/GSS : 32
Frameworks/GameController : 66
Frameworks/GameKit : 1
Frameworks/GameplayKit : 648
Frameworks/HIDDriverKit : 34
Frameworks/Hypervisor : 1078
Frameworks/ICADevices : 21
Frameworks/IMServicePlugIn : 8
Frameworks/IOBluetooth : 65
Frameworks/IOBluetoothUI : 62
Frameworks/IOKit : 2
Frameworks/IOSurface : 1163
Frameworks/IOUSBHost : 133
Frameworks/ImageCaptureCore : 21
Frameworks/ImageIO : 3
Frameworks/InputMethodKit : 21
Frameworks/InstantMessage : 9947
Frameworks/Intents : 40
Frameworks/JavaFrameEmbedding : 837
Frameworks/JavaScriptCore : 41
Frameworks/JavaVM : 839
Frameworks/Kerberos : 408
Frameworks/Kernel : 2
Frameworks/LDAP : 235
Frameworks/LatentSemanticMapping : 1953
Frameworks/LinkPresentation : 6
Frameworks/LocalAuthentication : 75
Frameworks/MapKit : 39
Frameworks/MediaAccessibility : 719
Frameworks/MediaLibrary : 8
Frameworks/MediaToolbox : 23
Frameworks/Message : 11641
Frameworks/Metal : 44
Frameworks/MetalKit : 47
Frameworks/MetalPerformanceShaders : 49
Frameworks/MetricKit : 282
Frameworks/ModelIO : 402
Frameworks/MultipeerConnectivity : 1205
Frameworks/NaturalLanguage : 430
Frameworks/NetFS : 9
Frameworks/Network : 3
Frameworks/NetworkingDriverKit : 141
Frameworks/NotificationCenter : 8
Frameworks/OSAKit : 4357
Frameworks/OSLog : 18
Frameworks/OpenAL : 346
Frameworks/OpenCL : 636
Frameworks/OpenDirectory : 42
Frameworks/OpenGL : 1909
Frameworks/PCSC : 3
Frameworks/PDFKit : 5
Frameworks/PencilKit : 15
Frameworks/Photos : 6
Frameworks/PhotosUI : 6
Frameworks/PreferencePanes : 55
Frameworks/PushKit : 706
Frameworks/Python : 392
Frameworks/QTKit : 225
Frameworks/Quartz : 7138
Frameworks/QuartzCore : 66
Frameworks/QuickLook : 8
Frameworks/QuickLookThumbnailing : 6
Frameworks/RealityKit : 44
Frameworks/Ruby : 352
Frameworks/SafariServices : 6
Frameworks/SceneKit : 19
Frameworks/ScreenSaver : 6
Frameworks/ScriptingBridge : 1525
Frameworks/Security : 5
Frameworks/SecurityFoundation : 4009
Frameworks/SecurityInterface : 426
Frameworks/SensorKit : 14
Frameworks/Social : 148
Frameworks/SoundAnalysis : 1372
Frameworks/Speech : 1064
Frameworks/SpriteKit : 22
Frameworks/StoreKit : 63
Frameworks/SwiftUI : 80
Frameworks/SyncServices : 7914
Frameworks/System : 60769
Frameworks/SystemConfiguration : 11
Frameworks/TWAIN : 6
Frameworks/Tcl : 605
Frameworks/Tk : 605
Frameworks/USBDriverKit : 133
Frameworks/VideoDecodeAcceleration : 4114
Frameworks/VideoSubscriberAccount : 12
Frameworks/VideoToolbox : 21
Frameworks/Vision : 413
Frameworks/WebKit : 34
Frameworks/vecLib : 2107
Frameworks/vmnet : 4
PrivateFrameworks/ACDEClient : 7233
PrivateFrameworks/AMPDevices : 15
PrivateFrameworks/AMPSharing : 16
PrivateFrameworks/AOSAccounts : 6
PrivateFrameworks/AOSAccountsLite : 6
PrivateFrameworks/AOSKit : 6
PrivateFrameworks/AOSMigrate : 12561
PrivateFrameworks/AOSUI : 14
PrivateFrameworks/APFS : 20
PrivateFrameworks/APTransport : 43
PrivateFrameworks/AVConference : 260
PrivateFrameworks/AVFoundationCF : 15
PrivateFrameworks/AXCoreUtilities : 40
PrivateFrameworks/AXHearingCoreSupport : 2801
PrivateFrameworks/AXHearingSupport : 2801
PrivateFrameworks/AXMediaUtilities : 3
PrivateFrameworks/AXRuntime : 40
PrivateFrameworks/AccessibilityBundles : 3
PrivateFrameworks/AccessibilityPerformance : 46
PrivateFrameworks/AccessibilityPlatformTranslation : 14
PrivateFrameworks/AccessibilitySharedSupport : 14
PrivateFrameworks/AccessibilitySupport : 46
PrivateFrameworks/AccessoryNowPlaying : 85
PrivateFrameworks/AccountPolicy : 2098
PrivateFrameworks/AccountsDaemon : 34
PrivateFrameworks/ActionKit : 86
PrivateFrameworks/AdAnalytics : 41
PrivateFrameworks/AdCore : 5
PrivateFrameworks/AdID : 5
PrivateFrameworks/AdPlatforms : 5
PrivateFrameworks/AdPlatformsInternal : 5
PrivateFrameworks/AddressBookAutocomplete : 4
PrivateFrameworks/AddressBookCore : 29
PrivateFrameworks/Admin : 29
PrivateFrameworks/AggregateDictionary : 681
PrivateFrameworks/AggregateDictionaryHistory : 681
PrivateFrameworks/AirPlayReceiver : 44
PrivateFrameworks/AirPlaySender : 44
PrivateFrameworks/AirPlaySupport : 43
PrivateFrameworks/AmbientDisplay : 3
PrivateFrameworks/AnnotationKit : 179
PrivateFrameworks/AppContainer : 3
PrivateFrameworks/AppSSO : 7
PrivateFrameworks/AppSSOCore : 7
PrivateFrameworks/AppSSOKerberos : 7
PrivateFrameworks/AppSSOUI : 7
PrivateFrameworks/AppSandbox : 3
PrivateFrameworks/AppStoreDaemon : 191
PrivateFrameworks/AppStoreFoundation : 191
PrivateFrameworks/AppStoreKit : 22
PrivateFrameworks/AppStoreUI : 40
PrivateFrameworks/AppSupport : 2990
PrivateFrameworks/AppSupportUI : 124
PrivateFrameworks/Apple80211 : 35
PrivateFrameworks/AppleAccount : 36
PrivateFrameworks/AppleAppSupport : 7138
PrivateFrameworks/AppleFSCompression : 7591
PrivateFrameworks/AppleGVA : 58
PrivateFrameworks/AppleGVACore : 58
PrivateFrameworks/AppleIDAuthSupport : 47
PrivateFrameworks/AppleIDSSOAuthentication : 31
PrivateFrameworks/AppleJPEG : 321
PrivateFrameworks/AppleLDAP : 3321
PrivateFrameworks/AppleMediaServices : 255
PrivateFrameworks/AppleMediaServicesUI : 6
PrivateFrameworks/ApplePushService : 1
PrivateFrameworks/AppleSRP : 7184
PrivateFrameworks/AppleSauce : 2661
PrivateFrameworks/AppleScript : 5
PrivateFrameworks/AppleShareClientCore : 1743
PrivateFrameworks/AppleSystemInfo : 168
PrivateFrameworks/AppleVA : 1554
PrivateFrameworks/AppleVPA : 67
PrivateFrameworks/AskPermission : 126
PrivateFrameworks/AssertionServices : 11
PrivateFrameworks/AssetCacheServices : 5
PrivateFrameworks/AssetCacheServicesExtensions : 5
PrivateFrameworks/AssetsLibraryServices : 6
PrivateFrameworks/AssistantServices : 58
PrivateFrameworks/AttributeGraph : 1053
PrivateFrameworks/AudioDSPManager : 429
PrivateFrameworks/AudioHistory : 429
PrivateFrameworks/AudioPasscode : 2066
PrivateFrameworks/AudioResourceArbitration : 210
PrivateFrameworks/AudioServerApplication : 1989
PrivateFrameworks/AudioServerDriver : 1989
PrivateFrameworks/AudioSession : 450
PrivateFrameworks/AudioToolboxCore : 57
PrivateFrameworks/AuthKit : 36
PrivateFrameworks/AuthKitUI : 40
PrivateFrameworks/AuthenticationServices : 8
PrivateFrameworks/AutoBugCaptureCore : 102
PrivateFrameworks/AutoLoop : 1345
PrivateFrameworks/BackBoardServices : 74
PrivateFrameworks/BackgroundTaskManagement : 6
PrivateFrameworks/Backup : 7
PrivateFrameworks/BaseBoard : 145
PrivateFrameworks/BatteryUIKit : 3516
PrivateFrameworks/BehaviorMiner : 17
PrivateFrameworks/BezelServices : 323
PrivateFrameworks/BioKitAggD : 6761
PrivateFrameworks/BiometricKit : 153
PrivateFrameworks/BiometricKitUI : 6
PrivateFrameworks/BiometricSupport : 5
PrivateFrameworks/BluetoothAudio : 61
PrivateFrameworks/BluetoothManager : 71
PrivateFrameworks/BoardServices : 145
PrivateFrameworks/Bom : 7
PrivateFrameworks/BridgeOSInstall : 49
PrivateFrameworks/BridgeOSInstallReporting : 49
PrivateFrameworks/BridgeOSObliteration : 33
PrivateFrameworks/BridgeOSSoftwareUpdate : 1448
PrivateFrameworks/BridgeXPC : 904
PrivateFrameworks/BulkSymbolication : 394
PrivateFrameworks/ByteRangeLocking : 1700
PrivateFrameworks/C2 : 16
PrivateFrameworks/CDDataAccess : 20
PrivateFrameworks/CDDataAccessExpress : 20
PrivateFrameworks/CPMLBestShim : 4137
PrivateFrameworks/CSCSupport : 5
PrivateFrameworks/CacheDelete : 169
PrivateFrameworks/CalDAV : 5
PrivateFrameworks/Calculate : 154
PrivateFrameworks/CalendarAgent : 5
PrivateFrameworks/CalendarAgentLink : 5
PrivateFrameworks/CalendarFoundation : 5
PrivateFrameworks/CalendarUI : 7
PrivateFrameworks/CalendarUIKit : 5
PrivateFrameworks/CallHistory : 53
PrivateFrameworks/CameraImagingFramework : 3760
PrivateFrameworks/CaptiveNetwork : 3
PrivateFrameworks/CardKit : 7
PrivateFrameworks/CardServices : 7
PrivateFrameworks/Cards : 7
PrivateFrameworks/Catalyst : 1830
PrivateFrameworks/Categories : 8
PrivateFrameworks/CharacterPicker : 10
PrivateFrameworks/ChunkingLibrary : 1867
PrivateFrameworks/ClassKit : 13
PrivateFrameworks/ClassroomKit : 15
PrivateFrameworks/ClockMenuExtraPreferences : 262
PrivateFrameworks/CloudDocs : 17
PrivateFrameworks/CloudDocsDaemon : 11
PrivateFrameworks/CloudFamilyRestrictions : 513
PrivateFrameworks/CloudFamilyRestrictionsDaemon : 513
PrivateFrameworks/CloudKitCode : 196
PrivateFrameworks/CloudKitCodeProtobuf : 196
PrivateFrameworks/CloudKitDaemon : 11
PrivateFrameworks/CloudPhotoLibrary : 6
PrivateFrameworks/CloudPhotoServices : 6
PrivateFrameworks/CloudPhotoServicesConfiguration : 6
PrivateFrameworks/CloudServices : 9
PrivateFrameworks/Coherence : 4202
PrivateFrameworks/CombineCocoa : 1114
PrivateFrameworks/CommerceKit : 40
PrivateFrameworks/CommonAuth : 32
PrivateFrameworks/CommonCandidateWindow : 10060
PrivateFrameworks/CommonUtilities : 61
PrivateFrameworks/CommunicationsFilter : 9
PrivateFrameworks/ConditionInducer : 872
PrivateFrameworks/ConfigProfileHelper : 3
PrivateFrameworks/ConfigurationEngineModel : 75
PrivateFrameworks/ConfigurationProfiles : 3
PrivateFrameworks/ConfigurationProfilesUI : 6
PrivateFrameworks/ConsoleKit : 4
PrivateFrameworks/ConstantClasses : 1578
PrivateFrameworks/ContactsAgent : 550
PrivateFrameworks/ContactsAssistantServices : 11
PrivateFrameworks/ContactsAutocomplete : 94
PrivateFrameworks/ContactsAutocompleteUI : 35
PrivateFrameworks/ContactsDonation : 412
PrivateFrameworks/ContactsDonationFeedback : 412
PrivateFrameworks/ContactsFoundation : 6
PrivateFrameworks/ContactsPersistence : 4
PrivateFrameworks/ContactsUICore : 4
PrivateFrameworks/ContentKit : 86
PrivateFrameworks/ContextKit : 157
PrivateFrameworks/ConversationKit : 31
PrivateFrameworks/CoreADI : 1894
PrivateFrameworks/CoreAUC : 5
PrivateFrameworks/CoreAVCHD : 1967
PrivateFrameworks/CoreAccessories : 85
PrivateFrameworks/CoreAnalytics : 1460
PrivateFrameworks/CoreAppleCVA : 1831
PrivateFrameworks/CoreBrightness : 127
PrivateFrameworks/CoreCDP : 24
PrivateFrameworks/CoreCDPInternal : 24
PrivateFrameworks/CoreCDPUI : 24
PrivateFrameworks/CoreCapture : 59
PrivateFrameworks/CoreCaptureControl : 59
PrivateFrameworks/CoreCaptureDaemon : 59
PrivateFrameworks/CoreChart : 768
PrivateFrameworks/CoreChineseEngine : 18
PrivateFrameworks/CoreDaemon : 1199
PrivateFrameworks/CoreDuet : 36
PrivateFrameworks/CoreDuetContext : 36
PrivateFrameworks/CoreDuetDaemonProtocol : 36
PrivateFrameworks/CoreDuetDataModel : 36
PrivateFrameworks/CoreDuetDebugLogging : 36
PrivateFrameworks/CoreDuetStatistics : 36
PrivateFrameworks/CoreDuetSync : 36
PrivateFrameworks/CoreEmoji : 21
PrivateFrameworks/CoreFollowUp : 141
PrivateFrameworks/CoreFollowUpUI : 141
PrivateFrameworks/CoreHAP : 1
PrivateFrameworks/CoreHandwriting : 19
PrivateFrameworks/CoreKE : 381
PrivateFrameworks/CoreKnowledge : 563
PrivateFrameworks/CoreLSKD : 10
PrivateFrameworks/CoreLSKDMSE : 778
PrivateFrameworks/CoreMLTestFramework : 6
PrivateFrameworks/CoreMaterial : 13
PrivateFrameworks/CoreMediaStream : 6
PrivateFrameworks/CoreNLP : 16
PrivateFrameworks/CoreNameParser : 1135
PrivateFrameworks/CoreNavigation : 15
PrivateFrameworks/CoreOptimization : 4137
PrivateFrameworks/CorePDF : 5
PrivateFrameworks/CoreParsec : 113
PrivateFrameworks/CorePhoneNumbers : 53
PrivateFrameworks/CorePrediction : 4137
PrivateFrameworks/CoreRE : 8
PrivateFrameworks/CoreRecents : 553
PrivateFrameworks/CoreRecognition : 15
PrivateFrameworks/CoreRoutine : 296
PrivateFrameworks/CoreSDB : 1593
PrivateFrameworks/CoreSVG : 160
PrivateFrameworks/CoreServicesInternal : 6
PrivateFrameworks/CoreServicesStore : 6
PrivateFrameworks/CoreSpeech : 60
PrivateFrameworks/CoreSuggestions : 7
PrivateFrameworks/CoreSuggestionsInternals : 7
PrivateFrameworks/CoreSuggestionsML : 7
PrivateFrameworks/CoreSuggestionsUI : 7
PrivateFrameworks/CoreSymbolication : 389
PrivateFrameworks/CoreThemeDefinition : 4
PrivateFrameworks/CoreTime : 622
PrivateFrameworks/CoreUI : 152
PrivateFrameworks/CoreUtils : 261
PrivateFrameworks/CoreUtilsSwift : 906
PrivateFrameworks/CoreWLANKit : 4
PrivateFrameworks/CoreWiFi : 325
PrivateFrameworks/CrashReporterSupport : 4
PrivateFrameworks/CreateML : 198
PrivateFrameworks/CryptoKitCBridging : 122
PrivateFrameworks/CryptoKitPrivate : 122
PrivateFrameworks/DAAPKit : 215
PrivateFrameworks/DASDaemon : 82
PrivateFrameworks/DCERPC : 1378
PrivateFrameworks/DCIMServices : 6
PrivateFrameworks/DFRBrightness : 127
PrivateFrameworks/DFRDisplay : 875
PrivateFrameworks/DFRFoundation : 27
PrivateFrameworks/DSExternalDisplay : 3
PrivateFrameworks/DTXConnectionServices : 516
PrivateFrameworks/DVD : 13411
PrivateFrameworks/DataDeliveryServices : 8910
PrivateFrameworks/DataDetectors : 10
PrivateFrameworks/DataDetectorsCore : 1956
PrivateFrameworks/DataDetectorsNaturalLanguage : 573
PrivateFrameworks/DebugSymbols : 1957
PrivateFrameworks/DesktopServicesPriv : 28
PrivateFrameworks/DeviceCheckInternal : 5669
PrivateFrameworks/DeviceIdentity : 123
PrivateFrameworks/DeviceManagement : 75
PrivateFrameworks/DeviceToDeviceManager : 5376
PrivateFrameworks/DiagnosticExtensions : 952
PrivateFrameworks/DiagnosticLogCollection : 33
PrivateFrameworks/DifferentialPrivacy : 19
PrivateFrameworks/DigitalTouchShared : 669
PrivateFrameworks/DirectoryServer : 10011
PrivateFrameworks/DiskImages : 224
PrivateFrameworks/DiskManagement : 4
PrivateFrameworks/DisplayServices : 37
PrivateFrameworks/DisplayTransportServices : 782
PrivateFrameworks/DistributedEvaluation : 305
PrivateFrameworks/DrawingKit : 179
PrivateFrameworks/DuetActivityScheduler : 82
PrivateFrameworks/DuetRecommendation : 36
PrivateFrameworks/DynamicDesktop : 29
PrivateFrameworks/EAFirmwareUpdater : 35
PrivateFrameworks/EAP8021X : 57
PrivateFrameworks/EFILogin : 119
PrivateFrameworks/EasyConfig : 261
PrivateFrameworks/Email : 15
PrivateFrameworks/EmailAddressing : 15
PrivateFrameworks/EmailCore : 15
PrivateFrameworks/EmailDaemon : 15
PrivateFrameworks/EmailFoundation : 15
PrivateFrameworks/EmbeddedAcousticRecognition : 305
PrivateFrameworks/EmbeddedOSInstall : 1233
PrivateFrameworks/EmbeddedOSSupportHost : 3
PrivateFrameworks/EmbeddedSensingProtocols : 3351
PrivateFrameworks/EmojiFoundation : 11
PrivateFrameworks/Engram : 33
PrivateFrameworks/Espresso : 139
PrivateFrameworks/ExchangeWebServices : 797
PrivateFrameworks/ExpansionSlotSupport : 6
PrivateFrameworks/FMClient : 1144
PrivateFrameworks/FMCore : 9
PrivateFrameworks/FMCoreLite : 9
PrivateFrameworks/FMCoreUI : 13
PrivateFrameworks/FMF : 24
PrivateFrameworks/FMFCore : 77
PrivateFrameworks/FMFUI : 24
PrivateFrameworks/FMIPCore : 77
PrivateFrameworks/FMNetworking : 28
PrivateFrameworks/FTAWD : 33
PrivateFrameworks/FTClientServices : 22
PrivateFrameworks/FTServices : 22
PrivateFrameworks/FWAVC : 73
PrivateFrameworks/FaceCore : 1700
PrivateFrameworks/FamilyControls : 3
PrivateFrameworks/FeatureFlagsSupport : 3054
PrivateFrameworks/FileProvider : 11
PrivateFrameworks/FilesActionsUI : 10
PrivateFrameworks/FindMyDevice : 81
PrivateFrameworks/FindMyDeviceUI : 4
PrivateFrameworks/FindMyMac : 3
PrivateFrameworks/FinderKit : 7
PrivateFrameworks/FinderSyncPriv : 7
PrivateFrameworks/FlightUtilities : 223
PrivateFrameworks/FolderActionsKit : 687
PrivateFrameworks/FontServices : 2837
PrivateFrameworks/FoundInAppsPlugins : 17
PrivateFrameworks/FrontBoardServices : 131
PrivateFrameworks/Futhark : 542
PrivateFrameworks/GPUInfo : 45
PrivateFrameworks/GPURawCounter : 182
PrivateFrameworks/GPUSupport : 1909
PrivateFrameworks/GPUWrangler : 48
PrivateFrameworks/GameCenterFoundation : 1
PrivateFrameworks/GameCenterUI : 1
PrivateFrameworks/GameKitServices : 260
PrivateFrameworks/GenerationalStorage : 22
PrivateFrameworks/GeoKit : 5
PrivateFrameworks/GeoServices : 7
PrivateFrameworks/Geode : 6
PrivateFrameworks/GraphKit : 11872
PrivateFrameworks/GraphVisualizer : 2876
PrivateFrameworks/GraphicsServices : 564
PrivateFrameworks/HDAInterface : 5
PrivateFrameworks/HDRProcessing : 19
PrivateFrameworks/HID : 155
PrivateFrameworks/HIDAnalytics : 34
PrivateFrameworks/HIDDisplay : 34
PrivateFrameworks/HMFoundation : 21
PrivateFrameworks/HTTPServer : 551
PrivateFrameworks/HearingCore : 71
PrivateFrameworks/HearingUtilities : 71
PrivateFrameworks/Heimdal : 32
PrivateFrameworks/Helium : 495
PrivateFrameworks/HelloWorldMacHelper : 3
PrivateFrameworks/HelpData : 312
PrivateFrameworks/HomeAI : 15
PrivateFrameworks/HomeKit : 1
PrivateFrameworks/HomeKitDaemon : 1
PrivateFrameworks/IAP : 135
PrivateFrameworks/IASUtilities : 10
PrivateFrameworks/IDS : 22
PrivateFrameworks/IDSFoundation : 22
PrivateFrameworks/IDSHashPersistence : 14
PrivateFrameworks/IDSKVStore : 14
PrivateFrameworks/IDSSystemPreferencesSignIn : 22
PrivateFrameworks/IMAP : 4
PrivateFrameworks/IMAVCore : 6864
PrivateFrameworks/IMAssistantCore : 8
PrivateFrameworks/IMCore : 8
PrivateFrameworks/IMDMessageServices : 8
PrivateFrameworks/IMDPersistence : 8
PrivateFrameworks/IMDaemonCore : 8
PrivateFrameworks/IMFoundation : 33
PrivateFrameworks/IMSharedUI : 31
PrivateFrameworks/IMSharedUtilities : 8
PrivateFrameworks/IMTranscoderAgent : 8
PrivateFrameworks/IMTranscoding : 8
PrivateFrameworks/IMTransferAgent : 8
PrivateFrameworks/IMTransferServices : 33
PrivateFrameworks/IOImageLoader : 1845
PrivateFrameworks/IOPlatformPluginFamily : 81
PrivateFrameworks/IOPresentment : 1906
PrivateFrameworks/ISSupport : 9878
PrivateFrameworks/IdleTimerServices : 2277
PrivateFrameworks/IncomingCallFilter : 9
PrivateFrameworks/InertiaCam : 600
PrivateFrameworks/InputContext : 3451
PrivateFrameworks/InputTranscoder : 19
PrivateFrameworks/Install : 3
PrivateFrameworks/InstallerDiagnostics : 479
PrivateFrameworks/Intents : 40
PrivateFrameworks/IntentsCore : 40
PrivateFrameworks/IntentsFoundation : 40
PrivateFrameworks/IntentsServices : 40
PrivateFrameworks/InternationalSupport : 161
PrivateFrameworks/InternationalTextSearch : 1508
PrivateFrameworks/InternetAccounts : 320
PrivateFrameworks/IntlPreferences : 159
PrivateFrameworks/JavaApplicationLauncher : 837
PrivateFrameworks/JavaLaunching : 795
PrivateFrameworks/JavaScriptAppleEvents : 1528
PrivateFrameworks/JavaScriptOSA : 1768
PrivateFrameworks/Jet : 1232
PrivateFrameworks/JetEngine : 601
PrivateFrameworks/JetUI : 603
PrivateFrameworks/KerberosHelper : 1931
PrivateFrameworks/KeyboardServices : 4
PrivateFrameworks/KeychainCircle : 5
PrivateFrameworks/KnowledgeGraphKit : 6
PrivateFrameworks/KnowledgeMonitor : 14
PrivateFrameworks/LanguageModeling : 31
PrivateFrameworks/LibraryRepair : 397
PrivateFrameworks/LimitAdTracking : 5
PrivateFrameworks/LinguisticData : 52
PrivateFrameworks/LinkPresentation : 6
PrivateFrameworks/LocalAuthenticationRecoveryUI : 75
PrivateFrameworks/LocalAuthenticationUI : 75
PrivateFrameworks/LocationSupport : 1
PrivateFrameworks/LockoutUI : 705
PrivateFrameworks/LoggingSupport : 18
PrivateFrameworks/LoginUIKit : 17
PrivateFrameworks/Lookup : 3
PrivateFrameworks/MDSChannel : 1715
PrivateFrameworks/MFAAuthentication : 85
PrivateFrameworks/MFiAuthentication : 135
PrivateFrameworks/MMCS : 16
PrivateFrameworks/MMCSServices : 8
PrivateFrameworks/MTLCompiler : 44
PrivateFrameworks/MTLSimImplementation : 44
PrivateFrameworks/MachineSettings : 4364
PrivateFrameworks/Mail : 4
PrivateFrameworks/MailCore : 4
PrivateFrameworks/MailService : 4
PrivateFrameworks/MailSupport : 15
PrivateFrameworks/MailUI : 4
PrivateFrameworks/MailWebProcessSupport : 15
PrivateFrameworks/MallocStackLogging : 368
PrivateFrameworks/ManagedClient : 3
PrivateFrameworks/Mangrove : 76
PrivateFrameworks/MapsSuggestions : 5
PrivateFrameworks/MapsSupport : 5
PrivateFrameworks/Marco : 33
PrivateFrameworks/MarkupUI : 179
PrivateFrameworks/MediaControlSender : 43
PrivateFrameworks/MediaConversionService : 6
PrivateFrameworks/MediaExperience : 21
PrivateFrameworks/MediaKit : 1531
PrivateFrameworks/MediaMiningKit : 6
PrivateFrameworks/MediaRemote : 18
PrivateFrameworks/MediaServices : 16
PrivateFrameworks/MediaStream : 6
PrivateFrameworks/MessageProtection : 16
PrivateFrameworks/MessageSecurity : 2980
PrivateFrameworks/MessageUIMacHelper : 4
PrivateFrameworks/MessagesHelperKit : 9
PrivateFrameworks/MessagesKit : 9
PrivateFrameworks/MetadataUtilities : 19
PrivateFrameworks/MetalTools : 44
PrivateFrameworks/MetricKitCore : 282
PrivateFrameworks/MetricKitServices : 282
PrivateFrameworks/MetricKitSource : 282
PrivateFrameworks/MetricMeasurement : 282
PrivateFrameworks/MiniSoftwareUpdate : 889
PrivateFrameworks/MobileAccessoryUpdater : 140
PrivateFrameworks/MobileActivationMacOS : 123
PrivateFrameworks/MobileAsset : 22
PrivateFrameworks/MobileAssetUpdater : 35
PrivateFrameworks/MobileBluetooth : 71
PrivateFrameworks/MobileKeyBag : 19
PrivateFrameworks/Mondrian : 6
PrivateFrameworks/MonitorPanel : 3
PrivateFrameworks/Montreal : 858
PrivateFrameworks/MultitouchSupport : 9
PrivateFrameworks/MultiverseSupport : 229
PrivateFrameworks/MusicLibrary : 13
PrivateFrameworks/NLP : 908
PrivateFrameworks/Navigation : 5
PrivateFrameworks/NearField : 90
PrivateFrameworks/NetAppsUtilities : 218
PrivateFrameworks/NetAuth : 405
PrivateFrameworks/NetFSServer : 9
PrivateFrameworks/Netrb : 4
PrivateFrameworks/Network : 3
PrivateFrameworks/NetworkServiceProxy : 1909
PrivateFrameworks/NetworkStatistics : 3003
PrivateFrameworks/NeutrinoCore : 6
PrivateFrameworks/NeutrinoKit : 6
PrivateFrameworks/Notes : 46
PrivateFrameworks/NotesShared : 46
PrivateFrameworks/NotesUI : 46
PrivateFrameworks/Noticeboard : 1649
PrivateFrameworks/NotificationCenterUI : 8
PrivateFrameworks/OAuth : 15103
PrivateFrameworks/OSAServicesClient : 185
PrivateFrameworks/OSASubmissionClient : 194
PrivateFrameworks/OSASyncProxyClient : 194
PrivateFrameworks/OSAnalytics : 185
PrivateFrameworks/OSAnalyticsPrivate : 194
PrivateFrameworks/OSD : 1518
PrivateFrameworks/OSInstaller : 36
PrivateFrameworks/OSUpdate : 7
PrivateFrameworks/OTSVG : 13
PrivateFrameworks/OfficeImport : 427
PrivateFrameworks/OnBoardingKit : 7
PrivateFrameworks/OpenDirectoryConfig : 12792
PrivateFrameworks/OpenDirectoryConfigUI : 824
PrivateFrameworks/Osprey : 10
PrivateFrameworks/PAImaging : 6
PrivateFrameworks/PAImagingCore : 6
PrivateFrameworks/PASampling : 394
PrivateFrameworks/PDFKit : 5
PrivateFrameworks/PIP : 34
PrivateFrameworks/PSNormalizer : 197
PrivateFrameworks/PacketFilter : 415
PrivateFrameworks/ParsecModel : 113
PrivateFrameworks/ParsecSubscriptionServiceSupport : 113
PrivateFrameworks/ParsecUI : 18
PrivateFrameworks/PassKitCore : 75
PrivateFrameworks/PassKitUI : 25
PrivateFrameworks/PassKitUIFoundation : 42
PrivateFrameworks/PasswordServer : 7033
PrivateFrameworks/PencilKit : 15
PrivateFrameworks/PeopleSuggester : 36
PrivateFrameworks/PerformanceAnalysis : 394
PrivateFrameworks/PersistentConnection : 1
PrivateFrameworks/PersonaKit : 1714
PrivateFrameworks/PersonaUI : 1714
PrivateFrameworks/PersonalizationPortrait : 17
PrivateFrameworks/PersonalizationPortraitInternals : 17
PrivateFrameworks/PhoneNumbers : 53
PrivateFrameworks/PhotoAnalysis : 6
PrivateFrameworks/PhotoFoundation : 6
PrivateFrameworks/PhotoImaging : 6
PrivateFrameworks/PhotoLibrary : 6
PrivateFrameworks/PhotoLibraryServices : 6
PrivateFrameworks/PhotoPrintProduct : 2
PrivateFrameworks/PhotoVision : 6
PrivateFrameworks/PhotosFormats : 6
PrivateFrameworks/PhotosGraph : 6
PrivateFrameworks/PhotosImagingFoundation : 6
PrivateFrameworks/PhotosPlayer : 6
PrivateFrameworks/PhotosUICore : 6
PrivateFrameworks/PhysicsKit : 717
PrivateFrameworks/PipelineKit : 6
PrivateFrameworks/PlacesKit : 6
PrivateFrameworks/PlugInKit : 26
PrivateFrameworks/PodcastServices : 5
PrivateFrameworks/PowerLog : 48
PrivateFrameworks/PowerlogControl : 51
PrivateFrameworks/PowerlogCore : 51
PrivateFrameworks/PowerlogDatabaseReader : 51
PrivateFrameworks/PowerlogLiteOperators : 58
PrivateFrameworks/PreferencePanesSupport : 6
PrivateFrameworks/PrintKit : 718
PrivateFrameworks/PrintingPrivate : 63
PrivateFrameworks/PrivateFederatedLearning : 25
PrivateFrameworks/ProVideo : 248
PrivateFrameworks/ProactiveEventTracker : 163
PrivateFrameworks/ProactiveExperiments : 7
PrivateFrameworks/ProactiveExperimentsInternals : 7
PrivateFrameworks/ProactiveML : 7
PrivateFrameworks/ProactiveSupport : 163
PrivateFrameworks/ProactiveSupportStubs : 163
PrivateFrameworks/ProofReader : 32
PrivateFrameworks/ProtectedCloudStorage : 16
PrivateFrameworks/ProtocolBuffer : 335
PrivateFrameworks/PrototypeTools : 2282
PrivateFrameworks/QLCharts : 427
PrivateFrameworks/Quagga : 635
PrivateFrameworks/QuickLookIosmac : 8
PrivateFrameworks/QuickLookNonBaseSystem : 8
PrivateFrameworks/QuickLookSupport : 6
PrivateFrameworks/QuickLookThumbnailing : 6
PrivateFrameworks/QuickLookUIIosmac : 8
PrivateFrameworks/RTCReporting : 118
PrivateFrameworks/RTTUI : 71
PrivateFrameworks/RTTUtilities : 71
PrivateFrameworks/Rapport : 12
PrivateFrameworks/RapportUI : 12
PrivateFrameworks/ReminderKit : 20
PrivateFrameworks/ReminderKitUI : 20
PrivateFrameworks/ReminderMigration : 3
PrivateFrameworks/RemoteConfiguration : 1657
PrivateFrameworks/RemoteCoreML : 3666
PrivateFrameworks/RemoteManagement : 1067
PrivateFrameworks/RemoteTextInput : 891
PrivateFrameworks/RemoteViewServices : 153
PrivateFrameworks/RenderBox : 182
PrivateFrameworks/ReplayKitMacHelper : 3
PrivateFrameworks/ResponseKit : 234
PrivateFrameworks/Restore : 6
PrivateFrameworks/Reveal : 277
PrivateFrameworks/RevealCore : 277
PrivateFrameworks/RunningBoard : 11
PrivateFrameworks/RunningBoardServices : 11
PrivateFrameworks/SAObjects : 112
PrivateFrameworks/SCEP : 819
PrivateFrameworks/SDAPI : 2899
PrivateFrameworks/SMBClient : 78
PrivateFrameworks/SMBClientEngine : 4
PrivateFrameworks/SPFinder : 6
PrivateFrameworks/SPOwner : 6
PrivateFrameworks/SPShared : 28
PrivateFrameworks/SPSupport : 345
PrivateFrameworks/SafariCore : 8
PrivateFrameworks/SafariFoundation : 8
PrivateFrameworks/SafariShared : 8
PrivateFrameworks/SafeEjectGPU : 2
PrivateFrameworks/SampleAnalysis : 394
PrivateFrameworks/ScreenReader : 17
PrivateFrameworks/ScreenReaderCore : 17
PrivateFrameworks/ScreenSharing : 14
PrivateFrameworks/ScreenTimeCore : 5
PrivateFrameworks/ScreenTimeServiceUI : 5
PrivateFrameworks/ScreenTimeUI : 5
PrivateFrameworks/SearchAds : 5
PrivateFrameworks/SearchFoundation : 113
PrivateFrameworks/SearchUI : 23
PrivateFrameworks/SecCodeWrapper : 3
PrivateFrameworks/SecureChannel : 744
PrivateFrameworks/SecurityTokend : 2796
PrivateFrameworks/Seeding : 501
PrivateFrameworks/SemanticDocumentManagement : 1579
PrivateFrameworks/SensingProtocols : 3351
PrivateFrameworks/Sentry : 411
PrivateFrameworks/ServerCompatibility : 1977
PrivateFrameworks/ServerInformation : 165
PrivateFrameworks/SetupAssistantSupport : 898
PrivateFrameworks/ShareKit : 7
PrivateFrameworks/SharePointManagement : 6
PrivateFrameworks/ShareServicesCore : 6
PrivateFrameworks/ShareSheet : 44
PrivateFrameworks/SharedWebCredentials : 971
PrivateFrameworks/Sharing : 173
PrivateFrameworks/SharingXPCServices : 180
PrivateFrameworks/Shortcut : 471
PrivateFrameworks/SidecarCore : 82
PrivateFrameworks/SidecarUI : 82
PrivateFrameworks/SignpostCollection : 557
PrivateFrameworks/SignpostMetrics : 557
PrivateFrameworks/SignpostNotification : 107
PrivateFrameworks/SignpostSupport : 557
PrivateFrameworks/SiriClientFlow : 8
PrivateFrameworks/SiriCore : 41
PrivateFrameworks/SiriFoundation : 7
PrivateFrameworks/SiriInstrumentation : 58
PrivateFrameworks/SiriTTS : 5
PrivateFrameworks/SiriTasks : 58
PrivateFrameworks/SiriUI : 7
PrivateFrameworks/SiriVOX : 41
PrivateFrameworks/SkyLight : 19
PrivateFrameworks/Slideshows : 278
PrivateFrameworks/SocialAppsCore : 9
PrivateFrameworks/SocialUI : 9
PrivateFrameworks/SoftwareUpdate : 7
PrivateFrameworks/SpanMatcher : 41
PrivateFrameworks/SpeechDictionary : 1541
PrivateFrameworks/SpeechRecognitionCommandServices : 237
PrivateFrameworks/SpeechRecognitionCore : 10
PrivateFrameworks/Spotlight : 18
PrivateFrameworks/SpotlightIndex : 18
PrivateFrameworks/SpotlightServerKit : 18
PrivateFrameworks/SpotlightServices : 18
PrivateFrameworks/StatsKit : 4925
PrivateFrameworks/StorageKit : 314
PrivateFrameworks/StoreFoundation : 40
PrivateFrameworks/StoreJavaScript : 40
PrivateFrameworks/StoreServices : 26
PrivateFrameworks/StoreUI : 40
PrivateFrameworks/StreamingZip : 63
PrivateFrameworks/Suggestions : 61
PrivateFrameworks/SuggestionsSpotlightMetrics : 7
PrivateFrameworks/Symbolication : 368
PrivateFrameworks/SymptomDiagnosticReporter : 103
PrivateFrameworks/SymptomReporter : 102
PrivateFrameworks/Symptoms : 102
PrivateFrameworks/SyncServicesUI : 7914
PrivateFrameworks/SyncedDefaults : 13
PrivateFrameworks/SystemAdministration : 29
PrivateFrameworks/SystemAdministrationInterface : 310
PrivateFrameworks/SystemMigration : 57
PrivateFrameworks/SystemMigrationNetworking : 57
PrivateFrameworks/SystemMigrationUtils : 57
PrivateFrameworks/SystemPolicy : 6
PrivateFrameworks/SystemUIPlugin : 4376
PrivateFrameworks/TCC : 21
PrivateFrameworks/TTYUtilities : 2801
PrivateFrameworks/TVRemoteCore : 9
PrivateFrameworks/TelephonyUtilities : 65
PrivateFrameworks/TemplateKit : 23
PrivateFrameworks/TextInput : 41
PrivateFrameworks/TextInputCore : 41
PrivateFrameworks/TextRecognition : 15
PrivateFrameworks/TextToSpeech : 21
PrivateFrameworks/TextureIO : 2578
PrivateFrameworks/TimeSync : 14
PrivateFrameworks/Tourist : 334
PrivateFrameworks/TransparencyDetailsViewMac : 5
PrivateFrameworks/TrustEvaluationAgent : 2322
PrivateFrameworks/TrustedPeers : 5
PrivateFrameworks/TuriCore : 50
PrivateFrameworks/UAUPlugin : 61
PrivateFrameworks/UIFoundation : 12
PrivateFrameworks/UIKitMacHelper : 58
PrivateFrameworks/UIKitSystemAppServices : 3
PrivateFrameworks/UIRecording : 25
PrivateFrameworks/URLFormatting : 6
PrivateFrameworks/USDKit : 616
PrivateFrameworks/UXKit : 6
PrivateFrameworks/Uninstall : 3360
PrivateFrameworks/UniversalAccess : 3
PrivateFrameworks/UsageTracking : 3
PrivateFrameworks/UserActivity : 10
PrivateFrameworks/VCXMPP : 10878
PrivateFrameworks/VectorKit : 1
PrivateFrameworks/VideoConference : 536
PrivateFrameworks/VideoProcessing : 340
PrivateFrameworks/ViewBridge : 5
PrivateFrameworks/VisionKit : 82
PrivateFrameworks/VisualPairing : 3264
PrivateFrameworks/VisualTestKit : 228
PrivateFrameworks/VoiceShortcutClient : 86
PrivateFrameworks/VoiceShortcuts : 86
PrivateFrameworks/VoiceTrigger : 540
PrivateFrameworks/WPDaemon : 771
PrivateFrameworks/WatchdogClient : 14
PrivateFrameworks/WeatherFoundation : 1263
PrivateFrameworks/WeatherKit : 7
PrivateFrameworks/WebContentAnalysis : 152
PrivateFrameworks/WebFilterDNS : 152
PrivateFrameworks/WiFiPeerToPeer : 1287
PrivateFrameworks/WiFiPolicy : 3
PrivateFrameworks/WiFiVelocity : 168
PrivateFrameworks/WirelessCoexManager : 340
PrivateFrameworks/WirelessDiagnostics : 3203
PrivateFrameworks/WirelessProximity : 771
PrivateFrameworks/WorkflowKit : 86
PrivateFrameworks/XARTRecovery : 795
PrivateFrameworks/XCTAutomationSupport : 472
PrivateFrameworks/XCTTargetBootstrap : 472
PrivateFrameworks/XPCService : 8585
PrivateFrameworks/XQuery : 3589
PrivateFrameworks/XprotectFramework : 58
PrivateFrameworks/acfs : 841
PrivateFrameworks/caulk : 154
PrivateFrameworks/iAdCore : 41
PrivateFrameworks/iAdServices : 41
PrivateFrameworks/iCalendar : 5
PrivateFrameworks/iLifeMediaBrowser : 8
PrivateFrameworks/iPod : 4357
PrivateFrameworks/iPodSync : 692
PrivateFrameworks/iPodUpdater : 638
PrivateFrameworks/iWorkXPC : 630
PrivateFrameworks/kperf : 12
PrivateFrameworks/kperfdata : 12
PrivateFrameworks/ktrace : 12
PrivateFrameworks/login : 774
PrivateFrameworks/nt : 1
PrivateFrameworks/oncrpc : 280
PrivateFrameworks/perfdata : 8
PrivateFrameworks/vCard : 4
PrivateFrameworks/yara : 153
PrivateFrameworks/zudp : 6138
CoreServices/AddressBookUrlForwarder : 2421
CoreServices/AirPlayUIAgent : 409.16.81
CoreServices/Automator Installer : 490
CoreServices/Bluetooth Setup Assistant : 7.0.1d9
CoreServices/BluetoothUIServer : 7.0.1d9
CoreServices/ControlStrip : 205
CoreServices/CoreLocationAgent : 2388.0.20
CoreServices/CoreServicesUIAgent : 338.1
CoreServices/DiskImageMounter : 559.40.3
CoreServices/Dock : 2044.3
CoreServices/Dwell Control : 288
CoreServices/Finder : 1298.1.1
CoreServices/Install in Progress : 977.1
CoreServices/Installer Progress : 550.1
CoreServices/Installer : 965.1
CoreServices/Keychain Circle Notification : 59306.40.117.100.1
CoreServices/ManagedClient : 1271
CoreServices/NotificationCenter : 840
CoreServices/OBEXAgent : 7.0.1d9
CoreServices/Paired Devices : 190.11
CoreServices/Problem Reporter : 15011
CoreServices/RapportUIAgent : 190.11
CoreServices/Setup Assistant : 2485
CoreServices/Siri : 200.1.2
CoreServices/Software Update : 1285.2
CoreServices/Spotlight : 2072
CoreServices/TextInputMenuAgent : 248
CoreServices/TextInputSwitcher : 248
CoreServices/UIKitSystem : 182
CoreServices/UniversalAccessControl : 487.0.1
CoreServices/UserNotificationCenter : 47
CoreServices/VoiceOver : 704
CoreServices/loginwindow : 1986.1
CoreServices/screencaptureui : 252
Applications/Feedback Assistant : 416
Frameworks/BusinessChat : 3
Frameworks/ContactsUI : 4
Frameworks/CoreAudioKit : 390
Frameworks/CoreNFC : 15
Frameworks/GameController : 27
Frameworks/GameKit : 1
Frameworks/GameplayKit : 183
Frameworks/HealthKit : 145
Frameworks/HealthKitUI : 145
Frameworks/IdentityLookupUI : 1
Frameworks/IntentsUI : 10
Frameworks/LinkPresentation : 3
Frameworks/MapKit : 31
Frameworks/MessageUI : 4
Frameworks/MetalKit : 6
Frameworks/MobileCoreServices : 6
Frameworks/MultipeerConnectivity : 593
Frameworks/PDFKit : 3
Frameworks/PassKit : 49
Frameworks/PhotosUI : 5
Frameworks/QuickLook : 9
Frameworks/RealityKit : 34
Frameworks/ReplayKit : 3
Frameworks/Social : 38
Frameworks/SpriteKit : 3
Frameworks/StoreKit : 38
Frameworks/SwiftUI : 14
Frameworks/UIKit : 62
Frameworks/VisionKit : 48
Frameworks/WatchConnectivity : 13
Frameworks/iAd : 41
PrivateFrameworks/Accessibility : 8
PrivateFrameworks/AccessibilityUtilities : 8
PrivateFrameworks/ActionKit : 11
PrivateFrameworks/ActionKitUI : 10
PrivateFrameworks/ActivityRingsUI : 20
PrivateFrameworks/AddressBookLegacy : 24
PrivateFrameworks/AnnotationKit : 97
PrivateFrameworks/AppAnalytics : 1027
PrivateFrameworks/AppSupportUI : 36
PrivateFrameworks/AppleMediaServicesUI : 6
PrivateFrameworks/AuthKitUI : 11
PrivateFrameworks/AuthKitUIMacHelper : 11
PrivateFrameworks/BaseBoardUI : 111
PrivateFrameworks/CalendarUIKit : 5
PrivateFrameworks/ClassroomKit : 7
PrivateFrameworks/ContactsAutocompleteUI : 4
PrivateFrameworks/ContentKit : 11
PrivateFrameworks/CorePDF : 5
PrivateFrameworks/CoreRecognition : 3
PrivateFrameworks/CoreSuggestionsUI : 7
PrivateFrameworks/EmojiKit : 3
PrivateFrameworks/FMCoreUI : 6
PrivateFrameworks/FMNetworking : 9
PrivateFrameworks/FrontBoard : 127
PrivateFrameworks/GameCenterUI : 1
PrivateFrameworks/Home : 18
PrivateFrameworks/HomeKit : 1
PrivateFrameworks/HomeUI : 18
PrivateFrameworks/IMAssistantCore : 7
PrivateFrameworks/IMCore : 7
PrivateFrameworks/IMDPersistence : 7
PrivateFrameworks/IMSharedUtilities : 7
PrivateFrameworks/IMTranscoding : 7
PrivateFrameworks/IntlPreferences : 37
PrivateFrameworks/Jet : 279
PrivateFrameworks/ManagedConfiguration : 24
PrivateFrameworks/MarkupUI : 97
PrivateFrameworks/NanoRegistry : 169
PrivateFrameworks/NetAppsUtilitiesUI : 218
PrivateFrameworks/NewsAnalytics : 21
PrivateFrameworks/NewsArticles : 21
PrivateFrameworks/NewsFeed : 21
PrivateFrameworks/NewsSubscription : 21
PrivateFrameworks/NewsUI2 : 21
PrivateFrameworks/OnBoardingKit : 6
PrivateFrameworks/PassKitUIFoundation : 16
PrivateFrameworks/PersonaUI : 572
PrivateFrameworks/PhotoLibrary : 5
PrivateFrameworks/PhotosPlayer : 5
PrivateFrameworks/PhotosUICore : 5
PrivateFrameworks/RTTUI : 17
PrivateFrameworks/RapportUI : 3
PrivateFrameworks/SPShared : 9
PrivateFrameworks/SocialServices : 27
PrivateFrameworks/Stocks : 1202
PrivateFrameworks/TSReading : 815
PrivateFrameworks/TSUtility : 815
PrivateFrameworks/TeaActivities : 11
PrivateFrameworks/TeaCharts : 11
PrivateFrameworks/TeaDB : 11
PrivateFrameworks/TeaFoundation : 11
PrivateFrameworks/TeaSettings : 11
PrivateFrameworks/TeaTemplate : 11
PrivateFrameworks/TeaUI : 11
PrivateFrameworks/TeaUIKit : 11
PrivateFrameworks/TelephonyUI : 12
PrivateFrameworks/TransparencyDetailsView : 5
PrivateFrameworks/UIAccessibility : 8
PrivateFrameworks/UIKitCore : 58
PrivateFrameworks/UIKitMacHelper : 58
PrivateFrameworks/UIKitServices : 48
PrivateFrameworks/UserNotificationsExtensionPoint : 6
PrivateFrameworks/VisualAlert : 8
PrivateFrameworks/VisualPairing : 1248
PrivateFrameworks/VoiceMemos : 138
PrivateFrameworks/VoiceShortcutClient : 11
PrivateFrameworks/VoiceShortcuts : 11
PrivateFrameworks/VoiceShortcutsUI : 10
PrivateFrameworks/Weather : 4376
PrivateFrameworks/WeatherFoundation : 275
PrivateFrameworks/WebCore : 7
PrivateFrameworks/WorkflowKit : 11
PrivateFrameworks/WorkflowUI : 10
