Applications/Google Chrome Canary : 3944.0
Applications/Google Chrome : 3865.120
Applications/Logi Options : 8.02.86
Applications/MacForge : 2058
Applications/Pock : 1
Applications/Safari Technology Preview : 15609.1.6.1
Applications/Safari : 15608.3.10.1.3
Applications/iTunes Volume Control : 1.6.7.255
Utilities/LogiMgr Uninstaller : 8.02.86
Applications/Home : 367.2.38
Applications/Mail : 3601.0.4
Applications/News : 2328.6
Applications/Photos : 111.16.100
Applications/Podcasts : 1420.34
Applications/Reminders : 2046.71
Applications/TextEdit : 355
Utilities/Activity Monitor : 1075
Utilities/Bluetooth File Exchange : 7.0.1f1
Utilities/VoiceOver Utility : 705
Frameworks/AGL : 2945
Frameworks/AVFoundation : 98
Frameworks/Accelerate : 2117
Frameworks/Accounts : 25
Frameworks/AddressBook : 91
Frameworks/ApplicationServices : 1925
Frameworks/AudioToolbox : 89
Frameworks/AudioUnit : 16
Frameworks/BackgroundTasks : 154
Frameworks/CFNetwork : 24
Frameworks/CallKit : 3
Frameworks/Carbon : 3246
Frameworks/Cocoa : 10264
Frameworks/Combine : 1230
Frameworks/CoreAudio : 1200
Frameworks/CoreAudioKit : 579
Frameworks/CoreBluetooth : 76
Frameworks/CoreFoundation : 16
Frameworks/CoreGraphics : 10
Frameworks/CoreHaptics : 176
Frameworks/CoreLocation : 4
Frameworks/CoreMIDI : 238
Frameworks/CoreMIDIServer : 238
Frameworks/CoreMedia : 2
Frameworks/CoreMediaIO : 91
Frameworks/CoreMotion : 4
Frameworks/CoreServices : 23
Frameworks/CoreTelephony : 100
Frameworks/CoreWLAN : 21
Frameworks/CryptoKit : 207
Frameworks/DiscRecording : 556
Frameworks/DiscRecordingUI : 556
Frameworks/DriverKit : 111
Frameworks/FileProvider : 1
Frameworks/FinderSync : 12
Frameworks/Foundation : 16
Frameworks/GLKit : 297
Frameworks/GLUT : 47
Frameworks/Hypervisor : 1096
Frameworks/IOBluetooth : 6
Frameworks/IOBluetoothUI : 6
Frameworks/IOUSBHost : 21
Frameworks/IdentityLookup : 3
Frameworks/ImageIO : 4
Frameworks/InputMethodKit : 24
Frameworks/Intents : 61
Frameworks/JavaScriptCore : 1
Frameworks/MapKit : 35
Frameworks/MediaPlayer : 12
Frameworks/MediaToolbox : 2
Frameworks/Metal : 2
Frameworks/MetalKit : 66
Frameworks/MetalPerformanceShaders : 126
Frameworks/MetricKit : 371
Frameworks/NetworkExtension : 10
Frameworks/NetworkingDriverKit : 204
Frameworks/OpenCL : 657
Frameworks/OpenGL : 1999
Frameworks/Photos : 5
Frameworks/PhotosUI : 5
Frameworks/PushKit : 796
Frameworks/Quartz : 7214
Frameworks/QuartzCore : 9
Frameworks/RealityKit : 50
Frameworks/SafariServices : 1
Frameworks/ScreenSaver : 2
Frameworks/SecurityFoundation : 4111
Frameworks/SecurityInterface : 444
Frameworks/Social : 248
Frameworks/SoundAnalysis : 1440
Frameworks/SwiftUI : 5
Frameworks/System : 62336
Frameworks/USBDriverKit : 21
Frameworks/VideoToolbox : 2
Frameworks/Vision : 651
Frameworks/WebKit : 1
Frameworks/vecLib : 2117
PrivateFrameworks/AOSKit : 1
PrivateFrameworks/AOSUI : 2
PrivateFrameworks/APTransport : 92
PrivateFrameworks/AVConference : 13
PrivateFrameworks/AVFoundationCF : 62
PrivateFrameworks/AXCoreUtilities : 81
PrivateFrameworks/AXHearingCoreSupport : 2832
PrivateFrameworks/AXHearingSupport : 2832
PrivateFrameworks/AXRuntime : 81
PrivateFrameworks/AccessibilityPerformance : 65
PrivateFrameworks/AccessibilitySupport : 65
PrivateFrameworks/AccessoryNowPlaying : 124
PrivateFrameworks/AccountsDaemon : 25
PrivateFrameworks/ActionKit : 249
PrivateFrameworks/AdAnalytics : 46
PrivateFrameworks/AddressBookCore : 91
PrivateFrameworks/Admin : 34
PrivateFrameworks/AirPlayReceiver : 95
PrivateFrameworks/AirPlaySender : 95
PrivateFrameworks/AirPlaySupport : 92
PrivateFrameworks/AnnotationKit : 267
PrivateFrameworks/AppStoreKit : 63
PrivateFrameworks/AppStoreUI : 61
PrivateFrameworks/Apple80211 : 43
PrivateFrameworks/AppleAppSupport : 7214
PrivateFrameworks/AppleGVA : 63
PrivateFrameworks/AppleGVACore : 63
PrivateFrameworks/AppleMediaServices : 4
PrivateFrameworks/AppleMediaServicesUI : 8
PrivateFrameworks/AppleSystemInfo : 191
PrivateFrameworks/AppleVA : 1577
PrivateFrameworks/AppleVPA : 73
PrivateFrameworks/AssertionServices : 2
PrivateFrameworks/AssetsLibraryServices : 5
PrivateFrameworks/AssistantServices : 131
PrivateFrameworks/AttributeGraph : 1174
PrivateFrameworks/AudioDSPManager : 450
PrivateFrameworks/AudioHistory : 450
PrivateFrameworks/AudioPasscode : 2088
PrivateFrameworks/AudioServerApplication : 2110
PrivateFrameworks/AudioServerDriver : 2110
PrivateFrameworks/AudioSession : 472
PrivateFrameworks/AutoBugCaptureCore : 176
PrivateFrameworks/Backup : 12
PrivateFrameworks/BaseBoard : 11
PrivateFrameworks/BiometricKitUI : 9
PrivateFrameworks/BluetoothManager : 76
PrivateFrameworks/BoardServices : 11
PrivateFrameworks/BridgeOSSoftwareUpdate : 1550
PrivateFrameworks/CDDataAccess : 3
PrivateFrameworks/CDDataAccessExpress : 3
PrivateFrameworks/CacheDelete : 227
PrivateFrameworks/CalendarNotification : 37
PrivateFrameworks/CallHistory : 77
PrivateFrameworks/CharacterPicker : 4
PrivateFrameworks/ClassKit : 6
PrivateFrameworks/CloudKitCode : 287
PrivateFrameworks/CloudKitCodeProtobuf : 287
PrivateFrameworks/CloudPhotoLibrary : 5
PrivateFrameworks/CloudPhotoServices : 5
PrivateFrameworks/CloudPhotoServicesConfiguration : 5
PrivateFrameworks/Coherence : 4284
PrivateFrameworks/CombineCocoa : 1230
PrivateFrameworks/CommerceKit : 61
PrivateFrameworks/ContactsFoundation : 1
PrivateFrameworks/ContentKit : 249
PrivateFrameworks/ConversationKit : 43
PrivateFrameworks/CoreAccessories : 124
PrivateFrameworks/CoreAnalytics : 1597
PrivateFrameworks/CoreBrightness : 143
PrivateFrameworks/CoreDuet : 60
PrivateFrameworks/CoreDuetContext : 60
PrivateFrameworks/CoreDuetDaemonProtocol : 60
PrivateFrameworks/CoreDuetDataModel : 60
PrivateFrameworks/CoreDuetDebugLogging : 60
PrivateFrameworks/CoreDuetStatistics : 60
PrivateFrameworks/CoreDuetSync : 60
PrivateFrameworks/CoreEmoji : 14
PrivateFrameworks/CoreKnowledge : 688
PrivateFrameworks/CoreMediaStream : 5
PrivateFrameworks/CoreParsec : 151
PrivateFrameworks/CoreRoutine : 411
PrivateFrameworks/CoreServicesStore : 4
PrivateFrameworks/CoreSpeech : 80
PrivateFrameworks/CoreSymbolication : 426
PrivateFrameworks/CoreUtils : 537
PrivateFrameworks/CoreUtilsSwift : 1033
PrivateFrameworks/CoreWLANKit : 3
PrivateFrameworks/CoreWiFi : 333
PrivateFrameworks/CreateML : 19
PrivateFrameworks/CryptoKitCBridging : 207
PrivateFrameworks/CryptoKitPrivate : 207
PrivateFrameworks/DASDaemon : 154
PrivateFrameworks/DCIMServices : 5
PrivateFrameworks/DFRBrightness : 143
PrivateFrameworks/DFRFoundation : 4
PrivateFrameworks/DTXConnectionServices : 540
PrivateFrameworks/DataDetectorsCore : 2538
PrivateFrameworks/DesktopServicesPriv : 49
PrivateFrameworks/DeviceIdentity : 14
PrivateFrameworks/DigitalTouchShared : 840
PrivateFrameworks/DiskImages : 289
PrivateFrameworks/DistributedEvaluation : 363
PrivateFrameworks/DrawingKit : 267
PrivateFrameworks/DuetActivityScheduler : 154
PrivateFrameworks/DuetRecommendation : 60
PrivateFrameworks/DynamicDesktop : 4
PrivateFrameworks/EasyConfig : 537
PrivateFrameworks/EmbeddedAcousticRecognition : 363
PrivateFrameworks/EmbeddedOSInstall : 1255
PrivateFrameworks/Espresso : 248
PrivateFrameworks/FMClient : 1242
PrivateFrameworks/FMFCore : 114
PrivateFrameworks/FMIPCore : 114
PrivateFrameworks/FMNetworking : 33
PrivateFrameworks/FTClientServices : 25
PrivateFrameworks/FTServices : 25
PrivateFrameworks/FWAVC : 91
PrivateFrameworks/FileProvider : 1
PrivateFrameworks/FileProviderDaemon : 1
PrivateFrameworks/FindMyDevice : 105
PrivateFrameworks/FinderKit : 12
PrivateFrameworks/FinderSyncPriv : 12
PrivateFrameworks/FrontBoardServices : 1
PrivateFrameworks/GPUSupport : 1999
PrivateFrameworks/GameKitServices : 13
PrivateFrameworks/Geode : 5
PrivateFrameworks/HDRProcessing : 24
PrivateFrameworks/HID : 179
PrivateFrameworks/HearingCore : 127
PrivateFrameworks/HearingUtilities : 127
PrivateFrameworks/Helium : 516
PrivateFrameworks/IASUtilities : 8
PrivateFrameworks/IDS : 25
PrivateFrameworks/IDSFoundation : 25
PrivateFrameworks/IDSSystemPreferencesSignIn : 25
PrivateFrameworks/IOImageLoader : 1852
PrivateFrameworks/IOPlatformPluginFamily : 85
PrivateFrameworks/Intents : 61
PrivateFrameworks/IntentsCore : 61
PrivateFrameworks/IntentsFoundation : 61
PrivateFrameworks/IntentsServices : 61
PrivateFrameworks/IntlPreferences : 29
PrivateFrameworks/JetEngine : 725
PrivateFrameworks/JetUI : 729
PrivateFrameworks/KnowledgeGraphKit : 5
PrivateFrameworks/LocationSupport : 4
PrivateFrameworks/LoginUIKit : 3
PrivateFrameworks/MFAAuthentication : 124
PrivateFrameworks/MTLCompiler : 2
PrivateFrameworks/MTLSimImplementation : 2
PrivateFrameworks/MallocStackLogging : 486
PrivateFrameworks/MapsSuggestions : 4
PrivateFrameworks/MapsSupport : 4
PrivateFrameworks/MarkupUI : 267
PrivateFrameworks/MediaControlSender : 92
PrivateFrameworks/MediaConversionService : 5
PrivateFrameworks/MediaExperience : 2
PrivateFrameworks/MediaMiningKit : 5
PrivateFrameworks/MediaStream : 5
PrivateFrameworks/MessageUIMacHelper : 6
PrivateFrameworks/MessagesHelperKit : 5
PrivateFrameworks/MessagesKit : 5
PrivateFrameworks/MetalTools : 2
PrivateFrameworks/MetricKitCore : 371
PrivateFrameworks/MetricKitServices : 371
PrivateFrameworks/MetricKitSource : 371
PrivateFrameworks/MetricMeasurement : 371
PrivateFrameworks/MobileAccessoryUpdater : 181
PrivateFrameworks/MobileActivationMacOS : 14
PrivateFrameworks/MobileBluetooth : 76
PrivateFrameworks/MobileKeyBag : 1
PrivateFrameworks/Mondrian : 5
PrivateFrameworks/MultiverseSupport : 255
PrivateFrameworks/Navigation : 4
PrivateFrameworks/NearField : 99
PrivateFrameworks/NetworkServiceProxy : 2000
PrivateFrameworks/NeutrinoCore : 5
PrivateFrameworks/NeutrinoKit : 5
PrivateFrameworks/Notes : 72
PrivateFrameworks/NotesShared : 72
PrivateFrameworks/NotesUI : 72
PrivateFrameworks/OSAServicesClient : 298
PrivateFrameworks/OSASubmissionClient : 323
PrivateFrameworks/OSASyncProxyClient : 323
PrivateFrameworks/OSAnalytics : 298
PrivateFrameworks/OSAnalyticsPrivate : 323
PrivateFrameworks/OSInstaller : 6
PrivateFrameworks/OSPersonalization : 539
PrivateFrameworks/OSUpdate : 20
PrivateFrameworks/OnBoardingKit : 3
PrivateFrameworks/PAImaging : 5
PrivateFrameworks/PAImagingCore : 5
PrivateFrameworks/ParsecModel : 151
PrivateFrameworks/ParsecSubscriptionServiceSupport : 151
PrivateFrameworks/PassKit : 86
PrivateFrameworks/PassKitCore : 87
PrivateFrameworks/PassKitUI : 45
PrivateFrameworks/PassKitUIFoundation : 52
PrivateFrameworks/PeopleSuggester : 60
PrivateFrameworks/PhotoAnalysis : 5
PrivateFrameworks/PhotoFoundation : 5
PrivateFrameworks/PhotoImaging : 5
PrivateFrameworks/PhotoLibrary : 5
PrivateFrameworks/PhotoLibraryServices : 5
PrivateFrameworks/PhotoVision : 5
PrivateFrameworks/PhotosFormats : 5
PrivateFrameworks/PhotosGraph : 5
PrivateFrameworks/PhotosImagingFoundation : 5
PrivateFrameworks/PhotosPlayer : 5
PrivateFrameworks/PhotosUICore : 5
PrivateFrameworks/PipelineKit : 5
PrivateFrameworks/PlacesKit : 5
PrivateFrameworks/PlugInKit : 2
PrivateFrameworks/PodcastServices : 3
PrivateFrameworks/PowerLog : 73
PrivateFrameworks/PowerlogControl : 76
PrivateFrameworks/PowerlogCore : 76
PrivateFrameworks/PowerlogDatabaseReader : 76
PrivateFrameworks/PowerlogLiteOperators : 86
PrivateFrameworks/ProVideo : 618
PrivateFrameworks/ProactiveEventTracker : 221
PrivateFrameworks/ProactiveSupport : 221
PrivateFrameworks/ProactiveSupportStubs : 221
PrivateFrameworks/RTTUI : 127
PrivateFrameworks/RTTUtilities : 127
PrivateFrameworks/ReminderKit : 3
PrivateFrameworks/ReminderKitUI : 3
PrivateFrameworks/RunningBoard : 2
PrivateFrameworks/RunningBoardServices : 2
PrivateFrameworks/SAObjects : 147
PrivateFrameworks/SPShared : 33
PrivateFrameworks/Safari : 1
PrivateFrameworks/SafariPlatformSupport : 1
PrivateFrameworks/SafariSafeBrowsing : 1
PrivateFrameworks/ScreenReader : 12
PrivateFrameworks/ScreenReaderCore : 12
PrivateFrameworks/SearchFoundation : 151
PrivateFrameworks/SecurityTokend : 2823
PrivateFrameworks/Seeding : 523
PrivateFrameworks/SetupAssistantFramework : 9
PrivateFrameworks/ShareServicesCore : 5
PrivateFrameworks/ShareSheet : 24
PrivateFrameworks/SharedWebCredentials : 35
PrivateFrameworks/Sharing : 102
PrivateFrameworks/SharingXPCServices : 105
PrivateFrameworks/SidecarCore : 31
PrivateFrameworks/SidecarUI : 31
PrivateFrameworks/SignpostCollection : 672
PrivateFrameworks/SignpostMetrics : 672
PrivateFrameworks/SignpostNotification : 129
PrivateFrameworks/SignpostSupport : 672
PrivateFrameworks/SiriCore : 70
PrivateFrameworks/SiriInstrumentation : 131
PrivateFrameworks/SiriTasks : 131
PrivateFrameworks/SiriVOX : 70
PrivateFrameworks/SkyLight : 14
PrivateFrameworks/SocialAppsCore : 5
PrivateFrameworks/SocialServices : 136
PrivateFrameworks/SocialUI : 5
PrivateFrameworks/SoftwareUpdate : 20
PrivateFrameworks/SpanMatcher : 70
PrivateFrameworks/SpeechRecognitionCore : 15
PrivateFrameworks/StorageKit : 345
PrivateFrameworks/StoreFoundation : 61
PrivateFrameworks/StoreJavaScript : 61
PrivateFrameworks/StoreServices : 54
PrivateFrameworks/StoreUI : 61
PrivateFrameworks/Symbolication : 486
PrivateFrameworks/SymptomDiagnosticReporter : 174
PrivateFrameworks/SymptomReporter : 176
PrivateFrameworks/Symptoms : 176
PrivateFrameworks/SystemAdministration : 34
PrivateFrameworks/TTYUtilities : 2832
PrivateFrameworks/TelephonyUtilities : 95
PrivateFrameworks/TextInput : 83
PrivateFrameworks/TextInputCore : 83
PrivateFrameworks/TextInputMenuUI : 4
PrivateFrameworks/Tourist : 4
PrivateFrameworks/UIFoundation : 4
PrivateFrameworks/UIKitMacHelper : 3
PrivateFrameworks/UXKit : 5
PrivateFrameworks/UserActivity : 24
PrivateFrameworks/VectorKit : 5
PrivateFrameworks/VideoProcessing : 598
PrivateFrameworks/VoiceShortcutClient : 249
PrivateFrameworks/VoiceShortcuts : 249
PrivateFrameworks/VoiceTrigger : 786
PrivateFrameworks/WeatherFoundation : 1391
PrivateFrameworks/WebContentAnalysis : 191
PrivateFrameworks/WebDriver : 1
PrivateFrameworks/WebFilterDNS : 191
PrivateFrameworks/WebInspector : 1
PrivateFrameworks/WebInspectorUI : 1
PrivateFrameworks/WiFiVelocity : 176
PrivateFrameworks/WirelessCoexManager : 364
PrivateFrameworks/WirelessDiagnostics : 3345
PrivateFrameworks/WorkflowKit : 249
PrivateFrameworks/XARTRecovery : 832
PrivateFrameworks/XCTAutomationSupport : 542
PrivateFrameworks/XCTTargetBootstrap : 542
PrivateFrameworks/iAdCore : 46
PrivateFrameworks/iAdServices : 46
CoreServices/Bluetooth Setup Assistant : 7.0.1f1
CoreServices/BluetoothUIServer : 7.0.1f1
CoreServices/ControlStrip : 207
CoreServices/CoreLocationAgent : 2388.0.21
CoreServices/CoreServicesUIAgent : 339
CoreServices/Dock : 2044.5
CoreServices/Finder : 1298.1.2
CoreServices/Installer Progress : 550.2
CoreServices/Keychain Circle Notification : 59306.41.2
CoreServices/NotificationCenter : 842
CoreServices/OBEXAgent : 7.0.1f1
CoreServices/Setup Assistant : 2486
CoreServices/Siri : 200.1.4
CoreServices/Software Update : 1285.4
CoreServices/Spotlight : 2074.3
CoreServices/SystemUIServer : 496
CoreServices/TextInputMenuAgent : 249
CoreServices/TextInputSwitcher : 249
CoreServices/UserNotificationCenter : 51
CoreServices/VoiceOver : 705
Applications/Archive Utility : 128.1.1
Applications/Feedback Assistant : 417
Frameworks/AuthenticationServices : 4
Frameworks/CoreAudioKit : 410
Frameworks/CoreNFC : 20
Frameworks/GameKit : 56
Frameworks/HealthKit : 177
Frameworks/HealthKitUI : 177
Frameworks/IntentsUI : 15
Frameworks/JavaScriptCore : 1
Frameworks/MapKit : 19
Frameworks/MessageUI : 6
Frameworks/MobileCoreServices : 23
Frameworks/PassKit : 60
Frameworks/RealityKit : 40
Frameworks/SafariServices : 1
Frameworks/Social : 60
Frameworks/UIKit : 3
Frameworks/WebKit : 1
Frameworks/iAd : 46
PrivateFrameworks/Accessibility : 18
PrivateFrameworks/AccessibilityUtilities : 18
PrivateFrameworks/ActionKit : 32
PrivateFrameworks/ActionKitUI : 35
PrivateFrameworks/AnnotationKit : 174
PrivateFrameworks/AppAnalytics : 1039
PrivateFrameworks/AppleMediaServicesUI : 8
PrivateFrameworks/BaseBoardUI : 9
PrivateFrameworks/ContentKit : 32
PrivateFrameworks/FMNetworking : 10
PrivateFrameworks/FrontBoard : 1
PrivateFrameworks/GameCenterUI : 17
PrivateFrameworks/Home : 24
PrivateFrameworks/HomeKit : 4
PrivateFrameworks/HomeUI : 24
PrivateFrameworks/IntlPreferences : 15
PrivateFrameworks/MarkupUI : 174
PrivateFrameworks/NanoRegistry : 191
PrivateFrameworks/NewsAnalytics : 3
PrivateFrameworks/NewsAnalyticsUpload : 3
PrivateFrameworks/NewsArticles : 3
PrivateFrameworks/NewsCore : 3
PrivateFrameworks/NewsDaemon : 3
PrivateFrameworks/NewsFeed : 3
PrivateFrameworks/NewsFeedLayout : 3
PrivateFrameworks/NewsFoundation : 3
PrivateFrameworks/NewsServicesInternal : 3
PrivateFrameworks/NewsSubscription : 3
PrivateFrameworks/NewsTransport : 3
PrivateFrameworks/NewsUI : 3
PrivateFrameworks/NewsUI2 : 3
PrivateFrameworks/OnBoardingKit : 3
PrivateFrameworks/RTTUI : 46
PrivateFrameworks/SPShared : 10
PrivateFrameworks/SafariShared : 4
PrivateFrameworks/Silex : 3
PrivateFrameworks/SilexText : 3
PrivateFrameworks/SilexVideo : 3
PrivateFrameworks/SocialServices : 46
PrivateFrameworks/TeaActivities : 6
PrivateFrameworks/TeaCharts : 6
PrivateFrameworks/TeaDB : 6
PrivateFrameworks/TeaFoundation : 6
PrivateFrameworks/TeaSettings : 6
PrivateFrameworks/TeaTemplate : 6
PrivateFrameworks/TeaUI : 6
PrivateFrameworks/TeaUIKit : 6
PrivateFrameworks/TelephonyUI : 22
PrivateFrameworks/UIAccessibility : 18
PrivateFrameworks/UIKitCore : 3
PrivateFrameworks/UIKitMacHelper : 3
PrivateFrameworks/UIKitServices : 3
PrivateFrameworks/VisualAlert : 18
PrivateFrameworks/VoiceMemos : 158
PrivateFrameworks/VoiceShortcutClient : 32
PrivateFrameworks/VoiceShortcuts : 32
PrivateFrameworks/VoiceShortcutsUI : 35
PrivateFrameworks/WeatherFoundation : 290
PrivateFrameworks/WebCore : 1
PrivateFrameworks/WebInspector : 1
PrivateFrameworks/WebKitLegacy : 1
PrivateFrameworks/WebUI : 4
PrivateFrameworks/WorkflowKit : 32
PrivateFrameworks/WorkflowUI : 35
