Applications/Google Chrome Canary : 3953.0
Applications/Google Chrome : 3904.70
Applications/Keka : 3378
Applications/LiftOff : 1
Applications/LiteIcon : 1518
Applications/MacForge : 2304
Applications/Magnet : 71
Applications/RunCat : 6.0.0
Applications/Tiles : 217
Applications/Todeska : 1.1
Frameworks/AGL : 2884
Frameworks/AVFoundation : 155
Frameworks/Accelerate : 1695
Frameworks/AppKit : 8
Frameworks/ApplicationServices : 1963
Frameworks/AudioToolbox : 3
Frameworks/AudioUnit : 3
Frameworks/AuthenticationServices : 1
Frameworks/BackgroundTasks : 18
Frameworks/Carbon : 3285
Frameworks/Cocoa : 10363
Frameworks/Combine : 1325
Frameworks/CoreAudio : 222
Frameworks/CoreAudioKit : 340
Frameworks/CoreAudioTypes : 3
Frameworks/CoreBluetooth : 44
Frameworks/CoreData : 1
Frameworks/CoreGraphics : 33
Frameworks/CoreHaptics : 6
Frameworks/CoreMIDI : 25
Frameworks/CoreMIDIServer : 25
Frameworks/CoreMedia : 1
Frameworks/CoreMediaIO : 120
Frameworks/CoreServices : 28
Frameworks/CoreTelephony : 5
Frameworks/CoreWLAN : 3
Frameworks/CryptoKit : 244
Frameworks/DiscRecording : 553
Frameworks/DiscRecordingUI : 553
Frameworks/EventKit : 7
Frameworks/GLKit : 249
Frameworks/GLUT : 33
Frameworks/GSS : 443
Frameworks/GameKit : 151
Frameworks/Hypervisor : 1126
Frameworks/IOBluetooth : 8
Frameworks/IOBluetoothUI : 8
Frameworks/IOUSBHost : 40
Frameworks/InputMethodKit : 33
Frameworks/Intents : 85
Frameworks/Kernel : 29
Frameworks/MapKit : 4
Frameworks/MediaPlayer : 1
Frameworks/MediaToolbox : 1
Frameworks/Metal : 7
Frameworks/MetalKit : 68
Frameworks/MetalPerformanceShaders : 130
Frameworks/MetricKit : 39
Frameworks/NetworkingDriverKit : 311
Frameworks/NotificationCenter : 1
Frameworks/OpenCL : 609
Frameworks/OpenGL : 1826
Frameworks/PushKit : 11
Frameworks/Python : 676
Frameworks/QTKit : 459
Frameworks/Quartz : 7269
Frameworks/QuartzCore : 1
Frameworks/RealityKit : 60
Frameworks/Security : 3
Frameworks/SecurityFoundation : 4099
Frameworks/SecurityInterface : 442
Frameworks/Social : 18
Frameworks/SoundAnalysis : 677
Frameworks/SwiftUI : 20
Frameworks/System : 60967
Frameworks/SystemExtensions : 6
Frameworks/USBDriverKit : 40
Frameworks/VideoToolbox : 1
Frameworks/Vision : 837
Frameworks/iTunesLibrary : 1
Frameworks/vecLib : 1695
PrivateFrameworks/AMPDevices : 1
PrivateFrameworks/AMPSharing : 1
PrivateFrameworks/AOSAccounts : 3
PrivateFrameworks/AOSAccountsLite : 3
PrivateFrameworks/AOSUI : 3
PrivateFrameworks/APFS : 10
PrivateFrameworks/APTransport : 3
PrivateFrameworks/AVFoundationCF : 81
PrivateFrameworks/AXHearingCoreSupport : 2546
PrivateFrameworks/AXHearingSupport : 2546
PrivateFrameworks/AccessibilityPerformance : 67
PrivateFrameworks/AccessibilitySupport : 67
PrivateFrameworks/AccessoryNowPlaying : 22
PrivateFrameworks/ActionKit : 17
PrivateFrameworks/AdAnalytics : 3
PrivateFrameworks/Admin : 36
PrivateFrameworks/AirPlayReceiver : 152
PrivateFrameworks/AirPlaySender : 152
PrivateFrameworks/AirPlaySupport : 3
PrivateFrameworks/AirTrafficHost : 401
PrivateFrameworks/AnnotationKit : 205
PrivateFrameworks/AppStoreDaemon : 6
PrivateFrameworks/AppStoreFoundation : 6
PrivateFrameworks/AppStoreKit : 14
PrivateFrameworks/AppStoreUI : 22
PrivateFrameworks/Apple80211 : 16
PrivateFrameworks/AppleAppSupport : 7269
PrivateFrameworks/AppleGVA : 47
PrivateFrameworks/AppleGVACore : 47
PrivateFrameworks/AppleMediaServicesUI : 7
PrivateFrameworks/AppleSystemInfo : 5
PrivateFrameworks/AppleVA : 1517
PrivateFrameworks/AppleVPA : 56
PrivateFrameworks/AskPermission : 724
PrivateFrameworks/AssistantServices : 17
PrivateFrameworks/AttributeGraph : 1239
PrivateFrameworks/AudioDSPManager : 456
PrivateFrameworks/AudioHistory : 456
PrivateFrameworks/AudioPasscode : 1831
PrivateFrameworks/AudioServerApplication : 956
PrivateFrameworks/AudioServerDriver : 956
PrivateFrameworks/AudioSession : 211
PrivateFrameworks/AudioToolboxCore : 3
PrivateFrameworks/AuthenticationServices : 1
PrivateFrameworks/AutoBugCaptureCore : 17
PrivateFrameworks/BiometricKitUI : 15
PrivateFrameworks/BluetoothAudio : 9
PrivateFrameworks/BluetoothManager : 44
PrivateFrameworks/BridgeOSSoftwareUpdate : 1676
PrivateFrameworks/CDDataAccess : 4
PrivateFrameworks/CDDataAccessExpress : 4
PrivateFrameworks/CacheDelete : 20
PrivateFrameworks/CalendarNotification : 3
PrivateFrameworks/CallHistory : 1
PrivateFrameworks/CloudKitCode : 376
PrivateFrameworks/CloudKitCodeProtobuf : 376
PrivateFrameworks/Coherence : 4376
PrivateFrameworks/CombineCocoa : 1325
PrivateFrameworks/CommerceKit : 22
PrivateFrameworks/CommonAuth : 443
PrivateFrameworks/ContentKit : 17
PrivateFrameworks/ConversationKit : 64
PrivateFrameworks/CoreAccessories : 22
PrivateFrameworks/CoreAnalytics : 1865
PrivateFrameworks/CoreBrightness : 166
PrivateFrameworks/CoreCapture : 79
PrivateFrameworks/CoreCaptureControl : 79
PrivateFrameworks/CoreCaptureDaemon : 79
PrivateFrameworks/CoreKnowledge : 825
PrivateFrameworks/CoreNavigation : 220
PrivateFrameworks/CoreParsec : 15
PrivateFrameworks/CoreRoutine : 26
PrivateFrameworks/CoreSpeech : 30
PrivateFrameworks/CoreSymbolication : 302
PrivateFrameworks/CoreUtils : 718
PrivateFrameworks/CoreUtilsSwift : 1154
PrivateFrameworks/CoreWiFi : 302
PrivateFrameworks/CreateML : 59
PrivateFrameworks/CryptoKitCBridging : 244
PrivateFrameworks/CryptoKitPrivate : 244
PrivateFrameworks/DASDaemon : 18
PrivateFrameworks/DCERPC : 1681
PrivateFrameworks/DFRBrightness : 166
PrivateFrameworks/DFRFoundation : 6
PrivateFrameworks/DTXConnectionServices : 277
PrivateFrameworks/DesktopServicesPriv : 3
PrivateFrameworks/DeviceIdentity : 9
PrivateFrameworks/DeviceLink : 401
PrivateFrameworks/DiagnosticLogCollection : 10
PrivateFrameworks/DigitalTouchShared : 14
PrivateFrameworks/DiskImages : 280
PrivateFrameworks/DistributedEvaluation : 32
PrivateFrameworks/DrawingKit : 205
PrivateFrameworks/DuetActivityScheduler : 18
PrivateFrameworks/DynamicDesktop : 49
PrivateFrameworks/EAFirmwareUpdater : 2
PrivateFrameworks/EasyConfig : 718
PrivateFrameworks/EmbeddedAcousticRecognition : 32
PrivateFrameworks/EmbeddedOSInstall : 1302
PrivateFrameworks/Engram : 10
PrivateFrameworks/Espresso : 5
PrivateFrameworks/FMClient : 1352
PrivateFrameworks/FMFCore : 139
PrivateFrameworks/FMIPCore : 139
PrivateFrameworks/FMNetworking : 55
PrivateFrameworks/FTAWD : 10
PrivateFrameworks/FTClientServices : 1
PrivateFrameworks/FTServices : 1
PrivateFrameworks/FWAVC : 120
PrivateFrameworks/FindMyDevice : 3
PrivateFrameworks/GPUInfo : 1
PrivateFrameworks/GPUSupport : 1826
PrivateFrameworks/GPUWrangler : 1
PrivateFrameworks/GameCenterFoundation : 151
PrivateFrameworks/GameCenterUI : 151
PrivateFrameworks/GameCenterUICore : 151
PrivateFrameworks/GeoServices : 90
PrivateFrameworks/HDRProcessing : 3
PrivateFrameworks/HID : 210
PrivateFrameworks/HearingCore : 15
PrivateFrameworks/HearingUtilities : 15
PrivateFrameworks/Heimdal : 443
PrivateFrameworks/Helium : 330
PrivateFrameworks/IASUtilities : 77
PrivateFrameworks/IDS : 1
PrivateFrameworks/IDSFoundation : 1
PrivateFrameworks/IDSSystemPreferencesSignIn : 1
PrivateFrameworks/IMFoundation : 10
PrivateFrameworks/IMTransferServices : 10
PrivateFrameworks/IOImageLoader : 1866
PrivateFrameworks/IOPlatformPluginFamily : 99
PrivateFrameworks/Install : 188
PrivateFrameworks/Intents : 85
PrivateFrameworks/IntentsCore : 85
PrivateFrameworks/IntentsFoundation : 85
PrivateFrameworks/IntentsServices : 85
PrivateFrameworks/JetEngine : 845
PrivateFrameworks/JetUI : 851
PrivateFrameworks/KeychainCircle : 3
PrivateFrameworks/MFAAuthentication : 22
PrivateFrameworks/MTLCompiler : 7
PrivateFrameworks/MTLSimImplementation : 7
PrivateFrameworks/MallocStackLogging : 27
PrivateFrameworks/Marco : 10
PrivateFrameworks/MarkupUI : 205
PrivateFrameworks/MediaControlSender : 3
PrivateFrameworks/MediaRemote : 7
PrivateFrameworks/MessagesHelperKit : 12
PrivateFrameworks/MessagesKit : 12
PrivateFrameworks/MetalTools : 7
PrivateFrameworks/MetricKitCore : 39
PrivateFrameworks/MetricKitServices : 39
PrivateFrameworks/MetricKitSource : 39
PrivateFrameworks/MetricMeasurement : 39
PrivateFrameworks/MiniSoftwareUpdate : 1089
PrivateFrameworks/MobileAccessoryUpdater : 231
PrivateFrameworks/MobileActivationMacOS : 9
PrivateFrameworks/MobileAssetUpdater : 2
PrivateFrameworks/MobileBluetooth : 44
PrivateFrameworks/MobileDevice : 401
PrivateFrameworks/MultiverseSupport : 234
PrivateFrameworks/NearField : 14
PrivateFrameworks/NetworkServiceProxy : 671
PrivateFrameworks/Notes : 1
PrivateFrameworks/NotesShared : 1
PrivateFrameworks/NotesUI : 1
PrivateFrameworks/OSAServicesClient : 12
PrivateFrameworks/OSASubmissionClient : 12
PrivateFrameworks/OSASyncProxyClient : 12
PrivateFrameworks/OSAnalytics : 12
PrivateFrameworks/OSAnalyticsPrivate : 12
PrivateFrameworks/OSInstaller : 37
PrivateFrameworks/OSPersonalization : 644
PrivateFrameworks/OSUpdate : 11
PrivateFrameworks/ParsecModel : 15
PrivateFrameworks/ParsecSubscriptionServiceSupport : 15
PrivateFrameworks/PassKit : 115
PrivateFrameworks/PassKitCore : 116
PrivateFrameworks/PassKitUI : 47
PrivateFrameworks/PassKitUIFoundation : 54
PrivateFrameworks/PodcastServices : 17
PrivateFrameworks/PowerlogControl : 18
PrivateFrameworks/PowerlogCore : 18
PrivateFrameworks/PowerlogDatabaseReader : 18
PrivateFrameworks/PowerlogLiteOperators : 17
PrivateFrameworks/ProactiveEventTracker : 9
PrivateFrameworks/ProactiveSupport : 9
PrivateFrameworks/ProactiveSupportStubs : 9
PrivateFrameworks/RTCReporting : 1
PrivateFrameworks/RTTUI : 15
PrivateFrameworks/RTTUtilities : 15
PrivateFrameworks/ReminderKit : 4
PrivateFrameworks/ReminderKitUI : 4
PrivateFrameworks/SAObjects : 10
PrivateFrameworks/SPShared : 55
PrivateFrameworks/SafariCore : 1
PrivateFrameworks/SafariShared : 1
PrivateFrameworks/SearchFoundation : 15
PrivateFrameworks/SecurityTokend : 2821
PrivateFrameworks/Seeding : 269
PrivateFrameworks/SetupAssistantFramework : 81
PrivateFrameworks/ShareSheet : 1
PrivateFrameworks/SharedWebCredentials : 88
PrivateFrameworks/Sharing : 4
PrivateFrameworks/SharingXPCServices : 4
PrivateFrameworks/SignpostMetrics : 14
PrivateFrameworks/SignpostNotification : 3
PrivateFrameworks/SiriCore : 16
PrivateFrameworks/SiriFoundation : 1
PrivateFrameworks/SiriInstrumentation : 17
PrivateFrameworks/SiriTasks : 17
PrivateFrameworks/SiriUI : 1
PrivateFrameworks/SiriVOX : 16
PrivateFrameworks/SocialAppsCore : 12
PrivateFrameworks/SocialServices : 8
PrivateFrameworks/SocialUI : 12
PrivateFrameworks/SoftwareUpdate : 11
PrivateFrameworks/SpanMatcher : 16
PrivateFrameworks/StorageKit : 428
PrivateFrameworks/StoreFoundation : 22
PrivateFrameworks/StoreJavaScript : 22
PrivateFrameworks/StoreServices : 7
PrivateFrameworks/StoreUI : 22
PrivateFrameworks/Symbolication : 27
PrivateFrameworks/SymptomDiagnosticReporter : 17
PrivateFrameworks/SymptomReporter : 17
PrivateFrameworks/Symptoms : 17
PrivateFrameworks/SystemAdministration : 36
PrivateFrameworks/SystemMigration : 3
PrivateFrameworks/SystemMigrationNetworking : 3
PrivateFrameworks/SystemMigrationUtils : 3
PrivateFrameworks/TTYUtilities : 2546
PrivateFrameworks/TelephonyUtilities : 3
PrivateFrameworks/TextInput : 14
PrivateFrameworks/TextInputCore : 14
PrivateFrameworks/Tourist : 3
PrivateFrameworks/TrustedPeers : 3
PrivateFrameworks/UIFoundation : 3
PrivateFrameworks/UIKitMacHelper : 1
PrivateFrameworks/VectorKit : 9
PrivateFrameworks/VideoProcessing : 16
PrivateFrameworks/VoiceShortcutClient : 17
PrivateFrameworks/VoiceShortcuts : 17
PrivateFrameworks/VoiceTrigger : 24
PrivateFrameworks/WeatherFoundation : 105
PrivateFrameworks/WebContentAnalysis : 276
PrivateFrameworks/WebFilterDNS : 276
PrivateFrameworks/WiFiVelocity : 145
PrivateFrameworks/WirelessCoexManager : 397
PrivateFrameworks/WirelessDiagnostics : 2817
PrivateFrameworks/WorkflowKit : 17
PrivateFrameworks/XARTRecovery : 903
PrivateFrameworks/XCTAutomationSupport : 608
PrivateFrameworks/XCTTargetBootstrap : 608
PrivateFrameworks/iAdCore : 3
PrivateFrameworks/iAdServices : 3
PrivateFrameworks/iWorkXPC : 918
Frameworks/AuthenticationServices : 1
Frameworks/CoreAudioKit : 175
Frameworks/CoreNFC : 3
Frameworks/GameKit : 164
Frameworks/HealthKit : 16
Frameworks/HealthKitUI : 16
Frameworks/IntentsUI : 3
Frameworks/MapKit : 4
Frameworks/MediaPlayer : 1
Frameworks/MobileCoreServices : 29
Frameworks/PassKit : 89
Frameworks/QuickLook : 83
Frameworks/RealityKit : 50
Frameworks/Social : 3
Frameworks/SwiftUI : 20
Frameworks/UIKit : 1
Frameworks/iAd : 3
PrivateFrameworks/Accessibility : 1
PrivateFrameworks/AccessibilityUtilities : 1
PrivateFrameworks/ActionKit : 3
PrivateFrameworks/ActionKitUI : 3
PrivateFrameworks/AddressBookLegacy : 322
PrivateFrameworks/AppAnalytics : 1058
PrivateFrameworks/AppleMediaServicesUI : 7
PrivateFrameworks/ContentKit : 3
PrivateFrameworks/FMNetworking : 20
PrivateFrameworks/GameCenterUI : 6
PrivateFrameworks/MediaPlaybackCore : 1
PrivateFrameworks/NanoRegistry : 5
PrivateFrameworks/NewsAnalyticsUpload : 1
PrivateFrameworks/NewsCore : 1
PrivateFrameworks/NewsDaemon : 1
PrivateFrameworks/NewsFeedLayout : 1
PrivateFrameworks/NewsFoundation : 1
PrivateFrameworks/NewsServicesInternal : 1
PrivateFrameworks/NewsTransport : 1
PrivateFrameworks/NewsUI : 1
PrivateFrameworks/PassKitUIFoundation : 28
PrivateFrameworks/RTTUI : 5
PrivateFrameworks/SPShared : 20
PrivateFrameworks/SafariShared : 1
PrivateFrameworks/Silex : 1
PrivateFrameworks/SilexText : 1
PrivateFrameworks/SilexVideo : 1
PrivateFrameworks/SocialServices : 3
PrivateFrameworks/TSReading : 1721
PrivateFrameworks/TSUtility : 1721
PrivateFrameworks/TeaActivities : 19
PrivateFrameworks/TeaCharts : 19
PrivateFrameworks/TeaDB : 19
PrivateFrameworks/TeaFoundation : 19
PrivateFrameworks/TeaSettings : 19
PrivateFrameworks/TeaTemplate : 19
PrivateFrameworks/TeaUI : 19
PrivateFrameworks/TeaUIKit : 19
PrivateFrameworks/TelephonyUI : 1
PrivateFrameworks/UIAccessibility : 1
PrivateFrameworks/UIKitCore : 1
PrivateFrameworks/UIKitMacHelper : 1
PrivateFrameworks/UIKitServices : 1
PrivateFrameworks/VisualAlert : 1
PrivateFrameworks/VoiceMemos : 14
PrivateFrameworks/VoiceShortcutClient : 3
PrivateFrameworks/VoiceShortcuts : 3
PrivateFrameworks/VoiceShortcutsUI : 3
PrivateFrameworks/WeatherFoundation : 36
PrivateFrameworks/WebUI : 1
PrivateFrameworks/WorkflowKit : 3
PrivateFrameworks/WorkflowUI : 3
