Applications/GIF Brewery 3 : 40054
Applications/GitHub Desktop : 2.2.2
Applications/Google Chrome Canary : 3950.0
Applications/MacForge : 2096
Applications/Safari : 15608.3.10.1.4
Applications/Todeska : 1.0
Applications/Vanilla : 40
Applications/stts : 36
Applications/App Store : 1004.4.20
Applications/Mail : 3601.0.10
Applications/Notes : 1095
Applications/Photos : 111.16.180
Applications/Reminders : 2046.72
Utilities/Disk Utility : 1704
Utilities/VoiceOver Utility : 706
Frameworks/AGL : 2985
Frameworks/AVFoundation : 160
Frameworks/AVKit : 19
Frameworks/Accelerate : 2131
Frameworks/AddressBook : 113
Frameworks/AppKit : 10
Frameworks/ApplicationServices : 1986
Frameworks/AudioToolbox : 11
Frameworks/Automator : 151
Frameworks/BackgroundTasks : 236
Frameworks/BusinessChat : 106
Frameworks/CFNetwork : 539
Frameworks/CalendarStore : 101
Frameworks/CallKit : 39
Frameworks/Carbon : 3308
Frameworks/Cocoa : 10369
Frameworks/Combine : 1374
Frameworks/Contacts : 9
Frameworks/ContactsUI : 106
Frameworks/CoreAudio : 1317
Frameworks/CoreAudioKit : 605
Frameworks/CoreAudioTypes : 11
Frameworks/CoreBluetooth : 90
Frameworks/CoreData : 6
Frameworks/CoreGraphics : 41
Frameworks/CoreHaptics : 187
Frameworks/CoreLocation : 51
Frameworks/CoreMIDI : 354
Frameworks/CoreMIDIServer : 354
Frameworks/CoreML : 151
Frameworks/CoreMediaIO : 132
Frameworks/CoreMotion : 51
Frameworks/CoreServices : 36
Frameworks/CoreSpotlight : 9
Frameworks/CoreTelephony : 126
Frameworks/CoreText : 348
Frameworks/CoreWLAN : 31
Frameworks/CryptoKit : 252
Frameworks/CryptoTokenKit : 266
Frameworks/DiscRecording : 576
Frameworks/DiscRecordingUI : 576
Frameworks/EventKit : 8
Frameworks/ExternalAccessory : 239
Frameworks/FinderSync : 20
Frameworks/GLKit : 326
Frameworks/GLUT : 57
Frameworks/GameController : 880
Frameworks/GameKit : 159
Frameworks/GameplayKit : 1647
Frameworks/HIDDriverKit : 132
Frameworks/Hypervisor : 1139
Frameworks/ICADevices : 138
Frameworks/IMServicePlugIn : 35
Frameworks/IOBluetooth : 17
Frameworks/IOBluetoothUI : 17
Frameworks/IOKit : 31
Frameworks/IOUSBHost : 44
Frameworks/IdentityLookup : 39
Frameworks/ImageCaptureCore : 138
Frameworks/ImageIO : 19
Frameworks/InstallerPlugins : 85
Frameworks/Intents : 90
Frameworks/JavaScriptCore : 2
Frameworks/Kernel : 36
Frameworks/LinkPresentation : 481
Frameworks/LocalAuthentication : 182
Frameworks/MapKit : 46
Frameworks/MediaToolbox : 21
Frameworks/Metal : 11
Frameworks/MetalKit : 70
Frameworks/MetalPerformanceShaders : 132
Frameworks/MetricKit : 432
Frameworks/ModelIO : 730
Frameworks/NaturalLanguage : 1653
Frameworks/NetworkExtension : 92
Frameworks/NetworkingDriverKit : 362
Frameworks/OpenCL : 685
Frameworks/OpenGL : 2115
Frameworks/PCSC : 55
Frameworks/PDFKit : 119
Frameworks/PencilKit : 265
Frameworks/Photos : 7
Frameworks/PhotosUI : 8
Frameworks/PushKit : 939
Frameworks/QTKit : 447
Frameworks/Quartz : 7282
Frameworks/QuartzCore : 6
Frameworks/QuickLook : 11
Frameworks/QuickLookThumbnailing : 178
Frameworks/RealityKit : 63
Frameworks/SafariServices : 2
Frameworks/ScreenSaver : 35
Frameworks/Security : 23
Frameworks/SecurityFoundation : 4295
Frameworks/SecurityInterface : 476
Frameworks/SensorKit : 188
Frameworks/Social : 393
Frameworks/SoundAnalysis : 1536
Frameworks/Speech : 2059
Frameworks/StoreKit : 344
Frameworks/SwiftUI : 23
Frameworks/System : 66416
Frameworks/USBDriverKit : 44
Frameworks/VideoDecodeAcceleration : 4377
Frameworks/Vision : 928
Frameworks/WebKit : 2
Frameworks/iTunesLibrary : 32
Frameworks/vecLib : 2131
PrivateFrameworks/AMPDevices : 30
PrivateFrameworks/AMPLibrary : 35
PrivateFrameworks/AMPSharing : 19
PrivateFrameworks/AOSKit : 27
PrivateFrameworks/APFS : 11
PrivateFrameworks/APTransport : 157
PrivateFrameworks/AVConference : 80
PrivateFrameworks/AVFoundationCF : 83
PrivateFrameworks/AXCoreUtilities : 6
PrivateFrameworks/AXHearingCoreSupport : 2879
PrivateFrameworks/AXHearingSupport : 2879
PrivateFrameworks/AXRuntime : 6
PrivateFrameworks/AccessibilityBundles : 9
PrivateFrameworks/AccessibilityPlatformTranslation : 3
PrivateFrameworks/AccessibilitySharedSupport : 3
PrivateFrameworks/AccessoryNowPlaying : 163
PrivateFrameworks/AccountPolicy : 2358
PrivateFrameworks/ActionKit : 374
PrivateFrameworks/AdAnalytics : 56
PrivateFrameworks/AdCore : 97
PrivateFrameworks/AdID : 97
PrivateFrameworks/AdPlatforms : 97
PrivateFrameworks/AdPlatformsInternal : 97
PrivateFrameworks/AddressBookAutocomplete : 106
PrivateFrameworks/AddressBookCore : 113
PrivateFrameworks/Admin : 41
PrivateFrameworks/AirPlayReceiver : 167
PrivateFrameworks/AirPlaySender : 167
PrivateFrameworks/AirPlaySupport : 157
PrivateFrameworks/AnnotationKit : 353
PrivateFrameworks/AppSSO : 150
PrivateFrameworks/AppSSOCore : 150
PrivateFrameworks/AppSSOKerberos : 150
PrivateFrameworks/AppSSOUI : 150
PrivateFrameworks/AppStoreDaemon : 20
PrivateFrameworks/AppStoreFoundation : 20
PrivateFrameworks/AppStoreKit : 43
PrivateFrameworks/AppStoreUI : 101
PrivateFrameworks/Apple80211 : 53
PrivateFrameworks/AppleAppSupport : 7282
PrivateFrameworks/AppleFSCompression : 10282
PrivateFrameworks/AppleGVA : 73
PrivateFrameworks/AppleGVACore : 73
PrivateFrameworks/AppleIDSSOAuthentication : 374
PrivateFrameworks/AppleMediaServices : 81
PrivateFrameworks/AppleMediaServicesUI : 16
PrivateFrameworks/ApplePushService : 151
PrivateFrameworks/AppleSystemInfo : 228
PrivateFrameworks/AppleVA : 1618
PrivateFrameworks/AppleVPA : 96
PrivateFrameworks/AskPermission : 672
PrivateFrameworks/AssertionServices : 83
PrivateFrameworks/AssetCacheServices : 77
PrivateFrameworks/AssetCacheServicesExtensions : 77
PrivateFrameworks/AssetsLibraryServices : 7
PrivateFrameworks/AssistantServices : 182
PrivateFrameworks/AttributeGraph : 1273
PrivateFrameworks/AudioDSPManager : 467
PrivateFrameworks/AudioHistory : 467
PrivateFrameworks/AudioPasscode : 2127
PrivateFrameworks/AudioServerApplication : 2278
PrivateFrameworks/AudioServerDriver : 2278
PrivateFrameworks/AudioSession : 511
PrivateFrameworks/AudioToolboxCore : 11
PrivateFrameworks/AutoBugCaptureCore : 371
PrivateFrameworks/AutoLoop : 2052
PrivateFrameworks/BackgroundTaskManagement : 213
PrivateFrameworks/Backup : 20
PrivateFrameworks/BatteryUIKit : 3789
PrivateFrameworks/BehaviorMiner : 143
PrivateFrameworks/BezelServices : 572
PrivateFrameworks/BioKitAggD : 7547
PrivateFrameworks/BiometricKit : 350
PrivateFrameworks/BiometricKitUI : 24
PrivateFrameworks/BluetoothAudio : 18
PrivateFrameworks/BluetoothManager : 90
PrivateFrameworks/Bom : 154
PrivateFrameworks/BookCoverUtility : 151
PrivateFrameworks/BookKit : 151
PrivateFrameworks/BookKitFoundation : 151
PrivateFrameworks/BookUtility : 151
PrivateFrameworks/BridgeOSInstall : 311
PrivateFrameworks/BridgeOSInstallReporting : 311
PrivateFrameworks/BridgeOSObliteration : 591
PrivateFrameworks/BridgeOSSoftwareUpdate : 1644
PrivateFrameworks/BulkSymbolication : 1386
PrivateFrameworks/CPMLBestShim : 5133
PrivateFrameworks/CacheDelete : 265
PrivateFrameworks/CalDAV : 97
PrivateFrameworks/CalendarAgent : 106
PrivateFrameworks/CalendarAgentLink : 96
PrivateFrameworks/CalendarDraw : 101
PrivateFrameworks/CalendarFoundation : 216
PrivateFrameworks/CalendarNotification : 47
PrivateFrameworks/CalendarPersistence : 79
PrivateFrameworks/CalendarUI : 82
PrivateFrameworks/CalendarUIKit : 107
PrivateFrameworks/CallHistory : 108
PrivateFrameworks/CardKit : 220
PrivateFrameworks/CardServices : 220
PrivateFrameworks/Cards : 220
PrivateFrameworks/Catalyst : 2846
PrivateFrameworks/ClassroomKit : 216
PrivateFrameworks/CloudDocs : 99
PrivateFrameworks/CloudDocsDaemon : 59
PrivateFrameworks/CloudFamilyRestrictions : 779
PrivateFrameworks/CloudFamilyRestrictionsDaemon : 779
PrivateFrameworks/CloudKitCode : 437
PrivateFrameworks/CloudKitCodeProtobuf : 437
PrivateFrameworks/CloudKitDaemon : 260
PrivateFrameworks/CloudPhotoLibrary : 7
PrivateFrameworks/CloudPhotoServices : 7
PrivateFrameworks/CloudPhotoServicesConfiguration : 7
PrivateFrameworks/Coherence : 4457
PrivateFrameworks/CombineCocoa : 1374
PrivateFrameworks/CommerceKit : 101
PrivateFrameworks/CommonUtilities : 878
PrivateFrameworks/CommunicationsFilter : 813
PrivateFrameworks/ConditionInducer : 1942
PrivateFrameworks/ConfigProfileHelper : 149
PrivateFrameworks/ConfigurationEngineModel : 482
PrivateFrameworks/ConfigurationProfiles : 149
PrivateFrameworks/ConsoleKit : 114
PrivateFrameworks/ContactsAgent : 813
PrivateFrameworks/ContactsAutocomplete : 707
PrivateFrameworks/ContactsAutocompleteUI : 207
PrivateFrameworks/ContactsDonation : 1004
PrivateFrameworks/ContactsDonationFeedback : 1004
PrivateFrameworks/ContactsFoundation : 7
PrivateFrameworks/ContactsPersistence : 9
PrivateFrameworks/ContactsUICore : 128
PrivateFrameworks/ContentKit : 374
PrivateFrameworks/ContextKit : 754
PrivateFrameworks/ConversationKit : 69
PrivateFrameworks/CoreADI : 2145
PrivateFrameworks/CoreAUC : 187
PrivateFrameworks/CoreAVCHD : 2230
PrivateFrameworks/CoreAccessories : 163
PrivateFrameworks/CoreAnalytics : 1988
PrivateFrameworks/CoreBrightness : 171
PrivateFrameworks/CoreCapture : 88
PrivateFrameworks/CoreCaptureControl : 88
PrivateFrameworks/CoreCaptureDaemon : 88
PrivateFrameworks/CoreChart : 1032
PrivateFrameworks/CoreChineseEngine : 483
PrivateFrameworks/CoreDAV : 56
PrivateFrameworks/CoreDuet : 86
PrivateFrameworks/CoreDuetContext : 86
PrivateFrameworks/CoreDuetDaemonProtocol : 86
PrivateFrameworks/CoreDuetDataModel : 86
PrivateFrameworks/CoreDuetDebugLogging : 86
PrivateFrameworks/CoreDuetStatistics : 86
PrivateFrameworks/CoreDuetSync : 86
PrivateFrameworks/CoreHAP : 2
PrivateFrameworks/CoreKnowledge : 901
PrivateFrameworks/CoreMLTestFramework : 148
PrivateFrameworks/CoreMaterial : 187
PrivateFrameworks/CoreMediaStream : 7
PrivateFrameworks/CoreNameParser : 2240
PrivateFrameworks/CoreOptimization : 5133
PrivateFrameworks/CoreParsec : 198
PrivateFrameworks/CorePrediction : 5133
PrivateFrameworks/CoreRE : 35
PrivateFrameworks/CoreRecognition : 723
PrivateFrameworks/CoreRoutine : 462
PrivateFrameworks/CoreSVG : 1157
PrivateFrameworks/CoreSpeech : 100
PrivateFrameworks/CoreSpotlightImportDaemon : 9
PrivateFrameworks/CoreSuggestions : 43
PrivateFrameworks/CoreSuggestionsInternals : 43
PrivateFrameworks/CoreSuggestionsML : 43
PrivateFrameworks/CoreSuggestionsUI : 43
PrivateFrameworks/CoreSymbolication : 484
PrivateFrameworks/CoreThemeDefinition : 230
PrivateFrameworks/CoreUI : 599
PrivateFrameworks/CoreUtils : 749
PrivateFrameworks/CoreUtilsSwift : 1230
PrivateFrameworks/CoreWiFi : 344
PrivateFrameworks/CreateML : 74
PrivateFrameworks/CryptoKitCBridging : 252
PrivateFrameworks/CryptoKitPrivate : 252
PrivateFrameworks/DASDaemon : 236
PrivateFrameworks/DCIMServices : 7
PrivateFrameworks/DFRBrightness : 171
PrivateFrameworks/DFRDisplay : 1240
PrivateFrameworks/DFRFoundation : 14
PrivateFrameworks/DTXConnectionServices : 570
PrivateFrameworks/DataDetectorsNaturalLanguage : 1154
PrivateFrameworks/DesktopServicesPriv : 59
PrivateFrameworks/DeviceIdentity : 57
PrivateFrameworks/DeviceManagement : 482
PrivateFrameworks/DiagnosticExtensions : 1947
PrivateFrameworks/DiagnosticLogCollection : 62
PrivateFrameworks/DifferentialPrivacy : 152
PrivateFrameworks/DigitalTouchShared : 1024
PrivateFrameworks/DiskImages : 367
PrivateFrameworks/DisplayTransportServices : 1042
PrivateFrameworks/DistributedEvaluation : 421
PrivateFrameworks/DrawingKit : 353
PrivateFrameworks/DuetActivityScheduler : 236
PrivateFrameworks/DuetRecommendation : 86
PrivateFrameworks/DynamicDesktop : 57
PrivateFrameworks/EAFirmwareUpdater : 62
PrivateFrameworks/EFILogin : 375
PrivateFrameworks/EasyConfig : 749
PrivateFrameworks/Email : 20
PrivateFrameworks/EmailAddressing : 20
PrivateFrameworks/EmailCore : 20
PrivateFrameworks/EmailDaemon : 20
PrivateFrameworks/EmailFoundation : 20
PrivateFrameworks/EmbeddedAcousticRecognition : 421
PrivateFrameworks/EmbeddedOSInstall : 1293
PrivateFrameworks/EmbeddedSensingProtocols : 4568
PrivateFrameworks/Engram : 62
PrivateFrameworks/Espresso : 400
PrivateFrameworks/ExchangeSync : 238
PrivateFrameworks/ExchangeWebServices : 1058
PrivateFrameworks/ExpansionSlotSupport : 54
PrivateFrameworks/FMClient : 1412
PrivateFrameworks/FMCore : 847
PrivateFrameworks/FMCoreUI : 205
PrivateFrameworks/FMFCore : 144
PrivateFrameworks/FMIPCore : 144
PrivateFrameworks/FMNetworking : 62
PrivateFrameworks/FTAWD : 62
PrivateFrameworks/FTClientServices : 56
PrivateFrameworks/FTServices : 56
PrivateFrameworks/FWAVC : 132
PrivateFrameworks/FamilyCircle : 380
PrivateFrameworks/FamilyCircleUI : 380
PrivateFrameworks/FamilyNotification : 380
PrivateFrameworks/FindMyDevice : 152
PrivateFrameworks/FindMyDeviceUI : 82
PrivateFrameworks/FinderKit : 20
PrivateFrameworks/FinderSyncPriv : 20
PrivateFrameworks/FlightUtilities : 490
PrivateFrameworks/FolderActionsKit : 954
PrivateFrameworks/FontServices : 3096
PrivateFrameworks/FoundInAppsPlugins : 139
PrivateFrameworks/Futhark : 1179
PrivateFrameworks/GPUInfo : 11
PrivateFrameworks/GPUSupport : 2115
PrivateFrameworks/GPUWrangler : 3
PrivateFrameworks/GameCenterFoundation : 159
PrivateFrameworks/GameCenterUI : 159
PrivateFrameworks/GameCenterUICore : 159
PrivateFrameworks/GameKitServices : 80
PrivateFrameworks/GeoKit : 205
PrivateFrameworks/GeoServices : 86
PrivateFrameworks/Geode : 8
PrivateFrameworks/HDRProcessing : 34
PrivateFrameworks/HID : 216
PrivateFrameworks/HIDAnalytics : 132
PrivateFrameworks/HIDDisplay : 132
PrivateFrameworks/HearingCore : 143
PrivateFrameworks/HearingUtilities : 143
PrivateFrameworks/Helium : 553
PrivateFrameworks/HomeAI : 350
PrivateFrameworks/HomeKit : 2
PrivateFrameworks/HomeKitBackingStore : 2
PrivateFrameworks/HomeKitDaemon : 2
PrivateFrameworks/IAP : 1728
PrivateFrameworks/IASUtilities : 78
PrivateFrameworks/IDS : 56
PrivateFrameworks/IDSFoundation : 56
PrivateFrameworks/IDSHashPersistence : 80
PrivateFrameworks/IDSKVStore : 80
PrivateFrameworks/IDSSystemPreferencesSignIn : 56
PrivateFrameworks/IMAP : 11
PrivateFrameworks/IMAVCore : 7837
PrivateFrameworks/IMAssistantCore : 35
PrivateFrameworks/IMCore : 35
PrivateFrameworks/IMDMessageServices : 35
PrivateFrameworks/IMDPersistence : 35
PrivateFrameworks/IMDaemonCore : 35
PrivateFrameworks/IMFoundation : 62
PrivateFrameworks/IMSharedUI : 104
PrivateFrameworks/IMSharedUtilities : 35
PrivateFrameworks/IMTranscoderAgent : 35
PrivateFrameworks/IMTranscoding : 35
PrivateFrameworks/IMTransferAgent : 35
PrivateFrameworks/IMTransferServices : 62
PrivateFrameworks/IOImageLoader : 1875
PrivateFrameworks/IOPlatformPluginFamily : 101
PrivateFrameworks/IconServices : 54
PrivateFrameworks/IdleTimerServices : 3885
PrivateFrameworks/IncomingCallFilter : 813
PrivateFrameworks/InertiaCam : 1137
PrivateFrameworks/InputContext : 4960
PrivateFrameworks/Install : 179
PrivateFrameworks/InstallerDiagnostics : 733
PrivateFrameworks/Intents : 90
PrivateFrameworks/IntentsCore : 90
PrivateFrameworks/IntentsFoundation : 90
PrivateFrameworks/IntentsServices : 90
PrivateFrameworks/InternationalSupport : 1160
PrivateFrameworks/InternationalTextSearch : 2077
PrivateFrameworks/InternetAccounts : 597
PrivateFrameworks/IntlPreferences : 2
PrivateFrameworks/JetEngine : 923
PrivateFrameworks/JetUI : 929
PrivateFrameworks/KeychainCircle : 23
PrivateFrameworks/KnowledgeGraphKit : 7
PrivateFrameworks/Lexicon : 506
PrivateFrameworks/LimitAdTracking : 97
PrivateFrameworks/LinkPresentation : 481
PrivateFrameworks/LocalAuthenticationRecoveryUI : 182
PrivateFrameworks/LocalAuthenticationUI : 182
PrivateFrameworks/LocationSupport : 51
PrivateFrameworks/LockoutUI : 1322
PrivateFrameworks/LoginUIKit : 18
PrivateFrameworks/Lookup : 166
PrivateFrameworks/MFAAuthentication : 163
PrivateFrameworks/MFiAuthentication : 1728
PrivateFrameworks/MLFoundation : 111
PrivateFrameworks/MMCSServices : 35
PrivateFrameworks/MTLCompiler : 11
PrivateFrameworks/MTLSimImplementation : 11
PrivateFrameworks/Mail : 11
PrivateFrameworks/MailCore : 11
PrivateFrameworks/MailService : 11
PrivateFrameworks/MailSupport : 20
PrivateFrameworks/MailUI : 11
PrivateFrameworks/MailWebProcessSupport : 20
PrivateFrameworks/MallocStackLogging : 619
PrivateFrameworks/ManagedClient : 149
PrivateFrameworks/Mangrove : 274
PrivateFrameworks/MapsSuggestions : 77
PrivateFrameworks/MapsSupport : 77
PrivateFrameworks/Marco : 62
PrivateFrameworks/MarkupUI : 353
PrivateFrameworks/MediaControlSender : 157
PrivateFrameworks/MediaConversionService : 7
PrivateFrameworks/MediaMiningKit : 7
PrivateFrameworks/MediaRemote : 8
PrivateFrameworks/MediaStream : 7
PrivateFrameworks/Memories : 87
PrivateFrameworks/MessageProtection : 191
PrivateFrameworks/MessagesHelperKit : 57
PrivateFrameworks/MessagesKit : 57
PrivateFrameworks/MetadataUtilities : 9
PrivateFrameworks/MetalTools : 11
PrivateFrameworks/MetricKitCore : 432
PrivateFrameworks/MetricKitServices : 432
PrivateFrameworks/MetricKitSource : 432
PrivateFrameworks/MetricMeasurement : 432
PrivateFrameworks/MiniSoftwareUpdate : 1091
PrivateFrameworks/MobileAccessoryUpdater : 223
PrivateFrameworks/MobileActivationMacOS : 57
PrivateFrameworks/MobileAssetUpdater : 62
PrivateFrameworks/MobileBluetooth : 90
PrivateFrameworks/MobileIcons : 54
PrivateFrameworks/MobileKeyBag : 130
PrivateFrameworks/Mondrian : 8
PrivateFrameworks/MultitouchSupport : 125
PrivateFrameworks/MultiverseSupport : 331
PrivateFrameworks/NLP : 1341
PrivateFrameworks/Navigation : 64
PrivateFrameworks/NearField : 114
PrivateFrameworks/NetAppsUtilities : 2097
PrivateFrameworks/NetworkServiceProxy : 2116
PrivateFrameworks/NeutrinoCore : 7
PrivateFrameworks/NeutrinoKit : 7
PrivateFrameworks/Notes : 7
PrivateFrameworks/NotesShared : 7
PrivateFrameworks/NotesUI : 7
PrivateFrameworks/OSAServicesClient : 469
PrivateFrameworks/OSASubmissionClient : 496
PrivateFrameworks/OSASyncProxyClient : 496
PrivateFrameworks/OSAnalytics : 469
PrivateFrameworks/OSAnalyticsPrivate : 496
PrivateFrameworks/OSD : 1776
PrivateFrameworks/OSInstaller : 38
PrivateFrameworks/OSPersonalization : 623
PrivateFrameworks/OTSVG : 348
PrivateFrameworks/OfficeImport : 801
PrivateFrameworks/OnBoardingKit : 16
PrivateFrameworks/PAImaging : 8
PrivateFrameworks/PAImagingCore : 8
PrivateFrameworks/PASampling : 1386
PrivateFrameworks/PDFKit : 119
PrivateFrameworks/PIP : 301
PrivateFrameworks/PackageKit : 3
PrivateFrameworks/ParsecModel : 198
PrivateFrameworks/ParsecSubscriptionServiceSupport : 198
PrivateFrameworks/ParsecUI : 10
PrivateFrameworks/PassKit : 125
PrivateFrameworks/PassKitCore : 126
PrivateFrameworks/PassKitUI : 55
PrivateFrameworks/PassKitUIFoundation : 75
PrivateFrameworks/PencilKit : 265
PrivateFrameworks/PeopleSuggester : 86
PrivateFrameworks/PerformanceAnalysis : 1386
PrivateFrameworks/PersonaKit : 2554
PrivateFrameworks/PersonaUI : 2554
PrivateFrameworks/PersonalizationPortrait : 139
PrivateFrameworks/PersonalizationPortraitInternals : 139
PrivateFrameworks/PhotoAnalysis : 7
PrivateFrameworks/PhotoFoundation : 7
PrivateFrameworks/PhotoImaging : 7
PrivateFrameworks/PhotoLibrary : 8
PrivateFrameworks/PhotoLibraryServices : 7
PrivateFrameworks/PhotoPrintProduct : 357
PrivateFrameworks/PhotoVision : 7
PrivateFrameworks/PhotosFormats : 7
PrivateFrameworks/PhotosGraph : 7
PrivateFrameworks/PhotosImagingFoundation : 7
PrivateFrameworks/PhotosPlayer : 7
PrivateFrameworks/PhotosUICore : 8
PrivateFrameworks/PipelineKit : 7
PrivateFrameworks/PlacesKit : 8
PrivateFrameworks/PowerLog : 121
PrivateFrameworks/PowerlogControl : 126
PrivateFrameworks/PowerlogCore : 126
PrivateFrameworks/PowerlogDatabaseReader : 126
PrivateFrameworks/PowerlogLiteOperators : 131
PrivateFrameworks/PrivateFederatedLearning : 190
PrivateFrameworks/ProVideo : 673
PrivateFrameworks/ProactiveEventTracker : 297
PrivateFrameworks/ProactiveExperiments : 43
PrivateFrameworks/ProactiveExperimentsInternals : 43
PrivateFrameworks/ProactiveML : 43
PrivateFrameworks/ProactiveSupport : 297
PrivateFrameworks/ProactiveSupportStubs : 297
PrivateFrameworks/ProofReader : 388
PrivateFrameworks/ProtectedCloudStorage : 134
PrivateFrameworks/QLCharts : 801
PrivateFrameworks/Quagga : 894
PrivateFrameworks/QuickLookIosmac : 11
PrivateFrameworks/QuickLookNonBaseSystem : 11
PrivateFrameworks/QuickLookSupport : 178
PrivateFrameworks/QuickLookThumbnailing : 178
PrivateFrameworks/QuickLookUIIosmac : 11
PrivateFrameworks/RTCReporting : 10
PrivateFrameworks/RTTUI : 143
PrivateFrameworks/RTTUtilities : 143
PrivateFrameworks/ReminderMigration : 60
PrivateFrameworks/RemoteConfiguration : 2475
PrivateFrameworks/RemoteCoreML : 4661
PrivateFrameworks/RemoteManagement : 1216
PrivateFrameworks/RemoteTextInput : 1895
PrivateFrameworks/ReplayKitMacHelper : 58
PrivateFrameworks/ResponseKit : 1215
PrivateFrameworks/Reveal : 549
PrivateFrameworks/RevealCore : 549
PrivateFrameworks/RunningBoard : 84
PrivateFrameworks/RunningBoardServices : 83
PrivateFrameworks/SAObjects : 177
PrivateFrameworks/SMBClientEngine : 100
PrivateFrameworks/SPFinder : 37
PrivateFrameworks/SPOwner : 37
PrivateFrameworks/SPShared : 62
PrivateFrameworks/Safari : 2
PrivateFrameworks/SafariPlatformSupport : 2
PrivateFrameworks/SafeEjectGPU : 47
PrivateFrameworks/SampleAnalysis : 1386
PrivateFrameworks/ScreenReader : 10
PrivateFrameworks/ScreenReaderCore : 10
PrivateFrameworks/ScreenTimeCore : 71
PrivateFrameworks/ScreenTimeServiceUI : 69
PrivateFrameworks/ScreenTimeUI : 69
PrivateFrameworks/SearchAds : 97
PrivateFrameworks/SearchFoundation : 198
PrivateFrameworks/SearchUI : 310
PrivateFrameworks/SearchUICardKitProviderSupport : 159
PrivateFrameworks/SecureChannel : 1006
PrivateFrameworks/SecurityTokend : 2876
PrivateFrameworks/Seeding : 562
PrivateFrameworks/SensingProtocols : 4568
PrivateFrameworks/Sentry : 989
PrivateFrameworks/ServerCompatibility : 2241
PrivateFrameworks/SetupAssistantFramework : 51
PrivateFrameworks/SharePointManagement : 217
PrivateFrameworks/ShareServicesCore : 8
PrivateFrameworks/ShareSheet : 71
PrivateFrameworks/SharedWebCredentials : 126
PrivateFrameworks/Sharing : 181
PrivateFrameworks/SharingXPCServices : 188
PrivateFrameworks/SignpostCollection : 846
PrivateFrameworks/SignpostMetrics : 846
PrivateFrameworks/SignpostNotification : 168
PrivateFrameworks/SignpostSupport : 846
PrivateFrameworks/SiriCore : 114
PrivateFrameworks/SiriFoundation : 16
PrivateFrameworks/SiriInstrumentation : 182
PrivateFrameworks/SiriTasks : 182
PrivateFrameworks/SiriUI : 16
PrivateFrameworks/SiriVOX : 114
PrivateFrameworks/SkyLight : 46
PrivateFrameworks/Slideshows : 503
PrivateFrameworks/SocialAppsCore : 57
PrivateFrameworks/SocialServices : 222
PrivateFrameworks/SocialUI : 57
PrivateFrameworks/SpanMatcher : 114
PrivateFrameworks/SpeechRecognitionCommandServices : 955
PrivateFrameworks/Spotlight : 10
PrivateFrameworks/SpotlightDaemon : 9
PrivateFrameworks/SpotlightIndex : 9
PrivateFrameworks/SpotlightReceiver : 9
PrivateFrameworks/SpotlightServerKit : 9
PrivateFrameworks/SpotlightServices : 10
PrivateFrameworks/StorageKit : 461
PrivateFrameworks/StoreFoundation : 101
PrivateFrameworks/StoreJavaScript : 101
PrivateFrameworks/StoreServices : 92
PrivateFrameworks/StoreUI : 101
PrivateFrameworks/StreamingZip : 491
PrivateFrameworks/SuggestionsSpotlightMetrics : 43
PrivateFrameworks/Symbolication : 619
PrivateFrameworks/SymptomDiagnosticReporter : 369
PrivateFrameworks/SymptomReporter : 371
PrivateFrameworks/Symptoms : 371
PrivateFrameworks/SystemAdministration : 41
PrivateFrameworks/SystemDesktopAppearance : 189
PrivateFrameworks/SystemMigration : 4
PrivateFrameworks/SystemMigrationNetworking : 4
PrivateFrameworks/SystemMigrationUtils : 4
PrivateFrameworks/TCC : 232
PrivateFrameworks/TTYUtilities : 2879
PrivateFrameworks/TelephonyUtilities : 162
PrivateFrameworks/TemplateKit : 306
PrivateFrameworks/TextInput : 126
PrivateFrameworks/TextInputCore : 126
PrivateFrameworks/TextInputMenuUI : 16
PrivateFrameworks/TextRecognition : 721
PrivateFrameworks/TextToSpeech : 73
PrivateFrameworks/TimeMachine : 181
PrivateFrameworks/ToneKit : 182
PrivateFrameworks/ToneLibrary : 182
PrivateFrameworks/Tourist : 36
PrivateFrameworks/Transparency : 186
PrivateFrameworks/TransparencyDetailsViewMac : 97
PrivateFrameworks/TrustedPeers : 23
PrivateFrameworks/UAUPlugin : 328
PrivateFrameworks/UIFoundation : 15
PrivateFrameworks/UIKitMacHelper : 8
PrivateFrameworks/URLFormatting : 463
PrivateFrameworks/USDKit : 1595
PrivateFrameworks/UXKit : 7
PrivateFrameworks/UsageTracking : 97
PrivateFrameworks/UserManagement : 420
PrivateFrameworks/VCXMPP : 11150
PrivateFrameworks/VectorKit : 6
PrivateFrameworks/VideoConference : 797
PrivateFrameworks/VideoProcessing : 838
PrivateFrameworks/VisualTestKit : 493
PrivateFrameworks/VoiceShortcutClient : 374
PrivateFrameworks/VoiceShortcuts : 374
PrivateFrameworks/VoiceTrigger : 1006
PrivateFrameworks/WPDaemon : 2487
PrivateFrameworks/WeatherFoundation : 1433
PrivateFrameworks/WeatherKit : 102
PrivateFrameworks/WebContentAnalysis : 309
PrivateFrameworks/WebDriver : 2
PrivateFrameworks/WebFilterDNS : 309
PrivateFrameworks/WebInspector : 2
PrivateFrameworks/WebInspectorUI : 2
PrivateFrameworks/WiFiPeerToPeer : 1547
PrivateFrameworks/WiFiPolicy : 73
PrivateFrameworks/WiFiVelocity : 187
PrivateFrameworks/WirelessCoexManager : 387
PrivateFrameworks/WirelessDiagnostics : 3595
PrivateFrameworks/WirelessProximity : 2487
PrivateFrameworks/WorkflowKit : 374
PrivateFrameworks/XARTRecovery : 935
PrivateFrameworks/XCTAutomationSupport : 628
PrivateFrameworks/XCTTargetBootstrap : 628
PrivateFrameworks/acfs : 1114
PrivateFrameworks/iAdCore : 56
PrivateFrameworks/iAdServices : 56
PrivateFrameworks/iCalendar : 97
PrivateFrameworks/iWorkXPC : 893
PrivateFrameworks/ktrace : 663
PrivateFrameworks/login : 1031
PrivateFrameworks/vCard : 9
PrivateFrameworks/yara : 325
PrivateFrameworks/zudp : 7118
CoreServices/ControlStrip : 210
CoreServices/Install in Progress : 978
CoreServices/NotificationCenter : 845
CoreServices/Setup Assistant : 2488
CoreServices/Spotlight : 2074.4
CoreServices/VoiceOver : 706
Frameworks/AVKit : 19
Frameworks/BusinessChat : 33
Frameworks/ContactsUI : 123
Frameworks/CoreAudioKit : 436
Frameworks/CoreNFC : 35
Frameworks/EventKitUI : 67
Frameworks/GameController : 300
Frameworks/GameKit : 171
Frameworks/GameplayKit : 446
Frameworks/HealthKit : 192
Frameworks/HealthKitUI : 192
Frameworks/IdentityLookupUI : 13
Frameworks/IntentsUI : 26
Frameworks/LinkPresentation : 115
Frameworks/MapKit : 27
Frameworks/MediaPlayer : 21
Frameworks/MobileCoreServices : 37
Frameworks/PDFKit : 60
Frameworks/PassKit : 99
Frameworks/PencilKit : 90
Frameworks/PhotosUI : 10
Frameworks/QuickLook : 97
Frameworks/RealityKit : 53
Frameworks/ReplayKit : 58
Frameworks/SceneKit : 81
Frameworks/Social : 96
Frameworks/SwiftUI : 23
Frameworks/UIKit : 8
Frameworks/VisionKit : 383
Frameworks/iAd : 56
PrivateFrameworks/AVKitMacHelper : 19
PrivateFrameworks/Accessibility : 6
PrivateFrameworks/AccessibilityUtilities : 6
PrivateFrameworks/ActionKit : 68
PrivateFrameworks/ActionKitUI : 71
PrivateFrameworks/ActivityRingsUI : 352
PrivateFrameworks/AnnotationKit : 260
PrivateFrameworks/AppAnalytics : 1063
PrivateFrameworks/AuthKitUI : 79
PrivateFrameworks/AuthKitUIMacHelper : 79
PrivateFrameworks/BaseBoardUI : 88
PrivateFrameworks/CalendarUIKit : 102
PrivateFrameworks/ClassroomKit : 186
PrivateFrameworks/ContactsAutocompleteUI : 136
PrivateFrameworks/ContentKit : 68
PrivateFrameworks/CorePDF : 121
PrivateFrameworks/CoreRecognition : 237
PrivateFrameworks/CoreSuggestionsUI : 42
PrivateFrameworks/DataDetectorsUI : 88
PrivateFrameworks/DocumentManager : 127
PrivateFrameworks/DocumentManagerCore : 127
PrivateFrameworks/EmojiKit : 75
PrivateFrameworks/FMCoreUI : 88
PrivateFrameworks/FMNetworking : 23
PrivateFrameworks/FrontBoard : 309
PrivateFrameworks/GameCenterUI : 63
PrivateFrameworks/HomeKit : 2
PrivateFrameworks/IMAssistantCore : 35
PrivateFrameworks/IMCore : 35
PrivateFrameworks/IMDPersistence : 35
PrivateFrameworks/IMSharedUtilities : 35
PrivateFrameworks/IMTranscoding : 35
PrivateFrameworks/IntlPreferences : 2
PrivateFrameworks/MarkupUI : 260
PrivateFrameworks/MediaPlaybackCore : 21
PrivateFrameworks/MobileTimer : 157
PrivateFrameworks/MobileTimerUI : 157
PrivateFrameworks/NanoRegistry : 230
PrivateFrameworks/NetAppsUtilitiesUI : 2097
PrivateFrameworks/NewsAnalytics : 19
PrivateFrameworks/NewsAnalyticsUpload : 11
PrivateFrameworks/NewsArticles : 19
PrivateFrameworks/NewsCore : 11
PrivateFrameworks/NewsDaemon : 11
PrivateFrameworks/NewsFeed : 19
PrivateFrameworks/NewsFeedLayout : 11
PrivateFrameworks/NewsFoundation : 11
PrivateFrameworks/NewsServicesInternal : 11
PrivateFrameworks/NewsSubscription : 19
PrivateFrameworks/NewsTransport : 11
PrivateFrameworks/NewsUI : 11
PrivateFrameworks/NewsUI2 : 19
PrivateFrameworks/OnBoardingKit : 16
PrivateFrameworks/PassKitUIFoundation : 49
PrivateFrameworks/PencilKit : 90
PrivateFrameworks/PersonaUI : 843
PrivateFrameworks/PhotoLibrary : 10
PrivateFrameworks/PhotosPlayer : 10
PrivateFrameworks/PhotosUICore : 10
PrivateFrameworks/RTTUI : 59
PrivateFrameworks/SPShared : 23
PrivateFrameworks/Silex : 11
PrivateFrameworks/SilexText : 11
PrivateFrameworks/SilexVideo : 11
PrivateFrameworks/SocialServices : 72
PrivateFrameworks/Stocks : 2684
PrivateFrameworks/TeaActivities : 22
PrivateFrameworks/TeaCharts : 22
PrivateFrameworks/TeaDB : 22
PrivateFrameworks/TeaFoundation : 22
PrivateFrameworks/TeaSettings : 22
PrivateFrameworks/TeaTemplate : 22
PrivateFrameworks/TeaUI : 22
PrivateFrameworks/TeaUIKit : 22
PrivateFrameworks/TelephonyUI : 32
PrivateFrameworks/TransparencyDetailsView : 97
PrivateFrameworks/UIAccessibility : 6
PrivateFrameworks/UIKitCore : 8
PrivateFrameworks/UIKitMacHelper : 8
PrivateFrameworks/UIKitServices : 8
PrivateFrameworks/VisualAlert : 6
PrivateFrameworks/VoiceMemos : 190
PrivateFrameworks/VoiceShortcutClient : 68
PrivateFrameworks/VoiceShortcuts : 68
PrivateFrameworks/VoiceShortcutsUI : 71
PrivateFrameworks/Weather : 4646
PrivateFrameworks/WeatherFoundation : 304
PrivateFrameworks/WebUI : 7
PrivateFrameworks/WorkflowKit : 68
PrivateFrameworks/WorkflowUI : 71
