Applications/Google Chrome Canary : 3966.0
Applications/Google Chrome : 3904.97
Applications/Keka : 3390
Applications/Notable : 1.8.1
Applications/RunCat : 6.2.0
Applications/Safari : 15608.4.9.1.2
Applications/checkra1n : beta 0.9
Applications/App Store : 1004.5.15
Applications/Contacts : 2421.3
Applications/Home : 367.3.4
Applications/Mail : 3608.40.2.2.1
Applications/Maps : 2439.22.10.8.13
Applications/News : 2371.2.2
Applications/Notes : 1105
Applications/Photos : 121.17.120
Applications/Podcasts : 1425.5
Applications/Preview : 999.4
Utilities/Bluetooth File Exchange : 7.0.2f4
Utilities/Boot Camp Assistant : 6170.60.6
Utilities/VoiceOver Utility : 708.3
Frameworks/AGL : 3144
Frameworks/AVFoundation : 35
Frameworks/AVKit : 116
Frameworks/Accelerate : 264
Frameworks/Accounts : 653
Frameworks/AdSupport : 1221
Frameworks/AddressBook : 7
Frameworks/AppleScriptKit : 2806
Frameworks/AppleScriptObjC : 4177
Frameworks/ApplicationServices : 2256
Frameworks/AudioToolbox : 31
Frameworks/AudioUnit : 29
Frameworks/AudioVideoBridging : 508
Frameworks/Automator : 185
Frameworks/BackgroundTasks : 74
Frameworks/BusinessChat : 920
Frameworks/CFNetwork : 6
Frameworks/CalendarStore : 263
Frameworks/CallKit : 29
Frameworks/Carbon : 3589
Frameworks/CloudKit : 148
Frameworks/Cocoa : 10659
Frameworks/Collaboration : 3617
Frameworks/ColorSync : 875
Frameworks/Combine : 361
Frameworks/Contacts : 50
Frameworks/ContactsUI : 7
Frameworks/CoreAudio : 182
Frameworks/CoreAudioKit : 703
Frameworks/CoreAudioTypes : 32
Frameworks/CoreBluetooth : 135
Frameworks/CoreData : 5
Frameworks/CoreDisplay : 8
Frameworks/CoreFoundation : 313
Frameworks/CoreGraphics : 51
Frameworks/CoreHaptics : 50
Frameworks/CoreImage : 54
Frameworks/CoreLocation : 80
Frameworks/CoreMIDI : 672
Frameworks/CoreMIDIServer : 672
Frameworks/CoreML : 101
Frameworks/CoreMedia : 24
Frameworks/CoreMediaIO : 72
Frameworks/CoreMotion : 80
Frameworks/CoreServices : 192
Frameworks/CoreSpotlight : 23
Frameworks/CoreTelephony : 27
Frameworks/CoreText : 121
Frameworks/CoreVideo : 1807
Frameworks/CoreWLAN : 77
Frameworks/CryptoKit : 237
Frameworks/CryptoTokenKit : 124
Frameworks/DVDPlayback : 19
Frameworks/DeviceCheck : 6733
Frameworks/DirectoryService : 287
Frameworks/DiscRecording : 40
Frameworks/DiscRecordingUI : 40
Frameworks/DiskArbitration : 398
Frameworks/DriverKit : 326
Frameworks/EventKit : 94
Frameworks/ExceptionHandling : 4402
Frameworks/ExecutionPolicy : 18
Frameworks/ExternalAccessory : 547
Frameworks/FWAUserLib : 616
Frameworks/FileProvider : 72
Frameworks/FileProviderUI : 594
Frameworks/ForceFeedback : 3232
Frameworks/Foundation : 320
Frameworks/GLKit : 20
Frameworks/GLUT : 99
Frameworks/GSS : 100
Frameworks/GameController : 78
Frameworks/GameKit : 341
Frameworks/GameplayKit : 2145
Frameworks/HIDDriverKit : 55
Frameworks/Hypervisor : 35
Frameworks/ICADevices : 46
Frameworks/IMServicePlugIn : 17
Frameworks/IOBluetoothUI : 30
Frameworks/IOKit : 275
Frameworks/IOSurface : 1523
Frameworks/IOUSBHost : 76
Frameworks/IdentityLookup : 29
Frameworks/ImageCaptureCore : 46
Frameworks/ImageIO : 91
Frameworks/InputMethodKit : 227
Frameworks/InstallerPlugins : 260
Frameworks/InstantMessage : 10371
Frameworks/JavaFrameEmbedding : 1259
Frameworks/JavaScriptCore : 8
Frameworks/JavaVM : 1267
Frameworks/Kerberos : 791
Frameworks/Kernel : 21
Frameworks/LDAP : 77
Frameworks/LatentSemanticMapping : 2377
Frameworks/LinkPresentation : 228
Frameworks/LocalAuthentication : 337
Frameworks/MapKit : 47
Frameworks/MediaAccessibility : 2226
Frameworks/MediaLibrary : 32
Frameworks/MediaPlayer : 22
Frameworks/MediaToolbox : 26
Frameworks/Message : 12049
Frameworks/Metal : 45
Frameworks/MetalKit : 121
Frameworks/MetalPerformanceShaders : 31
Frameworks/MetricKit : 398
Frameworks/ModelIO : 661
Frameworks/MultipeerConnectivity : 2111
Frameworks/NaturalLanguage : 2111
Frameworks/NetFS : 327
Frameworks/Network : 18
Frameworks/NetworkExtension : 27
Frameworks/NetworkingDriverKit : 624
Frameworks/NotificationCenter : 17
Frameworks/OSAKit : 4788
Frameworks/OSLog : 70
Frameworks/OpenAL : 708
Frameworks/OpenCL : 787
Frameworks/OpenDirectory : 287
Frameworks/OpenGL : 2432
Frameworks/PCSC : 35
Frameworks/PDFKit : 42
Frameworks/PencilKit : 690
Frameworks/PreferencePanes : 483
Frameworks/PushKit : 1249
Frameworks/Python : 826
Frameworks/QTKit : 630
Frameworks/Quartz : 7532
Frameworks/QuartzCore : 63
Frameworks/QuickLook : 87
Frameworks/QuickLookThumbnailing : 114
Frameworks/Ruby : 770
Frameworks/SceneKit : 98
Frameworks/ScreenSaver : 17
Frameworks/ScriptingBridge : 1943
Frameworks/Security : 114
Frameworks/SecurityFoundation : 316
Frameworks/SecurityInterface : 603
Frameworks/ServiceManagement : 9
Frameworks/Social : 249
Frameworks/SoundAnalysis : 1795
Frameworks/Speech : 241
Frameworks/SpriteKit : 43
Frameworks/StoreKit : 85
Frameworks/SwiftUI : 39
Frameworks/SyncServices : 8367
Frameworks/System : 79003
Frameworks/SystemConfiguration : 1484
Frameworks/SystemExtensions : 115
Frameworks/TWAIN : 373
Frameworks/Tcl : 1038
Frameworks/Tk : 1038
Frameworks/USBDriverKit : 76
Frameworks/UserNotifications : 369
Frameworks/VideoDecodeAcceleration : 4532
Frameworks/VideoSubscriberAccount : 35
Frameworks/VideoToolbox : 24
Frameworks/Vision : 1472
Frameworks/WebKit : 9
Frameworks/iTunesLibrary : 22
Frameworks/vecLib : 264
Frameworks/vmnet : 274
PrivateFrameworks/ACDEClient : 7680
PrivateFrameworks/AMPDevices : 19
PrivateFrameworks/AMPLibrary : 26
PrivateFrameworks/AMPSharing : 10
PrivateFrameworks/AOSAccounts : 138
PrivateFrameworks/AOSAccountsLite : 138
PrivateFrameworks/AOSMigrate : 12969
PrivateFrameworks/AOSUI : 128
PrivateFrameworks/APFS : 19
PrivateFrameworks/APTransport : 44
PrivateFrameworks/AVConference : 182
PrivateFrameworks/AVFoundationCF : 20
PrivateFrameworks/AXHearingCoreSupport : 3065
PrivateFrameworks/AXHearingSupport : 3065
PrivateFrameworks/AXMediaUtilities : 472
PrivateFrameworks/AccessibilityBundles : 26
PrivateFrameworks/AccessibilityPerformance : 30
PrivateFrameworks/AccessibilityPlatformTranslation : 12
PrivateFrameworks/AccessibilitySharedSupport : 12
PrivateFrameworks/AccessibilitySupport : 30
PrivateFrameworks/AccessoryNowPlaying : 137
PrivateFrameworks/AccountPolicy : 2515
PrivateFrameworks/AccountsDaemon : 653
PrivateFrameworks/AccountsUI : 342
PrivateFrameworks/ActionKit : 84
PrivateFrameworks/AdAnalytics : 158
PrivateFrameworks/AdCore : 180
PrivateFrameworks/AdID : 180
PrivateFrameworks/AdPlatforms : 180
PrivateFrameworks/AdPlatformsInternal : 180
PrivateFrameworks/AddressBookAutocomplete : 7
PrivateFrameworks/AddressBookCore : 7
PrivateFrameworks/Admin : 93
PrivateFrameworks/AggregateDictionary : 2589
PrivateFrameworks/AggregateDictionaryHistory : 2589
PrivateFrameworks/AirPlayReceiver : 60
PrivateFrameworks/AirPlaySender : 60
PrivateFrameworks/AirPlaySupport : 44
PrivateFrameworks/AirTrafficHost : 91
PrivateFrameworks/AmbientDisplay : 31
PrivateFrameworks/AnnotationKit : 176
PrivateFrameworks/AppContainer : 76
PrivateFrameworks/AppSSO : 26
PrivateFrameworks/AppSSOCore : 26
PrivateFrameworks/AppSSOKerberos : 26
PrivateFrameworks/AppSSOUI : 26
PrivateFrameworks/AppSandbox : 76
PrivateFrameworks/AppServerSupport : 9
PrivateFrameworks/AppStoreDaemon : 12
PrivateFrameworks/AppStoreFoundation : 12
PrivateFrameworks/AppStoreKit : 20
PrivateFrameworks/AppStoreUI : 44
PrivateFrameworks/AppSupport : 3824
PrivateFrameworks/AppSupportUI : 3191
PrivateFrameworks/Apple80211 : 97
PrivateFrameworks/AppleAccount : 454
PrivateFrameworks/AppleAppSupport : 7532
PrivateFrameworks/AppleFSCompression : 11486
PrivateFrameworks/AppleGVA : 34
PrivateFrameworks/AppleGVACore : 34
PrivateFrameworks/AppleIDAuthSupport : 630
PrivateFrameworks/AppleIDSSOAuthentication : 596
PrivateFrameworks/AppleJPEG : 730
PrivateFrameworks/AppleLDAP : 4898
PrivateFrameworks/AppleMediaServices : 5
PrivateFrameworks/AppleMediaServicesUI : 99
PrivateFrameworks/ApplePushService : 84
PrivateFrameworks/AppleSRP : 8654
PrivateFrameworks/AppleSauce : 3424
PrivateFrameworks/AppleScript : 422
PrivateFrameworks/AppleShareClientCore : 2163
PrivateFrameworks/AppleSystemInfo : 375
PrivateFrameworks/AppleVA : 1773
PrivateFrameworks/AppleVPA : 147
PrivateFrameworks/AskPermission : 62
PrivateFrameworks/AssertionServices : 55
PrivateFrameworks/AssetCacheServices : 126
PrivateFrameworks/AssetCacheServicesExtensions : 126
PrivateFrameworks/AssistantServices : 43
PrivateFrameworks/AssistiveControlSupport : 219
PrivateFrameworks/AttributeGraph : 1413
PrivateFrameworks/AudioDSPManager : 588
PrivateFrameworks/AudioHistory : 588
PrivateFrameworks/AudioPasscode : 2272
PrivateFrameworks/AudioResourceArbitration : 603
PrivateFrameworks/AudioServerApplication : 2832
PrivateFrameworks/AudioServerDriver : 2832
PrivateFrameworks/AudioSession : 633
PrivateFrameworks/AudioToolboxCore : 32
PrivateFrameworks/AuthKit : 25
PrivateFrameworks/AuthKitUI : 27
PrivateFrameworks/AutoBugCaptureCore : 112
PrivateFrameworks/AutoLoop : 2424
PrivateFrameworks/BackBoardServices : 53
PrivateFrameworks/BackgroundTaskManagement : 13
PrivateFrameworks/BaseBoard : 268
PrivateFrameworks/BatteryUIKit : 3958
PrivateFrameworks/BehaviorMiner : 387
PrivateFrameworks/BezelServices : 681
PrivateFrameworks/BioKitAggD : 7945
PrivateFrameworks/BiometricKit : 469
PrivateFrameworks/BiometricKitUI : 40
PrivateFrameworks/BiometricSupport : 399
PrivateFrameworks/BluetoothAudio : 17
PrivateFrameworks/BluetoothManager : 135
PrivateFrameworks/BoardServices : 268
PrivateFrameworks/Bom : 162
PrivateFrameworks/BookCoverUtility : 36
PrivateFrameworks/BookKit : 36
PrivateFrameworks/BookKitFoundation : 36
PrivateFrameworks/BookUtility : 36
PrivateFrameworks/BridgeOSInstall : 477
PrivateFrameworks/BridgeOSInstallReporting : 477
PrivateFrameworks/BridgeOSObliteration : 1143
PrivateFrameworks/BridgeOSSoftwareUpdate : 2141
PrivateFrameworks/BridgeXPC : 1629
PrivateFrameworks/BulkSymbolication : 234
PrivateFrameworks/ByteRangeLocking : 2115
PrivateFrameworks/C2 : 605
PrivateFrameworks/CDDataAccess : 54
PrivateFrameworks/CDDataAccessExpress : 54
PrivateFrameworks/CPAnalytics : 5
PrivateFrameworks/CPMLBestShim : 5646
PrivateFrameworks/CSCSupport : 42
PrivateFrameworks/CacheDelete : 397
PrivateFrameworks/Calculate : 567
PrivateFrameworks/CalendarAgent : 169
PrivateFrameworks/CalendarAgentLink : 252
PrivateFrameworks/CalendarDraw : 265
PrivateFrameworks/CalendarFoundation : 484
PrivateFrameworks/CalendarNotification : 146
PrivateFrameworks/CalendarPersistence : 260
PrivateFrameworks/CalendarUI : 190
PrivateFrameworks/CalendarUIKit : 45
PrivateFrameworks/CallHistory : 37
PrivateFrameworks/CameraImagingFramework : 4379
PrivateFrameworks/CaptiveNetwork : 27
PrivateFrameworks/CardKit : 658
PrivateFrameworks/CardServices : 658
PrivateFrameworks/Cards : 658
PrivateFrameworks/Catalyst : 3359
PrivateFrameworks/Categories : 713
PrivateFrameworks/CharacterPicker : 162
PrivateFrameworks/ChunkingLibrary : 3360
PrivateFrameworks/ClassKit : 101
PrivateFrameworks/ClassroomKit : 418
PrivateFrameworks/ClockMenuExtraPreferences : 687
PrivateFrameworks/CloudDocs : 71
PrivateFrameworks/CloudDocsDaemon : 38
PrivateFrameworks/CloudFamilyRestrictions : 943
PrivateFrameworks/CloudFamilyRestrictionsDaemon : 943
PrivateFrameworks/CloudKitCode : 152
PrivateFrameworks/CloudKitCodeProtobuf : 152
PrivateFrameworks/CloudKitDaemon : 115
PrivateFrameworks/CloudServices : 224
PrivateFrameworks/Coherence : 5135
PrivateFrameworks/CombineCocoa : 361
PrivateFrameworks/CommerceKit : 44
PrivateFrameworks/CommonAuth : 100
PrivateFrameworks/CommonCandidateWindow : 10483
PrivateFrameworks/CommonUtilities : 3286
PrivateFrameworks/CommunicationsFilter : 361
PrivateFrameworks/ConditionInducer : 2480
PrivateFrameworks/ConfigProfileHelper : 272
PrivateFrameworks/ConfigurationEngineModel : 360
PrivateFrameworks/ConfigurationProfiles : 272
PrivateFrameworks/ConfigurationProfilesUI : 27
PrivateFrameworks/ConsoleKit : 280
PrivateFrameworks/ConstantClasses : 1988
PrivateFrameworks/ContactsAgent : 970
PrivateFrameworks/ContactsAssistantServices : 637
PrivateFrameworks/ContactsAutocomplete : 693
PrivateFrameworks/ContactsAutocompleteUI : 132
PrivateFrameworks/ContactsDonation : 1335
PrivateFrameworks/ContactsDonationFeedback : 1335
PrivateFrameworks/ContactsFoundation : 50
PrivateFrameworks/ContactsPersistence : 50
PrivateFrameworks/ContactsUICore : 151
PrivateFrameworks/ContentKit : 84
PrivateFrameworks/ContextKit : 978
PrivateFrameworks/ConversationKit : 22
PrivateFrameworks/CoreADI : 2296
PrivateFrameworks/CoreAUC : 353
PrivateFrameworks/CoreAVCHD : 2388
PrivateFrameworks/CoreAccessories : 137
PrivateFrameworks/CoreAnalytics : 2959
PrivateFrameworks/CoreAppleCVA : 2403
PrivateFrameworks/CoreBrightness : 452
PrivateFrameworks/CoreCDP : 525
PrivateFrameworks/CoreCDPInternal : 525
PrivateFrameworks/CoreCDPUI : 525
PrivateFrameworks/CoreCapture : 148
PrivateFrameworks/CoreCaptureControl : 148
PrivateFrameworks/CoreCaptureDaemon : 148
PrivateFrameworks/CoreChart : 1139
PrivateFrameworks/CoreChineseEngine : 844
PrivateFrameworks/CoreDAV : 32
PrivateFrameworks/CoreDaemon : 1628
PrivateFrameworks/CoreDuet : 18
PrivateFrameworks/CoreDuetContext : 18
PrivateFrameworks/CoreDuetDaemonProtocol : 18
PrivateFrameworks/CoreDuetDataModel : 18
PrivateFrameworks/CoreDuetDebugLogging : 18
PrivateFrameworks/CoreDuetStatistics : 18
PrivateFrameworks/CoreDuetSync : 18
PrivateFrameworks/CoreEmoji : 720
PrivateFrameworks/CoreFP : 152
PrivateFrameworks/CoreFollowUp : 835
PrivateFrameworks/CoreFollowUpUI : 835
PrivateFrameworks/CoreHAP : 484
PrivateFrameworks/CoreHandwriting : 572
PrivateFrameworks/CoreKE : 789
PrivateFrameworks/CoreKnowledge : 344
PrivateFrameworks/CoreLSKD : 404
PrivateFrameworks/CoreLSKDMSE : 1185
PrivateFrameworks/CoreMLTestFramework : 76
PrivateFrameworks/CoreMaterial : 205
PrivateFrameworks/CoreNLP : 1051
PrivateFrameworks/CoreNameParser : 2820
PrivateFrameworks/CoreNavigation : 200
PrivateFrameworks/CoreOptimization : 5646
PrivateFrameworks/CorePDF : 226
PrivateFrameworks/CoreParsec : 66
PrivateFrameworks/CorePhoneNumbers : 37
PrivateFrameworks/CorePrediction : 5646
PrivateFrameworks/CoreRE : 50
PrivateFrameworks/CoreRecents : 2099
PrivateFrameworks/CoreRecognition : 740
PrivateFrameworks/CoreRoutine : 184
PrivateFrameworks/CoreSDB : 3098
PrivateFrameworks/CoreSVG : 1661
PrivateFrameworks/CoreServicesInternal : 90
PrivateFrameworks/CoreServicesStore : 136
PrivateFrameworks/CoreSpeech : 53
PrivateFrameworks/CoreSpotlightImportDaemon : 23
PrivateFrameworks/CoreSuggestions : 38
PrivateFrameworks/CoreSuggestionsInternals : 38
PrivateFrameworks/CoreSuggestionsML : 38
PrivateFrameworks/CoreSuggestionsUI : 38
PrivateFrameworks/CoreSymbolication : 594
PrivateFrameworks/CoreThemeDefinition : 65
PrivateFrameworks/CoreTime : 1976
PrivateFrameworks/CoreUI : 189
PrivateFrameworks/CoreUtils : 29
PrivateFrameworks/CoreUtilsSwift : 1862
PrivateFrameworks/CoreWLANKit : 61
PrivateFrameworks/CoreWiFi : 391
PrivateFrameworks/CrashReporterSupport : 153
PrivateFrameworks/CreateML : 113
PrivateFrameworks/CryptoKitCBridging : 237
PrivateFrameworks/CryptoKitPrivate : 237
PrivateFrameworks/DAAPKit : 88
PrivateFrameworks/DASDaemon : 74
PrivateFrameworks/DCERPC : 1842
PrivateFrameworks/DFRBrightness : 452
PrivateFrameworks/DFRDisplay : 1507
PrivateFrameworks/DFRFoundation : 172
PrivateFrameworks/DSExternalDisplay : 204
PrivateFrameworks/DTXConnectionServices : 618
PrivateFrameworks/DVD : 13833
PrivateFrameworks/DataDeliveryServices : 9792
PrivateFrameworks/DataDetectors : 402
PrivateFrameworks/DataDetectorsCore : 3474
PrivateFrameworks/DataDetectorsNaturalLanguage : 1465
PrivateFrameworks/DebugSymbols : 2671
PrivateFrameworks/DesktopServicesPriv : 27
PrivateFrameworks/DeviceCheckInternal : 6733
PrivateFrameworks/DeviceIdentity : 30
PrivateFrameworks/DeviceLink : 91
PrivateFrameworks/DeviceManagement : 360
PrivateFrameworks/DeviceToDeviceManager : 7165
PrivateFrameworks/DiagnosticExtensions : 2317
PrivateFrameworks/DiagnosticLogCollection : 242
PrivateFrameworks/DifferentialPrivacy : 397
PrivateFrameworks/DigitalTouchShared : 1608
PrivateFrameworks/DirectoryEditor : 299
PrivateFrameworks/DirectoryServer : 10431
PrivateFrameworks/DiskImages : 543
PrivateFrameworks/DiskManagement : 33
PrivateFrameworks/DisplayServices : 223
PrivateFrameworks/DisplayTransportServices : 1205
PrivateFrameworks/DistributedEvaluation : 68
PrivateFrameworks/DrawingKit : 176
PrivateFrameworks/DuetActivityScheduler : 74
PrivateFrameworks/DuetRecommendation : 18
PrivateFrameworks/DynamicDesktop : 19
PrivateFrameworks/EAFirmwareUpdater : 221
PrivateFrameworks/EAP8021X : 1075
PrivateFrameworks/EFILogin : 533
PrivateFrameworks/EasyConfig : 29
PrivateFrameworks/Email : 16
PrivateFrameworks/EmailAddressing : 16
PrivateFrameworks/EmailCore : 16
PrivateFrameworks/EmailDaemon : 16
PrivateFrameworks/EmailFoundation : 16
PrivateFrameworks/EmbeddedAcousticRecognition : 68
PrivateFrameworks/EmbeddedOSInstall : 1436
PrivateFrameworks/EmbeddedOSSupportHost : 25
PrivateFrameworks/EmbeddedSensingProtocols : 5170
PrivateFrameworks/EmojiFoundation : 92
PrivateFrameworks/Engram : 242
PrivateFrameworks/Espresso : 1697
PrivateFrameworks/ExchangeSync : 402
PrivateFrameworks/ExchangeWebServices : 1215
PrivateFrameworks/ExpansionSlotSupport : 162
PrivateFrameworks/FMClient : 1918
PrivateFrameworks/FMCore : 308
PrivateFrameworks/FMCoreLite : 303
PrivateFrameworks/FMCoreUI : 530
PrivateFrameworks/FMF : 984
PrivateFrameworks/FMFCore : 24
PrivateFrameworks/FMFUI : 984
PrivateFrameworks/FMIPCore : 24
PrivateFrameworks/FMNetworking : 98
PrivateFrameworks/FTAWD : 242
PrivateFrameworks/FWAVC : 72
PrivateFrameworks/FaceCore : 2142
PrivateFrameworks/FamilyCircle : 696
PrivateFrameworks/FamilyCircleUI : 696
PrivateFrameworks/FamilyControls : 400
PrivateFrameworks/FamilyNotification : 696
PrivateFrameworks/FeatureFlagsSupport : 4389
PrivateFrameworks/FileProvider : 72
PrivateFrameworks/FileProviderDaemon : 36
PrivateFrameworks/FilesActionsUI : 594
PrivateFrameworks/FindMyDevice : 306
PrivateFrameworks/FindMyDeviceUI : 246
PrivateFrameworks/FindMyMac : 324
PrivateFrameworks/FlightUtilities : 656
PrivateFrameworks/FolderActionsKit : 1123
PrivateFrameworks/FontServices : 3252
PrivateFrameworks/FoundInAppsPlugins : 54
PrivateFrameworks/FrontBoardServices : 95
PrivateFrameworks/Futhark : 1423
PrivateFrameworks/GPUInfo : 19
PrivateFrameworks/GPURawCounter : 800
PrivateFrameworks/GPUSupport : 2432
PrivateFrameworks/GPUWrangler : 17
PrivateFrameworks/GameCenterFoundation : 341
PrivateFrameworks/GameCenterUI : 341
PrivateFrameworks/GameCenterUICore : 341
PrivateFrameworks/GameKitServices : 182
PrivateFrameworks/GenerationalStorage : 469
PrivateFrameworks/GeoKit : 369
PrivateFrameworks/GeoServices : 134
PrivateFrameworks/GraphKit : 12288
PrivateFrameworks/GraphVisualizer : 3434
PrivateFrameworks/GraphicsServices : 2976
PrivateFrameworks/HDAInterface : 7
PrivateFrameworks/HDRProcessing : 75
PrivateFrameworks/HID : 76
PrivateFrameworks/HIDAnalytics : 55
PrivateFrameworks/HIDDisplay : 55
PrivateFrameworks/HMFoundation : 70
PrivateFrameworks/HTTPServer : 998
PrivateFrameworks/HearingCore : 150
PrivateFrameworks/HearingUtilities : 150
PrivateFrameworks/HeimODAdmin : 28
PrivateFrameworks/Heimdal : 100
PrivateFrameworks/Helium : 694
PrivateFrameworks/HelloWorldMacHelper : 225
PrivateFrameworks/HelpData : 725
PrivateFrameworks/HomeAI : 303
PrivateFrameworks/HomeKit : 484
PrivateFrameworks/HomeKitBackingStore : 484
PrivateFrameworks/HomeKitDaemon : 484
PrivateFrameworks/IAP : 2700
PrivateFrameworks/IASUtilities : 241
PrivateFrameworks/IDSHashPersistence : 147
PrivateFrameworks/IDSKVStore : 147
PrivateFrameworks/IMAP : 15
PrivateFrameworks/IMAVCore : 8404
PrivateFrameworks/IMAssistantCore : 17
PrivateFrameworks/IMCore : 17
PrivateFrameworks/IMDMessageServices : 17
PrivateFrameworks/IMDPersistence : 17
PrivateFrameworks/IMDaemonCore : 17
PrivateFrameworks/IMFoundation : 242
PrivateFrameworks/IMSharedUI : 464
PrivateFrameworks/IMSharedUtilities : 17
PrivateFrameworks/IMTranscoderAgent : 17
PrivateFrameworks/IMTranscoding : 17
PrivateFrameworks/IMTransferAgent : 17
PrivateFrameworks/IMTransferServices : 242
PrivateFrameworks/IOAccelMemoryInfo : 39
PrivateFrameworks/IOAccelerator : 39
PrivateFrameworks/IOImageLoader : 1940
PrivateFrameworks/IOPlatformPluginFamily : 23
PrivateFrameworks/IOPresentment : 2138
PrivateFrameworks/ISSupport : 10299
PrivateFrameworks/IconServices : 14
PrivateFrameworks/IdleTimerServices : 4992
PrivateFrameworks/IncomingCallFilter : 361
PrivateFrameworks/InertiaCam : 1441
PrivateFrameworks/InputContext : 5711
PrivateFrameworks/InputTranscoder : 743
PrivateFrameworks/Install : 352
PrivateFrameworks/InstallerDiagnostics : 893
PrivateFrameworks/InternationalSupport : 114
PrivateFrameworks/InternationalTextSearch : 2382
PrivateFrameworks/InternetAccounts : 767
PrivateFrameworks/IntlPreferences : 38
PrivateFrameworks/JavaApplicationLauncher : 1259
PrivateFrameworks/JavaLaunching : 1196
PrivateFrameworks/JavaScriptAppleEvents : 2385
PrivateFrameworks/JavaScriptOSA : 2186
PrivateFrameworks/Jet : 2748
PrivateFrameworks/JetEngine : 53
PrivateFrameworks/JetUI : 61
PrivateFrameworks/KerberosHelper : 2346
PrivateFrameworks/KeyboardServices : 16
PrivateFrameworks/KeychainCircle : 114
PrivateFrameworks/KnowledgeMonitor : 15
PrivateFrameworks/LanguageModeling : 384
PrivateFrameworks/Lexicon : 1831
PrivateFrameworks/LibraryRepair : 815
PrivateFrameworks/LimitAdTracking : 180
PrivateFrameworks/LinguisticData : 306
PrivateFrameworks/LinkPresentation : 228
PrivateFrameworks/LocalAuthenticationRecoveryUI : 337
PrivateFrameworks/LocalAuthenticationUI : 337
PrivateFrameworks/LocationSupport : 80
PrivateFrameworks/LockoutUI : 1644
PrivateFrameworks/LoggingSupport : 70
PrivateFrameworks/LoginUIKit : 232
PrivateFrameworks/Lookup : 331
PrivateFrameworks/MDSChannel : 2127
PrivateFrameworks/MFAAuthentication : 137
PrivateFrameworks/MFiAuthentication : 2700
PrivateFrameworks/MLFoundation : 233
PrivateFrameworks/MMCS : 605
PrivateFrameworks/MMCSServices : 17
PrivateFrameworks/MTLCompiler : 45
PrivateFrameworks/MTLSimImplementation : 45
PrivateFrameworks/MachineSettings : 4783
PrivateFrameworks/Mail : 15
PrivateFrameworks/MailCore : 15
PrivateFrameworks/MailService : 15
PrivateFrameworks/MailSupport : 16
PrivateFrameworks/MailUI : 15
PrivateFrameworks/MailWebProcessSupport : 16
PrivateFrameworks/MallocStackLogging : 730
PrivateFrameworks/ManagedClient : 272
PrivateFrameworks/Mangrove : 430
PrivateFrameworks/MapsSuggestions : 65
PrivateFrameworks/MapsSupport : 65
PrivateFrameworks/Marco : 242
PrivateFrameworks/MarkupUI : 176
PrivateFrameworks/MediaControlSender : 44
PrivateFrameworks/MediaExperience : 24
PrivateFrameworks/MediaKit : 3372
PrivateFrameworks/MediaRemote : 38
PrivateFrameworks/MediaServices : 133
PrivateFrameworks/Memories : 26
PrivateFrameworks/MessageProtection : 41
PrivateFrameworks/MessageSecurity : 4141
PrivateFrameworks/MessageUIMacHelper : 29
PrivateFrameworks/MessagesHelperKit : 33
PrivateFrameworks/MessagesKit : 33
PrivateFrameworks/MetadataUtilities : 48
PrivateFrameworks/MetalTools : 45
PrivateFrameworks/MetricKitCore : 398
PrivateFrameworks/MetricKitServices : 398
PrivateFrameworks/MetricKitSource : 398
PrivateFrameworks/MetricMeasurement : 398
PrivateFrameworks/MiniSoftwareUpdate : 1279
PrivateFrameworks/MobileAccessoryUpdater : 154
PrivateFrameworks/MobileActivationMacOS : 30
PrivateFrameworks/MobileAsset : 378
PrivateFrameworks/MobileAssetUpdater : 221
PrivateFrameworks/MobileBluetooth : 135
PrivateFrameworks/MobileDevice : 91
PrivateFrameworks/MobileIcons : 14
PrivateFrameworks/MobileKeyBag : 195
PrivateFrameworks/MonitorPanel : 378
PrivateFrameworks/Montreal : 3163
PrivateFrameworks/MultitouchSupport : 148
PrivateFrameworks/MultiverseSupport : 545
PrivateFrameworks/MusicLibrary : 111
PrivateFrameworks/NLP : 1950
PrivateFrameworks/Navigation : 134
PrivateFrameworks/NearField : 162
PrivateFrameworks/NetAppsUtilities : 2998
PrivateFrameworks/NetAuth : 801
PrivateFrameworks/NetFSServer : 322
PrivateFrameworks/Netrb : 274
PrivateFrameworks/Network : 18
PrivateFrameworks/NetworkServiceProxy : 2466
PrivateFrameworks/NetworkStatistics : 4462
PrivateFrameworks/Notes : 42
PrivateFrameworks/NotesShared : 42
PrivateFrameworks/NotesUI : 42
PrivateFrameworks/Noticeboard : 2066
PrivateFrameworks/NotificationCenterUI : 17
PrivateFrameworks/OAuth : 16894
PrivateFrameworks/OSAServicesClient : 755
PrivateFrameworks/OSASubmissionClient : 797
PrivateFrameworks/OSASyncProxyClient : 797
PrivateFrameworks/OSAnalytics : 755
PrivateFrameworks/OSAnalyticsPrivate : 797
PrivateFrameworks/OSD : 1933
PrivateFrameworks/OSInstaller : 31
PrivateFrameworks/OSPersonalization : 891
PrivateFrameworks/OSUpdate : 38
PrivateFrameworks/OTSVG : 121
PrivateFrameworks/OfficeImport : 973
PrivateFrameworks/OnBoardingKit : 37
PrivateFrameworks/OpenDirectoryConfig : 13202
PrivateFrameworks/OpenDirectoryConfigUI : 1249
PrivateFrameworks/Osprey : 195
PrivateFrameworks/PASampling : 234
PrivateFrameworks/PDFKit : 42
PrivateFrameworks/PIP : 461
PrivateFrameworks/PSNormalizer : 614
PrivateFrameworks/PackageKit : 18
PrivateFrameworks/PacketFilter : 811
PrivateFrameworks/ParsecModel : 66
PrivateFrameworks/ParsecSubscriptionServiceSupport : 66
PrivateFrameworks/ParsecUI : 37
PrivateFrameworks/PassKit : 107
PrivateFrameworks/PassKitCore : 115
PrivateFrameworks/PassKitUI : 11
PrivateFrameworks/PassKitUIFoundation : 60
PrivateFrameworks/PasswordServer : 7446
PrivateFrameworks/PencilKit : 690
PrivateFrameworks/PeopleSuggester : 18
PrivateFrameworks/PerformanceAnalysis : 234
PrivateFrameworks/PersistentConnection : 424
PrivateFrameworks/PersonaKit : 2993
PrivateFrameworks/PersonaUI : 2993
PrivateFrameworks/PersonalizationPortrait : 54
PrivateFrameworks/PersonalizationPortraitInternals : 54
PrivateFrameworks/PhoneNumbers : 37
PrivateFrameworks/PhotoPrintProduct : 636
PrivateFrameworks/PhysicsKit : 2538
PrivateFrameworks/PlugInKit : 179
PrivateFrameworks/PowerLog : 40
PrivateFrameworks/PowerlogControl : 40
PrivateFrameworks/PowerlogCore : 40
PrivateFrameworks/PowerlogDatabaseReader : 40
PrivateFrameworks/PowerlogLiteOperators : 32
PrivateFrameworks/PreferencePanesSupport : 272
PrivateFrameworks/PrintKit : 2460
PrivateFrameworks/PrintingPrivate : 459
PrivateFrameworks/PrivateFederatedLearning : 147
PrivateFrameworks/ProVideo : 828
PrivateFrameworks/ProactiveEventTracker : 77
PrivateFrameworks/ProactiveExperiments : 38
PrivateFrameworks/ProactiveExperimentsInternals : 38
PrivateFrameworks/ProactiveML : 38
PrivateFrameworks/ProactiveSupport : 77
PrivateFrameworks/ProactiveSupportStubs : 77
PrivateFrameworks/ProofReader : 619
PrivateFrameworks/ProtectedCloudStorage : 351
PrivateFrameworks/ProtocolBuffer : 857
PrivateFrameworks/PrototypeTools : 4138
PrivateFrameworks/QLCharts : 973
PrivateFrameworks/Quagga : 1048
PrivateFrameworks/QuickLookIosmac : 87
PrivateFrameworks/QuickLookNonBaseSystem : 88
PrivateFrameworks/QuickLookSupport : 114
PrivateFrameworks/QuickLookThumbnailing : 114
PrivateFrameworks/QuickLookUIIosmac : 87
PrivateFrameworks/RTCReporting : 298
PrivateFrameworks/RTTUI : 150
PrivateFrameworks/RTTUtilities : 150
PrivateFrameworks/Rapport : 332
PrivateFrameworks/RapportUI : 342
PrivateFrameworks/ReminderKit : 54
PrivateFrameworks/ReminderKitUI : 54
PrivateFrameworks/ReminderMigration : 147
PrivateFrameworks/RemoteConfiguration : 2888
PrivateFrameworks/RemoteCoreML : 5166
PrivateFrameworks/RemoteManagement : 1309
PrivateFrameworks/RemoteServiceDiscovery : 9
PrivateFrameworks/RemoteTextInput : 2401
PrivateFrameworks/RemoteViewServices : 527
PrivateFrameworks/RemoteXPC : 9
PrivateFrameworks/RenderBox : 1132
PrivateFrameworks/ReplayKitMacHelper : 26
PrivateFrameworks/ResponseKit : 1725
PrivateFrameworks/Restore : 305
PrivateFrameworks/Reveal : 690
PrivateFrameworks/RevealCore : 690
PrivateFrameworks/RunningBoard : 55
PrivateFrameworks/RunningBoardServices : 55
PrivateFrameworks/SAObjects : 134
PrivateFrameworks/SCEP : 1234
PrivateFrameworks/SDAPI : 4068
PrivateFrameworks/SMBClient : 99
PrivateFrameworks/SMBClientEngine : 169
PrivateFrameworks/SPFinder : 101
PrivateFrameworks/SPOwner : 101
PrivateFrameworks/SPShared : 98
PrivateFrameworks/SPSupport : 790
PrivateFrameworks/Safari : 9
PrivateFrameworks/SafariPlatformSupport : 9
PrivateFrameworks/SafariSafeBrowsing : 8
PrivateFrameworks/SafeEjectGPU : 95
PrivateFrameworks/SampleAnalysis : 234
PrivateFrameworks/ScreenSharing : 551
PrivateFrameworks/ScreenTimeCore : 42
PrivateFrameworks/ScreenTimeServiceUI : 41
PrivateFrameworks/ScreenTimeUI : 41
PrivateFrameworks/SearchAds : 180
PrivateFrameworks/SearchFoundation : 66
PrivateFrameworks/SearchUI : 331
PrivateFrameworks/SearchUICardKitProviderSupport : 472
PrivateFrameworks/SecCodeWrapper : 76
PrivateFrameworks/SecureChannel : 1165
PrivateFrameworks/SecurityTokend : 3093
PrivateFrameworks/Seeding : 707
PrivateFrameworks/SemanticDocumentManagement : 2008
PrivateFrameworks/SensingProtocols : 5170
PrivateFrameworks/SensorKit : 76
PrivateFrameworks/Sentry : 1179
PrivateFrameworks/ServerCompatibility : 2413
PrivateFrameworks/ServerInformation : 590
PrivateFrameworks/SetupAssistantFramework : 23
PrivateFrameworks/SetupAssistantSupport : 1319
PrivateFrameworks/ShareKit : 104
PrivateFrameworks/ShareSheet : 34
PrivateFrameworks/SharedWebCredentials : 475
PrivateFrameworks/Sharing : 77
PrivateFrameworks/SharingXPCServices : 66
PrivateFrameworks/Shortcut : 840
PrivateFrameworks/SidecarCore : 411
PrivateFrameworks/SidecarUI : 411
PrivateFrameworks/SignpostCollection : 264
PrivateFrameworks/SignpostMetrics : 264
PrivateFrameworks/SignpostNotification : 69
PrivateFrameworks/SignpostSupport : 264
PrivateFrameworks/SiriClientFlow : 86
PrivateFrameworks/SiriFoundation : 33
PrivateFrameworks/SiriInstrumentation : 114
PrivateFrameworks/SiriTTS : 40
PrivateFrameworks/SiriTasks : 43
PrivateFrameworks/SiriUI : 38
PrivateFrameworks/SkyLight : 6
PrivateFrameworks/Slideshows : 687
PrivateFrameworks/SocialAppsCore : 33
PrivateFrameworks/SocialUI : 33
PrivateFrameworks/SoftwareUpdate : 38
PrivateFrameworks/SpeechDictionary : 1963
PrivateFrameworks/SpeechObjects : 221
PrivateFrameworks/SpeechRecognitionCommandServices : 1262
PrivateFrameworks/SpeechRecognitionCore : 418
PrivateFrameworks/Spotlight : 37
PrivateFrameworks/SpotlightDaemon : 23
PrivateFrameworks/SpotlightIndex : 34
PrivateFrameworks/SpotlightReceiver : 23
PrivateFrameworks/SpotlightServerKit : 34
PrivateFrameworks/SpotlightServices : 37
PrivateFrameworks/StatsKit : 6423
PrivateFrameworks/StorageKit : 796
PrivateFrameworks/StorageManagement : 140
PrivateFrameworks/StoreFoundation : 44
PrivateFrameworks/StoreJavaScript : 44
PrivateFrameworks/StoreServices : 259
PrivateFrameworks/StoreUI : 44
PrivateFrameworks/StreamingZip : 966
PrivateFrameworks/Suggestions : 490
PrivateFrameworks/SuggestionsSpotlightMetrics : 38
PrivateFrameworks/Symbolication : 730
PrivateFrameworks/SymptomDiagnosticReporter : 112
PrivateFrameworks/SymptomReporter : 112
PrivateFrameworks/Symptoms : 112
PrivateFrameworks/SyncServicesUI : 8367
PrivateFrameworks/SyncedDefaults : 831
PrivateFrameworks/SystemAdministration : 93
PrivateFrameworks/SystemAdministrationInterface : 652
PrivateFrameworks/SystemDesktopAppearance : 352
PrivateFrameworks/SystemMigration : 45
PrivateFrameworks/SystemMigrationNetworking : 45
PrivateFrameworks/SystemMigrationUtils : 45
PrivateFrameworks/SystemPolicy : 18
PrivateFrameworks/SystemUIPlugin : 4794
PrivateFrameworks/TCC : 252
PrivateFrameworks/TTYUtilities : 3065
PrivateFrameworks/TVRemoteCore : 104
PrivateFrameworks/TelephonyUtilities : 50
PrivateFrameworks/TemplateKit : 331
PrivateFrameworks/TextInput : 57
PrivateFrameworks/TextInputCore : 57
PrivateFrameworks/TextInputMenuUI : 141
PrivateFrameworks/TextRecognition : 731
PrivateFrameworks/TextToSpeech : 77
PrivateFrameworks/TextureIO : 4111
PrivateFrameworks/TimeMachine : 290
PrivateFrameworks/TimeSync : 260
PrivateFrameworks/ToneKit : 644
PrivateFrameworks/ToneLibrary : 644
PrivateFrameworks/Tourist : 187
PrivateFrameworks/Transparency : 70
PrivateFrameworks/TransparencyDetailsViewMac : 180
PrivateFrameworks/TrustEvaluationAgent : 2721
PrivateFrameworks/TrustedPeers : 114
PrivateFrameworks/TuriCore : 407
PrivateFrameworks/UAUPlugin : 486
PrivateFrameworks/UIFoundation : 977
PrivateFrameworks/UIKitSystemAppServices : 225
PrivateFrameworks/UIRecording : 446
PrivateFrameworks/URLFormatting : 228
PrivateFrameworks/USDKit : 2087
PrivateFrameworks/Uninstall : 3793
PrivateFrameworks/UniversalAccess : 18
PrivateFrameworks/UsageTracking : 89
PrivateFrameworks/UserActivity : 728
PrivateFrameworks/UserManagement : 259
PrivateFrameworks/VCXMPP : 11269
PrivateFrameworks/VectorKit : 163
PrivateFrameworks/VideoConference : 962
PrivateFrameworks/VideoProcessing : 1342
PrivateFrameworks/ViewBridge : 160
PrivateFrameworks/VisionKit : 842
PrivateFrameworks/VisualPairing : 3751
PrivateFrameworks/VisualTestKit : 652
PrivateFrameworks/VoiceShortcutClient : 84
PrivateFrameworks/VoiceShortcuts : 84
PrivateFrameworks/VoiceTrigger : 1374
PrivateFrameworks/WPDaemon : 3175
PrivateFrameworks/WatchdogClient : 100
PrivateFrameworks/WeatherFoundation : 1188
PrivateFrameworks/WeatherKit : 267
PrivateFrameworks/WebContentAnalysis : 55
PrivateFrameworks/WebDriver : 9
PrivateFrameworks/WebFilterDNS : 55
PrivateFrameworks/WiFiCloudSyncEngine : 79
PrivateFrameworks/WiFiPeerToPeer : 1714
PrivateFrameworks/WiFiPolicy : 163
PrivateFrameworks/WiFiVelocity : 234
PrivateFrameworks/WirelessCoexManager : 31
PrivateFrameworks/WirelessDiagnostics : 4359
PrivateFrameworks/WirelessProximity : 3175
PrivateFrameworks/WorkflowKit : 84
PrivateFrameworks/XARTRecovery : 1195
PrivateFrameworks/XCTAutomationSupport : 153
PrivateFrameworks/XCTTargetBootstrap : 153
PrivateFrameworks/XPCService : 9007
PrivateFrameworks/XQuery : 3997
PrivateFrameworks/XprotectFramework : 101
PrivateFrameworks/acfs : 1279
PrivateFrameworks/caulk : 1459
PrivateFrameworks/iAdCore : 158
PrivateFrameworks/iAdServices : 158
PrivateFrameworks/iCalendar : 253
PrivateFrameworks/iLifeMediaBrowser : 32
PrivateFrameworks/iPod : 4780
PrivateFrameworks/iPodSync : 1164
PrivateFrameworks/iPodUpdater : 1065
PrivateFrameworks/iWorkXPC : 1296
PrivateFrameworks/kperf : 861
PrivateFrameworks/kperfdata : 861
PrivateFrameworks/ktrace : 1010
PrivateFrameworks/login : 1182
PrivateFrameworks/nt : 116
PrivateFrameworks/oncrpc : 1341
PrivateFrameworks/perfdata : 632
PrivateFrameworks/vCard : 50
PrivateFrameworks/yara : 137
CoreServices/AddressBookUrlForwarder : 2421.3
CoreServices/AirPlayUIAgent : 415.3
CoreServices/Bluetooth Setup Assistant : 7.0.2f4
CoreServices/BluetoothUIServer : 7.0.2f4
CoreServices/CoreLocationAgent : 2389.0.8
CoreServices/Dock : 2044.6.1
CoreServices/Finder : 1298.2.9
CoreServices/Install in Progress : 978.1
CoreServices/Keychain Circle Notification : 59306.60.56
CoreServices/NotificationCenter : 845.20.1
CoreServices/OBEXAgent : 7.0.2f4
CoreServices/Setup Assistant : 2503
CoreServices/Siri : 200.2.3
CoreServices/Spotlight : 2075.3
CoreServices/UniversalAccessControl : 487.0.2
CoreServices/VoiceOver : 708.3
Frameworks/AVKit : 115
Frameworks/BusinessChat : 391
Frameworks/ContactsUI : 37
Frameworks/CoreAudioKit : 534
Frameworks/CoreNFC : 81
Frameworks/EventKitUI : 35
Frameworks/GameController : 42
Frameworks/GameKit : 359
Frameworks/GameplayKit : 604
Frameworks/HealthKit : 126
Frameworks/HealthKitUI : 126
Frameworks/IdentityLookupUI : 19
Frameworks/IntentsUI : 33
Frameworks/LinkPresentation : 87
Frameworks/MapKit : 33
Frameworks/MediaPlayer : 23
Frameworks/MessageUI : 29
Frameworks/MetalKit : 112
Frameworks/MobileCoreServices : 192
Frameworks/MultipeerConnectivity : 959
Frameworks/PDFKit : 26
Frameworks/PassKit : 51
Frameworks/PencilKit : 314
Frameworks/QuickLook : 92
Frameworks/RealityKit : 33
Frameworks/ReplayKit : 26
Frameworks/SafariServices : 8
Frameworks/SceneKit : 27
Frameworks/Social : 77
Frameworks/SpriteKit : 45
Frameworks/StoreKit : 19
Frameworks/SwiftUI : 19
Frameworks/VisionKit : 620
Frameworks/WatchConnectivity : 390
Frameworks/WebKit : 10
Frameworks/iAd : 158
PrivateFrameworks/AVKitMacHelper : 115
PrivateFrameworks/ActionKit : 19
PrivateFrameworks/ActionKitUI : 20
PrivateFrameworks/ActivityRingsUI : 671
PrivateFrameworks/AddressBookLegacy : 110
PrivateFrameworks/AnnotationKit : 172
PrivateFrameworks/AppAnalytics : 591
PrivateFrameworks/AppSupportUI : 817
PrivateFrameworks/AppleMediaServicesUI : 33
PrivateFrameworks/BaseBoardUI : 224
PrivateFrameworks/CalendarUIKit : 45
PrivateFrameworks/ClassroomKit : 389
PrivateFrameworks/ContactsAutocompleteUI : 131
PrivateFrameworks/ContentKit : 19
PrivateFrameworks/CorePDF : 230
PrivateFrameworks/CoreRecognition : 279
PrivateFrameworks/CoreSuggestionsUI : 34
PrivateFrameworks/DataDetectorsUI : 387
PrivateFrameworks/DocumentManager : 23
PrivateFrameworks/DocumentManagerCore : 23
PrivateFrameworks/EmojiKit : 236
PrivateFrameworks/FMCoreUI : 252
PrivateFrameworks/FMNetworking : 51
PrivateFrameworks/FrontBoard : 97
PrivateFrameworks/GameCenterUI : 192
PrivateFrameworks/Home : 85
PrivateFrameworks/HomeKit : 71
PrivateFrameworks/HomeUI : 85
PrivateFrameworks/IMAssistantCore : 17
PrivateFrameworks/IMCore : 17
PrivateFrameworks/IMDPersistence : 17
PrivateFrameworks/IMSharedUtilities : 17
PrivateFrameworks/IMTranscoding : 17
PrivateFrameworks/IntlPreferences : 17
PrivateFrameworks/Jet : 673
PrivateFrameworks/ManagedConfiguration : 59
PrivateFrameworks/MarkupUI : 172
PrivateFrameworks/MediaPlaybackCore : 23
PrivateFrameworks/MobileTimer : 1236
PrivateFrameworks/MobileTimerUI : 1236
PrivateFrameworks/NanoRegistry : 371
PrivateFrameworks/NetAppsUtilitiesUI : 2998
PrivateFrameworks/NewsAnalytics : 11
PrivateFrameworks/NewsArticles : 11
PrivateFrameworks/NewsFeed : 11
PrivateFrameworks/NewsSubscription : 11
PrivateFrameworks/NewsUI2 : 11
PrivateFrameworks/PassKitUIFoundation : 24
PrivateFrameworks/PencilKit : 314
PrivateFrameworks/PersonaUI : 1010
PrivateFrameworks/RapportUI : 243
PrivateFrameworks/SPShared : 51
PrivateFrameworks/SilexWeb : 11
PrivateFrameworks/SocialServices : 57
PrivateFrameworks/Stocks : 3837
PrivateFrameworks/TSReading : 2098
PrivateFrameworks/TSUtility : 2098
PrivateFrameworks/TeaActivities : 9
PrivateFrameworks/TeaCharts : 9
PrivateFrameworks/TeaDB : 9
PrivateFrameworks/TeaFoundation : 9
PrivateFrameworks/TeaSettings : 9
PrivateFrameworks/TeaTemplate : 9
PrivateFrameworks/TeaUI : 9
PrivateFrameworks/TeaUIKit : 9
PrivateFrameworks/TelephonyUI : 19
PrivateFrameworks/TransparencyDetailsView : 180
PrivateFrameworks/UserNotificationsExtensionPoint : 105
PrivateFrameworks/VisualPairing : 1741
PrivateFrameworks/VoiceMemos : 178
PrivateFrameworks/VoiceShortcutClient : 19
PrivateFrameworks/VoiceShortcuts : 19
PrivateFrameworks/VoiceShortcutsUI : 20
PrivateFrameworks/Weather : 4813
PrivateFrameworks/WeatherFoundation : 185
PrivateFrameworks/WebCore : 10
PrivateFrameworks/WebKitLegacy : 9
PrivateFrameworks/WebUI : 9
PrivateFrameworks/WorkflowKit : 19
PrivateFrameworks/WorkflowUI : 20
