Applications/Blocs : 342
Applications/Bootstrap Studio : 4
Applications/Flume : 13
Applications/GitHub Desktop : 2.2.3
Applications/Google Chrome Canary : 3963.0
Applications/Google Chrome : 3904.87
Applications/Image2Icon : 837
Applications/MacForge : 2349
Applications/MiniPlay : 159
Applications/RunCat : 6.1.0
Applications/Safari Technology Preview : 15609.1.7
Applications/Safari : 15608.4.4.1
Applications/Todeska : 1.2
Applications/Xcode : 15526
Applications/App Store : 1004.5.9
Applications/Automator : 492
Applications/Books : 1875
Applications/Calendar : 2760.3.1
Applications/Contacts : 2421.2
Applications/Home : 367.3.2
Applications/Mail : 3608.2
Applications/Maps : 2439.22.10.8.12
Applications/Music : 1.0.2
Applications/News : 2368
Applications/Notes : 1104
Applications/Photo Booth : 1116
Applications/Photos : 121.16.170
Applications/Podcasts : 1425.3
Applications/Preview : 999.2
Applications/Reminders : 2053
Applications/Stocks : 471
Applications/TV : 1.0.2
Utilities/Activity Monitor : 1076
Utilities/Bluetooth File Exchange : 7.0.2d1
Utilities/Boot Camp Assistant : 6170.60.5
Utilities/VoiceOver Utility : 708
Frameworks/AGL : 3080
Frameworks/AVFoundation : 21
Frameworks/AVKit : 65
Frameworks/Accelerate : 200
Frameworks/Accounts : 587
Frameworks/AdSupport : 1162
Frameworks/AppKit : 42
Frameworks/AppleScriptKit : 2748
Frameworks/AppleScriptObjC : 4120
Frameworks/ApplicationServices : 2188
Frameworks/AudioToolbox : 9
Frameworks/AudioUnit : 7
Frameworks/AudioVideoBridging : 450
Frameworks/Automator : 122
Frameworks/BackgroundTasks : 88
Frameworks/BusinessChat : 809
Frameworks/CFNetwork : 811
Frameworks/CalendarStore : 206
Frameworks/CallKit : 17
Frameworks/Carbon : 3517
Frameworks/CloudKit : 34
Frameworks/Cocoa : 10582
Frameworks/Collaboration : 3559
Frameworks/ColorSync : 750
Frameworks/Combine : 209
Frameworks/Contacts : 72
Frameworks/ContactsUI : 90
Frameworks/CoreAudio : 53
Frameworks/CoreAudioKit : 662
Frameworks/CoreAudioTypes : 9
Frameworks/CoreBluetooth : 112
Frameworks/CoreData : 238
Frameworks/CoreFoundation : 153
Frameworks/CoreGraphics : 183
Frameworks/CoreHaptics : 20
Frameworks/CoreImage : 7
Frameworks/CoreLocation : 334
Frameworks/CoreMIDI : 548
Frameworks/CoreMIDIServer : 548
Frameworks/CoreML : 34
Frameworks/CoreMedia : 17
Frameworks/CoreMediaIO : 14
Frameworks/CoreMotion : 334
Frameworks/CoreServices : 135
Frameworks/CoreSpotlight : 17
Frameworks/CoreTelephony : 20
Frameworks/CoreText : 135
Frameworks/CoreVideo : 1742
Frameworks/CoreWLAN : 56
Frameworks/CryptoKit : 186
Frameworks/CryptoTokenKit : 38
Frameworks/DVDPlayback : 616
Frameworks/DeviceCheck : 6579
Frameworks/DirectoryService : 248
Frameworks/DiscRecording : 688
Frameworks/DiscRecordingUI : 688
Frameworks/DiskArbitration : 358
Frameworks/DriverKit : 254
Frameworks/EventKit : 108
Frameworks/ExceptionHandling : 4345
Frameworks/ExecutionPolicy : 10
Frameworks/ExternalAccessory : 450
Frameworks/FWAUserLib : 556
Frameworks/FileProvider : 25
Frameworks/FileProviderUI : 477
Frameworks/ForceFeedback : 3174
Frameworks/Foundation : 158
Frameworks/GLKit : 5
Frameworks/GLUT : 78
Frameworks/GSS : 685
Frameworks/GameController : 37
Frameworks/GameKit : 311
Frameworks/GameplayKit : 1972
Frameworks/Hypervisor : 1212
Frameworks/ICADevices : 29
Frameworks/IMServicePlugIn : 23
Frameworks/IOBluetooth : 71
Frameworks/IOKit : 182
Frameworks/IOSurface : 1454
Frameworks/IOUSBHost : 32
Frameworks/IdentityLookup : 17
Frameworks/ImageCaptureCore : 29
Frameworks/ImageIO : 182
Frameworks/InputMethodKit : 169
Frameworks/InstallerPlugins : 205
Frameworks/InstantMessage : 10314
Frameworks/Intents : 31
Frameworks/JavaFrameEmbedding : 1203
Frameworks/JavaVM : 1210
Frameworks/Kerberos : 749
Frameworks/Kernel : 31
Frameworks/LDAP : 38
Frameworks/LatentSemanticMapping : 2318
Frameworks/LinkPresentation : 133
Frameworks/LocalAuthentication : 266
Frameworks/MapKit : 9
Frameworks/MediaAccessibility : 2047
Frameworks/MediaToolbox : 17
Frameworks/Message : 11992
Frameworks/Metal : 22
Frameworks/MetalKit : 100
Frameworks/MetalPerformanceShaders : 10
Frameworks/MetricKit : 270
Frameworks/ModelIO : 533
Frameworks/MultipeerConnectivity : 2038
Frameworks/NaturalLanguage : 1971
Frameworks/NetFS : 286
Frameworks/Network : 74
Frameworks/NetworkExtension : 12
Frameworks/NetworkingDriverKit : 518
Frameworks/NotificationCenter : 70
Frameworks/OSAKit : 4729
Frameworks/OSLog : 255
Frameworks/OpenAL : 667
Frameworks/OpenCL : 743
Frameworks/OpenDirectory : 248
Frameworks/OpenGL : 2307
Frameworks/PCSC : 10
Frameworks/PDFKit : 86
Frameworks/PencilKit : 526
Frameworks/Photos : 29
Frameworks/PhotosUI : 36
Frameworks/PreferencePanes : 424
Frameworks/PushKit : 1149
Frameworks/Python : 767
Frameworks/QTKit : 572
Frameworks/Quartz : 7437
Frameworks/QuartzCore : 47
Frameworks/QuickLookThumbnailing : 24
Frameworks/RealityKit : 13
Frameworks/Ruby : 712
Frameworks/SceneKit : 73
Frameworks/ScreenSaver : 84
Frameworks/ScriptingBridge : 1885
Frameworks/Security : 44
Frameworks/SecurityFoundation : 185
Frameworks/SecurityInterface : 557
Frameworks/SensorKit : 26
Frameworks/ServiceManagement : 317
Frameworks/Social : 115
Frameworks/SoundAnalysis : 1697
Frameworks/Speech : 190
Frameworks/StoreKit : 496
Frameworks/SwiftUI : 25
Frameworks/SyncServices : 8309
Frameworks/System : 72991
Frameworks/SystemConfiguration : 1359
Frameworks/SystemExtensions : 75
Frameworks/TWAIN : 314
Frameworks/Tcl : 981
Frameworks/Tk : 981
Frameworks/USBDriverKit : 32
Frameworks/VideoDecodeAcceleration : 4475
Frameworks/VideoSubscriberAccount : 71
Frameworks/VideoToolbox : 17
Frameworks/Vision : 1289
Frameworks/iTunesLibrary : 37
Frameworks/vecLib : 200
Frameworks/vmnet : 234
PrivateFrameworks/ACDEClient : 7616
PrivateFrameworks/AMPDevices : 44
PrivateFrameworks/AMPLibrary : 42
PrivateFrameworks/AMPSharing : 25
PrivateFrameworks/AOSAccounts : 48
PrivateFrameworks/AOSAccountsLite : 48
PrivateFrameworks/AOSKit : 129
PrivateFrameworks/AOSMigrate : 12912
PrivateFrameworks/AOSUI : 92
PrivateFrameworks/APFS : 51
PrivateFrameworks/AVConference : 110
PrivateFrameworks/AVFoundationCF : 157
PrivateFrameworks/AXCoreUtilities : 36
PrivateFrameworks/AXHearingCoreSupport : 2992
PrivateFrameworks/AXHearingSupport : 2992
PrivateFrameworks/AXMediaUtilities : 380
PrivateFrameworks/AXRuntime : 36
PrivateFrameworks/AccessibilityBundles : 93
PrivateFrameworks/AccessibilityPerformance : 83
PrivateFrameworks/AccessibilityPlatformTranslation : 21
PrivateFrameworks/AccessibilitySharedSupport : 21
PrivateFrameworks/AccessibilitySupport : 83
PrivateFrameworks/AccessoryNowPlaying : 49
PrivateFrameworks/AccountPolicy : 2457
PrivateFrameworks/AccountsDaemon : 587
PrivateFrameworks/AccountsUI : 318
PrivateFrameworks/ActionKit : 32
PrivateFrameworks/AdAnalytics : 80
PrivateFrameworks/AdCore : 116
PrivateFrameworks/AdID : 116
PrivateFrameworks/AdPlatforms : 116
PrivateFrameworks/AdPlatformsInternal : 116
PrivateFrameworks/AddressBookAutocomplete : 90
PrivateFrameworks/Admin : 72
PrivateFrameworks/AggregateDictionary : 2348
PrivateFrameworks/AggregateDictionaryHistory : 2348
PrivateFrameworks/AirPlayReceiver : 46
PrivateFrameworks/AirPlaySender : 46
PrivateFrameworks/AirTrafficHost : 37
PrivateFrameworks/AmbientDisplay : 10
PrivateFrameworks/AnnotationKit : 61
PrivateFrameworks/AppContainer : 36
PrivateFrameworks/AppSSO : 191
PrivateFrameworks/AppSSOCore : 191
PrivateFrameworks/AppSSOKerberos : 191
PrivateFrameworks/AppSSOUI : 191
PrivateFrameworks/AppSandbox : 36
PrivateFrameworks/AppServerSupport : 319
PrivateFrameworks/AppStoreDaemon : 30
PrivateFrameworks/AppStoreFoundation : 30
PrivateFrameworks/AppStoreUI : 11
PrivateFrameworks/AppSupport : 3673
PrivateFrameworks/AppSupportUI : 2752
PrivateFrameworks/Apple80211 : 76
PrivateFrameworks/AppleAccount : 432
PrivateFrameworks/AppleAppSupport : 7437
PrivateFrameworks/AppleFSCompression : 11051
PrivateFrameworks/AppleGVA : 11
PrivateFrameworks/AppleGVACore : 11
PrivateFrameworks/AppleIDAuthSupport : 533
PrivateFrameworks/AppleIDSSOAuthentication : 545
PrivateFrameworks/AppleJPEG : 672
PrivateFrameworks/AppleLDAP : 4696
PrivateFrameworks/AppleMediaServices : 41
PrivateFrameworks/AppleMediaServicesUI : 54
PrivateFrameworks/ApplePushService : 27
PrivateFrameworks/AppleSRP : 8481
PrivateFrameworks/AppleSauce : 3359
PrivateFrameworks/AppleScript : 361
PrivateFrameworks/AppleShareClientCore : 2106
PrivateFrameworks/AppleSystemInfo : 317
PrivateFrameworks/AppleVA : 1710
PrivateFrameworks/AppleVPA : 124
PrivateFrameworks/AskPermission : 10
PrivateFrameworks/AssertionServices : 34
PrivateFrameworks/AssetCacheServices : 104
PrivateFrameworks/AssetCacheServicesExtensions : 104
PrivateFrameworks/AssetsLibraryServices : 29
PrivateFrameworks/AssistantServices : 36
PrivateFrameworks/AssistiveControlSupport : 178
PrivateFrameworks/AttributeGraph : 1341
PrivateFrameworks/AudioDSPManager : 545
PrivateFrameworks/AudioHistory : 545
PrivateFrameworks/AudioPasscode : 2213
PrivateFrameworks/AudioResourceArbitration : 561
PrivateFrameworks/AudioServerApplication : 2609
PrivateFrameworks/AudioServerDriver : 2609
PrivateFrameworks/AudioSession : 591
PrivateFrameworks/AudioToolboxCore : 9
PrivateFrameworks/AuthKit : 437
PrivateFrameworks/AuthKitUI : 427
PrivateFrameworks/AutoBugCaptureCore : 673
PrivateFrameworks/AutoLoop : 2301
PrivateFrameworks/BackBoardServices : 344
PrivateFrameworks/BackgroundTaskManagement : 15
PrivateFrameworks/Backup : 21
PrivateFrameworks/BaseBoard : 194
PrivateFrameworks/BatteryUIKit : 3898
PrivateFrameworks/BehaviorMiner : 307
PrivateFrameworks/BezelServices : 640
PrivateFrameworks/BioKitAggD : 7799
PrivateFrameworks/BiometricKit : 416
PrivateFrameworks/BiometricKitUI : 4
PrivateFrameworks/BiometricSupport : 324
PrivateFrameworks/BluetoothAudio : 64
PrivateFrameworks/BluetoothManager : 112
PrivateFrameworks/BoardServices : 194
PrivateFrameworks/Bom : 45
PrivateFrameworks/BookCoverUtility : 16
PrivateFrameworks/BookKit : 16
PrivateFrameworks/BookKitFoundation : 16
PrivateFrameworks/BookUtility : 16
PrivateFrameworks/BridgeOSInstall : 418
PrivateFrameworks/BridgeOSInstallReporting : 418
PrivateFrameworks/BridgeOSObliteration : 967
PrivateFrameworks/BridgeOSSoftwareUpdate : 1958
PrivateFrameworks/BridgeXPC : 1531
PrivateFrameworks/BulkSymbolication : 109
PrivateFrameworks/ByteRangeLocking : 2057
PrivateFrameworks/C2 : 497
PrivateFrameworks/CDDataAccess : 16
PrivateFrameworks/CDDataAccessExpress : 16
PrivateFrameworks/CPAnalytics : 29
PrivateFrameworks/CPMLBestShim : 5463
PrivateFrameworks/CSCSupport : 37
PrivateFrameworks/CacheDelete : 307
PrivateFrameworks/CalDAV : 196
PrivateFrameworks/Calculate : 509
PrivateFrameworks/CalendarAgent : 108
PrivateFrameworks/CalendarAgentLink : 194
PrivateFrameworks/CalendarDraw : 207
PrivateFrameworks/CalendarFoundation : 370
PrivateFrameworks/CalendarNotification : 81
PrivateFrameworks/CalendarPersistence : 199
PrivateFrameworks/CalendarUI : 132
PrivateFrameworks/CalendarUIKit : 71
PrivateFrameworks/CameraImagingFramework : 4321
PrivateFrameworks/CaptiveNetwork : 190
PrivateFrameworks/CardKit : 517
PrivateFrameworks/CardServices : 517
PrivateFrameworks/Cards : 517
PrivateFrameworks/Catalyst : 3171
PrivateFrameworks/Categories : 593
PrivateFrameworks/CharacterPicker : 106
PrivateFrameworks/ChunkingLibrary : 3228
PrivateFrameworks/ClassKit : 66
PrivateFrameworks/ClassroomKit : 349
PrivateFrameworks/ClockMenuExtraPreferences : 628
PrivateFrameworks/CloudDocs : 68
PrivateFrameworks/CloudDocsDaemon : 41
PrivateFrameworks/CloudFamilyRestrictions : 884
PrivateFrameworks/CloudFamilyRestrictionsDaemon : 884
PrivateFrameworks/CloudKitCode : 32
PrivateFrameworks/CloudKitCodeProtobuf : 32
PrivateFrameworks/CloudKitDaemon : 26
PrivateFrameworks/CloudPhotoLibrary : 29
PrivateFrameworks/CloudPhotoServices : 29
PrivateFrameworks/CloudPhotoServicesConfiguration : 29
PrivateFrameworks/CloudServices : 127
PrivateFrameworks/Coherence : 4806
PrivateFrameworks/CombineCocoa : 209
PrivateFrameworks/CommerceKit : 11
PrivateFrameworks/CommonAuth : 685
PrivateFrameworks/CommonCandidateWindow : 10426
PrivateFrameworks/CommonUtilities : 2779
PrivateFrameworks/CommunicationsFilter : 262
PrivateFrameworks/ConditionInducer : 2298
PrivateFrameworks/ConfigProfileHelper : 249
PrivateFrameworks/ConfigurationEngineModel : 188
PrivateFrameworks/ConfigurationProfiles : 249
PrivateFrameworks/ConsoleKit : 227
PrivateFrameworks/ConstantClasses : 1930
PrivateFrameworks/ContactsAgent : 913
PrivateFrameworks/ContactsAssistantServices : 490
PrivateFrameworks/ContactsAutocomplete : 507
PrivateFrameworks/ContactsAutocompleteUI : 74
PrivateFrameworks/ContactsDonation : 1205
PrivateFrameworks/ContactsDonationFeedback : 1205
PrivateFrameworks/ContactsFoundation : 80
PrivateFrameworks/ContactsUICore : 89
PrivateFrameworks/ContentKit : 32
PrivateFrameworks/ContextKit : 915
PrivateFrameworks/ConversationKit : 12
PrivateFrameworks/CoreADI : 2240
PrivateFrameworks/CoreAUC : 295
PrivateFrameworks/CoreAVCHD : 2330
PrivateFrameworks/CoreAccessories : 49
PrivateFrameworks/CoreAnalytics : 2541
PrivateFrameworks/CoreAppleCVA : 2370
PrivateFrameworks/CoreBrightness : 290
PrivateFrameworks/CoreCDP : 474
PrivateFrameworks/CoreCDPInternal : 474
PrivateFrameworks/CoreCDPUI : 474
PrivateFrameworks/CoreCapture : 117
PrivateFrameworks/CoreCaptureControl : 117
PrivateFrameworks/CoreCaptureDaemon : 117
PrivateFrameworks/CoreChart : 1107
PrivateFrameworks/CoreChineseEngine : 709
PrivateFrameworks/CoreDAV : 114
PrivateFrameworks/CoreDaemon : 1568
PrivateFrameworks/CoreDuet : 117
PrivateFrameworks/CoreDuetContext : 117
PrivateFrameworks/CoreDuetDaemonProtocol : 117
PrivateFrameworks/CoreDuetDataModel : 117
PrivateFrameworks/CoreDuetDebugLogging : 117
PrivateFrameworks/CoreDuetStatistics : 117
PrivateFrameworks/CoreDuetSync : 117
PrivateFrameworks/CoreEmoji : 544
PrivateFrameworks/CoreFP : 97
PrivateFrameworks/CoreFollowUp : 777
PrivateFrameworks/CoreFollowUpUI : 777
PrivateFrameworks/CoreHAP : 262
PrivateFrameworks/CoreHandwriting : 472
PrivateFrameworks/CoreKE : 733
PrivateFrameworks/CoreKnowledge : 95
PrivateFrameworks/CoreLSKD : 349
PrivateFrameworks/CoreLSKDMSE : 1129
PrivateFrameworks/CoreMLTestFramework : 26
PrivateFrameworks/CoreMaterial : 34
PrivateFrameworks/CoreMediaStream : 29
PrivateFrameworks/CoreNLP : 910
PrivateFrameworks/CoreNameParser : 2611
PrivateFrameworks/CoreNavigation : 118
PrivateFrameworks/CoreOptimization : 5463
PrivateFrameworks/CorePDF : 185
PrivateFrameworks/CoreParsec : 75
PrivateFrameworks/CorePhoneNumbers : 20
PrivateFrameworks/CorePrediction : 5463
PrivateFrameworks/CoreRecents : 1907
PrivateFrameworks/CoreRecognition : 435
PrivateFrameworks/CoreRoutine : 349
PrivateFrameworks/CoreSDB : 2920
PrivateFrameworks/CoreSVG : 1482
PrivateFrameworks/CoreServicesInternal : 51
PrivateFrameworks/CoreServicesStore : 97
PrivateFrameworks/CoreSpeech : 32
PrivateFrameworks/CoreSpotlightImportDaemon : 17
PrivateFrameworks/CoreSymbolication : 526
PrivateFrameworks/CoreThemeDefinition : 310
PrivateFrameworks/CoreTime : 1834
PrivateFrameworks/CoreUI : 63
PrivateFrameworks/CoreUtils : 912
PrivateFrameworks/CoreUtilsSwift : 1592
PrivateFrameworks/CoreWLANKit : 40
PrivateFrameworks/CoreWiFi : 369
PrivateFrameworks/CrashReporterSupport : 132
PrivateFrameworks/CryptoKitCBridging : 186
PrivateFrameworks/CryptoKitPrivate : 186
PrivateFrameworks/DAAPKit : 949
PrivateFrameworks/DASDaemon : 88
PrivateFrameworks/DCERPC : 1778
PrivateFrameworks/DCIMServices : 29
PrivateFrameworks/DFRBrightness : 290
PrivateFrameworks/DFRDisplay : 1408
PrivateFrameworks/DFRFoundation : 115
PrivateFrameworks/DSExternalDisplay : 164
PrivateFrameworks/DTXConnectionServices : 596
PrivateFrameworks/DVD : 13776
PrivateFrameworks/DataDeliveryServices : 9740
PrivateFrameworks/DataDetectors : 361
PrivateFrameworks/DataDetectorsCore : 3222
PrivateFrameworks/DataDetectorsNaturalLanguage : 1349
PrivateFrameworks/DebugSymbols : 2583
PrivateFrameworks/DesktopServicesPriv : 16
PrivateFrameworks/DeviceCheckInternal : 6579
PrivateFrameworks/DeviceIdentity : 347
PrivateFrameworks/DeviceLink : 37
PrivateFrameworks/DeviceManagement : 188
PrivateFrameworks/DeviceToDeviceManager : 6946
PrivateFrameworks/DiagnosticExtensions : 2200
PrivateFrameworks/DiagnosticLogCollection : 213
PrivateFrameworks/DifferentialPrivacy : 309
PrivateFrameworks/DigitalTouchShared : 1359
PrivateFrameworks/DirectoryEditor : 242
PrivateFrameworks/DirectoryServer : 10374
PrivateFrameworks/DiskImages : 449
PrivateFrameworks/DiskManagement : 235
PrivateFrameworks/DisplayServices : 175
PrivateFrameworks/DisplayTransportServices : 1146
PrivateFrameworks/DistributedEvaluation : 35
PrivateFrameworks/DrawingKit : 61
PrivateFrameworks/DuetActivityScheduler : 88
PrivateFrameworks/DuetRecommendation : 117
PrivateFrameworks/DynamicDesktop : 130
PrivateFrameworks/EAFirmwareUpdater : 119
PrivateFrameworks/EAP8021X : 978
PrivateFrameworks/EFILogin : 477
PrivateFrameworks/EasyConfig : 912
PrivateFrameworks/EmbeddedAcousticRecognition : 35
PrivateFrameworks/EmbeddedOSInstall : 1378
PrivateFrameworks/EmbeddedOSSupportHost : 158
PrivateFrameworks/EmbeddedSensingProtocols : 4947
PrivateFrameworks/EmojiFoundation : 42
PrivateFrameworks/Engram : 213
PrivateFrameworks/Espresso : 245
PrivateFrameworks/ExchangeSync : 343
PrivateFrameworks/ExchangeWebServices : 1156
PrivateFrameworks/ExpansionSlotSupport : 122
PrivateFrameworks/FMClient : 1701
PrivateFrameworks/FMCore : 133
PrivateFrameworks/FMCoreLite : 127
PrivateFrameworks/FMCoreUI : 417
PrivateFrameworks/FMF : 863
PrivateFrameworks/FMFCore : 2
PrivateFrameworks/FMFUI : 863
PrivateFrameworks/FMIPCore : 2
PrivateFrameworks/FMNetworking : 19
PrivateFrameworks/FTAWD : 213
PrivateFrameworks/FTClientServices : 18
PrivateFrameworks/FTServices : 18
PrivateFrameworks/FWAVC : 14
PrivateFrameworks/FaceCore : 2078
PrivateFrameworks/FamilyCircle : 642
PrivateFrameworks/FamilyCircleUI : 642
PrivateFrameworks/FamilyControls : 342
PrivateFrameworks/FamilyNotification : 642
PrivateFrameworks/FeatureFlagsSupport : 4261
PrivateFrameworks/FileProvider : 25
PrivateFrameworks/FileProviderDaemon : 12
PrivateFrameworks/FilesActionsUI : 477
PrivateFrameworks/FindMyDevice : 233
PrivateFrameworks/FindMyDeviceUI : 185
PrivateFrameworks/FindMyMac : 268
PrivateFrameworks/FinderKit : 21
PrivateFrameworks/FlightUtilities : 597
PrivateFrameworks/FolderActionsKit : 1066
PrivateFrameworks/FontServices : 3194
PrivateFrameworks/FrontBoardServices : 31
PrivateFrameworks/Futhark : 1344
PrivateFrameworks/GPUInfo : 3
PrivateFrameworks/GPURawCounter : 697
PrivateFrameworks/GPUSupport : 2307
PrivateFrameworks/GPUWrangler : 5
PrivateFrameworks/GameCenterFoundation : 311
PrivateFrameworks/GameCenterUI : 311
PrivateFrameworks/GameCenterUICore : 311
PrivateFrameworks/GameKitServices : 110
PrivateFrameworks/GenerationalStorage : 240
PrivateFrameworks/GeoKit : 312
PrivateFrameworks/GeoServices : 30
PrivateFrameworks/Geode : 36
PrivateFrameworks/GraphKit : 12231
PrivateFrameworks/GraphVisualizer : 3376
PrivateFrameworks/GraphicsServices : 2654
PrivateFrameworks/HDAInterface : 299
PrivateFrameworks/HDRProcessing : 54
PrivateFrameworks/HID : 44
PrivateFrameworks/HMFoundation : 64
PrivateFrameworks/HTTPServer : 939
PrivateFrameworks/HearingCore : 106
PrivateFrameworks/HearingUtilities : 106
PrivateFrameworks/HeimODAdmin : 146
PrivateFrameworks/Heimdal : 685
PrivateFrameworks/Helium : 636
PrivateFrameworks/HelloWorldMacHelper : 175
PrivateFrameworks/HelpData : 666
PrivateFrameworks/HomeAI : 204
PrivateFrameworks/HomeKit : 262
PrivateFrameworks/HomeKitBackingStore : 262
PrivateFrameworks/HomeKitDaemon : 262
PrivateFrameworks/IAP : 2321
PrivateFrameworks/IASUtilities : 153
PrivateFrameworks/IDS : 18
PrivateFrameworks/IDSFoundation : 18
PrivateFrameworks/IDSHashPersistence : 55
PrivateFrameworks/IDSKVStore : 55
PrivateFrameworks/IDSSystemPreferencesSignIn : 18
PrivateFrameworks/IMAP : 18
PrivateFrameworks/IMAVCore : 8208
PrivateFrameworks/IMAssistantCore : 23
PrivateFrameworks/IMCore : 23
PrivateFrameworks/IMDMessageServices : 23
PrivateFrameworks/IMDPersistence : 23
PrivateFrameworks/IMDaemonCore : 23
PrivateFrameworks/IMFoundation : 213
PrivateFrameworks/IMSharedUI : 382
PrivateFrameworks/IMSharedUtilities : 23
PrivateFrameworks/IMTranscoderAgent : 23
PrivateFrameworks/IMTranscoding : 23
PrivateFrameworks/IMTransferAgent : 23
PrivateFrameworks/IMTransferServices : 213
PrivateFrameworks/IOAccelMemoryInfo : 18
PrivateFrameworks/IOAccelerator : 18
PrivateFrameworks/IOImageLoader : 1905
PrivateFrameworks/IOPlatformPluginFamily : 26
PrivateFrameworks/IOPresentment : 2076
PrivateFrameworks/ISSupport : 10242
PrivateFrameworks/IconServices : 137
PrivateFrameworks/IdleTimerServices : 4592
PrivateFrameworks/IncomingCallFilter : 262
PrivateFrameworks/InertiaCam : 1376
PrivateFrameworks/InputContext : 5428
PrivateFrameworks/InputTranscoder : 633
PrivateFrameworks/Install : 296
PrivateFrameworks/InstallerDiagnostics : 835
PrivateFrameworks/Intents : 31
PrivateFrameworks/IntentsCore : 31
PrivateFrameworks/IntentsFoundation : 31
PrivateFrameworks/IntentsServices : 31
PrivateFrameworks/InternationalSupport : 1489
PrivateFrameworks/InternationalTextSearch : 2269
PrivateFrameworks/InternetAccounts : 708
PrivateFrameworks/IntlPreferences : 171
PrivateFrameworks/JavaApplicationLauncher : 1203
PrivateFrameworks/JavaLaunching : 1139
PrivateFrameworks/JavaScriptAppleEvents : 2294
PrivateFrameworks/JavaScriptOSA : 2129
PrivateFrameworks/Jet : 2631
PrivateFrameworks/JetEngine : 24
PrivateFrameworks/JetUI : 23
PrivateFrameworks/KerberosHelper : 2288
PrivateFrameworks/KeyboardServices : 584
PrivateFrameworks/KeychainCircle : 44
PrivateFrameworks/KnowledgeGraphKit : 42
PrivateFrameworks/KnowledgeMonitor : 449
PrivateFrameworks/LanguageModeling : 172
PrivateFrameworks/Lexicon : 1358
PrivateFrameworks/LibraryRepair : 757
PrivateFrameworks/LimitAdTracking : 116
PrivateFrameworks/LinguisticData : 137
PrivateFrameworks/LinkPresentation : 133
PrivateFrameworks/LocalAuthenticationRecoveryUI : 266
PrivateFrameworks/LocalAuthenticationUI : 266
PrivateFrameworks/LocationSupport : 334
PrivateFrameworks/LockoutUI : 1522
PrivateFrameworks/LoggingSupport : 255
PrivateFrameworks/LoginUIKit : 157
PrivateFrameworks/Lookup : 271
PrivateFrameworks/MDSChannel : 2069
PrivateFrameworks/MFAAuthentication : 49
PrivateFrameworks/MFiAuthentication : 2321
PrivateFrameworks/MLFoundation : 183
PrivateFrameworks/MMCS : 497
PrivateFrameworks/MMCSServices : 23
PrivateFrameworks/MTLCompiler : 22
PrivateFrameworks/MTLSimImplementation : 22
PrivateFrameworks/MachineSettings : 4725
PrivateFrameworks/Mail : 18
PrivateFrameworks/MailCore : 18
PrivateFrameworks/MailService : 18
PrivateFrameworks/MailUI : 18
PrivateFrameworks/MallocStackLogging : 664
PrivateFrameworks/ManagedClient : 249
PrivateFrameworks/Mangrove : 373
PrivateFrameworks/Marco : 213
PrivateFrameworks/MarkupUI : 61
PrivateFrameworks/MediaConversionService : 29
PrivateFrameworks/MediaExperience : 17
PrivateFrameworks/MediaKit : 3154
PrivateFrameworks/MediaMiningKit : 42
PrivateFrameworks/MediaRemote : 19
PrivateFrameworks/MediaServices : 38
PrivateFrameworks/MediaStream : 29
PrivateFrameworks/Memories : 233
PrivateFrameworks/MessageProtection : 314
PrivateFrameworks/MessageSecurity : 4041
PrivateFrameworks/MessageUIMacHelper : 18
PrivateFrameworks/MessagesHelperKit : 8
PrivateFrameworks/MessagesKit : 8
PrivateFrameworks/MetadataUtilities : 40
PrivateFrameworks/MetalTools : 22
PrivateFrameworks/MetricKitCore : 270
PrivateFrameworks/MetricKitServices : 270
PrivateFrameworks/MetricKitSource : 270
PrivateFrameworks/MetricMeasurement : 270
PrivateFrameworks/MiniSoftwareUpdate : 1204
PrivateFrameworks/MobileAccessoryUpdater : 88
PrivateFrameworks/MobileActivationMacOS : 347
PrivateFrameworks/MobileAsset : 288
PrivateFrameworks/MobileAssetUpdater : 119
PrivateFrameworks/MobileBluetooth : 112
PrivateFrameworks/MobileDevice : 37
PrivateFrameworks/MobileIcons : 137
PrivateFrameworks/MobileKeyBag : 115
PrivateFrameworks/Mondrian : 36
PrivateFrameworks/MonitorPanel : 321
PrivateFrameworks/Montreal : 3080
PrivateFrameworks/MultitouchSupport : 42
PrivateFrameworks/MultiverseSupport : 447
PrivateFrameworks/MusicLibrary : 33
PrivateFrameworks/NLP : 1732
PrivateFrameworks/Navigation : 31
PrivateFrameworks/NearField : 140
PrivateFrameworks/NetAppsUtilities : 2674
PrivateFrameworks/NetAuth : 746
PrivateFrameworks/NetFSServer : 281
PrivateFrameworks/Netrb : 233
PrivateFrameworks/Network : 74
PrivateFrameworks/NetworkServiceProxy : 2333
PrivateFrameworks/NetworkStatistics : 4336
PrivateFrameworks/NeutrinoCore : 29
PrivateFrameworks/NeutrinoKit : 29
PrivateFrameworks/Notes : 28
PrivateFrameworks/NotesShared : 28
PrivateFrameworks/NotesUI : 28
PrivateFrameworks/Noticeboard : 2008
PrivateFrameworks/NotificationCenterUI : 70
PrivateFrameworks/OAuth : 16677
PrivateFrameworks/OSAServicesClient : 686
PrivateFrameworks/OSASubmissionClient : 728
PrivateFrameworks/OSASyncProxyClient : 728
PrivateFrameworks/OSAnalytics : 686
PrivateFrameworks/OSAnalyticsPrivate : 728
PrivateFrameworks/OSD : 1874
PrivateFrameworks/OSInstaller : 138
PrivateFrameworks/OSPersonalization : 802
PrivateFrameworks/OSUpdate : 17
PrivateFrameworks/OTSVG : 135
PrivateFrameworks/OfficeImport : 910
PrivateFrameworks/OnBoardingKit : 121
PrivateFrameworks/OpenDirectoryConfig : 13136
PrivateFrameworks/OpenDirectoryConfigUI : 1191
PrivateFrameworks/Osprey : 39
PrivateFrameworks/PAImaging : 36
PrivateFrameworks/PAImagingCore : 36
PrivateFrameworks/PASampling : 109
PrivateFrameworks/PDFKit : 86
PrivateFrameworks/PIP : 402
PrivateFrameworks/PSNormalizer : 556
PrivateFrameworks/PackageKit : 91
PrivateFrameworks/PacketFilter : 759
PrivateFrameworks/ParsecModel : 75
PrivateFrameworks/ParsecSubscriptionServiceSupport : 75
PrivateFrameworks/ParsecUI : 30
PrivateFrameworks/PassKit : 175
PrivateFrameworks/PassKitCore : 174
PrivateFrameworks/PassKitUI : 101
PrivateFrameworks/PassKitUIFoundation : 103
PrivateFrameworks/PasswordServer : 7389
PrivateFrameworks/PencilKit : 526
PrivateFrameworks/PeopleSuggester : 117
PrivateFrameworks/PerformanceAnalysis : 109
PrivateFrameworks/PersistentConnection : 371
PrivateFrameworks/PersonaKit : 2834
PrivateFrameworks/PersonaUI : 2834
PrivateFrameworks/PhoneNumbers : 20
PrivateFrameworks/PhotoAnalysis : 42
PrivateFrameworks/PhotoFoundation : 29
PrivateFrameworks/PhotoImaging : 29
PrivateFrameworks/PhotoLibrary : 36
PrivateFrameworks/PhotoLibraryServices : 29
PrivateFrameworks/PhotoPrintProduct : 546
PrivateFrameworks/PhotoVision : 29
PrivateFrameworks/PhotosFormats : 29
PrivateFrameworks/PhotosGraph : 42
PrivateFrameworks/PhotosImagingFoundation : 29
PrivateFrameworks/PhotosPlayer : 29
PrivateFrameworks/PhotosUICore : 36
PrivateFrameworks/PhysicsKit : 2326
PrivateFrameworks/PipelineKit : 42
PrivateFrameworks/PlacesKit : 36
PrivateFrameworks/PlugInKit : 57
PrivateFrameworks/PodcastServices : 8
PrivateFrameworks/PowerLog : 23
PrivateFrameworks/PowerlogControl : 24
PrivateFrameworks/PowerlogCore : 24
PrivateFrameworks/PowerlogDatabaseReader : 24
PrivateFrameworks/PowerlogLiteOperators : 19
PrivateFrameworks/PreferencePanesSupport : 213
PrivateFrameworks/PrintKit : 2260
PrivateFrameworks/PrintingPrivate : 417
PrivateFrameworks/PrivateFederatedLearning : 87
PrivateFrameworks/ProVideo : 768
PrivateFrameworks/ProactiveEventTracker : 430
PrivateFrameworks/ProactiveSupport : 430
PrivateFrameworks/ProactiveSupportStubs : 430
PrivateFrameworks/ProofReader : 226
PrivateFrameworks/ProtectedCloudStorage : 280
PrivateFrameworks/ProtocolBuffer : 795
PrivateFrameworks/PrototypeTools : 4044
PrivateFrameworks/QLCharts : 910
PrivateFrameworks/Quagga : 997
PrivateFrameworks/QuickLookNonBaseSystem : 12
PrivateFrameworks/QuickLookSupport : 24
PrivateFrameworks/QuickLookThumbnailing : 24
PrivateFrameworks/RTCReporting : 200
PrivateFrameworks/RTTUI : 106
PrivateFrameworks/RTTUtilities : 106
PrivateFrameworks/Rapport : 272
PrivateFrameworks/RapportUI : 282
PrivateFrameworks/ReminderKit : 16
PrivateFrameworks/ReminderKitUI : 16
PrivateFrameworks/ReminderMigration : 89
PrivateFrameworks/RemoteConfiguration : 2731
PrivateFrameworks/RemoteCoreML : 4987
PrivateFrameworks/RemoteManagement : 1267
PrivateFrameworks/RemoteServiceDiscovery : 316
PrivateFrameworks/RemoteTextInput : 2221
PrivateFrameworks/RemoteViewServices : 487
PrivateFrameworks/RemoteXPC : 316
PrivateFrameworks/RenderBox : 1060
PrivateFrameworks/ReplayKitMacHelper : 127
PrivateFrameworks/ResponseKit : 1540
PrivateFrameworks/Restore : 268
PrivateFrameworks/Reveal : 647
PrivateFrameworks/RevealCore : 647
PrivateFrameworks/RunningBoard : 34
PrivateFrameworks/RunningBoardServices : 34
PrivateFrameworks/SAObjects : 48
PrivateFrameworks/SCEP : 1176
PrivateFrameworks/SDAPI : 3927
PrivateFrameworks/SMBClient : 59
PrivateFrameworks/SMBClientEngine : 139
PrivateFrameworks/SPFinder : 19
PrivateFrameworks/SPOwner : 19
PrivateFrameworks/SPShared : 19
PrivateFrameworks/SPSupport : 731
PrivateFrameworks/SafeEjectGPU : 74
PrivateFrameworks/SampleAnalysis : 109
PrivateFrameworks/ScreenReader : 24
PrivateFrameworks/ScreenReaderCore : 24
PrivateFrameworks/ScreenSharing : 473
PrivateFrameworks/ScreenTimeCore : 134
PrivateFrameworks/ScreenTimeServiceUI : 155
PrivateFrameworks/ScreenTimeUI : 155
PrivateFrameworks/SearchAds : 116
PrivateFrameworks/SearchFoundation : 75
PrivateFrameworks/SearchUI : 58
PrivateFrameworks/SearchUICardKitProviderSupport : 360
PrivateFrameworks/SecCodeWrapper : 36
PrivateFrameworks/SecureChannel : 1105
PrivateFrameworks/SecurityTokend : 3014
PrivateFrameworks/Seeding : 649
PrivateFrameworks/SemanticDocumentManagement : 1950
PrivateFrameworks/SensingProtocols : 4947
PrivateFrameworks/Sentry : 1118
PrivateFrameworks/ServerCompatibility : 2353
PrivateFrameworks/ServerInformation : 533
PrivateFrameworks/SetupAssistantFramework : 269
PrivateFrameworks/SetupAssistantSupport : 1260
PrivateFrameworks/ShareKit : 64
PrivateFrameworks/SharePointManagement : 14
PrivateFrameworks/ShareServicesCore : 36
PrivateFrameworks/ShareSheet : 23
PrivateFrameworks/SharedWebCredentials : 309
PrivateFrameworks/Sharing : 62
PrivateFrameworks/SharingXPCServices : 62
PrivateFrameworks/Shortcut : 799
PrivateFrameworks/SidecarCore : 268
PrivateFrameworks/SidecarUI : 268
PrivateFrameworks/SignpostCollection : 57
PrivateFrameworks/SignpostMetrics : 57
PrivateFrameworks/SignpostSupport : 57
PrivateFrameworks/SiriClientFlow : 640
PrivateFrameworks/SiriCore : 25
PrivateFrameworks/SiriFoundation : 72
PrivateFrameworks/SiriInstrumentation : 139
PrivateFrameworks/SiriTTS : 13
PrivateFrameworks/SiriTasks : 36
PrivateFrameworks/SiriUI : 74
PrivateFrameworks/SiriVOX : 25
PrivateFrameworks/SkyLight : 25
PrivateFrameworks/Slideshows : 630
PrivateFrameworks/SocialAppsCore : 8
PrivateFrameworks/SocialServices : 53
PrivateFrameworks/SocialUI : 8
PrivateFrameworks/SoftwareUpdate : 17
PrivateFrameworks/SpanMatcher : 25
PrivateFrameworks/SpeechDictionary : 1906
PrivateFrameworks/SpeechObjects : 181
PrivateFrameworks/SpeechRecognitionCommandServices : 1191
PrivateFrameworks/SpeechRecognitionCore : 305
PrivateFrameworks/Spotlight : 30
PrivateFrameworks/SpotlightDaemon : 17
PrivateFrameworks/SpotlightIndex : 28
PrivateFrameworks/SpotlightReceiver : 17
PrivateFrameworks/SpotlightServerKit : 28
PrivateFrameworks/SpotlightServices : 30
PrivateFrameworks/StatsKit : 6245
PrivateFrameworks/StorageKit : 673
PrivateFrameworks/StorageManagement : 118
PrivateFrameworks/StoreFoundation : 11
PrivateFrameworks/StoreJavaScript : 11
PrivateFrameworks/StoreServices : 185
PrivateFrameworks/StoreUI : 11
PrivateFrameworks/StreamingZip : 804
PrivateFrameworks/Suggestions : 432
PrivateFrameworks/Symbolication : 664
PrivateFrameworks/SymptomDiagnosticReporter : 668
PrivateFrameworks/SymptomReporter : 673
PrivateFrameworks/Symptoms : 673
PrivateFrameworks/SyncServicesUI : 8309
PrivateFrameworks/SyncedDefaults : 706
PrivateFrameworks/SystemAdministration : 72
PrivateFrameworks/SystemAdministrationInterface : 629
PrivateFrameworks/SystemDesktopAppearance : 299
PrivateFrameworks/SystemMigration : 48
PrivateFrameworks/SystemMigrationNetworking : 48
PrivateFrameworks/SystemMigrationUtils : 48
PrivateFrameworks/SystemPolicy : 10
PrivateFrameworks/SystemUIPlugin : 4735
PrivateFrameworks/TCC : 146
PrivateFrameworks/TTYUtilities : 2992
PrivateFrameworks/TVRemoteCore : 54
PrivateFrameworks/TelephonyUtilities : 22
PrivateFrameworks/TemplateKit : 58
PrivateFrameworks/TextInput : 33
PrivateFrameworks/TextInputCore : 33
PrivateFrameworks/TextInputMenuUI : 100
PrivateFrameworks/TextRecognition : 426
PrivateFrameworks/TextToSpeech : 27
PrivateFrameworks/TextureIO : 3933
PrivateFrameworks/TimeMachine : 250
PrivateFrameworks/TimeSync : 241
PrivateFrameworks/ToneKit : 466
PrivateFrameworks/ToneLibrary : 466
PrivateFrameworks/Tourist : 126
PrivateFrameworks/Transparency : 69
PrivateFrameworks/TransparencyDetailsViewMac : 116
PrivateFrameworks/TrustEvaluationAgent : 2665
PrivateFrameworks/TrustedPeers : 44
PrivateFrameworks/TuriCore : 363
PrivateFrameworks/UAUPlugin : 429
PrivateFrameworks/UIFoundation : 541
PrivateFrameworks/UIKitMacHelper : 55
PrivateFrameworks/UIKitSystemAppServices : 175
PrivateFrameworks/UIRecording : 389
PrivateFrameworks/URLFormatting : 133
PrivateFrameworks/USDKit : 1913
PrivateFrameworks/UXKit : 29
PrivateFrameworks/Uninstall : 3735
PrivateFrameworks/UniversalAccess : 56
PrivateFrameworks/UsageTracking : 181
PrivateFrameworks/UserActivity : 523
PrivateFrameworks/UserManagement : 171
PrivateFrameworks/VCXMPP : 11229
PrivateFrameworks/VectorKit : 109
PrivateFrameworks/VideoConference : 904
PrivateFrameworks/VideoProcessing : 1140
PrivateFrameworks/ViewBridge : 121
PrivateFrameworks/VisionKit : 773
PrivateFrameworks/VisualPairing : 3692
PrivateFrameworks/VisualTestKit : 594
PrivateFrameworks/VoiceShortcutClient : 32
PrivateFrameworks/VoiceShortcuts : 32
PrivateFrameworks/VoiceTrigger : 1215
PrivateFrameworks/WPDaemon : 3041
PrivateFrameworks/WatchdogClient : 722
PrivateFrameworks/WeatherFoundation : 773
PrivateFrameworks/WeatherKit : 209
PrivateFrameworks/WebContentAnalysis : 102
PrivateFrameworks/WebFilterDNS : 102
PrivateFrameworks/WiFiCloudSyncEngine : 58
PrivateFrameworks/WiFiPeerToPeer : 1645
PrivateFrameworks/WiFiPolicy : 130
PrivateFrameworks/WiFiVelocity : 212
PrivateFrameworks/WirelessDiagnostics : 4034
PrivateFrameworks/WirelessProximity : 3041
PrivateFrameworks/WorkflowKit : 32
PrivateFrameworks/XARTRecovery : 1063
PrivateFrameworks/XCTAutomationSupport : 48
PrivateFrameworks/XCTTargetBootstrap : 48
PrivateFrameworks/XPCService : 8949
PrivateFrameworks/XQuery : 3940
PrivateFrameworks/XprotectFramework : 71
PrivateFrameworks/acfs : 1221
PrivateFrameworks/caulk : 1335
PrivateFrameworks/iAdCore : 80
PrivateFrameworks/iAdServices : 80
PrivateFrameworks/iCalendar : 195
PrivateFrameworks/iPod : 4722
PrivateFrameworks/iPodSync : 1107
PrivateFrameworks/iPodUpdater : 1007
PrivateFrameworks/iWorkXPC : 1160
PrivateFrameworks/kperf : 734
PrivateFrameworks/kperfdata : 734
PrivateFrameworks/ktrace : 944
PrivateFrameworks/login : 1129
PrivateFrameworks/nt : 76
PrivateFrameworks/oncrpc : 1243
PrivateFrameworks/perfdata : 537
PrivateFrameworks/yara : 98
PrivateFrameworks/zudp : 7436
CoreServices/AddressBookUrlForwarder : 2421.2
CoreServices/AirPlayUIAgent : 415.2
CoreServices/Automator Installer : 492
CoreServices/Bluetooth Setup Assistant : 7.0.2d1
CoreServices/BluetoothUIServer : 7.0.2d1
CoreServices/CoreLocationAgent : 2389.0.6
CoreServices/CoreServicesUIAgent : 340
CoreServices/Dock : 2044.6
CoreServices/Finder : 1298.2.7
CoreServices/HelpViewer : 379
CoreServices/Install Command Line Developer Tools : 2373
CoreServices/Keychain Circle Notification : 59306.60.51.0.2
CoreServices/OBEXAgent : 7.0.2d1
CoreServices/Siri : 200.2.1
CoreServices/Software Update : 1285.5
CoreServices/Spotlight : 2075.1
CoreServices/VoiceOver : 708
Applications/Archive Utility : 128.2.1
Frameworks/AVKit : 65
Frameworks/BusinessChat : 334
Frameworks/ContactsUI : 88
Frameworks/CoreAudioKit : 493
Frameworks/CoreNFC : 58
Frameworks/EventKitUI : 83
Frameworks/GameController : 21
Frameworks/GameKit : 326
Frameworks/GameplayKit : 546
Frameworks/HealthKit : 36
Frameworks/HealthKitUI : 36
Frameworks/IdentityLookupUI : 7
Frameworks/IntentsUI : 12
Frameworks/LinkPresentation : 44
Frameworks/MapKit : 9
Frameworks/MediaPlayer : 15
Frameworks/MessageUI : 18
Frameworks/MetalKit : 91
Frameworks/MobileCoreServices : 135
Frameworks/MultipeerConnectivity : 918
Frameworks/PDFKit : 52
Frameworks/PassKit : 150
Frameworks/PencilKit : 220
Frameworks/PhotosUI : 27
Frameworks/QuickLook : 31
Frameworks/RealityKit : 9
Frameworks/ReplayKit : 127
Frameworks/SceneKit : 26
Frameworks/Social : 29
Frameworks/SpriteKit : 24
Frameworks/StoreKit : 98
Frameworks/SwiftUI : 12
Frameworks/VisionKit : 546
Frameworks/WatchConnectivity : 310
Frameworks/iAd : 80
PrivateFrameworks/AVKitMacHelper : 65
PrivateFrameworks/Accessibility : 11
PrivateFrameworks/AccessibilityUtilities : 11
PrivateFrameworks/ActionKit : 6
PrivateFrameworks/ActivityRingsUI : 570
PrivateFrameworks/AddressBookLegacy : 259
PrivateFrameworks/AnnotationKit : 58
PrivateFrameworks/AppAnalytics : 401
PrivateFrameworks/AppSupportUI : 695
PrivateFrameworks/AppleMediaServicesUI : 16
PrivateFrameworks/AuthKitUI : 144
PrivateFrameworks/AuthKitUIMacHelper : 144
PrivateFrameworks/BaseBoardUI : 164
PrivateFrameworks/CalendarUIKit : 71
PrivateFrameworks/ClassroomKit : 320
PrivateFrameworks/ContactsAutocompleteUI : 74
PrivateFrameworks/ContentKit : 6
PrivateFrameworks/CorePDF : 189
PrivateFrameworks/CoreRecognition : 162
PrivateFrameworks/DataDetectorsUI : 257
PrivateFrameworks/DocumentManager : 15
PrivateFrameworks/DocumentManagerCore : 15
PrivateFrameworks/EmojiKit : 176
PrivateFrameworks/FMCoreUI : 194
PrivateFrameworks/FrontBoard : 33
PrivateFrameworks/GameCenterUI : 162
PrivateFrameworks/Home : 572
PrivateFrameworks/HomeKit : 40
PrivateFrameworks/HomeUI : 572
PrivateFrameworks/IMAssistantCore : 8
PrivateFrameworks/IMCore : 8
PrivateFrameworks/IMDPersistence : 8
PrivateFrameworks/IMSharedUtilities : 8
PrivateFrameworks/IMTranscoding : 8
PrivateFrameworks/IntlPreferences : 83
PrivateFrameworks/Jet : 615
PrivateFrameworks/ManagedConfiguration : 686
PrivateFrameworks/MarkupUI : 58
PrivateFrameworks/MediaPlaybackCore : 15
PrivateFrameworks/MobileTimer : 818
PrivateFrameworks/MobileTimerUI : 818
PrivateFrameworks/NanoRegistry : 312
PrivateFrameworks/NetAppsUtilitiesUI : 2674
PrivateFrameworks/NewsAnalytics : 22
PrivateFrameworks/NewsAnalyticsUpload : 21
PrivateFrameworks/NewsArticles : 22
PrivateFrameworks/NewsCore : 21
PrivateFrameworks/NewsDaemon : 21
PrivateFrameworks/NewsFeed : 22
PrivateFrameworks/NewsFeedLayout : 21
PrivateFrameworks/NewsFoundation : 21
PrivateFrameworks/NewsServicesInternal : 21
PrivateFrameworks/NewsSubscription : 22
PrivateFrameworks/NewsTransport : 21
PrivateFrameworks/NewsUI : 21
PrivateFrameworks/NewsUI2 : 22
PrivateFrameworks/OnBoardingKit : 116
PrivateFrameworks/PassKitUIFoundation : 76
PrivateFrameworks/PencilKit : 220
PrivateFrameworks/PersonaUI : 951
PrivateFrameworks/PhotoLibrary : 27
PrivateFrameworks/PhotosPlayer : 27
PrivateFrameworks/PhotosUICore : 27
PrivateFrameworks/RTTUI : 37
PrivateFrameworks/RapportUI : 183
PrivateFrameworks/Silex : 21
PrivateFrameworks/SilexVideo : 21
PrivateFrameworks/SilexWeb : 21
PrivateFrameworks/SocialServices : 18
PrivateFrameworks/Stocks : 3357
PrivateFrameworks/TSReading : 1956
PrivateFrameworks/TSUtility : 1956
PrivateFrameworks/TelephonyUI : 7
PrivateFrameworks/TransparencyDetailsView : 116
PrivateFrameworks/UIAccessibility : 11
PrivateFrameworks/UIKitCore : 55
PrivateFrameworks/UIKitMacHelper : 55
PrivateFrameworks/UIKitServices : 46
PrivateFrameworks/UserNotificationsExtensionPoint : 8
PrivateFrameworks/VisualAlert : 11
PrivateFrameworks/VisualPairing : 1682
PrivateFrameworks/VoiceMemos : 66
PrivateFrameworks/VoiceShortcutClient : 6
PrivateFrameworks/VoiceShortcuts : 6
PrivateFrameworks/Weather : 4754
PrivateFrameworks/WeatherFoundation : 124
PrivateFrameworks/WorkflowKit : 6
