Applications/Google Chrome Canary : 3972.4
Applications/HiddenMe : 43
Applications/Keynote : 6529
Applications/Numbers : 6529
Applications/Pages : 6529
Applications/RunCat : 6.3.1
Applications/Safari : 15608.4.9.1.3
Applications/Spotify : 1.1.19.480.g7d17e3ce-48
Applications/TinkerTool : 191016
Applications/Xcode : 15526.1
Applications/Contacts : 2421.4
Applications/Mail : 3608.40.2.2.4
Applications/News : 2371.2.3
Applications/Photos : 121.17.140
Applications/Reminders : 2053.50
Utilities/VoiceOver Utility : 708.5
Frameworks/AGL : 3182
Frameworks/AVFoundation : 44
Frameworks/AVKit : 138
Frameworks/Accelerate : 276
Frameworks/Accounts : 668
Frameworks/AdSupport : 1251
Frameworks/AddressBook : 9
Frameworks/AppleScriptKit : 2836
Frameworks/AppleScriptObjC : 4207
Frameworks/ApplicationServices : 2308
Frameworks/AudioToolbox : 7
Frameworks/AudioUnit : 6
Frameworks/AudioVideoBridging : 539
Frameworks/AuthenticationServices : 14
Frameworks/Automator : 213
Frameworks/BackgroundTasks : 116
Frameworks/BusinessChat : 947
Frameworks/CFNetwork : 10
Frameworks/CalendarStore : 296
Frameworks/CallKit : 37
Frameworks/Carbon : 3649
Frameworks/CloudKit : 197
Frameworks/Cocoa : 10735
Frameworks/Collaboration : 3646
Frameworks/ColorSync : 924
Frameworks/Combine : 426
Frameworks/Contacts : 89
Frameworks/ContactsUI : 8
Frameworks/CoreAudio : 234
Frameworks/CoreAudioKit : 722
Frameworks/CoreAudioTypes : 6
Frameworks/CoreBluetooth : 141
Frameworks/CoreData : 35
Frameworks/CoreFoundation : 371
Frameworks/CoreGraphics : 59
Frameworks/CoreHaptics : 56
Frameworks/CoreImage : 76
Frameworks/CoreLocation : 138
Frameworks/CoreMIDI : 721
Frameworks/CoreMIDIServer : 721
Frameworks/CoreML : 114
Frameworks/CoreMedia : 4
Frameworks/CoreMediaIO : 102
Frameworks/CoreMotion : 138
Frameworks/CoreServices : 216
Frameworks/CoreTelephony : 35
Frameworks/CoreText : 173
Frameworks/CoreVideo : 1820
Frameworks/CoreWLAN : 83
Frameworks/CryptoKit : 247
Frameworks/CryptoTokenKit : 135
Frameworks/DVDPlayback : 46
Frameworks/DeviceCheck : 6813
Frameworks/DirectoryService : 307
Frameworks/DiscRecording : 61
Frameworks/DiscRecordingUI : 61
Frameworks/DiskArbitration : 415
Frameworks/DriverKit : 341
Frameworks/EventKit : 165
Frameworks/ExceptionHandling : 4430
Frameworks/ExecutionPolicy : 24
Frameworks/ExternalAccessory : 590
Frameworks/FWAUserLib : 645
Frameworks/FileProvider : 179
Frameworks/FileProviderUI : 652
Frameworks/ForceFeedback : 3261
Frameworks/Foundation : 378
Frameworks/GLKit : 24
Frameworks/GLUT : 111
Frameworks/GSS : 148
Frameworks/GameController : 88
Frameworks/GameKit : 365
Frameworks/GameplayKit : 2241
Frameworks/HIDDriverKit : 9
Frameworks/Hypervisor : 61
Frameworks/ICADevices : 71
Frameworks/IOBluetooth : 33
Frameworks/IOBluetoothUI : 36
Frameworks/IOKit : 298
Frameworks/IOSurface : 1552
Frameworks/IOUSBHost : 29
Frameworks/IdentityLookup : 37
Frameworks/ImageCaptureCore : 71
Frameworks/ImageIO : 149
Frameworks/InputMethodKit : 251
Frameworks/InstallerPlugins : 292
Frameworks/InstantMessage : 10402
Frameworks/Intents : 96
Frameworks/JavaFrameEmbedding : 1290
Frameworks/JavaScriptCore : 14
Frameworks/JavaVM : 1295
Frameworks/Kerberos : 809
Frameworks/Kernel : 26
Frameworks/LDAP : 94
Frameworks/LatentSemanticMapping : 2411
Frameworks/LinkPresentation : 263
Frameworks/LocalAuthentication : 349
Frameworks/MapKit : 58
Frameworks/MediaAccessibility : 2300
Frameworks/MediaLibrary : 59
Frameworks/MediaPlayer : 29
Frameworks/MediaToolbox : 4
Frameworks/Message : 12077
Frameworks/Metal : 52
Frameworks/MetalKit : 127
Frameworks/MetricKit : 449
Frameworks/ModelIO : 721
Frameworks/MultipeerConnectivity : 2145
Frameworks/NaturalLanguage : 2169
Frameworks/NetFS : 345
Frameworks/Network : 25
Frameworks/NetworkExtension : 36
Frameworks/NetworkingDriverKit : 658
Frameworks/OSAKit : 4819
Frameworks/OSLog : 82
Frameworks/OpenAL : 727
Frameworks/OpenCL : 809
Frameworks/OpenDirectory : 307
Frameworks/OpenGL : 2486
Frameworks/PCSC : 41
Frameworks/PDFKit : 72
Frameworks/PencilKit : 731
Frameworks/Photos : 10
Frameworks/PhotosUI : 10
Frameworks/PreferencePanes : 513
Frameworks/PushKit : 1293
Frameworks/Python : 856
Frameworks/QTKit : 661
Frameworks/Quartz : 7592
Frameworks/QuartzCore : 5
Frameworks/QuickLook : 134
Frameworks/QuickLookThumbnailing : 158
Frameworks/RealityKit : 58
Frameworks/Ruby : 797
Frameworks/SafariServices : 13
Frameworks/SceneKit : 167
Frameworks/ScreenSaver : 40
Frameworks/ScriptingBridge : 1973
Frameworks/Security : 4
Frameworks/SecurityFoundation : 393
Frameworks/SecurityInterface : 638
Frameworks/ServiceManagement : 14
Frameworks/Social : 292
Frameworks/SoundAnalysis : 1838
Frameworks/Speech : 251
Frameworks/SpriteKit : 50
Frameworks/StoreKit : 135
Frameworks/SwiftUI : 48
Frameworks/SyncServices : 8402
Frameworks/System : 81415
Frameworks/SystemConfiguration : 1496
Frameworks/SystemExtensions : 133
Frameworks/TWAIN : 405
Frameworks/Tcl : 1067
Frameworks/Tk : 1067
Frameworks/USBDriverKit : 29
Frameworks/UserNotifications : 497
Frameworks/VideoDecodeAcceleration : 4561
Frameworks/VideoSubscriberAccount : 49
Frameworks/VideoToolbox : 4
Frameworks/Vision : 1518
Frameworks/WebKit : 14
Frameworks/vecLib : 276
Frameworks/vmnet : 291
PrivateFrameworks/ACDEClient : 7741
PrivateFrameworks/AMPDevices : 20
PrivateFrameworks/AMPLibrary : 28
PrivateFrameworks/AOSAccounts : 171
PrivateFrameworks/AOSAccountsLite : 171
PrivateFrameworks/AOSKit : 31
PrivateFrameworks/AOSMigrate : 12997
PrivateFrameworks/AOSUI : 140
PrivateFrameworks/APFS : 24
PrivateFrameworks/APTransport : 67
PrivateFrameworks/AVConference : 254
PrivateFrameworks/AVFoundationCF : 36
PrivateFrameworks/AXCoreUtilities : 13
PrivateFrameworks/AXHearingCoreSupport : 3098
PrivateFrameworks/AXHearingSupport : 3098
PrivateFrameworks/AXMediaUtilities : 510
PrivateFrameworks/AXRuntime : 13
PrivateFrameworks/AccessibilityBundles : 41
PrivateFrameworks/AccessibilityPerformance : 7
PrivateFrameworks/AccessibilityPlatformTranslation : 19
PrivateFrameworks/AccessibilitySharedSupport : 19
PrivateFrameworks/AccessibilitySupport : 7
PrivateFrameworks/AccessoryNowPlaying : 154
PrivateFrameworks/AccountPolicy : 2543
PrivateFrameworks/AccountsDaemon : 668
PrivateFrameworks/AccountsUI : 349
PrivateFrameworks/ActionKit : 116
PrivateFrameworks/AdAnalytics : 190
PrivateFrameworks/AdCore : 208
PrivateFrameworks/AdID : 208
PrivateFrameworks/AdPlatforms : 208
PrivateFrameworks/AdPlatformsInternal : 208
PrivateFrameworks/AddressBookAutocomplete : 8
PrivateFrameworks/AddressBookCore : 9
PrivateFrameworks/Admin : 100
PrivateFrameworks/AggregateDictionary : 2675
PrivateFrameworks/AggregateDictionaryHistory : 2675
PrivateFrameworks/AirPlayReceiver : 91
PrivateFrameworks/AirPlaySender : 91
PrivateFrameworks/AirPlaySupport : 67
PrivateFrameworks/AirTrafficHost : 119
PrivateFrameworks/AmbientDisplay : 38
PrivateFrameworks/AnnotationKit : 215
PrivateFrameworks/AppContainer : 95
PrivateFrameworks/AppSSO : 33
PrivateFrameworks/AppSSOCore : 33
PrivateFrameworks/AppSSOKerberos : 33
PrivateFrameworks/AppSSOUI : 33
PrivateFrameworks/AppSandbox : 95
PrivateFrameworks/AppServerSupport : 14
PrivateFrameworks/AppStoreUI : 51
PrivateFrameworks/AppSupport : 3888
PrivateFrameworks/AppSupportUI : 3357
PrivateFrameworks/Apple80211 : 103
PrivateFrameworks/AppleAccount : 462
PrivateFrameworks/AppleAppSupport : 7592
PrivateFrameworks/AppleFSCompression : 11690
PrivateFrameworks/AppleGVA : 41
PrivateFrameworks/AppleGVACore : 41
PrivateFrameworks/AppleIDAuthSupport : 672
PrivateFrameworks/AppleIDSSOAuthentication : 606
PrivateFrameworks/AppleJPEG : 759
PrivateFrameworks/AppleLDAP : 5031
PrivateFrameworks/ApplePushService : 94
PrivateFrameworks/AppleSRP : 8738
PrivateFrameworks/AppleSauce : 3435
PrivateFrameworks/AppleScript : 452
PrivateFrameworks/AppleShareClientCore : 2192
PrivateFrameworks/AppleSystemInfo : 404
PrivateFrameworks/AppleVA : 1805
PrivateFrameworks/AppleVPA : 154
PrivateFrameworks/AskPermission : 73
PrivateFrameworks/AssertionServices : 66
PrivateFrameworks/AssetCacheServices : 132
PrivateFrameworks/AssetCacheServicesExtensions : 132
PrivateFrameworks/AssetsLibraryServices : 10
PrivateFrameworks/AssistantServices : 56
PrivateFrameworks/AssistiveControlSupport : 237
PrivateFrameworks/AttributeGraph : 1433
PrivateFrameworks/AudioDSPManager : 607
PrivateFrameworks/AudioHistory : 607
PrivateFrameworks/AudioPasscode : 2302
PrivateFrameworks/AudioResourceArbitration : 622
PrivateFrameworks/AudioServerApplication : 2938
PrivateFrameworks/AudioServerDriver : 2938
PrivateFrameworks/AudioSession : 654
PrivateFrameworks/AudioToolboxCore : 6
PrivateFrameworks/AuthKitUI : 46
PrivateFrameworks/AuthenticationServices : 14
PrivateFrameworks/AutoBugCaptureCore : 186
PrivateFrameworks/AutoLoop : 2482
PrivateFrameworks/BackBoardServices : 78
PrivateFrameworks/BackgroundTaskManagement : 27
PrivateFrameworks/BaseBoard : 284
PrivateFrameworks/BatteryUIKit : 3991
PrivateFrameworks/BehaviorMiner : 423
PrivateFrameworks/BezelServices : 699
PrivateFrameworks/BioKitAggD : 8012
PrivateFrameworks/BiometricKit : 480
PrivateFrameworks/BiometricKitUI : 5
PrivateFrameworks/BiometricSupport : 413
PrivateFrameworks/BluetoothAudio : 35
PrivateFrameworks/BluetoothManager : 141
PrivateFrameworks/BoardServices : 284
PrivateFrameworks/Bom : 209
PrivateFrameworks/BookCoverUtility : 52
PrivateFrameworks/BookKit : 52
PrivateFrameworks/BookKitFoundation : 52
PrivateFrameworks/BookUtility : 52
PrivateFrameworks/BridgeOSInstall : 507
PrivateFrameworks/BridgeOSInstallReporting : 507
PrivateFrameworks/BridgeOSObliteration : 1217
PrivateFrameworks/BridgeOSSoftwareUpdate : 2264
PrivateFrameworks/BridgeXPC : 1677
PrivateFrameworks/BulkSymbolication : 291
PrivateFrameworks/ByteRangeLocking : 2146
PrivateFrameworks/C2 : 647
PrivateFrameworks/CDDataAccess : 10
PrivateFrameworks/CDDataAccessExpress : 10
PrivateFrameworks/CPAnalytics : 10
PrivateFrameworks/CPMLBestShim : 5736
PrivateFrameworks/CSCSupport : 60
PrivateFrameworks/CacheDelete : 411
PrivateFrameworks/CalDAV : 283
PrivateFrameworks/Calculate : 596
PrivateFrameworks/CalendarAgent : 199
PrivateFrameworks/CalendarAgentLink : 284
PrivateFrameworks/CalendarDraw : 297
PrivateFrameworks/CalendarFoundation : 556
PrivateFrameworks/CalendarNotification : 177
PrivateFrameworks/CalendarPersistence : 293
PrivateFrameworks/CalendarUI : 223
PrivateFrameworks/CalendarUIKit : 74
PrivateFrameworks/CallHistory : 49
PrivateFrameworks/CameraImagingFramework : 4408
PrivateFrameworks/CaptiveNetwork : 46
PrivateFrameworks/CardKit : 736
PrivateFrameworks/CardServices : 736
PrivateFrameworks/Cards : 736
PrivateFrameworks/Catalyst : 3446
PrivateFrameworks/Categories : 729
PrivateFrameworks/CharacterPicker : 189
PrivateFrameworks/ChunkingLibrary : 3406
PrivateFrameworks/ClassKit : 111
PrivateFrameworks/ClassroomKit : 446
PrivateFrameworks/ClockMenuExtraPreferences : 723
PrivateFrameworks/CloudDocs : 18
PrivateFrameworks/CloudDocsDaemon : 10
PrivateFrameworks/CloudFamilyRestrictions : 974
PrivateFrameworks/CloudFamilyRestrictionsDaemon : 974
PrivateFrameworks/CloudKitCode : 207
PrivateFrameworks/CloudKitCodeProtobuf : 207
PrivateFrameworks/CloudKitDaemon : 156
PrivateFrameworks/CloudPhotoLibrary : 10
PrivateFrameworks/CloudPhotoServices : 10
PrivateFrameworks/CloudPhotoServicesConfiguration : 10
PrivateFrameworks/CloudServices : 265
PrivateFrameworks/Coherence : 5272
PrivateFrameworks/CombineCocoa : 426
PrivateFrameworks/CommerceKit : 51
PrivateFrameworks/CommonAuth : 148
PrivateFrameworks/CommonCandidateWindow : 10514
PrivateFrameworks/CommonUtilities : 3523
PrivateFrameworks/CommunicationsFilter : 405
PrivateFrameworks/ConditionInducer : 2573
PrivateFrameworks/ConfigProfileHelper : 278
PrivateFrameworks/ConfigurationEngineModel : 433
PrivateFrameworks/ConfigurationProfiles : 278
PrivateFrameworks/ConsoleKit : 303
PrivateFrameworks/ConstantClasses : 2017
PrivateFrameworks/ContactsAgent : 998
PrivateFrameworks/ContactsAssistantServices : 704
PrivateFrameworks/ContactsAutocomplete : 816
PrivateFrameworks/ContactsAutocompleteUI : 161
PrivateFrameworks/ContactsDonation : 1425
PrivateFrameworks/ContactsDonationFeedback : 1425
PrivateFrameworks/ContactsFoundation : 84
PrivateFrameworks/ContactsPersistence : 89
PrivateFrameworks/ContactsUICore : 186
PrivateFrameworks/ContentKit : 116
PrivateFrameworks/ContextKit : 1008
PrivateFrameworks/ConversationKit : 32
PrivateFrameworks/CoreADI : 2323
PrivateFrameworks/CoreAUC : 383
PrivateFrameworks/CoreAVCHD : 2418
PrivateFrameworks/CoreAccessories : 154
PrivateFrameworks/CoreAnalytics : 3161
PrivateFrameworks/CoreAppleCVA : 2413
PrivateFrameworks/CoreBrightness : 517
PrivateFrameworks/CoreCDP : 536
PrivateFrameworks/CoreCDPInternal : 536
PrivateFrameworks/CoreCDPUI : 536
PrivateFrameworks/CoreCapture : 162
PrivateFrameworks/CoreCaptureControl : 162
PrivateFrameworks/CoreCaptureDaemon : 162
PrivateFrameworks/CoreChart : 1148
PrivateFrameworks/CoreChineseEngine : 887
PrivateFrameworks/CoreDAV : 58
PrivateFrameworks/CoreDaemon : 1665
PrivateFrameworks/CoreDuet : 41
PrivateFrameworks/CoreDuetContext : 41
PrivateFrameworks/CoreDuetDaemonProtocol : 41
PrivateFrameworks/CoreDuetDataModel : 41
PrivateFrameworks/CoreDuetDebugLogging : 41
PrivateFrameworks/CoreDuetStatistics : 41
PrivateFrameworks/CoreDuetSync : 41
PrivateFrameworks/CoreEmoji : 805
PrivateFrameworks/CoreFP : 180
PrivateFrameworks/CoreFollowUp : 868
PrivateFrameworks/CoreFollowUpUI : 868
PrivateFrameworks/CoreHAP : 519
PrivateFrameworks/CoreHandwriting : 621
PrivateFrameworks/CoreKE : 814
PrivateFrameworks/CoreKnowledge : 397
PrivateFrameworks/CoreLSKD : 432
PrivateFrameworks/CoreLSKDMSE : 1214
PrivateFrameworks/CoreMLTestFramework : 87
PrivateFrameworks/CoreMaterial : 280
PrivateFrameworks/CoreMediaStream : 10
PrivateFrameworks/CoreNLP : 1109
PrivateFrameworks/CoreNameParser : 2923
PrivateFrameworks/CoreNavigation : 214
PrivateFrameworks/CoreOptimization : 5736
PrivateFrameworks/CorePDF : 246
PrivateFrameworks/CoreParsec : 92
PrivateFrameworks/CorePhoneNumbers : 47
PrivateFrameworks/CorePrediction : 5736
PrivateFrameworks/CoreRE : 58
PrivateFrameworks/CoreRecents : 2229
PrivateFrameworks/CoreRecognition : 790
PrivateFrameworks/CoreRoutine : 292
PrivateFrameworks/CoreSDB : 3185
PrivateFrameworks/CoreSVG : 1745
PrivateFrameworks/CoreServicesInternal : 109
PrivateFrameworks/CoreServicesStore : 154
PrivateFrameworks/CoreSpeech : 57
PrivateFrameworks/CoreSymbolication : 606
PrivateFrameworks/CoreThemeDefinition : 90
PrivateFrameworks/CoreTime : 2028
PrivateFrameworks/CoreUI : 222
PrivateFrameworks/CoreUtils : 55
PrivateFrameworks/CoreUtilsSwift : 1980
PrivateFrameworks/CoreWLANKit : 67
PrivateFrameworks/CoreWiFi : 397
PrivateFrameworks/CrashReporterSupport : 160
PrivateFrameworks/CreateML : 160
PrivateFrameworks/CryptoKitCBridging : 247
PrivateFrameworks/CryptoKitPrivate : 247
PrivateFrameworks/DAAPKit : 100
PrivateFrameworks/DASDaemon : 116
PrivateFrameworks/DCERPC : 1876
PrivateFrameworks/DCIMServices : 10
PrivateFrameworks/DFRBrightness : 517
PrivateFrameworks/DFRDisplay : 1556
PrivateFrameworks/DFRFoundation : 204
PrivateFrameworks/DSExternalDisplay : 222
PrivateFrameworks/DTXConnectionServices : 625
PrivateFrameworks/DVD : 13864
PrivateFrameworks/DataDeliveryServices : 9801
PrivateFrameworks/DataDetectors : 419
PrivateFrameworks/DataDetectorsCore : 3586
PrivateFrameworks/DataDetectorsNaturalLanguage : 1524
PrivateFrameworks/DebugSymbols : 2722
PrivateFrameworks/DesktopServicesPriv : 38
PrivateFrameworks/DeviceCheckInternal : 6813
PrivateFrameworks/DeviceLink : 119
PrivateFrameworks/DeviceManagement : 433
PrivateFrameworks/DeviceToDeviceManager : 7266
PrivateFrameworks/DiagnosticExtensions : 2372
PrivateFrameworks/DiagnosticLogCollection : 251
PrivateFrameworks/DifferentialPrivacy : 435
PrivateFrameworks/DigitalTouchShared : 1689
PrivateFrameworks/DirectoryEditor : 331
PrivateFrameworks/DirectoryServer : 10461
PrivateFrameworks/DiskImages : 578
PrivateFrameworks/DiskManagement : 52
PrivateFrameworks/DisplayServices : 241
PrivateFrameworks/DisplayTransportServices : 1235
PrivateFrameworks/DistributedEvaluation : 81
PrivateFrameworks/DrawingKit : 215
PrivateFrameworks/DuetActivityScheduler : 116
PrivateFrameworks/DuetRecommendation : 41
PrivateFrameworks/DynamicDesktop : 28
PrivateFrameworks/EAFirmwareUpdater : 261
PrivateFrameworks/EAP8021X : 1117
PrivateFrameworks/EFILogin : 561
PrivateFrameworks/EasyConfig : 55
PrivateFrameworks/Email : 8
PrivateFrameworks/EmailAddressing : 8
PrivateFrameworks/EmailCore : 8
PrivateFrameworks/EmailDaemon : 8
PrivateFrameworks/EmailFoundation : 8
PrivateFrameworks/EmbeddedAcousticRecognition : 81
PrivateFrameworks/EmbeddedOSInstall : 1470
PrivateFrameworks/EmbeddedOSSupportHost : 40
PrivateFrameworks/EmbeddedSensingProtocols : 5272
PrivateFrameworks/EmojiFoundation : 101
PrivateFrameworks/Engram : 251
PrivateFrameworks/Espresso : 2378
PrivateFrameworks/ExchangeSync : 431
PrivateFrameworks/ExchangeWebServices : 1244
PrivateFrameworks/ExpansionSlotSupport : 180
PrivateFrameworks/FMClient : 2019
PrivateFrameworks/FMCore : 398
PrivateFrameworks/FMCoreLite : 388
PrivateFrameworks/FMCoreUI : 589
PrivateFrameworks/FMF : 1024
PrivateFrameworks/FMFCore : 35
PrivateFrameworks/FMFUI : 1024
PrivateFrameworks/FMIPCore : 35
PrivateFrameworks/FMNetworking : 139
PrivateFrameworks/FTAWD : 251
PrivateFrameworks/FTClientServices : 74
PrivateFrameworks/FTServices : 74
PrivateFrameworks/FWAVC : 102
PrivateFrameworks/FaceCore : 2173
PrivateFrameworks/FamilyCircle : 708
PrivateFrameworks/FamilyCircleUI : 708
PrivateFrameworks/FamilyControls : 432
PrivateFrameworks/FamilyNotification : 708
PrivateFrameworks/FeatureFlagsSupport : 4443
PrivateFrameworks/FileProvider : 179
PrivateFrameworks/FileProviderDaemon : 85
PrivateFrameworks/FilesActionsUI : 652
PrivateFrameworks/FindMyDevice : 337
PrivateFrameworks/FindMyDeviceUI : 275
PrivateFrameworks/FindMyMac : 352
PrivateFrameworks/FlightUtilities : 688
PrivateFrameworks/FolderActionsKit : 1154
PrivateFrameworks/FontServices : 3281
PrivateFrameworks/FoundInAppsPlugins : 5
PrivateFrameworks/FrontBoardServices : 108
PrivateFrameworks/Futhark : 1458
PrivateFrameworks/GPUInfo : 23
PrivateFrameworks/GPURawCounter : 850
PrivateFrameworks/GPUSupport : 2486
PrivateFrameworks/GameCenterFoundation : 365
PrivateFrameworks/GameCenterUI : 365
PrivateFrameworks/GameCenterUICore : 365
PrivateFrameworks/GameKitServices : 254
PrivateFrameworks/GenerationalStorage : 571
PrivateFrameworks/GeoKit : 400
PrivateFrameworks/GeoServices : 166
PrivateFrameworks/Geode : 10
PrivateFrameworks/GraphKit : 12319
PrivateFrameworks/GraphVisualizer : 3463
PrivateFrameworks/GraphicsServices : 3082
PrivateFrameworks/HDAInterface : 27
PrivateFrameworks/HDRProcessing : 81
PrivateFrameworks/HIDAnalytics : 9
PrivateFrameworks/HIDDisplay : 9
PrivateFrameworks/HMFoundation : 111
PrivateFrameworks/HTTPServer : 1027
PrivateFrameworks/HearingCore : 159
PrivateFrameworks/HearingUtilities : 159
PrivateFrameworks/HeimODAdmin : 46
PrivateFrameworks/Heimdal : 148
PrivateFrameworks/Helium : 723
PrivateFrameworks/HelloWorldMacHelper : 250
PrivateFrameworks/HelpData : 756
PrivateFrameworks/HomeAI : 346
PrivateFrameworks/HomeKit : 519
PrivateFrameworks/HomeKitBackingStore : 519
PrivateFrameworks/HomeKitDaemon : 519
PrivateFrameworks/IAP : 2854
PrivateFrameworks/IASUtilities : 269
PrivateFrameworks/IDS : 74
PrivateFrameworks/IDSFoundation : 74
PrivateFrameworks/IDSHashPersistence : 165
PrivateFrameworks/IDSKVStore : 165
PrivateFrameworks/IDSSystemPreferencesSignIn : 74
PrivateFrameworks/IMAVCore : 8491
PrivateFrameworks/IMFoundation : 251
PrivateFrameworks/IMSharedUI : 501
PrivateFrameworks/IMTransferServices : 251
PrivateFrameworks/IOAccelMemoryInfo : 45
PrivateFrameworks/IOAccelerator : 45
PrivateFrameworks/IOImageLoader : 1956
PrivateFrameworks/IOPlatformPluginFamily : 32
PrivateFrameworks/IOPresentment : 2167
PrivateFrameworks/ISSupport : 10328
PrivateFrameworks/IconServices : 32
PrivateFrameworks/IdleTimerServices : 5130
PrivateFrameworks/IncomingCallFilter : 405
PrivateFrameworks/InertiaCam : 1474
PrivateFrameworks/InputContext : 5828
PrivateFrameworks/InputTranscoder : 790
PrivateFrameworks/Install : 381
PrivateFrameworks/InstallerDiagnostics : 921
PrivateFrameworks/Intents : 96
PrivateFrameworks/IntentsCore : 96
PrivateFrameworks/IntentsFoundation : 96
PrivateFrameworks/IntentsServices : 96
PrivateFrameworks/InternationalSupport : 199
PrivateFrameworks/InternationalTextSearch : 2436
PrivateFrameworks/InternetAccounts : 798
PrivateFrameworks/IntlPreferences : 72
PrivateFrameworks/JavaApplicationLauncher : 1290
PrivateFrameworks/JavaLaunching : 1224
PrivateFrameworks/JavaScriptAppleEvents : 2418
PrivateFrameworks/JavaScriptOSA : 2218
PrivateFrameworks/Jet : 2806
PrivateFrameworks/JetEngine : 77
PrivateFrameworks/JetUI : 93
PrivateFrameworks/KerberosHelper : 2377
PrivateFrameworks/KeyboardServices : 23
PrivateFrameworks/KeychainCircle : 4
PrivateFrameworks/KnowledgeGraphKit : 10
PrivateFrameworks/KnowledgeMonitor : 31
PrivateFrameworks/LanguageModeling : 461
PrivateFrameworks/Lexicon : 2001
PrivateFrameworks/LibraryRepair : 846
PrivateFrameworks/LimitAdTracking : 208
PrivateFrameworks/LinguisticData : 349
PrivateFrameworks/LinkPresentation : 263
PrivateFrameworks/LocalAuthenticationRecoveryUI : 349
PrivateFrameworks/LocalAuthenticationUI : 349
PrivateFrameworks/LocationSupport : 138
PrivateFrameworks/LockoutUI : 1703
PrivateFrameworks/LoggingSupport : 82
PrivateFrameworks/LoginUIKit : 262
PrivateFrameworks/Lookup : 360
PrivateFrameworks/MDSChannel : 2157
PrivateFrameworks/MFAAuthentication : 154
PrivateFrameworks/MFiAuthentication : 2854
PrivateFrameworks/MLFoundation : 256
PrivateFrameworks/MMCS : 647
PrivateFrameworks/MTLCompiler : 52
PrivateFrameworks/MTLSimImplementation : 52
PrivateFrameworks/MachineSettings : 4814
PrivateFrameworks/MailSupport : 8
PrivateFrameworks/MailWebProcessSupport : 8
PrivateFrameworks/MallocStackLogging : 742
PrivateFrameworks/ManagedClient : 278
PrivateFrameworks/Mangrove : 458
PrivateFrameworks/MapsSuggestions : 97
PrivateFrameworks/MapsSupport : 97
PrivateFrameworks/Marco : 251
PrivateFrameworks/MarkupUI : 215
PrivateFrameworks/MediaControlSender : 67
PrivateFrameworks/MediaConversionService : 10
PrivateFrameworks/MediaExperience : 4
PrivateFrameworks/MediaKit : 3484
PrivateFrameworks/MediaMiningKit : 10
PrivateFrameworks/MediaRemote : 48
PrivateFrameworks/MediaServices : 146
PrivateFrameworks/MediaStream : 10
PrivateFrameworks/Memories : 46
PrivateFrameworks/MessageProtection : 51
PrivateFrameworks/MessageSecurity : 4154
PrivateFrameworks/MessagesHelperKit : 47
PrivateFrameworks/MessagesKit : 47
PrivateFrameworks/MetadataUtilities : 15
PrivateFrameworks/MetalTools : 52
PrivateFrameworks/MetricKitCore : 449
PrivateFrameworks/MetricKitServices : 449
PrivateFrameworks/MetricKitSource : 449
PrivateFrameworks/MetricMeasurement : 449
PrivateFrameworks/MiniSoftwareUpdate : 1311
PrivateFrameworks/MobileAccessoryUpdater : 191
PrivateFrameworks/MobileAsset : 401
PrivateFrameworks/MobileAssetUpdater : 261
PrivateFrameworks/MobileBluetooth : 141
PrivateFrameworks/MobileDevice : 119
PrivateFrameworks/MobileIcons : 32
PrivateFrameworks/MobileKeyBag : 214
PrivateFrameworks/Mondrian : 10
PrivateFrameworks/MonitorPanel : 409
PrivateFrameworks/Montreal : 3184
PrivateFrameworks/MultitouchSupport : 194
PrivateFrameworks/MultiverseSupport : 582
PrivateFrameworks/MusicLibrary : 115
PrivateFrameworks/NLP : 2052
PrivateFrameworks/Navigation : 166
PrivateFrameworks/NearField : 169
PrivateFrameworks/NetAppsUtilities : 3158
PrivateFrameworks/NetAuth : 828
PrivateFrameworks/NetFSServer : 342
PrivateFrameworks/Netrb : 291
PrivateFrameworks/Network : 25
PrivateFrameworks/NetworkServiceProxy : 2524
PrivateFrameworks/NetworkStatistics : 4510
PrivateFrameworks/NeutrinoCore : 10
PrivateFrameworks/NeutrinoKit : 10
PrivateFrameworks/Notes : 77
PrivateFrameworks/NotesShared : 77
PrivateFrameworks/NotesUI : 77
PrivateFrameworks/Noticeboard : 2097
PrivateFrameworks/OAuth : 16996
PrivateFrameworks/OSAServicesClient : 767
PrivateFrameworks/OSASubmissionClient : 811
PrivateFrameworks/OSASyncProxyClient : 811
PrivateFrameworks/OSAnalytics : 767
PrivateFrameworks/OSAnalyticsPrivate : 811
PrivateFrameworks/OSD : 1962
PrivateFrameworks/OSInstaller : 39
PrivateFrameworks/OSPersonalization : 952
PrivateFrameworks/OSUpdate : 45
PrivateFrameworks/OTSVG : 173
PrivateFrameworks/OfficeImport : 1006
PrivateFrameworks/OnBoardingKit : 77
PrivateFrameworks/OpenDirectoryConfig : 13234
PrivateFrameworks/OpenDirectoryConfigUI : 1279
PrivateFrameworks/Osprey : 275
PrivateFrameworks/PAImaging : 10
PrivateFrameworks/PAImagingCore : 10
PrivateFrameworks/PASampling : 291
PrivateFrameworks/PDFKit : 72
PrivateFrameworks/PIP : 495
PrivateFrameworks/PSNormalizer : 644
PrivateFrameworks/PackageKit : 24
PrivateFrameworks/PacketFilter : 828
PrivateFrameworks/ParsecModel : 92
PrivateFrameworks/ParsecSubscriptionServiceSupport : 92
PrivateFrameworks/ParsecUI : 17
PrivateFrameworks/PassKit : 142
PrivateFrameworks/PassKitCore : 159
PrivateFrameworks/PassKitUI : 22
PrivateFrameworks/PassKitUIFoundation : 70
PrivateFrameworks/PasswordServer : 7476
PrivateFrameworks/PencilKit : 731
PrivateFrameworks/PeopleSuggester : 41
PrivateFrameworks/PerformanceAnalysis : 291
PrivateFrameworks/PersistentConnection : 436
PrivateFrameworks/PersonaKit : 3069
PrivateFrameworks/PersonaUI : 3069
PrivateFrameworks/PersonalizationPortrait : 5
PrivateFrameworks/PersonalizationPortraitInternals : 5
PrivateFrameworks/PhoneNumbers : 47
PrivateFrameworks/PhotoAnalysis : 10
PrivateFrameworks/PhotoFoundation : 10
PrivateFrameworks/PhotoImaging : 10
PrivateFrameworks/PhotoLibrary : 10
PrivateFrameworks/PhotoLibraryServices : 10
PrivateFrameworks/PhotoPrintProduct : 669
PrivateFrameworks/PhotoVision : 10
PrivateFrameworks/PhotosFormats : 10
PrivateFrameworks/PhotosGraph : 10
PrivateFrameworks/PhotosImagingFoundation : 10
PrivateFrameworks/PhotosPlayer : 10
PrivateFrameworks/PhotosUICore : 10
PrivateFrameworks/PhysicsKit : 2644
PrivateFrameworks/PipelineKit : 10
PrivateFrameworks/PlacesKit : 10
PrivateFrameworks/PlugInKit : 230
PrivateFrameworks/PodcastServices : 18
PrivateFrameworks/PowerLog : 46
PrivateFrameworks/PowerlogControl : 46
PrivateFrameworks/PowerlogCore : 46
PrivateFrameworks/PowerlogDatabaseReader : 46
PrivateFrameworks/PowerlogLiteOperators : 37
PrivateFrameworks/PreferencePanesSupport : 307
PrivateFrameworks/PrintKit : 2546
PrivateFrameworks/PrintingPrivate : 479
PrivateFrameworks/PrivateFederatedLearning : 175
PrivateFrameworks/ProVideo : 862
PrivateFrameworks/ProactiveEventTracker : 113
PrivateFrameworks/ProactiveSupport : 113
PrivateFrameworks/ProactiveSupportStubs : 113
PrivateFrameworks/ProofReader : 779
PrivateFrameworks/ProtectedCloudStorage : 363
PrivateFrameworks/ProtocolBuffer : 904
PrivateFrameworks/PrototypeTools : 4164
PrivateFrameworks/QLCharts : 1006
PrivateFrameworks/Quagga : 1068
PrivateFrameworks/QuickLookIosmac : 134
PrivateFrameworks/QuickLookNonBaseSystem : 132
PrivateFrameworks/QuickLookSupport : 158
PrivateFrameworks/QuickLookThumbnailing : 158
PrivateFrameworks/QuickLookUIIosmac : 134
PrivateFrameworks/RTCReporting : 341
PrivateFrameworks/RTTUI : 159
PrivateFrameworks/RTTUtilities : 159
PrivateFrameworks/Rapport : 364
PrivateFrameworks/RapportUI : 375
PrivateFrameworks/ReminderKit : 10
PrivateFrameworks/ReminderKitUI : 10
PrivateFrameworks/ReminderMigration : 177
PrivateFrameworks/RemoteConfiguration : 2958
PrivateFrameworks/RemoteCoreML : 5256
PrivateFrameworks/RemoteManagement : 1319
PrivateFrameworks/RemoteServiceDiscovery : 14
PrivateFrameworks/RemoteTextInput : 2491
PrivateFrameworks/RemoteViewServices : 545
PrivateFrameworks/RemoteXPC : 14
PrivateFrameworks/RenderBox : 1151
PrivateFrameworks/ReplayKitMacHelper : 48
PrivateFrameworks/ResponseKit : 1816
PrivateFrameworks/Restore : 311
PrivateFrameworks/Reveal : 709
PrivateFrameworks/RevealCore : 709
PrivateFrameworks/RunningBoard : 68
PrivateFrameworks/RunningBoardServices : 66
PrivateFrameworks/SAObjects : 152
PrivateFrameworks/SCEP : 1264
PrivateFrameworks/SDAPI : 4138
PrivateFrameworks/SMBClient : 117
PrivateFrameworks/SMBClientEngine : 177
PrivateFrameworks/SPFinder : 143
PrivateFrameworks/SPOwner : 143
PrivateFrameworks/SPShared : 139
PrivateFrameworks/SPSupport : 826
PrivateFrameworks/Safari : 14
PrivateFrameworks/SafariCore : 14
PrivateFrameworks/SafariFoundation : 14
PrivateFrameworks/SafariPlatformSupport : 14
PrivateFrameworks/SafariShared : 14
PrivateFrameworks/SafeEjectGPU : 102
PrivateFrameworks/SampleAnalysis : 291
PrivateFrameworks/ScreenReader : 5
PrivateFrameworks/ScreenReaderCore : 5
PrivateFrameworks/ScreenSharing : 583
PrivateFrameworks/ScreenTimeCore : 49
PrivateFrameworks/ScreenTimeServiceUI : 54
PrivateFrameworks/ScreenTimeUI : 54
PrivateFrameworks/SearchAds : 208
PrivateFrameworks/SearchFoundation : 92
PrivateFrameworks/SearchUI : 435
PrivateFrameworks/SearchUICardKitProviderSupport : 530
PrivateFrameworks/SecCodeWrapper : 95
PrivateFrameworks/SecureChannel : 1194
PrivateFrameworks/SecurityTokend : 3156
PrivateFrameworks/Seeding : 737
PrivateFrameworks/SemanticDocumentManagement : 2039
PrivateFrameworks/SensingProtocols : 5272
PrivateFrameworks/SensorKit : 101
PrivateFrameworks/Sentry : 1212
PrivateFrameworks/ServerCompatibility : 2444
PrivateFrameworks/ServerInformation : 621
PrivateFrameworks/SetupAssistantFramework : 5
PrivateFrameworks/SetupAssistantSupport : 1349
PrivateFrameworks/ShareKit : 122
PrivateFrameworks/SharePointManagement : 30
PrivateFrameworks/ShareServicesCore : 10
PrivateFrameworks/ShareSheet : 45
PrivateFrameworks/SharedWebCredentials : 540
PrivateFrameworks/Sharing : 95
PrivateFrameworks/SharingXPCServices : 80
PrivateFrameworks/Shortcut : 858
PrivateFrameworks/SidecarCore : 436
PrivateFrameworks/SidecarUI : 436
PrivateFrameworks/SignpostCollection : 367
PrivateFrameworks/SignpostMetrics : 367
PrivateFrameworks/SignpostNotification : 97
PrivateFrameworks/SignpostSupport : 367
PrivateFrameworks/SiriClientFlow : 134
PrivateFrameworks/SiriCore : 42
PrivateFrameworks/SiriFoundation : 59
PrivateFrameworks/SiriInstrumentation : 195
PrivateFrameworks/SiriTTS : 46
PrivateFrameworks/SiriTasks : 56
PrivateFrameworks/SiriUI : 66
PrivateFrameworks/SiriVOX : 42
PrivateFrameworks/Slideshows : 716
PrivateFrameworks/SocialAppsCore : 47
PrivateFrameworks/SocialServices : 167
PrivateFrameworks/SocialUI : 47
PrivateFrameworks/SoftwareUpdate : 45
PrivateFrameworks/SpanMatcher : 42
PrivateFrameworks/SpeechDictionary : 1993
PrivateFrameworks/SpeechObjects : 242
PrivateFrameworks/SpeechRecognitionCommandServices : 1298
PrivateFrameworks/SpeechRecognitionCore : 480
PrivateFrameworks/Spotlight : 17
PrivateFrameworks/SpotlightIndex : 14
PrivateFrameworks/SpotlightServerKit : 14
PrivateFrameworks/SpotlightServices : 17
PrivateFrameworks/StatsKit : 6515
PrivateFrameworks/StorageKit : 848
PrivateFrameworks/StorageManagement : 146
PrivateFrameworks/StoreFoundation : 51
PrivateFrameworks/StoreJavaScript : 51
PrivateFrameworks/StoreServices : 290
PrivateFrameworks/StoreUI : 51
PrivateFrameworks/StreamingZip : 1038
PrivateFrameworks/Suggestions : 522
PrivateFrameworks/Symbolication : 742
PrivateFrameworks/SymptomDiagnosticReporter : 184
PrivateFrameworks/SymptomReporter : 186
PrivateFrameworks/Symptoms : 186
PrivateFrameworks/SyncServicesUI : 8402
PrivateFrameworks/SyncedDefaults : 881
PrivateFrameworks/SystemAdministration : 100
PrivateFrameworks/SystemAdministrationInterface : 660
PrivateFrameworks/SystemDesktopAppearance : 7
PrivateFrameworks/SystemMigration : 54
PrivateFrameworks/SystemMigrationNetworking : 54
PrivateFrameworks/SystemMigrationUtils : 54
PrivateFrameworks/SystemPolicy : 24
PrivateFrameworks/SystemUIPlugin : 4826
PrivateFrameworks/TCC : 265
PrivateFrameworks/TTYUtilities : 3098
PrivateFrameworks/TVRemoteCore : 115
PrivateFrameworks/TelephonyUtilities : 64
PrivateFrameworks/TemplateKit : 435
PrivateFrameworks/TextInput : 69
PrivateFrameworks/TextInputCore : 69
PrivateFrameworks/TextInputMenuUI : 161
PrivateFrameworks/TextRecognition : 780
PrivateFrameworks/TextToSpeech : 87
PrivateFrameworks/TextureIO : 4197
PrivateFrameworks/TimeMachine : 309
PrivateFrameworks/TimeSync : 265
PrivateFrameworks/ToneKit : 731
PrivateFrameworks/ToneLibrary : 731
PrivateFrameworks/Tourist : 218
PrivateFrameworks/Transparency : 111
PrivateFrameworks/TransparencyDetailsViewMac : 208
PrivateFrameworks/TrustEvaluationAgent : 2749
PrivateFrameworks/TrustedPeers : 4
PrivateFrameworks/TuriCore : 426
PrivateFrameworks/UAUPlugin : 512
PrivateFrameworks/UIFoundation : 1062
PrivateFrameworks/UIKitMacHelper : 9
PrivateFrameworks/UIKitSystemAppServices : 250
PrivateFrameworks/UIRecording : 477
PrivateFrameworks/URLFormatting : 263
PrivateFrameworks/USDKit : 2177
PrivateFrameworks/UXKit : 10
PrivateFrameworks/Uninstall : 3820
PrivateFrameworks/UniversalAccess : 25
PrivateFrameworks/UsageTracking : 108
PrivateFrameworks/UserActivity : 787
PrivateFrameworks/UserManagement : 297
PrivateFrameworks/VCXMPP : 11287
PrivateFrameworks/VectorKit : 175
PrivateFrameworks/VideoConference : 994
PrivateFrameworks/VideoProcessing : 1389
PrivateFrameworks/ViewBridge : 182
PrivateFrameworks/VisionKit : 889
PrivateFrameworks/VisualPairing : 3783
PrivateFrameworks/VisualTestKit : 682
PrivateFrameworks/VoiceShortcutClient : 116
PrivateFrameworks/VoiceShortcuts : 116
PrivateFrameworks/VoiceTrigger : 1446
PrivateFrameworks/WPDaemon : 3191
PrivateFrameworks/WatchdogClient : 148
PrivateFrameworks/WeatherFoundation : 1431
PrivateFrameworks/WeatherKit : 299
PrivateFrameworks/WebContentAnalysis : 111
PrivateFrameworks/WebDriver : 14
PrivateFrameworks/WebFilterDNS : 111
PrivateFrameworks/WebInspector : 14
PrivateFrameworks/WebInspectorUI : 14
PrivateFrameworks/WiFiCloudSyncEngine : 85
PrivateFrameworks/WiFiPeerToPeer : 1743
PrivateFrameworks/WiFiPolicy : 173
PrivateFrameworks/WiFiVelocity : 241
PrivateFrameworks/WirelessCoexManager : 38
PrivateFrameworks/WirelessDiagnostics : 4512
PrivateFrameworks/WirelessProximity : 3191
PrivateFrameworks/WorkflowKit : 116
PrivateFrameworks/XARTRecovery : 1234
PrivateFrameworks/XCTAutomationSupport : 173
PrivateFrameworks/XCTTargetBootstrap : 173
PrivateFrameworks/XPCService : 9037
PrivateFrameworks/XQuery : 4025
PrivateFrameworks/XprotectFramework : 108
PrivateFrameworks/acfs : 1308
PrivateFrameworks/caulk : 1507
PrivateFrameworks/iAdCore : 190
PrivateFrameworks/iAdServices : 190
PrivateFrameworks/iCalendar : 282
PrivateFrameworks/iLifeMediaBrowser : 59
PrivateFrameworks/iPod : 4811
PrivateFrameworks/iPodSync : 1194
PrivateFrameworks/iPodUpdater : 1098
PrivateFrameworks/iWorkXPC : 1365
PrivateFrameworks/kperf : 911
PrivateFrameworks/kperfdata : 911
PrivateFrameworks/ktrace : 1023
PrivateFrameworks/login : 1200
PrivateFrameworks/nt : 138
PrivateFrameworks/oncrpc : 1382
PrivateFrameworks/perfdata : 656
PrivateFrameworks/vCard : 89
PrivateFrameworks/yara : 154
CoreServices/AddressBookUrlForwarder : 2421.4
CoreServices/Finder : 1298.2.10
CoreServices/Keychain Circle Notification : 59306.61.1
CoreServices/NotificationCenter : 845.20.2
CoreServices/Setup Assistant : 2504
CoreServices/Spotlight : 2075.4
CoreServices/UserNotificationCenter : 53
CoreServices/VoiceOver : 708.5
Frameworks/AVKit : 136
Frameworks/BusinessChat : 410
Frameworks/ContactsUI : 76
Frameworks/CoreAudioKit : 553
Frameworks/CoreNFC : 88
Frameworks/EventKitUI : 61
Frameworks/GameController : 48
Frameworks/GameKit : 386
Frameworks/GameplayKit : 635
Frameworks/HealthKit : 162
Frameworks/HealthKitUI : 162
Frameworks/IdentityLookupUI : 25
Frameworks/IntentsUI : 40
Frameworks/LinkPresentation : 105
Frameworks/MapKit : 42
Frameworks/MediaPlayer : 29
Frameworks/MetalKit : 119
Frameworks/MobileCoreServices : 219
Frameworks/MultipeerConnectivity : 976
Frameworks/PDFKit : 44
Frameworks/PassKit : 80
Frameworks/PencilKit : 348
Frameworks/QuickLook : 129
Frameworks/ReplayKit : 48
Frameworks/SceneKit : 46
Frameworks/Social : 95
Frameworks/SpriteKit : 52
Frameworks/StoreKit : 25
Frameworks/SwiftUI : 25
Frameworks/UIKit : 9
Frameworks/VisionKit : 681
Frameworks/WatchConnectivity : 425
Frameworks/iAd : 190
PrivateFrameworks/AVKitMacHelper : 136
PrivateFrameworks/Accessibility : 15
PrivateFrameworks/AccessibilityUtilities : 15
PrivateFrameworks/ActionKit : 26
PrivateFrameworks/ActionKitUI : 27
PrivateFrameworks/ActivityRingsUI : 721
PrivateFrameworks/AddressBookLegacy : 149
PrivateFrameworks/AnnotationKit : 210
PrivateFrameworks/AppAnalytics : 645
PrivateFrameworks/AppSupportUI : 862
PrivateFrameworks/AuthKitUI : 17
PrivateFrameworks/AuthKitUIMacHelper : 17
PrivateFrameworks/BaseBoardUI : 238
PrivateFrameworks/CalendarUIKit : 74
PrivateFrameworks/ClassroomKit : 417
PrivateFrameworks/ContactsAutocompleteUI : 160
PrivateFrameworks/ContentKit : 26
PrivateFrameworks/CorePDF : 249
PrivateFrameworks/CoreRecognition : 301
PrivateFrameworks/DataDetectorsUI : 438
PrivateFrameworks/DocumentManager : 31
PrivateFrameworks/DocumentManagerCore : 31
PrivateFrameworks/EmojiKit : 266
PrivateFrameworks/FMCoreUI : 281
PrivateFrameworks/FMNetworking : 74
PrivateFrameworks/GameCenterUI : 200
PrivateFrameworks/Home : 113
PrivateFrameworks/HomeKit : 78
PrivateFrameworks/HomeUI : 113
PrivateFrameworks/IMAssistantCore : 28
PrivateFrameworks/IMCore : 28
PrivateFrameworks/IMDPersistence : 28
PrivateFrameworks/IMSharedUtilities : 28
PrivateFrameworks/IMTranscoding : 28
PrivateFrameworks/IntlPreferences : 32
PrivateFrameworks/Jet : 703
PrivateFrameworks/ManagedConfiguration : 68
PrivateFrameworks/MarkupUI : 210
PrivateFrameworks/MediaPlaybackCore : 29
PrivateFrameworks/MobileTimer : 1376
PrivateFrameworks/MobileTimerUI : 1376
PrivateFrameworks/NanoRegistry : 402
PrivateFrameworks/NetAppsUtilitiesUI : 3158
PrivateFrameworks/NewsAnalytics : 6
PrivateFrameworks/NewsAnalyticsUpload : 6
PrivateFrameworks/NewsArticles : 6
PrivateFrameworks/NewsCore : 6
PrivateFrameworks/NewsDaemon : 6
PrivateFrameworks/NewsFeed : 6
PrivateFrameworks/NewsFeedLayout : 6
PrivateFrameworks/NewsFoundation : 6
PrivateFrameworks/NewsServicesInternal : 6
PrivateFrameworks/NewsSubscription : 6
PrivateFrameworks/NewsTransport : 6
PrivateFrameworks/NewsUI : 6
PrivateFrameworks/NewsUI2 : 6
PrivateFrameworks/OnBoardingKit : 49
PrivateFrameworks/PassKitUIFoundation : 30
PrivateFrameworks/PencilKit : 348
PrivateFrameworks/PersonaUI : 1041
PrivateFrameworks/RTTUI : 66
PrivateFrameworks/RapportUI : 274
PrivateFrameworks/SPShared : 74
PrivateFrameworks/Silex : 6
PrivateFrameworks/SilexVideo : 6
PrivateFrameworks/SilexWeb : 6
PrivateFrameworks/SocialServices : 76
PrivateFrameworks/Stocks : 4046
PrivateFrameworks/TSReading : 2124
PrivateFrameworks/TSUtility : 2124
PrivateFrameworks/TeaActivities : 39
PrivateFrameworks/TeaCharts : 39
PrivateFrameworks/TeaDB : 39
PrivateFrameworks/TeaFoundation : 39
PrivateFrameworks/TeaSettings : 39
PrivateFrameworks/TeaTemplate : 39
PrivateFrameworks/TeaUI : 39
PrivateFrameworks/TeaUIKit : 39
PrivateFrameworks/TelephonyUI : 26
PrivateFrameworks/TransparencyDetailsView : 208
PrivateFrameworks/UIAccessibility : 15
PrivateFrameworks/UIKitCore : 9
PrivateFrameworks/UIKitMacHelper : 9
PrivateFrameworks/UserNotificationsExtensionPoint : 140
PrivateFrameworks/VisualAlert : 15
PrivateFrameworks/VisualPairing : 1770
PrivateFrameworks/VoiceMemos : 221
PrivateFrameworks/VoiceShortcutClient : 26
PrivateFrameworks/VoiceShortcuts : 26
PrivateFrameworks/VoiceShortcutsUI : 27
PrivateFrameworks/Weather : 4842
PrivateFrameworks/WeatherFoundation : 216
PrivateFrameworks/WebUI : 6
PrivateFrameworks/WorkflowKit : 26
PrivateFrameworks/WorkflowUI : 27
