Applications/Battle.net : 1.18.0 (11699)
Applications/Google Chrome Canary : 3991.0
Applications/Keka : 3421
Applications/Todeska : 1.3.6
Applications/mySIMBL : 72
Frameworks/AGL : 3142
Frameworks/AVFoundation : 41
Frameworks/AVKit : 115
Frameworks/Accelerate : 263
Frameworks/Accounts : 651
Frameworks/AdSupport : 1219
Frameworks/AddressBook : 8
Frameworks/AppleScriptKit : 2804
Frameworks/AppleScriptObjC : 4175
Frameworks/ApplicationServices : 2443
Frameworks/AudioToolbox : 6
Frameworks/AudioUnit : 5
Frameworks/AudioVideoBridging : 506
Frameworks/AuthenticationServices : 3
Frameworks/Automator : 182
Frameworks/BackgroundTasks : 73
Frameworks/BusinessChat : 918
Frameworks/CFNetwork : 4
Frameworks/CalendarStore : 261
Frameworks/CallKit : 28
Frameworks/Carbon : 3785
Frameworks/CloudKit : 147
Frameworks/Cocoa : 10901
Frameworks/Collaboration : 3614
Frameworks/ColorSync : 874
Frameworks/Combine : 358
Frameworks/Contacts : 49
Frameworks/CoreAudio : 181
Frameworks/CoreAudioKit : 702
Frameworks/CoreAudioTypes : 5
Frameworks/CoreBluetooth : 134
Frameworks/CoreData : 4
Frameworks/CoreGraphics : 50
Frameworks/CoreHaptics : 49
Frameworks/CoreImage : 53
Frameworks/CoreLocation : 79
Frameworks/CoreMIDI : 671
Frameworks/CoreMIDIServer : 671
Frameworks/CoreML : 100
Frameworks/CoreMediaIO : 71
Frameworks/CoreMotion : 79
Frameworks/CoreServices : 244
Frameworks/CoreSpotlight : 2
Frameworks/CoreTelephony : 26
Frameworks/CoreText : 15
Frameworks/CoreVideo : 1806
Frameworks/CoreWLAN : 76
Frameworks/CryptoKit : 235
Frameworks/CryptoTokenKit : 123
Frameworks/DVDPlayback : 18
Frameworks/DeviceCheck : 6731
Frameworks/DirectoryService : 286
Frameworks/DiscRecording : 39
Frameworks/DiscRecordingUI : 39
Frameworks/DiskArbitration : 397
Frameworks/DriverKit : 325
Frameworks/EventKit : 93
Frameworks/ExceptionHandling : 4400
Frameworks/ExecutionPolicy : 17
Frameworks/ExternalAccessory : 546
Frameworks/FWAUserLib : 614
Frameworks/FileProvider : 70
Frameworks/FileProviderUI : 592
Frameworks/FinderSync : 3
Frameworks/ForceFeedback : 3230
Frameworks/GLKit : 19
Frameworks/GLUT : 98
Frameworks/GSS : 99
Frameworks/GameController : 77
Frameworks/GameKit : 404
Frameworks/GameplayKit : 2143
Frameworks/HIDDriverKit : 5
Frameworks/Hypervisor : 34
Frameworks/ICADevices : 6
Frameworks/IMServicePlugIn : 15
Frameworks/IOBluetooth : 16
Frameworks/IOBluetoothUI : 16
Frameworks/IOKit : 274
Frameworks/IOSurface : 1521
Frameworks/IOUSBHost : 25
Frameworks/IdentityLookup : 28
Frameworks/ImageCaptureCore : 6
Frameworks/ImageIO : 90
Frameworks/InputMethodKit : 225
Frameworks/InstallerPlugins : 262
Frameworks/InstantMessage : 10369
Frameworks/Intents : 84
Frameworks/JavaFrameEmbedding : 1257
Frameworks/JavaScriptCore : 3
Frameworks/JavaVM : 1265
Frameworks/Kerberos : 789
Frameworks/Kernel : 20
Frameworks/LDAP : 76
Frameworks/LatentSemanticMapping : 2375
Frameworks/LinkPresentation : 227
Frameworks/LocalAuthentication : 336
Frameworks/MediaAccessibility : 2224
Frameworks/MediaLibrary : 31
Frameworks/Message : 12047
Frameworks/MetalKit : 120
Frameworks/MetalPerformanceShaders : 30
Frameworks/MetricKit : 397
Frameworks/ModelIO : 659
Frameworks/MultipeerConnectivity : 2110
Frameworks/NaturalLanguage : 2109
Frameworks/NetFS : 326
Frameworks/Network : 17
Frameworks/NetworkExtension : 26
Frameworks/NetworkingDriverKit : 623
Frameworks/OSAKit : 4786
Frameworks/OSLog : 69
Frameworks/OpenAL : 707
Frameworks/OpenCL : 786
Frameworks/OpenDirectory : 286
Frameworks/OpenGL : 2431
Frameworks/PCSC : 34
Frameworks/PDFKit : 6
Frameworks/PencilKit : 688
Frameworks/PreferencePanes : 481
Frameworks/PushKit : 1247
Frameworks/Python : 823
Frameworks/QTKit : 628
Frameworks/Quartz : 7669
Frameworks/QuartzCore : 4
Frameworks/QuickLook : 86
Frameworks/QuickLookThumbnailing : 113
Frameworks/RealityKit : 49
Frameworks/Ruby : 768
Frameworks/SafariServices : 3
Frameworks/SceneKit : 97
Frameworks/ScreenSaver : 15
Frameworks/ScriptingBridge : 1941
Frameworks/SecurityFoundation : 392
Frameworks/SecurityInterface : 637
Frameworks/ServiceManagement : 8
Frameworks/SoundAnalysis : 1794
Frameworks/Speech : 239
Frameworks/SpriteKit : 42
Frameworks/StoreKit : 83
Frameworks/SwiftUI : 37
Frameworks/SyncServices : 8365
Frameworks/System : 78999
Frameworks/SystemConfiguration : 1483
Frameworks/SystemExtensions : 114
Frameworks/TWAIN : 371
Frameworks/Tcl : 1036
Frameworks/Tk : 1036
Frameworks/USBDriverKit : 25
Frameworks/UserNotifications : 365
Frameworks/VideoDecodeAcceleration : 4530
Frameworks/Vision : 1470
Frameworks/WebKit : 3
Frameworks/iTunesLibrary : 25
Frameworks/vecLib : 263
Frameworks/vmnet : 273
PrivateFrameworks/ACDEClient : 7678
PrivateFrameworks/AMPDevices : 21
PrivateFrameworks/AOSAccounts : 137
PrivateFrameworks/AOSAccountsLite : 137
PrivateFrameworks/AOSKit : 10
PrivateFrameworks/AOSMigrate : 12967
PrivateFrameworks/AOSUI : 130
PrivateFrameworks/APFS : 18
PrivateFrameworks/AVConference : 180
PrivateFrameworks/AVFoundationCF : 33
PrivateFrameworks/AXCoreUtilities : 4
PrivateFrameworks/AXHearingCoreSupport : 3063
PrivateFrameworks/AXHearingSupport : 3063
PrivateFrameworks/AXMediaUtilities : 470
PrivateFrameworks/AXRuntime : 4
PrivateFrameworks/AccessibilityBundles : 25
PrivateFrameworks/AccessoryNowPlaying : 136
PrivateFrameworks/AccountPolicy : 2513
PrivateFrameworks/AccountsDaemon : 651
PrivateFrameworks/AccountsUI : 339
PrivateFrameworks/ActionKit : 83
PrivateFrameworks/AdAnalytics : 157
PrivateFrameworks/AdCore : 178
PrivateFrameworks/AdID : 178
PrivateFrameworks/AdPlatforms : 178
PrivateFrameworks/AdPlatformsInternal : 178
PrivateFrameworks/AddressBookCore : 8
PrivateFrameworks/Admin : 92
PrivateFrameworks/AggregateDictionary : 2586
PrivateFrameworks/AggregateDictionaryHistory : 2586
PrivateFrameworks/AirPlayReceiver : 84
PrivateFrameworks/AirPlaySender : 84
PrivateFrameworks/AirTrafficHost : 159
PrivateFrameworks/AmbientDisplay : 30
PrivateFrameworks/AnnotationKit : 177
PrivateFrameworks/AppContainer : 75
PrivateFrameworks/AppSSO : 25
PrivateFrameworks/AppSSOCore : 25
PrivateFrameworks/AppSSOKerberos : 25
PrivateFrameworks/AppSSOUI : 25
PrivateFrameworks/AppSandbox : 75
PrivateFrameworks/AppServerSupport : 8
PrivateFrameworks/AppStoreDaemon : 3
PrivateFrameworks/AppStoreFoundation : 3
PrivateFrameworks/AppStoreUI : 43
PrivateFrameworks/AppSupport : 3821
PrivateFrameworks/AppSupportUI : 3186
PrivateFrameworks/Apple80211 : 96
PrivateFrameworks/AppleAccount : 452
PrivateFrameworks/AppleAppSupport : 7669
PrivateFrameworks/AppleFSCompression : 11483
PrivateFrameworks/AppleGVA : 33
PrivateFrameworks/AppleGVACore : 33
PrivateFrameworks/AppleIDAuthSupport : 629
PrivateFrameworks/AppleIDSSOAuthentication : 594
PrivateFrameworks/AppleJPEG : 728
PrivateFrameworks/AppleLDAP : 4896
PrivateFrameworks/AppleMediaServicesUI : 5
PrivateFrameworks/ApplePushService : 83
PrivateFrameworks/AppleSRP : 8652
PrivateFrameworks/AppleSauce : 3423
PrivateFrameworks/AppleScript : 420
PrivateFrameworks/AppleShareClientCore : 2161
PrivateFrameworks/AppleSystemInfo : 373
PrivateFrameworks/AppleVA : 1771
PrivateFrameworks/AppleVPA : 146
PrivateFrameworks/AskPermission : 60
PrivateFrameworks/AssertionServices : 54
PrivateFrameworks/AssetCacheServices : 125
PrivateFrameworks/AssetCacheServicesExtensions : 125
PrivateFrameworks/AssistantServices : 42
PrivateFrameworks/AssistiveControlSupport : 216
PrivateFrameworks/AttributeGraph : 1411
PrivateFrameworks/AudioDSPManager : 587
PrivateFrameworks/AudioHistory : 587
PrivateFrameworks/AudioPasscode : 2270
PrivateFrameworks/AudioResourceArbitration : 601
PrivateFrameworks/AudioServerApplication : 13
PrivateFrameworks/AudioServerDriver : 13
PrivateFrameworks/AudioSession : 631
PrivateFrameworks/AudioToolboxCore : 5
PrivateFrameworks/AuthKit : 24
PrivateFrameworks/AuthKitUI : 33
PrivateFrameworks/AuthenticationServices : 3
PrivateFrameworks/AutoBugCaptureCore : 111
PrivateFrameworks/AutoLoop : 2422
PrivateFrameworks/BackBoardServices : 52
PrivateFrameworks/BackgroundTaskManagement : 12
PrivateFrameworks/Backup : 3
PrivateFrameworks/BaseBoard : 267
PrivateFrameworks/BatteryUIKit : 3956
PrivateFrameworks/BehaviorMiner : 386
PrivateFrameworks/BezelServices : 680
PrivateFrameworks/BioKitAggD : 7943
PrivateFrameworks/BiometricKit : 468
PrivateFrameworks/BiometricSupport : 398
PrivateFrameworks/BluetoothAudio : 16
PrivateFrameworks/BluetoothManager : 134
PrivateFrameworks/BoardServices : 267
PrivateFrameworks/Bom : 161
PrivateFrameworks/BookCoverUtility : 34
PrivateFrameworks/BookKit : 34
PrivateFrameworks/BookKitFoundation : 34
PrivateFrameworks/BookUtility : 34
PrivateFrameworks/BridgeOSInstall : 475
PrivateFrameworks/BridgeOSInstallReporting : 475
PrivateFrameworks/BridgeOSObliteration : 1142
PrivateFrameworks/BridgeOSSoftwareUpdate : 2390
PrivateFrameworks/BridgeXPC : 1626
PrivateFrameworks/ByteRangeLocking : 2113
PrivateFrameworks/C2 : 604
PrivateFrameworks/CDDataAccess : 6
PrivateFrameworks/CDDataAccessExpress : 6
PrivateFrameworks/CPAnalytics : 1
PrivateFrameworks/CPMLBestShim : 5644
PrivateFrameworks/CSCSupport : 41
PrivateFrameworks/CacheDelete : 396
PrivateFrameworks/CalDAV : 252
PrivateFrameworks/Calculate : 565
PrivateFrameworks/CalendarAgent : 170
PrivateFrameworks/CalendarDraw : 263
PrivateFrameworks/CalendarFoundation : 482
PrivateFrameworks/CalendarNotification : 145
PrivateFrameworks/CalendarPersistence : 258
PrivateFrameworks/CalendarUI : 193
PrivateFrameworks/CalendarUIKit : 44
PrivateFrameworks/CallHistory : 36
PrivateFrameworks/CameraImagingFramework : 4377
PrivateFrameworks/CaptiveNetwork : 26
PrivateFrameworks/CardKit : 656
PrivateFrameworks/CardServices : 656
PrivateFrameworks/Cards : 656
PrivateFrameworks/Catalyst : 3357
PrivateFrameworks/Categories : 711
PrivateFrameworks/CharacterPicker : 160
PrivateFrameworks/ChunkingLibrary : 3358
PrivateFrameworks/ClassKit : 100
PrivateFrameworks/ClassroomKit : 420
PrivateFrameworks/ClockMenuExtraPreferences : 685
PrivateFrameworks/CloudDocs : 13
PrivateFrameworks/CloudFamilyRestrictions : 941
PrivateFrameworks/CloudFamilyRestrictionsDaemon : 941
PrivateFrameworks/CloudKitCode : 149
PrivateFrameworks/CloudKitCodeProtobuf : 149
PrivateFrameworks/CloudKitDaemon : 114
PrivateFrameworks/CloudServices : 223
PrivateFrameworks/Coherence : 5130
PrivateFrameworks/CombineCocoa : 358
PrivateFrameworks/CommerceKit : 43
PrivateFrameworks/CommonAuth : 99
PrivateFrameworks/CommonCandidateWindow : 10481
PrivateFrameworks/CommonUtilities : 3281
PrivateFrameworks/CommunicationsFilter : 359
PrivateFrameworks/ConditionInducer : 2478
PrivateFrameworks/ConfigProfileHelper : 269
PrivateFrameworks/ConfigurationEngineModel : 368
PrivateFrameworks/ConfigurationProfiles : 269
PrivateFrameworks/ConfigurationProfilesUI : 3
PrivateFrameworks/ConsoleKit : 278
PrivateFrameworks/ConstantClasses : 1986
PrivateFrameworks/ContactsAgent : 967
PrivateFrameworks/ContactsAssistantServices : 635
PrivateFrameworks/ContactsAutocomplete : 692
PrivateFrameworks/ContactsAutocompleteUI : 131
PrivateFrameworks/ContactsDonation : 1333
PrivateFrameworks/ContactsDonationFeedback : 1333
PrivateFrameworks/ContactsFoundation : 49
PrivateFrameworks/ContactsPersistence : 49
PrivateFrameworks/ContentKit : 83
PrivateFrameworks/ContextKit : 976
PrivateFrameworks/ConversationKit : 26
PrivateFrameworks/CoreADI : 2294
PrivateFrameworks/CoreAUC : 351
PrivateFrameworks/CoreAVCHD : 2386
PrivateFrameworks/CoreAccessories : 136
PrivateFrameworks/CoreAnalytics : 2956
PrivateFrameworks/CoreAppleCVA : 2401
PrivateFrameworks/CoreBrightness : 515
PrivateFrameworks/CoreCDP : 522
PrivateFrameworks/CoreCDPInternal : 522
PrivateFrameworks/CoreCDPUI : 522
PrivateFrameworks/CoreCapture : 147
PrivateFrameworks/CoreCaptureControl : 147
PrivateFrameworks/CoreCaptureDaemon : 147
PrivateFrameworks/CoreChart : 1138
PrivateFrameworks/CoreChineseEngine : 840
PrivateFrameworks/CoreDAV : 31
PrivateFrameworks/CoreDaemon : 1626
PrivateFrameworks/CoreDuet : 17
PrivateFrameworks/CoreDuetContext : 17
PrivateFrameworks/CoreDuetDaemonProtocol : 17
PrivateFrameworks/CoreDuetDataModel : 17
PrivateFrameworks/CoreDuetDebugLogging : 17
PrivateFrameworks/CoreDuetStatistics : 17
PrivateFrameworks/CoreDuetSync : 17
PrivateFrameworks/CoreEmoji : 718
PrivateFrameworks/CoreFP : 150
PrivateFrameworks/CoreFollowUp : 833
PrivateFrameworks/CoreFollowUpUI : 833
PrivateFrameworks/CoreHAP : 483
PrivateFrameworks/CoreHandwriting : 571
PrivateFrameworks/CoreKE : 787
PrivateFrameworks/CoreKnowledge : 340
PrivateFrameworks/CoreLSKD : 402
PrivateFrameworks/CoreLSKDMSE : 1183
PrivateFrameworks/CoreMLTestFramework : 75
PrivateFrameworks/CoreMaterial : 203
PrivateFrameworks/CoreNLP : 1049
PrivateFrameworks/CoreNameParser : 2817
PrivateFrameworks/CoreNavigation : 199
PrivateFrameworks/CoreOptimization : 5644
PrivateFrameworks/CorePDF : 225
PrivateFrameworks/CoreParsec : 65
PrivateFrameworks/CorePhoneNumbers : 36
PrivateFrameworks/CorePrediction : 5644
PrivateFrameworks/CoreRE : 49
PrivateFrameworks/CoreRecents : 2097
PrivateFrameworks/CoreRecognition : 739
PrivateFrameworks/CoreRoutine : 183
PrivateFrameworks/CoreSDB : 3096
PrivateFrameworks/CoreSVG : 1659
PrivateFrameworks/CoreServicesInternal : 89
PrivateFrameworks/CoreServicesStore : 135
PrivateFrameworks/CoreSpeech : 52
PrivateFrameworks/CoreSpotlightImportDaemon : 2
PrivateFrameworks/CoreSuggestions : 3
PrivateFrameworks/CoreSuggestionsInternals : 3
PrivateFrameworks/CoreSuggestionsML : 3
PrivateFrameworks/CoreSuggestionsUI : 3
PrivateFrameworks/CoreSymbolication : 593
PrivateFrameworks/CoreThemeDefinition : 64
PrivateFrameworks/CoreTime : 1974
PrivateFrameworks/CoreUI : 188
PrivateFrameworks/CoreUtils : 28
PrivateFrameworks/CoreUtilsSwift : 1857
PrivateFrameworks/CoreWLANKit : 60
PrivateFrameworks/CoreWiFi : 390
PrivateFrameworks/CrashReporterSupport : 152
PrivateFrameworks/CreateML : 110
PrivateFrameworks/CryptoKitCBridging : 235
PrivateFrameworks/CryptoKitPrivate : 235
PrivateFrameworks/DAAPKit : 87
PrivateFrameworks/DASDaemon : 73
PrivateFrameworks/DCERPC : 1840
PrivateFrameworks/DFRBrightness : 515
PrivateFrameworks/DFRDisplay : 1504
PrivateFrameworks/DFRFoundation : 170
PrivateFrameworks/DSExternalDisplay : 203
PrivateFrameworks/DTXConnectionServices : 617
PrivateFrameworks/DVD : 13831
PrivateFrameworks/DataDeliveryServices : 9791
PrivateFrameworks/DataDetectors : 399
PrivateFrameworks/DataDetectorsCore : 3471
PrivateFrameworks/DataDetectorsNaturalLanguage : 1463
PrivateFrameworks/DebugSymbols : 2669
PrivateFrameworks/DesktopServicesPriv : 26
PrivateFrameworks/DeviceCheckInternal : 6731
PrivateFrameworks/DeviceLink : 159
PrivateFrameworks/DeviceManagement : 368
PrivateFrameworks/DeviceToDeviceManager : 7162
PrivateFrameworks/DiagnosticExtensions : 2315
PrivateFrameworks/DiagnosticLogCollection : 240
PrivateFrameworks/DifferentialPrivacy : 396
PrivateFrameworks/DigitalTouchShared : 1611
PrivateFrameworks/DirectoryEditor : 297
PrivateFrameworks/DirectoryServer : 10429
PrivateFrameworks/DiskImages : 577
PrivateFrameworks/DiskManagement : 32
PrivateFrameworks/DisplayServices : 222
PrivateFrameworks/DisplayTransportServices : 1203
PrivateFrameworks/DistributedEvaluation : 67
PrivateFrameworks/DrawingKit : 177
PrivateFrameworks/DuetActivityScheduler : 73
PrivateFrameworks/DuetRecommendation : 17
PrivateFrameworks/DynamicDesktop : 17
PrivateFrameworks/EAFirmwareUpdater : 220
PrivateFrameworks/EAP8021X : 1074
PrivateFrameworks/EFILogin : 531
PrivateFrameworks/EasyConfig : 28
PrivateFrameworks/Email : 7
PrivateFrameworks/EmailAddressing : 7
PrivateFrameworks/EmailCore : 7
PrivateFrameworks/EmailDaemon : 7
PrivateFrameworks/EmailFoundation : 7
PrivateFrameworks/EmbeddedAcousticRecognition : 67
PrivateFrameworks/EmbeddedOSInstall : 1493
PrivateFrameworks/EmbeddedOSSupportHost : 24
PrivateFrameworks/EmbeddedSensingProtocols : 5167
PrivateFrameworks/EmojiFoundation : 91
PrivateFrameworks/Engram : 240
PrivateFrameworks/Espresso : 1686
PrivateFrameworks/ExchangeSync : 400
PrivateFrameworks/ExchangeWebServices : 1213
PrivateFrameworks/ExpansionSlotSupport : 161
PrivateFrameworks/FMClient : 1914
PrivateFrameworks/FMCore : 307
PrivateFrameworks/FMCoreLite : 302
PrivateFrameworks/FMCoreUI : 528
PrivateFrameworks/FMF : 982
PrivateFrameworks/FMFCore : 23
PrivateFrameworks/FMFUI : 982
PrivateFrameworks/FMIPCore : 23
PrivateFrameworks/FMNetworking : 96
PrivateFrameworks/FTAWD : 240
PrivateFrameworks/FTClientServices : 55
PrivateFrameworks/FTServices : 55
PrivateFrameworks/FWAVC : 71
PrivateFrameworks/FaceCore : 2140
PrivateFrameworks/FamilyCircle : 694
PrivateFrameworks/FamilyCircleUI : 694
PrivateFrameworks/FamilyControls : 398
PrivateFrameworks/FamilyNotification : 694
PrivateFrameworks/FeatureFlagsSupport : 4388
PrivateFrameworks/FileProvider : 70
PrivateFrameworks/FileProviderDaemon : 34
PrivateFrameworks/FilesActionsUI : 592
PrivateFrameworks/FindMyDevice : 304
PrivateFrameworks/FindMyDeviceUI : 244
PrivateFrameworks/FindMyMac : 322
PrivateFrameworks/FinderKit : 3
PrivateFrameworks/FinderSyncPriv : 3
PrivateFrameworks/FlightUtilities : 654
PrivateFrameworks/FolderActionsKit : 1121
PrivateFrameworks/FontServices : 3250
PrivateFrameworks/FoundInAppsPlugins : 3
PrivateFrameworks/FrontBoardServices : 94
PrivateFrameworks/Futhark : 1422
PrivateFrameworks/GPUInfo : 5
PrivateFrameworks/GPURawCounter : 799
PrivateFrameworks/GPUSupport : 2431
PrivateFrameworks/GameCenterFoundation : 404
PrivateFrameworks/GameCenterUI : 404
PrivateFrameworks/GameCenterUICore : 404
PrivateFrameworks/GameKitServices : 180
PrivateFrameworks/GenerationalStorage : 467
PrivateFrameworks/GeoKit : 367
PrivateFrameworks/GeoServices : 133
PrivateFrameworks/GraphKit : 12286
PrivateFrameworks/GraphVisualizer : 3432
PrivateFrameworks/GraphicsServices : 2974
PrivateFrameworks/HDAInterface : 6
PrivateFrameworks/HDRProcessing : 74
PrivateFrameworks/HID : 5
PrivateFrameworks/HIDAnalytics : 5
PrivateFrameworks/HIDDisplay : 5
PrivateFrameworks/HMFoundation : 69
PrivateFrameworks/HTTPServer : 996
PrivateFrameworks/HearingCore : 149
PrivateFrameworks/HearingUtilities : 149
PrivateFrameworks/HeimODAdmin : 27
PrivateFrameworks/Heimdal : 99
PrivateFrameworks/Helium : 692
PrivateFrameworks/HelloWorldMacHelper : 223
PrivateFrameworks/HelpData : 723
PrivateFrameworks/HomeAI : 302
PrivateFrameworks/HomeKit : 483
PrivateFrameworks/HomeKitBackingStore : 483
PrivateFrameworks/HomeKitDaemon : 483
PrivateFrameworks/IAP : 2696
PrivateFrameworks/IASUtilities : 344
PrivateFrameworks/IDS : 55
PrivateFrameworks/IDSFoundation : 55
PrivateFrameworks/IDSHashPersistence : 146
PrivateFrameworks/IDSKVStore : 146
PrivateFrameworks/IDSSystemPreferencesSignIn : 55
PrivateFrameworks/IMAP : 7
PrivateFrameworks/IMAVCore : 8401
PrivateFrameworks/IMAssistantCore : 15
PrivateFrameworks/IMCore : 15
PrivateFrameworks/IMDMessageServices : 15
PrivateFrameworks/IMDPersistence : 15
PrivateFrameworks/IMDaemonCore : 15
PrivateFrameworks/IMFoundation : 240
PrivateFrameworks/IMSharedUI : 462
PrivateFrameworks/IMSharedUtilities : 15
PrivateFrameworks/IMTranscoderAgent : 15
PrivateFrameworks/IMTranscoding : 15
PrivateFrameworks/IMTransferAgent : 15
PrivateFrameworks/IMTransferServices : 240
PrivateFrameworks/IOAccelMemoryInfo : 38
PrivateFrameworks/IOAccelerator : 38
PrivateFrameworks/IOImageLoader : 1939
PrivateFrameworks/IOPlatformPluginFamily : 31
PrivateFrameworks/IOPresentment : 2136
PrivateFrameworks/ISSupport : 10297
PrivateFrameworks/IconServices : 13
PrivateFrameworks/IdleTimerServices : 4987
PrivateFrameworks/IncomingCallFilter : 359
PrivateFrameworks/InertiaCam : 1439
PrivateFrameworks/InputContext : 5709
PrivateFrameworks/InputTranscoder : 741
PrivateFrameworks/Install : 349
PrivateFrameworks/InstallerDiagnostics : 891
PrivateFrameworks/Intents : 84
PrivateFrameworks/IntentsCore : 84
PrivateFrameworks/IntentsFoundation : 84
PrivateFrameworks/IntentsServices : 84
PrivateFrameworks/InternationalSupport : 113
PrivateFrameworks/InternationalTextSearch : 2380
PrivateFrameworks/InternetAccounts : 764
PrivateFrameworks/IntlPreferences : 37
PrivateFrameworks/JavaApplicationLauncher : 1257
PrivateFrameworks/JavaLaunching : 1194
PrivateFrameworks/JavaScriptAppleEvents : 2383
PrivateFrameworks/JavaScriptOSA : 2184
PrivateFrameworks/Jet : 2746
PrivateFrameworks/JetEngine : 51
PrivateFrameworks/JetUI : 59
PrivateFrameworks/KerberosHelper : 2344
PrivateFrameworks/KeyboardServices : 15
PrivateFrameworks/LanguageModeling : 383
PrivateFrameworks/Lexicon : 1826
PrivateFrameworks/LibraryRepair : 813
PrivateFrameworks/LimitAdTracking : 178
PrivateFrameworks/LinguisticData : 305
PrivateFrameworks/LinkPresentation : 227
PrivateFrameworks/LocalAuthenticationRecoveryUI : 336
PrivateFrameworks/LocalAuthenticationUI : 336
PrivateFrameworks/LocationSupport : 79
PrivateFrameworks/LockoutUI : 1642
PrivateFrameworks/LoggingSupport : 69
PrivateFrameworks/LoginUIKit : 229
PrivateFrameworks/Lookup : 329
PrivateFrameworks/MDSChannel : 2125
PrivateFrameworks/MFAAuthentication : 136
PrivateFrameworks/MFiAuthentication : 2696
PrivateFrameworks/MLFoundation : 232
PrivateFrameworks/MMCS : 604
PrivateFrameworks/MMCSServices : 15
PrivateFrameworks/MachineSettings : 4781
PrivateFrameworks/Mail : 7
PrivateFrameworks/MailCore : 7
PrivateFrameworks/MailService : 7
PrivateFrameworks/MailSupport : 7
PrivateFrameworks/MailUI : 7
PrivateFrameworks/MailWebProcessSupport : 7
PrivateFrameworks/MallocStackLogging : 729
PrivateFrameworks/ManagedClient : 269
PrivateFrameworks/Mangrove : 428
PrivateFrameworks/MapsSuggestions : 69
PrivateFrameworks/MapsSupport : 69
PrivateFrameworks/Marco : 240
PrivateFrameworks/MarkupUI : 177
PrivateFrameworks/MediaKit : 3369
PrivateFrameworks/MediaRemote : 37
PrivateFrameworks/MediaServices : 132
PrivateFrameworks/Memories : 25
PrivateFrameworks/MessageProtection : 40
PrivateFrameworks/MessageSecurity : 4139
PrivateFrameworks/MessageUIMacHelper : 7
PrivateFrameworks/MessagesHelperKit : 35
PrivateFrameworks/MessagesKit : 35
PrivateFrameworks/MetadataUtilities : 2
PrivateFrameworks/MetricKitCore : 397
PrivateFrameworks/MetricKitServices : 397
PrivateFrameworks/MetricKitSource : 397
PrivateFrameworks/MetricMeasurement : 397
PrivateFrameworks/MiniSoftwareUpdate : 1276
PrivateFrameworks/MobileAccessoryUpdater : 218
PrivateFrameworks/MobileAsset : 377
PrivateFrameworks/MobileAssetUpdater : 220
PrivateFrameworks/MobileBluetooth : 134
PrivateFrameworks/MobileDevice : 159
PrivateFrameworks/MobileIcons : 13
PrivateFrameworks/MobileKeyBag : 194
PrivateFrameworks/MonitorPanel : 376
PrivateFrameworks/Montreal : 3161
PrivateFrameworks/MultitouchSupport : 147
PrivateFrameworks/MultiverseSupport : 544
PrivateFrameworks/MusicLibrary : 110
PrivateFrameworks/NLP : 1948
PrivateFrameworks/Navigation : 133
PrivateFrameworks/NearField : 161
PrivateFrameworks/NetAppsUtilities : 2996
PrivateFrameworks/NetAuth : 798
PrivateFrameworks/NetFSServer : 321
PrivateFrameworks/Netrb : 273
PrivateFrameworks/Network : 17
PrivateFrameworks/NetworkServiceProxy : 2465
PrivateFrameworks/NetworkStatistics : 4461
PrivateFrameworks/Notes : 47
PrivateFrameworks/NotesShared : 47
PrivateFrameworks/NotesUI : 47
PrivateFrameworks/Noticeboard : 2068
PrivateFrameworks/OAuth : 16891
PrivateFrameworks/OSAServicesClient : 753
PrivateFrameworks/OSASubmissionClient : 795
PrivateFrameworks/OSASyncProxyClient : 795
PrivateFrameworks/OSAnalytics : 753
PrivateFrameworks/OSAnalyticsPrivate : 795
PrivateFrameworks/OSD : 1931
PrivateFrameworks/OSInstaller : 77
PrivateFrameworks/OSPersonalization : 1000
PrivateFrameworks/OSUpdate : 39
PrivateFrameworks/OTSVG : 15
PrivateFrameworks/OfficeImport : 971
PrivateFrameworks/OnBoardingKit : 36
PrivateFrameworks/OpenDirectoryConfig : 13200
PrivateFrameworks/OpenDirectoryConfigUI : 1247
PrivateFrameworks/Osprey : 194
PrivateFrameworks/PDFKit : 6
PrivateFrameworks/PIP : 459
PrivateFrameworks/PSNormalizer : 612
PrivateFrameworks/PackageKit : 16
PrivateFrameworks/PacketFilter : 809
PrivateFrameworks/ParsecModel : 65
PrivateFrameworks/ParsecSubscriptionServiceSupport : 65
PrivateFrameworks/ParsecUI : 2
PrivateFrameworks/PassKit : 141
PrivateFrameworks/PassKitCore : 158
PrivateFrameworks/PassKitUI : 14
PrivateFrameworks/PassKitUIFoundation : 58
PrivateFrameworks/PasswordServer : 7444
PrivateFrameworks/PencilKit : 688
PrivateFrameworks/PeopleSuggester : 17
PrivateFrameworks/PersistentConnection : 422
PrivateFrameworks/PersonaKit : 2991
PrivateFrameworks/PersonaUI : 2991
PrivateFrameworks/PersonalizationPortrait : 3
PrivateFrameworks/PersonalizationPortraitInternals : 3
PrivateFrameworks/PhoneNumbers : 36
PrivateFrameworks/PhotoPrintProduct : 637
PrivateFrameworks/PhysicsKit : 2536
PrivateFrameworks/PlugInKit : 178
PrivateFrameworks/PodcastServices : 10
PrivateFrameworks/PowerLog : 39
PrivateFrameworks/PowerlogControl : 39
PrivateFrameworks/PowerlogCore : 39
PrivateFrameworks/PowerlogDatabaseReader : 39
PrivateFrameworks/PowerlogLiteOperators : 31
PrivateFrameworks/PreferencePanesSupport : 270
PrivateFrameworks/PrintKit : 2458
PrivateFrameworks/PrintingPrivate : 457
PrivateFrameworks/PrivateFederatedLearning : 146
PrivateFrameworks/ProVideo : 826
PrivateFrameworks/ProactiveEventTracker : 76
PrivateFrameworks/ProactiveExperiments : 3
PrivateFrameworks/ProactiveExperimentsInternals : 3
PrivateFrameworks/ProactiveML : 3
PrivateFrameworks/ProactiveSupport : 76
PrivateFrameworks/ProactiveSupportStubs : 76
PrivateFrameworks/ProofReader : 614
PrivateFrameworks/ProtectedCloudStorage : 350
PrivateFrameworks/ProtocolBuffer : 855
PrivateFrameworks/PrototypeTools : 4137
PrivateFrameworks/QLCharts : 971
PrivateFrameworks/Quagga : 1046
PrivateFrameworks/QuickLookIosmac : 86
PrivateFrameworks/QuickLookNonBaseSystem : 87
PrivateFrameworks/QuickLookSupport : 113
PrivateFrameworks/QuickLookThumbnailing : 113
PrivateFrameworks/QuickLookUIIosmac : 86
PrivateFrameworks/RTCReporting : 297
PrivateFrameworks/RTTUI : 149
PrivateFrameworks/RTTUtilities : 149
PrivateFrameworks/Rapport : 330
PrivateFrameworks/RapportUI : 340
PrivateFrameworks/ReminderKit : 6
PrivateFrameworks/ReminderKitUI : 6
PrivateFrameworks/ReminderMigration : 145
PrivateFrameworks/RemoteConfiguration : 2886
PrivateFrameworks/RemoteCoreML : 5164
PrivateFrameworks/RemoteManagement : 1308
PrivateFrameworks/RemoteServiceDiscovery : 8
PrivateFrameworks/RemoteTextInput : 2399
PrivateFrameworks/RemoteViewServices : 526
PrivateFrameworks/RemoteXPC : 8
PrivateFrameworks/RenderBox : 1131
PrivateFrameworks/ReplayKitMacHelper : 30
PrivateFrameworks/ResponseKit : 1723
PrivateFrameworks/Restore : 303
PrivateFrameworks/Reveal : 688
PrivateFrameworks/RevealCore : 688
PrivateFrameworks/RunningBoard : 54
PrivateFrameworks/RunningBoardServices : 54
PrivateFrameworks/SAObjects : 133
PrivateFrameworks/SCEP : 1232
PrivateFrameworks/SDAPI : 4066
PrivateFrameworks/SMBClient : 98
PrivateFrameworks/SMBClientEngine : 168
PrivateFrameworks/SPFinder : 100
PrivateFrameworks/SPOwner : 100
PrivateFrameworks/SPShared : 96
PrivateFrameworks/SPSupport : 788
PrivateFrameworks/Safari : 3
PrivateFrameworks/SafariCore : 3
PrivateFrameworks/SafariFoundation : 3
PrivateFrameworks/SafariPlatformSupport : 3
PrivateFrameworks/SafariShared : 3
PrivateFrameworks/SafeEjectGPU : 94
PrivateFrameworks/ScreenReader : 4
PrivateFrameworks/ScreenReaderCore : 4
PrivateFrameworks/ScreenSharing : 552
PrivateFrameworks/ScreenTimeCore : 41
PrivateFrameworks/ScreenTimeServiceUI : 47
PrivateFrameworks/ScreenTimeUI : 47
PrivateFrameworks/SearchAds : 178
PrivateFrameworks/SearchFoundation : 65
PrivateFrameworks/SearchUI : 337
PrivateFrameworks/SearchUICardKitProviderSupport : 470
PrivateFrameworks/SecCodeWrapper : 75
PrivateFrameworks/SecureChannel : 1163
PrivateFrameworks/SecurityTokend : 3155
PrivateFrameworks/Seeding : 705
PrivateFrameworks/SemanticDocumentManagement : 2006
PrivateFrameworks/SensingProtocols : 5167
PrivateFrameworks/SensorKit : 75
PrivateFrameworks/Sentry : 1177
PrivateFrameworks/ServerCompatibility : 2411
PrivateFrameworks/ServerInformation : 588
PrivateFrameworks/SetupAssistantSupport : 1317
PrivateFrameworks/ShareKit : 103
PrivateFrameworks/SharePointManagement : 13
PrivateFrameworks/ShareSheet : 33
PrivateFrameworks/SharedWebCredentials : 473
PrivateFrameworks/Sharing : 76
PrivateFrameworks/SharingXPCServices : 65
PrivateFrameworks/Shortcut : 839
PrivateFrameworks/SidecarCore : 409
PrivateFrameworks/SidecarUI : 409
PrivateFrameworks/SignpostCollection : 262
PrivateFrameworks/SignpostMetrics : 262
PrivateFrameworks/SignpostNotification : 68
PrivateFrameworks/SignpostSupport : 262
PrivateFrameworks/SiriClientFlow : 85
PrivateFrameworks/SiriCore : 33
PrivateFrameworks/SiriFoundation : 32
PrivateFrameworks/SiriInstrumentation : 113
PrivateFrameworks/SiriTTS : 39
PrivateFrameworks/SiriTasks : 42
PrivateFrameworks/SiriUI : 40
PrivateFrameworks/SiriVOX : 33
PrivateFrameworks/SkyLight : 5
PrivateFrameworks/Slideshows : 684
PrivateFrameworks/SocialAppsCore : 35
PrivateFrameworks/SocialServices : 138
PrivateFrameworks/SocialUI : 35
PrivateFrameworks/SoftwareUpdate : 39
PrivateFrameworks/SpanMatcher : 33
PrivateFrameworks/SpeechDictionary : 1961
PrivateFrameworks/SpeechObjects : 219
PrivateFrameworks/SpeechRecognitionCommandServices : 1260
PrivateFrameworks/SpeechRecognitionCore : 416
PrivateFrameworks/Spotlight : 2
PrivateFrameworks/SpotlightDaemon : 2
PrivateFrameworks/SpotlightIndex : 2
PrivateFrameworks/SpotlightReceiver : 2
PrivateFrameworks/SpotlightServerKit : 2
PrivateFrameworks/SpotlightServices : 2
PrivateFrameworks/StatsKit : 6421
PrivateFrameworks/StorageKit : 792
PrivateFrameworks/StorageManagement : 139
PrivateFrameworks/StoreFoundation : 43
PrivateFrameworks/StoreJavaScript : 43
PrivateFrameworks/StoreServices : 257
PrivateFrameworks/StoreUI : 43
PrivateFrameworks/StreamingZip : 965
PrivateFrameworks/Suggestions : 487
PrivateFrameworks/SuggestionsSpotlightMetrics : 3
PrivateFrameworks/Symbolication : 729
PrivateFrameworks/SymptomDiagnosticReporter : 111
PrivateFrameworks/SymptomReporter : 111
PrivateFrameworks/Symptoms : 111
PrivateFrameworks/SyncServicesUI : 8365
PrivateFrameworks/SyncedDefaults : 830
PrivateFrameworks/SystemAdministration : 92
PrivateFrameworks/SystemAdministrationInterface : 653
PrivateFrameworks/SystemMigration : 1
PrivateFrameworks/SystemPolicy : 17
PrivateFrameworks/SystemUIPlugin : 4792
PrivateFrameworks/TCC : 251
PrivateFrameworks/TTYUtilities : 3063
PrivateFrameworks/TVRemoteCore : 103
PrivateFrameworks/TelephonyUtilities : 49
PrivateFrameworks/TemplateKit : 328
PrivateFrameworks/TextInput : 56
PrivateFrameworks/TextInputCore : 56
PrivateFrameworks/TextInputMenuUI : 139
PrivateFrameworks/TextRecognition : 730
PrivateFrameworks/TextToSpeech : 76
PrivateFrameworks/TextureIO : 4109
PrivateFrameworks/TimeMachine : 292
PrivateFrameworks/TimeSync : 259
PrivateFrameworks/ToneKit : 642
PrivateFrameworks/ToneLibrary : 642
PrivateFrameworks/Tourist : 185
PrivateFrameworks/TransparencyDetailsViewMac : 178
PrivateFrameworks/TrustEvaluationAgent : 2719
PrivateFrameworks/TuriCore : 406
PrivateFrameworks/UAUPlugin : 483
PrivateFrameworks/UIFoundation : 972
PrivateFrameworks/UIKitSystemAppServices : 223
PrivateFrameworks/UIRecording : 444
PrivateFrameworks/URLFormatting : 227
PrivateFrameworks/USDKit : 2085
PrivateFrameworks/Uninstall : 3791
PrivateFrameworks/UniversalAccess : 19
PrivateFrameworks/UsageTracking : 88
PrivateFrameworks/UserActivity : 726
PrivateFrameworks/UserManagement : 258
PrivateFrameworks/VCXMPP : 11268
PrivateFrameworks/VectorKit : 162
PrivateFrameworks/VideoConference : 960
PrivateFrameworks/VideoProcessing : 1341
PrivateFrameworks/ViewBridge : 159
PrivateFrameworks/VisionKit : 840
PrivateFrameworks/VisualPairing : 3749
PrivateFrameworks/VisualTestKit : 650
PrivateFrameworks/VoiceShortcutClient : 83
PrivateFrameworks/VoiceShortcuts : 83
PrivateFrameworks/VoiceTrigger : 1373
PrivateFrameworks/WPDaemon : 3173
PrivateFrameworks/WatchdogClient : 99
PrivateFrameworks/WeatherFoundation : 1186
PrivateFrameworks/WeatherKit : 265
PrivateFrameworks/WebContentAnalysis : 54
PrivateFrameworks/WebDriver : 3
PrivateFrameworks/WebFilterDNS : 54
PrivateFrameworks/WebInspector : 3
PrivateFrameworks/WebInspectorUI : 3
PrivateFrameworks/WiFiCloudSyncEngine : 78
PrivateFrameworks/WiFiPeerToPeer : 1712
PrivateFrameworks/WiFiPolicy : 162
PrivateFrameworks/WiFiVelocity : 233
PrivateFrameworks/WirelessCoexManager : 30
PrivateFrameworks/WirelessDiagnostics : 4357
PrivateFrameworks/WirelessProximity : 3173
PrivateFrameworks/WorkflowKit : 83
PrivateFrameworks/XARTRecovery : 1194
PrivateFrameworks/XCTAutomationSupport : 152
PrivateFrameworks/XCTTargetBootstrap : 152
PrivateFrameworks/XPCService : 9005
PrivateFrameworks/XQuery : 3995
PrivateFrameworks/XprotectFramework : 100
PrivateFrameworks/acfs : 1277
PrivateFrameworks/caulk : 1458
PrivateFrameworks/iAdCore : 157
PrivateFrameworks/iAdServices : 157
PrivateFrameworks/iCalendar : 251
PrivateFrameworks/iLifeMediaBrowser : 31
PrivateFrameworks/iPod : 4778
PrivateFrameworks/iPodSync : 1161
PrivateFrameworks/iPodUpdater : 1063
PrivateFrameworks/iWorkXPC : 1293
PrivateFrameworks/kperf : 860
PrivateFrameworks/kperfdata : 860
PrivateFrameworks/ktrace : 1009
PrivateFrameworks/login : 1180
PrivateFrameworks/nt : 115
PrivateFrameworks/oncrpc : 1340
PrivateFrameworks/perfdata : 631
PrivateFrameworks/vCard : 49
PrivateFrameworks/yara : 136
Frameworks/AVKit : 114
Frameworks/BusinessChat : 389
Frameworks/ContactsUI : 35
Frameworks/CoreAudioKit : 533
Frameworks/CoreNFC : 80
Frameworks/EventKitUI : 34
Frameworks/GameController : 41
Frameworks/GameKit : 427
Frameworks/GameplayKit : 602
Frameworks/HealthKit : 124
Frameworks/HealthKitUI : 124
Frameworks/IdentityLookupUI : 18
Frameworks/IntentsUI : 32
Frameworks/LinkPresentation : 86
Frameworks/MapKit : 32
Frameworks/MessageUI : 7
Frameworks/MetalKit : 111
Frameworks/MobileCoreServices : 247
Frameworks/MultipeerConnectivity : 958
Frameworks/PDFKit : 6
Frameworks/PencilKit : 312
Frameworks/QuickLook : 91
Frameworks/RealityKit : 32
Frameworks/ReplayKit : 30
Frameworks/Social : 76
Frameworks/SpriteKit : 44
Frameworks/StoreKit : 18
Frameworks/SwiftUI : 17
Frameworks/VisionKit : 618
Frameworks/WatchConnectivity : 389
Frameworks/iAd : 157
PrivateFrameworks/AVKitMacHelper : 114
PrivateFrameworks/ActionKit : 18
PrivateFrameworks/ActionKitUI : 19
PrivateFrameworks/ActivityRingsUI : 669
PrivateFrameworks/AddressBookLegacy : 109
PrivateFrameworks/AnnotationKit : 170
PrivateFrameworks/AppAnalytics : 587
PrivateFrameworks/AppSupportUI : 814
PrivateFrameworks/AppleMediaServicesUI : 5
PrivateFrameworks/AuthKitUI : 10
PrivateFrameworks/AuthKitUIMacHelper : 10
PrivateFrameworks/BaseBoardUI : 223
PrivateFrameworks/CalendarUIKit : 44
PrivateFrameworks/ClassroomKit : 391
PrivateFrameworks/ContactsAutocompleteUI : 130
PrivateFrameworks/ContentKit : 18
PrivateFrameworks/CorePDF : 229
PrivateFrameworks/CoreRecognition : 278
PrivateFrameworks/CoreSuggestionsUI : 3
PrivateFrameworks/DataDetectorsUI : 384
PrivateFrameworks/EmojiKit : 234
PrivateFrameworks/FMCoreUI : 250
PrivateFrameworks/FMNetworking : 49
PrivateFrameworks/FrontBoard : 95
PrivateFrameworks/GameCenterUI : 194
PrivateFrameworks/Home : 84
PrivateFrameworks/HomeKit : 70
PrivateFrameworks/HomeUI : 84
PrivateFrameworks/IMAssistantCore : 16
PrivateFrameworks/IMCore : 16
PrivateFrameworks/IMDPersistence : 16
PrivateFrameworks/IMSharedUtilities : 16
PrivateFrameworks/IMTranscoding : 16
PrivateFrameworks/Jet : 671
PrivateFrameworks/ManagedConfiguration : 58
PrivateFrameworks/MarkupUI : 170
PrivateFrameworks/MobileTimer : 1232
PrivateFrameworks/MobileTimerUI : 1232
PrivateFrameworks/NanoRegistry : 369
PrivateFrameworks/NetAppsUtilitiesUI : 2996
PrivateFrameworks/OnBoardingKit : 17
PrivateFrameworks/PassKitUIFoundation : 22
PrivateFrameworks/PencilKit : 312
PrivateFrameworks/PersonaUI : 1008
PrivateFrameworks/RTTUI : 58
PrivateFrameworks/RapportUI : 241
PrivateFrameworks/SPShared : 49
PrivateFrameworks/SilexWeb : 5
PrivateFrameworks/SocialServices : 58
PrivateFrameworks/Stocks : 3833
PrivateFrameworks/TSReading : 2095
PrivateFrameworks/TSUtility : 2095
PrivateFrameworks/TeaActivities : 8
PrivateFrameworks/TeaCharts : 8
PrivateFrameworks/TeaDB : 8
PrivateFrameworks/TeaFoundation : 8
PrivateFrameworks/TeaSettings : 8
PrivateFrameworks/TeaTemplate : 8
PrivateFrameworks/TeaUI : 8
PrivateFrameworks/TeaUIKit : 8
PrivateFrameworks/TelephonyUI : 18
PrivateFrameworks/TransparencyDetailsView : 178
PrivateFrameworks/UserNotificationsExtensionPoint : 103
PrivateFrameworks/VisualPairing : 1739
PrivateFrameworks/VoiceMemos : 177
PrivateFrameworks/VoiceShortcutClient : 18
PrivateFrameworks/VoiceShortcuts : 18
PrivateFrameworks/VoiceShortcutsUI : 19
PrivateFrameworks/Weather : 4811
PrivateFrameworks/WeatherFoundation : 183
PrivateFrameworks/WorkflowKit : 18
PrivateFrameworks/WorkflowUI : 19
