Applications/Dark Boot : 222
Applications/GarageBand : 5187
Applications/GitHub Desktop : 2.2.4
Applications/Google Chrome : 3945.88
Applications/HSTracker : 2055
Applications/MTInstaller : 1
Applications/MacDown : 1008
Applications/Microsoft Edge Beta : 79.309.19121654
Applications/MonitorControl : 574
Applications/Monity : 95
Applications/Notable : 1.8.2
Applications/PhotoScapeX : 401
Applications/RunCat : 6.6.0
Applications/Safari : 15608.5.5
Applications/Todoist : 11781
Applications/Xcode : 15712
Applications/iMovie : 358560
Applications/stts : 38
Applications/Mail : 3608.60.0.2.1
Applications/Photos : 131.17.140
Utilities/Bluetooth File Exchange : 7.0.2f5
Utilities/Boot Camp Assistant : 6170.80.2
Frameworks/AGL : 3327
Frameworks/AVFoundation : 5
Frameworks/AVKit : 210
Frameworks/Accelerate : 324
Frameworks/Accounts : 716
Frameworks/AdSupport : 1381
Frameworks/AddressBook : 37
Frameworks/AppKit : 23
Frameworks/AppleScriptKit : 2975
Frameworks/AppleScriptObjC : 4330
Frameworks/ApplicationServices : 2534
Frameworks/AudioToolbox : 27
Frameworks/AudioUnit : 26
Frameworks/AudioVideoBridging : 670
Frameworks/Automator : 367
Frameworks/BackgroundTasks : 168
Frameworks/BusinessChat : 153
Frameworks/CFNetwork : 20
Frameworks/CalendarStore : 427
Frameworks/CallKit : 7
Frameworks/Carbon : 3868
Frameworks/CloudKit : 451
Frameworks/Cocoa : 10977
Frameworks/Collaboration : 3785
Frameworks/ColorSync : 1154
Frameworks/Combine : 652
Frameworks/Contacts : 219
Frameworks/ContactsUI : 36
Frameworks/CoreAudio : 462
Frameworks/CoreAudioKit : 780
Frameworks/CoreAudioTypes : 26
Frameworks/CoreBluetooth : 161
Frameworks/CoreData : 230
Frameworks/CoreFoundation : 130
Frameworks/CoreGraphics : 55
Frameworks/CoreHaptics : 76
Frameworks/CoreImage : 155
Frameworks/CoreLocation : 159
Frameworks/CoreMIDI : 46
Frameworks/CoreMIDIServer : 46
Frameworks/CoreML : 162
Frameworks/CoreMediaIO : 191
Frameworks/CoreMotion : 159
Frameworks/CoreServices : 285
Frameworks/CoreSpotlight : 19
Frameworks/CoreTelephony : 83
Frameworks/CoreText : 99
Frameworks/CoreVideo : 1871
Frameworks/CoreWLAN : 103
Frameworks/CryptoKit : 288
Frameworks/CryptoTokenKit : 196
Frameworks/DVDPlayback : 129
Frameworks/DeviceCheck : 7205
Frameworks/DirectoryService : 372
Frameworks/DiscRecording : 128
Frameworks/DiscRecordingUI : 128
Frameworks/DiskArbitration : 482
Frameworks/DriverKit : 391
Frameworks/EventKit : 324
Frameworks/ExceptionHandling : 4551
Frameworks/ExecutionPolicy : 44
Frameworks/ExternalAccessory : 773
Frameworks/FWAUserLib : 775
Frameworks/FileProvider : 247
Frameworks/FileProviderUI : 924
Frameworks/FinderSync : 25
Frameworks/ForceFeedback : 3391
Frameworks/Foundation : 130
Frameworks/GLKit : 389
Frameworks/GLUT : 178
Frameworks/GSS : 407
Frameworks/GameController : 122
Frameworks/GameKit : 421
Frameworks/GameplayKit : 2662
Frameworks/HIDDriverKit : 28
Frameworks/Hypervisor : 149
Frameworks/ICADevices : 10
Frameworks/IMServicePlugIn : 11
Frameworks/IOBluetooth : 1
Frameworks/IOBluetoothUI : 1
Frameworks/IOKit : 56
Frameworks/IOSurface : 1673
Frameworks/IOUSBHost : 87
Frameworks/IdentityLookup : 7
Frameworks/ImageCaptureCore : 10
Frameworks/ImageIO : 14
Frameworks/InputMethodKit : 332
Frameworks/InstallerPlugins : 419
Frameworks/InstantMessage : 10534
Frameworks/Intents : 133
Frameworks/JavaFrameEmbedding : 1416
Frameworks/JavaScriptCore : 17
Frameworks/JavaVM : 1432
Frameworks/Kerberos : 874
Frameworks/Kernel : 15
Frameworks/LDAP : 158
Frameworks/LatentSemanticMapping : 2544
Frameworks/LinkPresentation : 433
Frameworks/LocalAuthentication : 23
Frameworks/MapKit : 79
Frameworks/MediaAccessibility : 2506
Frameworks/MediaLibrary : 187
Frameworks/MediaPlayer : 19
Frameworks/Message : 12207
Frameworks/Metal : 72
Frameworks/MetalKit : 147
Frameworks/MetalPerformanceShaders : 57
Frameworks/MetricKit : 680
Frameworks/ModelIO : 952
Frameworks/MultipeerConnectivity : 2176
Frameworks/NaturalLanguage : 2465
Frameworks/NetFS : 409
Frameworks/Network : 45
Frameworks/NetworkExtension : 58
Frameworks/NetworkingDriverKit : 752
Frameworks/NotificationCenter : 29
Frameworks/OSAKit : 4957
Frameworks/OSLog : 14
Frameworks/OpenAL : 792
Frameworks/OpenCL : 886
Frameworks/OpenDirectory : 372
Frameworks/OpenGL : 2717
Frameworks/PCSC : 61
Frameworks/PDFKit : 50
Frameworks/PencilKit : 790
Frameworks/Photos : 42
Frameworks/PhotosUI : 43
Frameworks/PreferencePanes : 611
Frameworks/PushKit : 1488
Frameworks/Python : 981
Frameworks/QTKit : 798
Frameworks/Quartz : 7823
Frameworks/QuartzCore : 16
Frameworks/QuickLook : 232
Frameworks/QuickLookThumbnailing : 223
Frameworks/RealityKit : 85
Frameworks/Ruby : 935
Frameworks/SceneKit : 319
Frameworks/ScreenSaver : 165
Frameworks/ScriptingBridge : 2096
Frameworks/SecurityFoundation : 618
Frameworks/SecurityInterface : 707
Frameworks/Social : 484
Frameworks/SoundAnalysis : 2025
Frameworks/Speech : 292
Frameworks/SpriteKit : 70
Frameworks/StoreKit : 276
Frameworks/SwiftUI : 79
Frameworks/SyncServices : 8541
Frameworks/System : 91770
Frameworks/SystemConfiguration : 34
Frameworks/SystemExtensions : 168
Frameworks/TWAIN : 543
Frameworks/Tcl : 1223
Frameworks/Tk : 1223
Frameworks/USBDriverKit : 87
Frameworks/UserNotifications : 1195
Frameworks/VideoDecodeAcceleration : 4693
Frameworks/VideoSubscriberAccount : 93
Frameworks/Vision : 1704
Frameworks/iTunesLibrary : 61
Frameworks/vecLib : 324
Frameworks/vmnet : 329
PrivateFrameworks/ACDEClient : 7881
PrivateFrameworks/AMPDevices : 59
PrivateFrameworks/AMPLibrary : 64
PrivateFrameworks/AMPSharing : 42
PrivateFrameworks/AOSAccounts : 339
PrivateFrameworks/AOSAccountsLite : 339
PrivateFrameworks/AOSKit : 155
PrivateFrameworks/AOSMigrate : 13127
PrivateFrameworks/AOSUI : 171
PrivateFrameworks/APFS : 46
PrivateFrameworks/APTransport : 203
PrivateFrameworks/AVConference : 770
PrivateFrameworks/AVFoundationCF : 113
PrivateFrameworks/AXCoreUtilities : 33
PrivateFrameworks/AXHearingCoreSupport : 3252
PrivateFrameworks/AXHearingSupport : 3252
PrivateFrameworks/AXMediaUtilities : 622
PrivateFrameworks/AXRuntime : 33
PrivateFrameworks/AccessibilityBundles : 105
PrivateFrameworks/AccessibilityPerformance : 66
PrivateFrameworks/AccessibilityPlatformTranslation : 15
PrivateFrameworks/AccessibilitySharedSupport : 15
PrivateFrameworks/AccessibilitySupport : 66
PrivateFrameworks/AccessoryNowPlaying : 225
PrivateFrameworks/AccountPolicy : 2673
PrivateFrameworks/AccountsDaemon : 716
PrivateFrameworks/AccountsUI : 382
PrivateFrameworks/ActionKit : 143
PrivateFrameworks/AdAnalytics : 252
PrivateFrameworks/AdCore : 285
PrivateFrameworks/AdID : 285
PrivateFrameworks/AdPlatforms : 285
PrivateFrameworks/AdPlatformsInternal : 285
PrivateFrameworks/AddressBookAutocomplete : 36
PrivateFrameworks/AddressBookCore : 37
PrivateFrameworks/Admin : 120
PrivateFrameworks/AggregateDictionary : 2762
PrivateFrameworks/AggregateDictionaryHistory : 2762
PrivateFrameworks/AirPlayReceiver : 231
PrivateFrameworks/AirPlaySender : 231
PrivateFrameworks/AirPlaySupport : 203
PrivateFrameworks/AirTrafficHost : 243
PrivateFrameworks/AmbientDisplay : 58
PrivateFrameworks/AnnotationKit : 284
PrivateFrameworks/AppContainer : 159
PrivateFrameworks/AppSSO : 60
PrivateFrameworks/AppSSOCore : 60
PrivateFrameworks/AppSSOKerberos : 60
PrivateFrameworks/AppSSOUI : 60
PrivateFrameworks/AppSandbox : 159
PrivateFrameworks/AppStoreDaemon : 23
PrivateFrameworks/AppStoreFoundation : 23
PrivateFrameworks/AppStoreKit : 49
PrivateFrameworks/AppStoreUI : 72
PrivateFrameworks/AppSupport : 4242
PrivateFrameworks/AppSupportUI : 4274
PrivateFrameworks/Apple80211 : 123
PrivateFrameworks/AppleAccount : 482
PrivateFrameworks/AppleAppSupport : 7823
PrivateFrameworks/AppleFSCompression : 12555
PrivateFrameworks/AppleIDAuthSupport : 854
PrivateFrameworks/AppleIDSSOAuthentication : 647
PrivateFrameworks/AppleJPEG : 832
PrivateFrameworks/AppleLDAP : 5462
PrivateFrameworks/AppleMediaServices : 25
PrivateFrameworks/AppleMediaServicesUI : 26
PrivateFrameworks/ApplePushService : 135
PrivateFrameworks/AppleSRP : 9143
PrivateFrameworks/AppleSauce : 3481
PrivateFrameworks/AppleScript : 581
PrivateFrameworks/AppleShareClientCore : 2323
PrivateFrameworks/AppleSystemInfo : 534
PrivateFrameworks/AppleVA : 1932
PrivateFrameworks/AppleVPA : 13
PrivateFrameworks/AskPermission : 115
PrivateFrameworks/AssertionServices : 114
PrivateFrameworks/AssetCacheServices : 153
PrivateFrameworks/AssetCacheServicesExtensions : 153
PrivateFrameworks/AssetsLibraryServices : 42
PrivateFrameworks/AssistantServices : 23
PrivateFrameworks/AssistiveControlSupport : 315
PrivateFrameworks/AttributeGraph : 1522
PrivateFrameworks/AudioDSPManager : 678
PrivateFrameworks/AudioHistory : 678
PrivateFrameworks/AudioPasscode : 2441
PrivateFrameworks/AudioResourceArbitration : 693
PrivateFrameworks/AudioServerApplication : 82
PrivateFrameworks/AudioServerDriver : 82
PrivateFrameworks/AudioSession : 727
PrivateFrameworks/AudioToolboxCore : 26
PrivateFrameworks/AuthKit : 69
PrivateFrameworks/AuthKitUI : 80
PrivateFrameworks/AutoBugCaptureCore : 255
PrivateFrameworks/AutoLoop : 2783
PrivateFrameworks/BackBoardServices : 126
PrivateFrameworks/BackgroundTaskManagement : 91
PrivateFrameworks/Backup : 25
PrivateFrameworks/BaseBoard : 358
PrivateFrameworks/BatteryUIKit : 4123
PrivateFrameworks/BehaviorMiner : 572
PrivateFrameworks/BezelServices : 764
PrivateFrameworks/BioKitAggD : 8342
PrivateFrameworks/BiometricKit : 523
PrivateFrameworks/BiometricKitUI : 67
PrivateFrameworks/BiometricSupport : 505
PrivateFrameworks/BluetoothAudio : 1
PrivateFrameworks/BluetoothManager : 161
PrivateFrameworks/BoardServices : 358
PrivateFrameworks/Bom : 438
PrivateFrameworks/BookCoverUtility : 72
PrivateFrameworks/BookKit : 72
PrivateFrameworks/BookKitFoundation : 72
PrivateFrameworks/BookUtility : 72
PrivateFrameworks/BridgeOSInstall : 639
PrivateFrameworks/BridgeOSInstallReporting : 639
PrivateFrameworks/BridgeOSObliteration : 1566
PrivateFrameworks/BridgeOSSoftwareUpdate : 2600
PrivateFrameworks/BridgeXPC : 1896
PrivateFrameworks/BulkSymbolication : 527
PrivateFrameworks/ByteRangeLocking : 2276
PrivateFrameworks/C2 : 846
PrivateFrameworks/CDDataAccess : 30
PrivateFrameworks/CDDataAccessExpress : 30
PrivateFrameworks/CPAnalytics : 42
PrivateFrameworks/CPMLBestShim : 6145
PrivateFrameworks/CacheDelete : 462
PrivateFrameworks/CalDAV : 386
PrivateFrameworks/Calculate : 731
PrivateFrameworks/CalendarAgent : 307
PrivateFrameworks/CalendarAgentLink : 416
PrivateFrameworks/CalendarDraw : 436
PrivateFrameworks/CalendarFoundation : 783
PrivateFrameworks/CalendarNotification : 318
PrivateFrameworks/CalendarPersistence : 443
PrivateFrameworks/CalendarUI : 336
PrivateFrameworks/CalendarUIKit : 199
PrivateFrameworks/CallHistory : 10
PrivateFrameworks/CameraImagingFramework : 4538
PrivateFrameworks/CaptiveNetwork : 110
PrivateFrameworks/CardKit : 1088
PrivateFrameworks/CardServices : 1088
PrivateFrameworks/Cards : 1088
PrivateFrameworks/Catalyst : 3855
PrivateFrameworks/Categories : 786
PrivateFrameworks/CharacterPicker : 331
PrivateFrameworks/ChunkingLibrary : 3606
PrivateFrameworks/ClassKit : 144
PrivateFrameworks/ClassroomKit : 487
PrivateFrameworks/ClockMenuExtraPreferences : 862
PrivateFrameworks/CloudDocs : 49
PrivateFrameworks/CloudDocsDaemon : 31
PrivateFrameworks/CloudFamilyRestrictions : 1108
PrivateFrameworks/CloudFamilyRestrictionsDaemon : 1108
PrivateFrameworks/CloudKitCode : 459
PrivateFrameworks/CloudKitCodeProtobuf : 459
PrivateFrameworks/CloudKitDaemon : 363
PrivateFrameworks/CloudPhotoLibrary : 42
PrivateFrameworks/CloudPhotoServices : 42
PrivateFrameworks/CloudPhotoServicesConfiguration : 42
PrivateFrameworks/CloudServices : 339
PrivateFrameworks/Coherence : 5977
PrivateFrameworks/CombineCocoa : 652
PrivateFrameworks/CommerceKit : 72
PrivateFrameworks/CommonAuth : 407
PrivateFrameworks/CommonCandidateWindow : 10654
PrivateFrameworks/CommonUtilities : 4737
PrivateFrameworks/CommunicationsFilter : 591
PrivateFrameworks/ConditionInducer : 3246
PrivateFrameworks/ConfigProfileHelper : 298
PrivateFrameworks/ConfigurationEngineModel : 767
PrivateFrameworks/ConfigurationProfiles : 298
PrivateFrameworks/ConfigurationProfilesUI : 26
PrivateFrameworks/ConsoleKit : 380
PrivateFrameworks/ConstantClasses : 2147
PrivateFrameworks/ContactsAgent : 1130
PrivateFrameworks/ContactsAssistantServices : 1047
PrivateFrameworks/ContactsAutocomplete : 1402
PrivateFrameworks/ContactsAutocompleteUI : 296
PrivateFrameworks/ContactsDonation : 1763
PrivateFrameworks/ContactsDonationFeedback : 1763
PrivateFrameworks/ContactsFoundation : 215
PrivateFrameworks/ContactsPersistence : 218
PrivateFrameworks/ContactsUICore : 42
PrivateFrameworks/ContentKit : 143
PrivateFrameworks/ContextKit : 1119
PrivateFrameworks/ConversationKit : 8
PrivateFrameworks/CoreADI : 2445
PrivateFrameworks/CoreAUC : 504
PrivateFrameworks/CoreAVCHD : 2549
PrivateFrameworks/CoreAccessories : 225
PrivateFrameworks/CoreAnalytics : 3709
PrivateFrameworks/CoreAppleCVA : 2445
PrivateFrameworks/CoreBrightness : 56
PrivateFrameworks/CoreCDP : 577
PrivateFrameworks/CoreCDPInternal : 577
PrivateFrameworks/CoreCDPUI : 577
PrivateFrameworks/CoreCapture : 195
PrivateFrameworks/CoreCaptureControl : 195
PrivateFrameworks/CoreCaptureDaemon : 195
PrivateFrameworks/CoreChart : 1169
PrivateFrameworks/CoreChineseEngine : 1124
PrivateFrameworks/CoreDAV : 182
PrivateFrameworks/CoreDaemon : 1796
PrivateFrameworks/CoreDuet : 68
PrivateFrameworks/CoreDuetContext : 68
PrivateFrameworks/CoreDuetDaemonProtocol : 68
PrivateFrameworks/CoreDuetDataModel : 68
PrivateFrameworks/CoreDuetDebugLogging : 68
PrivateFrameworks/CoreDuetStatistics : 68
PrivateFrameworks/CoreDuetSync : 68
PrivateFrameworks/CoreEmoji : 1215
PrivateFrameworks/CoreFP : 309
PrivateFrameworks/CoreFollowUp : 1007
PrivateFrameworks/CoreFollowUpUI : 1007
PrivateFrameworks/CoreHAP : 573
PrivateFrameworks/CoreHandwriting : 770
PrivateFrameworks/CoreKE : 846
PrivateFrameworks/CoreKnowledge : 452
PrivateFrameworks/CoreLSKD : 552
PrivateFrameworks/CoreLSKDMSE : 1339
PrivateFrameworks/CoreMLTestFramework : 130
PrivateFrameworks/CoreMaterial : 619
PrivateFrameworks/CoreMediaStream : 42
PrivateFrameworks/CoreNLP : 1362
PrivateFrameworks/CoreNameParser : 3418
PrivateFrameworks/CoreNavigation : 253
PrivateFrameworks/CoreOptimization : 6145
PrivateFrameworks/CorePDF : 310
PrivateFrameworks/CoreParsec : 18
PrivateFrameworks/CorePhoneNumbers : 10
PrivateFrameworks/CorePrediction : 6145
PrivateFrameworks/CoreRE : 85
PrivateFrameworks/CoreRecents : 2658
PrivateFrameworks/CoreRecognition : 835
PrivateFrameworks/CoreRoutine : 435
PrivateFrameworks/CoreSDB : 3595
PrivateFrameworks/CoreSVG : 2155
PrivateFrameworks/CoreServicesInternal : 174
PrivateFrameworks/CoreServicesStore : 207
PrivateFrameworks/CoreSpeech : 112
PrivateFrameworks/CoreSpotlightImportDaemon : 19
PrivateFrameworks/CoreSuggestions : 25
PrivateFrameworks/CoreSuggestionsInternals : 25
PrivateFrameworks/CoreSuggestionsML : 25
PrivateFrameworks/CoreSuggestionsUI : 25
PrivateFrameworks/CoreSymbolication : 657
PrivateFrameworks/CoreThemeDefinition : 132
PrivateFrameworks/CoreTime : 2222
PrivateFrameworks/CoreUI : 273
PrivateFrameworks/CoreUtils : 40
PrivateFrameworks/CoreUtilsSwift : 2497
PrivateFrameworks/CoreWLANKit : 87
PrivateFrameworks/CoreWiFi : 418
PrivateFrameworks/CrashReporterSupport : 180
PrivateFrameworks/CreateML : 274
PrivateFrameworks/CryptoKitCBridging : 288
PrivateFrameworks/CryptoKitPrivate : 288
PrivateFrameworks/DAAPKit : 149
PrivateFrameworks/DASDaemon : 168
PrivateFrameworks/DCERPC : 2023
PrivateFrameworks/DCIMServices : 42
PrivateFrameworks/DFRBrightness : 56
PrivateFrameworks/DFRDisplay : 1782
PrivateFrameworks/DFRFoundation : 325
PrivateFrameworks/DSExternalDisplay : 287
PrivateFrameworks/DTXConnectionServices : 646
PrivateFrameworks/DVD : 13996
PrivateFrameworks/DataDeliveryServices : 9840
PrivateFrameworks/DataDetectors : 485
PrivateFrameworks/DataDetectorsCore : 4186
PrivateFrameworks/DataDetectorsNaturalLanguage : 1798
PrivateFrameworks/DebugSymbols : 2923
PrivateFrameworks/DesktopServicesPriv : 58
PrivateFrameworks/DeviceCheckInternal : 7205
PrivateFrameworks/DeviceIdentity : 357
PrivateFrameworks/DeviceLink : 243
PrivateFrameworks/DeviceManagement : 767
PrivateFrameworks/DeviceToDeviceManager : 7768
PrivateFrameworks/DiagnosticExtensions : 2629
PrivateFrameworks/DiagnosticLogCollection : 283
PrivateFrameworks/DifferentialPrivacy : 592
PrivateFrameworks/DigitalTouchShared : 2119
PrivateFrameworks/DirectoryEditor : 469
PrivateFrameworks/DirectoryServer : 10592
PrivateFrameworks/DiskImages : 652
PrivateFrameworks/DiskManagement : 83
PrivateFrameworks/DisplayServices : 307
PrivateFrameworks/DisplayTransportServices : 1367
PrivateFrameworks/DistributedEvaluation : 112
PrivateFrameworks/DrawingKit : 284
PrivateFrameworks/DuetActivityScheduler : 168
PrivateFrameworks/DuetRecommendation : 68
PrivateFrameworks/DynamicDesktop : 52
PrivateFrameworks/EAFirmwareUpdater : 305
PrivateFrameworks/EAP8021X : 1299
PrivateFrameworks/EFILogin : 687
PrivateFrameworks/EasyConfig : 40
PrivateFrameworks/Email : 14
PrivateFrameworks/EmailAddressing : 14
PrivateFrameworks/EmailCore : 14
PrivateFrameworks/EmailDaemon : 14
PrivateFrameworks/EmailFoundation : 14
PrivateFrameworks/EmbeddedAcousticRecognition : 112
PrivateFrameworks/EmbeddedOSInstall : 1532
PrivateFrameworks/EmbeddedOSSupportHost : 104
PrivateFrameworks/EmbeddedSensingProtocols : 5773
PrivateFrameworks/EmojiFoundation : 142
PrivateFrameworks/Engram : 283
PrivateFrameworks/Espresso : 5904
PrivateFrameworks/ExchangeSync : 564
PrivateFrameworks/ExchangeWebServices : 1378
PrivateFrameworks/ExpansionSlotSupport : 5
PrivateFrameworks/FMClient : 2454
PrivateFrameworks/FMCore : 815
PrivateFrameworks/FMCoreLite : 787
PrivateFrameworks/FMCoreUI : 859
PrivateFrameworks/FMF : 1136
PrivateFrameworks/FMFCore : 67
PrivateFrameworks/FMFUI : 1136
PrivateFrameworks/FMIPCore : 67
PrivateFrameworks/FMNetworking : 188
PrivateFrameworks/FTAWD : 283
PrivateFrameworks/FTClientServices : 198
PrivateFrameworks/FTServices : 198
PrivateFrameworks/FWAVC : 191
PrivateFrameworks/FaceCore : 2299
PrivateFrameworks/FamilyCircle : 766
PrivateFrameworks/FamilyCircleUI : 766
PrivateFrameworks/FamilyControls : 571
PrivateFrameworks/FamilyNotification : 766
PrivateFrameworks/FeatureFlagsSupport : 4683
PrivateFrameworks/FileProvider : 247
PrivateFrameworks/FileProviderDaemon : 247
PrivateFrameworks/FilesActionsUI : 924
PrivateFrameworks/FindMyDevice : 464
PrivateFrameworks/FindMyDeviceUI : 407
PrivateFrameworks/FindMyMac : 481
PrivateFrameworks/FinderKit : 26
PrivateFrameworks/FinderSyncPriv : 25
PrivateFrameworks/FlightUtilities : 827
PrivateFrameworks/FolderActionsKit : 1294
PrivateFrameworks/FontServices : 3412
PrivateFrameworks/FoundInAppsPlugins : 24
PrivateFrameworks/FrontBoardServices : 156
PrivateFrameworks/Futhark : 1604
PrivateFrameworks/GPUInfo : 9
PrivateFrameworks/GPURawCounter : 1045
PrivateFrameworks/GPUSupport : 2717
PrivateFrameworks/GameCenterFoundation : 421
PrivateFrameworks/GameCenterUI : 421
PrivateFrameworks/GameCenterUICore : 421
PrivateFrameworks/GameKitServices : 770
PrivateFrameworks/GenerationalStorage : 1071
PrivateFrameworks/GeoKit : 538
PrivateFrameworks/GeoServices : 193
PrivateFrameworks/Geode : 43
PrivateFrameworks/GraphKit : 12451
PrivateFrameworks/GraphVisualizer : 3593
PrivateFrameworks/GraphicsServices : 3657
PrivateFrameworks/HDAInterface : 148
PrivateFrameworks/HDRProcessing : 101
PrivateFrameworks/HID : 68
PrivateFrameworks/HIDAnalytics : 28
PrivateFrameworks/HIDDisplay : 28
PrivateFrameworks/HMFoundation : 292
PrivateFrameworks/HTTPServer : 1157
PrivateFrameworks/HearingCore : 194
PrivateFrameworks/HearingUtilities : 194
PrivateFrameworks/HeimODAdmin : 110
PrivateFrameworks/Heimdal : 407
PrivateFrameworks/Helium : 849
PrivateFrameworks/HelloWorldMacHelper : 321
PrivateFrameworks/HelpData : 887
PrivateFrameworks/HomeAI : 542
PrivateFrameworks/HomeKit : 573
PrivateFrameworks/HomeKitBackingStore : 573
PrivateFrameworks/HomeKitDaemon : 573
PrivateFrameworks/IAP : 3627
PrivateFrameworks/IASUtilities : 365
PrivateFrameworks/IDS : 198
PrivateFrameworks/IDSFoundation : 198
PrivateFrameworks/IDSHashPersistence : 230
PrivateFrameworks/IDSKVStore : 230
PrivateFrameworks/IDSSystemPreferencesSignIn : 198
PrivateFrameworks/IMAP : 14
PrivateFrameworks/IMAVCore : 8961
PrivateFrameworks/IMAssistantCore : 11
PrivateFrameworks/IMCore : 11
PrivateFrameworks/IMDMessageServices : 11
PrivateFrameworks/IMDPersistence : 11
PrivateFrameworks/IMDaemonCore : 11
PrivateFrameworks/IMFoundation : 283
PrivateFrameworks/IMSharedUI : 99
PrivateFrameworks/IMSharedUtilities : 11
PrivateFrameworks/IMTranscoderAgent : 11
PrivateFrameworks/IMTranscoding : 11
PrivateFrameworks/IMTransferAgent : 11
PrivateFrameworks/IMTransferServices : 283
PrivateFrameworks/IOAccelMemoryInfo : 65
PrivateFrameworks/IOAccelerator : 65
PrivateFrameworks/IOImageLoader : 2000
PrivateFrameworks/IOPlatformPluginFamily : 20
PrivateFrameworks/IOPresentment : 2300
PrivateFrameworks/ISSupport : 10459
PrivateFrameworks/IconServices : 103
PrivateFrameworks/IdleTimerServices : 5914
PrivateFrameworks/IncomingCallFilter : 591
PrivateFrameworks/InertiaCam : 1599
PrivateFrameworks/InputContext : 6401
PrivateFrameworks/InputTranscoder : 999
PrivateFrameworks/Install : 431
PrivateFrameworks/InstallerDiagnostics : 1042
PrivateFrameworks/Intents : 133
PrivateFrameworks/IntentsCore : 133
PrivateFrameworks/IntentsFoundation : 133
PrivateFrameworks/IntentsServices : 133
PrivateFrameworks/InternationalSupport : 593
PrivateFrameworks/InternationalTextSearch : 2694
PrivateFrameworks/InternetAccounts : 941
PrivateFrameworks/IntlPreferences : 251
PrivateFrameworks/JavaApplicationLauncher : 1416
PrivateFrameworks/JavaLaunching : 1345
PrivateFrameworks/JavaScriptAppleEvents : 2566
PrivateFrameworks/JavaScriptOSA : 2357
PrivateFrameworks/Jet : 3026
PrivateFrameworks/JetEngine : 194
PrivateFrameworks/JetUI : 241
PrivateFrameworks/KerberosHelper : 2508
PrivateFrameworks/KeyboardServices : 44
PrivateFrameworks/KnowledgeGraphKit : 45
PrivateFrameworks/KnowledgeMonitor : 96
PrivateFrameworks/LanguageModeling : 698
PrivateFrameworks/Lexicon : 2929
PrivateFrameworks/LibraryRepair : 978
PrivateFrameworks/LimitAdTracking : 285
PrivateFrameworks/LinguisticData : 403
PrivateFrameworks/LinkPresentation : 433
PrivateFrameworks/LocalAuthenticationRecoveryUI : 23
PrivateFrameworks/LocalAuthenticationUI : 23
PrivateFrameworks/LocationSupport : 159
PrivateFrameworks/LockoutUI : 1981
PrivateFrameworks/LoggingSupport : 14
PrivateFrameworks/LoginUIKit : 321
PrivateFrameworks/Lookup : 498
PrivateFrameworks/MDSChannel : 2287
PrivateFrameworks/MFAAuthentication : 225
PrivateFrameworks/MFiAuthentication : 3627
PrivateFrameworks/MLFoundation : 321
PrivateFrameworks/MMCS : 846
PrivateFrameworks/MMCSServices : 11
PrivateFrameworks/MTLCompiler : 72
PrivateFrameworks/MTLSimImplementation : 72
PrivateFrameworks/MachineSettings : 4945
PrivateFrameworks/Mail : 14
PrivateFrameworks/MailCore : 14
PrivateFrameworks/MailService : 14
PrivateFrameworks/MailSupport : 14
PrivateFrameworks/MailUI : 14
PrivateFrameworks/MailWebProcessSupport : 14
PrivateFrameworks/MallocStackLogging : 792
PrivateFrameworks/ManagedClient : 298
PrivateFrameworks/Mangrove : 587
PrivateFrameworks/MapsSuggestions : 137
PrivateFrameworks/MapsSupport : 137
PrivateFrameworks/Marco : 283
PrivateFrameworks/MarkupUI : 284
PrivateFrameworks/MediaControlSender : 203
PrivateFrameworks/MediaConversionService : 42
PrivateFrameworks/MediaKit : 3988
PrivateFrameworks/MediaMiningKit : 45
PrivateFrameworks/MediaRemote : 70
PrivateFrameworks/MediaServices : 195
PrivateFrameworks/MediaStream : 42
PrivateFrameworks/Memories : 112
PrivateFrameworks/MessageProtection : 92
PrivateFrameworks/MessageSecurity : 4204
PrivateFrameworks/MessageUIMacHelper : 17
PrivateFrameworks/MetadataUtilities : 28
PrivateFrameworks/MetalTools : 72
PrivateFrameworks/MetricKitCore : 680
PrivateFrameworks/MetricKitServices : 680
PrivateFrameworks/MetricKitSource : 680
PrivateFrameworks/MetricMeasurement : 680
PrivateFrameworks/MiniSoftwareUpdate : 1476
PrivateFrameworks/MobileAccessoryUpdater : 272
PrivateFrameworks/MobileActivationMacOS : 357
PrivateFrameworks/MobileAsset : 470
PrivateFrameworks/MobileAssetUpdater : 305
PrivateFrameworks/MobileBluetooth : 161
PrivateFrameworks/MobileDevice : 243
PrivateFrameworks/MobileIcons : 103
PrivateFrameworks/MobileKeyBag : 275
PrivateFrameworks/Mondrian : 43
PrivateFrameworks/MonitorPanel : 540
PrivateFrameworks/Montreal : 3318
PrivateFrameworks/MultitouchSupport : 29
PrivateFrameworks/MultiverseSupport : 735
PrivateFrameworks/MusicLibrary : 104
PrivateFrameworks/NLP : 2584
PrivateFrameworks/Navigation : 193
PrivateFrameworks/NearField : 189
PrivateFrameworks/NetAppsUtilities : 3951
PrivateFrameworks/NetAuth : 956
PrivateFrameworks/NetFSServer : 407
PrivateFrameworks/Netrb : 329
PrivateFrameworks/Network : 45
PrivateFrameworks/NetworkServiceProxy : 2746
PrivateFrameworks/NetworkStatistics : 4738
PrivateFrameworks/NeutrinoCore : 42
PrivateFrameworks/NeutrinoKit : 42
PrivateFrameworks/Notes : 214
PrivateFrameworks/NotesShared : 214
PrivateFrameworks/NotesUI : 214
PrivateFrameworks/Noticeboard : 2238
PrivateFrameworks/NotificationCenterUI : 29
PrivateFrameworks/OAuth : 17505
PrivateFrameworks/OSAServicesClient : 821
PrivateFrameworks/OSASubmissionClient : 865
PrivateFrameworks/OSASyncProxyClient : 865
PrivateFrameworks/OSAnalytics : 821
PrivateFrameworks/OSAnalyticsPrivate : 865
PrivateFrameworks/OSD : 2094
PrivateFrameworks/OSInstaller : 91
PrivateFrameworks/OSPersonalization : 1085
PrivateFrameworks/OSUpdate : 66
PrivateFrameworks/OTSVG : 99
PrivateFrameworks/OfficeImport : 1118
PrivateFrameworks/OnBoardingKit : 253
PrivateFrameworks/OpenDirectoryConfig : 13372
PrivateFrameworks/OpenDirectoryConfigUI : 1419
PrivateFrameworks/Osprey : 658
PrivateFrameworks/PAImaging : 43
PrivateFrameworks/PAImagingCore : 43
PrivateFrameworks/PASampling : 527
PrivateFrameworks/PDFKit : 50
PrivateFrameworks/PIP : 633
PrivateFrameworks/PSNormalizer : 775
PrivateFrameworks/PackageKit : 10
PrivateFrameworks/PacketFilter : 893
PrivateFrameworks/ParsecModel : 18
PrivateFrameworks/ParsecSubscriptionServiceSupport : 18
PrivateFrameworks/ParsecUI : 25
PrivateFrameworks/PassKit : 187
PrivateFrameworks/PassKitCore : 244
PrivateFrameworks/PassKitUIFoundation : 93
PrivateFrameworks/PasswordServer : 7607
PrivateFrameworks/PencilKit : 790
PrivateFrameworks/PeopleSuggester : 68
PrivateFrameworks/PerformanceAnalysis : 527
PrivateFrameworks/PersistentConnection : 489
PrivateFrameworks/PersonaKit : 3452
PrivateFrameworks/PersonaUI : 3452
PrivateFrameworks/PersonalizationPortrait : 24
PrivateFrameworks/PersonalizationPortraitInternals : 24
PrivateFrameworks/PhoneNumbers : 10
PrivateFrameworks/PhotoAnalysis : 45
PrivateFrameworks/PhotoFoundation : 42
PrivateFrameworks/PhotoImaging : 42
PrivateFrameworks/PhotoLibrary : 43
PrivateFrameworks/PhotoLibraryServices : 42
PrivateFrameworks/PhotoPrintProduct : 823
PrivateFrameworks/PhotoVision : 42
PrivateFrameworks/PhotosFormats : 42
PrivateFrameworks/PhotosGraph : 45
PrivateFrameworks/PhotosImagingFoundation : 42
PrivateFrameworks/PhotosPlayer : 42
PrivateFrameworks/PhotosUICore : 43
PrivateFrameworks/PhysicsKit : 3114
PrivateFrameworks/PipelineKit : 45
PrivateFrameworks/PlacesKit : 43
PrivateFrameworks/PlugInKit : 460
PrivateFrameworks/PodcastServices : 38
PrivateFrameworks/PowerLog : 12
PrivateFrameworks/PowerlogControl : 12
PrivateFrameworks/PowerlogCore : 12
PrivateFrameworks/PowerlogDatabaseReader : 12
PrivateFrameworks/PowerlogLiteOperators : 8
PrivateFrameworks/PreferencePanesSupport : 447
PrivateFrameworks/PrintKit : 2993
PrivateFrameworks/PrintingPrivate : 545
PrivateFrameworks/PrivateFederatedLearning : 105
PrivateFrameworks/ProVideo : 999
PrivateFrameworks/ProactiveEventTracker : 260
PrivateFrameworks/ProactiveExperiments : 25
PrivateFrameworks/ProactiveExperimentsInternals : 25
PrivateFrameworks/ProactiveML : 25
PrivateFrameworks/ProactiveSupport : 260
PrivateFrameworks/ProactiveSupportStubs : 260
PrivateFrameworks/ProofReader : 1628
PrivateFrameworks/ProtectedCloudStorage : 405
PrivateFrameworks/ProtocolBuffer : 1128
PrivateFrameworks/PrototypeTools : 4313
PrivateFrameworks/QLCharts : 1118
PrivateFrameworks/Quagga : 1146
PrivateFrameworks/QuickLookIosmac : 232
PrivateFrameworks/QuickLookNonBaseSystem : 228
PrivateFrameworks/QuickLookSupport : 223
PrivateFrameworks/QuickLookThumbnailing : 223
PrivateFrameworks/QuickLookUIIosmac : 232
PrivateFrameworks/RTCReporting : 523
PrivateFrameworks/RTTUI : 194
PrivateFrameworks/RTTUtilities : 194
PrivateFrameworks/Rapport : 499
PrivateFrameworks/RapportUI : 518
PrivateFrameworks/ReminderKit : 30
PrivateFrameworks/ReminderKitUI : 30
PrivateFrameworks/ReminderMigration : 283
PrivateFrameworks/RemoteConfiguration : 3298
PrivateFrameworks/RemoteCoreML : 5680
PrivateFrameworks/RemoteManagement : 1362
PrivateFrameworks/RemoteServiceDiscovery : 25
PrivateFrameworks/RemoteTextInput : 2917
PrivateFrameworks/RemoteViewServices : 610
PrivateFrameworks/RemoteXPC : 25
PrivateFrameworks/RenderBox : 1240
PrivateFrameworks/ReplayKitMacHelper : 117
PrivateFrameworks/ResponseKit : 2160
PrivateFrameworks/Restore : 331
PrivateFrameworks/Reveal : 784
PrivateFrameworks/RevealCore : 784
PrivateFrameworks/RunningBoard : 116
PrivateFrameworks/RunningBoardServices : 114
PrivateFrameworks/SAObjects : 194
PrivateFrameworks/SCEP : 1395
PrivateFrameworks/SDAPI : 4474
PrivateFrameworks/SMBClient : 182
PrivateFrameworks/SMBClientEngine : 204
PrivateFrameworks/SPFinder : 192
PrivateFrameworks/SPOwner : 192
PrivateFrameworks/SPShared : 188
PrivateFrameworks/SPSupport : 961
PrivateFrameworks/SafeEjectGPU : 122
PrivateFrameworks/SampleAnalysis : 527
PrivateFrameworks/ScreenReader : 73
PrivateFrameworks/ScreenReaderCore : 73
PrivateFrameworks/ScreenSharing : 685
PrivateFrameworks/SearchAds : 285
PrivateFrameworks/SearchFoundation : 18
PrivateFrameworks/SearchUI : 982
PrivateFrameworks/SearchUICardKitProviderSupport : 798
PrivateFrameworks/SecCodeWrapper : 159
PrivateFrameworks/SecureChannel : 1326
PrivateFrameworks/SecurityTokend : 3307
PrivateFrameworks/Seeding : 869
PrivateFrameworks/SemanticDocumentManagement : 2178
PrivateFrameworks/SensingProtocols : 5773
PrivateFrameworks/SensorKit : 17
PrivateFrameworks/Sentry : 1346
PrivateFrameworks/ServerCompatibility : 2578
PrivateFrameworks/ServerInformation : 760
PrivateFrameworks/SetupAssistantFramework : 40
PrivateFrameworks/SetupAssistantSupport : 1482
PrivateFrameworks/ShareKit : 187
PrivateFrameworks/SharePointManagement : 95
PrivateFrameworks/ShareServicesCore : 43
PrivateFrameworks/ShareSheet : 75
PrivateFrameworks/SharedWebCredentials : 822
PrivateFrameworks/Sharing : 138
PrivateFrameworks/SharingXPCServices : 123
PrivateFrameworks/Shortcut : 924
PrivateFrameworks/SidecarCore : 524
PrivateFrameworks/SidecarUI : 524
PrivateFrameworks/SignpostCollection : 688
PrivateFrameworks/SignpostMetrics : 688
PrivateFrameworks/SignpostNotification : 181
PrivateFrameworks/SignpostSupport : 688
PrivateFrameworks/SiriClientFlow : 182
PrivateFrameworks/SiriCore : 18
PrivateFrameworks/SiriFoundation : 183
PrivateFrameworks/SiriInstrumentation : 78
PrivateFrameworks/SiriTTS : 66
PrivateFrameworks/SiriTasks : 23
PrivateFrameworks/SiriUI : 193
PrivateFrameworks/SiriVOX : 18
PrivateFrameworks/SkyLight : 82
PrivateFrameworks/Slideshows : 864
PrivateFrameworks/SocialServices : 288
PrivateFrameworks/SoftwareUpdate : 66
PrivateFrameworks/SpanMatcher : 18
PrivateFrameworks/SpeechDictionary : 2132
PrivateFrameworks/SpeechObjects : 320
PrivateFrameworks/SpeechRecognitionCommandServices : 1453
PrivateFrameworks/SpeechRecognitionCore : 740
PrivateFrameworks/Spotlight : 25
PrivateFrameworks/SpotlightDaemon : 19
PrivateFrameworks/SpotlightIndex : 25
PrivateFrameworks/SpotlightReceiver : 19
PrivateFrameworks/SpotlightServerKit : 25
PrivateFrameworks/SpotlightServices : 25
PrivateFrameworks/StatsKit : 6935
PrivateFrameworks/StorageKit : 955
PrivateFrameworks/StorageManagement : 166
PrivateFrameworks/StoreFoundation : 72
PrivateFrameworks/StoreJavaScript : 72
PrivateFrameworks/StoreServices : 429
PrivateFrameworks/StoreUI : 72
PrivateFrameworks/StreamingZip : 1338
PrivateFrameworks/Suggestions : 662
PrivateFrameworks/SuggestionsSpotlightMetrics : 25
PrivateFrameworks/Symbolication : 792
PrivateFrameworks/SymptomDiagnosticReporter : 255
PrivateFrameworks/SymptomReporter : 255
PrivateFrameworks/Symptoms : 255
PrivateFrameworks/SyncServicesUI : 8541
PrivateFrameworks/SyncedDefaults : 1108
PrivateFrameworks/SystemAdministration : 120
PrivateFrameworks/SystemAdministrationInterface : 682
PrivateFrameworks/SystemDesktopAppearance : 110
PrivateFrameworks/SystemMigration : 16
PrivateFrameworks/SystemMigrationNetworking : 16
PrivateFrameworks/SystemMigrationUtils : 16
PrivateFrameworks/SystemPolicy : 44
PrivateFrameworks/SystemUIPlugin : 4958
PrivateFrameworks/TCC : 79
PrivateFrameworks/TTYUtilities : 3252
PrivateFrameworks/TVRemoteCore : 156
PrivateFrameworks/TelephonyUtilities : 10
PrivateFrameworks/TemplateKit : 980
PrivateFrameworks/TextInput : 110
PrivateFrameworks/TextInputCore : 110
PrivateFrameworks/TextInputMenuUI : 226
PrivateFrameworks/TextRecognition : 825
PrivateFrameworks/TextToSpeech : 107
PrivateFrameworks/TextureIO : 4611
PrivateFrameworks/TimeMachine : 374
PrivateFrameworks/TimeSync : 1986
PrivateFrameworks/ToneKit : 136
PrivateFrameworks/ToneLibrary : 136
PrivateFrameworks/Tourist : 350
PrivateFrameworks/Transparency : 293
PrivateFrameworks/TransparencyDetailsViewMac : 285
PrivateFrameworks/TrustEvaluationAgent : 2861
PrivateFrameworks/TuriCore : 490
PrivateFrameworks/UAUPlugin : 586
PrivateFrameworks/UIFoundation : 1123
PrivateFrameworks/UIKitMacHelper : 23
PrivateFrameworks/UIKitSystemAppServices : 321
PrivateFrameworks/UIRecording : 616
PrivateFrameworks/URLFormatting : 430
PrivateFrameworks/USDKit : 2569
PrivateFrameworks/UXKit : 42
PrivateFrameworks/Uninstall : 3900
PrivateFrameworks/UniversalAccess : 46
PrivateFrameworks/UsageTracking : 152
PrivateFrameworks/UserActivity : 955
PrivateFrameworks/UserManagement : 453
PrivateFrameworks/VCXMPP : 11360
PrivateFrameworks/VectorKit : 195
PrivateFrameworks/VideoConference : 1118
PrivateFrameworks/VideoProcessing : 99
PrivateFrameworks/ViewBridge : 247
PrivateFrameworks/VisionKit : 1067
PrivateFrameworks/VisualPairing : 3919
PrivateFrameworks/VisualTestKit : 814
PrivateFrameworks/VoiceShortcutClient : 143
PrivateFrameworks/VoiceShortcuts : 143
PrivateFrameworks/VoiceTrigger : 1679
PrivateFrameworks/WPDaemon : 3255
PrivateFrameworks/WatchdogClient : 365
PrivateFrameworks/WeatherFoundation : 2165
PrivateFrameworks/WeatherKit : 402
PrivateFrameworks/WebContentAnalysis : 353
PrivateFrameworks/WebFilterDNS : 353
PrivateFrameworks/WebInspector : 13
PrivateFrameworks/WiFiCloudSyncEngine : 105
PrivateFrameworks/WiFiPeerToPeer : 1875
PrivateFrameworks/WiFiPolicy : 193
PrivateFrameworks/WiFiVelocity : 262
PrivateFrameworks/WirelessCoexManager : 58
PrivateFrameworks/WirelessDiagnostics : 5275
PrivateFrameworks/WirelessProximity : 3255
PrivateFrameworks/WorkflowKit : 143
PrivateFrameworks/XARTRecovery : 1380
PrivateFrameworks/XCTAutomationSupport : 223
PrivateFrameworks/XCTTargetBootstrap : 223
PrivateFrameworks/XPCService : 9169
PrivateFrameworks/XQuery : 4155
PrivateFrameworks/XprotectFramework : 128
PrivateFrameworks/acfs : 1455
PrivateFrameworks/caulk : 1737
PrivateFrameworks/iAdCore : 252
PrivateFrameworks/iAdServices : 252
PrivateFrameworks/iCalendar : 413
PrivateFrameworks/iLifeMediaBrowser : 187
PrivateFrameworks/iPod : 4950
PrivateFrameworks/iPodSync : 1331
PrivateFrameworks/iPodUpdater : 1230
PrivateFrameworks/iWorkXPC : 1659
PrivateFrameworks/kperf : 1139
PrivateFrameworks/kperfdata : 1139
PrivateFrameworks/ktrace : 1073
PrivateFrameworks/login : 1273
PrivateFrameworks/nt : 203
PrivateFrameworks/oncrpc : 1559
PrivateFrameworks/perfdata : 746
PrivateFrameworks/vCard : 218
PrivateFrameworks/yara : 218
CoreServices/Bluetooth Setup Assistant : 7.0.2f5
CoreServices/BluetoothUIServer : 7.0.2f5
CoreServices/Install in Progress : 979
CoreServices/OBEXAgent : 7.0.2f5
CoreServices/Spotlight : 2075.6
Frameworks/AVKit : 208
Frameworks/BusinessChat : 55
Frameworks/ContactsUI : 223
Frameworks/CoreAudioKit : 610
Frameworks/CoreNFC : 108
Frameworks/EventKitUI : 165
Frameworks/GameController : 68
Frameworks/GameKit : 445
Frameworks/GameplayKit : 767
Frameworks/HealthKit : 193
Frameworks/HealthKitUI : 193
Frameworks/IdentityLookupUI : 4
Frameworks/IntentsUI : 60
Frameworks/JavaScriptCore : 4
Frameworks/LinkPresentation : 171
Frameworks/MapKit : 62
Frameworks/MediaPlayer : 19
Frameworks/MessageUI : 17
Frameworks/MetalKit : 139
Frameworks/MobileCoreServices : 288
Frameworks/MultipeerConnectivity : 997
Frameworks/PDFKit : 51
Frameworks/PassKit : 120
Frameworks/PencilKit : 406
Frameworks/PhotosUI : 40
Frameworks/QuickLook : 286
Frameworks/RealityKit : 60
Frameworks/ReplayKit : 117
Frameworks/SafariServices : 4
Frameworks/SceneKit : 78
Frameworks/Social : 161
Frameworks/SpriteKit : 72
Frameworks/SwiftUI : 46
Frameworks/UIKit : 24
Frameworks/VisionKit : 924
Frameworks/WatchConnectivity : 575
Frameworks/WebKit : 4
Frameworks/iAd : 252
PrivateFrameworks/AVKitMacHelper : 208
PrivateFrameworks/Accessibility : 36
PrivateFrameworks/AccessibilityUtilities : 36
PrivateFrameworks/ActionKit : 46
PrivateFrameworks/ActionKitUI : 47
PrivateFrameworks/ActivityRingsUI : 899
PrivateFrameworks/AddressBookLegacy : 279
PrivateFrameworks/AnnotationKit : 278
PrivateFrameworks/AppAnalytics : 701
PrivateFrameworks/AppSupportUI : 1090
PrivateFrameworks/AppleMediaServicesUI : 25
PrivateFrameworks/AuthKitUI : 37
PrivateFrameworks/AuthKitUIMacHelper : 37
PrivateFrameworks/BaseBoardUI : 303
PrivateFrameworks/CalendarUIKit : 199
PrivateFrameworks/ClassroomKit : 458
PrivateFrameworks/ContactsAutocompleteUI : 305
PrivateFrameworks/ContentKit : 46
PrivateFrameworks/CorePDF : 313
PrivateFrameworks/CoreRecognition : 321
PrivateFrameworks/CoreSuggestionsUI : 24
PrivateFrameworks/DataDetectorsUI : 723
PrivateFrameworks/DocumentManager : 58
PrivateFrameworks/DocumentManagerCore : 58
PrivateFrameworks/EmojiKit : 396
PrivateFrameworks/FMCoreUI : 419
PrivateFrameworks/FMNetworking : 102
PrivateFrameworks/FrontBoard : 158
PrivateFrameworks/GameCenterUI : 221
PrivateFrameworks/Home : 161
PrivateFrameworks/HomeKit : 98
PrivateFrameworks/HomeUI : 161
PrivateFrameworks/IMAssistantCore : 4
PrivateFrameworks/IMCore : 4
PrivateFrameworks/IMDPersistence : 4
PrivateFrameworks/IMSharedUtilities : 4
PrivateFrameworks/IMTranscoding : 4
PrivateFrameworks/IntlPreferences : 96
PrivateFrameworks/Jet : 838
PrivateFrameworks/ManagedConfiguration : 103
PrivateFrameworks/MarkupUI : 278
PrivateFrameworks/MediaPlaybackCore : 19
PrivateFrameworks/MobileTimer : 641
PrivateFrameworks/MobileTimerUI : 641
PrivateFrameworks/NanoRegistry : 531
PrivateFrameworks/NetAppsUtilitiesUI : 3951
PrivateFrameworks/NewsAnalytics : 27
PrivateFrameworks/NewsAnalyticsUpload : 27
PrivateFrameworks/NewsArticles : 27
PrivateFrameworks/NewsCore : 27
PrivateFrameworks/NewsDaemon : 27
PrivateFrameworks/NewsFeed : 27
PrivateFrameworks/NewsFeedLayout : 27
PrivateFrameworks/NewsFoundation : 27
PrivateFrameworks/NewsServicesInternal : 27
PrivateFrameworks/NewsSubscription : 27
PrivateFrameworks/NewsTransport : 27
PrivateFrameworks/NewsUI : 27
PrivateFrameworks/NewsUI2 : 27
PrivateFrameworks/OnBoardingKit : 124
PrivateFrameworks/PassKitUIFoundation : 50
PrivateFrameworks/PencilKit : 406
PrivateFrameworks/PersonaUI : 1180
PrivateFrameworks/PhotoLibrary : 40
PrivateFrameworks/PhotosPlayer : 40
PrivateFrameworks/PhotosUICore : 40
PrivateFrameworks/RTTUI : 86
PrivateFrameworks/RapportUI : 410
PrivateFrameworks/SPShared : 102
PrivateFrameworks/Silex : 27
PrivateFrameworks/SilexVideo : 27
PrivateFrameworks/SilexWeb : 27
PrivateFrameworks/SocialServices : 142
PrivateFrameworks/Stocks : 5110
PrivateFrameworks/TSReading : 2261
PrivateFrameworks/TSUtility : 2261
PrivateFrameworks/TeaActivities : 65
PrivateFrameworks/TeaCharts : 65
PrivateFrameworks/TeaDB : 65
PrivateFrameworks/TeaFoundation : 65
PrivateFrameworks/TeaSettings : 65
PrivateFrameworks/TeaTemplate : 65
PrivateFrameworks/TeaUI : 65
PrivateFrameworks/TeaUIKit : 65
PrivateFrameworks/TelephonyUI : 4
PrivateFrameworks/TransparencyDetailsView : 285
PrivateFrameworks/UIAccessibility : 36
PrivateFrameworks/UIKitCore : 23
PrivateFrameworks/UIKitMacHelper : 23
PrivateFrameworks/UIKitServices : 22
PrivateFrameworks/UserNotificationsExtensionPoint : 316
PrivateFrameworks/VisualAlert : 36
PrivateFrameworks/VisualPairing : 1914
PrivateFrameworks/VoiceMemos : 268
PrivateFrameworks/VoiceShortcutClient : 46
PrivateFrameworks/VoiceShortcuts : 46
PrivateFrameworks/VoiceShortcutsUI : 47
PrivateFrameworks/Weather : 4981
PrivateFrameworks/WeatherFoundation : 351
PrivateFrameworks/WebCore : 4
PrivateFrameworks/WebInspector : 4
PrivateFrameworks/WebKitLegacy : 4
PrivateFrameworks/WorkflowKit : 46
PrivateFrameworks/WorkflowUI : 47
