Applications/Flashlight : 69
Applications/Google Chrome : 3945.117
Applications/MacForge : 2553
Applications/Microsoft Edge Beta : 79.309.20011265
Applications/PhotoScapeX : 405
Applications/RunCat : 6.7.0
Applications/Safari : 15608.5.6
Applications/Todeska : 1.3.8
Applications/Todoist : 11793
Applications/cDock : 6552
Applications/Dictionary : 239.1.1
Applications/Mail : 3608.60.0.2.2
Applications/Music : 1.0.3
Applications/News : 2371.2.6
Applications/Photos : 131.17.170
Applications/TV : 1.0.3
Utilities/Bluetooth File Exchange : 7.0.3f3
Utilities/Boot Camp Assistant : 6170.80.4
Utilities/VoiceOver Utility : 708.5.4
Frameworks/AGL : 3407
Frameworks/AVFoundation : 19
Frameworks/AVKit : 265
Frameworks/Accelerate : 346
Frameworks/Accounts : 732
Frameworks/AdSupport : 1491
Frameworks/AddressBook : 79
Frameworks/AppKit : 13
Frameworks/AppleScriptKit : 3092
Frameworks/AppleScriptObjC : 4438
Frameworks/ApplicationServices : 2836
Frameworks/AudioToolbox : 30
Frameworks/AudioVideoBridging : 720
Frameworks/Automator : 494
Frameworks/BusinessChat : 10
Frameworks/CFNetwork : 22
Frameworks/CalendarStore : 537
Frameworks/CallKit : 9
Frameworks/Carbon : 4077
Frameworks/CloudKit : 589
Frameworks/Cocoa : 11312
Frameworks/Collaboration : 3849
Frameworks/ColorSync : 1329
Frameworks/Combine : 752
Frameworks/Contacts : 268
Frameworks/ContactsUI : 72
Frameworks/CoreAudio : 633
Frameworks/CoreAudioKit : 783
Frameworks/CoreAudioTypes : 29
Frameworks/CoreBluetooth : 164
Frameworks/CoreData : 331
Frameworks/CoreFoundation : 179
Frameworks/CoreGraphics : 71
Frameworks/CoreHaptics : 79
Frameworks/CoreImage : 226
Frameworks/CoreLocation : 162
Frameworks/CoreMIDI : 60
Frameworks/CoreMIDIServer : 60
Frameworks/CoreML : 179
Frameworks/CoreMediaIO : 289
Frameworks/CoreMotion : 162
Frameworks/CoreServices : 296
Frameworks/CoreSpotlight : 6
Frameworks/CoreTelephony : 64
Frameworks/CoreText : 215
Frameworks/CoreVideo : 1888
Frameworks/CoreWLAN : 112
Frameworks/CryptoKit : 298
Frameworks/CryptoTokenKit : 219
Frameworks/DVDPlayback : 132
Frameworks/DeviceCheck : 7570
Frameworks/DirectoryService : 425
Frameworks/DiscRecording : 186
Frameworks/DiscRecordingUI : 186
Frameworks/DiskArbitration : 530
Frameworks/DriverKit : 412
Frameworks/EventKit : 336
Frameworks/ExceptionHandling : 4655
Frameworks/ExecutionPolicy : 47
Frameworks/ExternalAccessory : 907
Frameworks/FWAUserLib : 884
Frameworks/FileProvider : 442
Frameworks/FileProviderUI : 1182
Frameworks/FinderSync : 28
Frameworks/ForceFeedback : 3499
Frameworks/Foundation : 180
Frameworks/GLKit : 394
Frameworks/GLUT : 233
Frameworks/GSS : 539
Frameworks/GameController : 130
Frameworks/GameKit : 444
Frameworks/GameplayKit : 3039
Frameworks/HIDDriverKit : 40
Frameworks/Hypervisor : 242
Frameworks/IOBluetooth : 15
Frameworks/IOBluetoothUI : 15
Frameworks/IOKit : 88
Frameworks/IOSurface : 1734
Frameworks/IOUSBHost : 135
Frameworks/IdentityLookup : 9
Frameworks/ImageIO : 22
Frameworks/InputMethodKit : 385
Frameworks/InstallerPlugins : 466
Frameworks/InstantMessage : 10640
Frameworks/Intents : 138
Frameworks/JavaFrameEmbedding : 1533
Frameworks/JavaVM : 1544
Frameworks/Kerberos : 923
Frameworks/Kernel : 1
Frameworks/LDAP : 206
Frameworks/LatentSemanticMapping : 2661
Frameworks/LinkPresentation : 534
Frameworks/LocalAuthentication : 19
Frameworks/MapKit : 86
Frameworks/MediaAccessibility : 2643
Frameworks/MediaLibrary : 303
Frameworks/Message : 12313
Frameworks/Metal : 75
Frameworks/MetalKit : 150
Frameworks/MetalPerformanceShaders : 5
Frameworks/MetricKit : 851
Frameworks/ModelIO : 1097
Frameworks/MultipeerConnectivity : 2190
Frameworks/NaturalLanguage : 2699
Frameworks/NetFS : 458
Frameworks/Network : 48
Frameworks/NetworkExtension : 61
Frameworks/NetworkingDriverKit : 803
Frameworks/NotificationCenter : 32
Frameworks/OSAKit : 5069
Frameworks/OSLog : 30
Frameworks/OpenAL : 841
Frameworks/OpenCL : 943
Frameworks/OpenDirectory : 425
Frameworks/OpenGL : 2900
Frameworks/PCSC : 64
Frameworks/PencilKit : 793
Frameworks/Photos : 4
Frameworks/PhotosUI : 4
Frameworks/PreferencePanes : 660
Frameworks/PushKit : 1627
Frameworks/Python : 1090
Frameworks/QTKit : 911
Frameworks/Quartz : 8058
Frameworks/QuartzCore : 27
Frameworks/QuickLook : 307
Frameworks/QuickLookThumbnailing : 228
Frameworks/RealityKit : 93
Frameworks/Ruby : 1039
Frameworks/SceneKit : 331
Frameworks/ScreenSaver : 294
Frameworks/ScriptingBridge : 2202
Frameworks/Security : 29
Frameworks/SecurityFoundation : 807
Frameworks/SecurityInterface : 722
Frameworks/ServiceManagement : 29
Frameworks/Social : 621
Frameworks/SoundAnalysis : 2159
Frameworks/Speech : 302
Frameworks/SpriteKit : 73
Frameworks/StoreKit : 285
Frameworks/SyncServices : 8663
Frameworks/System : 110811
Frameworks/SystemConfiguration : 54
Frameworks/SystemExtensions : 171
Frameworks/TWAIN : 657
Frameworks/Tcl : 1335
Frameworks/Tk : 1335
Frameworks/USBDriverKit : 135
Frameworks/UserNotifications : 1781
Frameworks/VideoDecodeAcceleration : 4798
Frameworks/VideoSubscriberAccount : 111
Frameworks/Vision : 1875
Frameworks/iTunesLibrary : 50
Frameworks/vecLib : 346
Frameworks/vmnet : 332
PrivateFrameworks/ACDEClient : 7999
PrivateFrameworks/AMPLibrary : 10
PrivateFrameworks/AMPSharing : 5
PrivateFrameworks/AOSAccounts : 452
PrivateFrameworks/AOSAccountsLite : 452
PrivateFrameworks/AOSKit : 263
PrivateFrameworks/AOSMigrate : 13234
PrivateFrameworks/AOSUI : 181
PrivateFrameworks/APTransport : 359
PrivateFrameworks/AVConference : 150
PrivateFrameworks/AVFoundationCF : 167
PrivateFrameworks/AXCoreUtilities : 7
PrivateFrameworks/AXHearingCoreSupport : 3397
PrivateFrameworks/AXHearingSupport : 3397
PrivateFrameworks/AXMediaUtilities : 692
PrivateFrameworks/AXRuntime : 7
PrivateFrameworks/AccessibilityBundles : 27
PrivateFrameworks/AccessibilityPerformance : 118
PrivateFrameworks/AccessibilityPlatformTranslation : 9
PrivateFrameworks/AccessibilitySharedSupport : 9
PrivateFrameworks/AccessibilitySupport : 118
PrivateFrameworks/AccessoryNowPlaying : 252
PrivateFrameworks/AccountPolicy : 2784
PrivateFrameworks/AccountsDaemon : 732
PrivateFrameworks/AccountsUI : 385
PrivateFrameworks/ActionKit : 164
PrivateFrameworks/AdAnalytics : 255
PrivateFrameworks/AdCore : 288
PrivateFrameworks/AdID : 288
PrivateFrameworks/AdPlatforms : 288
PrivateFrameworks/AdPlatformsInternal : 288
PrivateFrameworks/AddressBookAutocomplete : 72
PrivateFrameworks/AddressBookCore : 79
PrivateFrameworks/Admin : 123
PrivateFrameworks/AggregateDictionary : 2781
PrivateFrameworks/AggregateDictionaryHistory : 2781
PrivateFrameworks/AirPlayReceiver : 393
PrivateFrameworks/AirPlaySender : 393
PrivateFrameworks/AirPlaySupport : 359
PrivateFrameworks/AirTrafficHost : 379
PrivateFrameworks/AmbientDisplay : 61
PrivateFrameworks/AnnotationKit : 294
PrivateFrameworks/AppContainer : 165
PrivateFrameworks/AppSSO : 65
PrivateFrameworks/AppSSOCore : 65
PrivateFrameworks/AppSSOKerberos : 65
PrivateFrameworks/AppSSOUI : 65
PrivateFrameworks/AppSandbox : 165
PrivateFrameworks/AppServerSupport : 29
PrivateFrameworks/AppStoreDaemon : 26
PrivateFrameworks/AppStoreFoundation : 26
PrivateFrameworks/AppStoreKit : 52
PrivateFrameworks/AppStoreUI : 75
PrivateFrameworks/AppSupport : 4544
PrivateFrameworks/AppSupportUI : 5061
PrivateFrameworks/Apple80211 : 132
PrivateFrameworks/AppleAccount : 485
PrivateFrameworks/AppleAppSupport : 8058
PrivateFrameworks/AppleFSCompression : 13298
PrivateFrameworks/AppleGVA : 9
PrivateFrameworks/AppleGVACore : 9
PrivateFrameworks/AppleIDAuthSupport : 988
PrivateFrameworks/AppleIDSSOAuthentication : 657
PrivateFrameworks/AppleJPEG : 881
PrivateFrameworks/AppleLDAP : 5861
PrivateFrameworks/AppleMediaServices : 28
PrivateFrameworks/AppleMediaServicesUI : 29
PrivateFrameworks/ApplePushService : 145
PrivateFrameworks/AppleSRP : 9515
PrivateFrameworks/AppleSauce : 3497
PrivateFrameworks/AppleScript : 704
PrivateFrameworks/AppleShareClientCore : 2428
PrivateFrameworks/AppleSystemInfo : 643
PrivateFrameworks/AppleVA : 2062
PrivateFrameworks/AppleVPA : 35
PrivateFrameworks/AssertionServices : 130
PrivateFrameworks/AssetCacheServices : 156
PrivateFrameworks/AssetCacheServicesExtensions : 156
PrivateFrameworks/AssetsLibraryServices : 4
PrivateFrameworks/AssistiveControlSupport : 363
PrivateFrameworks/AttributeGraph : 1576
PrivateFrameworks/AudioDSPManager : 732
PrivateFrameworks/AudioHistory : 732
PrivateFrameworks/AudioPasscode : 2557
PrivateFrameworks/AudioResourceArbitration : 742
PrivateFrameworks/AudioServerApplication : 166
PrivateFrameworks/AudioServerDriver : 166
PrivateFrameworks/AudioSession : 776
PrivateFrameworks/AudioToolboxCore : 29
PrivateFrameworks/AuthKit : 77
PrivateFrameworks/AuthKitUI : 89
PrivateFrameworks/AutoBugCaptureCore : 271
PrivateFrameworks/AutoLoop : 3067
PrivateFrameworks/BackBoardServices : 136
PrivateFrameworks/BackgroundTaskManagement : 4
PrivateFrameworks/Backup : 28
PrivateFrameworks/BaseBoard : 393
PrivateFrameworks/BatteryUIKit : 4235
PrivateFrameworks/BehaviorMiner : 683
PrivateFrameworks/BezelServices : 813
PrivateFrameworks/BioKitAggD : 8642
PrivateFrameworks/BiometricKit : 536
PrivateFrameworks/BiometricKitUI : 105
PrivateFrameworks/BiometricSupport : 513
PrivateFrameworks/BluetoothAudio : 15
PrivateFrameworks/BluetoothManager : 164
PrivateFrameworks/BoardServices : 393
PrivateFrameworks/Bom : 605
PrivateFrameworks/BookCoverUtility : 75
PrivateFrameworks/BookKit : 75
PrivateFrameworks/BookKitFoundation : 75
PrivateFrameworks/BookUtility : 75
PrivateFrameworks/BridgeOSInstall : 751
PrivateFrameworks/BridgeOSInstallReporting : 751
PrivateFrameworks/BridgeOSObliteration : 1893
PrivateFrameworks/BridgeOSSoftwareUpdate : 2942
PrivateFrameworks/BridgeXPC : 2099
PrivateFrameworks/BulkSymbolication : 704
PrivateFrameworks/ByteRangeLocking : 2386
PrivateFrameworks/C2 : 978
PrivateFrameworks/CDDataAccess : 33
PrivateFrameworks/CDDataAccessExpress : 33
PrivateFrameworks/CPAnalytics : 4
PrivateFrameworks/CPMLBestShim : 6552
PrivateFrameworks/CSCSupport : 66
PrivateFrameworks/CacheDelete : 478
PrivateFrameworks/CalDAV : 390
PrivateFrameworks/Calculate : 816
PrivateFrameworks/CalendarAgent : 312
PrivateFrameworks/CalendarAgentLink : 526
PrivateFrameworks/CalendarDraw : 560
PrivateFrameworks/CalendarFoundation : 954
PrivateFrameworks/CalendarNotification : 423
PrivateFrameworks/CalendarPersistence : 566
PrivateFrameworks/CalendarUI : 341
PrivateFrameworks/CalendarUIKit : 300
PrivateFrameworks/CallHistory : 16
PrivateFrameworks/CameraImagingFramework : 4647
PrivateFrameworks/CaptiveNetwork : 159
PrivateFrameworks/CardKit : 1267
PrivateFrameworks/CardServices : 1267
PrivateFrameworks/Cards : 1267
PrivateFrameworks/Catalyst : 3882
PrivateFrameworks/Categories : 799
PrivateFrameworks/CharacterPicker : 457
PrivateFrameworks/ChunkingLibrary : 3715
PrivateFrameworks/ClassKit : 154
PrivateFrameworks/ClassroomKit : 491
PrivateFrameworks/ClockMenuExtraPreferences : 970
PrivateFrameworks/CloudFamilyRestrictions : 1222
PrivateFrameworks/CloudFamilyRestrictionsDaemon : 1222
PrivateFrameworks/CloudKitCode : 612
PrivateFrameworks/CloudKitCodeProtobuf : 612
PrivateFrameworks/CloudKitDaemon : 470
PrivateFrameworks/CloudPhotoLibrary : 4
PrivateFrameworks/CloudPhotoServices : 4
PrivateFrameworks/CloudPhotoServicesConfiguration : 4
PrivateFrameworks/Coherence : 6658
PrivateFrameworks/CombineCocoa : 752
PrivateFrameworks/CommerceKit : 75
PrivateFrameworks/CommonAuth : 539
PrivateFrameworks/CommonCandidateWindow : 10763
PrivateFrameworks/CommonUtilities : 5418
PrivateFrameworks/CommunicationsFilter : 728
PrivateFrameworks/ConditionInducer : 3732
PrivateFrameworks/ConfigProfileHelper : 301
PrivateFrameworks/ConfigurationEngineModel : 781
PrivateFrameworks/ConfigurationProfiles : 301
PrivateFrameworks/ConfigurationProfilesUI : 29
PrivateFrameworks/ConsoleKit : 429
PrivateFrameworks/ConstantClasses : 2257
PrivateFrameworks/ContactsAgent : 1240
PrivateFrameworks/ContactsAssistantServices : 1351
PrivateFrameworks/ContactsAutocomplete : 1762
PrivateFrameworks/ContactsAutocompleteUI : 343
PrivateFrameworks/ContactsDonation : 2026
PrivateFrameworks/ContactsDonationFeedback : 2026
PrivateFrameworks/ContactsFoundation : 262
PrivateFrameworks/ContactsPersistence : 270
PrivateFrameworks/ContactsUICore : 84
PrivateFrameworks/ContentKit : 164
PrivateFrameworks/ContextKit : 1200
PrivateFrameworks/ConversationKit : 13
PrivateFrameworks/CoreADI : 2544
PrivateFrameworks/CoreAUC : 562
PrivateFrameworks/CoreAVCHD : 2656
PrivateFrameworks/CoreAccessories : 252
PrivateFrameworks/CoreAnalytics : 3767
PrivateFrameworks/CoreAppleCVA : 2450
PrivateFrameworks/CoreBrightness : 55
PrivateFrameworks/CoreCDP : 587
PrivateFrameworks/CoreCDPInternal : 587
PrivateFrameworks/CoreCDPUI : 587
PrivateFrameworks/CoreCapture : 210
PrivateFrameworks/CoreCaptureControl : 210
PrivateFrameworks/CoreCaptureDaemon : 210
PrivateFrameworks/CoreChart : 1172
PrivateFrameworks/CoreChineseEngine : 1316
PrivateFrameworks/CoreDAV : 233
PrivateFrameworks/CoreDaemon : 1906
PrivateFrameworks/CoreDuet : 44
PrivateFrameworks/CoreDuetContext : 44
PrivateFrameworks/CoreDuetDaemonProtocol : 44
PrivateFrameworks/CoreDuetDataModel : 44
PrivateFrameworks/CoreDuetDebugLogging : 44
PrivateFrameworks/CoreDuetStatistics : 44
PrivateFrameworks/CoreDuetSync : 44
PrivateFrameworks/CoreEmoji : 1593
PrivateFrameworks/CoreFP : 416
PrivateFrameworks/CoreFollowUp : 1134
PrivateFrameworks/CoreFollowUpUI : 1134
PrivateFrameworks/CoreHAP : 21
PrivateFrameworks/CoreHandwriting : 875
PrivateFrameworks/CoreKE : 849
PrivateFrameworks/CoreKnowledge : 462
PrivateFrameworks/CoreLSKD : 638
PrivateFrameworks/CoreLSKDMSE : 1353
PrivateFrameworks/CoreMLTestFramework : 142
PrivateFrameworks/CoreMaterial : 624
PrivateFrameworks/CoreMediaStream : 4
PrivateFrameworks/CoreNLP : 1578
PrivateFrameworks/CoreNameParser : 3877
PrivateFrameworks/CoreNavigation : 263
PrivateFrameworks/CoreOptimization : 6552
PrivateFrameworks/CorePDF : 360
PrivateFrameworks/CoreParsec : 26
PrivateFrameworks/CorePhoneNumbers : 14
PrivateFrameworks/CorePrediction : 6552
PrivateFrameworks/CoreRE : 92
PrivateFrameworks/CoreRecents : 3038
PrivateFrameworks/CoreRecognition : 846
PrivateFrameworks/CoreRoutine : 517
PrivateFrameworks/CoreSDB : 3774
PrivateFrameworks/CoreSVG : 2538
PrivateFrameworks/CoreServicesInternal : 196
PrivateFrameworks/CoreServicesStore : 210
PrivateFrameworks/CoreSpeech : 126
PrivateFrameworks/CoreSpotlightImportDaemon : 6
PrivateFrameworks/CoreSuggestions : 4
PrivateFrameworks/CoreSuggestionsInternals : 4
PrivateFrameworks/CoreSuggestionsML : 4
PrivateFrameworks/CoreSuggestionsUI : 4
PrivateFrameworks/CoreSymbolication : 673
PrivateFrameworks/CoreThemeDefinition : 142
PrivateFrameworks/CoreTime : 2254
PrivateFrameworks/CoreUI : 289
PrivateFrameworks/CoreUtils : 182
PrivateFrameworks/CoreUtilsSwift : 3066
PrivateFrameworks/CoreWLANKit : 90
PrivateFrameworks/CoreWiFi : 427
PrivateFrameworks/CrashReporterSupport : 183
PrivateFrameworks/CreateML : 361
PrivateFrameworks/CryptoKitCBridging : 298
PrivateFrameworks/CryptoKitPrivate : 298
PrivateFrameworks/DAAPKit : 159
PrivateFrameworks/DCERPC : 2142
PrivateFrameworks/DCIMServices : 4
PrivateFrameworks/DFRBrightness : 55
PrivateFrameworks/DFRDisplay : 1993
PrivateFrameworks/DFRFoundation : 430
PrivateFrameworks/DSExternalDisplay : 337
PrivateFrameworks/DTXConnectionServices : 649
PrivateFrameworks/DVD : 14103
PrivateFrameworks/DataDeliveryServices : 9850
PrivateFrameworks/DataDetectors : 533
PrivateFrameworks/DataDetectorsCore : 4709
PrivateFrameworks/DataDetectorsNaturalLanguage : 1880
PrivateFrameworks/DebugSymbols : 3090
PrivateFrameworks/DesktopServicesPriv : 61
PrivateFrameworks/DeviceCheckInternal : 7570
PrivateFrameworks/DeviceIdentity : 646
PrivateFrameworks/DeviceLink : 379
PrivateFrameworks/DeviceManagement : 781
PrivateFrameworks/DeviceToDeviceManager : 8221
PrivateFrameworks/DiagnosticExtensions : 2830
PrivateFrameworks/DiagnosticLogCollection : 286
PrivateFrameworks/DifferentialPrivacy : 707
PrivateFrameworks/DigitalTouchShared : 2634
PrivateFrameworks/DirectoryEditor : 583
PrivateFrameworks/DirectoryServer : 10700
PrivateFrameworks/DiskImages : 691
PrivateFrameworks/DiskManagement : 86
PrivateFrameworks/DisplayServices : 358
PrivateFrameworks/DisplayTransportServices : 1479
PrivateFrameworks/DistributedEvaluation : 117
PrivateFrameworks/DrawingKit : 294
PrivateFrameworks/DuetRecommendation : 44
PrivateFrameworks/EAFirmwareUpdater : 315
PrivateFrameworks/EAP8021X : 1433
PrivateFrameworks/EFILogin : 788
PrivateFrameworks/EasyConfig : 182
PrivateFrameworks/Email : 4
PrivateFrameworks/EmailAddressing : 4
PrivateFrameworks/EmailCore : 4
PrivateFrameworks/EmailDaemon : 4
PrivateFrameworks/EmailFoundation : 4
PrivateFrameworks/EmbeddedAcousticRecognition : 117
PrivateFrameworks/EmbeddedOSInstall : 1590
PrivateFrameworks/EmbeddedOSSupportHost : 156
PrivateFrameworks/EmbeddedSensingProtocols : 6229
PrivateFrameworks/EmojiFoundation : 152
PrivateFrameworks/Engram : 286
PrivateFrameworks/Espresso : 10050
PrivateFrameworks/ExchangeSync : 677
PrivateFrameworks/ExchangeWebServices : 1490
PrivateFrameworks/ExpansionSlotSupport : 2
PrivateFrameworks/FMClient : 2923
PrivateFrameworks/FMCore : 991
PrivateFrameworks/FMCoreLite : 960
PrivateFrameworks/FMCoreUI : 1125
PrivateFrameworks/FMF : 1223
PrivateFrameworks/FMFCore : 88
PrivateFrameworks/FMFUI : 1223
PrivateFrameworks/FMIPCore : 88
PrivateFrameworks/FMNetworking : 195
PrivateFrameworks/FTAWD : 286
PrivateFrameworks/FTClientServices : 13
PrivateFrameworks/FTServices : 13
PrivateFrameworks/FWAVC : 289
PrivateFrameworks/FaceCore : 2410
PrivateFrameworks/FamilyCircle : 779
PrivateFrameworks/FamilyCircleUI : 779
PrivateFrameworks/FamilyControls : 689
PrivateFrameworks/FamilyNotification : 779
PrivateFrameworks/FeatureFlagsSupport : 4875
PrivateFrameworks/FileProvider : 442
PrivateFrameworks/FileProviderDaemon : 439
PrivateFrameworks/FilesActionsUI : 1182
PrivateFrameworks/FindMyDevice : 492
PrivateFrameworks/FindMyDeviceUI : 520
PrivateFrameworks/FindMyMac : 587
PrivateFrameworks/FinderKit : 30
PrivateFrameworks/FinderSyncPriv : 28
PrivateFrameworks/FlightUtilities : 946
PrivateFrameworks/FolderActionsKit : 1411
PrivateFrameworks/FontServices : 3473
PrivateFrameworks/FoundInAppsPlugins : 14
PrivateFrameworks/FrontBoardServices : 172
PrivateFrameworks/Futhark : 1712
PrivateFrameworks/GPUInfo : 37
PrivateFrameworks/GPURawCounter : 1099
PrivateFrameworks/GPUSupport : 2900
PrivateFrameworks/GameCenterFoundation : 444
PrivateFrameworks/GameCenterUI : 444
PrivateFrameworks/GameCenterUICore : 444
PrivateFrameworks/GameKitServices : 150
PrivateFrameworks/GenerationalStorage : 1199
PrivateFrameworks/GeoKit : 654
PrivateFrameworks/GeoServices : 200
PrivateFrameworks/Geode : 4
PrivateFrameworks/GraphKit : 12558
PrivateFrameworks/GraphVisualizer : 3701
PrivateFrameworks/GraphicsServices : 4102
PrivateFrameworks/HDAInterface : 259
PrivateFrameworks/HDRProcessing : 104
PrivateFrameworks/HID : 106
PrivateFrameworks/HIDAnalytics : 40
PrivateFrameworks/HIDDisplay : 40
PrivateFrameworks/HMFoundation : 18
PrivateFrameworks/HTTPServer : 1269
PrivateFrameworks/HearingCore : 210
PrivateFrameworks/HearingUtilities : 210
PrivateFrameworks/HeimODAdmin : 132
PrivateFrameworks/Heimdal : 539
PrivateFrameworks/Helium : 928
PrivateFrameworks/HelloWorldMacHelper : 375
PrivateFrameworks/HelpData : 997
PrivateFrameworks/HomeAI : 679
PrivateFrameworks/HomeKit : 21
PrivateFrameworks/HomeKitBackingStore : 21
PrivateFrameworks/HomeKitDaemon : 21
PrivateFrameworks/IAP : 4358
PrivateFrameworks/IASUtilities : 417
PrivateFrameworks/IDS : 13
PrivateFrameworks/IDSFoundation : 13
PrivateFrameworks/IDSHashPersistence : 15
PrivateFrameworks/IDSKVStore : 15
PrivateFrameworks/IDSSystemPreferencesSignIn : 13
PrivateFrameworks/IMAVCore : 9391
PrivateFrameworks/IMFoundation : 286
PrivateFrameworks/IMSharedUI : 132
PrivateFrameworks/IMTransferServices : 286
PrivateFrameworks/IOImageLoader : 2018
PrivateFrameworks/IOPlatformPluginFamily : 11
PrivateFrameworks/IOPresentment : 2369
PrivateFrameworks/ISSupport : 10566
PrivateFrameworks/IconServices : 150
PrivateFrameworks/IdleTimerServices : 6595
PrivateFrameworks/IncomingCallFilter : 728
PrivateFrameworks/InertiaCam : 1639
PrivateFrameworks/InputContext : 6914
PrivateFrameworks/InputTranscoder : 1155
PrivateFrameworks/Install : 434
PrivateFrameworks/InstallerDiagnostics : 1144
PrivateFrameworks/Intents : 138
PrivateFrameworks/IntentsCore : 138
PrivateFrameworks/IntentsFoundation : 138
PrivateFrameworks/IntentsServices : 138
PrivateFrameworks/InternationalSupport : 711
PrivateFrameworks/InternationalTextSearch : 2933
PrivateFrameworks/InternetAccounts : 1063
PrivateFrameworks/IntlPreferences : 384
PrivateFrameworks/JavaApplicationLauncher : 1533
PrivateFrameworks/JavaLaunching : 1447
PrivateFrameworks/JavaScriptAppleEvents : 2676
PrivateFrameworks/JavaScriptOSA : 2469
PrivateFrameworks/Jet : 3133
PrivateFrameworks/JetEngine : 296
PrivateFrameworks/JetUI : 346
PrivateFrameworks/KerberosHelper : 2617
PrivateFrameworks/KeyboardServices : 52
PrivateFrameworks/KeychainCircle : 29
PrivateFrameworks/KnowledgeGraphKit : 4
PrivateFrameworks/KnowledgeMonitor : 38
PrivateFrameworks/LanguageModeling : 871
PrivateFrameworks/Lexicon : 3692
PrivateFrameworks/LibraryRepair : 1093
PrivateFrameworks/LimitAdTracking : 288
PrivateFrameworks/LinguisticData : 413
PrivateFrameworks/LinkPresentation : 534
PrivateFrameworks/LocalAuthenticationRecoveryUI : 19
PrivateFrameworks/LocalAuthenticationUI : 19
PrivateFrameworks/LocationSupport : 162
PrivateFrameworks/LockoutUI : 2240
PrivateFrameworks/LoggingSupport : 30
PrivateFrameworks/LoginUIKit : 5
PrivateFrameworks/Lookup : 615
PrivateFrameworks/MDSChannel : 2396
PrivateFrameworks/MFAAuthentication : 252
PrivateFrameworks/MFiAuthentication : 4358
PrivateFrameworks/MLFoundation : 370
PrivateFrameworks/MMCS : 978
PrivateFrameworks/MTLCompiler : 75
PrivateFrameworks/MTLSimImplementation : 75
PrivateFrameworks/MachineSettings : 5054
PrivateFrameworks/MailSupport : 4
PrivateFrameworks/MailWebProcessSupport : 4
PrivateFrameworks/MallocStackLogging : 808
PrivateFrameworks/ManagedClient : 301
PrivateFrameworks/Mangrove : 693
PrivateFrameworks/MapsSuggestions : 153
PrivateFrameworks/MapsSupport : 153
PrivateFrameworks/Marco : 286
PrivateFrameworks/MarkupUI : 294
PrivateFrameworks/MediaControlSender : 359
PrivateFrameworks/MediaConversionService : 4
PrivateFrameworks/MediaKit : 4440
PrivateFrameworks/MediaMiningKit : 4
PrivateFrameworks/MediaRemote : 73
PrivateFrameworks/MediaServices : 205
PrivateFrameworks/MediaStream : 4
PrivateFrameworks/Memories : 144
PrivateFrameworks/MessageProtection : 102
PrivateFrameworks/MessageSecurity : 4214
PrivateFrameworks/MessagesHelperKit : 4
PrivateFrameworks/MessagesKit : 4
PrivateFrameworks/MetadataUtilities : 14
PrivateFrameworks/MetalTools : 75
PrivateFrameworks/MetricKitCore : 851
PrivateFrameworks/MetricKitServices : 851
PrivateFrameworks/MetricKitSource : 851
PrivateFrameworks/MetricMeasurement : 851
PrivateFrameworks/MiniSoftwareUpdate : 1597
PrivateFrameworks/MobileAccessoryUpdater : 325
PrivateFrameworks/MobileActivationMacOS : 646
PrivateFrameworks/MobileAsset : 38
PrivateFrameworks/MobileAssetUpdater : 315
PrivateFrameworks/MobileBluetooth : 164
PrivateFrameworks/MobileDevice : 379
PrivateFrameworks/MobileIcons : 150
PrivateFrameworks/MobileKeyBag : 301
PrivateFrameworks/Mondrian : 4
PrivateFrameworks/MonitorPanel : 611
PrivateFrameworks/Montreal : 3421
PrivateFrameworks/MultitouchSupport : 58
PrivateFrameworks/MultiverseSupport : 886
PrivateFrameworks/MusicLibrary : 107
PrivateFrameworks/NLP : 3080
PrivateFrameworks/Navigation : 200
PrivateFrameworks/NearField : 192
PrivateFrameworks/NetAppsUtilities : 4659
PrivateFrameworks/NetAuth : 1034
PrivateFrameworks/NetFSServer : 457
PrivateFrameworks/Netrb : 332
PrivateFrameworks/Network : 48
PrivateFrameworks/NetworkServiceProxy : 3033
PrivateFrameworks/NetworkStatistics : 4908
PrivateFrameworks/NeutrinoCore : 4
PrivateFrameworks/NeutrinoKit : 4
PrivateFrameworks/Notes : 262
PrivateFrameworks/NotesShared : 262
PrivateFrameworks/NotesUI : 262
PrivateFrameworks/Noticeboard : 2342
PrivateFrameworks/NotificationCenterUI : 32
PrivateFrameworks/OAuth : 17963
PrivateFrameworks/OSAServicesClient : 840
PrivateFrameworks/OSASubmissionClient : 884
PrivateFrameworks/OSASyncProxyClient : 884
PrivateFrameworks/OSAnalytics : 840
PrivateFrameworks/OSAnalyticsPrivate : 884
PrivateFrameworks/OSD : 2203
PrivateFrameworks/OSInstaller : 94
PrivateFrameworks/OSPersonalization : 1257
PrivateFrameworks/OSUpdate : 69
PrivateFrameworks/OTSVG : 215
PrivateFrameworks/OfficeImport : 1122
PrivateFrameworks/OnBoardingKit : 333
PrivateFrameworks/OpenDirectoryConfig : 13482
PrivateFrameworks/OpenDirectoryConfigUI : 1537
PrivateFrameworks/Osprey : 683
PrivateFrameworks/PAImaging : 4
PrivateFrameworks/PAImagingCore : 4
PrivateFrameworks/PASampling : 704
PrivateFrameworks/PIP : 746
PrivateFrameworks/PSNormalizer : 871
PrivateFrameworks/PackageKit : 13
PrivateFrameworks/PacketFilter : 940
PrivateFrameworks/ParsecModel : 26
PrivateFrameworks/ParsecSubscriptionServiceSupport : 26
PrivateFrameworks/ParsecUI : 11
PrivateFrameworks/PassKit : 205
PrivateFrameworks/PassKitCore : 262
PrivateFrameworks/PassKitUI : 49
PrivateFrameworks/PassKitUIFoundation : 96
PrivateFrameworks/PasswordServer : 7712
PrivateFrameworks/PencilKit : 793
PrivateFrameworks/PeopleSuggester : 44
PrivateFrameworks/PerformanceAnalysis : 704
PrivateFrameworks/PersistentConnection : 502
PrivateFrameworks/PersonaKit : 3786
PrivateFrameworks/PersonaUI : 3786
PrivateFrameworks/PersonalizationPortrait : 14
PrivateFrameworks/PersonalizationPortraitInternals : 14
PrivateFrameworks/PhoneNumbers : 14
PrivateFrameworks/PhotoAnalysis : 4
PrivateFrameworks/PhotoFoundation : 4
PrivateFrameworks/PhotoImaging : 4
PrivateFrameworks/PhotoLibrary : 4
PrivateFrameworks/PhotoLibraryServices : 4
PrivateFrameworks/PhotoPrintProduct : 1048
PrivateFrameworks/PhotoVision : 4
PrivateFrameworks/PhotosFormats : 4
PrivateFrameworks/PhotosGraph : 4
PrivateFrameworks/PhotosImagingFoundation : 4
PrivateFrameworks/PhotosPlayer : 4
PrivateFrameworks/PhotosUICore : 4
PrivateFrameworks/PhysicsKit : 3303
PrivateFrameworks/PipelineKit : 4
PrivateFrameworks/PlacesKit : 4
PrivateFrameworks/PlugInKit : 630
PrivateFrameworks/PodcastServices : 41
PrivateFrameworks/PowerLog : 18
PrivateFrameworks/PreferencePanesSupport : 571
PrivateFrameworks/PrintKit : 3377
PrivateFrameworks/PrintingPrivate : 594
PrivateFrameworks/PrivateFederatedLearning : 194
PrivateFrameworks/ProVideo : 1097
PrivateFrameworks/ProactiveEventTracker : 376
PrivateFrameworks/ProactiveExperiments : 4
PrivateFrameworks/ProactiveExperimentsInternals : 4
PrivateFrameworks/ProactiveML : 4
PrivateFrameworks/ProactiveSupport : 376
PrivateFrameworks/ProactiveSupportStubs : 376
PrivateFrameworks/ProofReader : 1822
PrivateFrameworks/ProtectedCloudStorage : 9
PrivateFrameworks/ProtocolBuffer : 1177
PrivateFrameworks/PrototypeTools : 4426
PrivateFrameworks/QLCharts : 1122
PrivateFrameworks/Quagga : 1195
PrivateFrameworks/QuickLookIosmac : 307
PrivateFrameworks/QuickLookNonBaseSystem : 298
PrivateFrameworks/QuickLookSupport : 228
PrivateFrameworks/QuickLookThumbnailing : 228
PrivateFrameworks/QuickLookUIIosmac : 307
PrivateFrameworks/RTCReporting : 562
PrivateFrameworks/RTTUI : 210
PrivateFrameworks/RTTUtilities : 210
PrivateFrameworks/Rapport : 627
PrivateFrameworks/RapportUI : 650
PrivateFrameworks/ReminderKit : 33
PrivateFrameworks/ReminderKitUI : 33
PrivateFrameworks/ReminderMigration : 287
PrivateFrameworks/RemoteConfiguration : 3610
PrivateFrameworks/RemoteCoreML : 6067
PrivateFrameworks/RemoteManagement : 1370
PrivateFrameworks/RemoteServiceDiscovery : 29
PrivateFrameworks/RemoteTextInput : 3309
PrivateFrameworks/RemoteViewServices : 658
PrivateFrameworks/RemoteXPC : 29
PrivateFrameworks/RenderBox : 1294
PrivateFrameworks/ReplayKitMacHelper : 172
PrivateFrameworks/ResponseKit : 2241
PrivateFrameworks/Restore : 334
PrivateFrameworks/Reveal : 833
PrivateFrameworks/RevealCore : 833
PrivateFrameworks/RunningBoard : 132
PrivateFrameworks/RunningBoardServices : 130
PrivateFrameworks/SAObjects : 204
PrivateFrameworks/SCEP : 1505
PrivateFrameworks/SDAPI : 4782
PrivateFrameworks/SMBClient : 232
PrivateFrameworks/SMBClientEngine : 209
PrivateFrameworks/SPFinder : 199
PrivateFrameworks/SPOwner : 199
PrivateFrameworks/SPShared : 195
PrivateFrameworks/SPSupport : 1079
PrivateFrameworks/SafeEjectGPU : 125
PrivateFrameworks/SampleAnalysis : 704
PrivateFrameworks/ScreenSharing : 796
PrivateFrameworks/ScreenTimeCore : 50
PrivateFrameworks/ScreenTimeServiceUI : 50
PrivateFrameworks/ScreenTimeUI : 50
PrivateFrameworks/SearchAds : 288
PrivateFrameworks/SearchFoundation : 26
PrivateFrameworks/SearchUI : 1436
PrivateFrameworks/SearchUICardKitProviderSupport : 933
PrivateFrameworks/SecCodeWrapper : 165
PrivateFrameworks/SecureChannel : 27
PrivateFrameworks/SecurityTokend : 3454
PrivateFrameworks/Seeding : 983
PrivateFrameworks/SemanticDocumentManagement : 2291
PrivateFrameworks/SensingProtocols : 6229
PrivateFrameworks/SensorKit : 24
PrivateFrameworks/Sentry : 1457
PrivateFrameworks/ServerCompatibility : 2696
PrivateFrameworks/ServerInformation : 867
PrivateFrameworks/SetupAssistantFramework : 4
PrivateFrameworks/SetupAssistantSupport : 1594
PrivateFrameworks/ShareKit : 237
PrivateFrameworks/SharePointManagement : 4
PrivateFrameworks/ShareServicesCore : 4
PrivateFrameworks/ShareSheet : 85
PrivateFrameworks/SharedWebCredentials : 1135
PrivateFrameworks/Sharing : 158
PrivateFrameworks/SharingXPCServices : 143
PrivateFrameworks/Shortcut : 978
PrivateFrameworks/SidecarCore : 583
PrivateFrameworks/SidecarUI : 583
PrivateFrameworks/SignpostCollection : 863
PrivateFrameworks/SignpostMetrics : 863
PrivateFrameworks/SignpostNotification : 230
PrivateFrameworks/SignpostSupport : 863
PrivateFrameworks/SiriClientFlow : 192
PrivateFrameworks/SiriCore : 9
PrivateFrameworks/SiriFoundation : 231
PrivateFrameworks/SiriTTS : 69
PrivateFrameworks/SiriUI : 241
PrivateFrameworks/SiriVOX : 9
PrivateFrameworks/SkyLight : 102
PrivateFrameworks/Slideshows : 982
PrivateFrameworks/SocialAppsCore : 4
PrivateFrameworks/SocialServices : 367
PrivateFrameworks/SocialUI : 4
PrivateFrameworks/SoftwareUpdate : 69
PrivateFrameworks/SpanMatcher : 9
PrivateFrameworks/SpeechDictionary : 2244
PrivateFrameworks/SpeechObjects : 373
PrivateFrameworks/SpeechRecognitionCommandServices : 1561
PrivateFrameworks/SpeechRecognitionCore : 971
PrivateFrameworks/Spotlight : 11
PrivateFrameworks/SpotlightDaemon : 6
PrivateFrameworks/SpotlightIndex : 11
PrivateFrameworks/SpotlightReceiver : 6
PrivateFrameworks/SpotlightServerKit : 11
PrivateFrameworks/SpotlightServices : 11
PrivateFrameworks/StatsKit : 7309
PrivateFrameworks/StorageKit : 1068
PrivateFrameworks/StorageManagement : 169
PrivateFrameworks/StoreFoundation : 75
PrivateFrameworks/StoreJavaScript : 75
PrivateFrameworks/StoreServices : 550
PrivateFrameworks/StoreUI : 75
PrivateFrameworks/StreamingZip : 1575
PrivateFrameworks/Suggestions : 780
PrivateFrameworks/SuggestionsSpotlightMetrics : 4
PrivateFrameworks/Symbolication : 808
PrivateFrameworks/SymptomDiagnosticReporter : 271
PrivateFrameworks/SymptomReporter : 271
PrivateFrameworks/Symptoms : 271
PrivateFrameworks/SyncServicesUI : 8663
PrivateFrameworks/SyncedDefaults : 1277
PrivateFrameworks/SystemAdministration : 123
PrivateFrameworks/SystemAdministrationInterface : 685
PrivateFrameworks/SystemDesktopAppearance : 223
PrivateFrameworks/SystemMigration : 24
PrivateFrameworks/SystemMigrationNetworking : 24
PrivateFrameworks/SystemMigrationUtils : 24
PrivateFrameworks/SystemPolicy : 47
PrivateFrameworks/SystemUIPlugin : 5069
PrivateFrameworks/TCC : 93
PrivateFrameworks/TTYUtilities : 3397
PrivateFrameworks/TVRemoteCore : 166
PrivateFrameworks/TelephonyUtilities : 23
PrivateFrameworks/TemplateKit : 1434
PrivateFrameworks/TextInput : 134
PrivateFrameworks/TextInputCore : 134
PrivateFrameworks/TextInputMenuUI : 275
PrivateFrameworks/TextRecognition : 836
PrivateFrameworks/TextToSpeech : 110
PrivateFrameworks/TextureIO : 4989
PrivateFrameworks/TimeMachine : 421
PrivateFrameworks/TimeSync : 2500
PrivateFrameworks/ToneKit : 249
PrivateFrameworks/ToneLibrary : 249
PrivateFrameworks/Tourist : 470
PrivateFrameworks/Transparency : 403
PrivateFrameworks/TransparencyDetailsViewMac : 288
PrivateFrameworks/TrustEvaluationAgent : 2909
PrivateFrameworks/TrustedPeers : 29
PrivateFrameworks/TuriCore : 540
PrivateFrameworks/UAUPlugin : 633
PrivateFrameworks/UIFoundation : 1140
PrivateFrameworks/UIKitMacHelper : 36
PrivateFrameworks/UIKitSystemAppServices : 375
PrivateFrameworks/UIRecording : 730
PrivateFrameworks/URLFormatting : 527
PrivateFrameworks/USDKit : 2661
PrivateFrameworks/UXKit : 4
PrivateFrameworks/Uninstall : 3948
PrivateFrameworks/UniversalAccess : 49
PrivateFrameworks/UsageTracking : 162
PrivateFrameworks/UserActivity : 974
PrivateFrameworks/UserManagement : 573
PrivateFrameworks/VCXMPP : 11409
PrivateFrameworks/VectorKit : 202
PrivateFrameworks/VideoConference : 1228
PrivateFrameworks/VideoProcessing : 139
PrivateFrameworks/ViewBridge : 48
PrivateFrameworks/VisionKit : 1241
PrivateFrameworks/VisualPairing : 3980
PrivateFrameworks/VisualTestKit : 927
PrivateFrameworks/VoiceShortcutClient : 164
PrivateFrameworks/VoiceShortcuts : 164
PrivateFrameworks/VoiceTrigger : 1853
PrivateFrameworks/WPDaemon : 3274
PrivateFrameworks/WatchdogClient : 502
PrivateFrameworks/WeatherFoundation : 2388
PrivateFrameworks/WeatherKit : 406
PrivateFrameworks/WebContentAnalysis : 750
PrivateFrameworks/WebFilterDNS : 750
PrivateFrameworks/WebInspector : 12
PrivateFrameworks/WiFiCloudSyncEngine : 108
PrivateFrameworks/WiFiPeerToPeer : 1971
PrivateFrameworks/WiFiPolicy : 204
PrivateFrameworks/WiFiVelocity : 10
PrivateFrameworks/WirelessDiagnostics : 6048
PrivateFrameworks/WirelessProximity : 3274
PrivateFrameworks/WorkflowKit : 164
PrivateFrameworks/XARTRecovery : 1442
PrivateFrameworks/XCTAutomationSupport : 250
PrivateFrameworks/XCTTargetBootstrap : 250
PrivateFrameworks/XPCService : 9281
PrivateFrameworks/XQuery : 4261
PrivateFrameworks/XprotectFramework : 131
PrivateFrameworks/acfs : 1609
PrivateFrameworks/caulk : 1904
PrivateFrameworks/iAdCore : 255
PrivateFrameworks/iAdServices : 255
PrivateFrameworks/iCalendar : 522
PrivateFrameworks/iLifeMediaBrowser : 303
PrivateFrameworks/iPod : 5060
PrivateFrameworks/iPodSync : 1439
PrivateFrameworks/iPodUpdater : 1345
PrivateFrameworks/iWorkXPC : 1952
PrivateFrameworks/kperf : 1305
PrivateFrameworks/kperfdata : 1305
PrivateFrameworks/ktrace : 1089
PrivateFrameworks/login : 1320
PrivateFrameworks/nt : 215
PrivateFrameworks/oncrpc : 1691
PrivateFrameworks/perfdata : 788
PrivateFrameworks/vCard : 270
PrivateFrameworks/yara : 241
CoreServices/Bluetooth Setup Assistant : 7.0.3f3
CoreServices/BluetoothUIServer : 7.0.3f3
CoreServices/CoreServicesUIAgent : 340.1
CoreServices/Keychain Circle Notification : 59306.80.3
CoreServices/Language Chooser : 581
CoreServices/OBEXAgent : 7.0.3f3
CoreServices/Setup Assistant : 2550
CoreServices/Spotlight : 2075.7
CoreServices/VoiceOver : 708.5.4
Frameworks/AVKit : 258
Frameworks/ContactsUI : 279
Frameworks/CoreAudioKit : 613
Frameworks/CoreNFC : 111
Frameworks/EventKitUI : 169
Frameworks/GameController : 71
Frameworks/GameKit : 467
Frameworks/GameplayKit : 882
Frameworks/HealthKit : 214
Frameworks/HealthKitUI : 214
Frameworks/IdentityLookupUI : 5
Frameworks/IntentsUI : 63
Frameworks/LinkPresentation : 204
Frameworks/MapKit : 65
Frameworks/MediaPlayer : 22
Frameworks/MetalKit : 142
Frameworks/MobileCoreServices : 299
Frameworks/MultipeerConnectivity : 1005
Frameworks/PassKit : 137
Frameworks/PencilKit : 409
Frameworks/PhotosUI : 4
Frameworks/QuickLook : 366
Frameworks/RealityKit : 65
Frameworks/ReplayKit : 172
Frameworks/Social : 211
Frameworks/SpriteKit : 75
Frameworks/StoreKit : 48
Frameworks/UIKit : 37
Frameworks/VisionKit : 1106
Frameworks/WatchConnectivity : 681
Frameworks/iAd : 255
PrivateFrameworks/AVKitMacHelper : 258
PrivateFrameworks/Accessibility : 7
PrivateFrameworks/AccessibilityUtilities : 7
PrivateFrameworks/ActionKit : 50
PrivateFrameworks/ActionKitUI : 50
PrivateFrameworks/ActivityRingsUI : 1021
PrivateFrameworks/AddressBookLegacy : 394
PrivateFrameworks/AnnotationKit : 288
PrivateFrameworks/AppAnalytics : 714
PrivateFrameworks/AppSupportUI : 1283
PrivateFrameworks/AppleMediaServicesUI : 28
PrivateFrameworks/AuthKitUI : 40
PrivateFrameworks/AuthKitUIMacHelper : 40
PrivateFrameworks/BaseBoardUI : 332
PrivateFrameworks/CalendarUIKit : 303
PrivateFrameworks/ClassroomKit : 461
PrivateFrameworks/ContactsAutocompleteUI : 357
PrivateFrameworks/ContentKit : 50
PrivateFrameworks/CorePDF : 362
PrivateFrameworks/CoreRecognition : 324
PrivateFrameworks/CoreSuggestionsUI : 4
PrivateFrameworks/DataDetectorsUI : 975
PrivateFrameworks/DocumentManager : 63
PrivateFrameworks/DocumentManagerCore : 63
PrivateFrameworks/EmojiKit : 510
PrivateFrameworks/FMCoreUI : 541
PrivateFrameworks/FMNetworking : 105
PrivateFrameworks/FrontBoard : 174
PrivateFrameworks/GameCenterUI : 229
PrivateFrameworks/Home : 214
PrivateFrameworks/HomeUI : 214
PrivateFrameworks/IntlPreferences : 145
PrivateFrameworks/Jet : 899
PrivateFrameworks/ManagedConfiguration : 116
PrivateFrameworks/MarkupUI : 288
PrivateFrameworks/MediaPlaybackCore : 22
PrivateFrameworks/MobileTimer : 1007
PrivateFrameworks/MobileTimerUI : 1007
PrivateFrameworks/NanoRegistry : 656
PrivateFrameworks/NetAppsUtilitiesUI : 4659
PrivateFrameworks/NewsAnalytics : 4
PrivateFrameworks/NewsAnalyticsUpload : 4
PrivateFrameworks/NewsArticles : 4
PrivateFrameworks/NewsCore : 4
PrivateFrameworks/NewsDaemon : 4
PrivateFrameworks/NewsFeed : 4
PrivateFrameworks/NewsFeedLayout : 4
PrivateFrameworks/NewsFoundation : 4
PrivateFrameworks/NewsServicesInternal : 4
PrivateFrameworks/NewsSubscription : 4
PrivateFrameworks/NewsTransport : 4
PrivateFrameworks/NewsUI : 4
PrivateFrameworks/NewsUI2 : 4
PrivateFrameworks/OnBoardingKit : 163
PrivateFrameworks/PassKitUIFoundation : 53
PrivateFrameworks/PencilKit : 409
PrivateFrameworks/PersonaUI : 1300
PrivateFrameworks/PhotoLibrary : 4
PrivateFrameworks/PhotosPlayer : 4
PrivateFrameworks/PhotosUICore : 4
PrivateFrameworks/RTTUI : 94
PrivateFrameworks/RapportUI : 541
PrivateFrameworks/SPShared : 105
PrivateFrameworks/Silex : 4
PrivateFrameworks/SilexVideo : 4
PrivateFrameworks/SilexWeb : 4
PrivateFrameworks/SocialServices : 191
PrivateFrameworks/Stocks : 5504
PrivateFrameworks/TSReading : 2370
PrivateFrameworks/TSUtility : 2370
PrivateFrameworks/TeaActivities : 70
PrivateFrameworks/TeaCharts : 70
PrivateFrameworks/TeaDB : 70
PrivateFrameworks/TeaFoundation : 70
PrivateFrameworks/TeaSettings : 70
PrivateFrameworks/TeaTemplate : 70
PrivateFrameworks/TeaUI : 70
PrivateFrameworks/TeaUIKit : 70
PrivateFrameworks/TelephonyUI : 5
PrivateFrameworks/TransparencyDetailsView : 288
PrivateFrameworks/UIAccessibility : 7
PrivateFrameworks/UIKitCore : 36
PrivateFrameworks/UIKitMacHelper : 36
PrivateFrameworks/UIKitServices : 35
PrivateFrameworks/UserNotificationsExtensionPoint : 460
PrivateFrameworks/VisualAlert : 7
PrivateFrameworks/VisualPairing : 1980
PrivateFrameworks/VoiceMemos : 276
PrivateFrameworks/VoiceShortcutClient : 50
PrivateFrameworks/VoiceShortcuts : 50
PrivateFrameworks/VoiceShortcutsUI : 50
PrivateFrameworks/Weather : 5101
PrivateFrameworks/WeatherFoundation : 398
PrivateFrameworks/WorkflowKit : 50
PrivateFrameworks/WorkflowUI : 50
