Applications/Google Chrome : 3987.87
Applications/MacForge : 2840
Applications/RunCat : 7.0
Applications/Safari : 15608.5.11
Applications/The Unarchiver : 121
Applications/Xcode : 15715
Applications/iTerm : 3.3.8
Utilities/Feedback Assistant : 417
Applications/Mail : 3608.60.0.2.5
Utilities/Bluetooth File Exchange : 7.0.3f5
Utilities/VoiceOver Utility : 708.5.7
Frameworks/AGL : 3402
Frameworks/AVFoundation : 10
Frameworks/AVKit : 223
Frameworks/Accelerate : 334
Frameworks/Accounts : 723
Frameworks/AdSupport : 1404
Frameworks/AddressBook : 49
Frameworks/AppleScriptKit : 2998
Frameworks/AppleScriptObjC : 4353
Frameworks/ApplicationServices : 2833
Frameworks/AudioVideoBridging : 689
Frameworks/Automator : 393
Frameworks/BusinessChat : 8
Frameworks/CalendarStore : 450
Frameworks/CallKit : 4
Frameworks/Carbon : 4075
Frameworks/CloudKit : 502
Frameworks/Cocoa : 11310
Frameworks/Collaboration : 3806
Frameworks/ColorSync : 1204
Frameworks/Combine : 709
Frameworks/Contacts : 235
Frameworks/ContactsUI : 48
Frameworks/CoreAudio : 509
Frameworks/CoreAudioKit : 781
Frameworks/CoreAudioTypes : 7
Frameworks/CoreBluetooth : 162
Frameworks/CoreData : 271
Frameworks/CoreFoundation : 160
Frameworks/CoreGraphics : 62
Frameworks/CoreHaptics : 77
Frameworks/CoreImage : 182
Frameworks/CoreLocation : 160
Frameworks/CoreMIDI : 52
Frameworks/CoreMIDIServer : 52
Frameworks/CoreML : 168
Frameworks/CoreMediaIO : 287
Frameworks/CoreMotion : 160
Frameworks/CoreServices : 294
Frameworks/CoreTelephony : 58
Frameworks/CoreText : 148
Frameworks/CoreVideo : 1879
Frameworks/CoreWLAN : 111
Frameworks/CryptoKit : 291
Frameworks/CryptoTokenKit : 210
Frameworks/DVDPlayback : 130
Frameworks/DeviceCheck : 7289
Frameworks/DirectoryService : 386
Frameworks/DiscRecording : 143
Frameworks/DiscRecordingUI : 143
Frameworks/DiskArbitration : 495
Frameworks/DriverKit : 399
Frameworks/EventKit : 331
Frameworks/ExceptionHandling : 4574
Frameworks/ExecutionPolicy : 45
Frameworks/ExternalAccessory : 806
Frameworks/FWAUserLib : 798
Frameworks/FileProvider : 305
Frameworks/FileProviderUI : 977
Frameworks/FinderSync : 26
Frameworks/ForceFeedback : 3414
Frameworks/Foundation : 161
Frameworks/GLKit : 393
Frameworks/GLUT : 228
Frameworks/GSS : 475
Frameworks/GameController : 124
Frameworks/GameKit : 442
Frameworks/GameplayKit : 2756
Frameworks/Hypervisor : 240
Frameworks/IMServicePlugIn : 6
Frameworks/IOKit : 73
Frameworks/IOSurface : 1691
Frameworks/IOUSBHost : 131
Frameworks/IdentityLookup : 4
Frameworks/ImageIO : 12
Frameworks/InputMethodKit : 346
Frameworks/InstallerPlugins : 432
Frameworks/InstantMessage : 10556
Frameworks/Intents : 135
Frameworks/JavaFrameEmbedding : 1443
Frameworks/JavaScriptCore : 7
Frameworks/JavaVM : 1456
Frameworks/Kerberos : 887
Frameworks/LDAP : 171
Frameworks/LatentSemanticMapping : 2568
Frameworks/LinkPresentation : 480
Frameworks/LocalAuthentication : 10
Frameworks/MapKit : 83
Frameworks/MediaAccessibility : 2539
Frameworks/MediaLibrary : 211
Frameworks/MediaPlayer : 3
Frameworks/Message : 12229
Frameworks/Metal : 73
Frameworks/MetalKit : 148
Frameworks/MetalPerformanceShaders : 3
Frameworks/MetricKit : 727
Frameworks/ModelIO : 995
Frameworks/MultipeerConnectivity : 2187
Frameworks/NaturalLanguage : 2525
Frameworks/NetFS : 422
Frameworks/Network : 46
Frameworks/NetworkExtension : 59
Frameworks/NetworkingDriverKit : 799
Frameworks/NotificationCenter : 30
Frameworks/OSAKit : 4982
Frameworks/OpenAL : 805
Frameworks/OpenCL : 938
Frameworks/OpenDirectory : 386
Frameworks/OpenGL : 2880
Frameworks/PCSC : 62
Frameworks/PencilKit : 791
Frameworks/PreferencePanes : 624
Frameworks/PushKit : 1522
Frameworks/Python : 1003
Frameworks/QTKit : 821
Frameworks/Quartz : 8286
Frameworks/QuickLook : 255
Frameworks/QuickLookThumbnailing : 224
Frameworks/RealityKit : 89
Frameworks/Ruby : 958
Frameworks/SceneKit : 324
Frameworks/ScreenSaver : 188
Frameworks/ScriptingBridge : 2119
Frameworks/Security : 9
Frameworks/SecurityFoundation : 832
Frameworks/SecurityInterface : 725
Frameworks/Social : 517
Frameworks/SoundAnalysis : 2058
Frameworks/Speech : 295
Frameworks/SpriteKit : 71
Frameworks/StoreKit : 279
Frameworks/SwiftUI : 3
Frameworks/SyncServices : 8568
Frameworks/System : 110798
Frameworks/SystemConfiguration : 42
Frameworks/SystemExtensions : 169
Frameworks/TWAIN : 569
Frameworks/Tcl : 1247
Frameworks/Tk : 1247
Frameworks/USBDriverKit : 131
Frameworks/UserNotifications : 1341
Frameworks/VideoDecodeAcceleration : 4715
Frameworks/VideoSubscriberAccount : 101
Frameworks/Vision : 1756
Frameworks/vecLib : 334
Frameworks/vmnet : 330
PrivateFrameworks/ACDEClient : 7903
PrivateFrameworks/AMPDevices : 6
PrivateFrameworks/AMPLibrary : 8
PrivateFrameworks/AMPSharing : 3
PrivateFrameworks/AOSAccounts : 378
PrivateFrameworks/AOSAccountsLite : 378
PrivateFrameworks/AOSKit : 177
PrivateFrameworks/AOSMigrate : 13149
PrivateFrameworks/AOSUI : 174
PrivateFrameworks/APTransport : 2
PrivateFrameworks/AVConference : 146
PrivateFrameworks/AVFoundationCF : 228
PrivateFrameworks/AXHearingCoreSupport : 3366
PrivateFrameworks/AXHearingSupport : 3366
PrivateFrameworks/AXMediaUtilities : 645
PrivateFrameworks/AccessibilityPerformance : 79
PrivateFrameworks/AccessibilitySupport : 79
PrivateFrameworks/AccessoryNowPlaying : 237
PrivateFrameworks/AccountPolicy : 2695
PrivateFrameworks/AccountsDaemon : 723
PrivateFrameworks/AccountsUI : 383
PrivateFrameworks/ActionKit : 157
PrivateFrameworks/AdAnalytics : 253
PrivateFrameworks/AdCore : 286
PrivateFrameworks/AdID : 286
PrivateFrameworks/AdPlatforms : 286
PrivateFrameworks/AdPlatformsInternal : 286
PrivateFrameworks/AddressBookAutocomplete : 48
PrivateFrameworks/AddressBookCore : 49
PrivateFrameworks/Admin : 121
PrivateFrameworks/AggregateDictionary : 2769
PrivateFrameworks/AggregateDictionaryHistory : 2769
PrivateFrameworks/AirPlayReceiver : 36
PrivateFrameworks/AirPlaySender : 36
PrivateFrameworks/AirPlaySupport : 2
PrivateFrameworks/AirTrafficHost : 701
PrivateFrameworks/AmbientDisplay : 59
PrivateFrameworks/AnnotationKit : 287
PrivateFrameworks/AppContainer : 160
PrivateFrameworks/AppSSO : 61
PrivateFrameworks/AppSSOCore : 61
PrivateFrameworks/AppSSOKerberos : 61
PrivateFrameworks/AppSSOUI : 61
PrivateFrameworks/AppSandbox : 160
PrivateFrameworks/AppStoreDaemon : 24
PrivateFrameworks/AppStoreFoundation : 24
PrivateFrameworks/AppStoreKit : 50
PrivateFrameworks/AppStoreUI : 73
PrivateFrameworks/AppSupport : 4563
PrivateFrameworks/AppSupportUI : 4483
PrivateFrameworks/Apple80211 : 131
PrivateFrameworks/AppleAccount : 483
PrivateFrameworks/AppleAppSupport : 8286
PrivateFrameworks/AppleFSCompression : 12970
PrivateFrameworks/AppleGVA : 3
PrivateFrameworks/AppleGVACore : 3
PrivateFrameworks/AppleIDAuthSupport : 887
PrivateFrameworks/AppleIDSSOAuthentication : 650
PrivateFrameworks/AppleJPEG : 845
PrivateFrameworks/AppleLDAP : 5548
PrivateFrameworks/AppleMediaServices : 26
PrivateFrameworks/AppleMediaServicesUI : 27
PrivateFrameworks/ApplePushService : 138
PrivateFrameworks/AppleSRP : 9224
PrivateFrameworks/AppleSauce : 3488
PrivateFrameworks/AppleScript : 609
PrivateFrameworks/AppleShareClientCore : 2345
PrivateFrameworks/AppleSystemInfo : 557
PrivateFrameworks/AppleVA : 2049
PrivateFrameworks/AppleVPA : 37
PrivateFrameworks/AskPermission : 119
PrivateFrameworks/AssertionServices : 121
PrivateFrameworks/AssetCacheServices : 154
PrivateFrameworks/AssetCacheServicesExtensions : 154
PrivateFrameworks/AssistantServices : 8
PrivateFrameworks/AssistiveControlSupport : 329
PrivateFrameworks/AttributeGraph : 1539
PrivateFrameworks/AudioDSPManager : 691
PrivateFrameworks/AudioHistory : 691
PrivateFrameworks/AudioPasscode : 2465
PrivateFrameworks/AudioResourceArbitration : 706
PrivateFrameworks/AudioServerApplication : 109
PrivateFrameworks/AudioServerDriver : 109
PrivateFrameworks/AudioSession : 740
PrivateFrameworks/AudioToolboxCore : 7
PrivateFrameworks/AuthKit : 7
PrivateFrameworks/AuthKitUI : 7
PrivateFrameworks/AutoBugCaptureCore : 262
PrivateFrameworks/AutoLoop : 2841
PrivateFrameworks/BackBoardServices : 129
PrivateFrameworks/BackgroundTaskManagement : 2
PrivateFrameworks/Backup : 26
PrivateFrameworks/BaseBoard : 372
PrivateFrameworks/BatteryUIKit : 4146
PrivateFrameworks/BehaviorMiner : 598
PrivateFrameworks/BezelServices : 777
PrivateFrameworks/BioKitAggD : 8402
PrivateFrameworks/BiometricKit : 529
PrivateFrameworks/BiometricKitUI : 80
PrivateFrameworks/BiometricSupport : 508
PrivateFrameworks/BluetoothManager : 162
PrivateFrameworks/BoardServices : 372
PrivateFrameworks/Bom : 484
PrivateFrameworks/BookCoverUtility : 73
PrivateFrameworks/BookKit : 73
PrivateFrameworks/BookKitFoundation : 73
PrivateFrameworks/BookUtility : 73
PrivateFrameworks/BridgeOSInstall : 662
PrivateFrameworks/BridgeOSInstallReporting : 662
PrivateFrameworks/BridgeOSObliteration : 1659
PrivateFrameworks/BridgeOSSoftwareUpdate : 2983
PrivateFrameworks/BridgeXPC : 1942
PrivateFrameworks/BulkSymbolication : 575
PrivateFrameworks/ByteRangeLocking : 2299
PrivateFrameworks/C2 : 879
PrivateFrameworks/CDDataAccess : 31
PrivateFrameworks/CDDataAccessExpress : 31
PrivateFrameworks/CPMLBestShim : 6234
PrivateFrameworks/CacheDelete : 469
PrivateFrameworks/CalDAV : 387
PrivateFrameworks/Calculate : 754
PrivateFrameworks/CalendarAgent : 309
PrivateFrameworks/CalendarAgentLink : 439
PrivateFrameworks/CalendarDraw : 465
PrivateFrameworks/CalendarFoundation : 822
PrivateFrameworks/CalendarNotification : 345
PrivateFrameworks/CalendarPersistence : 468
PrivateFrameworks/CalendarUI : 337
PrivateFrameworks/CalendarUIKit : 223
PrivateFrameworks/CallHistory : 6
PrivateFrameworks/CameraImagingFramework : 4561
PrivateFrameworks/CaptiveNetwork : 123
PrivateFrameworks/CardKit : 1150
PrivateFrameworks/CardServices : 1150
PrivateFrameworks/Cards : 1150
PrivateFrameworks/Catalyst : 3865
PrivateFrameworks/Categories : 789
PrivateFrameworks/CharacterPicker : 363
PrivateFrameworks/ChunkingLibrary : 3639
PrivateFrameworks/ClassKit : 148
PrivateFrameworks/ClassroomKit : 489
PrivateFrameworks/ClockMenuExtraPreferences : 885
PrivateFrameworks/CloudDocs : 3
PrivateFrameworks/CloudDocsDaemon : 4
PrivateFrameworks/CloudFamilyRestrictions : 1131
PrivateFrameworks/CloudFamilyRestrictionsDaemon : 1131
PrivateFrameworks/CloudKitCode : 519
PrivateFrameworks/CloudKitCodeProtobuf : 519
PrivateFrameworks/CloudKitDaemon : 399
PrivateFrameworks/CloudServices : 6
PrivateFrameworks/Coherence : 6144
PrivateFrameworks/CombineCocoa : 709
PrivateFrameworks/CommerceKit : 73
PrivateFrameworks/CommonAuth : 475
PrivateFrameworks/CommonCandidateWindow : 10678
PrivateFrameworks/CommonUtilities : 5007
PrivateFrameworks/CommunicationsFilter : 624
PrivateFrameworks/ConditionInducer : 3363
PrivateFrameworks/ConfigProfileHelper : 299
PrivateFrameworks/ConfigurationEngineModel : 773
PrivateFrameworks/ConfigurationProfiles : 299
PrivateFrameworks/ConsoleKit : 393
PrivateFrameworks/ConstantClasses : 2170
PrivateFrameworks/ContactsAgent : 1152
PrivateFrameworks/ContactsAssistantServices : 1110
PrivateFrameworks/ContactsAutocomplete : 1499
PrivateFrameworks/ContactsAutocompleteUI : 313
PrivateFrameworks/ContactsDonation : 1821
PrivateFrameworks/ContactsDonationFeedback : 1821
PrivateFrameworks/ContactsFoundation : 232
PrivateFrameworks/ContactsPersistence : 239
PrivateFrameworks/ContactsUICore : 54
PrivateFrameworks/ContentKit : 157
PrivateFrameworks/ContextKit : 1141
PrivateFrameworks/ConversationKit : 4
PrivateFrameworks/CoreADI : 2467
PrivateFrameworks/CoreAUC : 525
PrivateFrameworks/CoreAVCHD : 2572
PrivateFrameworks/CoreAccessories : 237
PrivateFrameworks/CoreAnalytics : 3763
PrivateFrameworks/CoreAppleCVA : 2446
PrivateFrameworks/CoreBrightness : 51
PrivateFrameworks/CoreCDP : 5
PrivateFrameworks/CoreCDPInternal : 5
PrivateFrameworks/CoreCDPUI : 5
PrivateFrameworks/CoreCapture : 208
PrivateFrameworks/CoreCaptureControl : 208
PrivateFrameworks/CoreCaptureDaemon : 208
PrivateFrameworks/CoreChart : 1170
PrivateFrameworks/CoreChineseEngine : 1174
PrivateFrameworks/CoreDAV : 202
PrivateFrameworks/CoreDaemon : 1818
PrivateFrameworks/CoreEmoji : 1300
PrivateFrameworks/CoreFP : 331
PrivateFrameworks/CoreFollowUp : 1036
PrivateFrameworks/CoreFollowUpUI : 1036
PrivateFrameworks/CoreHAP : 18
PrivateFrameworks/CoreHandwriting : 797
PrivateFrameworks/CoreKE : 847
PrivateFrameworks/CoreKnowledge : 455
PrivateFrameworks/CoreLSKD : 574
PrivateFrameworks/CoreLSKDMSE : 1345
PrivateFrameworks/CoreMLTestFramework : 135
PrivateFrameworks/CoreMaterial : 620
PrivateFrameworks/CoreNLP : 1416
PrivateFrameworks/CoreNameParser : 3525
PrivateFrameworks/CoreNavigation : 256
PrivateFrameworks/CoreOptimization : 6234
PrivateFrameworks/CorePDF : 323
PrivateFrameworks/CoreParsec : 20
PrivateFrameworks/CorePhoneNumbers : 6
PrivateFrameworks/CorePrediction : 6234
PrivateFrameworks/CoreRE : 88
PrivateFrameworks/CoreRecents : 2740
PrivateFrameworks/CoreRecognition : 837
PrivateFrameworks/CoreRoutine : 488
PrivateFrameworks/CoreSDB : 3650
PrivateFrameworks/CoreSVG : 2242
PrivateFrameworks/CoreServicesInternal : 187
PrivateFrameworks/CoreServicesStore : 208
PrivateFrameworks/CoreSpeech : 119
PrivateFrameworks/CoreSuggestions : 2
PrivateFrameworks/CoreSuggestionsInternals : 2
PrivateFrameworks/CoreSuggestionsML : 2
PrivateFrameworks/CoreSuggestionsUI : 2
PrivateFrameworks/CoreSymbolication : 664
PrivateFrameworks/CoreThemeDefinition : 135
PrivateFrameworks/CoreTime : 2243
PrivateFrameworks/CoreUI : 280
PrivateFrameworks/CoreUtils : 180
PrivateFrameworks/CoreUtilsSwift : 2633
PrivateFrameworks/CoreWLANKit : 88
PrivateFrameworks/CoreWiFi : 426
PrivateFrameworks/CrashReporterSupport : 2
PrivateFrameworks/CreateML : 311
PrivateFrameworks/CryptoKitCBridging : 291
PrivateFrameworks/CryptoKitPrivate : 291
PrivateFrameworks/DAAPKit : 22
PrivateFrameworks/DCERPC : 2046
PrivateFrameworks/DFRBrightness : 51
PrivateFrameworks/DFRDisplay : 1830
PrivateFrameworks/DFRFoundation : 348
PrivateFrameworks/DSExternalDisplay : 300
PrivateFrameworks/DTXConnectionServices : 647
PrivateFrameworks/DVD : 14018
PrivateFrameworks/DataDeliveryServices : 9843
PrivateFrameworks/DataDetectors : 499
PrivateFrameworks/DataDetectorsCore : 4318
PrivateFrameworks/DataDetectorsNaturalLanguage : 1818
PrivateFrameworks/DebugSymbols : 2967
PrivateFrameworks/DesktopServicesPriv : 1
PrivateFrameworks/DeviceCheckInternal : 7289
PrivateFrameworks/DeviceIdentity : 448
PrivateFrameworks/DeviceLink : 701
PrivateFrameworks/DeviceManagement : 773
PrivateFrameworks/DeviceToDeviceManager : 7875
PrivateFrameworks/DiagnosticExtensions : 2674
PrivateFrameworks/DiagnosticLogCollection : 284
PrivateFrameworks/DifferentialPrivacy : 626
PrivateFrameworks/DigitalTouchShared : 2246
PrivateFrameworks/DirectoryEditor : 497
PrivateFrameworks/DirectoryServer : 10614
PrivateFrameworks/DiskImages : 696
PrivateFrameworks/DiskManagement : 84
PrivateFrameworks/DisplayServices : 321
PrivateFrameworks/DisplayTransportServices : 1390
PrivateFrameworks/DistributedEvaluation : 114
PrivateFrameworks/DrawingKit : 287
PrivateFrameworks/DynamicDesktop : 54
PrivateFrameworks/EAFirmwareUpdater : 308
PrivateFrameworks/EAP8021X : 1332
PrivateFrameworks/EFILogin : 710
PrivateFrameworks/EasyConfig : 180
PrivateFrameworks/EmbeddedAcousticRecognition : 114
PrivateFrameworks/EmbeddedOSInstall : 1623
PrivateFrameworks/EmbeddedOSSupportHost : 117
PrivateFrameworks/EmbeddedSensingProtocols : 5880
PrivateFrameworks/EmojiFoundation : 145
PrivateFrameworks/Engram : 284
PrivateFrameworks/Espresso : 6889
PrivateFrameworks/ExchangeSync : 587
PrivateFrameworks/ExchangeWebServices : 1401
PrivateFrameworks/ExpansionSlotSupport : 4
PrivateFrameworks/FMClient : 2574
PrivateFrameworks/FMCore : 901
PrivateFrameworks/FMCoreLite : 872
PrivateFrameworks/FMCoreUI : 916
PrivateFrameworks/FMF : 1163
PrivateFrameworks/FMFCore : 80
PrivateFrameworks/FMFUI : 1163
PrivateFrameworks/FMIPCore : 80
PrivateFrameworks/FMNetworking : 190
PrivateFrameworks/FTAWD : 284
PrivateFrameworks/FTClientServices : 12
PrivateFrameworks/FTServices : 12
PrivateFrameworks/FWAVC : 287
PrivateFrameworks/FaceCore : 2323
PrivateFrameworks/FamilyCircle : 769
PrivateFrameworks/FamilyCircleUI : 769
PrivateFrameworks/FamilyControls : 594
PrivateFrameworks/FamilyNotification : 769
PrivateFrameworks/FeatureFlagsSupport : 4731
PrivateFrameworks/FileProvider : 305
PrivateFrameworks/FileProviderDaemon : 305
PrivateFrameworks/FilesActionsUI : 977
PrivateFrameworks/FindMyDevice : 482
PrivateFrameworks/FindMyDeviceUI : 432
PrivateFrameworks/FindMyMac : 503
PrivateFrameworks/FinderKit : 27
PrivateFrameworks/FinderSyncPriv : 26
PrivateFrameworks/FlightUtilities : 852
PrivateFrameworks/FolderActionsKit : 1317
PrivateFrameworks/FontServices : 3430
PrivateFrameworks/FoundInAppsPlugins : 7
PrivateFrameworks/FrontBoardServices : 163
PrivateFrameworks/Futhark : 1631
PrivateFrameworks/GPURawCounter : 1060
PrivateFrameworks/GPUSupport : 2880
PrivateFrameworks/GameCenterFoundation : 442
PrivateFrameworks/GameCenterUI : 442
PrivateFrameworks/GameCenterUICore : 442
PrivateFrameworks/GameKitServices : 146
PrivateFrameworks/GenerationalStorage : 1146
PrivateFrameworks/GeoKit : 565
PrivateFrameworks/GeoServices : 1
PrivateFrameworks/GraphKit : 12473
PrivateFrameworks/GraphVisualizer : 3616
PrivateFrameworks/GraphicsServices : 3766
PrivateFrameworks/HDAInterface : 171
PrivateFrameworks/HDRProcessing : 102
PrivateFrameworks/HID : 103
PrivateFrameworks/HMFoundation : 7
PrivateFrameworks/HTTPServer : 1181
PrivateFrameworks/HearingCore : 207
PrivateFrameworks/HearingUtilities : 207
PrivateFrameworks/HeimODAdmin : 123
PrivateFrameworks/Heimdal : 475
PrivateFrameworks/Helium : 872
PrivateFrameworks/HelloWorldMacHelper : 334
PrivateFrameworks/HelpData : 910
PrivateFrameworks/HomeAI : 575
PrivateFrameworks/HomeKit : 18
PrivateFrameworks/HomeKitBackingStore : 18
PrivateFrameworks/HomeKitDaemon : 18
PrivateFrameworks/IAP : 3804
PrivateFrameworks/IASUtilities : 393
PrivateFrameworks/IDS : 12
PrivateFrameworks/IDSFoundation : 12
PrivateFrameworks/IDSHashPersistence : 11
PrivateFrameworks/IDSKVStore : 11
PrivateFrameworks/IDSSystemPreferencesSignIn : 12
PrivateFrameworks/IMAVCore : 9283
PrivateFrameworks/IMAssistantCore : 6
PrivateFrameworks/IMCore : 6
PrivateFrameworks/IMDMessageServices : 6
PrivateFrameworks/IMDPersistence : 6
PrivateFrameworks/IMDaemonCore : 6
PrivateFrameworks/IMFoundation : 284
PrivateFrameworks/IMSharedUI : 122
PrivateFrameworks/IMSharedUtilities : 6
PrivateFrameworks/IMTranscoderAgent : 6
PrivateFrameworks/IMTranscoding : 6
PrivateFrameworks/IMTransferAgent : 6
PrivateFrameworks/IMTransferServices : 284
PrivateFrameworks/IOAccelMemoryInfo : 3
PrivateFrameworks/IOAccelerator : 3
PrivateFrameworks/IOImageLoader : 2016
PrivateFrameworks/IOPlatformPluginFamily : 1
PrivateFrameworks/IOPresentment : 2363
PrivateFrameworks/ISSupport : 10481
PrivateFrameworks/IconServices : 116
PrivateFrameworks/IdleTimerServices : 6089
PrivateFrameworks/IncomingCallFilter : 624
PrivateFrameworks/InertiaCam : 1619
PrivateFrameworks/InputContext : 6514
PrivateFrameworks/InputTranscoder : 1039
PrivateFrameworks/Install : 432
PrivateFrameworks/InstallerDiagnostics : 1065
PrivateFrameworks/Intents : 135
PrivateFrameworks/IntentsCore : 135
PrivateFrameworks/IntentsFoundation : 135
PrivateFrameworks/IntentsServices : 135
PrivateFrameworks/InternationalSupport : 660
PrivateFrameworks/InternationalTextSearch : 2744
PrivateFrameworks/InternetAccounts : 968
PrivateFrameworks/IntlPreferences : 284
PrivateFrameworks/JavaApplicationLauncher : 1443
PrivateFrameworks/JavaLaunching : 1368
PrivateFrameworks/JavaScriptAppleEvents : 2606
PrivateFrameworks/JavaScriptOSA : 2380
PrivateFrameworks/Jet : 3059
PrivateFrameworks/JetEngine : 215
PrivateFrameworks/JetUI : 262
PrivateFrameworks/KerberosHelper : 2531
PrivateFrameworks/KeyboardServices : 47
PrivateFrameworks/KeychainCircle : 9
PrivateFrameworks/KnowledgeMonitor : 26
PrivateFrameworks/LanguageModeling : 745
PrivateFrameworks/Lexicon : 3127
PrivateFrameworks/LibraryRepair : 1006
PrivateFrameworks/LimitAdTracking : 286
PrivateFrameworks/LinguisticData : 2
PrivateFrameworks/LinkPresentation : 480
PrivateFrameworks/LocalAuthenticationRecoveryUI : 10
PrivateFrameworks/LocalAuthenticationUI : 10
PrivateFrameworks/LocationSupport : 160
PrivateFrameworks/LockoutUI : 2040
PrivateFrameworks/LoginUIKit : 4
PrivateFrameworks/Lookup : 521
PrivateFrameworks/MDSChannel : 2310
PrivateFrameworks/MFAAuthentication : 237
PrivateFrameworks/MFiAuthentication : 3804
PrivateFrameworks/MLFoundation : 334
PrivateFrameworks/MMCS : 879
PrivateFrameworks/MMCSServices : 6
PrivateFrameworks/MTLCompiler : 73
PrivateFrameworks/MTLSimImplementation : 73
PrivateFrameworks/MachineSettings : 4968
PrivateFrameworks/MallocStackLogging : 799
PrivateFrameworks/ManagedClient : 299
PrivateFrameworks/Mangrove : 609
PrivateFrameworks/MapsSuggestions : 145
PrivateFrameworks/MapsSupport : 145
PrivateFrameworks/Marco : 284
PrivateFrameworks/MarkupUI : 287
PrivateFrameworks/MediaControlSender : 2
PrivateFrameworks/MediaKit : 4092
PrivateFrameworks/MediaRemote : 12
PrivateFrameworks/MediaServices : 22
PrivateFrameworks/Memories : 125
PrivateFrameworks/MessageProtection : 95
PrivateFrameworks/MessageSecurity : 4206
PrivateFrameworks/MessagesHelperKit : 3
PrivateFrameworks/MessagesKit : 3
PrivateFrameworks/MetadataUtilities : 6
PrivateFrameworks/MetalTools : 73
PrivateFrameworks/MetricKitCore : 727
PrivateFrameworks/MetricKitServices : 727
PrivateFrameworks/MetricKitSource : 727
PrivateFrameworks/MetricMeasurement : 727
PrivateFrameworks/MiniSoftwareUpdate : 1503
PrivateFrameworks/MobileAccessoryUpdater : 353
PrivateFrameworks/MobileActivationMacOS : 448
PrivateFrameworks/MobileAsset : 18
PrivateFrameworks/MobileAssetUpdater : 308
PrivateFrameworks/MobileBluetooth : 162
PrivateFrameworks/MobileDevice : 701
PrivateFrameworks/MobileIcons : 116
PrivateFrameworks/MobileKeyBag : 288
PrivateFrameworks/MonitorPanel : 556
PrivateFrameworks/Montreal : 3346
PrivateFrameworks/MultitouchSupport : 49
PrivateFrameworks/MultiverseSupport : 884
PrivateFrameworks/NLP : 2698
PrivateFrameworks/Navigation : 197
PrivateFrameworks/NearField : 190
PrivateFrameworks/NetAppsUtilities : 4116
PrivateFrameworks/NetAuth : 978
PrivateFrameworks/NetFSServer : 421
PrivateFrameworks/Netrb : 330
PrivateFrameworks/Network : 46
PrivateFrameworks/NetworkServiceProxy : 2879
PrivateFrameworks/NetworkStatistics : 4784
PrivateFrameworks/Notes : 238
PrivateFrameworks/NotesShared : 238
PrivateFrameworks/NotesUI : 238
PrivateFrameworks/Noticeboard : 2259
PrivateFrameworks/NotificationCenterUI : 30
PrivateFrameworks/OAuth : 17615
PrivateFrameworks/OSAServicesClient : 828
PrivateFrameworks/OSASubmissionClient : 872
PrivateFrameworks/OSASyncProxyClient : 872
PrivateFrameworks/OSAnalytics : 828
PrivateFrameworks/OSAnalyticsPrivate : 872
PrivateFrameworks/OSD : 2117
PrivateFrameworks/OSInstaller : 98
PrivateFrameworks/OSPersonalization : 1371
PrivateFrameworks/OSUpdate : 67
PrivateFrameworks/OTSVG : 148
PrivateFrameworks/OfficeImport : 1119
PrivateFrameworks/OnBoardingKit : 285
PrivateFrameworks/OpenDirectoryConfig : 13396
PrivateFrameworks/OpenDirectoryConfigUI : 1444
PrivateFrameworks/Osprey : 670
PrivateFrameworks/PASampling : 575
PrivateFrameworks/PIP : 657
PrivateFrameworks/PSNormalizer : 798
PrivateFrameworks/PackageKit : 11
PrivateFrameworks/PacketFilter : 906
PrivateFrameworks/ParsecModel : 20
PrivateFrameworks/ParsecSubscriptionServiceSupport : 20
PrivateFrameworks/PassKit : 203
PrivateFrameworks/PassKitCore : 260
PrivateFrameworks/PassKitUI : 46
PrivateFrameworks/PassKitUIFoundation : 94
PrivateFrameworks/PasswordServer : 7629
PrivateFrameworks/PencilKit : 791
PrivateFrameworks/PerformanceAnalysis : 575
PrivateFrameworks/PersistentConnection : 492
PrivateFrameworks/PersonaKit : 3524
PrivateFrameworks/PersonaUI : 3524
PrivateFrameworks/PersonalizationPortrait : 7
PrivateFrameworks/PersonalizationPortraitInternals : 7
PrivateFrameworks/PhoneNumbers : 6
PrivateFrameworks/PhotoPrintProduct : 878
PrivateFrameworks/PhysicsKit : 3169
PrivateFrameworks/PlugInKit : 508
PrivateFrameworks/PodcastServices : 39
PrivateFrameworks/PowerlogLiteOperators : 1
PrivateFrameworks/PreferencePanesSupport : 472
PrivateFrameworks/PrintKit : 3118
PrivateFrameworks/PrintingPrivate : 558
PrivateFrameworks/PrivateFederatedLearning : 125
PrivateFrameworks/ProVideo : 1022
PrivateFrameworks/ProactiveEventTracker : 286
PrivateFrameworks/ProactiveExperiments : 2
PrivateFrameworks/ProactiveExperimentsInternals : 2
PrivateFrameworks/ProactiveML : 2
PrivateFrameworks/ProactiveSupport : 286
PrivateFrameworks/ProactiveSupportStubs : 286
PrivateFrameworks/ProofReader : 1806
PrivateFrameworks/ProtectedCloudStorage : 6
PrivateFrameworks/ProtocolBuffer : 1145
PrivateFrameworks/PrototypeTools : 4349
PrivateFrameworks/QLCharts : 1119
PrivateFrameworks/Quagga : 1159
PrivateFrameworks/QuickLookIosmac : 255
PrivateFrameworks/QuickLookNonBaseSystem : 251
PrivateFrameworks/QuickLookSupport : 224
PrivateFrameworks/QuickLookThumbnailing : 224
PrivateFrameworks/QuickLookUIIosmac : 255
PrivateFrameworks/RTCReporting : 549
PrivateFrameworks/RTTUI : 207
PrivateFrameworks/RTTUtilities : 207
PrivateFrameworks/Rapport : 527
PrivateFrameworks/RapportUI : 549
PrivateFrameworks/ReminderKit : 31
PrivateFrameworks/ReminderKitUI : 31
PrivateFrameworks/ReminderMigration : 284
PrivateFrameworks/RemoteConfiguration : 3361
PrivateFrameworks/RemoteCoreML : 5765
PrivateFrameworks/RemoteManagement : 1364
PrivateFrameworks/RemoteTextInput : 3006
PrivateFrameworks/RemoteViewServices : 623
PrivateFrameworks/RenderBox : 1257
PrivateFrameworks/ReplayKitMacHelper : 133
PrivateFrameworks/ResponseKit : 2182
PrivateFrameworks/Restore : 332
PrivateFrameworks/Reveal : 797
PrivateFrameworks/RevealCore : 797
PrivateFrameworks/RunningBoard : 123
PrivateFrameworks/RunningBoardServices : 121
PrivateFrameworks/SAObjects : 197
PrivateFrameworks/SCEP : 1418
PrivateFrameworks/SDAPI : 4543
PrivateFrameworks/SMBClient : 3
PrivateFrameworks/SMBClientEngine : 205
PrivateFrameworks/SPFinder : 194
PrivateFrameworks/SPOwner : 194
PrivateFrameworks/SPShared : 190
PrivateFrameworks/SPSupport : 984
PrivateFrameworks/SafariSafeBrowsing : 3
PrivateFrameworks/SafeEjectGPU : 123
PrivateFrameworks/SampleAnalysis : 575
PrivateFrameworks/ScreenReader : 1
PrivateFrameworks/ScreenReaderCore : 1
PrivateFrameworks/ScreenSharing : 779
PrivateFrameworks/ScreenTimeCore : 44
PrivateFrameworks/ScreenTimeServiceUI : 43
PrivateFrameworks/ScreenTimeUI : 43
PrivateFrameworks/SearchAds : 286
PrivateFrameworks/SearchFoundation : 20
PrivateFrameworks/SearchUI : 1095
PrivateFrameworks/SearchUICardKitProviderSupport : 839
PrivateFrameworks/SecCodeWrapper : 160
PrivateFrameworks/SecureChannel : 6
PrivateFrameworks/SecurityTokend : 3467
PrivateFrameworks/Seeding : 892
PrivateFrameworks/SemanticDocumentManagement : 2204
PrivateFrameworks/SensingProtocols : 5880
PrivateFrameworks/SensorKit : 19
PrivateFrameworks/Sentry : 1368
PrivateFrameworks/ServerCompatibility : 2602
PrivateFrameworks/ServerInformation : 783
PrivateFrameworks/SetupAssistantFramework : 8
PrivateFrameworks/SetupAssistantSupport : 1505
PrivateFrameworks/ShareKit : 200
PrivateFrameworks/SharePointManagement : 2
PrivateFrameworks/ShareSheet : 78
PrivateFrameworks/SharedWebCredentials : 1131
PrivateFrameworks/Sharing : 148
PrivateFrameworks/SharingXPCServices : 133
PrivateFrameworks/Shortcut : 937
PrivateFrameworks/SidecarCore : 538
PrivateFrameworks/SidecarUI : 538
PrivateFrameworks/SignpostCollection : 736
PrivateFrameworks/SignpostMetrics : 736
PrivateFrameworks/SignpostNotification : 194
PrivateFrameworks/SignpostSupport : 736
PrivateFrameworks/SiriClientFlow : 185
PrivateFrameworks/SiriCore : 6
PrivateFrameworks/SiriFoundation : 201
PrivateFrameworks/SiriInstrumentation : 16
PrivateFrameworks/SiriTTS : 67
PrivateFrameworks/SiriTasks : 8
PrivateFrameworks/SiriUI : 212
PrivateFrameworks/SiriVOX : 6
PrivateFrameworks/SkyLight : 97
PrivateFrameworks/Slideshows : 891
PrivateFrameworks/SocialAppsCore : 3
PrivateFrameworks/SocialServices : 308
PrivateFrameworks/SocialUI : 3
PrivateFrameworks/SoftwareUpdate : 67
PrivateFrameworks/SpanMatcher : 6
PrivateFrameworks/SpeechDictionary : 2156
PrivateFrameworks/SpeechObjects : 334
PrivateFrameworks/SpeechRecognitionCommandServices : 1479
PrivateFrameworks/SpeechRecognitionCore : 788
PrivateFrameworks/StatsKit : 7017
PrivateFrameworks/StorageKit : 1066
PrivateFrameworks/StorageManagement : 167
PrivateFrameworks/StoreFoundation : 73
PrivateFrameworks/StoreJavaScript : 73
PrivateFrameworks/StoreServices : 456
PrivateFrameworks/StoreUI : 73
PrivateFrameworks/StreamingZip : 1410
PrivateFrameworks/Suggestions : 688
PrivateFrameworks/SuggestionsSpotlightMetrics : 2
PrivateFrameworks/Symbolication : 799
PrivateFrameworks/SymptomDiagnosticReporter : 262
PrivateFrameworks/SymptomReporter : 262
PrivateFrameworks/Symptoms : 262
PrivateFrameworks/SyncServicesUI : 8568
PrivateFrameworks/SyncedDefaults : 1153
PrivateFrameworks/SystemAdministration : 121
PrivateFrameworks/SystemAdministrationInterface : 683
PrivateFrameworks/SystemDesktopAppearance : 134
PrivateFrameworks/SystemMigration : 71
PrivateFrameworks/SystemMigrationNetworking : 71
PrivateFrameworks/SystemMigrationUtils : 71
PrivateFrameworks/SystemPolicy : 45
PrivateFrameworks/SystemUIPlugin : 4981
PrivateFrameworks/TCC : 85
PrivateFrameworks/TTYUtilities : 3366
PrivateFrameworks/TVRemoteCore : 159
PrivateFrameworks/TelephonyUtilities : 6
PrivateFrameworks/TemplateKit : 1093
PrivateFrameworks/TextInput : 124
PrivateFrameworks/TextInputCore : 124
PrivateFrameworks/TextRecognition : 827
PrivateFrameworks/TextToSpeech : 108
PrivateFrameworks/TextureIO : 4696
PrivateFrameworks/TimeMachine : 386
PrivateFrameworks/TimeSync : 2177
PrivateFrameworks/Tourist : 375
PrivateFrameworks/Transparency : 326
PrivateFrameworks/TransparencyDetailsViewMac : 286
PrivateFrameworks/TrustEvaluationAgent : 2874
PrivateFrameworks/TrustedPeers : 9
PrivateFrameworks/TuriCore : 503
PrivateFrameworks/UAUPlugin : 599
PrivateFrameworks/UIFoundation : 1130
PrivateFrameworks/UIKitMacHelper : 28
PrivateFrameworks/UIKitSystemAppServices : 334
PrivateFrameworks/UIRecording : 639
PrivateFrameworks/URLFormatting : 477
PrivateFrameworks/USDKit : 2615
PrivateFrameworks/Uninstall : 3914
PrivateFrameworks/UniversalAccess : 47
PrivateFrameworks/UsageTracking : 155
PrivateFrameworks/UserActivity : 962
PrivateFrameworks/UserManagement : 489
PrivateFrameworks/VCXMPP : 11375
PrivateFrameworks/VectorKit : 205
PrivateFrameworks/VideoConference : 1141
PrivateFrameworks/VideoProcessing : 119
PrivateFrameworks/ViewBridge : 9
PrivateFrameworks/VisionKit : 1121
PrivateFrameworks/VisualPairing : 3937
PrivateFrameworks/VisualTestKit : 837
PrivateFrameworks/VoiceShortcutClient : 157
PrivateFrameworks/VoiceShortcuts : 157
PrivateFrameworks/VoiceTrigger : 1726
PrivateFrameworks/WPDaemon : 3261
PrivateFrameworks/WatchdogClient : 410
PrivateFrameworks/WeatherFoundation : 2263
PrivateFrameworks/WeatherKit : 403
PrivateFrameworks/WebContentAnalysis : 747
PrivateFrameworks/WebFilterDNS : 747
PrivateFrameworks/WiFiCloudSyncEngine : 106
PrivateFrameworks/WiFiPeerToPeer : 1898
PrivateFrameworks/WiFiPolicy : 200
PrivateFrameworks/WiFiVelocity : 9
PrivateFrameworks/WirelessCoexManager : 4
PrivateFrameworks/WirelessDiagnostics : 6289
PrivateFrameworks/WirelessProximity : 3261
PrivateFrameworks/WorkflowKit : 157
PrivateFrameworks/XARTRecovery : 1438
PrivateFrameworks/XCTAutomationSupport : 254
PrivateFrameworks/XCTTargetBootstrap : 254
PrivateFrameworks/XPCService : 9191
PrivateFrameworks/XQuery : 4177
PrivateFrameworks/XprotectFramework : 129
PrivateFrameworks/acfs : 1500
PrivateFrameworks/caulk : 1782
PrivateFrameworks/iAdCore : 253
PrivateFrameworks/iAdServices : 253
PrivateFrameworks/iCalendar : 436
PrivateFrameworks/iLifeMediaBrowser : 211
PrivateFrameworks/iPod : 4975
PrivateFrameworks/iPodSync : 1353
PrivateFrameworks/iPodUpdater : 1253
PrivateFrameworks/iWorkXPC : 1716
PrivateFrameworks/kperf : 1184
PrivateFrameworks/kperfdata : 1184
PrivateFrameworks/ktrace : 1080
PrivateFrameworks/login : 1286
PrivateFrameworks/nt : 210
PrivateFrameworks/oncrpc : 1592
PrivateFrameworks/perfdata : 764
PrivateFrameworks/vCard : 239
PrivateFrameworks/yara : 231
CoreServices/AirPlayUIAgent : 418.1
CoreServices/Bluetooth Setup Assistant : 7.0.3f5
CoreServices/BluetoothUIServer : 7.0.3f5
CoreServices/Keychain Circle Notification : 59306.80.4
CoreServices/OBEXAgent : 7.0.3f5
CoreServices/Problem Reporter : 15011.2
CoreServices/VoiceOver : 708.5.7
Frameworks/AVKit : 221
Frameworks/BusinessChat : 2
Frameworks/ContactsUI : 245
Frameworks/CoreAudioKit : 611
Frameworks/CoreNFC : 109
Frameworks/EventKitUI : 166
Frameworks/GameController : 69
Frameworks/GameKit : 465
Frameworks/GameplayKit : 790
Frameworks/HealthKit : 207
Frameworks/HealthKitUI : 207
Frameworks/IdentityLookupUI : 3
Frameworks/IntentsUI : 61
Frameworks/LinkPresentation : 186
Frameworks/MediaPlayer : 3
Frameworks/MetalKit : 140
Frameworks/MobileCoreServices : 297
Frameworks/MultipeerConnectivity : 998
Frameworks/PassKit : 135
Frameworks/PencilKit : 407
Frameworks/QuickLook : 314
Frameworks/RealityKit : 63
Frameworks/ReplayKit : 133
Frameworks/SceneKit : 79
Frameworks/Social : 174
Frameworks/SpriteKit : 73
Frameworks/StoreKit : 46
Frameworks/SwiftUI : 3
Frameworks/UIKit : 29
Frameworks/VisionKit : 980
Frameworks/WatchConnectivity : 601
Frameworks/iAd : 253
PrivateFrameworks/AVKitMacHelper : 221
PrivateFrameworks/ActionKit : 48
PrivateFrameworks/ActionKitUI : 48
PrivateFrameworks/ActivityRingsUI : 930
PrivateFrameworks/AddressBookLegacy : 301
PrivateFrameworks/AnnotationKit : 281
PrivateFrameworks/AppAnalytics : 703
PrivateFrameworks/AppSupportUI : 1139
PrivateFrameworks/AppleMediaServicesUI : 26
PrivateFrameworks/AuthKitUI : 3
PrivateFrameworks/AuthKitUIMacHelper : 3
PrivateFrameworks/BaseBoardUI : 313
PrivateFrameworks/CalendarUIKit : 223
PrivateFrameworks/ClassroomKit : 459
PrivateFrameworks/ContactsAutocompleteUI : 327
PrivateFrameworks/ContentKit : 48
PrivateFrameworks/CorePDF : 326
PrivateFrameworks/CoreRecognition : 322
PrivateFrameworks/CoreSuggestionsUI : 2
PrivateFrameworks/DataDetectorsUI : 783
PrivateFrameworks/DocumentManager : 59
PrivateFrameworks/DocumentManagerCore : 59
PrivateFrameworks/EmojiKit : 421
PrivateFrameworks/FMNetworking : 103
PrivateFrameworks/FrontBoard : 165
PrivateFrameworks/GameCenterUI : 222
PrivateFrameworks/Home : 185
PrivateFrameworks/HomeUI : 185
PrivateFrameworks/IMAssistantCore : 3
PrivateFrameworks/IMCore : 3
PrivateFrameworks/IMDPersistence : 3
PrivateFrameworks/IMSharedUtilities : 3
PrivateFrameworks/IMTranscoding : 3
PrivateFrameworks/IntlPreferences : 109
PrivateFrameworks/Jet : 856
PrivateFrameworks/ManagedConfiguration : 111
PrivateFrameworks/MarkupUI : 281
PrivateFrameworks/MediaPlaybackCore : 3
PrivateFrameworks/MobileTimer : 782
PrivateFrameworks/MobileTimerUI : 782
PrivateFrameworks/NanoRegistry : 554
PrivateFrameworks/NetAppsUtilitiesUI : 4116
PrivateFrameworks/OnBoardingKit : 138
PrivateFrameworks/PassKitUIFoundation : 51
PrivateFrameworks/PencilKit : 407
PrivateFrameworks/PersonaUI : 1205
PrivateFrameworks/RTTUI : 87
PrivateFrameworks/RapportUI : 438
PrivateFrameworks/SPShared : 103
PrivateFrameworks/SilexWeb : 3
PrivateFrameworks/SocialServices : 155
PrivateFrameworks/Stocks : 5333
PrivateFrameworks/TSReading : 2294
PrivateFrameworks/TSUtility : 2294
PrivateFrameworks/TeaActivities : 66
PrivateFrameworks/TeaCharts : 66
PrivateFrameworks/TeaDB : 66
PrivateFrameworks/TeaFoundation : 66
PrivateFrameworks/TeaSettings : 66
PrivateFrameworks/TeaTemplate : 66
PrivateFrameworks/TeaUI : 66
PrivateFrameworks/TeaUIKit : 66
PrivateFrameworks/TelephonyUI : 3
PrivateFrameworks/TransparencyDetailsView : 286
PrivateFrameworks/UIKitCore : 28
PrivateFrameworks/UIKitMacHelper : 28
PrivateFrameworks/UIKitServices : 27
PrivateFrameworks/UserNotificationsExtensionPoint : 351
PrivateFrameworks/VisualPairing : 1937
PrivateFrameworks/VoiceMemos : 270
PrivateFrameworks/VoiceShortcutClient : 48
PrivateFrameworks/VoiceShortcuts : 48
PrivateFrameworks/VoiceShortcutsUI : 48
PrivateFrameworks/Weather : 5008
PrivateFrameworks/WeatherFoundation : 369
PrivateFrameworks/WorkflowKit : 48
PrivateFrameworks/WorkflowUI : 48
