Applications/AltTab : 3.1.3
Applications/Keka : 3449
Applications/MacUpdater : 7955
Applications/RunCat : 7.2.11
Applications/Safari : 15609.1.20.111.8
Applications/Spotify : 1.1.28.721.g5b5ee660-44
Applications/iTerm : 3.3.9
Applications/Contacts : 2421.22
Applications/Mail : 3608.80.23.2.2
Utilities/Bluetooth File Exchange : 7.0.4f6
Frameworks/AVFoundation : 53
Frameworks/AddressBook : 4
Frameworks/AppKit : 85
Frameworks/ApplicationServices : 3652
Frameworks/AutomaticAssessmentConfiguration : 366
Frameworks/Carbon : 4401
Frameworks/Cocoa : 12294
Frameworks/Combine : 760
Frameworks/CoreMedia : 3
Frameworks/CoreMediaIO : 557
Frameworks/CryptoKit : 1022
Frameworks/ExecutionPolicy : 3
Frameworks/GameKit : 2571
Frameworks/Hypervisor : 491
Frameworks/IOBluetooth : 5
Frameworks/IOUSBHost : 12
Frameworks/ImageIO : 10
Frameworks/MediaToolbox : 3
Frameworks/MetalPerformanceShaders : 4
Frameworks/NetworkingDriverKit : 305
Frameworks/PCIDriverKit : 339
Frameworks/RealityKit : 123
Frameworks/SwiftUI : 51
Frameworks/System : 405
Frameworks/USBDriverKit : 12
Frameworks/VideoToolbox : 3
PrivateFrameworks/AVFoundationCF : 409
PrivateFrameworks/AddressBookCore : 4
PrivateFrameworks/AirPlayReceiver : 199
PrivateFrameworks/AirPlaySender : 199
PrivateFrameworks/AirPlaySync : 3
PrivateFrameworks/AirTrafficHost : 783
PrivateFrameworks/AppContainer : 4
PrivateFrameworks/AppSandbox : 4
PrivateFrameworks/AppStoreKit : 513
PrivateFrameworks/AttributeGraph : 409
PrivateFrameworks/AudioServerApplication : 18
PrivateFrameworks/AudioServerDriver : 18
PrivateFrameworks/BluetoothAudio : 5
PrivateFrameworks/BridgeOSSoftwareUpdate : 530
PrivateFrameworks/CloudKitCode : 463
PrivateFrameworks/CloudKitCodeProtobuf : 463
PrivateFrameworks/Coherence : 8753
PrivateFrameworks/CombineCocoa : 760
PrivateFrameworks/ConversationKit : 6
PrivateFrameworks/CoreAnalytics : 281
PrivateFrameworks/CoreBrightness : 631
PrivateFrameworks/CoreCapture : 472
PrivateFrameworks/CoreCaptureControl : 472
PrivateFrameworks/CoreCaptureDaemon : 472
PrivateFrameworks/CoreKnowledge : 1038
PrivateFrameworks/CoreUtilsSwift : 4293
PrivateFrameworks/CreateML : 376
PrivateFrameworks/CryptoKitCBridging : 1022
PrivateFrameworks/CryptoKitPrivate : 1022
PrivateFrameworks/DFRBrightness : 631
PrivateFrameworks/DeviceLink : 783
PrivateFrameworks/DistributedEvaluation : 761
PrivateFrameworks/DynamicDesktop : 155
PrivateFrameworks/EAFirmwareUpdater : 16
PrivateFrameworks/EmbeddedOSInstall : 2889
PrivateFrameworks/FMClient : 3922
PrivateFrameworks/FMFCore : 215
PrivateFrameworks/FMIPCore : 215
PrivateFrameworks/FMNetworking : 431
PrivateFrameworks/FWAVC : 557
PrivateFrameworks/FindMyDevice : 4
PrivateFrameworks/FlowFrameKit : 257
PrivateFrameworks/GameCenterFoundation : 2571
PrivateFrameworks/GameCenterUI : 2571
PrivateFrameworks/GameCenterUICore : 2571
PrivateFrameworks/HID : 59
PrivateFrameworks/IOImageLoader : 810
PrivateFrameworks/IOPlatformPluginFamily : 64
PrivateFrameworks/JetEngine : 856
PrivateFrameworks/JetUI : 849
PrivateFrameworks/KnowledgeGraphKit : 13
PrivateFrameworks/MediaExperience : 3
PrivateFrameworks/MediaMiningKit : 13
PrivateFrameworks/MobileAccessoryUpdater : 16
PrivateFrameworks/MobileAssetUpdater : 16
PrivateFrameworks/MobileDevice : 783
PrivateFrameworks/MultiverseSupport : 1269
PrivateFrameworks/OSPersonalization : 1709
PrivateFrameworks/PassKit : 192
PrivateFrameworks/PassKitCore : 191
PrivateFrameworks/PhotoAnalysis : 13
PrivateFrameworks/PhotosGraph : 13
PrivateFrameworks/PipelineKit : 13
PrivateFrameworks/PodcastsFoundation : 618
PrivateFrameworks/SPShared : 431
PrivateFrameworks/SafariSharedUI : 7
PrivateFrameworks/SecCodeWrapper : 4
PrivateFrameworks/SidecarCore : 4
PrivateFrameworks/SidecarUI : 4
PrivateFrameworks/SiriAppResolution : 257
PrivateFrameworks/SiriAudioInternal : 1374
PrivateFrameworks/SiriAudioSupport : 1374
PrivateFrameworks/SiriKitFlow : 257
PrivateFrameworks/SiriOntology : 534
PrivateFrameworks/SiriOntologyProtobuf : 534
PrivateFrameworks/SkyLight : 4
PrivateFrameworks/StorageKit : 1380
PrivateFrameworks/SystemPolicy : 3
PrivateFrameworks/UIKitMacHelper : 4
PrivateFrameworks/WebContentAnalysis : 589
PrivateFrameworks/WebFilterDNS : 589
PrivateFrameworks/XARTRecovery : 456
PrivateFrameworks/XCTAutomationSupport : 745
PrivateFrameworks/XCTTargetBootstrap : 745
CoreServices/AddressBookUrlForwarder : 2421.22
CoreServices/Bluetooth Setup Assistant : 7.0.4f6
CoreServices/BluetoothUIServer : 7.0.4f6
CoreServices/OBEXAgent : 7.0.4f6
Frameworks/GameKit : 855
Frameworks/JavaScriptCore : 7
Frameworks/PassKit : 111
Frameworks/RealityKit : 91
Frameworks/SafariServices : 7
Frameworks/SwiftUI : 52
Frameworks/UIKit : 4
Frameworks/WebKit : 7
PrivateFrameworks/AppAnalytics : 275
PrivateFrameworks/FMNetworking : 124
PrivateFrameworks/NewsAnalytics : 87
PrivateFrameworks/NewsArticles : 87
PrivateFrameworks/NewsFeed : 87
PrivateFrameworks/NewsSubscription : 87
PrivateFrameworks/NewsUI2 : 87
PrivateFrameworks/PodcastsUI : 621
PrivateFrameworks/SPShared : 124
PrivateFrameworks/SafariSharedUI : 7
PrivateFrameworks/TeaActivities : 248
PrivateFrameworks/TeaCharts : 248
PrivateFrameworks/TeaDB : 248
PrivateFrameworks/TeaFoundation : 248
PrivateFrameworks/TeaSettings : 248
PrivateFrameworks/TeaTemplate : 248
PrivateFrameworks/TeaUI : 248
PrivateFrameworks/TeaUIKit : 248
PrivateFrameworks/UIKitCore : 4
PrivateFrameworks/UIKitMacHelper : 4
PrivateFrameworks/UIKitServices : 4
PrivateFrameworks/WebInspector : 7
PrivateFrameworks/WebKitLegacy : 7
