Applications/AltTab : 2.3.4
Applications/Discord : 0.0.256
Applications/Dozer : 8
Applications/Google Chrome : 3987.122
Applications/Gray : 1
Applications/HandBrake : 2020010400
Applications/Image2Icon : 844
Applications/Keka : 3432
Applications/Logi Options : 8.10.64
Applications/MacUpdater : 7677
Applications/SF Symbols : 16
Applications/Safari : 15609.1.20.111.3
Applications/Spotify : 1.1.26.501.gbe11e53b-22
Utilities/LogiMgr Uninstaller : 8.10.64
Applications/App Store : 1004.6.21
Applications/Books : 1923
Applications/Contacts : 2421.18
Applications/Home : 367.5.20
Applications/Mail : 3608.80.23
Applications/Maps : 2439.24.10.29.57
Applications/News : 2393.4
Applications/Notes : 1111.3
Applications/Photos : 141.19.110
Applications/Podcasts : 1430.46
Applications/Reminders : 2079
Applications/Stocks : 476.1
Utilities/Activity Monitor : 1076.1
Utilities/Bluetooth File Exchange : 7.0.4f3
Utilities/Boot Camp Assistant : 6170.100.22
Utilities/VoiceOver Utility : 708.11
Frameworks/AGL : 3580
Frameworks/AVFoundation : 13
Frameworks/AVKit : 119
Frameworks/Accelerate : 665
Frameworks/Accounts : 20
Frameworks/AdSupport : 1839
Frameworks/AppKit : 22
Frameworks/AppleScriptKit : 3300
Frameworks/AppleScriptObjC : 4757
Frameworks/ApplicationServices : 3482
Frameworks/AudioToolbox : 17
Frameworks/AudioVideoBridging : 435
Frameworks/AuthenticationServices : 4
Frameworks/AutomaticAssessmentConfiguration : 84
Frameworks/Automator : 729
Frameworks/BackgroundTasks : 60
Frameworks/BusinessChat : 290
Frameworks/CFNetwork : 73
Frameworks/CalendarStore : 901
Frameworks/CallKit : 25
Frameworks/Carbon : 4327
Frameworks/CloudKit : 124
Frameworks/Cocoa : 12078
Frameworks/Collaboration : 4017
Frameworks/ColorSync : 38
Frameworks/Combine : 514
Frameworks/CoreAudio : 92
Frameworks/CoreAudioKit : 258
Frameworks/CoreAudioTypes : 16
Frameworks/CoreBluetooth : 52
Frameworks/CoreData : 62
Frameworks/CoreDisplay : 10
Frameworks/CoreGraphics : 124
Frameworks/CoreHaptics : 185
Frameworks/CoreImage : 153
Frameworks/CoreLocation : 42
Frameworks/CoreMIDI : 665
Frameworks/CoreMIDIServer : 665
Frameworks/CoreML : 331
Frameworks/CoreMedia : 10
Frameworks/CoreMediaIO : 514
Frameworks/CoreMotion : 42
Frameworks/CoreServices : 52
Frameworks/CoreSpotlight : 10
Frameworks/CoreTelephony : 124
Frameworks/CoreText : 68
Frameworks/CoreVideo : 568
Frameworks/CoreWLAN : 38
Frameworks/CryptoKit : 776
Frameworks/CryptoTokenKit : 366
Frameworks/DVDPlayback : 483
Frameworks/DeviceCheck : 8670
Frameworks/DirectoryService : 581
Frameworks/DiscRecording : 377
Frameworks/DiscRecordingUI : 377
Frameworks/DiskArbitration : 670
Frameworks/DriverKit : 236
Frameworks/EventKit : 13
Frameworks/ExceptionHandling : 4965
Frameworks/ExecutionPolicy : 4
Frameworks/ExternalAccessory : 1267
Frameworks/FWAUserLib : 75
Frameworks/FileProvider : 27
Frameworks/FileProviderUI : 124
Frameworks/ForceFeedback : 3839
Frameworks/Foundation : 32
Frameworks/GLKit : 761
Frameworks/GLUT : 418
Frameworks/GSS : 559
Frameworks/GameController : 27
Frameworks/GameKit : 2200
Frameworks/GameplayKit : 4185
Frameworks/HIDDriverKit : 6
Frameworks/Hypervisor : 451
Frameworks/ICADevices : 3
Frameworks/IMServicePlugIn : 24
Frameworks/IOBluetoothUI : 10
Frameworks/IOKit : 26
Frameworks/IOSurface : 576
Frameworks/IOUSBHost : 7
Frameworks/IdentityLookup : 25
Frameworks/ImageCaptureCore : 3
Frameworks/ImageIO : 132
Frameworks/InputMethodKit : 554
Frameworks/InstallerPlugins : 634
Frameworks/InstantMessage : 11011
Frameworks/Intents : 26
Frameworks/JavaFrameEmbedding : 1702
Frameworks/JavaScriptCore : 4
Frameworks/JavaVM : 1772
Frameworks/Kerberos : 1068
Frameworks/Kernel : 3
Frameworks/LDAP : 346
Frameworks/LatentSemanticMapping : 3031
Frameworks/LinkPresentation : 233
Frameworks/LocalAuthentication : 53
Frameworks/MapKit : 40
Frameworks/MediaAccessibility : 283
Frameworks/MediaLibrary : 488
Frameworks/MediaToolbox : 11
Frameworks/Message : 12645
Frameworks/Metal : 17
Frameworks/MetalKit : 443
Frameworks/MetalPerformanceShaders : 89
Frameworks/MetricKit : 1319
Frameworks/ModelIO : 356
Frameworks/MultipeerConnectivity : 1817
Frameworks/NaturalLanguage : 3210
Frameworks/NetFS : 603
Frameworks/Network : 68
Frameworks/NetworkExtension : 44
Frameworks/NetworkingDriverKit : 121
Frameworks/NotificationCenter : 21
Frameworks/OSAKit : 5269
Frameworks/OSLog : 68
Frameworks/OpenAL : 996
Frameworks/OpenCL : 1147
Frameworks/OpenDirectory : 581
Frameworks/OpenGL : 3380
Frameworks/PCIDriverKit : 170
Frameworks/PCSC : 92
Frameworks/PDFKit : 1
Frameworks/PencilKit : 92
Frameworks/Photos : 18
Frameworks/PhotosUI : 16
Frameworks/PreferencePanes : 814
Frameworks/PushKit : 1989
Frameworks/Python : 139
Frameworks/QTKit : 1291
Frameworks/Quartz : 8859
Frameworks/QuartzCore : 38
Frameworks/QuickLook : 77
Frameworks/QuickLookThumbnailing : 131
Frameworks/Ruby : 1412
Frameworks/SafariServices : 4
Frameworks/SceneKit : 54
Frameworks/ScreenSaver : 710
Frameworks/ScriptingBridge : 2542
Frameworks/Security : 70
Frameworks/SecurityFoundation : 1285
Frameworks/SecurityInterface : 274
Frameworks/ServiceManagement : 189
Frameworks/Social : 113
Frameworks/SoundAnalysis : 2558
Frameworks/Speech : 663
Frameworks/SpriteKit : 76
Frameworks/StoreKit : 7
Frameworks/SyncServices : 9070
Frameworks/System : 190
Frameworks/SystemConfiguration : 8
Frameworks/SystemExtensions : 219
Frameworks/TWAIN : 1048
Frameworks/Tcl : 1750
Frameworks/Tk : 1750
Frameworks/USBDriverKit : 7
Frameworks/UserNotifications : 2977
Frameworks/VideoDecodeAcceleration : 5145
Frameworks/VideoSubscriberAccount : 21
Frameworks/VideoToolbox : 10
Frameworks/Vision : 29
Frameworks/WebKit : 4
Frameworks/vecLib : 665
Frameworks/vmnet : 181
PrivateFrameworks/AACCore : 38
PrivateFrameworks/ACDEClient : 8412
PrivateFrameworks/AMPDevices : 11
PrivateFrameworks/AOSAccounts : 708
PrivateFrameworks/AOSAccountsLite : 708
PrivateFrameworks/AOSKit : 625
PrivateFrameworks/AOSMigrate : 13568
PrivateFrameworks/AOSUI : 270
PrivateFrameworks/APFS : 21
PrivateFrameworks/APTransport : 22
PrivateFrameworks/AVConference : 82
PrivateFrameworks/AVFoundationCF : 367
PrivateFrameworks/AXHearingCoreSupport : 3959
PrivateFrameworks/AXHearingSupport : 3959
PrivateFrameworks/AXMediaUtilities : 213
PrivateFrameworks/AccessibilityBundles : 33
PrivateFrameworks/AccessibilityPerformance : 102
PrivateFrameworks/AccessibilityPlatformTranslation : 48
PrivateFrameworks/AccessibilitySharedSupport : 48
PrivateFrameworks/AccessibilitySupport : 102
PrivateFrameworks/AccessoryNowPlaying : 16
PrivateFrameworks/AccountPolicy : 2981
PrivateFrameworks/AccountsDaemon : 20
PrivateFrameworks/AccountsUI : 20
PrivateFrameworks/AdAnalytics : 303
PrivateFrameworks/AdCore : 331
PrivateFrameworks/AdID : 331
PrivateFrameworks/AdPlatforms : 331
PrivateFrameworks/AdPlatformsInternal : 331
PrivateFrameworks/Admin : 480
PrivateFrameworks/AggregateDictionary : 640
PrivateFrameworks/AggregateDictionaryHistory : 640
PrivateFrameworks/AirPlayReceiver : 50
PrivateFrameworks/AirPlaySender : 50
PrivateFrameworks/AirPlaySupport : 22
PrivateFrameworks/AirPlaySync : 11
PrivateFrameworks/AirTrafficHost : 692
PrivateFrameworks/AmbientDisplay : 250
PrivateFrameworks/AnnotationKit : 185
PrivateFrameworks/AppContainer : 34
PrivateFrameworks/AppSSO : 138
PrivateFrameworks/AppSSOCore : 138
PrivateFrameworks/AppSSOKerberos : 138
PrivateFrameworks/AppSSOUI : 138
PrivateFrameworks/AppSandbox : 34
PrivateFrameworks/AppServerSupport : 188
PrivateFrameworks/AppStoreKit : 167
PrivateFrameworks/AppStoreUI : 12
PrivateFrameworks/AppSupport : 5062
PrivateFrameworks/AppSupportUI : 6540
PrivateFrameworks/Apple80211 : 169
PrivateFrameworks/AppleAccount : 220
PrivateFrameworks/AppleAppSupport : 8859
PrivateFrameworks/AppleCVA : 275
PrivateFrameworks/AppleFSCompression : 2606
PrivateFrameworks/AppleGVA : 29
PrivateFrameworks/AppleGVACore : 29
PrivateFrameworks/AppleIDAuthSupport : 1348
PrivateFrameworks/AppleIDSSOAuthentication : 219
PrivateFrameworks/AppleJPEG : 1025
PrivateFrameworks/AppleLDAP : 6950
PrivateFrameworks/AppleMediaServices : 92
PrivateFrameworks/AppleMediaServicesUI : 51
PrivateFrameworks/ApplePushService : 277
PrivateFrameworks/AppleSRP : 10550
PrivateFrameworks/AppleSauce : 1377
PrivateFrameworks/AppleScript : 274
PrivateFrameworks/AppleShareClientCore : 2765
PrivateFrameworks/AppleSystemInfo : 983
PrivateFrameworks/AppleVA : 2439
PrivateFrameworks/AppleVPA : 250
PrivateFrameworks/AskPermission : 305
PrivateFrameworks/AssetCacheServices : 62
PrivateFrameworks/AssetCacheServicesExtensions : 62
PrivateFrameworks/AssetsLibraryServices : 18
PrivateFrameworks/AssistantServices : 34
PrivateFrameworks/AssistiveControlSupport : 39
PrivateFrameworks/AttributeGraph : 178
PrivateFrameworks/AudioDSPManager : 923
PrivateFrameworks/AudioHistory : 923
PrivateFrameworks/AudioPasscode : 2763
PrivateFrameworks/AudioResourceArbitration : 900
PrivateFrameworks/AudioServerApplication : 406
PrivateFrameworks/AudioServerDriver : 406
PrivateFrameworks/AudioSession : 934
PrivateFrameworks/AudioToolboxCore : 16
PrivateFrameworks/AudioTransportCommon : 3162
PrivateFrameworks/AuthKitUI : 30
PrivateFrameworks/AuthenticationServices : 4
PrivateFrameworks/AutoBugCaptureCore : 237
PrivateFrameworks/AutoLoop : 3989
PrivateFrameworks/BackgroundTaskManagement : 124
PrivateFrameworks/BaseBoard : 1074
PrivateFrameworks/BatteryUIKit : 4593
PrivateFrameworks/BehaviorMiner : 22
PrivateFrameworks/BezelServices : 958
PrivateFrameworks/BioKitAggD : 9514
PrivateFrameworks/BiometricKit : 462
PrivateFrameworks/BiometricKitUI : 164
PrivateFrameworks/BiometricSupport : 433
PrivateFrameworks/BluetoothManager : 52
PrivateFrameworks/BoardServices : 1074
PrivateFrameworks/Bom : 1047
PrivateFrameworks/BookCoverUtility : 134
PrivateFrameworks/BookKit : 134
PrivateFrameworks/BookKitFoundation : 134
PrivateFrameworks/BookUtility : 134
PrivateFrameworks/BridgeOSInstall : 1132
PrivateFrameworks/BridgeOSInstallReporting : 1132
PrivateFrameworks/BridgeOSObliteration : 2749
PrivateFrameworks/BridgeOSSoftwareUpdate : 424
PrivateFrameworks/BridgeXPC : 2672
PrivateFrameworks/BulkSymbolication : 42
PrivateFrameworks/ByteRangeLocking : 2734
PrivateFrameworks/C2 : 259
PrivateFrameworks/CPAnalytics : 18
PrivateFrameworks/CPMLBestShim : 7227
PrivateFrameworks/CSCSupport : 271
PrivateFrameworks/CacheDelete : 22
PrivateFrameworks/CalDAV : 479
PrivateFrameworks/Calculate : 960
PrivateFrameworks/CalendarAgentLink : 866
PrivateFrameworks/CalendarDraw : 948
PrivateFrameworks/CalendarFoundation : 13
PrivateFrameworks/CalendarNotification : 590
PrivateFrameworks/CalendarPersistence : 18
PrivateFrameworks/CalendarUI : 194
PrivateFrameworks/CalendarUIKit : 475
PrivateFrameworks/CallHistory : 25
PrivateFrameworks/CameraImagingFramework : 4984
PrivateFrameworks/CaptiveNetwork : 304
PrivateFrameworks/CardKit : 287
PrivateFrameworks/CardServices : 287
PrivateFrameworks/Cards : 287
PrivateFrameworks/Catalyst : 1451
PrivateFrameworks/Categories : 748
PrivateFrameworks/CharacterPicker : 666
PrivateFrameworks/ChunkingLibrary : 242
PrivateFrameworks/ClassroomKit : 847
PrivateFrameworks/ClockMenuExtraPreferences : 1319
PrivateFrameworks/CloudDocs : 34
PrivateFrameworks/CloudDocsDaemon : 19
PrivateFrameworks/CloudFamilyRestrictions : 1584
PrivateFrameworks/CloudFamilyRestrictionsDaemon : 1584
PrivateFrameworks/CloudKitCode : 223
PrivateFrameworks/CloudKitCodeProtobuf : 223
PrivateFrameworks/CloudKitDaemon : 100
PrivateFrameworks/CloudPhotoLibrary : 18
PrivateFrameworks/CloudPhotoServices : 18
PrivateFrameworks/CloudPhotoServicesConfiguration : 18
PrivateFrameworks/CloudServices : 168
PrivateFrameworks/Coherence : 8472
PrivateFrameworks/CombineCocoa : 514
PrivateFrameworks/CommerceKit : 12
PrivateFrameworks/CommonAuth : 559
PrivateFrameworks/CommonCandidateWindow : 11119
PrivateFrameworks/CommonUtilities : 7067
PrivateFrameworks/CommunicationsFilter : 1088
PrivateFrameworks/ConditionInducer : 4984
PrivateFrameworks/ConfigProfileHelper : 14
PrivateFrameworks/ConfigurationEngineModel : 95
PrivateFrameworks/ConfigurationProfiles : 14
PrivateFrameworks/ConfigurationProfilesUI : 13
PrivateFrameworks/ConsoleKit : 597
PrivateFrameworks/ConstantClasses : 2543
PrivateFrameworks/ContactsAgent : 1586
PrivateFrameworks/ContactsAssistantServices : 2252
PrivateFrameworks/ContactsAutocomplete : 976
PrivateFrameworks/ContactsAutocompleteUI : 309
PrivateFrameworks/ContactsDonation : 2488
PrivateFrameworks/ContactsDonationFeedback : 2488
PrivateFrameworks/ContactsFoundation : 142
PrivateFrameworks/ContactsPersistence : 6
PrivateFrameworks/ContactsUICore : 13
PrivateFrameworks/ContextKit : 1429
PrivateFrameworks/ConversationKit : 33
PrivateFrameworks/CoreADI : 2851
PrivateFrameworks/CoreAUC : 746
PrivateFrameworks/CoreAVCHD : 2999
PrivateFrameworks/CoreAccessories : 16
PrivateFrameworks/CoreAnalytics : 144
PrivateFrameworks/CoreAppleCVA : 963
PrivateFrameworks/CoreBrightness : 264
PrivateFrameworks/CoreCapture : 434
PrivateFrameworks/CoreCaptureControl : 434
PrivateFrameworks/CoreCaptureDaemon : 434
PrivateFrameworks/CoreChart : 27
PrivateFrameworks/CoreChineseEngine : 1740
PrivateFrameworks/CoreDAV : 212
PrivateFrameworks/CoreDaemon : 2093
PrivateFrameworks/CoreDuet : 45
PrivateFrameworks/CoreDuetContext : 45
PrivateFrameworks/CoreDuetDaemonProtocol : 45
PrivateFrameworks/CoreDuetDataModel : 45
PrivateFrameworks/CoreDuetDebugLogging : 45
PrivateFrameworks/CoreDuetStatistics : 45
PrivateFrameworks/CoreDuetSync : 45
PrivateFrameworks/CoreEmoji : 2645
PrivateFrameworks/CoreFP : 12
PrivateFrameworks/CoreFollowUp : 1536
PrivateFrameworks/CoreFollowUpUI : 1536
PrivateFrameworks/CoreHAP : 31
PrivateFrameworks/CoreHandwriting : 1165
PrivateFrameworks/CoreKE : 5
PrivateFrameworks/CoreKnowledge : 796
PrivateFrameworks/CoreLSKD : 42
PrivateFrameworks/CoreLSKDMSE : 123
PrivateFrameworks/CoreMLTestFramework : 276
PrivateFrameworks/CoreMaterial : 1043
PrivateFrameworks/CoreMediaStream : 18
PrivateFrameworks/CoreNLP : 2030
PrivateFrameworks/CoreNameParser : 5086
PrivateFrameworks/CoreNavigation : 300
PrivateFrameworks/CoreOptimization : 7227
PrivateFrameworks/CorePDF : 512
PrivateFrameworks/CoreParsec : 236
PrivateFrameworks/CorePhoneNumbers : 24
PrivateFrameworks/CorePrediction : 7227
PrivateFrameworks/CoreRE : 27
PrivateFrameworks/CoreRecents : 3681
PrivateFrameworks/CoreRecognition : 259
PrivateFrameworks/CoreRoutine : 19
PrivateFrameworks/CoreSDB : 4144
PrivateFrameworks/CoreSVG : 3600
PrivateFrameworks/CoreServicesInternal : 173
PrivateFrameworks/CoreServicesStore : 36
PrivateFrameworks/CoreSpeech : 108
PrivateFrameworks/CoreSpotlightImportDaemon : 10
PrivateFrameworks/CoreSymbolication : 765
PrivateFrameworks/CoreThemeDefinition : 461
PrivateFrameworks/CoreTime : 221
PrivateFrameworks/CoreUI : 540
PrivateFrameworks/CoreUtils : 21
PrivateFrameworks/CoreUtilsSwift : 4052
PrivateFrameworks/CoreUtilsUI : 13
PrivateFrameworks/CoreWLANKit : 43
PrivateFrameworks/CoreWiFi : 496
PrivateFrameworks/CrashReporterSupport : 67
PrivateFrameworks/CreateML : 319
PrivateFrameworks/CryptoKitCBridging : 776
PrivateFrameworks/CryptoKitPrivate : 776
PrivateFrameworks/DAAPKit : 29
PrivateFrameworks/DASDaemon : 60
PrivateFrameworks/DCERPC : 2513
PrivateFrameworks/DCIMServices : 18
PrivateFrameworks/DFRBrightness : 264
PrivateFrameworks/DFRDisplay : 2523
PrivateFrameworks/DFRFoundation : 749
PrivateFrameworks/DSExternalDisplay : 491
PrivateFrameworks/DTXConnectionServices : 978
PrivateFrameworks/DVD : 14447
PrivateFrameworks/DataDeliveryServices : 216
PrivateFrameworks/DataDetectors : 37
PrivateFrameworks/DataDetectorsCore : 5542
PrivateFrameworks/DataDetectorsNaturalLanguage : 2123
PrivateFrameworks/DebugSymbols : 3657
PrivateFrameworks/DesktopServicesPriv : 41
PrivateFrameworks/DeviceCheckInternal : 8670
PrivateFrameworks/DeviceIdentity : 41
PrivateFrameworks/DeviceLink : 692
PrivateFrameworks/DeviceManagement : 95
PrivateFrameworks/DeviceToDeviceManager : 9431
PrivateFrameworks/DiagnosticExtensions : 3434
PrivateFrameworks/DiagnosticLogCollection : 196
PrivateFrameworks/DialogEngine : 23
PrivateFrameworks/DifferentialPrivacy : 202
PrivateFrameworks/DigitalTouchShared : 4325
PrivateFrameworks/DirectoryEditor : 973
PrivateFrameworks/DirectoryServer : 11039
PrivateFrameworks/DiskImages : 1148
PrivateFrameworks/DiskManagement : 261
PrivateFrameworks/DisplayServices : 517
PrivateFrameworks/DisplayTransportServices : 1819
PrivateFrameworks/DistributedEvaluation : 556
PrivateFrameworks/DrawingKit : 185
PrivateFrameworks/DuetActivityScheduler : 60
PrivateFrameworks/DuetRecommendation : 45
PrivateFrameworks/DynamicDesktop : 90
PrivateFrameworks/EAFirmwareUpdater : 84
PrivateFrameworks/EAP8021X : 1807
PrivateFrameworks/EFILogin : 1122
PrivateFrameworks/EasyConfig : 21
PrivateFrameworks/Email : 11
PrivateFrameworks/EmailAddressing : 11
PrivateFrameworks/EmailCore : 11
PrivateFrameworks/EmailDaemon : 11
PrivateFrameworks/EmailFoundation : 11
PrivateFrameworks/EmbeddedAcousticRecognition : 40
PrivateFrameworks/EmbeddedOSInstall : 2648
PrivateFrameworks/EmbeddedOSSupportHost : 307
PrivateFrameworks/EmbeddedSensingProtocols : 7508
PrivateFrameworks/EmojiFoundation : 236
PrivateFrameworks/Engram : 196
PrivateFrameworks/Espresso : 5999
PrivateFrameworks/ExchangeSync : 96
PrivateFrameworks/ExchangeWebServices : 43
PrivateFrameworks/ExpansionSlotSupport : 129
PrivateFrameworks/FMClient : 3724
PrivateFrameworks/FMCore : 1276
PrivateFrameworks/FMCoreLite : 1259
PrivateFrameworks/FMCoreUI : 1932
PrivateFrameworks/FMF : 1552
PrivateFrameworks/FMFCore : 74
PrivateFrameworks/FMFUI : 1552
PrivateFrameworks/FMIPCore : 74
PrivateFrameworks/FMNetworking : 176
PrivateFrameworks/FTAWD : 196
PrivateFrameworks/FWAVC : 514
PrivateFrameworks/FaceCore : 2738
PrivateFrameworks/FamilyCircle : 542
PrivateFrameworks/FamilyCircleUI : 542
PrivateFrameworks/FamilyControls : 152
PrivateFrameworks/FamilyNotification : 542
PrivateFrameworks/FeatureFlagsSupport : 5368
PrivateFrameworks/FileProvider : 27
PrivateFrameworks/FileProviderDaemon : 27
PrivateFrameworks/FilesActionsUI : 124
PrivateFrameworks/FindMyDevice : 9
PrivateFrameworks/FindMyDeviceUI : 115
PrivateFrameworks/FindMyMac : 928
PrivateFrameworks/FlightUtilities : 1373
PrivateFrameworks/FlowFrameKit : 63
PrivateFrameworks/FolderActionsKit : 1798
PrivateFrameworks/FontServices : 3617
PrivateFrameworks/FoundInAppsPlugins : 28
PrivateFrameworks/FrontBoardServices : 206
PrivateFrameworks/Futhark : 2005
PrivateFrameworks/GPURawCounter : 1251
PrivateFrameworks/GPUSupport : 3380
PrivateFrameworks/GPUWrangler : 9
PrivateFrameworks/GameCenterFoundation : 2200
PrivateFrameworks/GameCenterUI : 2200
PrivateFrameworks/GameCenterUICore : 2200
PrivateFrameworks/GameKitServices : 82
PrivateFrameworks/GenerationalStorage : 1668
PrivateFrameworks/GeoKit : 1039
PrivateFrameworks/GeoServices : 25
PrivateFrameworks/Geode : 16
PrivateFrameworks/GraphKit : 12904
PrivateFrameworks/GraphVisualizer : 4039
PrivateFrameworks/GraphicsServices : 5054
PrivateFrameworks/HDAInterface : 615
PrivateFrameworks/HDRProcessing : 21
PrivateFrameworks/HID : 6
PrivateFrameworks/HIDAnalytics : 6
PrivateFrameworks/HIDDisplay : 6
PrivateFrameworks/HMFoundation : 205
PrivateFrameworks/HTTPServer : 1633
PrivateFrameworks/HearingCore : 50
PrivateFrameworks/HearingUtilities : 50
PrivateFrameworks/HeimODAdmin : 165
PrivateFrameworks/Heimdal : 559
PrivateFrameworks/Helium : 1080
PrivateFrameworks/HelloWorldMacHelper : 9
PrivateFrameworks/HelpData : 1339
PrivateFrameworks/HomeAI : 111
PrivateFrameworks/HomeKit : 31
PrivateFrameworks/HomeKitBackingStore : 31
PrivateFrameworks/HomeKitDaemon : 31
PrivateFrameworks/IAP : 332
PrivateFrameworks/IDSHashPersistence : 67
PrivateFrameworks/IDSKVStore : 67
PrivateFrameworks/IMAP : 10
PrivateFrameworks/IMAVCore : 10001
PrivateFrameworks/IMAssistantCore : 24
PrivateFrameworks/IMCore : 24
PrivateFrameworks/IMDMessageServices : 24
PrivateFrameworks/IMDPersistence : 24
PrivateFrameworks/IMDaemonCore : 24
PrivateFrameworks/IMFoundation : 196
PrivateFrameworks/IMSharedUI : 412
PrivateFrameworks/IMSharedUtilities : 24
PrivateFrameworks/IMTranscoderAgent : 24
PrivateFrameworks/IMTranscoding : 24
PrivateFrameworks/IMTransferAgent : 24
PrivateFrameworks/IMTransferServices : 196
PrivateFrameworks/IOAccelMemoryInfo : 12
PrivateFrameworks/IOAccelerator : 12
PrivateFrameworks/IOImageLoader : 772
PrivateFrameworks/IOKitten : 3162
PrivateFrameworks/IOPlatformPluginFamily : 21
PrivateFrameworks/IOPresentment : 3
PrivateFrameworks/ISSupport : 10905
PrivateFrameworks/IconServices : 293
PrivateFrameworks/IdleTimerServices : 7922
PrivateFrameworks/IncomingCallFilter : 1088
PrivateFrameworks/InertiaCam : 292
PrivateFrameworks/InputContext : 7594
PrivateFrameworks/InputTranscoder : 1529
PrivateFrameworks/Install : 274
PrivateFrameworks/InstallerDiagnostics : 1455
PrivateFrameworks/Intents : 26
PrivateFrameworks/IntentsCore : 26
PrivateFrameworks/IntentsFoundation : 26
PrivateFrameworks/IntentsServices : 26
PrivateFrameworks/InternationalSupport : 448
PrivateFrameworks/InternationalTextSearch : 3633
PrivateFrameworks/InternetAccounts : 1248
PrivateFrameworks/IntlPreferences : 770
PrivateFrameworks/JavaApplicationLauncher : 1702
PrivateFrameworks/JavaLaunching : 1597
PrivateFrameworks/JavaScriptAppleEvents : 25
PrivateFrameworks/JavaScriptOSA : 2820
PrivateFrameworks/Jet : 3371
PrivateFrameworks/JetEngine : 604
PrivateFrameworks/JetUI : 602
PrivateFrameworks/KerberosHelper : 2962
PrivateFrameworks/KeyboardServices : 141
PrivateFrameworks/KeychainCircle : 70
PrivateFrameworks/KnowledgeGraphKit : 20
PrivateFrameworks/KnowledgeMonitor : 27
PrivateFrameworks/LanguageModeling : 1316
PrivateFrameworks/Lexicon : 5131
PrivateFrameworks/LibraryRepair : 1446
PrivateFrameworks/LimitAdTracking : 331
PrivateFrameworks/LinguisticData : 33
PrivateFrameworks/LinkPresentation : 233
PrivateFrameworks/LocalAuthenticationRecoveryUI : 53
PrivateFrameworks/LocalAuthenticationUI : 53
PrivateFrameworks/LocationSupport : 42
PrivateFrameworks/LockoutUI : 3037
PrivateFrameworks/LoggingSupport : 68
PrivateFrameworks/LoginUIKit : 170
PrivateFrameworks/Lookup : 1002
PrivateFrameworks/MDSChannel : 2739
PrivateFrameworks/MFAAuthentication : 16
PrivateFrameworks/MFiAuthentication : 332
PrivateFrameworks/MLFoundation : 517
PrivateFrameworks/MMCS : 259
PrivateFrameworks/MMCSServices : 24
PrivateFrameworks/MTLCompiler : 17
PrivateFrameworks/MTLSimImplementation : 17
PrivateFrameworks/MachineSettings : 5395
PrivateFrameworks/Mail : 10
PrivateFrameworks/MailCore : 10
PrivateFrameworks/MailService : 10
PrivateFrameworks/MailSupport : 11
PrivateFrameworks/MailUI : 10
PrivateFrameworks/MailWebProcessSupport : 11
PrivateFrameworks/MallocStackLogging : 1035
PrivateFrameworks/ManagedClient : 14
PrivateFrameworks/Mangrove : 1027
PrivateFrameworks/MapsSuggestions : 47
PrivateFrameworks/MapsSupport : 47
PrivateFrameworks/Marco : 196
PrivateFrameworks/MarkupUI : 185
PrivateFrameworks/MediaControlSender : 22
PrivateFrameworks/MediaConversionService : 18
PrivateFrameworks/MediaExperience : 10
PrivateFrameworks/MediaKit : 5058
PrivateFrameworks/MediaMiningKit : 20
PrivateFrameworks/MediaRemote : 29
PrivateFrameworks/MediaServices : 29
PrivateFrameworks/MediaStream : 18
PrivateFrameworks/Memories : 24
PrivateFrameworks/MessageProtection : 692
PrivateFrameworks/MessageSecurity : 557
PrivateFrameworks/MessageUIMacHelper : 26
PrivateFrameworks/MetalTools : 17
PrivateFrameworks/MetricKitCore : 1319
PrivateFrameworks/MetricKitServices : 1319
PrivateFrameworks/MetricKitSource : 1319
PrivateFrameworks/MetricMeasurement : 1319
PrivateFrameworks/MiniSoftwareUpdate : 2033
PrivateFrameworks/MobileAccessoryUpdater : 84
PrivateFrameworks/MobileActivationMacOS : 41
PrivateFrameworks/MobileAsset : 370
PrivateFrameworks/MobileAssetUpdater : 84
PrivateFrameworks/MobileBluetooth : 52
PrivateFrameworks/MobileDevice : 692
PrivateFrameworks/MobileIcons : 293
PrivateFrameworks/MobileKeyBag : 619
PrivateFrameworks/Mondrian : 16
PrivateFrameworks/MonitorPanel : 23
PrivateFrameworks/Montreal : 753
PrivateFrameworks/MultitouchSupport : 626
PrivateFrameworks/MultiverseSupport : 1200
PrivateFrameworks/NLP : 4334
PrivateFrameworks/Navigation : 53
PrivateFrameworks/NearField : 36
PrivateFrameworks/NetAppsUtilities : 5759
PrivateFrameworks/NetAuth : 262
PrivateFrameworks/NetFSServer : 608
PrivateFrameworks/Netrb : 469
PrivateFrameworks/Network : 68
PrivateFrameworks/NetworkServiceProxy : 3566
PrivateFrameworks/NetworkStatistics : 5355
PrivateFrameworks/NeutrinoCore : 18
PrivateFrameworks/NeutrinoKit : 18
PrivateFrameworks/Notes : 36
PrivateFrameworks/NotesShared : 36
PrivateFrameworks/NotesUI : 36
PrivateFrameworks/Noticeboard : 2514
PrivateFrameworks/NotificationCenterUI : 21
PrivateFrameworks/OAuth : 19182
PrivateFrameworks/OSAServicesClient : 23
PrivateFrameworks/OSASubmissionClient : 23
PrivateFrameworks/OSASyncProxyClient : 23
PrivateFrameworks/OSAnalytics : 23
PrivateFrameworks/OSAnalyticsPrivate : 23
PrivateFrameworks/OSD : 2541
PrivateFrameworks/OSInstaller : 288
PrivateFrameworks/OSPersonalization : 1616
PrivateFrameworks/OSUpdate : 284
PrivateFrameworks/OTSVG : 68
PrivateFrameworks/OfficeImport : 2040
PrivateFrameworks/OnBoardingKit : 24
PrivateFrameworks/OpenDirectoryConfig : 13846
PrivateFrameworks/OpenDirectoryConfigUI : 1939
PrivateFrameworks/Osprey : 43
PrivateFrameworks/PAImaging : 16
PrivateFrameworks/PAImagingCore : 16
PrivateFrameworks/PASampling : 42
PrivateFrameworks/PDFKit : 1
PrivateFrameworks/PIP : 1104
PrivateFrameworks/PSNormalizer : 1026
PrivateFrameworks/PackageKit : 246
PrivateFrameworks/PacketFilter : 1080
PrivateFrameworks/ParsecModel : 236
PrivateFrameworks/ParsecSubscriptionServiceSupport : 236
PrivateFrameworks/PassKit : 109
PrivateFrameworks/PassKitCore : 112
PrivateFrameworks/PassKitUIFoundation : 39
PrivateFrameworks/PasswordServer : 8050
PrivateFrameworks/PencilKit : 92
PrivateFrameworks/PeopleSuggester : 45
PrivateFrameworks/PerformanceAnalysis : 42
PrivateFrameworks/PersistentConnection : 744
PrivateFrameworks/PersonaKit : 776
PrivateFrameworks/PersonaUI : 776
PrivateFrameworks/PersonalizationPortrait : 28
PrivateFrameworks/PersonalizationPortraitInternals : 28
PrivateFrameworks/PhoneNumbers : 24
PrivateFrameworks/PhotoAnalysis : 20
PrivateFrameworks/PhotoFoundation : 18
PrivateFrameworks/PhotoImaging : 18
PrivateFrameworks/PhotoLibrary : 16
PrivateFrameworks/PhotoLibraryServices : 18
PrivateFrameworks/PhotoPrintProduct : 1313
PrivateFrameworks/PhotoVision : 18
PrivateFrameworks/PhotosFormats : 18
PrivateFrameworks/PhotosGraph : 20
PrivateFrameworks/PhotosImagingFoundation : 18
PrivateFrameworks/PhotosPlayer : 18
PrivateFrameworks/PhotosUICore : 16
PrivateFrameworks/PhysicsKit : 3745
PrivateFrameworks/PipelineKit : 20
PrivateFrameworks/PlacesKit : 16
PrivateFrameworks/PlugInKit : 1070
PrivateFrameworks/PodcastServices : 15
PrivateFrameworks/PodcastsFoundation : 126
PrivateFrameworks/PowerLog : 32
PrivateFrameworks/PowerlogControl : 32
PrivateFrameworks/PowerlogCore : 32
PrivateFrameworks/PowerlogDatabaseReader : 32
PrivateFrameworks/PowerlogLiteOperators : 34
PrivateFrameworks/PreferencePanesSupport : 1005
PrivateFrameworks/PrintKit : 3570
PrivateFrameworks/PrintingPrivate : 773
PrivateFrameworks/PrivateFederatedLearning : 415
PrivateFrameworks/ProVideo : 1279
PrivateFrameworks/ProactiveEventTracker : 42
PrivateFrameworks/ProactiveSupport : 42
PrivateFrameworks/ProactiveSupportStubs : 42
PrivateFrameworks/ProofReader : 822
PrivateFrameworks/ProtectedCloudStorage : 38
PrivateFrameworks/ProtocolBuffer : 227
PrivateFrameworks/PrototypeTools : 572
PrivateFrameworks/QLCharts : 2040
PrivateFrameworks/Quagga : 1352
PrivateFrameworks/QuickLookIosmac : 77
PrivateFrameworks/QuickLookNonBaseSystem : 77
PrivateFrameworks/QuickLookSupport : 131
PrivateFrameworks/QuickLookThumbnailing : 131
PrivateFrameworks/QuickLookUIIosmac : 77
PrivateFrameworks/RTCReporting : 316
PrivateFrameworks/RTTUI : 50
PrivateFrameworks/RTTUtilities : 50
PrivateFrameworks/Rapport : 198
PrivateFrameworks/RapportUI : 203
PrivateFrameworks/ReminderMigration : 519
PrivateFrameworks/RemoteConfiguration : 4491
PrivateFrameworks/RemoteCoreML : 7186
PrivateFrameworks/RemoteManagement : 5
PrivateFrameworks/RemoteServiceDiscovery : 189
PrivateFrameworks/RemoteTextInput : 4235
PrivateFrameworks/RemoteViewServices : 804
PrivateFrameworks/RemoteXPC : 189
PrivateFrameworks/RenderBox : 977
PrivateFrameworks/ReplayKitMacHelper : 213
PrivateFrameworks/ResponseKit : 204
PrivateFrameworks/Restore : 2083
PrivateFrameworks/Reveal : 997
PrivateFrameworks/RevealCore : 997
PrivateFrameworks/RunningBoard : 33
PrivateFrameworks/SAObjects : 32
PrivateFrameworks/SCEP : 1849
PrivateFrameworks/SDAPI : 5642
PrivateFrameworks/SMBClient : 11
PrivateFrameworks/SMBClientEngine : 662
PrivateFrameworks/SPFinder : 61
PrivateFrameworks/SPOwner : 61
PrivateFrameworks/SPShared : 176
PrivateFrameworks/SPSupport : 1458
PrivateFrameworks/Safari : 4
PrivateFrameworks/SafariCore : 4
PrivateFrameworks/SafariFoundation : 4
PrivateFrameworks/SafariPlatformSupport : 4
PrivateFrameworks/SafariSafeBrowsing : 4
PrivateFrameworks/SafariShared : 4
PrivateFrameworks/SafariSharedUI : 4
PrivateFrameworks/SafeEjectGPU : 410
PrivateFrameworks/SampleAnalysis : 42
PrivateFrameworks/ScreenReader : 72
PrivateFrameworks/ScreenReaderCore : 72
PrivateFrameworks/ScreenSharing : 17
PrivateFrameworks/ScreenTimeCore : 43
PrivateFrameworks/ScreenTimeServiceUI : 45
PrivateFrameworks/ScreenTimeSettingsUI : 45
PrivateFrameworks/ScreenTimeUI : 45
PrivateFrameworks/SearchAds : 331
PrivateFrameworks/SearchFoundation : 236
PrivateFrameworks/SearchUI : 66
PrivateFrameworks/SearchUICardKitProviderSupport : 204
PrivateFrameworks/SecCodeWrapper : 34
PrivateFrameworks/SecureChannel : 357
PrivateFrameworks/SecurityTokend : 3942
PrivateFrameworks/Seeding : 1181
PrivateFrameworks/SemanticDocumentManagement : 2675
PrivateFrameworks/SensingProtocols : 7508
PrivateFrameworks/SensorKit : 81
PrivateFrameworks/Sentry : 1776
PrivateFrameworks/ServerCompatibility : 3067
PrivateFrameworks/ServerInformation : 1218
PrivateFrameworks/SetupAssistantSupport : 1970
PrivateFrameworks/ShareKit : 150
PrivateFrameworks/SharePointManagement : 151
PrivateFrameworks/ShareServicesCore : 16
PrivateFrameworks/ShareSheet : 80
PrivateFrameworks/SharedWebCredentials : 353
PrivateFrameworks/Sharing : 183
PrivateFrameworks/SharingXPCServices : 189
PrivateFrameworks/ShazamKit : 592
PrivateFrameworks/Shortcut : 1151
PrivateFrameworks/SidecarCore : 3
PrivateFrameworks/SidecarUI : 3
PrivateFrameworks/SignpostCollection : 250
PrivateFrameworks/SignpostMetrics : 250
PrivateFrameworks/SignpostNotification : 74
PrivateFrameworks/SignpostSupport : 250
PrivateFrameworks/SiriAppResolution : 63
PrivateFrameworks/SiriAudioInternal : 1078
PrivateFrameworks/SiriAudioSupport : 1078
PrivateFrameworks/SiriClientFlow : 519
PrivateFrameworks/SiriFoundation : 180
PrivateFrameworks/SiriInstrumentation : 550
PrivateFrameworks/SiriKitFlow : 63
PrivateFrameworks/SiriOntology : 286
PrivateFrameworks/SiriOntologyProtobuf : 286
PrivateFrameworks/SiriTTS : 9
PrivateFrameworks/SiriTasks : 34
PrivateFrameworks/SiriUI : 195
PrivateFrameworks/SkyLight : 80
PrivateFrameworks/Slideshows : 1362
PrivateFrameworks/SocialServices : 107
PrivateFrameworks/SoftwareUpdate : 284
PrivateFrameworks/SpeechDictionary : 2589
PrivateFrameworks/SpeechObjects : 555
PrivateFrameworks/SpeechRecognitionCommandServices : 1873
PrivateFrameworks/SpeechRecognitionCore : 1412
PrivateFrameworks/SpotlightDaemon : 10
PrivateFrameworks/SpotlightReceiver : 10
PrivateFrameworks/StatsKit : 8358
PrivateFrameworks/StorageKit : 1318
PrivateFrameworks/StorageManagement : 771
PrivateFrameworks/StoreFoundation : 12
PrivateFrameworks/StoreJavaScript : 12
PrivateFrameworks/StoreServices : 953
PrivateFrameworks/StoreUI : 12
PrivateFrameworks/StreamingZip : 2109
PrivateFrameworks/Suggestions : 1020
PrivateFrameworks/Symbolication : 1035
PrivateFrameworks/SymptomDiagnosticReporter : 207
PrivateFrameworks/SymptomReporter : 237
PrivateFrameworks/Symptoms : 237
PrivateFrameworks/SyncServicesUI : 9070
PrivateFrameworks/SyncedDefaults : 220
PrivateFrameworks/SystemAdministration : 480
PrivateFrameworks/SystemAdministrationInterface : 659
PrivateFrameworks/SystemDesktopAppearance : 578
PrivateFrameworks/SystemPolicy : 4
PrivateFrameworks/SystemUIPlugin : 5434
PrivateFrameworks/TCC : 110
PrivateFrameworks/TTYUtilities : 3959
PrivateFrameworks/TVRemoteCore : 146
PrivateFrameworks/TelephonyUtilities : 24
PrivateFrameworks/TemplateKit : 66
PrivateFrameworks/TextInput : 58
PrivateFrameworks/TextInputCore : 58
PrivateFrameworks/TextInputMenuUI : 13
PrivateFrameworks/TextRecognition : 253
PrivateFrameworks/TextToSpeech : 24
PrivateFrameworks/TextureIO : 6048
PrivateFrameworks/TimeMachine : 574
PrivateFrameworks/TimeSync : 484
PrivateFrameworks/ToneKit : 166
PrivateFrameworks/ToneLibrary : 166
PrivateFrameworks/Tourist : 836
PrivateFrameworks/Transparency : 29
PrivateFrameworks/TransparencyDetailsViewMac : 331
PrivateFrameworks/TrustEvaluationAgent : 3049
PrivateFrameworks/TrustedPeers : 70
PrivateFrameworks/TuriCore : 39
PrivateFrameworks/UAUPlugin : 779
PrivateFrameworks/UIFoundation : 1950
PrivateFrameworks/UIKitSystemAppServices : 9
PrivateFrameworks/UIRecording : 1084
PrivateFrameworks/URLFormatting : 190
PrivateFrameworks/USDKit : 31
PrivateFrameworks/UXKit : 18
PrivateFrameworks/Uninstall : 4090
PrivateFrameworks/UsageTracking : 254
PrivateFrameworks/UserActivity : 204
PrivateFrameworks/UserManagement : 24
PrivateFrameworks/VCXMPP : 11561
PrivateFrameworks/VectorKit : 13
PrivateFrameworks/VideoConference : 1580
PrivateFrameworks/VideoProcessing : 1018
PrivateFrameworks/ViewBridge : 196
PrivateFrameworks/VisionKit : 1455
PrivateFrameworks/VisualPairing : 4146
PrivateFrameworks/VisualTestKit : 1301
PrivateFrameworks/VoiceTrigger : 2323
PrivateFrameworks/WPDaemon : 118
PrivateFrameworks/WatchdogClient : 9
PrivateFrameworks/WeatherFoundation : 38
PrivateFrameworks/WeatherKit : 13
PrivateFrameworks/WebContentAnalysis : 316
PrivateFrameworks/WebDriver : 4
PrivateFrameworks/WebFilterDNS : 316
PrivateFrameworks/WebInspector : 4
PrivateFrameworks/WebInspectorUI : 4
PrivateFrameworks/WiFiCloudSyncEngine : 309
PrivateFrameworks/WiFiPeerToPeer : 2123
PrivateFrameworks/WiFiPolicy : 638
PrivateFrameworks/WiFiVelocity : 70
PrivateFrameworks/WirelessCoexManager : 178
PrivateFrameworks/WirelessDiagnostics : 8311
PrivateFrameworks/WirelessProximity : 118
PrivateFrameworks/XARTRecovery : 208
PrivateFrameworks/XCTAutomationSupport : 216
PrivateFrameworks/XCTTargetBootstrap : 216
PrivateFrameworks/XPCService : 9631
PrivateFrameworks/XQuery : 4595
PrivateFrameworks/XprotectFramework : 207
PrivateFrameworks/acfs : 2031
PrivateFrameworks/caulk : 2353
PrivateFrameworks/iAdCore : 303
PrivateFrameworks/iAdServices : 303
PrivateFrameworks/iCalendar : 80
PrivateFrameworks/iLifeMediaBrowser : 488
PrivateFrameworks/iPod : 5410
PrivateFrameworks/iPodSync : 1802
PrivateFrameworks/iPodUpdater : 1686
PrivateFrameworks/iWorkXPC : 3085
PrivateFrameworks/kperf : 1749
PrivateFrameworks/kperfdata : 1749
PrivateFrameworks/ktrace : 688
PrivateFrameworks/login : 1460
PrivateFrameworks/nt : 190
PrivateFrameworks/oncrpc : 2044
PrivateFrameworks/perfdata : 933
PrivateFrameworks/vCard : 6
PrivateFrameworks/yara : 148
CoreServices/AddressBookUrlForwarder : 2421.18
CoreServices/AirPlayUIAgent : 420.45
CoreServices/Bluetooth Setup Assistant : 7.0.4f3
CoreServices/BluetoothUIServer : 7.0.4f3
CoreServices/CoreLocationAgent : 2394.0.22
CoreServices/Dock : 2044.40.4
CoreServices/Dwell Control : 288.2
CoreServices/Finder : 1298.4.18
CoreServices/Installer Progress : 550.2.1
CoreServices/Keychain Circle Notification : 59306.100.80
CoreServices/ManagedClient : 1284
CoreServices/NotificationCenter : 845.40.2
CoreServices/OBEXAgent : 7.0.4f3
CoreServices/Paired Devices : 195.2
CoreServices/Problem Reporter : 15016
CoreServices/RapportUIAgent : 195.2
CoreServices/Setup Assistant : 2605
CoreServices/Spotlight : 2076.3
CoreServices/UIKitSystem : 182.1
CoreServices/UniversalAccessControl : 487.11
CoreServices/VoiceOver : 708.11
CoreServices/loginwindow : 1986.4.2
Applications/Screen Sharing : 499.62
Frameworks/AVKit : 181
Frameworks/BusinessChat : 215
Frameworks/ContactsUI : 13
Frameworks/CoreAudioKit : 228
Frameworks/CoreNFC : 9
Frameworks/EventKitUI : 459
Frameworks/GameController : 25
Frameworks/GameKit : 721
Frameworks/GameplayKit : 1265
Frameworks/HealthKit : 62
Frameworks/HealthKitUI : 62
Frameworks/IdentityLookupUI : 11
Frameworks/LinkPresentation : 161
Frameworks/MapKit : 66
Frameworks/MessageUI : 26
Frameworks/MetalKit : 488
Frameworks/MobileCoreServices : 54
Frameworks/MultipeerConnectivity : 807
Frameworks/PDFKit : 1
Frameworks/PencilKit : 79
Frameworks/PhotosUI : 26
Frameworks/QuickLook : 21
Frameworks/ReplayKit : 213
Frameworks/SceneKit : 32
Frameworks/Social : 125
Frameworks/SpriteKit : 78
Frameworks/StoreKit : 7
Frameworks/VisionKit : 1419
Frameworks/WatchConnectivity : 987
Frameworks/iAd : 303
PrivateFrameworks/AVKitMacHelper : 181
PrivateFrameworks/ActionKit : 17
PrivateFrameworks/ActionKitUI : 18
PrivateFrameworks/ActivityRingsUI : 1414
PrivateFrameworks/AddressBookLegacy : 753
PrivateFrameworks/AnnotationKit : 82
PrivateFrameworks/AppAnalytics : 174
PrivateFrameworks/AppSupportUI : 1772
PrivateFrameworks/AppleMediaServicesUI : 13
PrivateFrameworks/AuthKitUI : 19
PrivateFrameworks/AuthKitUIMacHelper : 19
PrivateFrameworks/BaseBoardUI : 1015
PrivateFrameworks/CalendarUIKit : 534
PrivateFrameworks/ClassroomKit : 507
PrivateFrameworks/ContactsAutocompleteUI : 456
PrivateFrameworks/ContentKit : 17
PrivateFrameworks/CorePDF : 589
PrivateFrameworks/CoreRecognition : 141
PrivateFrameworks/CoreSuggestionsUI : 19
PrivateFrameworks/DataDetectorsUI : 102
PrivateFrameworks/DocumentManager : 28
PrivateFrameworks/DocumentManagerCore : 28
PrivateFrameworks/EmojiKit : 881
PrivateFrameworks/FMCoreUI : 1035
PrivateFrameworks/FMNetworking : 43
PrivateFrameworks/FrontBoard : 227
PrivateFrameworks/GameCenterUI : 433
PrivateFrameworks/Home : 68
PrivateFrameworks/HomeKit : 13
PrivateFrameworks/HomeUI : 68
PrivateFrameworks/IMAssistantCore : 10
PrivateFrameworks/IMCore : 10
PrivateFrameworks/IMDPersistence : 10
PrivateFrameworks/IMSharedUtilities : 10
PrivateFrameworks/IMTranscoding : 10
PrivateFrameworks/IntlPreferences : 290
PrivateFrameworks/Jet : 1050
PrivateFrameworks/ManagedConfiguration : 156
PrivateFrameworks/MarkupUI : 82
PrivateFrameworks/MobileTimer : 707
PrivateFrameworks/MobileTimerUI : 707
PrivateFrameworks/NanoRegistry : 1044
PrivateFrameworks/NetAppsUtilitiesUI : 5759
PrivateFrameworks/NewsAnalytics : 152
PrivateFrameworks/NewsAnalyticsUpload : 86
PrivateFrameworks/NewsArticles : 152
PrivateFrameworks/NewsCore : 86
PrivateFrameworks/NewsDaemon : 86
PrivateFrameworks/NewsFeed : 152
PrivateFrameworks/NewsFeedLayout : 86
PrivateFrameworks/NewsFoundation : 86
PrivateFrameworks/NewsServicesInternal : 86
PrivateFrameworks/NewsSubscription : 152
PrivateFrameworks/NewsTransport : 86
PrivateFrameworks/NewsUI : 86
PrivateFrameworks/NewsUI2 : 152
PrivateFrameworks/OnBoardingKit : 14
PrivateFrameworks/PassKitUIFoundation : 20
PrivateFrameworks/PencilKit : 79
PrivateFrameworks/PersonaUI : 346
PrivateFrameworks/PhotoLibrary : 26
PrivateFrameworks/PhotosPlayer : 26
PrivateFrameworks/PhotosUICore : 26
PrivateFrameworks/PodcastsUI : 134
PrivateFrameworks/RTTUI : 34
PrivateFrameworks/RapportUI : 88
PrivateFrameworks/SPShared : 43
PrivateFrameworks/SafariSharedUI : 4
PrivateFrameworks/ScreenTimeUI : 19
PrivateFrameworks/Silex : 86
PrivateFrameworks/SilexVideo : 86
PrivateFrameworks/SilexWeb : 86
PrivateFrameworks/SocialServices : 77
PrivateFrameworks/Stocks : 249
PrivateFrameworks/TSReading : 697
PrivateFrameworks/TSUtility : 697
PrivateFrameworks/TeaActivities : 140
PrivateFrameworks/TeaCharts : 140
PrivateFrameworks/TeaDB : 140
PrivateFrameworks/TeaFoundation : 140
PrivateFrameworks/TeaSettings : 140
PrivateFrameworks/TeaTemplate : 140
PrivateFrameworks/TeaUI : 140
PrivateFrameworks/TeaUIKit : 140
PrivateFrameworks/TelephonyUI : 21
PrivateFrameworks/TransparencyDetailsView : 331
PrivateFrameworks/UserNotificationsExtensionPoint : 777
PrivateFrameworks/VisualPairing : 2238
PrivateFrameworks/VoiceMemos : 6
PrivateFrameworks/VoiceShortcutClient : 17
PrivateFrameworks/VoiceShortcuts : 17
PrivateFrameworks/VoiceShortcutsUI : 18
PrivateFrameworks/Weather : 71
PrivateFrameworks/WeatherFoundation : 38
PrivateFrameworks/WorkflowKit : 17
PrivateFrameworks/WorkflowUI : 18
