Applications/GitHub Desktop : 2.3.1
Applications/Safari : 15609.1.15.3.11
Utilities/Feedback Assistant : 420
Applications/App Store : 1004.6.17
Applications/Books : 1921
Applications/Calculator : 213.3
Applications/Calendar : 2760.4.1
Applications/Chess : 3.17
Applications/Contacts : 2421.11
Applications/Dictionary : 239.5
Applications/Home : 367.5.13
Applications/Mail : 3608.80.13.2.1
Applications/Maps : 2439.24.10.29.46
Applications/Music : 1.0.4
Applications/News : 2390
Applications/Notes : 1111.2
Applications/Photos : 141.18.133
Applications/Podcasts : 1430.40
Applications/Reminders : 2073
Applications/Stocks : 475
Applications/TV : 1.0.4
Utilities/Bluetooth File Exchange : 7.0.4d2
Utilities/Boot Camp Assistant : 6170.100.19
Utilities/VoiceOver Utility : 708.10
Frameworks/AGL : 3489
Frameworks/AVFoundation : 27
Frameworks/AVKit : 14
Frameworks/Accelerate : 368
Frameworks/Accounts : 58
Frameworks/AdSupport : 1612
Frameworks/AddressBook : 22
Frameworks/AppKit : 18
Frameworks/AppleScriptKit : 3193
Frameworks/AppleScriptObjC : 4552
Frameworks/ApplicationServices : 3058
Frameworks/AudioUnit : 1
Frameworks/AudioVideoBridging : 194
Frameworks/AutomaticAssessmentConfiguration : 11
Frameworks/Automator : 619
Frameworks/BackgroundTasks : 33
Frameworks/BusinessChat : 62
Frameworks/CFNetwork : 33
Frameworks/CalendarStore : 671
Frameworks/Carbon : 4163
Frameworks/CloudKit : 37
Frameworks/Cocoa : 11581
Frameworks/Collaboration : 3922
Frameworks/ColorSync : 151
Frameworks/Combine : 89
Frameworks/Contacts : 22
Frameworks/ContactsUI : 22
Frameworks/CoreAudioKit : 149
Frameworks/CoreBluetooth : 16
Frameworks/CoreData : 270
Frameworks/CoreFoundation : 76
Frameworks/CoreGraphics : 37
Frameworks/CoreHaptics : 69
Frameworks/CoreImage : 24
Frameworks/CoreLocation : 139
Frameworks/CoreMIDI : 414
Frameworks/CoreMIDIServer : 414
Frameworks/CoreML : 106
Frameworks/CoreMediaIO : 388
Frameworks/CoreMotion : 139
Frameworks/CoreServices : 85
Frameworks/CoreSpotlight : 52
Frameworks/CoreTelephony : 11
Frameworks/CoreText : 69
Frameworks/CoreVideo : 343
Frameworks/CoreWLAN : 266
Frameworks/CryptoKit : 330
Frameworks/CryptoTokenKit : 69
Frameworks/DVDPlayback : 279
Frameworks/DeviceCheck : 8007
Frameworks/DirectoryService : 500
Frameworks/DiscRecording : 277
Frameworks/DiscRecordingUI : 277
Frameworks/DiskArbitration : 597
Frameworks/DriverKit : 297
Frameworks/EventKit : 359
Frameworks/ExceptionHandling : 4765
Frameworks/ExecutionPolicy : 20
Frameworks/ExternalAccessory : 1083
Frameworks/FWAUserLib : 1004
Frameworks/FileProviderUI : 1486
Frameworks/ForceFeedback : 3619
Frameworks/Foundation : 77
Frameworks/GLKit : 518
Frameworks/GLUT : 313
Frameworks/GSS : 308
Frameworks/GameController : 36
Frameworks/GameKit : 1043
Frameworks/GameplayKit : 3518
Frameworks/HIDDriverKit : 1
Frameworks/Hypervisor : 324
Frameworks/ICADevices : 13
Frameworks/IMServicePlugIn : 18
Frameworks/IOBluetoothUI : 4
Frameworks/IOKit : 18
Frameworks/IOSurface : 152
Frameworks/IOUSBHost : 428
Frameworks/ImageCaptureCore : 13
Frameworks/InputMethodKit : 457
Frameworks/InstallerPlugins : 544
Frameworks/InstantMessage : 10791
Frameworks/Intents : 15
Frameworks/JavaFrameEmbedding : 1608
Frameworks/JavaVM : 1673
Frameworks/Kerberos : 991
Frameworks/LDAP : 273
Frameworks/LatentSemanticMapping : 2799
Frameworks/LinkPresentation : 254
Frameworks/LocalAuthentication : 66
Frameworks/MediaAccessibility : 101
Frameworks/MediaLibrary : 410
Frameworks/Message : 12433
Frameworks/Metal : 3
Frameworks/MetalKit : 354
Frameworks/MetalPerformanceShaders : 7
Frameworks/MetricKit : 1082
Frameworks/ModelIO : 171
Frameworks/MultipeerConnectivity : 1162
Frameworks/NaturalLanguage : 2942
Frameworks/NetFS : 526
Frameworks/NetworkExtension : 15
Frameworks/NetworkingDriverKit : 72
Frameworks/NotificationCenter : 167
Frameworks/OSAKit : 5171
Frameworks/OSLog : 105
Frameworks/OpenAL : 923
Frameworks/OpenCL : 1024
Frameworks/OpenDirectory : 500
Frameworks/OpenGL : 3126
Frameworks/PCIDriverKit : 143
Frameworks/PCSC : 19
Frameworks/PDFKit : 13
Frameworks/PencilKit : 22
Frameworks/PreferencePanes : 736
Frameworks/PushKit : 1807
Frameworks/Python : 61
Frameworks/QTKit : 1053
Frameworks/Quartz : 8350
Frameworks/QuickLookThumbnailing : 11
Frameworks/RealityKit : 8
Frameworks/Ruby : 1172
Frameworks/SceneKit : 38
Frameworks/ScreenSaver : 458
Frameworks/ScriptingBridge : 2330
Frameworks/Security : 94
Frameworks/SecurityFoundation : 1040
Frameworks/SecurityInterface : 148
Frameworks/ServiceManagement : 18
Frameworks/Social : 818
Frameworks/SoundAnalysis : 2355
Frameworks/Speech : 71
Frameworks/SpriteKit : 1610
Frameworks/StoreKit : 66
Frameworks/SwiftUI : 1
Frameworks/SyncServices : 8814
Frameworks/System : 122248
Frameworks/SystemConfiguration : 804
Frameworks/SystemExtensions : 143
Frameworks/TWAIN : 797
Frameworks/Tcl : 1492
Frameworks/Tk : 1492
Frameworks/USBDriverKit : 428
Frameworks/UserNotifications : 2333
Frameworks/VideoDecodeAcceleration : 4935
Frameworks/VideoSubscriberAccount : 13
Frameworks/Vision : 64
Frameworks/vecLib : 368
Frameworks/vmnet : 108
PrivateFrameworks/AACCore : 13
PrivateFrameworks/ACDEClient : 8152
PrivateFrameworks/AMPLibrary : 53
PrivateFrameworks/AOSAccounts : 552
PrivateFrameworks/AOSAccountsLite : 552
PrivateFrameworks/AOSKit : 401
PrivateFrameworks/AOSMigrate : 13358
PrivateFrameworks/AOSUI : 114
PrivateFrameworks/APFS : 29
PrivateFrameworks/APTransport : 66
PrivateFrameworks/AVConference : 1089
PrivateFrameworks/AVFoundationCF : 285
PrivateFrameworks/AXHearingCoreSupport : 3627
PrivateFrameworks/AXHearingSupport : 3627
PrivateFrameworks/AXMediaUtilities : 76
PrivateFrameworks/AccessibilityBundles : 111
PrivateFrameworks/AccessibilityPerformance : 27
PrivateFrameworks/AccessibilityPlatformTranslation : 32
PrivateFrameworks/AccessibilitySharedSupport : 32
PrivateFrameworks/AccessibilitySupport : 27
PrivateFrameworks/AccessoryNowPlaying : 12
PrivateFrameworks/AccountPolicy : 2896
PrivateFrameworks/AccountsDaemon : 58
PrivateFrameworks/AccountsUI : 1
PrivateFrameworks/ActionKit : 11
PrivateFrameworks/AdAnalytics : 17
PrivateFrameworks/AdCore : 96
PrivateFrameworks/AdID : 96
PrivateFrameworks/AdPlatforms : 96
PrivateFrameworks/AdPlatformsInternal : 96
PrivateFrameworks/AddressBookAutocomplete : 22
PrivateFrameworks/AddressBookCore : 22
PrivateFrameworks/Admin : 403
PrivateFrameworks/AggregateDictionary : 61
PrivateFrameworks/AggregateDictionaryHistory : 61
PrivateFrameworks/AirPlayReceiver : 117
PrivateFrameworks/AirPlaySender : 117
PrivateFrameworks/AirPlaySupport : 66
PrivateFrameworks/AirPlaySync : 1
PrivateFrameworks/AmbientDisplay : 158
PrivateFrameworks/AnnotationKit : 38
PrivateFrameworks/AppSSO : 9
PrivateFrameworks/AppSSOCore : 9
PrivateFrameworks/AppSSOKerberos : 9
PrivateFrameworks/AppSSOUI : 9
PrivateFrameworks/AppServerSupport : 18
PrivateFrameworks/AppStoreUI : 41
PrivateFrameworks/AppSupport : 4808
PrivateFrameworks/AppSupportUI : 5733
PrivateFrameworks/Apple80211 : 82
PrivateFrameworks/AppleAppSupport : 8350
PrivateFrameworks/AppleCVA : 11
PrivateFrameworks/AppleFSCompression : 1276
PrivateFrameworks/AppleIDAuthSupport : 1164
PrivateFrameworks/AppleIDSSOAuthentication : 24
PrivateFrameworks/AppleJPEG : 949
PrivateFrameworks/AppleLDAP : 6315
PrivateFrameworks/AppleMediaServices : 269
PrivateFrameworks/AppleMediaServicesUI : 45
PrivateFrameworks/ApplePushService : 57
PrivateFrameworks/AppleSRP : 9944
PrivateFrameworks/AppleSauce : 686
PrivateFrameworks/AppleScript : 25
PrivateFrameworks/AppleShareClientCore : 2552
PrivateFrameworks/AppleSystemInfo : 763
PrivateFrameworks/AppleVA : 2211
PrivateFrameworks/AppleVPA : 158
PrivateFrameworks/AskPermission : 87
PrivateFrameworks/AssertionServices : 259
PrivateFrameworks/AssetCacheServices : 754
PrivateFrameworks/AssetCacheServicesExtensions : 754
PrivateFrameworks/AssistantServices : 19
PrivateFrameworks/AssistiveControlSupport : 446
PrivateFrameworks/AttributeGraph : 54
PrivateFrameworks/AudioDSPManager : 821
PrivateFrameworks/AudioHistory : 821
PrivateFrameworks/AudioPasscode : 2673
PrivateFrameworks/AudioResourceArbitration : 823
PrivateFrameworks/AudioServerApplication : 285
PrivateFrameworks/AudioServerDriver : 285
PrivateFrameworks/AudioSession : 857
PrivateFrameworks/AudioTransportCommon : 2498
PrivateFrameworks/AutoLoop : 3433
PrivateFrameworks/BackBoardServices : 5
PrivateFrameworks/BackgroundTaskManagement : 51
PrivateFrameworks/BaseBoard : 275
PrivateFrameworks/BatteryUIKit : 4369
PrivateFrameworks/BehaviorMiner : 845
PrivateFrameworks/BezelServices : 882
PrivateFrameworks/BioKitAggD : 8999
PrivateFrameworks/BiometricKit : 252
PrivateFrameworks/BiometricKitUI : 87
PrivateFrameworks/BiometricSupport : 272
PrivateFrameworks/BluetoothManager : 16
PrivateFrameworks/BoardServices : 275
PrivateFrameworks/Bom : 816
PrivateFrameworks/BookCoverUtility : 38
PrivateFrameworks/BookKit : 38
PrivateFrameworks/BookKitFoundation : 38
PrivateFrameworks/BookUtility : 38
PrivateFrameworks/BridgeOSInstall : 903
PrivateFrameworks/BridgeOSInstallReporting : 903
PrivateFrameworks/BridgeOSObliteration : 2260
PrivateFrameworks/BridgeOSSoftwareUpdate : 206
PrivateFrameworks/BridgeXPC : 2325
PrivateFrameworks/BulkSymbolication : 927
PrivateFrameworks/ByteRangeLocking : 2511
PrivateFrameworks/C2 : 72
PrivateFrameworks/CDDataAccess : 27
PrivateFrameworks/CDDataAccessExpress : 27
PrivateFrameworks/CPMLBestShim : 7001
PrivateFrameworks/CSCSupport : 51
PrivateFrameworks/CacheDelete : 64
PrivateFrameworks/CalDAV : 260
PrivateFrameworks/Calculate : 884
PrivateFrameworks/CalendarAgent : 229
PrivateFrameworks/CalendarAgentLink : 646
PrivateFrameworks/CalendarDraw : 696
PrivateFrameworks/CalendarFoundation : 142
PrivateFrameworks/CalendarNotification : 513
PrivateFrameworks/CalendarPersistence : 724
PrivateFrameworks/CalendarUI : 99
PrivateFrameworks/CalendarUIKit : 397
PrivateFrameworks/CallHistory : 18
PrivateFrameworks/CameraImagingFramework : 4767
PrivateFrameworks/CaptiveNetwork : 227
PrivateFrameworks/CardKit : 111
PrivateFrameworks/CardServices : 111
PrivateFrameworks/Cards : 111
PrivateFrameworks/Catalyst : 810
PrivateFrameworks/Categories : 120
PrivateFrameworks/CharacterPicker : 555
PrivateFrameworks/ChunkingLibrary : 123
PrivateFrameworks/ClassKit : 10
PrivateFrameworks/ClassroomKit : 493
PrivateFrameworks/ClockMenuExtraPreferences : 1104
PrivateFrameworks/CloudDocsDaemon : 8
PrivateFrameworks/CloudFamilyRestrictions : 1359
PrivateFrameworks/CloudFamilyRestrictionsDaemon : 1359
PrivateFrameworks/CloudKitCode : 54
PrivateFrameworks/CloudKitCodeProtobuf : 54
PrivateFrameworks/CloudKitDaemon : 33
PrivateFrameworks/CloudServices : 12
PrivateFrameworks/Coherence : 7514
PrivateFrameworks/CombineCocoa : 89
PrivateFrameworks/CommerceKit : 41
PrivateFrameworks/CommonAuth : 308
PrivateFrameworks/CommonCandidateWindow : 10900
PrivateFrameworks/CommonUtilities : 6189
PrivateFrameworks/CommunicationsFilter : 907
PrivateFrameworks/ConditionInducer : 4208
PrivateFrameworks/ConfigProfileHelper : 54
PrivateFrameworks/ConfigurationEngineModel : 286
PrivateFrameworks/ConfigurationProfiles : 54
PrivateFrameworks/ConfigurationProfilesUI : 50
PrivateFrameworks/ConsoleKit : 503
PrivateFrameworks/ConstantClasses : 2377
PrivateFrameworks/ContactsAgent : 1370
PrivateFrameworks/ContactsAssistantServices : 1719
PrivateFrameworks/ContactsAutocomplete : 389
PrivateFrameworks/ContactsAutocompleteUI : 209
PrivateFrameworks/ContactsDonation : 2337
PrivateFrameworks/ContactsDonationFeedback : 2337
PrivateFrameworks/ContactsFoundation : 55
PrivateFrameworks/ContactsPersistence : 22
PrivateFrameworks/ContactsUICore : 64
PrivateFrameworks/ContentKit : 11
PrivateFrameworks/ContextKit : 1313
PrivateFrameworks/ConversationKit : 17
PrivateFrameworks/CoreADI : 2657
PrivateFrameworks/CoreAUC : 649
PrivateFrameworks/CoreAVCHD : 2777
PrivateFrameworks/CoreAccessories : 12
PrivateFrameworks/CoreAnalytics : 214
PrivateFrameworks/CoreAppleCVA : 512
PrivateFrameworks/CoreBrightness : 146
PrivateFrameworks/CoreCDP : 23
PrivateFrameworks/CoreCDPInternal : 23
PrivateFrameworks/CoreCDPUI : 23
PrivateFrameworks/CoreCapture : 313
PrivateFrameworks/CoreCaptureControl : 313
PrivateFrameworks/CoreCaptureDaemon : 313
PrivateFrameworks/CoreChart : 19
PrivateFrameworks/CoreChineseEngine : 1501
PrivateFrameworks/CoreDAV : 134
PrivateFrameworks/CoreDaemon : 2005
PrivateFrameworks/CoreDuet : 20
PrivateFrameworks/CoreDuetContext : 20
PrivateFrameworks/CoreDuetDaemonProtocol : 20
PrivateFrameworks/CoreDuetDataModel : 20
PrivateFrameworks/CoreDuetDebugLogging : 20
PrivateFrameworks/CoreDuetStatistics : 20
PrivateFrameworks/CoreDuetSync : 20
PrivateFrameworks/CoreEmoji : 2026
PrivateFrameworks/CoreFP : 529
PrivateFrameworks/CoreFollowUp : 1282
PrivateFrameworks/CoreFollowUpUI : 1282
PrivateFrameworks/CoreHAP : 14
PrivateFrameworks/CoreHandwriting : 1015
PrivateFrameworks/CoreKE : 322
PrivateFrameworks/CoreKnowledge : 366
PrivateFrameworks/CoreLSKD : 706
PrivateFrameworks/CoreLSKDMSE : 208
PrivateFrameworks/CoreMLTestFramework : 89
PrivateFrameworks/CoreMaterial : 668
PrivateFrameworks/CoreNLP : 1797
PrivateFrameworks/CoreNameParser : 4379
PrivateFrameworks/CoreNavigation : 195
PrivateFrameworks/CoreOptimization : 7001
PrivateFrameworks/CorePDF : 434
PrivateFrameworks/CoreParsec : 54
PrivateFrameworks/CorePrediction : 7001
PrivateFrameworks/CoreRecents : 3465
PrivateFrameworks/CoreRecognition : 105
PrivateFrameworks/CoreRoutine : 215
PrivateFrameworks/CoreSDB : 3958
PrivateFrameworks/CoreSVG : 2972
PrivateFrameworks/CoreServicesInternal : 98
PrivateFrameworks/CoreServicesStore : 83
PrivateFrameworks/CoreSpeech : 18
PrivateFrameworks/CoreSpotlightImportDaemon : 52
PrivateFrameworks/CoreSuggestions : 24
PrivateFrameworks/CoreSuggestionsInternals : 24
PrivateFrameworks/CoreSuggestionsML : 24
PrivateFrameworks/CoreSuggestionsUI : 24
PrivateFrameworks/CoreSymbolication : 42
PrivateFrameworks/CoreThemeDefinition : 244
PrivateFrameworks/CoreTime : 29
PrivateFrameworks/CoreUI : 300
PrivateFrameworks/CoreUtils : 14
PrivateFrameworks/CoreUtilsSwift : 3619
PrivateFrameworks/CoreUtilsUI : 11
PrivateFrameworks/CoreWLANKit : 254
PrivateFrameworks/CoreWiFi : 409
PrivateFrameworks/CrashReporterSupport : 92
PrivateFrameworks/CreateML : 221
PrivateFrameworks/CryptoKitCBridging : 330
PrivateFrameworks/CryptoKitPrivate : 330
PrivateFrameworks/DAAPKit : 13
PrivateFrameworks/DASDaemon : 33
PrivateFrameworks/DCERPC : 2279
PrivateFrameworks/DFRBrightness : 146
PrivateFrameworks/DFRDisplay : 2192
PrivateFrameworks/DFRFoundation : 542
PrivateFrameworks/DSExternalDisplay : 407
PrivateFrameworks/DTXConnectionServices : 184
PrivateFrameworks/DVD : 14230
PrivateFrameworks/DataDeliveryServices : 32
PrivateFrameworks/DataDetectors : 624
PrivateFrameworks/DataDetectorsCore : 5190
PrivateFrameworks/DataDetectorsNaturalLanguage : 2004
PrivateFrameworks/DebugSymbols : 3315
PrivateFrameworks/DesktopServicesPriv : 20
PrivateFrameworks/DeviceCheckInternal : 8007
PrivateFrameworks/DeviceIdentity : 19
PrivateFrameworks/DeviceManagement : 286
PrivateFrameworks/DeviceToDeviceManager : 8725
PrivateFrameworks/DiagnosticExtensions : 3072
PrivateFrameworks/DiagnosticLogCollection : 93
PrivateFrameworks/DialogEngine : 16
PrivateFrameworks/DifferentialPrivacy : 13
PrivateFrameworks/DigitalTouchShared : 3306
PrivateFrameworks/DirectoryEditor : 723
PrivateFrameworks/DirectoryServer : 10825
PrivateFrameworks/DiskImages : 650
PrivateFrameworks/DiskManagement : 154
PrivateFrameworks/DisplayServices : 431
PrivateFrameworks/DisplayTransportServices : 1599
PrivateFrameworks/DistributedEvaluation : 213
PrivateFrameworks/DrawingKit : 38
PrivateFrameworks/DuetActivityScheduler : 33
PrivateFrameworks/DuetRecommendation : 20
PrivateFrameworks/DynamicDesktop : 205
PrivateFrameworks/EAFirmwareUpdater : 44
PrivateFrameworks/EAP8021X : 1624
PrivateFrameworks/EFILogin : 918
PrivateFrameworks/EasyConfig : 14
PrivateFrameworks/EmbeddedAcousticRecognition : 29
PrivateFrameworks/EmbeddedOSInstall : 2148
PrivateFrameworks/EmbeddedOSSupportHost : 230
PrivateFrameworks/EmbeddedSensingProtocols : 6745
PrivateFrameworks/EmojiFoundation : 52
PrivateFrameworks/Engram : 93
PrivateFrameworks/Espresso : 2222
PrivateFrameworks/ExchangeSync : 802
PrivateFrameworks/ExchangeWebServices : 24
PrivateFrameworks/ExpansionSlotSupport : 53
PrivateFrameworks/FMClient : 3399
PrivateFrameworks/FMCore : 648
PrivateFrameworks/FMCoreLite : 645
PrivateFrameworks/FMCoreUI : 1450
PrivateFrameworks/FMF : 1379
PrivateFrameworks/FMFCore : 96
PrivateFrameworks/FMFUI : 1379
PrivateFrameworks/FMIPCore : 96
PrivateFrameworks/FMNetworking : 97
PrivateFrameworks/FTAWD : 93
PrivateFrameworks/FWAVC : 388
PrivateFrameworks/FaceCore : 2525
PrivateFrameworks/FamilyCircle : 329
PrivateFrameworks/FamilyCircleUI : 329
PrivateFrameworks/FamilyControls : 86
PrivateFrameworks/FamilyNotification : 329
PrivateFrameworks/FeatureFlagsSupport : 5114
PrivateFrameworks/FileProviderDaemon : 7
PrivateFrameworks/FilesActionsUI : 1486
PrivateFrameworks/FindMyDevice : 26
PrivateFrameworks/FindMyDeviceUI : 622
PrivateFrameworks/FindMyMac : 710
PrivateFrameworks/FlightUtilities : 1110
PrivateFrameworks/FlowFrameKit : 39
PrivateFrameworks/FolderActionsKit : 1553
PrivateFrameworks/FontServices : 3541
PrivateFrameworks/FoundInAppsPlugins : 29
PrivateFrameworks/FrontBoardServices : 2852
PrivateFrameworks/Futhark : 1853
PrivateFrameworks/GPURawCounter : 1171
PrivateFrameworks/GPUSupport : 3126
PrivateFrameworks/GameCenterFoundation : 1043
PrivateFrameworks/GameCenterUI : 1043
PrivateFrameworks/GameCenterUICore : 1043
PrivateFrameworks/GameKitServices : 1089
PrivateFrameworks/GenerationalStorage : 855
PrivateFrameworks/GeoKit : 797
PrivateFrameworks/GeoServices : 12
PrivateFrameworks/GraphKit : 12690
PrivateFrameworks/GraphVisualizer : 3821
PrivateFrameworks/GraphicsServices : 4532
PrivateFrameworks/HDAInterface : 394
PrivateFrameworks/HDRProcessing : 170
PrivateFrameworks/HMFoundation : 20
PrivateFrameworks/HTTPServer : 1396
PrivateFrameworks/HearingCore : 65
PrivateFrameworks/HearingUtilities : 65
PrivateFrameworks/HeimODAdmin : 92
PrivateFrameworks/Heimdal : 308
PrivateFrameworks/Helium : 1002
PrivateFrameworks/HelloWorldMacHelper : 459
PrivateFrameworks/HelpData : 1118
PrivateFrameworks/HomeAI : 53
PrivateFrameworks/HomeKit : 14
PrivateFrameworks/HomeKitBackingStore : 14
PrivateFrameworks/HomeKitDaemon : 14
PrivateFrameworks/IAP : 5040
PrivateFrameworks/IMAVCore : 9751
PrivateFrameworks/IMAssistantCore : 18
PrivateFrameworks/IMCore : 18
PrivateFrameworks/IMDMessageServices : 18
PrivateFrameworks/IMDPersistence : 18
PrivateFrameworks/IMDaemonCore : 18
PrivateFrameworks/IMFoundation : 93
PrivateFrameworks/IMSharedUI : 239
PrivateFrameworks/IMSharedUtilities : 18
PrivateFrameworks/IMTranscoderAgent : 18
PrivateFrameworks/IMTranscoding : 18
PrivateFrameworks/IMTransferAgent : 18
PrivateFrameworks/IMTransferServices : 93
PrivateFrameworks/IOAccelMemoryInfo : 50
PrivateFrameworks/IOAccelerator : 50
PrivateFrameworks/IOImageLoader : 640
PrivateFrameworks/IOKitten : 2498
PrivateFrameworks/IOPlatformPluginFamily : 84
PrivateFrameworks/IOPresentment : 2439
PrivateFrameworks/ISSupport : 10693
PrivateFrameworks/IconServices : 220
PrivateFrameworks/IdleTimerServices : 7204
PrivateFrameworks/IncomingCallFilter : 907
PrivateFrameworks/InertiaCam : 169
PrivateFrameworks/InputContext : 7304
PrivateFrameworks/InputTranscoder : 1333
PrivateFrameworks/Install : 199
PrivateFrameworks/InstallerDiagnostics : 1254
PrivateFrameworks/Intents : 15
PrivateFrameworks/IntentsCore : 15
PrivateFrameworks/IntentsFoundation : 15
PrivateFrameworks/IntentsServices : 15
PrivateFrameworks/InternationalSupport : 266
PrivateFrameworks/InternationalTextSearch : 3214
PrivateFrameworks/InternetAccounts : 1150
PrivateFrameworks/IntlPreferences : 565
PrivateFrameworks/JavaApplicationLauncher : 1608
PrivateFrameworks/JavaLaunching : 1521
PrivateFrameworks/JavaScriptAppleEvents : 2762
PrivateFrameworks/JavaScriptOSA : 2599
PrivateFrameworks/Jet : 3258
PrivateFrameworks/JetEngine : 161
PrivateFrameworks/JetUI : 161
PrivateFrameworks/KerberosHelper : 2740
PrivateFrameworks/KeyboardServices : 13
PrivateFrameworks/KeychainCircle : 94
PrivateFrameworks/KnowledgeMonitor : 51
PrivateFrameworks/LanguageModeling : 1084
PrivateFrameworks/Lexicon : 4342
PrivateFrameworks/LibraryRepair : 1224
PrivateFrameworks/LimitAdTracking : 96
PrivateFrameworks/LinguisticData : 24
PrivateFrameworks/LinkPresentation : 254
PrivateFrameworks/LocalAuthenticationRecoveryUI : 66
PrivateFrameworks/LocalAuthenticationUI : 66
PrivateFrameworks/LocationSupport : 139
PrivateFrameworks/LockoutUI : 2573
PrivateFrameworks/LoggingSupport : 105
PrivateFrameworks/LoginUIKit : 67
PrivateFrameworks/Lookup : 769
PrivateFrameworks/MDSChannel : 2517
PrivateFrameworks/MFAAuthentication : 12
PrivateFrameworks/MFiAuthentication : 5040
PrivateFrameworks/MLFoundation : 439
PrivateFrameworks/MMCS : 72
PrivateFrameworks/MMCSServices : 18
PrivateFrameworks/MTLCompiler : 3
PrivateFrameworks/MTLSimImplementation : 3
PrivateFrameworks/MachineSettings : 5175
PrivateFrameworks/MallocStackLogging : 260
PrivateFrameworks/ManagedClient : 54
PrivateFrameworks/Mangrove : 816
PrivateFrameworks/MapsSuggestions : 1
PrivateFrameworks/Marco : 93
PrivateFrameworks/MarkupUI : 38
PrivateFrameworks/MediaControlSender : 66
PrivateFrameworks/MediaKit : 4818
PrivateFrameworks/MediaRemote : 14
PrivateFrameworks/MediaServices : 13
PrivateFrameworks/Memories : 8
PrivateFrameworks/MessageProtection : 501
PrivateFrameworks/MessageSecurity : 405
PrivateFrameworks/MessageUIMacHelper : 12
PrivateFrameworks/MetadataUtilities : 94
PrivateFrameworks/MetalTools : 3
PrivateFrameworks/MetricKitCore : 1082
PrivateFrameworks/MetricKitServices : 1082
PrivateFrameworks/MetricKitSource : 1082
PrivateFrameworks/MetricMeasurement : 1082
PrivateFrameworks/MiniSoftwareUpdate : 1749
PrivateFrameworks/MobileAccessoryUpdater : 44
PrivateFrameworks/MobileActivationMacOS : 19
PrivateFrameworks/MobileAsset : 1367
PrivateFrameworks/MobileAssetUpdater : 44
PrivateFrameworks/MobileBluetooth : 16
PrivateFrameworks/MobileDevice : 1
PrivateFrameworks/MobileIcons : 220
PrivateFrameworks/MobileKeyBag : 192
PrivateFrameworks/MonitorPanel : 99
PrivateFrameworks/Montreal : 570
PrivateFrameworks/MultitouchSupport : 394
PrivateFrameworks/MultiverseSupport : 1010
PrivateFrameworks/NLP : 3579
PrivateFrameworks/Navigation : 12
PrivateFrameworks/NetAppsUtilities : 5150
PrivateFrameworks/NetAuth : 78
PrivateFrameworks/NetFSServer : 531
PrivateFrameworks/Netrb : 292
PrivateFrameworks/NetworkServiceProxy : 3278
PrivateFrameworks/NetworkStatistics : 5124
PrivateFrameworks/Notes : 21
PrivateFrameworks/NotesShared : 21
PrivateFrameworks/NotesUI : 21
PrivateFrameworks/Noticeboard : 2425
PrivateFrameworks/NotificationCenterUI : 167
PrivateFrameworks/OAuth : 18472
PrivateFrameworks/OSAServicesClient : 191
PrivateFrameworks/OSASubmissionClient : 203
PrivateFrameworks/OSASyncProxyClient : 203
PrivateFrameworks/OSAnalytics : 191
PrivateFrameworks/OSAnalyticsPrivate : 203
PrivateFrameworks/OSD : 2323
PrivateFrameworks/OSInstaller : 189
PrivateFrameworks/OSPersonalization : 1432
PrivateFrameworks/OSUpdate : 211
PrivateFrameworks/OTSVG : 69
PrivateFrameworks/OfficeImport : 1465
PrivateFrameworks/OnBoardingKit : 52
PrivateFrameworks/OpenDirectoryConfig : 13606
PrivateFrameworks/OpenDirectoryConfigUI : 1675
PrivateFrameworks/Osprey : 12
PrivateFrameworks/PASampling : 927
PrivateFrameworks/PDFKit : 13
PrivateFrameworks/PIP : 879
PrivateFrameworks/PSNormalizer : 947
PrivateFrameworks/PackageKit : 141
PrivateFrameworks/PacketFilter : 1007
PrivateFrameworks/ParsecModel : 54
PrivateFrameworks/ParsecSubscriptionServiceSupport : 54
PrivateFrameworks/ParsecUI : 88
PrivateFrameworks/PassKitUI : 1784
PrivateFrameworks/PassKitUIFoundation : 5
PrivateFrameworks/PasswordServer : 7837
PrivateFrameworks/PencilKit : 22
PrivateFrameworks/PeopleSuggester : 20
PrivateFrameworks/PerformanceAnalysis : 927
PrivateFrameworks/PersistentConnection : 559
PrivateFrameworks/PersonaKit : 219
PrivateFrameworks/PersonaUI : 219
PrivateFrameworks/PersonalizationPortrait : 29
PrivateFrameworks/PersonalizationPortraitInternals : 29
PrivateFrameworks/PhotoPrintProduct : 1154
PrivateFrameworks/PhysicsKit : 3527
PrivateFrameworks/PlugInKit : 844
PrivateFrameworks/PodcastServices : 12
PrivateFrameworks/PodcastsFoundation : 67
PrivateFrameworks/PowerLog : 15
PrivateFrameworks/PowerlogLiteOperators : 15
PrivateFrameworks/PreferencePanesSupport : 736
PrivateFrameworks/PrintKit : 3488
PrivateFrameworks/PrintingPrivate : 668
PrivateFrameworks/PrivateFederatedLearning : 302
PrivateFrameworks/ProVideo : 1194
PrivateFrameworks/ProactiveEventTracker : 542
PrivateFrameworks/ProactiveExperiments : 24
PrivateFrameworks/ProactiveExperimentsInternals : 24
PrivateFrameworks/ProactiveML : 24
PrivateFrameworks/ProactiveSupport : 542
PrivateFrameworks/ProactiveSupportStubs : 542
PrivateFrameworks/ProofReader : 18
PrivateFrameworks/ProtectedCloudStorage : 213
PrivateFrameworks/ProtocolBuffer : 130
PrivateFrameworks/PrototypeTools : 349
PrivateFrameworks/QLCharts : 1465
PrivateFrameworks/Quagga : 1276
PrivateFrameworks/QuickLookSupport : 11
PrivateFrameworks/QuickLookThumbnailing : 11
PrivateFrameworks/RTCReporting : 129
PrivateFrameworks/RTTUI : 65
PrivateFrameworks/RTTUtilities : 65
PrivateFrameworks/Rapport : 336
PrivateFrameworks/RapportUI : 357
PrivateFrameworks/ReminderKit : 27
PrivateFrameworks/ReminderKitUI : 27
PrivateFrameworks/RemoteConfiguration : 3991
PrivateFrameworks/RemoteCoreML : 6509
PrivateFrameworks/RemoteManagement : 2
PrivateFrameworks/RemoteServiceDiscovery : 18
PrivateFrameworks/RemoteTextInput : 3754
PrivateFrameworks/RemoteViewServices : 731
PrivateFrameworks/RemoteXPC : 18
PrivateFrameworks/RenderBox : 794
PrivateFrameworks/ReplayKitMacHelper : 47
PrivateFrameworks/ResponseKit : 61
PrivateFrameworks/Restore : 1495
PrivateFrameworks/Reveal : 918
PrivateFrameworks/RevealCore : 918
PrivateFrameworks/RunningBoard : 254
PrivateFrameworks/RunningBoardServices : 259
PrivateFrameworks/SAObjects : 67
PrivateFrameworks/SCEP : 1628
PrivateFrameworks/SDAPI : 5137
PrivateFrameworks/SMBClient : 53
PrivateFrameworks/SMBClientEngine : 548
PrivateFrameworks/SPFinder : 50
PrivateFrameworks/SPOwner : 50
PrivateFrameworks/SPShared : 97
PrivateFrameworks/SPSupport : 1225
PrivateFrameworks/SafariSharedUI : 1
PrivateFrameworks/SafeEjectGPU : 333
PrivateFrameworks/SampleAnalysis : 927
PrivateFrameworks/ScreenReader : 48
PrivateFrameworks/ScreenReaderCore : 48
PrivateFrameworks/ScreenSharing : 53
PrivateFrameworks/ScreenTimeCore : 1
PrivateFrameworks/ScreenTimeServiceUI : 1
PrivateFrameworks/ScreenTimeSettingsUI : 1
PrivateFrameworks/ScreenTimeUI : 1
PrivateFrameworks/SearchAds : 96
PrivateFrameworks/SearchFoundation : 54
PrivateFrameworks/SearchUI : 347
PrivateFrameworks/SearchUICardKitProviderSupport : 86
PrivateFrameworks/SecureChannel : 137
PrivateFrameworks/SecurityTokend : 3644
PrivateFrameworks/Seeding : 1092
PrivateFrameworks/SemanticDocumentManagement : 2424
PrivateFrameworks/SensingProtocols : 6745
PrivateFrameworks/SensorKit : 65
PrivateFrameworks/Sentry : 1581
PrivateFrameworks/ServerCompatibility : 2832
PrivateFrameworks/ServerInformation : 1003
PrivateFrameworks/SetupAssistantFramework : 64
PrivateFrameworks/SetupAssistantSupport : 1742
PrivateFrameworks/ShareKit : 52
PrivateFrameworks/SharePointManagement : 57
PrivateFrameworks/SharedWebCredentials : 102
PrivateFrameworks/Sharing : 5
PrivateFrameworks/SharingXPCServices : 5
PrivateFrameworks/ShazamKit : 449
PrivateFrameworks/Shortcut : 1048
PrivateFrameworks/SidecarCore : 675
PrivateFrameworks/SidecarUI : 675
PrivateFrameworks/SignpostMetrics : 18
PrivateFrameworks/SiriAppResolution : 39
PrivateFrameworks/SiriAudioInternal : 492
PrivateFrameworks/SiriAudioSupport : 492
PrivateFrameworks/SiriClientFlow : 330
PrivateFrameworks/SiriCore : 17
PrivateFrameworks/SiriFoundation : 96
PrivateFrameworks/SiriInstrumentation : 236
PrivateFrameworks/SiriKitFlow : 39
PrivateFrameworks/SiriOntology : 24
PrivateFrameworks/SiriOntologyProtobuf : 24
PrivateFrameworks/SiriTasks : 19
PrivateFrameworks/SiriUI : 100
PrivateFrameworks/SiriVOX : 17
PrivateFrameworks/Slideshows : 1145
PrivateFrameworks/SocialServices : 484
PrivateFrameworks/SoftwareUpdate : 211
PrivateFrameworks/SpanMatcher : 17
PrivateFrameworks/SpeechDictionary : 2376
PrivateFrameworks/SpeechObjects : 458
PrivateFrameworks/SpeechRecognitionCommandServices : 1707
PrivateFrameworks/SpeechRecognitionCore : 1275
PrivateFrameworks/Spotlight : 88
PrivateFrameworks/SpotlightDaemon : 52
PrivateFrameworks/SpotlightIndex : 69
PrivateFrameworks/SpotlightReceiver : 52
PrivateFrameworks/SpotlightServerKit : 69
PrivateFrameworks/SpotlightServices : 88
PrivateFrameworks/StatsKit : 7743
PrivateFrameworks/StorageKit : 1169
PrivateFrameworks/StorageManagement : 657
PrivateFrameworks/StoreFoundation : 41
PrivateFrameworks/StoreJavaScript : 41
PrivateFrameworks/StoreServices : 703
PrivateFrameworks/StoreUI : 41
PrivateFrameworks/StreamingZip : 1845
PrivateFrameworks/Suggestions : 911
PrivateFrameworks/SuggestionsSpotlightMetrics : 24
PrivateFrameworks/Symbolication : 260
PrivateFrameworks/SymptomDiagnosticReporter : 18
PrivateFrameworks/SyncServicesUI : 8814
PrivateFrameworks/SyncedDefaults : 1492
PrivateFrameworks/SystemAdministration : 403
PrivateFrameworks/SystemAdministrationInterface : 426
PrivateFrameworks/SystemMigration : 20
PrivateFrameworks/SystemMigrationNetworking : 20
PrivateFrameworks/SystemMigrationUtils : 20
PrivateFrameworks/SystemPolicy : 20
PrivateFrameworks/SystemUIPlugin : 5199
PrivateFrameworks/TCC : 18
PrivateFrameworks/TTYUtilities : 3627
PrivateFrameworks/TVRemoteCore : 134
PrivateFrameworks/TelephonyUtilities : 16
PrivateFrameworks/TemplateKit : 338
PrivateFrameworks/TextInput : 51
PrivateFrameworks/TextInputCore : 51
PrivateFrameworks/TextInputMenuUI : 349
PrivateFrameworks/TextRecognition : 101
PrivateFrameworks/TextToSpeech : 15
PrivateFrameworks/TextureIO : 5419
PrivateFrameworks/TimeMachine : 500
PrivateFrameworks/TimeSync : 198
PrivateFrameworks/ToneKit : 222
PrivateFrameworks/ToneLibrary : 222
PrivateFrameworks/Tourist : 603
PrivateFrameworks/Transparency : 52
PrivateFrameworks/TransparencyDetailsViewMac : 96
PrivateFrameworks/TrustEvaluationAgent : 2976
PrivateFrameworks/TrustedPeers : 94
PrivateFrameworks/TuriCore : 615
PrivateFrameworks/UAUPlugin : 706
PrivateFrameworks/UIFoundation : 1038
PrivateFrameworks/UIKitSystemAppServices : 459
PrivateFrameworks/UIRecording : 862
PrivateFrameworks/URLFormatting : 233
PrivateFrameworks/USDKit : 14
PrivateFrameworks/Uninstall : 4016
PrivateFrameworks/UsageTracking : 292
PrivateFrameworks/UserActivity : 176
PrivateFrameworks/UserManagement : 111
PrivateFrameworks/VCXMPP : 11481
PrivateFrameworks/VideoConference : 1375
PrivateFrameworks/VideoProcessing : 422
PrivateFrameworks/VisionKit : 1360
PrivateFrameworks/VisualPairing : 4068
PrivateFrameworks/VisualTestKit : 1062
PrivateFrameworks/VoiceShortcutClient : 11
PrivateFrameworks/VoiceShortcuts : 11
PrivateFrameworks/VoiceTrigger : 2086
PrivateFrameworks/WPDaemon : 371
PrivateFrameworks/WatchdogClient : 241
PrivateFrameworks/WeatherFoundation : 10
PrivateFrameworks/WeatherKit : 90
PrivateFrameworks/WebContentAnalysis : 173
PrivateFrameworks/WebFilterDNS : 173
PrivateFrameworks/WiFiCloudSyncEngine : 236
PrivateFrameworks/WiFiPeerToPeer : 2047
PrivateFrameworks/WiFiPolicy : 473
PrivateFrameworks/WiFiVelocity : 430
PrivateFrameworks/WirelessCoexManager : 99
PrivateFrameworks/WirelessDiagnostics : 7102
PrivateFrameworks/WirelessProximity : 371
PrivateFrameworks/WorkflowKit : 11
PrivateFrameworks/XARTRecovery : 68
PrivateFrameworks/XCTAutomationSupport : 278
PrivateFrameworks/XCTTargetBootstrap : 278
PrivateFrameworks/XPCService : 9410
PrivateFrameworks/XQuery : 4384
PrivateFrameworks/XprotectFramework : 134
PrivateFrameworks/acfs : 1750
PrivateFrameworks/caulk : 2118
PrivateFrameworks/iAdCore : 17
PrivateFrameworks/iAdServices : 17
PrivateFrameworks/iCalendar : 8
PrivateFrameworks/iLifeMediaBrowser : 410
PrivateFrameworks/iPod : 5181
PrivateFrameworks/iPodSync : 1581
PrivateFrameworks/iPodUpdater : 1469
PrivateFrameworks/iWorkXPC : 2379
PrivateFrameworks/kperf : 1522
PrivateFrameworks/kperfdata : 1522
PrivateFrameworks/ktrace : 407
PrivateFrameworks/login : 1387
PrivateFrameworks/nt : 111
PrivateFrameworks/oncrpc : 1867
PrivateFrameworks/perfdata : 440
PrivateFrameworks/vCard : 22
PrivateFrameworks/yara : 75
CoreServices/AVB Audio Configuration : 840.3
CoreServices/AddressBookUrlForwarder : 2421.11
CoreServices/AirPlayUIAgent : 420.42
CoreServices/Bluetooth Setup Assistant : 7.0.4d2
CoreServices/BluetoothUIServer : 7.0.4d2
CoreServices/CoreLocationAgent : 2394.0.14
CoreServices/CoreServicesUIAgent : 340.3
CoreServices/DiskImageMounter : 559.100.2
CoreServices/Dock : 2044.40.3
CoreServices/Finder : 1298.4.10
CoreServices/HelpViewer : 380
CoreServices/Install in Progress : 980.2
CoreServices/Keychain Circle Notification : 59306.100.65.0.1
CoreServices/ManagedClient : 1283
CoreServices/NotificationCenter : 845.40.1
CoreServices/OBEXAgent : 7.0.4d2
CoreServices/Paired Devices : 195.0
CoreServices/Photo Library Migration Utility : 2241.20.240
CoreServices/Problem Reporter : 15013
CoreServices/RapportUIAgent : 195.0
CoreServices/Setup Assistant : 2603
CoreServices/Siri : 200.4.2
CoreServices/Software Update : 1290.0.0.3
CoreServices/Spotlight : 2076
CoreServices/SystemUIServer : 499
CoreServices/UniversalAccessControl : 487.5
CoreServices/VoiceOver : 708.10
CoreServices/loginwindow : 1986.4
CoreServices/screencaptureui : 254
Applications/Feedback Assistant : 420
Applications/Network Utility : 300
Applications/Screen Sharing : 499.60
Frameworks/AVKit : 14
Frameworks/BusinessChat : 50
Frameworks/ContactsUI : 22
Frameworks/CoreAudioKit : 147
Frameworks/EventKitUI : 257
Frameworks/GameController : 14
Frameworks/GameKit : 339
Frameworks/GameplayKit : 1032
Frameworks/HealthKit : 15
Frameworks/HealthKitUI : 15
Frameworks/LinkPresentation : 113
Frameworks/MapKit : 3
Frameworks/MessageUI : 12
Frameworks/MetalKit : 348
Frameworks/MobileCoreServices : 85
Frameworks/MultipeerConnectivity : 450
Frameworks/PDFKit : 8
Frameworks/PassKit : 2
Frameworks/PencilKit : 12
Frameworks/QuickLook : 3
Frameworks/RealityKit : 4
Frameworks/ReplayKit : 47
Frameworks/SceneKit : 10
Frameworks/Social : 300
Frameworks/SpriteKit : 580
Frameworks/StoreKit : 16
Frameworks/SwiftUI : 1
Frameworks/VisionKit : 1241
Frameworks/WatchConnectivity : 840
Frameworks/iAd : 17
PrivateFrameworks/AVKitMacHelper : 14
PrivateFrameworks/ActivityRingsUI : 1191
PrivateFrameworks/AddressBookLegacy : 526
PrivateFrameworks/AnnotationKit : 13
PrivateFrameworks/AppAnalytics : 1078
PrivateFrameworks/AppSupportUI : 1485
PrivateFrameworks/AppleMediaServicesUI : 10
PrivateFrameworks/AuthKitUI : 1
PrivateFrameworks/AuthKitUIMacHelper : 1
PrivateFrameworks/BaseBoardUI : 226
PrivateFrameworks/CalendarUIKit : 394
PrivateFrameworks/ClassroomKit : 231
PrivateFrameworks/ContactsAutocompleteUI : 230
PrivateFrameworks/CorePDF : 445
PrivateFrameworks/CoreRecognition : 61
PrivateFrameworks/CoreSuggestionsUI : 14
PrivateFrameworks/DataDetectorsUI : 1235
PrivateFrameworks/DocumentManager : 10
PrivateFrameworks/DocumentManagerCore : 10
PrivateFrameworks/EmojiKit : 647
PrivateFrameworks/FMCoreUI : 702
PrivateFrameworks/FrontBoard : 2864
PrivateFrameworks/Home : 12
PrivateFrameworks/HomeKit : 3
PrivateFrameworks/HomeUI : 12
PrivateFrameworks/IntlPreferences : 213
PrivateFrameworks/Jet : 972
PrivateFrameworks/ManagedConfiguration : 19
PrivateFrameworks/MarkupUI : 13
PrivateFrameworks/MobileTimer : 401
PrivateFrameworks/MobileTimerUI : 401
PrivateFrameworks/NanoRegistry : 806
PrivateFrameworks/NetAppsUtilitiesUI : 5150
PrivateFrameworks/NewsAnalytics : 15
PrivateFrameworks/NewsArticles : 15
PrivateFrameworks/NewsFeed : 15
PrivateFrameworks/NewsSubscription : 15
PrivateFrameworks/NewsUI2 : 15
PrivateFrameworks/OnBoardingKit : 20
PrivateFrameworks/PassKitUIFoundation : 1
PrivateFrameworks/PencilKit : 12
PrivateFrameworks/PersonaUI : 68
PrivateFrameworks/PodcastsUI : 67
PrivateFrameworks/RTTUI : 40
PrivateFrameworks/RapportUI : 114
PrivateFrameworks/SafariSharedUI : 1
PrivateFrameworks/ScreenTimeUI : 1
PrivateFrameworks/SocialServices : 265
PrivateFrameworks/Stocks : 1470
PrivateFrameworks/TSReading : 512
PrivateFrameworks/TSUtility : 512
PrivateFrameworks/TeaActivities : 36
PrivateFrameworks/TeaCharts : 36
PrivateFrameworks/TeaDB : 36
PrivateFrameworks/TeaFoundation : 36
PrivateFrameworks/TeaSettings : 36
PrivateFrameworks/TeaTemplate : 36
PrivateFrameworks/TeaUI : 36
PrivateFrameworks/TeaUIKit : 36
PrivateFrameworks/TransparencyDetailsView : 96
PrivateFrameworks/UserNotificationsExtensionPoint : 605
PrivateFrameworks/VisualPairing : 2074
PrivateFrameworks/VoiceMemos : 12
PrivateFrameworks/Weather : 18
PrivateFrameworks/WeatherFoundation : 4
