Applications/Asset Catalog Tinkerer : 260
Applications/Google Chrome : 3987.149
Applications/cDock : 6892
Frameworks/AGL : 3605
Frameworks/AVFoundation : 62
Frameworks/AVKit : 146
Frameworks/Accelerate : 770
Frameworks/Accounts : 55
Frameworks/AdSupport : 1920
Frameworks/AppKit : 113
Frameworks/AppleScriptKit : 3329
Frameworks/AppleScriptObjC : 4831
Frameworks/ApplicationServices : 3800
Frameworks/AudioToolbox : 84
Frameworks/AudioUnit : 28
Frameworks/AudioVideoBridging : 520
Frameworks/AuthenticationServices : 2
Frameworks/AutomaticAssessmentConfiguration : 474
Frameworks/Automator : 754
Frameworks/BackgroundTasks : 125
Frameworks/BusinessChat : 390
Frameworks/CFNetwork : 166
Frameworks/CalendarStore : 981
Frameworks/CallKit : 76
Frameworks/Carbon : 4419
Frameworks/CloudKit : 193
Frameworks/Cocoa : 12477
Frameworks/Collaboration : 4042
Frameworks/ColorSync : 100
Frameworks/Combine : 822
Frameworks/Contacts : 11
Frameworks/ContactsUI : 3
Frameworks/CoreAudio : 162
Frameworks/CoreAudioKit : 313
Frameworks/CoreAudioTypes : 79
Frameworks/CoreBluetooth : 86
Frameworks/CoreData : 130
Frameworks/CoreFoundation : 94
Frameworks/CoreGraphics : 200
Frameworks/CoreHaptics : 216
Frameworks/CoreImage : 181
Frameworks/CoreLocation : 87
Frameworks/CoreMIDI : 741
Frameworks/CoreMIDIServer : 741
Frameworks/CoreML : 400
Frameworks/CoreMediaIO : 564
Frameworks/CoreMotion : 87
Frameworks/CoreServices : 14
Frameworks/CoreSpotlight : 27
Frameworks/CoreTelephony : 533
Frameworks/CoreText : 8
Frameworks/CoreVideo : 636
Frameworks/CoreWLAN : 57
Frameworks/CryptoKit : 1083
Frameworks/CryptoTokenKit : 442
Frameworks/DVDPlayback : 554
Frameworks/DeviceCheck : 8900
Frameworks/DirectoryService : 602
Frameworks/DiscRecording : 402
Frameworks/DiscRecordingUI : 402
Frameworks/DiskArbitration : 689
Frameworks/DriverKit : 329
Frameworks/EventKit : 34
Frameworks/ExceptionHandling : 5034
Frameworks/ExecutionPolicy : 2
Frameworks/ExternalAccessory : 1321
Frameworks/FWAUserLib : 147
Frameworks/FileProvider : 169
Frameworks/FileProviderUI : 286
Frameworks/FinderSync : 14
Frameworks/ForceFeedback : 3920
Frameworks/Foundation : 97
Frameworks/GLKit : 839
Frameworks/GLUT : 440
Frameworks/GSS : 632
Frameworks/GameController : 75
Frameworks/GameKit : 2823
Frameworks/GameplayKit : 4459
Frameworks/Hypervisor : 498
Frameworks/ICADevices : 2
Frameworks/IOBluetooth : 22
Frameworks/IOBluetoothUI : 24
Frameworks/IOKit : 150
Frameworks/IOSurface : 727
Frameworks/IOUSBHost : 16
Frameworks/IdentityLookup : 76
Frameworks/ImageCaptureCore : 2
Frameworks/InputMethodKit : 577
Frameworks/InstallerPlugins : 656
Frameworks/InstantMessage : 11099
Frameworks/Intents : 5
Frameworks/JavaFrameEmbedding : 1730
Frameworks/JavaVM : 1804
Frameworks/Kerberos : 1087
Frameworks/LDAP : 365
Frameworks/LatentSemanticMapping : 3129
Frameworks/LinkPresentation : 282
Frameworks/LocalAuthentication : 123
Frameworks/MapKit : 174
Frameworks/MediaAccessibility : 335
Frameworks/MediaLibrary : 512
Frameworks/MediaPlayer : 52
Frameworks/MediaToolbox : 8
Frameworks/Message : 12725
Frameworks/Metal : 32
Frameworks/MetalKit : 462
Frameworks/MetalPerformanceShaders : 2
Frameworks/MetricKit : 1397
Frameworks/ModelIO : 409
Frameworks/MultipeerConnectivity : 2070
Frameworks/NaturalLanguage : 3297
Frameworks/NetFS : 623
Frameworks/Network : 94
Frameworks/NetworkExtension : 159
Frameworks/NetworkingDriverKit : 318
Frameworks/NotificationCenter : 43
Frameworks/OSAKit : 5296
Frameworks/OSLog : 101
Frameworks/OpenAL : 1015
Frameworks/OpenCL : 1177
Frameworks/OpenDirectory : 602
Frameworks/OpenGL : 3454
Frameworks/PCIDriverKit : 352
Frameworks/PCSC : 111
Frameworks/PDFKit : 33
Frameworks/PencilKit : 390
Frameworks/PhotosUI : 29
Frameworks/PreferencePanes : 842
Frameworks/PushKit : 2041
Frameworks/Python : 165
Frameworks/QTKit : 1379
Frameworks/Quartz : 9118
Frameworks/QuartzCore : 133
Frameworks/QuickLook : 116
Frameworks/QuickLookThumbnailing : 49
Frameworks/RealityKit : 143
Frameworks/Ruby : 1481
Frameworks/SceneKit : 11
Frameworks/ScreenSaver : 796
Frameworks/ScriptingBridge : 2616
Frameworks/Security : 41
Frameworks/SecurityFoundation : 1361
Frameworks/SecurityInterface : 303
Frameworks/ServiceManagement : 234
Frameworks/Social : 151
Frameworks/SoundAnalysis : 2614
Frameworks/Speech : 904
Frameworks/SpriteKit : 92
Frameworks/StoreKit : 76
Frameworks/SyncServices : 9162
Frameworks/System : 644
Frameworks/SystemConfiguration : 26
Frameworks/SystemExtensions : 238
Frameworks/TWAIN : 1143
Frameworks/Tcl : 1843
Frameworks/Tk : 1843
Frameworks/USBDriverKit : 16
Frameworks/UserNotifications : 3305
Frameworks/VideoDecodeAcceleration : 5226
Frameworks/VideoSubscriberAccount : 88
Frameworks/Vision : 50
Frameworks/vecLib : 770
Frameworks/vmnet : 200
PrivateFrameworks/AACCore : 146
PrivateFrameworks/ACDEClient : 8498
PrivateFrameworks/AMPDevices : 45
PrivateFrameworks/AMPSharing : 21
PrivateFrameworks/AOSAccounts : 745
PrivateFrameworks/AOSAccountsLite : 745
PrivateFrameworks/AOSKit : 709
PrivateFrameworks/AOSMigrate : 13648
PrivateFrameworks/AOSUI : 306
PrivateFrameworks/APFS : 47
PrivateFrameworks/APTransport : 134
PrivateFrameworks/AVConference : 50
PrivateFrameworks/AVFoundationCF : 413
PrivateFrameworks/AXCoreUtilities : 346
PrivateFrameworks/AXHearingCoreSupport : 4058
PrivateFrameworks/AXHearingSupport : 4058
PrivateFrameworks/AXMediaUtilities : 244
PrivateFrameworks/AXRuntime : 346
PrivateFrameworks/AccessibilityBundles : 60
PrivateFrameworks/AccessibilityPerformance : 126
PrivateFrameworks/AccessibilityPlatformTranslation : 106
PrivateFrameworks/AccessibilitySharedSupport : 106
PrivateFrameworks/AccessibilitySupport : 126
PrivateFrameworks/AccessoryNowPlaying : 149
PrivateFrameworks/AccountPolicy : 3000
PrivateFrameworks/AccountsDaemon : 55
PrivateFrameworks/AccountsUI : 43
PrivateFrameworks/ActionKit : 80
PrivateFrameworks/AdAnalytics : 371
PrivateFrameworks/AdCore : 370
PrivateFrameworks/AdID : 370
PrivateFrameworks/AdPlatforms : 370
PrivateFrameworks/AdPlatformsInternal : 370
PrivateFrameworks/AddressBookAutocomplete : 3
PrivateFrameworks/Admin : 501
PrivateFrameworks/AggregateDictionary : 719
PrivateFrameworks/AggregateDictionaryHistory : 719
PrivateFrameworks/AirPlayReceiver : 264
PrivateFrameworks/AirPlaySender : 264
PrivateFrameworks/AirPlaySupport : 134
PrivateFrameworks/AirPlaySync : 8
PrivateFrameworks/AirTrafficHost : 1
PrivateFrameworks/AmbientDisplay : 269
PrivateFrameworks/AnnotationKit : 397
PrivateFrameworks/AppSSO : 180
PrivateFrameworks/AppSSOCore : 180
PrivateFrameworks/AppSSOKerberos : 180
PrivateFrameworks/AppSSOUI : 180
PrivateFrameworks/AppServerSupport : 233
PrivateFrameworks/AppStoreKit : 617
PrivateFrameworks/AppSupport : 5149
PrivateFrameworks/AppSupportUI : 6859
PrivateFrameworks/Apple80211 : 188
PrivateFrameworks/AppleAccount : 274
PrivateFrameworks/AppleAppSupport : 9118
PrivateFrameworks/AppleCVA : 373
PrivateFrameworks/AppleFSCompression : 3333
PrivateFrameworks/AppleGVA : 13
PrivateFrameworks/AppleGVACore : 13
PrivateFrameworks/AppleIDAuthSupport : 1401
PrivateFrameworks/AppleIDSSOAuthentication : 274
PrivateFrameworks/AppleJPEG : 1044
PrivateFrameworks/AppleLDAP : 7240
PrivateFrameworks/AppleMediaServices : 166
PrivateFrameworks/AppleMediaServicesUI : 90
PrivateFrameworks/ApplePushService : 329
PrivateFrameworks/AppleSRP : 10802
PrivateFrameworks/AppleSauce : 1666
PrivateFrameworks/AppleScript : 367
PrivateFrameworks/AppleShareClientCore : 2848
PrivateFrameworks/AppleSystemInfo : 1064
PrivateFrameworks/AppleVA : 2514
PrivateFrameworks/AppleVPA : 284
PrivateFrameworks/AskPermission : 365
PrivateFrameworks/AssertionServices : 102
PrivateFrameworks/AssetCacheServices : 112
PrivateFrameworks/AssetCacheServicesExtensions : 112
PrivateFrameworks/AssistantServices : 104
PrivateFrameworks/AssistiveControlSupport : 63
PrivateFrameworks/AttributeGraph : 501
PrivateFrameworks/AudioDSPManager : 962
PrivateFrameworks/AudioHistory : 962
PrivateFrameworks/AudioPasscode : 2782
PrivateFrameworks/AudioResourceArbitration : 919
PrivateFrameworks/AudioServerApplication : 6
PrivateFrameworks/AudioServerDriver : 6
PrivateFrameworks/AudioSession : 953
PrivateFrameworks/AudioToolboxCore : 79
PrivateFrameworks/AudioTransportCommon : 3394
PrivateFrameworks/AuthKit : 87
PrivateFrameworks/AuthKitUI : 78
PrivateFrameworks/AuthenticationServices : 2
PrivateFrameworks/AutoBugCaptureCore : 320
PrivateFrameworks/AutoLoop : 4041
PrivateFrameworks/BackBoardServices : 127
PrivateFrameworks/BackgroundTaskManagement : 143
PrivateFrameworks/Backup : 14
PrivateFrameworks/BaseBoard : 1483
PrivateFrameworks/BatteryUIKit : 4676
PrivateFrameworks/BehaviorMiner : 70
PrivateFrameworks/BezelServices : 977
PrivateFrameworks/BioKitAggD : 9718
PrivateFrameworks/BiometricKit : 519
PrivateFrameworks/BiometricKitUI : 183
PrivateFrameworks/BiometricSupport : 474
PrivateFrameworks/BluetoothAudio : 22
PrivateFrameworks/BluetoothManager : 86
PrivateFrameworks/BoardServices : 1483
PrivateFrameworks/Bom : 1115
PrivateFrameworks/BookCoverUtility : 155
PrivateFrameworks/BookKit : 155
PrivateFrameworks/BookKitFoundation : 155
PrivateFrameworks/BookUtility : 155
PrivateFrameworks/BridgeOSInstall : 1221
PrivateFrameworks/BridgeOSInstallReporting : 1221
PrivateFrameworks/BridgeOSObliteration : 2846
PrivateFrameworks/BridgeOSSoftwareUpdate : 575
PrivateFrameworks/BridgeXPC : 2795
PrivateFrameworks/BulkSymbolication : 110
PrivateFrameworks/ByteRangeLocking : 2818
PrivateFrameworks/C2 : 311
PrivateFrameworks/CDDataAccess : 68
PrivateFrameworks/CDDataAccessExpress : 68
PrivateFrameworks/CPMLBestShim : 7290
PrivateFrameworks/CSCSupport : 341
PrivateFrameworks/CacheDelete : 92
PrivateFrameworks/CalDAV : 555
PrivateFrameworks/Calculate : 979
PrivateFrameworks/CalendarAgent : 328
PrivateFrameworks/CalendarAgentLink : 942
PrivateFrameworks/CalendarDraw : 1029
PrivateFrameworks/CalendarFoundation : 34
PrivateFrameworks/CalendarNotification : 609
PrivateFrameworks/CalendarPersistence : 44
PrivateFrameworks/CalendarUI : 215
PrivateFrameworks/CalendarUIKit : 499
PrivateFrameworks/CallHistory : 117
PrivateFrameworks/CameraImagingFramework : 5065
PrivateFrameworks/CaptiveNetwork : 323
PrivateFrameworks/CardKit : 335
PrivateFrameworks/CardServices : 335
PrivateFrameworks/Cards : 335
PrivateFrameworks/Catalyst : 1710
PrivateFrameworks/Categories : 1009
PrivateFrameworks/CharacterPicker : 688
PrivateFrameworks/ChunkingLibrary : 274
PrivateFrameworks/ClassKit : 62
PrivateFrameworks/ClassroomKit : 907
PrivateFrameworks/ClockMenuExtraPreferences : 1403
PrivateFrameworks/CloudDocs : 145
PrivateFrameworks/CloudDocsDaemon : 98
PrivateFrameworks/CloudFamilyRestrictions : 1673
PrivateFrameworks/CloudFamilyRestrictionsDaemon : 1673
PrivateFrameworks/CloudKitCode : 525
PrivateFrameworks/CloudKitCodeProtobuf : 525
PrivateFrameworks/CloudKitDaemon : 163
PrivateFrameworks/CloudServices : 234
PrivateFrameworks/Coherence : 8865
PrivateFrameworks/CombineCocoa : 822
PrivateFrameworks/CommonAuth : 632
PrivateFrameworks/CommonCandidateWindow : 11202
PrivateFrameworks/CommonUtilities : 7227
PrivateFrameworks/CommunicationsFilter : 1140
PrivateFrameworks/ConditionInducer : 5336
PrivateFrameworks/ConfigProfileHelper : 34
PrivateFrameworks/ConfigurationEngineModel : 165
PrivateFrameworks/ConfigurationProfiles : 34
PrivateFrameworks/ConfigurationProfilesUI : 32
PrivateFrameworks/ConsoleKit : 618
PrivateFrameworks/ConstantClasses : 2573
PrivateFrameworks/ContactsAgent : 1674
PrivateFrameworks/ContactsAssistantServices : 2472
PrivateFrameworks/ContactsAutocomplete : 1292
PrivateFrameworks/ContactsAutocompleteUI : 348
PrivateFrameworks/ContactsDonation : 2530
PrivateFrameworks/ContactsDonationFeedback : 2530
PrivateFrameworks/ContactsFoundation : 161
PrivateFrameworks/ContactsPersistence : 11
PrivateFrameworks/ContactsUICore : 39
PrivateFrameworks/ContentKit : 80
PrivateFrameworks/ContextKit : 1463
PrivateFrameworks/CoreADI : 2919
PrivateFrameworks/CoreAUC : 766
PrivateFrameworks/CoreAVCHD : 3082
PrivateFrameworks/CoreAccessories : 149
PrivateFrameworks/CoreAnalytics : 293
PrivateFrameworks/CoreAppleCVA : 1144
PrivateFrameworks/CoreBrightness : 733
PrivateFrameworks/CoreCapture : 477
PrivateFrameworks/CoreCaptureControl : 477
PrivateFrameworks/CoreCaptureDaemon : 477
PrivateFrameworks/CoreChart : 160
PrivateFrameworks/CoreChineseEngine : 1831
PrivateFrameworks/CoreDAV : 231
PrivateFrameworks/CoreDaemon : 2112
PrivateFrameworks/CoreDuet : 119
PrivateFrameworks/CoreDuetContext : 119
PrivateFrameworks/CoreDuetDaemonProtocol : 119
PrivateFrameworks/CoreDuetDataModel : 119
PrivateFrameworks/CoreDuetDebugLogging : 119
PrivateFrameworks/CoreDuetStatistics : 119
PrivateFrameworks/CoreDuetSync : 119
PrivateFrameworks/CoreEmoji : 2894
PrivateFrameworks/CoreFP : 66
PrivateFrameworks/CoreFollowUp : 1630
PrivateFrameworks/CoreFollowUpUI : 1630
PrivateFrameworks/CoreHandwriting : 1208
PrivateFrameworks/CoreKE : 16
PrivateFrameworks/CoreKnowledge : 1100
PrivateFrameworks/CoreLSKDMSE : 189
PrivateFrameworks/CoreMLTestFramework : 328
PrivateFrameworks/CoreMaterial : 1407
PrivateFrameworks/CoreNLP : 2100
PrivateFrameworks/CoreNameParser : 5376
PrivateFrameworks/CoreNavigation : 319
PrivateFrameworks/CoreOptimization : 7290
PrivateFrameworks/CorePDF : 531
PrivateFrameworks/CoreParsec : 413
PrivateFrameworks/CorePhoneNumbers : 76
PrivateFrameworks/CorePrediction : 7290
PrivateFrameworks/CoreRE : 68
PrivateFrameworks/CoreRecents : 3748
PrivateFrameworks/CoreRecognition : 306
PrivateFrameworks/CoreRoutine : 176
PrivateFrameworks/CoreSDB : 4196
PrivateFrameworks/CoreSVG : 3730
PrivateFrameworks/CoreServicesInternal : 193
PrivateFrameworks/CoreServicesStore : 12
PrivateFrameworks/CoreSpeech : 179
PrivateFrameworks/CoreSpotlightImportDaemon : 27
PrivateFrameworks/CoreSuggestions : 33
PrivateFrameworks/CoreSuggestionsInternals : 33
PrivateFrameworks/CoreSuggestionsML : 33
PrivateFrameworks/CoreSuggestionsUI : 33
PrivateFrameworks/CoreSymbolication : 985
PrivateFrameworks/CoreThemeDefinition : 521
PrivateFrameworks/CoreTime : 275
PrivateFrameworks/CoreUI : 609
PrivateFrameworks/CoreUtils : 2
PrivateFrameworks/CoreUtilsSwift : 4360
PrivateFrameworks/CoreUtilsUI : 1
PrivateFrameworks/CoreWLANKit : 68
PrivateFrameworks/CoreWiFi : 515
PrivateFrameworks/CrashReporterSupport : 124
PrivateFrameworks/CreateML : 389
PrivateFrameworks/CryptoKitCBridging : 1083
PrivateFrameworks/CryptoKitPrivate : 1083
PrivateFrameworks/DASDaemon : 125
PrivateFrameworks/DCERPC : 2608
PrivateFrameworks/DFRBrightness : 733
PrivateFrameworks/DFRDisplay : 2651
PrivateFrameworks/DSExternalDisplay : 516
PrivateFrameworks/DTXConnectionServices : 1352
PrivateFrameworks/DVD : 14530
PrivateFrameworks/DataDeliveryServices : 271
PrivateFrameworks/DataDetectors : 58
PrivateFrameworks/DataDetectorsCore : 5657
PrivateFrameworks/DataDetectorsNaturalLanguage : 2154
PrivateFrameworks/DebugSymbols : 3789
PrivateFrameworks/DesktopServicesPriv : 11
PrivateFrameworks/DeviceCheckInternal : 8900
PrivateFrameworks/DeviceIdentity : 192
PrivateFrameworks/DeviceManagement : 165
PrivateFrameworks/DeviceToDeviceManager : 9723
PrivateFrameworks/DiagnosticExtensions : 3556
PrivateFrameworks/DiagnosticLogCollection : 221
PrivateFrameworks/DialogEngine : 71
PrivateFrameworks/DifferentialPrivacy : 254
PrivateFrameworks/DigitalTouchShared : 4681
PrivateFrameworks/DirectoryEditor : 1057
PrivateFrameworks/DirectoryServer : 11123
PrivateFrameworks/DiskImages : 1331
PrivateFrameworks/DiskManagement : 288
PrivateFrameworks/DisplayServices : 543
PrivateFrameworks/DisplayTransportServices : 1900
PrivateFrameworks/DistributedEvaluation : 809
PrivateFrameworks/DrawingKit : 397
PrivateFrameworks/DuetActivityScheduler : 125
PrivateFrameworks/DuetRecommendation : 119
PrivateFrameworks/DynamicDesktop : 169
PrivateFrameworks/EAFirmwareUpdater : 30
PrivateFrameworks/EAP8021X : 1860
PrivateFrameworks/EFILogin : 1193
PrivateFrameworks/EasyConfig : 2
PrivateFrameworks/EmbeddedOSInstall : 3043
PrivateFrameworks/EmbeddedOSSupportHost : 326
PrivateFrameworks/EmbeddedSensingProtocols : 7819
PrivateFrameworks/EmojiFoundation : 290
PrivateFrameworks/Engram : 221
PrivateFrameworks/Espresso : 7502
PrivateFrameworks/ExchangeSync : 168
PrivateFrameworks/ExchangeWebServices : 53
PrivateFrameworks/ExpansionSlotSupport : 148
PrivateFrameworks/FMClient : 4012
PrivateFrameworks/FMCore : 1542
PrivateFrameworks/FMCoreLite : 1514
PrivateFrameworks/FMCoreUI : 2111
PrivateFrameworks/FMF : 1587
PrivateFrameworks/FMFCore : 256
PrivateFrameworks/FMFUI : 1587
PrivateFrameworks/FMIPCore : 256
PrivateFrameworks/FMNetworking : 468
PrivateFrameworks/FTAWD : 221
PrivateFrameworks/FTClientServices : 111
PrivateFrameworks/FTServices : 111
PrivateFrameworks/FWAVC : 564
PrivateFrameworks/FaceCore : 2813
PrivateFrameworks/FamilyCircle : 602
PrivateFrameworks/FamilyCircleUI : 602
PrivateFrameworks/FamilyControls : 229
PrivateFrameworks/FamilyNotification : 602
PrivateFrameworks/FeatureFlagsSupport : 5440
PrivateFrameworks/FileProvider : 169
PrivateFrameworks/FileProviderDaemon : 182
PrivateFrameworks/FilesActionsUI : 286
PrivateFrameworks/FindMyDeviceUI : 158
PrivateFrameworks/FindMyMac : 1009
PrivateFrameworks/FinderKit : 14
PrivateFrameworks/FinderSyncPriv : 14
PrivateFrameworks/FlightUtilities : 1557
PrivateFrameworks/FlowFrameKit : 310
PrivateFrameworks/FolderActionsKit : 1892
PrivateFrameworks/FontServices : 3636
PrivateFrameworks/FoundInAppsPlugins : 94
PrivateFrameworks/FrontBoardServices : 618
PrivateFrameworks/Futhark : 2047
PrivateFrameworks/GPUInfo : 83
PrivateFrameworks/GPURawCounter : 1270
PrivateFrameworks/GPUSupport : 3454
PrivateFrameworks/GPUWrangler : 27
PrivateFrameworks/GameCenterFoundation : 2823
PrivateFrameworks/GameCenterUI : 2823
PrivateFrameworks/GameCenterUICore : 2823
PrivateFrameworks/GameKitServices : 50
PrivateFrameworks/GenerationalStorage : 1965
PrivateFrameworks/GeoKit : 1095
PrivateFrameworks/GeoServices : 26
PrivateFrameworks/Geode : 29
PrivateFrameworks/GraphKit : 12987
PrivateFrameworks/GraphVisualizer : 4120
PrivateFrameworks/GraphicsServices : 5338
PrivateFrameworks/HDAInterface : 699
PrivateFrameworks/HDRProcessing : 6
PrivateFrameworks/HID : 65
PrivateFrameworks/HMFoundation : 266
PrivateFrameworks/HTTPServer : 1717
PrivateFrameworks/HearingCore : 96
PrivateFrameworks/HearingUtilities : 96
PrivateFrameworks/HeimODAdmin : 184
PrivateFrameworks/Heimdal : 632
PrivateFrameworks/Helium : 1099
PrivateFrameworks/HelloWorldMacHelper : 32
PrivateFrameworks/HelpData : 1420
PrivateFrameworks/HomeAI : 173
PrivateFrameworks/IAP : 573
PrivateFrameworks/IASUtilities : 29
PrivateFrameworks/IDS : 111
PrivateFrameworks/IDSFoundation : 111
PrivateFrameworks/IDSHashPersistence : 220
PrivateFrameworks/IDSKVStore : 220
PrivateFrameworks/IDSSystemPreferencesSignIn : 111
PrivateFrameworks/IMAVCore : 10069
PrivateFrameworks/IMFoundation : 221
PrivateFrameworks/IMSharedUI : 459
PrivateFrameworks/IMTransferServices : 221
PrivateFrameworks/IOAccelMemoryInfo : 29
PrivateFrameworks/IOAccelerator : 29
PrivateFrameworks/IOImageLoader : 815
PrivateFrameworks/IOKitten : 3394
PrivateFrameworks/IOPlatformPluginFamily : 8
PrivateFrameworks/IOPresentment : 22
PrivateFrameworks/ISSupport : 10986
PrivateFrameworks/IconServices : 312
PrivateFrameworks/IdleTimerServices : 8284
PrivateFrameworks/IncomingCallFilter : 1140
PrivateFrameworks/InertiaCam : 325
PrivateFrameworks/InputContext : 7683
PrivateFrameworks/InputTranscoder : 1583
PrivateFrameworks/Install : 295
PrivateFrameworks/InstallerDiagnostics : 1526
PrivateFrameworks/Intents : 5
PrivateFrameworks/IntentsCore : 5
PrivateFrameworks/IntentsFoundation : 5
PrivateFrameworks/IntentsServices : 5
PrivateFrameworks/InternationalSupport : 500
PrivateFrameworks/InternationalTextSearch : 3794
PrivateFrameworks/InternetAccounts : 1272
PrivateFrameworks/IntlPreferences : 833
PrivateFrameworks/JavaApplicationLauncher : 1730
PrivateFrameworks/JavaLaunching : 1616
PrivateFrameworks/JavaScriptAppleEvents : 47
PrivateFrameworks/JavaScriptOSA : 2911
PrivateFrameworks/Jet : 3407
PrivateFrameworks/JetEngine : 922
PrivateFrameworks/JetUI : 913
PrivateFrameworks/KerberosHelper : 3047
PrivateFrameworks/KeyboardServices : 177
PrivateFrameworks/KeychainCircle : 41
PrivateFrameworks/KnowledgeGraphKit : 29
PrivateFrameworks/KnowledgeMonitor : 87
PrivateFrameworks/LanguageModeling : 1385
PrivateFrameworks/Lexicon : 5445
PrivateFrameworks/LibraryRepair : 1537
PrivateFrameworks/LimitAdTracking : 370
PrivateFrameworks/LinguisticData : 35
PrivateFrameworks/LinkPresentation : 282
PrivateFrameworks/LocalAuthenticationRecoveryUI : 123
PrivateFrameworks/LocalAuthenticationUI : 123
PrivateFrameworks/LocationSupport : 87
PrivateFrameworks/LockoutUI : 3215
PrivateFrameworks/LoggingSupport : 101
PrivateFrameworks/LoginUIKit : 196
PrivateFrameworks/Lookup : 1088
PrivateFrameworks/MDSChannel : 2820
PrivateFrameworks/MFAAuthentication : 149
PrivateFrameworks/MFiAuthentication : 573
PrivateFrameworks/MLFoundation : 536
PrivateFrameworks/MMCS : 311
PrivateFrameworks/MTLCompiler : 32
PrivateFrameworks/MTLSimImplementation : 32
PrivateFrameworks/MachineSettings : 5476
PrivateFrameworks/MallocStackLogging : 1264
PrivateFrameworks/ManagedClient : 34
PrivateFrameworks/Mangrove : 1107
PrivateFrameworks/MapsSuggestions : 122
PrivateFrameworks/MapsSupport : 122
PrivateFrameworks/Marco : 221
PrivateFrameworks/MarkupUI : 397
PrivateFrameworks/MediaControlSender : 134
PrivateFrameworks/MediaKit : 5127
PrivateFrameworks/MediaMiningKit : 29
PrivateFrameworks/MediaRemote : 74
PrivateFrameworks/MediaServices : 88
PrivateFrameworks/Memories : 51
PrivateFrameworks/MessageProtection : 750
PrivateFrameworks/MessageSecurity : 598
PrivateFrameworks/MetadataUtilities : 25
PrivateFrameworks/MetalTools : 32
PrivateFrameworks/MetricKitCore : 1397
PrivateFrameworks/MetricKitServices : 1397
PrivateFrameworks/MetricKitSource : 1397
PrivateFrameworks/MetricMeasurement : 1397
PrivateFrameworks/MiniSoftwareUpdate : 2136
PrivateFrameworks/MobileAccessoryUpdater : 30
PrivateFrameworks/MobileActivationMacOS : 192
PrivateFrameworks/MobileAsset : 549
PrivateFrameworks/MobileAssetUpdater : 30
PrivateFrameworks/MobileBluetooth : 86
PrivateFrameworks/MobileIcons : 312
PrivateFrameworks/MobileKeyBag : 771
PrivateFrameworks/Mondrian : 29
PrivateFrameworks/MonitorPanel : 80
PrivateFrameworks/Montreal : 808
PrivateFrameworks/MultitouchSupport : 858
PrivateFrameworks/MultiverseSupport : 1279
PrivateFrameworks/MusicLibrary : 153
PrivateFrameworks/NLP : 4627
PrivateFrameworks/Navigation : 75
PrivateFrameworks/NearField : 39
PrivateFrameworks/NetAppsUtilities : 5844
PrivateFrameworks/NetAuth : 297
PrivateFrameworks/NetFSServer : 627
PrivateFrameworks/Netrb : 522
PrivateFrameworks/Network : 94
PrivateFrameworks/NetworkServiceProxy : 3642
PrivateFrameworks/NetworkStatistics : 5425
PrivateFrameworks/Notes : 57
PrivateFrameworks/NotesShared : 57
PrivateFrameworks/NotesUI : 57
PrivateFrameworks/Noticeboard : 2537
PrivateFrameworks/NotificationCenterUI : 43
PrivateFrameworks/OAuth : 19472
PrivateFrameworks/OSAServicesClient : 206
PrivateFrameworks/OSASubmissionClient : 188
PrivateFrameworks/OSASyncProxyClient : 188
PrivateFrameworks/OSAnalytics : 206
PrivateFrameworks/OSAnalyticsPrivate : 188
PrivateFrameworks/OSD : 2621
PrivateFrameworks/OSInstaller : 332
PrivateFrameworks/OSPersonalization : 1755
PrivateFrameworks/OSUpdate : 305
PrivateFrameworks/OTSVG : 8
PrivateFrameworks/OfficeImport : 2254
PrivateFrameworks/OnBoardingKit : 65
PrivateFrameworks/OpenDirectoryConfig : 13935
PrivateFrameworks/OpenDirectoryConfigUI : 2029
PrivateFrameworks/Osprey : 82
PrivateFrameworks/PAImaging : 29
PrivateFrameworks/PAImagingCore : 29
PrivateFrameworks/PASampling : 110
PrivateFrameworks/PDFKit : 33
PrivateFrameworks/PIP : 1187
PrivateFrameworks/PSNormalizer : 1045
PrivateFrameworks/PackageKit : 272
PrivateFrameworks/PacketFilter : 1099
PrivateFrameworks/ParsecModel : 413
PrivateFrameworks/ParsecSubscriptionServiceSupport : 413
PrivateFrameworks/PassKit : 211
PrivateFrameworks/PassKitCore : 209
PrivateFrameworks/PassKitUI : 32
PrivateFrameworks/PassKitUIFoundation : 87
PrivateFrameworks/PasswordServer : 8135
PrivateFrameworks/PencilKit : 390
PrivateFrameworks/PeopleSuggester : 119
PrivateFrameworks/PerformanceAnalysis : 110
PrivateFrameworks/PersistentConnection : 796
PrivateFrameworks/PersonaKit : 852
PrivateFrameworks/PersonaUI : 852
PrivateFrameworks/PersonalizationPortrait : 94
PrivateFrameworks/PersonalizationPortraitInternals : 94
PrivateFrameworks/PhoneNumbers : 76
PrivateFrameworks/PhotoAnalysis : 29
PrivateFrameworks/PhotoLibrary : 29
PrivateFrameworks/PhotoPrintProduct : 1344
PrivateFrameworks/PhotosGraph : 29
PrivateFrameworks/PhotosUICore : 29
PrivateFrameworks/PhysicsKit : 3812
PrivateFrameworks/PipelineKit : 29
PrivateFrameworks/PlacesKit : 29
PrivateFrameworks/PlugInKit : 1140
PrivateFrameworks/PodcastServices : 80
PrivateFrameworks/PodcastsFoundation : 816
PrivateFrameworks/PowerLog : 90
PrivateFrameworks/PowerlogControl : 90
PrivateFrameworks/PowerlogCore : 90
PrivateFrameworks/PowerlogDatabaseReader : 90
PrivateFrameworks/PowerlogLiteOperators : 144
PrivateFrameworks/PreferencePanesSupport : 1097
PrivateFrameworks/PrintKit : 3589
PrivateFrameworks/PrintingPrivate : 801
PrivateFrameworks/PrivateFederatedLearning : 446
PrivateFrameworks/ProVideo : 1298
PrivateFrameworks/ProactiveEventTracker : 87
PrivateFrameworks/ProactiveExperiments : 33
PrivateFrameworks/ProactiveExperimentsInternals : 33
PrivateFrameworks/ProactiveML : 33
PrivateFrameworks/ProactiveSupport : 87
PrivateFrameworks/ProactiveSupportStubs : 87
PrivateFrameworks/ProofReader : 1144
PrivateFrameworks/ProtectedCloudStorage : 88
PrivateFrameworks/ProtocolBuffer : 247
PrivateFrameworks/PrototypeTools : 900
PrivateFrameworks/QLCharts : 2254
PrivateFrameworks/Quagga : 1371
PrivateFrameworks/QuickLookIosmac : 116
PrivateFrameworks/QuickLookNonBaseSystem : 105
PrivateFrameworks/QuickLookSupport : 49
PrivateFrameworks/QuickLookThumbnailing : 49
PrivateFrameworks/QuickLookUIIosmac : 116
PrivateFrameworks/RTCReporting : 369
PrivateFrameworks/RTTUI : 96
PrivateFrameworks/RTTUtilities : 96
PrivateFrameworks/Rapport : 287
PrivateFrameworks/RapportUI : 301
PrivateFrameworks/ReminderKit : 68
PrivateFrameworks/ReminderKitUI : 68
PrivateFrameworks/ReminderMigration : 601
PrivateFrameworks/RemoteConfiguration : 4615
PrivateFrameworks/RemoteCoreML : 7470
PrivateFrameworks/RemoteManagement : 23
PrivateFrameworks/RemoteServiceDiscovery : 232
PrivateFrameworks/RemoteTextInput : 4302
PrivateFrameworks/RemoteViewServices : 827
PrivateFrameworks/RemoteXPC : 232
PrivateFrameworks/RenderBox : 1103
PrivateFrameworks/ReplayKitMacHelper : 255
PrivateFrameworks/ResponseKit : 251
PrivateFrameworks/Restore : 2316
PrivateFrameworks/Reveal : 1018
PrivateFrameworks/RevealCore : 1018
PrivateFrameworks/RunningBoard : 101
PrivateFrameworks/RunningBoardServices : 102
PrivateFrameworks/SAObjects : 83
PrivateFrameworks/SCEP : 1930
PrivateFrameworks/SDAPI : 5849
PrivateFrameworks/SMBClient : 29
PrivateFrameworks/SMBClientEngine : 694
PrivateFrameworks/SPFinder : 180
PrivateFrameworks/SPOwner : 180
PrivateFrameworks/SPShared : 468
PrivateFrameworks/SPSupport : 1553
PrivateFrameworks/SafariCore : 2
PrivateFrameworks/SafariFoundation : 2
PrivateFrameworks/SafariShared : 2
PrivateFrameworks/SafariSharedUI : 2
PrivateFrameworks/SafeEjectGPU : 429
PrivateFrameworks/SampleAnalysis : 110
PrivateFrameworks/ScreenReader : 101
PrivateFrameworks/ScreenReaderCore : 101
PrivateFrameworks/ScreenSharing : 42
PrivateFrameworks/ScreenTimeCore : 217
PrivateFrameworks/ScreenTimeServiceUI : 238
PrivateFrameworks/ScreenTimeSettingsUI : 238
PrivateFrameworks/ScreenTimeUI : 238
PrivateFrameworks/SearchAds : 370
PrivateFrameworks/SearchFoundation : 413
PrivateFrameworks/SearchUI : 272
PrivateFrameworks/SearchUICardKitProviderSupport : 235
PrivateFrameworks/SecureChannel : 438
PrivateFrameworks/SecurityTokend : 4048
PrivateFrameworks/Seeding : 1200
PrivateFrameworks/SemanticDocumentManagement : 2762
PrivateFrameworks/SensingProtocols : 7819
PrivateFrameworks/SensorKit : 126
PrivateFrameworks/Sentry : 1806
PrivateFrameworks/ServerCompatibility : 3159
PrivateFrameworks/ServerInformation : 1301
PrivateFrameworks/SetupAssistantSupport : 2023
PrivateFrameworks/ShareKit : 174
PrivateFrameworks/SharePointManagement : 175
PrivateFrameworks/ShareServicesCore : 29
PrivateFrameworks/ShareSheet : 146
PrivateFrameworks/SharedWebCredentials : 525
PrivateFrameworks/Sharing : 388
PrivateFrameworks/SharingXPCServices : 404
PrivateFrameworks/ShazamKit : 622
PrivateFrameworks/Shortcut : 1181
PrivateFrameworks/SignpostCollection : 322
PrivateFrameworks/SignpostMetrics : 322
PrivateFrameworks/SignpostNotification : 93
PrivateFrameworks/SignpostSupport : 322
PrivateFrameworks/SiriAppResolution : 310
PrivateFrameworks/SiriAudioInternal : 1457
PrivateFrameworks/SiriAudioSupport : 1457
PrivateFrameworks/SiriClientFlow : 572
PrivateFrameworks/SiriCore : 71
PrivateFrameworks/SiriFoundation : 204
PrivateFrameworks/SiriInstrumentation : 646
PrivateFrameworks/SiriKitFlow : 310
PrivateFrameworks/SiriOntology : 600
PrivateFrameworks/SiriOntologyProtobuf : 600
PrivateFrameworks/SiriTTS : 26
PrivateFrameworks/SiriTasks : 104
PrivateFrameworks/SiriUI : 218
PrivateFrameworks/SiriVOX : 71
PrivateFrameworks/SkyLight : 17
PrivateFrameworks/Slideshows : 1399
PrivateFrameworks/SocialServices : 143
PrivateFrameworks/SoftwareUpdate : 305
PrivateFrameworks/SpanMatcher : 71
PrivateFrameworks/SpeechDictionary : 2640
PrivateFrameworks/SpeechObjects : 584
PrivateFrameworks/SpeechRecognitionCommandServices : 1921
PrivateFrameworks/SpeechRecognitionCore : 1451
PrivateFrameworks/SpotlightDaemon : 27
PrivateFrameworks/SpotlightIndex : 26
PrivateFrameworks/SpotlightReceiver : 27
PrivateFrameworks/SpotlightServerKit : 26
PrivateFrameworks/StatsKit : 8631
PrivateFrameworks/StorageKit : 1388
PrivateFrameworks/StorageManagement : 802
PrivateFrameworks/StoreServices : 1042
PrivateFrameworks/StreamingZip : 2197
PrivateFrameworks/Suggestions : 1044
PrivateFrameworks/SuggestionsSpotlightMetrics : 33
PrivateFrameworks/Symbolication : 1264
PrivateFrameworks/SymptomDiagnosticReporter : 281
PrivateFrameworks/SymptomReporter : 320
PrivateFrameworks/Symptoms : 320
PrivateFrameworks/SyncServicesUI : 9162
PrivateFrameworks/SyncedDefaults : 299
PrivateFrameworks/SystemAdministration : 501
PrivateFrameworks/SystemAdministrationInterface : 703
PrivateFrameworks/SystemDesktopAppearance : 661
PrivateFrameworks/SystemPolicy : 2
PrivateFrameworks/SystemUIPlugin : 5513
PrivateFrameworks/TCC : 191
PrivateFrameworks/TTYUtilities : 4058
PrivateFrameworks/TVRemoteCore : 239
PrivateFrameworks/TelephonyUtilities : 12
PrivateFrameworks/TemplateKit : 270
PrivateFrameworks/TextInput : 122
PrivateFrameworks/TextInputCore : 122
PrivateFrameworks/TextInputMenuUI : 32
PrivateFrameworks/TextRecognition : 296
PrivateFrameworks/TextToSpeech : 74
PrivateFrameworks/TextureIO : 6303
PrivateFrameworks/TimeSync : 576
PrivateFrameworks/ToneKit : 218
PrivateFrameworks/ToneLibrary : 218
PrivateFrameworks/Tourist : 877
PrivateFrameworks/Transparency : 80
PrivateFrameworks/TransparencyDetailsViewMac : 370
PrivateFrameworks/TrustEvaluationAgent : 3068
PrivateFrameworks/TrustedPeers : 41
PrivateFrameworks/TuriCore : 73
PrivateFrameworks/UAUPlugin : 800
PrivateFrameworks/UIFoundation : 2286
PrivateFrameworks/UIKitMacHelper : 24
PrivateFrameworks/UIKitSystemAppServices : 32
PrivateFrameworks/UIRecording : 1174
PrivateFrameworks/URLFormatting : 236
PrivateFrameworks/USDKit : 88
PrivateFrameworks/Uninstall : 4109
PrivateFrameworks/UniversalAccess : 22
PrivateFrameworks/UsageTracking : 558
PrivateFrameworks/UserActivity : 272
PrivateFrameworks/UserManagement : 70
PrivateFrameworks/VCXMPP : 11581
PrivateFrameworks/VectorKit : 42
PrivateFrameworks/VideoConference : 1662
PrivateFrameworks/VideoProcessing : 1185
PrivateFrameworks/ViewBridge : 220
PrivateFrameworks/VisionKit : 1474
PrivateFrameworks/VisualPairing : 4165
PrivateFrameworks/VisualTestKit : 1390
PrivateFrameworks/VoiceShortcutClient : 80
PrivateFrameworks/VoiceShortcuts : 80
PrivateFrameworks/VoiceTrigger : 2393
PrivateFrameworks/WPDaemon : 191
PrivateFrameworks/WeatherFoundation : 73
PrivateFrameworks/WeatherKit : 35
PrivateFrameworks/WebContentAnalysis : 660
PrivateFrameworks/WebFilterDNS : 660
PrivateFrameworks/WebInspector : 36
PrivateFrameworks/WiFiCloudSyncEngine : 328
PrivateFrameworks/WiFiPeerToPeer : 2142
PrivateFrameworks/WiFiPolicy : 663
PrivateFrameworks/WiFiVelocity : 89
PrivateFrameworks/WirelessCoexManager : 218
PrivateFrameworks/WirelessDiagnostics : 8952
PrivateFrameworks/WirelessProximity : 191
PrivateFrameworks/WorkflowKit : 80
PrivateFrameworks/XARTRecovery : 471
PrivateFrameworks/XCTAutomationSupport : 875
PrivateFrameworks/XCTTargetBootstrap : 875
PrivateFrameworks/XPCService : 9713
PrivateFrameworks/XQuery : 4676
PrivateFrameworks/XprotectFramework : 231
PrivateFrameworks/acfs : 2079
PrivateFrameworks/caulk : 2424
PrivateFrameworks/iAdCore : 371
PrivateFrameworks/iAdServices : 371
PrivateFrameworks/iCalendar : 99
PrivateFrameworks/iLifeMediaBrowser : 512
PrivateFrameworks/iPod : 5491
PrivateFrameworks/iPodSync : 1889
PrivateFrameworks/iPodUpdater : 1771
PrivateFrameworks/iWorkXPC : 3304
PrivateFrameworks/kperf : 1818
PrivateFrameworks/kperfdata : 1818
PrivateFrameworks/ktrace : 772
PrivateFrameworks/login : 1479
PrivateFrameworks/nt : 211
PrivateFrameworks/oncrpc : 2096
PrivateFrameworks/perfdata : 1106
PrivateFrameworks/vCard : 11
PrivateFrameworks/yara : 167
Frameworks/AVKit : 203
Frameworks/BusinessChat : 241
Frameworks/ContactsUI : 32
Frameworks/CoreAudioKit : 249
Frameworks/EventKitUI : 483
Frameworks/GameController : 44
Frameworks/GameKit : 892
Frameworks/GameplayKit : 1356
Frameworks/HealthKit : 97
Frameworks/HealthKitUI : 97
Frameworks/IdentityLookupUI : 31
Frameworks/LinkPresentation : 184
Frameworks/MapKit : 130
Frameworks/MediaPlayer : 49
Frameworks/MetalKit : 509
Frameworks/MobileCoreServices : 15
Frameworks/MultipeerConnectivity : 905
Frameworks/PDFKit : 33
Frameworks/PassKit : 125
Frameworks/PencilKit : 143
Frameworks/RealityKit : 111
Frameworks/ReplayKit : 255
Frameworks/SafariServices : 48
Frameworks/SceneKit : 11
Frameworks/Social : 146
Frameworks/SpriteKit : 95
Frameworks/StoreKit : 69
Frameworks/SwiftUI : 88
Frameworks/UIKit : 27
Frameworks/VisionKit : 1444
Frameworks/WatchConnectivity : 1028
Frameworks/iAd : 371
PrivateFrameworks/AVKitMacHelper : 203
PrivateFrameworks/Accessibility : 111
PrivateFrameworks/AccessibilityUtilities : 111
PrivateFrameworks/ActionKit : 31
PrivateFrameworks/ActionKitUI : 32
PrivateFrameworks/ActivityRingsUI : 1478
PrivateFrameworks/AddressBookLegacy : 841
PrivateFrameworks/AnnotationKit : 159
PrivateFrameworks/AppAnalytics : 299
PrivateFrameworks/AppSupportUI : 1862
PrivateFrameworks/AppleMediaServicesUI : 32
PrivateFrameworks/AuthKitUI : 36
PrivateFrameworks/AuthKitUIMacHelper : 36
PrivateFrameworks/BaseBoardUI : 1329
PrivateFrameworks/CalendarUIKit : 555
PrivateFrameworks/ClassroomKit : 539
PrivateFrameworks/ContactsAutocompleteUI : 489
PrivateFrameworks/ContentKit : 31
PrivateFrameworks/CorePDF : 610
PrivateFrameworks/CoreSuggestionsUI : 36
PrivateFrameworks/DataDetectorsUI : 169
PrivateFrameworks/DocumentManager : 184
PrivateFrameworks/DocumentManagerCore : 184
PrivateFrameworks/EmojiKit : 970
PrivateFrameworks/FMCoreUI : 1132
PrivateFrameworks/FMNetworking : 133
PrivateFrameworks/FrontBoard : 643
PrivateFrameworks/GameCenterUI : 505
PrivateFrameworks/Home : 372
PrivateFrameworks/HomeKit : 12
PrivateFrameworks/HomeUI : 372
PrivateFrameworks/IMAssistantCore : 11
PrivateFrameworks/IMCore : 11
PrivateFrameworks/IMDPersistence : 11
PrivateFrameworks/IMSharedUtilities : 11
PrivateFrameworks/IMTranscoding : 11
PrivateFrameworks/IntlPreferences : 309
PrivateFrameworks/Jet : 1071
PrivateFrameworks/ManagedConfiguration : 178
PrivateFrameworks/MarkupUI : 159
PrivateFrameworks/MediaPlaybackCore : 49
PrivateFrameworks/MobileTimer : 775
PrivateFrameworks/MobileTimerUI : 775
PrivateFrameworks/NanoRegistry : 1139
PrivateFrameworks/NetAppsUtilitiesUI : 5844
PrivateFrameworks/NewsAnalytics : 132
PrivateFrameworks/NewsAnalyticsUpload : 44
PrivateFrameworks/NewsArticles : 132
PrivateFrameworks/NewsCore : 44
PrivateFrameworks/NewsDaemon : 44
PrivateFrameworks/NewsFeed : 132
PrivateFrameworks/NewsFeedLayout : 44
PrivateFrameworks/NewsFoundation : 44
PrivateFrameworks/NewsServicesInternal : 44
PrivateFrameworks/NewsSubscription : 132
PrivateFrameworks/NewsTransport : 44
PrivateFrameworks/NewsUI : 44
PrivateFrameworks/NewsUI2 : 132
PrivateFrameworks/OnBoardingKit : 33
PrivateFrameworks/PassKitUIFoundation : 40
PrivateFrameworks/PencilKit : 143
PrivateFrameworks/PersonaUI : 368
PrivateFrameworks/PodcastsUI : 855
PrivateFrameworks/RTTUI : 52
PrivateFrameworks/RapportUI : 119
PrivateFrameworks/SPShared : 133
PrivateFrameworks/SafariSharedUI : 2
PrivateFrameworks/ScreenTimeUI : 38
PrivateFrameworks/Silex : 44
PrivateFrameworks/SilexVideo : 44
PrivateFrameworks/SilexWeb : 44
PrivateFrameworks/SocialServices : 98
PrivateFrameworks/Stocks : 690
PrivateFrameworks/TSReading : 764
PrivateFrameworks/TSUtility : 764
PrivateFrameworks/TeaActivities : 280
PrivateFrameworks/TeaCharts : 280
PrivateFrameworks/TeaDB : 280
PrivateFrameworks/TeaFoundation : 280
PrivateFrameworks/TeaSettings : 280
PrivateFrameworks/TeaTemplate : 280
PrivateFrameworks/TeaUI : 280
PrivateFrameworks/TeaUIKit : 280
PrivateFrameworks/TelephonyUI : 41
PrivateFrameworks/TransparencyDetailsView : 370
PrivateFrameworks/UIAccessibility : 111
PrivateFrameworks/UIKitCore : 24
PrivateFrameworks/UIKitMacHelper : 24
PrivateFrameworks/UIKitServices : 24
PrivateFrameworks/UserNotificationsExtensionPoint : 860
PrivateFrameworks/VisualAlert : 111
PrivateFrameworks/VisualPairing : 2262
PrivateFrameworks/VoiceMemos : 19
PrivateFrameworks/VoiceShortcutClient : 31
PrivateFrameworks/VoiceShortcuts : 31
PrivateFrameworks/VoiceShortcutsUI : 32
PrivateFrameworks/Weather : 110
PrivateFrameworks/WeatherFoundation : 53
PrivateFrameworks/WorkflowKit : 31
PrivateFrameworks/WorkflowUI : 32
