Applications/Bootstrap Studio : 5.1.1
Frameworks/CoreMediaIO : 693
Frameworks/Hypervisor : 626
Frameworks/IOUSBHost : 497
Frameworks/Kernel : 2
Frameworks/NetworkingDriverKit : 1056
Frameworks/PCIDriverKit : 914
Frameworks/System : 2554
Frameworks/USBDriverKit : 497
PrivateFrameworks/AirTrafficHost : 250
PrivateFrameworks/BridgeOSSoftwareUpdate : 878
PrivateFrameworks/CoreAnalytics : 750
PrivateFrameworks/CoreBrightness : 741
PrivateFrameworks/CoreCapture : 602
PrivateFrameworks/CoreCaptureControl : 602
PrivateFrameworks/CoreCaptureDaemon : 602
PrivateFrameworks/DFRBrightness : 741
PrivateFrameworks/DeviceLink : 250
PrivateFrameworks/EAFirmwareUpdater : 153
PrivateFrameworks/EmbeddedOSInstall : 4109
PrivateFrameworks/FWAVC : 693
PrivateFrameworks/HID : 822
PrivateFrameworks/IOImageLoader : 955
PrivateFrameworks/IOPlatformPluginFamily : 20
PrivateFrameworks/MobileAccessoryUpdater : 153
PrivateFrameworks/MobileAssetUpdater : 153
PrivateFrameworks/MobileDevice : 250
PrivateFrameworks/MultiverseSupport : 133
PrivateFrameworks/OSInstaller : 407
PrivateFrameworks/OSPersonalization : 84
PrivateFrameworks/PassKitCore : 49
PrivateFrameworks/StorageKit : 1561
PrivateFrameworks/SystemMigration : 31
PrivateFrameworks/SystemMigrationNetworking : 31
PrivateFrameworks/SystemMigrationUtils : 31
PrivateFrameworks/WebContentAnalysis : 2286
PrivateFrameworks/WebFilterDNS : 2286
PrivateFrameworks/XARTRecovery : 204
Frameworks/PassKit : 21
