Applications/AltServer : 13
Applications/RunCat : 7.3.0
Applications/Safari : 15609.2.1
Applications/Spotify : 1.1.29.592.gf0779179-15
Applications/App Store : 1004.6.22
Applications/Home : 367.6
Applications/News : 2422.1
Applications/Notes : 1111.23
Applications/Podcasts : 1440.1
Applications/Reminders : 2081.1
Applications/Stocks : 482.1
Utilities/Bluetooth File Exchange : 7.0.5f1
Frameworks/AGL : 3640
Frameworks/AVKit : 176
Frameworks/Accelerate : 909
Frameworks/Accounts : 130
Frameworks/AdSupport : 1990
Frameworks/AddressBook : 17
Frameworks/AppKit : 133
Frameworks/AppleScriptKit : 3358
Frameworks/AppleScriptObjC : 4938
Frameworks/ApplicationServices : 3896
Frameworks/AudioToolbox : 91
Frameworks/AudioUnit : 17
Frameworks/AudioVideoBridging : 644
Frameworks/AutomaticAssessmentConfiguration : 586
Frameworks/Automator : 783
Frameworks/BackgroundTasks : 211
Frameworks/BusinessChat : 489
Frameworks/CFNetwork : 277
Frameworks/CalendarStore : 1019
Frameworks/CallKit : 161
Frameworks/Carbon : 4444
Frameworks/CloudKit : 298
Frameworks/Cocoa : 12646
Frameworks/Collaboration : 4071
Frameworks/ColorSync : 12
Frameworks/Combine : 925
Frameworks/Contacts : 35
Frameworks/ContactsUI : 16
Frameworks/CoreAudio : 270
Frameworks/CoreAudioKit : 320
Frameworks/CoreBluetooth : 96
Frameworks/CoreData : 177
Frameworks/CoreFoundation : 49
Frameworks/CoreGraphics : 330
Frameworks/CoreHaptics : 259
Frameworks/CoreImage : 211
Frameworks/CoreLocation : 116
Frameworks/CoreMIDI : 856
Frameworks/CoreMIDIServer : 856
Frameworks/CoreML : 499
Frameworks/CoreMediaIO : 605
Frameworks/CoreMotion : 116
Frameworks/CoreServices : 41
Frameworks/CoreSpotlight : 51
Frameworks/CoreTelephony : 46
Frameworks/CoreText : 17
Frameworks/CoreVideo : 739
Frameworks/CoreWLAN : 84
Frameworks/CryptoKit : 1185
Frameworks/CryptoTokenKit : 552
Frameworks/DVDPlayback : 669
Frameworks/DeviceCheck : 8999
Frameworks/DirectoryService : 629
Frameworks/DiscRecording : 433
Frameworks/DiscRecordingUI : 433
Frameworks/DiskArbitration : 715
Frameworks/DriverKit : 452
Frameworks/EventKit : 63
Frameworks/ExceptionHandling : 5102
Frameworks/ExternalAccessory : 1396
Frameworks/FWAUserLib : 294
Frameworks/FileProvider : 7
Frameworks/FileProviderUI : 547
Frameworks/ForceFeedback : 4031
Frameworks/Foundation : 49
Frameworks/GLKit : 422
Frameworks/GSS : 745
Frameworks/GameController : 131
Frameworks/GameKit : 3191
Frameworks/GameplayKit : 4813
Frameworks/HIDDriverKit : 315
Frameworks/Hypervisor : 538
Frameworks/IMServicePlugIn : 36
Frameworks/IOBluetooth : 4
Frameworks/IOKit : 317
Frameworks/IOSurface : 916
Frameworks/IOUSBHost : 192
Frameworks/IdentityLookup : 161
Frameworks/ImageIO : 15
Frameworks/InputMethodKit : 606
Frameworks/InstallerPlugins : 686
Frameworks/InstantMessage : 11216
Frameworks/Intents : 38
Frameworks/JavaFrameEmbedding : 1764
Frameworks/JavaScriptCore : 38
Frameworks/JavaVM : 1832
Frameworks/Kerberos : 1117
Frameworks/LDAP : 391
Frameworks/LatentSemanticMapping : 3251
Frameworks/LinkPresentation : 345
Frameworks/LocalAuthentication : 235
Frameworks/MapKit : 237
Frameworks/MediaAccessibility : 416
Frameworks/MediaLibrary : 541
Frameworks/MediaPlayer : 4
Frameworks/Message : 12849
Frameworks/Metal : 10
Frameworks/MetalKit : 496
Frameworks/MetalPerformanceShaders : 26
Frameworks/MetricKit : 1518
Frameworks/ModelIO : 494
Frameworks/MultipeerConnectivity : 2251
Frameworks/NaturalLanguage : 3438
Frameworks/NetFS : 650
Frameworks/Network : 137
Frameworks/NetworkExtension : 38
Frameworks/NetworkingDriverKit : 499
Frameworks/NotificationCenter : 72
Frameworks/OSAKit : 5325
Frameworks/OpenAL : 1045
Frameworks/OpenCL : 1214
Frameworks/OpenDirectory : 629
Frameworks/OpenGL : 3569
Frameworks/PCIDriverKit : 507
Frameworks/PCSC : 142
Frameworks/PencilKit : 551
Frameworks/Photos : 31
Frameworks/PhotosUI : 35
Frameworks/PreferencePanes : 872
Frameworks/PushKit : 2125
Frameworks/Python : 195
Frameworks/QTKit : 1527
Frameworks/Quartz : 9302
Frameworks/QuartzCore : 251
Frameworks/QuickLook : 146
Frameworks/QuickLookThumbnailing : 92
Frameworks/RealityKit : 157
Frameworks/Ruby : 1656
Frameworks/SafariServices : 14
Frameworks/SceneKit : 34
Frameworks/ScreenSaver : 881
Frameworks/ScriptingBridge : 2688
Frameworks/Security : 172
Frameworks/SecurityFoundation : 1476
Frameworks/SecurityInterface : 336
Frameworks/ServiceManagement : 67
Frameworks/Social : 200
Frameworks/SoundAnalysis : 2698
Frameworks/Speech : 1359
Frameworks/SpriteKit : 115
Frameworks/StoreKit : 189
Frameworks/SwiftUI : 115
Frameworks/SyncServices : 9315
Frameworks/System : 821
Frameworks/SystemConfiguration : 103
Frameworks/SystemExtensions : 269
Frameworks/TWAIN : 1299
Frameworks/Tcl : 2024
Frameworks/Tk : 2024
Frameworks/USBDriverKit : 192
Frameworks/UserNotifications : 3996
Frameworks/VideoDecodeAcceleration : 5343
Frameworks/VideoSubscriberAccount : 138
Frameworks/Vision : 75
Frameworks/WebKit : 33
Frameworks/iTunesLibrary : 47
Frameworks/vecLib : 909
Frameworks/vmnet : 223
PrivateFrameworks/AACCore : 306
PrivateFrameworks/ACDEClient : 8599
PrivateFrameworks/AMPDevices : 51
PrivateFrameworks/AMPLibrary : 50
PrivateFrameworks/AMPSharing : 44
PrivateFrameworks/AOSAccounts : 774
PrivateFrameworks/AOSAccountsLite : 774
PrivateFrameworks/AOSKit : 830
PrivateFrameworks/AOSMigrate : 13765
PrivateFrameworks/AOSUI : 337
PrivateFrameworks/APFS : 61
PrivateFrameworks/APTransport : 285
PrivateFrameworks/AVConference : 198
PrivateFrameworks/AVFoundationCF : 16
PrivateFrameworks/AXCoreUtilities : 46
PrivateFrameworks/AXHearingCoreSupport : 4247
PrivateFrameworks/AXHearingSupport : 4247
PrivateFrameworks/AXMediaUtilities : 274
PrivateFrameworks/AXRuntime : 46
PrivateFrameworks/AccessibilityBundles : 89
PrivateFrameworks/AccessibilityPerformance : 155
PrivateFrameworks/AccessibilityPlatformTranslation : 185
PrivateFrameworks/AccessibilitySharedSupport : 185
PrivateFrameworks/AccessibilitySupport : 155
PrivateFrameworks/AccessoryNowPlaying : 315
PrivateFrameworks/AccountPolicy : 3029
PrivateFrameworks/AccountsDaemon : 130
PrivateFrameworks/AccountsUI : 67
PrivateFrameworks/ActionKit : 44
PrivateFrameworks/AdAnalytics : 15
PrivateFrameworks/AdCore : 403
PrivateFrameworks/AdID : 403
PrivateFrameworks/AdPlatforms : 403
PrivateFrameworks/AdPlatformsInternal : 403
PrivateFrameworks/AddressBookAutocomplete : 16
PrivateFrameworks/AddressBookCore : 17
PrivateFrameworks/Admin : 531
PrivateFrameworks/AggregateDictionary : 757
PrivateFrameworks/AggregateDictionaryHistory : 757
PrivateFrameworks/AirPlayReceiver : 364
PrivateFrameworks/AirPlaySender : 364
PrivateFrameworks/AirPlaySupport : 285
PrivateFrameworks/AirTrafficHost : 895
PrivateFrameworks/AmbientDisplay : 300
PrivateFrameworks/AnnotationKit : 810
PrivateFrameworks/AppContainer : 26
PrivateFrameworks/AppSSO : 224
PrivateFrameworks/AppSSOCore : 224
PrivateFrameworks/AppSSOKerberos : 224
PrivateFrameworks/AppSSOUI : 224
PrivateFrameworks/AppSandbox : 26
PrivateFrameworks/AppServerSupport : 69
PrivateFrameworks/AppStoreDaemon : 2
PrivateFrameworks/AppStoreFoundation : 2
PrivateFrameworks/AppStoreKit : 270
PrivateFrameworks/AppStoreUI : 55
PrivateFrameworks/AppSupport : 5307
PrivateFrameworks/AppSupportUI : 7511
PrivateFrameworks/Apple80211 : 213
PrivateFrameworks/AppleAccount : 368
PrivateFrameworks/AppleAppSupport : 9302
PrivateFrameworks/AppleCVA : 498
PrivateFrameworks/AppleFSCompression : 4222
PrivateFrameworks/AppleGVA : 43
PrivateFrameworks/AppleGVACore : 43
PrivateFrameworks/AppleIDAuthSupport : 1478
PrivateFrameworks/AppleIDSSOAuthentication : 368
PrivateFrameworks/AppleJPEG : 1075
PrivateFrameworks/AppleLDAP : 7684
PrivateFrameworks/AppleMediaServices : 195
PrivateFrameworks/AppleMediaServicesUI : 139
PrivateFrameworks/ApplePushService : 5
PrivateFrameworks/AppleSRP : 11296
PrivateFrameworks/AppleSauce : 2164
PrivateFrameworks/AppleScript : 518
PrivateFrameworks/AppleShareClientCore : 2965
PrivateFrameworks/AppleSystemInfo : 1175
PrivateFrameworks/AppleVA : 2682
PrivateFrameworks/AppleVPA : 320
PrivateFrameworks/AskPermission : 449
PrivateFrameworks/AssertionServices : 208
PrivateFrameworks/AssetCacheServices : 119
PrivateFrameworks/AssetCacheServicesExtensions : 119
PrivateFrameworks/AssetsLibraryServices : 31
PrivateFrameworks/AssistiveControlSupport : 92
PrivateFrameworks/AttributeGraph : 627
PrivateFrameworks/AudioDSPManager : 974
PrivateFrameworks/AudioHistory : 974
PrivateFrameworks/AudioPasscode : 2806
PrivateFrameworks/AudioResourceArbitration : 944
PrivateFrameworks/AudioServerApplication : 39
PrivateFrameworks/AudioServerDriver : 39
PrivateFrameworks/AudioSession : 978
PrivateFrameworks/AudioTransportCommon : 3523
PrivateFrameworks/AuthKitUI : 51
PrivateFrameworks/AutoBugCaptureCore : 446
PrivateFrameworks/AutoLoop : 4097
PrivateFrameworks/BackBoardServices : 494
PrivateFrameworks/BackgroundTaskManagement : 173
PrivateFrameworks/BaseBoard : 2330
PrivateFrameworks/BatteryUIKit : 4777
PrivateFrameworks/BehaviorMiner : 128
PrivateFrameworks/BezelServices : 1002
PrivateFrameworks/BioKitAggD : 10069
PrivateFrameworks/BiometricKit : 610
PrivateFrameworks/BiometricKitUI : 212
PrivateFrameworks/BiometricSupport : 537
PrivateFrameworks/BluetoothAudio : 4
PrivateFrameworks/BluetoothManager : 96
PrivateFrameworks/BoardServices : 2330
PrivateFrameworks/Bom : 1221
PrivateFrameworks/BookCoverUtility : 185
PrivateFrameworks/BookKit : 185
PrivateFrameworks/BookKitFoundation : 185
PrivateFrameworks/BookUtility : 185
PrivateFrameworks/BridgeOSInstall : 1307
PrivateFrameworks/BridgeOSInstallReporting : 1307
PrivateFrameworks/BridgeOSObliteration : 189
PrivateFrameworks/BridgeOSSoftwareUpdate : 620
PrivateFrameworks/BridgeXPC : 2986
PrivateFrameworks/BulkSymbolication : 220
PrivateFrameworks/ByteRangeLocking : 2937
PrivateFrameworks/C2 : 392
PrivateFrameworks/CPAnalytics : 31
PrivateFrameworks/CPMLBestShim : 7376
PrivateFrameworks/CSCSupport : 431
PrivateFrameworks/CacheDelete : 192
PrivateFrameworks/CalDAV : 594
PrivateFrameworks/Calculate : 1004
PrivateFrameworks/CalendarAgent : 357
PrivateFrameworks/CalendarAgentLink : 980
PrivateFrameworks/CalendarDraw : 1068
PrivateFrameworks/CalendarFoundation : 65
PrivateFrameworks/CalendarNotification : 639
PrivateFrameworks/CalendarPersistence : 67
PrivateFrameworks/CalendarUI : 245
PrivateFrameworks/CalendarUIKit : 528
PrivateFrameworks/CallHistory : 9
PrivateFrameworks/CameraImagingFramework : 5186
PrivateFrameworks/CaptiveNetwork : 352
PrivateFrameworks/CardKit : 395
PrivateFrameworks/CardServices : 395
PrivateFrameworks/Cards : 395
PrivateFrameworks/Catalyst : 2084
PrivateFrameworks/Categories : 1206
PrivateFrameworks/CharacterPicker : 718
PrivateFrameworks/ChunkingLibrary : 324
PrivateFrameworks/ClassKit : 7
PrivateFrameworks/ClassroomKit : 14
PrivateFrameworks/ClockMenuExtraPreferences : 1520
PrivateFrameworks/CloudDocs : 8
PrivateFrameworks/CloudFamilyRestrictions : 1795
PrivateFrameworks/CloudFamilyRestrictionsDaemon : 1795
PrivateFrameworks/CloudKitCode : 629
PrivateFrameworks/CloudKitCodeProtobuf : 629
PrivateFrameworks/CloudKitDaemon : 249
PrivateFrameworks/CloudPhotoLibrary : 31
PrivateFrameworks/CloudPhotoServices : 31
PrivateFrameworks/CloudPhotoServicesConfiguration : 31
PrivateFrameworks/CloudServices : 20
PrivateFrameworks/Coherence : 9057
PrivateFrameworks/CombineCocoa : 925
PrivateFrameworks/CommerceKit : 55
PrivateFrameworks/CommonAuth : 745
PrivateFrameworks/CommonCandidateWindow : 11316
PrivateFrameworks/CommonUtilities : 7498
PrivateFrameworks/CommunicationsFilter : 1227
PrivateFrameworks/ConditionInducer : 5615
PrivateFrameworks/ConfigProfileHelper : 58
PrivateFrameworks/ConfigurationEngineModel : 258
PrivateFrameworks/ConfigurationProfiles : 58
PrivateFrameworks/ConfigurationProfilesUI : 56
PrivateFrameworks/ConsoleKit : 648
PrivateFrameworks/ConstantClasses : 2604
PrivateFrameworks/ContactsAgent : 1794
PrivateFrameworks/ContactsAssistantServices : 2832
PrivateFrameworks/ContactsAutocomplete : 1626
PrivateFrameworks/ContactsAutocompleteUI : 377
PrivateFrameworks/ContactsDonation : 2576
PrivateFrameworks/ContactsDonationFeedback : 2576
PrivateFrameworks/ContactsFoundation : 191
PrivateFrameworks/ContactsPersistence : 34
PrivateFrameworks/ContactsUICore : 62
PrivateFrameworks/ContentKit : 44
PrivateFrameworks/ContextKit : 1508
PrivateFrameworks/CoreADI : 3028
PrivateFrameworks/CoreAUC : 797
PrivateFrameworks/CoreAVCHD : 3203
PrivateFrameworks/CoreAccessories : 315
PrivateFrameworks/CoreAnalytics : 423
PrivateFrameworks/CoreAppleCVA : 1368
PrivateFrameworks/CoreBrightness : 204
PrivateFrameworks/CoreCapture : 518
PrivateFrameworks/CoreCaptureControl : 518
PrivateFrameworks/CoreCaptureDaemon : 518
PrivateFrameworks/CoreChart : 198
PrivateFrameworks/CoreChineseEngine : 1992
PrivateFrameworks/CoreDAV : 261
PrivateFrameworks/CoreDaemon : 2142
PrivateFrameworks/CoreDuet : 222
PrivateFrameworks/CoreDuetContext : 222
PrivateFrameworks/CoreDuetDaemonProtocol : 222
PrivateFrameworks/CoreDuetDataModel : 222
PrivateFrameworks/CoreDuetDebugLogging : 222
PrivateFrameworks/CoreDuetStatistics : 222
PrivateFrameworks/CoreDuetSync : 222
PrivateFrameworks/CoreEmoji : 3245
PrivateFrameworks/CoreFP : 163
PrivateFrameworks/CoreFollowUp : 1669
PrivateFrameworks/CoreFollowUpUI : 1669
PrivateFrameworks/CoreHAP : 80
PrivateFrameworks/CoreHandwriting : 1268
PrivateFrameworks/CoreKE : 66
PrivateFrameworks/CoreKnowledge : 1204
PrivateFrameworks/CoreLSKD : 31
PrivateFrameworks/CoreLSKDMSE : 221
PrivateFrameworks/CoreMLTestFramework : 409
PrivateFrameworks/CoreMaterial : 1611
PrivateFrameworks/CoreMediaStream : 31
PrivateFrameworks/CoreNLP : 2212
PrivateFrameworks/CoreNameParser : 5880
PrivateFrameworks/CoreNavigation : 349
PrivateFrameworks/CoreOptimization : 7376
PrivateFrameworks/CorePDF : 561
PrivateFrameworks/CoreParsec : 753
PrivateFrameworks/CorePhoneNumbers : 161
PrivateFrameworks/CorePrediction : 7376
PrivateFrameworks/CoreRE : 78
PrivateFrameworks/CoreRecents : 3839
PrivateFrameworks/CoreRecognition : 372
PrivateFrameworks/CoreRoutine : 386
PrivateFrameworks/CoreSDB : 4277
PrivateFrameworks/CoreSVG : 3836
PrivateFrameworks/CoreServicesInternal : 223
PrivateFrameworks/CoreServicesStore : 38
PrivateFrameworks/CoreSpeech : 56
PrivateFrameworks/CoreSpotlightImportDaemon : 51
PrivateFrameworks/CoreSuggestions : 17
PrivateFrameworks/CoreSuggestionsInternals : 17
PrivateFrameworks/CoreSuggestionsML : 17
PrivateFrameworks/CoreSuggestionsUI : 17
PrivateFrameworks/CoreSymbolication : 81
PrivateFrameworks/CoreThemeDefinition : 609
PrivateFrameworks/CoreTime : 362
PrivateFrameworks/CoreUI : 721
PrivateFrameworks/CoreUtils : 33
PrivateFrameworks/CoreUtilsSwift : 4461
PrivateFrameworks/CoreUtilsUI : 28
PrivateFrameworks/CoreWLANKit : 97
PrivateFrameworks/CoreWiFi : 541
PrivateFrameworks/CrashReporterSupport : 181
PrivateFrameworks/CreateML : 410
PrivateFrameworks/CryptoKitCBridging : 1185
PrivateFrameworks/CryptoKitPrivate : 1185
PrivateFrameworks/DAAPKit : 184
PrivateFrameworks/DASDaemon : 211
PrivateFrameworks/DCERPC : 2750
PrivateFrameworks/DCIMServices : 31
PrivateFrameworks/DFRBrightness : 204
PrivateFrameworks/DFRDisplay : 20
PrivateFrameworks/DFRFoundation : 107
PrivateFrameworks/DSExternalDisplay : 544
PrivateFrameworks/DTXConnectionServices : 66
PrivateFrameworks/DVD : 14647
PrivateFrameworks/DataDeliveryServices : 351
PrivateFrameworks/DataDetectors : 87
PrivateFrameworks/DataDetectorsCore : 5849
PrivateFrameworks/DataDetectorsNaturalLanguage : 2200
PrivateFrameworks/DebugSymbols : 3890
PrivateFrameworks/DesktopServicesPriv : 4
PrivateFrameworks/DeviceCheckInternal : 8999
PrivateFrameworks/DeviceIdentity : 378
PrivateFrameworks/DeviceLink : 895
PrivateFrameworks/DeviceManagement : 258
PrivateFrameworks/DeviceToDeviceManager : 10216
PrivateFrameworks/DiagnosticExtensions : 3655
PrivateFrameworks/DialogEngine : 76
PrivateFrameworks/DifferentialPrivacy : 326
PrivateFrameworks/DigitalTouchShared : 5419
PrivateFrameworks/DirectoryEditor : 1211
PrivateFrameworks/DirectoryServer : 11237
PrivateFrameworks/DiskImages : 1528
PrivateFrameworks/DiskManagement : 319
PrivateFrameworks/DisplayServices : 572
PrivateFrameworks/DisplayTransportServices : 2016
PrivateFrameworks/DistributedEvaluation : 885
PrivateFrameworks/DrawingKit : 810
PrivateFrameworks/DuetActivityScheduler : 211
PrivateFrameworks/DuetRecommendation : 222
PrivateFrameworks/DynamicDesktop : 192
PrivateFrameworks/EAFirmwareUpdater : 79
PrivateFrameworks/EAP8021X : 1942
PrivateFrameworks/EFILogin : 1304
PrivateFrameworks/EasyConfig : 33
PrivateFrameworks/Email : 25
PrivateFrameworks/EmailAddressing : 25
PrivateFrameworks/EmailCore : 25
PrivateFrameworks/EmailDaemon : 25
PrivateFrameworks/EmailFoundation : 25
PrivateFrameworks/EmbeddedAcousticRecognition : 232
PrivateFrameworks/EmbeddedOSInstall : 3162
PrivateFrameworks/EmbeddedOSSupportHost : 351
PrivateFrameworks/EmbeddedSensingProtocols : 8179
PrivateFrameworks/EmojiFoundation : 370
PrivateFrameworks/Espresso : 10517
PrivateFrameworks/ExchangeSync : 277
PrivateFrameworks/ExchangeWebServices : 7
PrivateFrameworks/ExpansionSlotSupport : 173
PrivateFrameworks/FMClient : 4146
PrivateFrameworks/FMCore : 1968
PrivateFrameworks/FMCoreLite : 1933
PrivateFrameworks/FMCoreUI : 2231
PrivateFrameworks/FMF : 1623
PrivateFrameworks/FMFCore : 113
PrivateFrameworks/FMFUI : 1623
PrivateFrameworks/FMIPCore : 113
PrivateFrameworks/FMNetworking : 501
PrivateFrameworks/FTClientServices : 261
PrivateFrameworks/FTServices : 261
PrivateFrameworks/FWAVC : 605
PrivateFrameworks/FaceCore : 2918
PrivateFrameworks/FamilyCircle : 690
PrivateFrameworks/FamilyCircleUI : 690
PrivateFrameworks/FamilyControls : 387
PrivateFrameworks/FamilyNotification : 690
PrivateFrameworks/FeatureFlagsSupport : 5560
PrivateFrameworks/FileProvider : 7
PrivateFrameworks/FilesActionsUI : 547
PrivateFrameworks/FindMyDevice : 16
PrivateFrameworks/FindMyDeviceUI : 223
PrivateFrameworks/FindMyMac : 1076
PrivateFrameworks/FlightUtilities : 1736
PrivateFrameworks/FlowFrameKit : 22
PrivateFrameworks/FolderActionsKit : 2048
PrivateFrameworks/FontServices : 3660
PrivateFrameworks/FoundInAppsPlugins : 35
PrivateFrameworks/FrontBoardServices : 1474
PrivateFrameworks/Futhark : 2113
PrivateFrameworks/GPUInfo : 14
PrivateFrameworks/GPURawCounter : 1294
PrivateFrameworks/GPUSupport : 3569
PrivateFrameworks/GPUWrangler : 50
PrivateFrameworks/GameCenterFoundation : 3191
PrivateFrameworks/GameCenterUI : 3191
PrivateFrameworks/GameCenterUICore : 3191
PrivateFrameworks/GameKitServices : 198
PrivateFrameworks/GenerationalStorage : 2196
PrivateFrameworks/GeoKit : 1131
PrivateFrameworks/GeoServices : 53
PrivateFrameworks/Geode : 35
PrivateFrameworks/GraphKit : 13103
PrivateFrameworks/GraphVisualizer : 4236
PrivateFrameworks/GraphicsServices : 5924
PrivateFrameworks/HDAInterface : 851
PrivateFrameworks/HDRProcessing : 29
PrivateFrameworks/HID : 376
PrivateFrameworks/HIDAnalytics : 315
PrivateFrameworks/HIDDisplay : 315
PrivateFrameworks/HMFoundation : 57
PrivateFrameworks/HTTPServer : 1848
PrivateFrameworks/HearingCore : 31
PrivateFrameworks/HearingUtilities : 31
PrivateFrameworks/HeimODAdmin : 214
PrivateFrameworks/Heimdal : 745
PrivateFrameworks/Helium : 1129
PrivateFrameworks/HelloWorldMacHelper : 55
PrivateFrameworks/HelpData : 1537
PrivateFrameworks/HomeAI : 278
PrivateFrameworks/HomeKit : 80
PrivateFrameworks/HomeKitBackingStore : 80
PrivateFrameworks/HomeKitDaemon : 80
PrivateFrameworks/IAP : 370
PrivateFrameworks/IDS : 261
PrivateFrameworks/IDSFoundation : 261
PrivateFrameworks/IDSHashPersistence : 396
PrivateFrameworks/IDSKVStore : 396
PrivateFrameworks/IDSSystemPreferencesSignIn : 261
PrivateFrameworks/IMAP : 24
PrivateFrameworks/IMAVCore : 10152
PrivateFrameworks/IMAssistantCore : 36
PrivateFrameworks/IMCore : 36
PrivateFrameworks/IMDMessageServices : 36
PrivateFrameworks/IMDPersistence : 36
PrivateFrameworks/IMDaemonCore : 36
PrivateFrameworks/IMSharedUI : 527
PrivateFrameworks/IMSharedUtilities : 36
PrivateFrameworks/IMTranscoderAgent : 36
PrivateFrameworks/IMTranscoding : 36
PrivateFrameworks/IMTransferAgent : 36
PrivateFrameworks/IOImageLoader : 860
PrivateFrameworks/IOKitten : 3523
PrivateFrameworks/IOPlatformPluginFamily : 27
PrivateFrameworks/IOPresentment : 49
PrivateFrameworks/ISSupport : 11100
PrivateFrameworks/IconServices : 341
PrivateFrameworks/IdleTimerServices : 9040
PrivateFrameworks/IncomingCallFilter : 1227
PrivateFrameworks/InertiaCam : 373
PrivateFrameworks/InputContext : 7833
PrivateFrameworks/InputTranscoder : 1675
PrivateFrameworks/Install : 325
PrivateFrameworks/InstallerDiagnostics : 1634
PrivateFrameworks/Intents : 38
PrivateFrameworks/IntentsCore : 38
PrivateFrameworks/IntentsFoundation : 38
PrivateFrameworks/IntentsServices : 38
PrivateFrameworks/InternationalSupport : 577
PrivateFrameworks/InternationalTextSearch : 4054
PrivateFrameworks/InternetAccounts : 1302
PrivateFrameworks/IntlPreferences : 916
PrivateFrameworks/JavaApplicationLauncher : 1764
PrivateFrameworks/JavaLaunching : 1644
PrivateFrameworks/JavaScriptAppleEvents : 70
PrivateFrameworks/JavaScriptOSA : 3030
PrivateFrameworks/Jet : 3450
PrivateFrameworks/JetEngine : 1031
PrivateFrameworks/JetUI : 1023
PrivateFrameworks/KerberosHelper : 3163
PrivateFrameworks/KeyboardServices : 221
PrivateFrameworks/KeychainCircle : 172
PrivateFrameworks/KnowledgeGraphKit : 43
PrivateFrameworks/KnowledgeMonitor : 161
PrivateFrameworks/LanguageModeling : 1502
PrivateFrameworks/Lexicon : 6075
PrivateFrameworks/LibraryRepair : 1656
PrivateFrameworks/LimitAdTracking : 403
PrivateFrameworks/LinguisticData : 92
PrivateFrameworks/LinkPresentation : 345
PrivateFrameworks/LocalAuthenticationRecoveryUI : 235
PrivateFrameworks/LocalAuthenticationUI : 235
PrivateFrameworks/LocationSupport : 116
PrivateFrameworks/LockoutUI : 3480
PrivateFrameworks/LoginUIKit : 227
PrivateFrameworks/Lookup : 1172
PrivateFrameworks/MDSChannel : 2936
PrivateFrameworks/MFAAuthentication : 315
PrivateFrameworks/MFiAuthentication : 370
PrivateFrameworks/MLFoundation : 560
PrivateFrameworks/MMCS : 392
PrivateFrameworks/MMCSServices : 36
PrivateFrameworks/MTLCompiler : 10
PrivateFrameworks/MTLSimImplementation : 10
PrivateFrameworks/MachineSettings : 5592
PrivateFrameworks/Mail : 24
PrivateFrameworks/MailCore : 24
PrivateFrameworks/MailService : 24
PrivateFrameworks/MailSupport : 25
PrivateFrameworks/MailUI : 24
PrivateFrameworks/MailWebProcessSupport : 25
PrivateFrameworks/MallocStackLogging : 81
PrivateFrameworks/ManagedClient : 58
PrivateFrameworks/Mangrove : 1224
PrivateFrameworks/MapsSuggestions : 255
PrivateFrameworks/MapsSupport : 255
PrivateFrameworks/MarkupUI : 810
PrivateFrameworks/MediaControlSender : 285
PrivateFrameworks/MediaConversionService : 31
PrivateFrameworks/MediaKit : 5230
PrivateFrameworks/MediaMiningKit : 43
PrivateFrameworks/MediaRemote : 13
PrivateFrameworks/MediaServices : 179
PrivateFrameworks/MediaStream : 31
PrivateFrameworks/Memories : 82
PrivateFrameworks/MessageProtection : 827
PrivateFrameworks/MessageSecurity : 659
PrivateFrameworks/MessageUIMacHelper : 95
PrivateFrameworks/MessagesHelperKit : 14
PrivateFrameworks/MessagesKit : 14
PrivateFrameworks/MetadataUtilities : 49
PrivateFrameworks/MetalTools : 10
PrivateFrameworks/MetricKitCore : 1518
PrivateFrameworks/MetricKitServices : 1518
PrivateFrameworks/MetricKitSource : 1518
PrivateFrameworks/MetricMeasurement : 1518
PrivateFrameworks/MiniSoftwareUpdate : 2250
PrivateFrameworks/MobileAccessoryUpdater : 79
PrivateFrameworks/MobileActivationMacOS : 378
PrivateFrameworks/MobileAsset : 28
PrivateFrameworks/MobileAssetUpdater : 79
PrivateFrameworks/MobileBluetooth : 96
PrivateFrameworks/MobileDevice : 895
PrivateFrameworks/MobileIcons : 341
PrivateFrameworks/MobileKeyBag : 931
PrivateFrameworks/Mondrian : 35
PrivateFrameworks/MonitorPanel : 177
PrivateFrameworks/Montreal : 886
PrivateFrameworks/MultitouchSupport : 1100
PrivateFrameworks/MusicLibrary : 299
PrivateFrameworks/NLP : 5142
PrivateFrameworks/Navigation : 108
PrivateFrameworks/NearField : 27
PrivateFrameworks/NetAppsUtilities : 5953
PrivateFrameworks/NetAuth : 322
PrivateFrameworks/NetFSServer : 656
PrivateFrameworks/Netrb : 604
PrivateFrameworks/Network : 137
PrivateFrameworks/NetworkServiceProxy : 3759
PrivateFrameworks/NetworkStatistics : 5535
PrivateFrameworks/NeutrinoCore : 31
PrivateFrameworks/NeutrinoKit : 31
PrivateFrameworks/Notes : 8
PrivateFrameworks/NotesShared : 8
PrivateFrameworks/NotesUI : 8
PrivateFrameworks/Noticeboard : 2568
PrivateFrameworks/NotificationCenterUI : 72
PrivateFrameworks/OAuth : 19964
PrivateFrameworks/OSAServicesClient : 310
PrivateFrameworks/OSASubmissionClient : 281
PrivateFrameworks/OSASyncProxyClient : 281
PrivateFrameworks/OSAnalytics : 310
PrivateFrameworks/OSAnalyticsPrivate : 281
PrivateFrameworks/OSD : 2743
PrivateFrameworks/OSInstaller : 350
PrivateFrameworks/OSPersonalization : 1796
PrivateFrameworks/OSUpdate : 334
PrivateFrameworks/OTSVG : 17
PrivateFrameworks/OfficeImport : 2360
PrivateFrameworks/OnBoardingKit : 117
PrivateFrameworks/OpenDirectoryConfig : 14064
PrivateFrameworks/OpenDirectoryConfigUI : 2184
PrivateFrameworks/Osprey : 105
PrivateFrameworks/PAImaging : 35
PrivateFrameworks/PAImagingCore : 35
PrivateFrameworks/PASampling : 220
PrivateFrameworks/PIP : 1308
PrivateFrameworks/PSNormalizer : 1075
PrivateFrameworks/PacketFilter : 1127
PrivateFrameworks/ParsecModel : 753
PrivateFrameworks/ParsecSubscriptionServiceSupport : 753
PrivateFrameworks/ParsecUI : 54
PrivateFrameworks/PassKit : 14
PrivateFrameworks/PassKitCore : 13
PrivateFrameworks/PassKitUI : 60
PrivateFrameworks/PassKitUIFoundation : 13
PrivateFrameworks/PasswordServer : 8251
PrivateFrameworks/PencilKit : 551
PrivateFrameworks/PeopleSuggester : 222
PrivateFrameworks/PerformanceAnalysis : 220
PrivateFrameworks/PersistentConnection : 877
PrivateFrameworks/PersonaKit : 928
PrivateFrameworks/PersonaUI : 928
PrivateFrameworks/PersonalizationPortrait : 35
PrivateFrameworks/PersonalizationPortraitInternals : 35
PrivateFrameworks/PhoneNumbers : 161
PrivateFrameworks/PhotoAnalysis : 43
PrivateFrameworks/PhotoFoundation : 31
PrivateFrameworks/PhotoImaging : 31
PrivateFrameworks/PhotoLibrary : 35
PrivateFrameworks/PhotoLibraryServices : 31
PrivateFrameworks/PhotoPrintProduct : 1374
PrivateFrameworks/PhotoVision : 31
PrivateFrameworks/PhotosFormats : 31
PrivateFrameworks/PhotosGraph : 43
PrivateFrameworks/PhotosImagingFoundation : 31
PrivateFrameworks/PhotosPlayer : 31
PrivateFrameworks/PhotosUICore : 35
PrivateFrameworks/PhysicsKit : 3899
PrivateFrameworks/PipelineKit : 43
PrivateFrameworks/PlacesKit : 35
PrivateFrameworks/PlugInKit : 1253
PrivateFrameworks/PodcastsFoundation : 10
PrivateFrameworks/PowerLog : 51
PrivateFrameworks/PowerlogControl : 44
PrivateFrameworks/PowerlogCore : 44
PrivateFrameworks/PowerlogDatabaseReader : 44
PrivateFrameworks/PowerlogLiteOperators : 68
PrivateFrameworks/PreferencePanesSupport : 1254
PrivateFrameworks/PrintKit : 3620
PrivateFrameworks/PrintingPrivate : 829
PrivateFrameworks/PrivateFederatedLearning : 487
PrivateFrameworks/ProVideo : 1329
PrivateFrameworks/ProactiveEventTracker : 141
PrivateFrameworks/ProactiveExperiments : 17
PrivateFrameworks/ProactiveExperimentsInternals : 17
PrivateFrameworks/ProactiveML : 17
PrivateFrameworks/ProactiveSupport : 141
PrivateFrameworks/ProactiveSupportStubs : 141
PrivateFrameworks/ProofReader : 1780
PrivateFrameworks/ProtectedCloudStorage : 40
PrivateFrameworks/ProtocolBuffer : 277
PrivateFrameworks/PrototypeTools : 1594
PrivateFrameworks/QLCharts : 2360
PrivateFrameworks/Quagga : 1395
PrivateFrameworks/QuickLookIosmac : 146
PrivateFrameworks/QuickLookNonBaseSystem : 135
PrivateFrameworks/QuickLookSupport : 92
PrivateFrameworks/QuickLookThumbnailing : 92
PrivateFrameworks/QuickLookUIIosmac : 146
PrivateFrameworks/RTCReporting : 451
PrivateFrameworks/RTTUI : 31
PrivateFrameworks/RTTUtilities : 31
PrivateFrameworks/Rapport : 370
PrivateFrameworks/RapportUI : 384
PrivateFrameworks/ReminderMigration : 638
PrivateFrameworks/RemoteConfiguration : 7
PrivateFrameworks/RemoteCoreML : 7771
PrivateFrameworks/RemoteManagement : 49
PrivateFrameworks/RemoteServiceDiscovery : 63
PrivateFrameworks/RemoteTextInput : 4395
PrivateFrameworks/RemoteViewServices : 855
PrivateFrameworks/RemoteXPC : 63
PrivateFrameworks/RenderBox : 1359
PrivateFrameworks/ReplayKitMacHelper : 7
PrivateFrameworks/ResponseKit : 309
PrivateFrameworks/Restore : 2738
PrivateFrameworks/Reveal : 1048
PrivateFrameworks/RevealCore : 1048
PrivateFrameworks/RunningBoard : 204
PrivateFrameworks/RunningBoardServices : 208
PrivateFrameworks/SAObjects : 168
PrivateFrameworks/SCEP : 2044
PrivateFrameworks/SDAPI : 6013
PrivateFrameworks/SMBClient : 52
PrivateFrameworks/SMBClientEngine : 741
PrivateFrameworks/SPFinder : 280
PrivateFrameworks/SPOwner : 280
PrivateFrameworks/SPShared : 501
PrivateFrameworks/SPSupport : 1678
PrivateFrameworks/SafariSafeBrowsing : 16
PrivateFrameworks/SafariSharedUI : 14
PrivateFrameworks/SafeEjectGPU : 459
PrivateFrameworks/SampleAnalysis : 220
PrivateFrameworks/ScreenReader : 130
PrivateFrameworks/ScreenReaderCore : 130
PrivateFrameworks/ScreenSharing : 15
PrivateFrameworks/ScreenTimeCore : 347
PrivateFrameworks/ScreenTimeServiceUI : 390
PrivateFrameworks/ScreenTimeSettingsUI : 390
PrivateFrameworks/ScreenTimeUI : 390
PrivateFrameworks/SearchAds : 403
PrivateFrameworks/SearchFoundation : 753
PrivateFrameworks/SearchUI : 673
PrivateFrameworks/SearchUICardKitProviderSupport : 281
PrivateFrameworks/SecCodeWrapper : 26
PrivateFrameworks/SecureChannel : 553
PrivateFrameworks/SecurityTokend : 4237
PrivateFrameworks/Seeding : 1224
PrivateFrameworks/SemanticDocumentManagement : 2907
PrivateFrameworks/SensingProtocols : 8179
PrivateFrameworks/SensorKit : 192
PrivateFrameworks/Sentry : 1837
PrivateFrameworks/ServerCompatibility : 3281
PrivateFrameworks/ServerInformation : 1415
PrivateFrameworks/SetupAssistantFramework : 52
PrivateFrameworks/SetupAssistantSupport : 2059
PrivateFrameworks/ShareKit : 204
PrivateFrameworks/SharePointManagement : 205
PrivateFrameworks/ShareServicesCore : 35
PrivateFrameworks/SharedWebCredentials : 615
PrivateFrameworks/Sharing : 18
PrivateFrameworks/SharingXPCServices : 19
PrivateFrameworks/ShazamKit : 647
PrivateFrameworks/Shortcut : 1210
PrivateFrameworks/SidecarCore : 17
PrivateFrameworks/SidecarUI : 17
PrivateFrameworks/SignpostNotification : 6
PrivateFrameworks/SiriAppResolution : 22
PrivateFrameworks/SiriAudioInternal : 1586
PrivateFrameworks/SiriAudioSupport : 1586
PrivateFrameworks/SiriClientFlow : 652
PrivateFrameworks/SiriFoundation : 234
PrivateFrameworks/SiriInstrumentation : 767
PrivateFrameworks/SiriKitFlow : 22
PrivateFrameworks/SiriOntology : 708
PrivateFrameworks/SiriOntologyProtobuf : 708
PrivateFrameworks/SiriTTS : 49
PrivateFrameworks/SiriUI : 253
PrivateFrameworks/SkyLight : 27
PrivateFrameworks/Slideshows : 1429
PrivateFrameworks/SocialAppsCore : 14
PrivateFrameworks/SocialServices : 189
PrivateFrameworks/SocialUI : 14
PrivateFrameworks/SoftwareUpdate : 334
PrivateFrameworks/SpeechDictionary : 2678
PrivateFrameworks/SpeechObjects : 613
PrivateFrameworks/SpeechRecognitionCommandServices : 1982
PrivateFrameworks/SpeechRecognitionCore : 28
PrivateFrameworks/Spotlight : 54
PrivateFrameworks/SpotlightDaemon : 51
PrivateFrameworks/SpotlightIndex : 50
PrivateFrameworks/SpotlightReceiver : 51
PrivateFrameworks/SpotlightServerKit : 50
PrivateFrameworks/SpotlightServices : 54
PrivateFrameworks/StatsKit : 9063
PrivateFrameworks/StorageKit : 1441
PrivateFrameworks/StorageManagement : 832
PrivateFrameworks/StoreFoundation : 55
PrivateFrameworks/StoreJavaScript : 55
PrivateFrameworks/StoreServices : 1177
PrivateFrameworks/StoreUI : 55
PrivateFrameworks/StreamingZip : 2314
PrivateFrameworks/Suggestions : 1073
PrivateFrameworks/SuggestionsSpotlightMetrics : 17
PrivateFrameworks/Symbolication : 81
PrivateFrameworks/SymptomDiagnosticReporter : 399
PrivateFrameworks/SymptomReporter : 446
PrivateFrameworks/Symptoms : 446
PrivateFrameworks/SyncServicesUI : 9315
PrivateFrameworks/SyncedDefaults : 409
PrivateFrameworks/SystemAdministration : 531
PrivateFrameworks/SystemAdministrationInterface : 740
PrivateFrameworks/SystemDesktopAppearance : 809
PrivateFrameworks/SystemMigration : 66
PrivateFrameworks/SystemMigrationNetworking : 66
PrivateFrameworks/SystemMigrationUtils : 66
PrivateFrameworks/SystemUIPlugin : 5629
PrivateFrameworks/TCC : 313
PrivateFrameworks/TTYUtilities : 4247
PrivateFrameworks/TVRemoteCore : 52
PrivateFrameworks/TelephonyUtilities : 36
PrivateFrameworks/TemplateKit : 678
PrivateFrameworks/TextInput : 12
PrivateFrameworks/TextInputCore : 12
PrivateFrameworks/TextInputMenuUI : 55
PrivateFrameworks/TextRecognition : 363
PrivateFrameworks/TextToSpeech : 133
PrivateFrameworks/TextureIO : 6735
PrivateFrameworks/TimeMachine : 37
PrivateFrameworks/TimeSync : 617
PrivateFrameworks/ToneKit : 299
PrivateFrameworks/ToneLibrary : 299
PrivateFrameworks/Tourist : 915
PrivateFrameworks/Transparency : 21
PrivateFrameworks/TransparencyDetailsViewMac : 403
PrivateFrameworks/TrustEvaluationAgent : 3099
PrivateFrameworks/TrustedPeers : 172
PrivateFrameworks/TuriCore : 103
PrivateFrameworks/UAUPlugin : 829
PrivateFrameworks/UIFoundation : 2918
PrivateFrameworks/UIKitSystemAppServices : 55
PrivateFrameworks/UIRecording : 1291
PrivateFrameworks/URLFormatting : 297
PrivateFrameworks/USDKit : 161
PrivateFrameworks/UXKit : 31
PrivateFrameworks/Uninstall : 4138
PrivateFrameworks/UniversalAccess : 17
PrivateFrameworks/UsageTracking : 770
PrivateFrameworks/UserActivity : 383
PrivateFrameworks/UserManagement : 133
PrivateFrameworks/VCXMPP : 11608
PrivateFrameworks/VectorKit : 71
PrivateFrameworks/VideoConference : 1772
PrivateFrameworks/VideoProcessing : 1373
PrivateFrameworks/ViewBridge : 251
PrivateFrameworks/VisionKit : 1505
PrivateFrameworks/VisualPairing : 4196
PrivateFrameworks/VisualTestKit : 1513
PrivateFrameworks/VoiceShortcutClient : 44
PrivateFrameworks/VoiceShortcuts : 44
PrivateFrameworks/VoiceTrigger : 2503
PrivateFrameworks/WPDaemon : 236
PrivateFrameworks/WatchdogClient : 68
PrivateFrameworks/WeatherKit : 59
PrivateFrameworks/WebContentAnalysis : 1055
PrivateFrameworks/WebFilterDNS : 1055
PrivateFrameworks/WebInspector : 29
PrivateFrameworks/WiFiCloudSyncEngine : 358
PrivateFrameworks/WiFiPeerToPeer : 2173
PrivateFrameworks/WiFiPolicy : 698
PrivateFrameworks/WiFiVelocity : 120
PrivateFrameworks/WirelessCoexManager : 234
PrivateFrameworks/WirelessDiagnostics : 10111
PrivateFrameworks/WirelessProximity : 236
PrivateFrameworks/WorkflowKit : 44
PrivateFrameworks/XARTRecovery : 37
PrivateFrameworks/XCTAutomationSupport : 950
PrivateFrameworks/XCTTargetBootstrap : 950
PrivateFrameworks/XPCService : 9790
PrivateFrameworks/XQuery : 4788
PrivateFrameworks/XprotectFramework : 261
PrivateFrameworks/acfs : 2113
PrivateFrameworks/caulk : 2527
PrivateFrameworks/iAdCore : 15
PrivateFrameworks/iAdServices : 15
PrivateFrameworks/iCalendar : 130
PrivateFrameworks/iLifeMediaBrowser : 541
PrivateFrameworks/iPod : 5609
PrivateFrameworks/iPodSync : 2029
PrivateFrameworks/iPodUpdater : 1886
PrivateFrameworks/iWorkXPC : 3690
PrivateFrameworks/kperf : 1922
PrivateFrameworks/kperfdata : 1922
PrivateFrameworks/ktrace : 895
PrivateFrameworks/login : 1504
PrivateFrameworks/nt : 241
PrivateFrameworks/oncrpc : 2174
PrivateFrameworks/perfdata : 1323
PrivateFrameworks/vCard : 34
PrivateFrameworks/yara : 195
CoreServices/Bluetooth Setup Assistant : 7.0.5f1
CoreServices/BluetoothUIServer : 7.0.5f1
CoreServices/Finder : 1298.5.2
CoreServices/Install in Progress : 990.2
CoreServices/Installer Progress : 550.3
CoreServices/Keychain Circle Notification : 59306.120.2
CoreServices/OBEXAgent : 7.0.5f1
CoreServices/UniversalAccessControl : 487.12
Applications/Archive Utility : 128.5.1
Applications/Screen Sharing : 499.63
Frameworks/AVKit : 234
Frameworks/AuthenticationServices : 10
Frameworks/BusinessChat : 271
Frameworks/ContactsUI : 55
Frameworks/CoreAudioKit : 278
Frameworks/CoreNFC : 8
Frameworks/EventKitUI : 514
Frameworks/GameController : 67
Frameworks/GameKit : 979
Frameworks/GameplayKit : 1457
Frameworks/IdentityLookupUI : 61
Frameworks/JavaScriptCore : 10
Frameworks/LinkPresentation : 215
Frameworks/MapKit : 251
Frameworks/MediaPlayer : 4
Frameworks/MessageUI : 95
Frameworks/MetalKit : 539
Frameworks/MobileCoreServices : 42
Frameworks/MultipeerConnectivity : 987
Frameworks/PassKit : 5
Frameworks/PencilKit : 264
Frameworks/PhotosUI : 34
Frameworks/QuickLook : 74
Frameworks/RealityKit : 125
Frameworks/ReplayKit : 7
Frameworks/SceneKit : 36
Frameworks/Social : 176
Frameworks/SpriteKit : 120
Frameworks/StoreKit : 182
Frameworks/SwiftUI : 121
Frameworks/UIKit : 12
Frameworks/VisionKit : 1474
Frameworks/WatchConnectivity : 1094
Frameworks/iAd : 15
PrivateFrameworks/AVKitMacHelper : 234
PrivateFrameworks/Accessibility : 19
PrivateFrameworks/AccessibilityUtilities : 19
PrivateFrameworks/ActionKit : 21
PrivateFrameworks/ActionKitUI : 21
PrivateFrameworks/ActivityRingsUI : 1570
PrivateFrameworks/AddressBookLegacy : 988
PrivateFrameworks/AnnotationKit : 279
PrivateFrameworks/AppAnalytics : 11
PrivateFrameworks/AppSupportUI : 2025
PrivateFrameworks/AppleMediaServicesUI : 56
PrivateFrameworks/AuthKitUI : 16
PrivateFrameworks/AuthKitUIMacHelper : 16
PrivateFrameworks/BaseBoardUI : 2029
PrivateFrameworks/CalendarUIKit : 584
PrivateFrameworks/ClassroomKit : 8
PrivateFrameworks/ContactsAutocompleteUI : 519
PrivateFrameworks/ContentKit : 21
PrivateFrameworks/CorePDF : 641
PrivateFrameworks/CoreRecognition : 192
PrivateFrameworks/CoreSuggestionsUI : 18
PrivateFrameworks/DataDetectorsUI : 289
PrivateFrameworks/DocumentManager : 241
PrivateFrameworks/DocumentManagerCore : 241
PrivateFrameworks/EmojiKit : 1011
PrivateFrameworks/FMCoreUI : 1197
PrivateFrameworks/FrontBoard : 1510
PrivateFrameworks/GameCenterUI : 625
PrivateFrameworks/Home : 104
PrivateFrameworks/HomeKit : 15
PrivateFrameworks/HomeUI : 104
PrivateFrameworks/IMAssistantCore : 37
PrivateFrameworks/IMCore : 37
PrivateFrameworks/IMDPersistence : 37
PrivateFrameworks/IMSharedUtilities : 37
PrivateFrameworks/IMTranscoding : 37
PrivateFrameworks/IntlPreferences : 338
PrivateFrameworks/Jet : 1102
PrivateFrameworks/ManagedConfiguration : 207
PrivateFrameworks/MarkupUI : 279
PrivateFrameworks/MediaPlaybackCore : 4
PrivateFrameworks/MobileTimer : 896
PrivateFrameworks/MobileTimerUI : 896
PrivateFrameworks/NanoRegistry : 1291
PrivateFrameworks/NetAppsUtilitiesUI : 5953
PrivateFrameworks/NewsAnalytics : 7
PrivateFrameworks/NewsArticles : 7
PrivateFrameworks/NewsFeed : 7
PrivateFrameworks/NewsSubscription : 7
PrivateFrameworks/NewsUI2 : 7
PrivateFrameworks/OnBoardingKit : 57
PrivateFrameworks/PencilKit : 264
PrivateFrameworks/PersonaUI : 398
PrivateFrameworks/PhotoLibrary : 34
PrivateFrameworks/PhotosPlayer : 34
PrivateFrameworks/PhotosUICore : 34
PrivateFrameworks/PodcastsUI : 10
PrivateFrameworks/RTTUI : 20
PrivateFrameworks/RapportUI : 149
PrivateFrameworks/SafariShared : 10
PrivateFrameworks/SafariSharedUI : 10
PrivateFrameworks/ScreenTimeUI : 62
PrivateFrameworks/SocialServices : 127
PrivateFrameworks/Stocks : 1522
PrivateFrameworks/TSReading : 884
PrivateFrameworks/TSUtility : 884
PrivateFrameworks/TelephonyUI : 72
PrivateFrameworks/TransparencyDetailsView : 403
PrivateFrameworks/UIAccessibility : 19
PrivateFrameworks/UIKitServices : 9
PrivateFrameworks/UserNotificationsExtensionPoint : 1024
PrivateFrameworks/VisualAlert : 19
PrivateFrameworks/VisualPairing : 2292
PrivateFrameworks/VoiceMemos : 55
PrivateFrameworks/VoiceShortcutClient : 21
PrivateFrameworks/VoiceShortcuts : 21
PrivateFrameworks/VoiceShortcutsUI : 21
PrivateFrameworks/Weather : 10
PrivateFrameworks/WeatherFoundation : 5
PrivateFrameworks/WebInspector : 10
PrivateFrameworks/WorkflowKit : 21
PrivateFrameworks/WorkflowUI : 21
