Applications/AltServer : 18
Applications/AltTab : 3.7.3
Applications/Discord : 0.0.257
Applications/DockMate : 2
Applications/Gifski : 35
Applications/GitHub Desktop : 2.4.1
Applications/Google Chrome : 4044.113
Applications/Icon Set Creator : 621877794378027
Applications/MacUpdater : 8185
Applications/Music Bar : 1.3.1
Applications/RunCat : 7.5.0
Applications/Safari : 15609.2.3
Applications/Spotify : 1.1.30.658.gf13cde74-16
Applications/The Unarchiver : 128
Applications/Xcode : 16137
Applications/Music : 1.0.5
Applications/News : 2428
Applications/Photos : 151.19.150
Applications/Podcasts : 1440.3
Applications/Reminders : 2081.2
Applications/Stocks : 483
Applications/TV : 1.0.5
Frameworks/AGL : 3650
Frameworks/AVFoundation : 49
Frameworks/AVKit : 186
Frameworks/Accelerate : 1002
Frameworks/Accounts : 193
Frameworks/AdSupport : 2004
Frameworks/AddressBook : 27
Frameworks/AppKit : 177
Frameworks/AppleScriptKit : 3368
Frameworks/AppleScriptObjC : 5009
Frameworks/ApplicationServices : 3951
Frameworks/AudioToolbox : 37
Frameworks/AudioUnit : 9
Frameworks/AudioVideoBridging : 659
Frameworks/AuthenticationServices : 20
Frameworks/AutomaticAssessmentConfiguration : 621
Frameworks/Automator : 799
Frameworks/BackgroundTasks : 261
Frameworks/BusinessChat : 525
Frameworks/CFNetwork : 354
Frameworks/CalendarStore : 1030
Frameworks/CallKit : 16
Frameworks/Carbon : 4483
Frameworks/CloudKit : 354
Frameworks/Cocoa : 12921
Frameworks/Collaboration : 4081
Frameworks/ColorSync : 31
Frameworks/Combine : 980
Frameworks/Contacts : 45
Frameworks/ContactsUI : 32
Frameworks/CoreAudio : 326
Frameworks/CoreAudioKit : 330
Frameworks/CoreAudioTypes : 37
Frameworks/CoreBluetooth : 106
Frameworks/CoreData : 188
Frameworks/CoreFoundation : 35
Frameworks/CoreHaptics : 285
Frameworks/CoreImage : 221
Frameworks/CoreLocation : 126
Frameworks/CoreMIDI : 910
Frameworks/CoreMIDIServer : 910
Frameworks/CoreML : 547
Frameworks/CoreMedia : 8
Frameworks/CoreMediaIO : 638
Frameworks/CoreMotion : 126
Frameworks/CoreServices : 8
Frameworks/CoreSpotlight : 62
Frameworks/CoreTelephony : 10
Frameworks/CoreText : 22
Frameworks/CoreVideo : 799
Frameworks/CoreWLAN : 97
Frameworks/CryptoKit : 1246
Frameworks/CryptoTokenKit : 627
Frameworks/DVDPlayback : 735
Frameworks/DeviceCheck : 9048
Frameworks/DirectoryService : 639
Frameworks/DiscRecording : 443
Frameworks/DiscRecordingUI : 443
Frameworks/DriverKit : 508
Frameworks/ExceptionHandling : 5116
Frameworks/ExecutionPolicy : 16
Frameworks/ExternalAccessory : 1441
Frameworks/FWAUserLib : 367
Frameworks/FileProviderUI : 726
Frameworks/ForceFeedback : 4102
Frameworks/Foundation : 36
Frameworks/GLKit : 654
Frameworks/GLUT : 286
Frameworks/GSS : 800
Frameworks/GameController : 163
Frameworks/GameKit : 3722
Frameworks/GameplayKit : 4889
Frameworks/HIDDriverKit : 38
Frameworks/Hypervisor : 566
Frameworks/ICADevices : 26
Frameworks/IMServicePlugIn : 14
Frameworks/IOBluetooth : 12
Frameworks/IOBluetoothUI : 12
Frameworks/IOKit : 422
Frameworks/IOSurface : 1016
Frameworks/IOUSBHost : 159
Frameworks/IdentityLookup : 16
Frameworks/ImageCaptureCore : 26
Frameworks/ImageIO : 1
Frameworks/InputMethodKit : 616
Frameworks/InstallerPlugins : 702
Frameworks/InstantMessage : 11295
Frameworks/Intents : 192
Frameworks/JavaFrameEmbedding : 1774
Frameworks/JavaScriptCore : 40
Frameworks/JavaVM : 1843
Frameworks/Kerberos : 1127
Frameworks/Kernel : 16
Frameworks/LDAP : 401
Frameworks/LatentSemanticMapping : 3325
Frameworks/LinkPresentation : 40
Frameworks/LocalAuthentication : 304
Frameworks/MapKit : 310
Frameworks/MediaAccessibility : 467
Frameworks/MediaLibrary : 551
Frameworks/Message : 12918
Frameworks/MetalKit : 506
Frameworks/MetalPerformanceShaders : 36
Frameworks/MetricKit : 1579
Frameworks/ModelIO : 538
Frameworks/MultipeerConnectivity : 2333
Frameworks/NaturalLanguage : 3536
Frameworks/NetFS : 660
Frameworks/Network : 159
Frameworks/NetworkingDriverKit : 694
Frameworks/NotificationCenter : 82
Frameworks/OSAKit : 5335
Frameworks/OSLog : 108
Frameworks/OpenAL : 1055
Frameworks/OpenCL : 1224
Frameworks/OpenDirectory : 639
Frameworks/OpenGL : 3631
Frameworks/PCIDriverKit : 648
Frameworks/PCSC : 152
Frameworks/PDFKit : 22
Frameworks/PencilKit : 18
Frameworks/PhotosUI : 19
Frameworks/PreferencePanes : 888
Frameworks/PushKit : 2170
Frameworks/Python : 211
Frameworks/QTKit : 1609
Frameworks/Quartz : 9443
Frameworks/QuartzCore : 37
Frameworks/QuickLook : 156
Frameworks/QuickLookThumbnailing : 121
Frameworks/RealityKit : 178
Frameworks/Ruby : 1736
Frameworks/SafariServices : 18
Frameworks/SceneKit : 44
Frameworks/ScreenSaver : 895
Frameworks/ScriptingBridge : 2702
Frameworks/Security : 277
Frameworks/SecurityFoundation : 1526
Frameworks/SecurityInterface : 5
Frameworks/ServiceManagement : 28
Frameworks/Social : 227
Frameworks/SoundAnalysis : 2750
Frameworks/Speech : 1618
Frameworks/SpriteKit : 125
Frameworks/StoreKit : 256
Frameworks/SwiftUI : 155
Frameworks/SyncServices : 9395
Frameworks/System : 1318
Frameworks/SystemConfiguration : 184
Frameworks/SystemExtensions : 279
Frameworks/TWAIN : 47
Frameworks/Tcl : 2104
Frameworks/Tk : 2104
Frameworks/USBDriverKit : 159
Frameworks/UserNotifications : 4427
Frameworks/VideoDecodeAcceleration : 5415
Frameworks/VideoSubscriberAccount : 18
Frameworks/VideoToolbox : 8
Frameworks/Vision : 85
Frameworks/WebKit : 32
Frameworks/iTunesLibrary : 23
Frameworks/vecLib : 1002
Frameworks/vmnet : 233
PrivateFrameworks/AACCore : 340
PrivateFrameworks/ACDEClient : 8613
PrivateFrameworks/AMPDevices : 27
PrivateFrameworks/AMPLibrary : 36
PrivateFrameworks/AMPSharing : 13
PrivateFrameworks/AOSAccounts : 784
PrivateFrameworks/AOSAccountsLite : 784
PrivateFrameworks/AOSKit : 904
PrivateFrameworks/AOSMigrate : 13835
PrivateFrameworks/AOSUI : 349
PrivateFrameworks/APFS : 100
PrivateFrameworks/APTransport : 356
PrivateFrameworks/AVFoundationCF : 38
PrivateFrameworks/AXCoreUtilities : 21
PrivateFrameworks/AXHearingCoreSupport : 4396
PrivateFrameworks/AXHearingSupport : 4396
PrivateFrameworks/AXMediaUtilities : 284
PrivateFrameworks/AXRuntime : 21
PrivateFrameworks/AccessibilityBundles : 99
PrivateFrameworks/AccessibilityPerformance : 165
PrivateFrameworks/AccessibilityPlatformTranslation : 241
PrivateFrameworks/AccessibilitySharedSupport : 241
PrivateFrameworks/AccessibilitySupport : 165
PrivateFrameworks/AccessoryNowPlaying : 414
PrivateFrameworks/AccountPolicy : 3039
PrivateFrameworks/AccountsDaemon : 193
PrivateFrameworks/AccountsUI : 83
PrivateFrameworks/ActionKit : 21
PrivateFrameworks/AdAnalytics : 27
PrivateFrameworks/AdCore : 420
PrivateFrameworks/AdID : 420
PrivateFrameworks/AdPlatforms : 420
PrivateFrameworks/AdPlatformsInternal : 420
PrivateFrameworks/AddressBookAutocomplete : 32
PrivateFrameworks/AddressBookCore : 27
PrivateFrameworks/Admin : 5
PrivateFrameworks/AggregateDictionary : 767
PrivateFrameworks/AggregateDictionaryHistory : 767
PrivateFrameworks/AirPlayReceiver : 467
PrivateFrameworks/AirPlaySender : 467
PrivateFrameworks/AirPlaySupport : 356
PrivateFrameworks/AirTrafficHost : 29
PrivateFrameworks/AmbientDisplay : 310
PrivateFrameworks/AnnotationKit : 33
PrivateFrameworks/AppStoreKit : 366
PrivateFrameworks/AppStoreUI : 65
PrivateFrameworks/AppSupport : 5428
PrivateFrameworks/AppSupportUI : 7914
PrivateFrameworks/Apple80211 : 226
PrivateFrameworks/AppleAccount : 435
PrivateFrameworks/AppleAppSupport : 9443
PrivateFrameworks/AppleCVA : 513
PrivateFrameworks/AppleFSCompression : 4334
PrivateFrameworks/AppleGVA : 53
PrivateFrameworks/AppleGVACore : 53
PrivateFrameworks/AppleIDAuthSupport : 1530
PrivateFrameworks/AppleIDSSOAuthentication : 431
PrivateFrameworks/AppleJPEG : 1085
PrivateFrameworks/AppleLDAP : 7948
PrivateFrameworks/AppleMediaServices : 292
PrivateFrameworks/AppleMediaServicesUI : 160
PrivateFrameworks/ApplePushService : 11
PrivateFrameworks/AppleSRP : 11556
PrivateFrameworks/AppleSauce : 2435
PrivateFrameworks/AppleScript : 540
PrivateFrameworks/AppleShareClientCore : 3036
PrivateFrameworks/AppleSystemInfo : 1246
PrivateFrameworks/AppleVA : 2790
PrivateFrameworks/AppleVPA : 330
PrivateFrameworks/AskPermission : 503
PrivateFrameworks/AssertionServices : 257
PrivateFrameworks/AssetCacheServices : 136
PrivateFrameworks/AssetCacheServicesExtensions : 136
PrivateFrameworks/AssistiveControlSupport : 8
PrivateFrameworks/AttributeGraph : 791
PrivateFrameworks/AudioDSPManager : 986
PrivateFrameworks/AudioHistory : 986
PrivateFrameworks/AudioPasscode : 2816
PrivateFrameworks/AudioResourceArbitration : 954
PrivateFrameworks/AudioServerApplication : 49
PrivateFrameworks/AudioServerDriver : 49
PrivateFrameworks/AudioSession : 988
PrivateFrameworks/AudioToolboxCore : 37
PrivateFrameworks/AudioTransportCommon : 3570
PrivateFrameworks/AuthKit : 13
PrivateFrameworks/AuthKitUI : 13
PrivateFrameworks/AuthenticationServices : 20
PrivateFrameworks/AutoBugCaptureCore : 536
PrivateFrameworks/AutoLoop : 4126
PrivateFrameworks/BackBoardServices : 15
PrivateFrameworks/BackgroundTaskManagement : 183
PrivateFrameworks/BaseBoard : 2845
PrivateFrameworks/BatteryUIKit : 4794
PrivateFrameworks/BehaviorMiner : 169
PrivateFrameworks/BezelServices : 1012
PrivateFrameworks/BioKitAggD : 10268
PrivateFrameworks/BiometricKit : 659
PrivateFrameworks/BiometricKitUI : 222
PrivateFrameworks/BiometricSupport : 572
PrivateFrameworks/BluetoothAudio : 12
PrivateFrameworks/BluetoothManager : 106
PrivateFrameworks/BoardServices : 2845
PrivateFrameworks/Bom : 1285
PrivateFrameworks/BookCoverUtility : 201
PrivateFrameworks/BookKit : 201
PrivateFrameworks/BookKitFoundation : 201
PrivateFrameworks/BookUtility : 201
PrivateFrameworks/BridgeOSInstall : 1328
PrivateFrameworks/BridgeOSInstallReporting : 1328
PrivateFrameworks/BridgeOSObliteration : 285
PrivateFrameworks/BridgeOSSoftwareUpdate : 721
PrivateFrameworks/BridgeXPC : 3093
PrivateFrameworks/BulkSymbolication : 274
PrivateFrameworks/ByteRangeLocking : 3008
PrivateFrameworks/C2 : 434
PrivateFrameworks/CDDataAccess : 9
PrivateFrameworks/CDDataAccessExpress : 9
PrivateFrameworks/CPMLBestShim : 7429
PrivateFrameworks/CSCSupport : 19
PrivateFrameworks/CacheDelete : 245
PrivateFrameworks/CalDAV : 605
PrivateFrameworks/Calculate : 1014
PrivateFrameworks/CalendarDraw : 1079
PrivateFrameworks/CalendarNotification : 649
PrivateFrameworks/CalendarPersistence : 6
PrivateFrameworks/CalendarUI : 6
PrivateFrameworks/CalendarUIKit : 538
PrivateFrameworks/CameraImagingFramework : 5255
PrivateFrameworks/CaptiveNetwork : 362
PrivateFrameworks/CardKit : 434
PrivateFrameworks/CardServices : 434
PrivateFrameworks/Cards : 434
PrivateFrameworks/Catalyst : 2153
PrivateFrameworks/Categories : 1259
PrivateFrameworks/CharacterPicker : 728
PrivateFrameworks/ChunkingLibrary : 348
PrivateFrameworks/ClassroomKit : 13
PrivateFrameworks/ClockMenuExtraPreferences : 1579
PrivateFrameworks/CloudFamilyRestrictions : 1871
PrivateFrameworks/CloudFamilyRestrictionsDaemon : 1871
PrivateFrameworks/CloudKitCode : 689
PrivateFrameworks/CloudKitCodeProtobuf : 689
PrivateFrameworks/CloudKitDaemon : 306
PrivateFrameworks/Coherence : 9246
PrivateFrameworks/CombineCocoa : 980
PrivateFrameworks/CommerceKit : 65
PrivateFrameworks/CommonAuth : 800
PrivateFrameworks/CommonCandidateWindow : 11391
PrivateFrameworks/CommonUtilities : 7816
PrivateFrameworks/CommunicationsFilter : 1281
PrivateFrameworks/ConditionInducer : 5677
PrivateFrameworks/ConfigurationEngineModel : 318
PrivateFrameworks/ConfigurationProfilesUI : 72
PrivateFrameworks/ConsoleKit : 658
PrivateFrameworks/ConstantClasses : 2615
PrivateFrameworks/ContactsAgent : 1874
PrivateFrameworks/ContactsAssistantServices : 3057
PrivateFrameworks/ContactsAutocomplete : 1666
PrivateFrameworks/ContactsAutocompleteUI : 394
PrivateFrameworks/ContactsDonation : 2605
PrivateFrameworks/ContactsDonationFeedback : 2605
PrivateFrameworks/ContactsFoundation : 201
PrivateFrameworks/ContactsPersistence : 44
PrivateFrameworks/ContactsUICore : 72
PrivateFrameworks/ContentKit : 21
PrivateFrameworks/ContextKit : 1535
PrivateFrameworks/CoreADI : 3091
PrivateFrameworks/CoreAUC : 807
PrivateFrameworks/CoreAVCHD : 3275
PrivateFrameworks/CoreAccessories : 414
PrivateFrameworks/CoreAnalytics : 552
PrivateFrameworks/CoreAppleCVA : 1414
PrivateFrameworks/CoreBrightness : 267
PrivateFrameworks/CoreCDP : 36
PrivateFrameworks/CoreCDPInternal : 36
PrivateFrameworks/CoreCDPUI : 36
PrivateFrameworks/CoreCapture : 547
PrivateFrameworks/CoreCaptureControl : 547
PrivateFrameworks/CoreCaptureDaemon : 547
PrivateFrameworks/CoreChart : 24
PrivateFrameworks/CoreChineseEngine : 2087
PrivateFrameworks/CoreDAV : 271
PrivateFrameworks/CoreDaemon : 2152
PrivateFrameworks/CoreDuet : 25
PrivateFrameworks/CoreDuetContext : 25
PrivateFrameworks/CoreDuetDaemonProtocol : 25
PrivateFrameworks/CoreDuetDataModel : 25
PrivateFrameworks/CoreDuetDebugLogging : 25
PrivateFrameworks/CoreDuetStatistics : 25
PrivateFrameworks/CoreDuetSync : 25
PrivateFrameworks/CoreEmoji : 28
PrivateFrameworks/CoreFP : 5
PrivateFrameworks/CoreFollowUp : 1680
PrivateFrameworks/CoreFollowUpUI : 1680
PrivateFrameworks/CoreHAP : 89
PrivateFrameworks/CoreHandwriting : 1305
PrivateFrameworks/CoreKnowledge : 1264
PrivateFrameworks/CoreLSKD : 41
PrivateFrameworks/CoreLSKDMSE : 231
PrivateFrameworks/CoreMLTestFramework : 453
PrivateFrameworks/CoreMaterial : 1846
PrivateFrameworks/CoreNLP : 2267
PrivateFrameworks/CoreNameParser : 6163
PrivateFrameworks/CoreNavigation : 359
PrivateFrameworks/CoreOptimization : 7429
PrivateFrameworks/CorePDF : 571
PrivateFrameworks/CoreParsec : 963
PrivateFrameworks/CorePhoneNumbers : 11
PrivateFrameworks/CorePrediction : 7429
PrivateFrameworks/CoreRecents : 3885
PrivateFrameworks/CoreRecognition : 409
PrivateFrameworks/CoreRoutine : 668
PrivateFrameworks/CoreSDB : 4328
PrivateFrameworks/CoreSVG : 3889
PrivateFrameworks/CoreServicesInternal : 233
PrivateFrameworks/CoreServicesStore : 5
PrivateFrameworks/CoreSpeech : 23
PrivateFrameworks/CoreSpotlightImportDaemon : 62
PrivateFrameworks/CoreSuggestions : 23
PrivateFrameworks/CoreSuggestionsInternals : 23
PrivateFrameworks/CoreSuggestionsML : 23
PrivateFrameworks/CoreSuggestionsUI : 23
PrivateFrameworks/CoreSymbolication : 127
PrivateFrameworks/CoreThemeDefinition : 663
PrivateFrameworks/CoreTime : 418
PrivateFrameworks/CoreUI : 780
PrivateFrameworks/CoreUtils : 58
PrivateFrameworks/CoreUtilsSwift : 4510
PrivateFrameworks/CoreUtilsUI : 51
PrivateFrameworks/CoreWLANKit : 107
PrivateFrameworks/CoreWiFi : 555
PrivateFrameworks/CrashReporterSupport : 193
PrivateFrameworks/CreateML : 420
PrivateFrameworks/CryptoKitCBridging : 1246
PrivateFrameworks/CryptoKitPrivate : 1246
PrivateFrameworks/DAAPKit : 239
PrivateFrameworks/DASDaemon : 261
PrivateFrameworks/DCERPC : 2831
PrivateFrameworks/DFRBrightness : 267
PrivateFrameworks/DFRDisplay : 32
PrivateFrameworks/DFRFoundation : 8
PrivateFrameworks/DSExternalDisplay : 556
PrivateFrameworks/DTXConnectionServices : 102
PrivateFrameworks/DVD : 14726
PrivateFrameworks/DataDeliveryServices : 407
PrivateFrameworks/DataDetectors : 97
PrivateFrameworks/DataDetectorsCore : 5968
PrivateFrameworks/DataDetectorsNaturalLanguage : 2224
PrivateFrameworks/DebugSymbols : 3904
PrivateFrameworks/DesktopServicesPriv : 45
PrivateFrameworks/DeviceCheckInternal : 9048
PrivateFrameworks/DeviceIdentity : 38
PrivateFrameworks/DeviceLink : 29
PrivateFrameworks/DeviceManagement : 318
PrivateFrameworks/DeviceToDeviceManager : 10490
PrivateFrameworks/DiagnosticExtensions : 3704
PrivateFrameworks/DiagnosticLogCollection : 264
PrivateFrameworks/DialogEngine : 112
PrivateFrameworks/DifferentialPrivacy : 357
PrivateFrameworks/DigitalTouchShared : 5915
PrivateFrameworks/DirectoryEditor : 1291
PrivateFrameworks/DirectoryServer : 11307
PrivateFrameworks/DiskImages : 1644
PrivateFrameworks/DiskManagement : 358
PrivateFrameworks/DisplayServices : 584
PrivateFrameworks/DisplayTransportServices : 2087
PrivateFrameworks/DistributedEvaluation : 936
PrivateFrameworks/DrawingKit : 33
PrivateFrameworks/DuetActivityScheduler : 261
PrivateFrameworks/DuetRecommendation : 25
PrivateFrameworks/DynamicDesktop : 206
PrivateFrameworks/EAFirmwareUpdater : 164
PrivateFrameworks/EAP8021X : 1990
PrivateFrameworks/EFILogin : 1368
PrivateFrameworks/EasyConfig : 58
PrivateFrameworks/Email : 35
PrivateFrameworks/EmailAddressing : 35
PrivateFrameworks/EmailCore : 35
PrivateFrameworks/EmailDaemon : 35
PrivateFrameworks/EmailFoundation : 35
PrivateFrameworks/EmbeddedAcousticRecognition : 296
PrivateFrameworks/EmbeddedOSInstall : 3551
PrivateFrameworks/EmbeddedOSSupportHost : 361
PrivateFrameworks/EmbeddedSensingProtocols : 8247
PrivateFrameworks/EmojiFoundation : 425
PrivateFrameworks/Engram : 264
PrivateFrameworks/Espresso : 11116
PrivateFrameworks/ExchangeSync : 297
PrivateFrameworks/ExchangeWebServices : 42
PrivateFrameworks/ExpansionSlotSupport : 183
PrivateFrameworks/FMClient : 4289
PrivateFrameworks/FMCore : 2220
PrivateFrameworks/FMCoreLite : 2184
PrivateFrameworks/FMCoreUI : 2260
PrivateFrameworks/FMF : 1639
PrivateFrameworks/FMFCore : 155
PrivateFrameworks/FMFUI : 1639
PrivateFrameworks/FMIPCore : 155
PrivateFrameworks/FMNetworking : 9
PrivateFrameworks/FTAWD : 264
PrivateFrameworks/FTClientServices : 332
PrivateFrameworks/FTServices : 332
PrivateFrameworks/FWAVC : 638
PrivateFrameworks/FaceCore : 2983
PrivateFrameworks/FamilyCircle : 735
PrivateFrameworks/FamilyCircleUI : 735
PrivateFrameworks/FamilyControls : 463
PrivateFrameworks/FamilyNotification : 735
PrivateFrameworks/FeatureFlagsSupport : 5619
PrivateFrameworks/FilesActionsUI : 726
PrivateFrameworks/FindMyDeviceUI : 263
PrivateFrameworks/FindMyMac : 1090
PrivateFrameworks/FlightUtilities : 1760
PrivateFrameworks/FlowFrameKit : 52
PrivateFrameworks/FolderActionsKit : 2130
PrivateFrameworks/FontServices : 3670
PrivateFrameworks/FoundInAppsPlugins : 53
PrivateFrameworks/FrontBoardServices : 33
PrivateFrameworks/Futhark : 2156
PrivateFrameworks/GPURawCounter : 1304
PrivateFrameworks/GPUSupport : 3631
PrivateFrameworks/GameCenterFoundation : 3722
PrivateFrameworks/GameCenterUI : 3722
PrivateFrameworks/GameCenterUICore : 3722
PrivateFrameworks/GenerationalStorage : 2252
PrivateFrameworks/GeoKit : 1142
PrivateFrameworks/GeoServices : 63
PrivateFrameworks/Geode : 19
PrivateFrameworks/GraphKit : 13182
PrivateFrameworks/GraphVisualizer : 4305
PrivateFrameworks/GraphicsServices : 6287
PrivateFrameworks/HDAInterface : 922
PrivateFrameworks/HDRProcessing : 39
PrivateFrameworks/HID : 96
PrivateFrameworks/HIDAnalytics : 38
PrivateFrameworks/HIDDisplay : 38
PrivateFrameworks/HTTPServer : 1925
PrivateFrameworks/HearingCore : 125
PrivateFrameworks/HearingUtilities : 125
PrivateFrameworks/HeimODAdmin : 224
PrivateFrameworks/Heimdal : 800
PrivateFrameworks/Helium : 1139
PrivateFrameworks/HelloWorldMacHelper : 65
PrivateFrameworks/HelpData : 1606
PrivateFrameworks/HomeAI : 345
PrivateFrameworks/HomeKit : 89
PrivateFrameworks/HomeKitBackingStore : 89
PrivateFrameworks/HomeKitDaemon : 89
PrivateFrameworks/IAP : 546
PrivateFrameworks/IASUtilities : 32
PrivateFrameworks/IDS : 332
PrivateFrameworks/IDSFoundation : 332
PrivateFrameworks/IDSHashPersistence : 568
PrivateFrameworks/IDSKVStore : 568
PrivateFrameworks/IDSSystemPreferencesSignIn : 332
PrivateFrameworks/IMAP : 34
PrivateFrameworks/IMAVCore : 22
PrivateFrameworks/IMAssistantCore : 14
PrivateFrameworks/IMCore : 14
PrivateFrameworks/IMDMessageServices : 14
PrivateFrameworks/IMDPersistence : 14
PrivateFrameworks/IMDaemonCore : 14
PrivateFrameworks/IMFoundation : 264
PrivateFrameworks/IMSharedUI : 10
PrivateFrameworks/IMSharedUtilities : 14
PrivateFrameworks/IMTranscoderAgent : 14
PrivateFrameworks/IMTranscoding : 14
PrivateFrameworks/IMTransferAgent : 14
PrivateFrameworks/IMTransferServices : 264
PrivateFrameworks/IOImageLoader : 891
PrivateFrameworks/IOKitten : 3570
PrivateFrameworks/IOPlatformPluginFamily : 60
PrivateFrameworks/IOPresentment : 59
PrivateFrameworks/ISSupport : 11172
PrivateFrameworks/IconServices : 351
PrivateFrameworks/IdleTimerServices : 9521
PrivateFrameworks/IncomingCallFilter : 1281
PrivateFrameworks/InertiaCam : 398
PrivateFrameworks/InputContext : 7928
PrivateFrameworks/InputTranscoder : 1735
PrivateFrameworks/Install : 342
PrivateFrameworks/InstallerDiagnostics : 1707
PrivateFrameworks/Intents : 192
PrivateFrameworks/IntentsCore : 192
PrivateFrameworks/IntentsFoundation : 192
PrivateFrameworks/IntentsServices : 192
PrivateFrameworks/InternationalSupport : 624
PrivateFrameworks/InternationalTextSearch : 4219
PrivateFrameworks/InternetAccounts : 1312
PrivateFrameworks/IntlPreferences : 968
PrivateFrameworks/JavaApplicationLauncher : 1774
PrivateFrameworks/JavaLaunching : 1654
PrivateFrameworks/JavaScriptAppleEvents : 80
PrivateFrameworks/JavaScriptOSA : 3102
PrivateFrameworks/Jet : 3460
PrivateFrameworks/JetEngine : 1084
PrivateFrameworks/JetUI : 1077
PrivateFrameworks/KerberosHelper : 3234
PrivateFrameworks/KeyboardServices : 245
PrivateFrameworks/KeychainCircle : 277
PrivateFrameworks/KnowledgeGraphKit : 18
PrivateFrameworks/KnowledgeMonitor : 208
PrivateFrameworks/LanguageModeling : 1558
PrivateFrameworks/Lexicon : 6457
PrivateFrameworks/LibraryRepair : 1734
PrivateFrameworks/LimitAdTracking : 420
PrivateFrameworks/LinguisticData : 135
PrivateFrameworks/LinkPresentation : 40
PrivateFrameworks/LocalAuthenticationRecoveryUI : 304
PrivateFrameworks/LocalAuthenticationUI : 304
PrivateFrameworks/LocationSupport : 126
PrivateFrameworks/LockoutUI : 3662
PrivateFrameworks/LoggingSupport : 108
PrivateFrameworks/LoginUIKit : 237
PrivateFrameworks/Lookup : 1193
PrivateFrameworks/MDSChannel : 3006
PrivateFrameworks/MFAAuthentication : 414
PrivateFrameworks/MFiAuthentication : 546
PrivateFrameworks/MLFoundation : 571
PrivateFrameworks/MMCSServices : 14
PrivateFrameworks/MachineSettings : 5665
PrivateFrameworks/Mail : 34
PrivateFrameworks/MailCore : 34
PrivateFrameworks/MailService : 34
PrivateFrameworks/MailSupport : 35
PrivateFrameworks/MailUI : 34
PrivateFrameworks/MailWebProcessSupport : 35
PrivateFrameworks/MallocStackLogging : 126
PrivateFrameworks/Mangrove : 1296
PrivateFrameworks/MapsSuggestions : 332
PrivateFrameworks/MapsSupport : 332
PrivateFrameworks/Marco : 264
PrivateFrameworks/MarkupUI : 33
PrivateFrameworks/MediaControlSender : 356
PrivateFrameworks/MediaExperience : 8
PrivateFrameworks/MediaKit : 5286
PrivateFrameworks/MediaMiningKit : 18
PrivateFrameworks/MediaRemote : 54
PrivateFrameworks/MediaServices : 233
PrivateFrameworks/Memories : 93
PrivateFrameworks/MessageProtection : 882
PrivateFrameworks/MessageSecurity : 693
PrivateFrameworks/MessageUIMacHelper : 172
PrivateFrameworks/MetadataUtilities : 59
PrivateFrameworks/MetricKitCore : 1579
PrivateFrameworks/MetricKitServices : 1579
PrivateFrameworks/MetricKitSource : 1579
PrivateFrameworks/MetricMeasurement : 1579
PrivateFrameworks/MiniSoftwareUpdate : 2273
PrivateFrameworks/MobileAccessoryUpdater : 164
PrivateFrameworks/MobileActivationMacOS : 38
PrivateFrameworks/MobileAsset : 97
PrivateFrameworks/MobileAssetUpdater : 164
PrivateFrameworks/MobileBluetooth : 106
PrivateFrameworks/MobileDevice : 29
PrivateFrameworks/MobileIcons : 351
PrivateFrameworks/MobileKeyBag : 1017
PrivateFrameworks/Mondrian : 19
PrivateFrameworks/MonitorPanel : 197
PrivateFrameworks/Montreal : 942
PrivateFrameworks/MultitouchSupport : 1298
PrivateFrameworks/MultiverseSupport : 54
PrivateFrameworks/MusicLibrary : 394
PrivateFrameworks/NLP : 5379
PrivateFrameworks/Navigation : 118
PrivateFrameworks/NearField : 32
PrivateFrameworks/NetAppsUtilities : 5999
PrivateFrameworks/NetAuth : 332
PrivateFrameworks/NetFSServer : 667
PrivateFrameworks/Netrb : 652
PrivateFrameworks/Network : 159
PrivateFrameworks/NetworkServiceProxy : 3861
PrivateFrameworks/NetworkStatistics : 5590
PrivateFrameworks/Notes : 15
PrivateFrameworks/NotesShared : 15
PrivateFrameworks/NotesUI : 15
PrivateFrameworks/Noticeboard : 2584
PrivateFrameworks/NotificationCenterUI : 82
PrivateFrameworks/OAuth : 20237
PrivateFrameworks/OSAServicesClient : 372
PrivateFrameworks/OSASubmissionClient : 346
PrivateFrameworks/OSASyncProxyClient : 346
PrivateFrameworks/OSAnalytics : 372
PrivateFrameworks/OSAnalyticsPrivate : 346
PrivateFrameworks/OSD : 2813
PrivateFrameworks/OSInstaller : 366
PrivateFrameworks/OSPersonalization : 1916
PrivateFrameworks/OSUpdate : 24
PrivateFrameworks/OTSVG : 22
PrivateFrameworks/OfficeImport : 2398
PrivateFrameworks/OnBoardingKit : 143
PrivateFrameworks/OpenDirectoryConfig : 14145
PrivateFrameworks/OpenDirectoryConfigUI : 2264
PrivateFrameworks/Osprey : 115
PrivateFrameworks/PAImaging : 19
PrivateFrameworks/PAImagingCore : 19
PrivateFrameworks/PASampling : 274
PrivateFrameworks/PDFKit : 22
PrivateFrameworks/PIP : 1383
PrivateFrameworks/PSNormalizer : 8
PrivateFrameworks/PacketFilter : 1137
PrivateFrameworks/ParsecModel : 963
PrivateFrameworks/ParsecSubscriptionServiceSupport : 963
PrivateFrameworks/ParsecUI : 64
PrivateFrameworks/PassKit : 2
PrivateFrameworks/PassKitCore : 2
PrivateFrameworks/PassKitUI : 158
PrivateFrameworks/PassKitUIFoundation : 2
PrivateFrameworks/PasswordServer : 8320
PrivateFrameworks/PencilKit : 18
PrivateFrameworks/PeopleSuggester : 25
PrivateFrameworks/PerformanceAnalysis : 274
PrivateFrameworks/PersistentConnection : 922
PrivateFrameworks/PersonaKit : 970
PrivateFrameworks/PersonaUI : 970
PrivateFrameworks/PersonalizationPortrait : 53
PrivateFrameworks/PersonalizationPortraitInternals : 53
PrivateFrameworks/PhoneNumbers : 11
PrivateFrameworks/PhotoAnalysis : 18
PrivateFrameworks/PhotoLibrary : 19
PrivateFrameworks/PhotoPrintProduct : 1390
PrivateFrameworks/PhotosGraph : 18
PrivateFrameworks/PhotosUICore : 19
PrivateFrameworks/PhysicsKit : 3957
PrivateFrameworks/PipelineKit : 18
PrivateFrameworks/PlacesKit : 19
PrivateFrameworks/PlugInKit : 1309
PrivateFrameworks/PodcastsFoundation : 14
PrivateFrameworks/PreferencePanesSupport : 1333
PrivateFrameworks/PrintKit : 3630
PrivateFrameworks/PrintingPrivate : 845
PrivateFrameworks/PrivateFederatedLearning : 511
PrivateFrameworks/ProVideo : 1340
PrivateFrameworks/ProactiveEventTracker : 183
PrivateFrameworks/ProactiveExperiments : 23
PrivateFrameworks/ProactiveExperimentsInternals : 23
PrivateFrameworks/ProactiveML : 23
PrivateFrameworks/ProactiveSupport : 183
PrivateFrameworks/ProactiveSupportStubs : 183
PrivateFrameworks/ProofReader : 2163
PrivateFrameworks/ProtectedCloudStorage : 82
PrivateFrameworks/ProtocolBuffer : 287
PrivateFrameworks/PrototypeTools : 2025
PrivateFrameworks/QLCharts : 2398
PrivateFrameworks/Quagga : 1405
PrivateFrameworks/QuickLookIosmac : 156
PrivateFrameworks/QuickLookNonBaseSystem : 145
PrivateFrameworks/QuickLookSupport : 121
PrivateFrameworks/QuickLookThumbnailing : 121
PrivateFrameworks/QuickLookUIIosmac : 156
PrivateFrameworks/RTCReporting : 503
PrivateFrameworks/RTTUI : 125
PrivateFrameworks/RTTUtilities : 125
PrivateFrameworks/Rapport : 416
PrivateFrameworks/RapportUI : 435
PrivateFrameworks/ReminderKit : 9
PrivateFrameworks/ReminderKitUI : 9
PrivateFrameworks/ReminderMigration : 655
PrivateFrameworks/RemoteConfiguration : 24
PrivateFrameworks/RemoteCoreML : 7831
PrivateFrameworks/RemoteManagement : 65
PrivateFrameworks/RemoteTextInput : 4459
PrivateFrameworks/RemoteViewServices : 865
PrivateFrameworks/RenderBox : 1509
PrivateFrameworks/ReplayKitMacHelper : 19
PrivateFrameworks/ResponseKit : 345
PrivateFrameworks/Restore : 34
PrivateFrameworks/Reveal : 1064
PrivateFrameworks/RevealCore : 1064
PrivateFrameworks/RunningBoard : 253
PrivateFrameworks/RunningBoardServices : 257
PrivateFrameworks/SAObjects : 221
PrivateFrameworks/SCEP : 2115
PrivateFrameworks/SDAPI : 6062
PrivateFrameworks/SMBClient : 62
PrivateFrameworks/SMBClientEngine : 767
PrivateFrameworks/SPFinder : 9
PrivateFrameworks/SPOwner : 9
PrivateFrameworks/SPShared : 9
PrivateFrameworks/SPSupport : 1726
PrivateFrameworks/Safari : 22
PrivateFrameworks/SafariCore : 20
PrivateFrameworks/SafariFoundation : 20
PrivateFrameworks/SafariPlatformSupport : 22
PrivateFrameworks/SafariSafeBrowsing : 17
PrivateFrameworks/SafariShared : 20
PrivateFrameworks/SafariSharedUI : 20
PrivateFrameworks/SafeEjectGPU : 469
PrivateFrameworks/SampleAnalysis : 274
PrivateFrameworks/ScreenReader : 140
PrivateFrameworks/ScreenReaderCore : 140
PrivateFrameworks/ScreenSharing : 35
PrivateFrameworks/ScreenTimeCore : 16
PrivateFrameworks/ScreenTimeServiceUI : 16
PrivateFrameworks/ScreenTimeSettingsUI : 16
PrivateFrameworks/ScreenTimeUI : 16
PrivateFrameworks/SearchAds : 420
PrivateFrameworks/SearchFoundation : 963
PrivateFrameworks/SearchUI : 925
PrivateFrameworks/SearchUICardKitProviderSupport : 310
PrivateFrameworks/SecureChannel : 624
PrivateFrameworks/SecurityTokend : 4350
PrivateFrameworks/Seeding : 1235
PrivateFrameworks/SemanticDocumentManagement : 2988
PrivateFrameworks/SensingProtocols : 8247
PrivateFrameworks/SensorKit : 210
PrivateFrameworks/Sentry : 1847
PrivateFrameworks/ServerCompatibility : 3361
PrivateFrameworks/ServerInformation : 1490
PrivateFrameworks/SetupAssistantFramework : 12
PrivateFrameworks/SetupAssistantSupport : 2076
PrivateFrameworks/ShareKit : 214
PrivateFrameworks/SharePointManagement : 215
PrivateFrameworks/ShareServicesCore : 19
PrivateFrameworks/ShareSheet : 5
PrivateFrameworks/SharedWebCredentials : 686
PrivateFrameworks/Sharing : 21
PrivateFrameworks/SharingXPCServices : 12
PrivateFrameworks/ShazamKit : 658
PrivateFrameworks/Shortcut : 1220
PrivateFrameworks/SidecarCore : 30
PrivateFrameworks/SidecarUI : 30
PrivateFrameworks/SignpostCollection : 81
PrivateFrameworks/SignpostMetrics : 81
PrivateFrameworks/SignpostNotification : 12
PrivateFrameworks/SignpostSupport : 81
PrivateFrameworks/SiriAppResolution : 52
PrivateFrameworks/SiriAudioInternal : 1671
PrivateFrameworks/SiriAudioSupport : 1671
PrivateFrameworks/SiriClientFlow : 701
PrivateFrameworks/SiriCore : 13
PrivateFrameworks/SiriFoundation : 250
PrivateFrameworks/SiriInstrumentation : 818
PrivateFrameworks/SiriKitFlow : 52
PrivateFrameworks/SiriOntology : 763
PrivateFrameworks/SiriOntologyProtobuf : 763
PrivateFrameworks/SiriTTS : 59
PrivateFrameworks/SiriUI : 264
PrivateFrameworks/SiriVOX : 13
PrivateFrameworks/SkyLight : 8
PrivateFrameworks/Slideshows : 1440
PrivateFrameworks/SocialServices : 215
PrivateFrameworks/SoftwareUpdate : 24
PrivateFrameworks/SpanMatcher : 13
PrivateFrameworks/SpeechDictionary : 2689
PrivateFrameworks/SpeechObjects : 623
PrivateFrameworks/SpeechRecognitionCommandServices : 2020
PrivateFrameworks/SpeechRecognitionCore : 5
PrivateFrameworks/Spotlight : 64
PrivateFrameworks/SpotlightDaemon : 62
PrivateFrameworks/SpotlightIndex : 60
PrivateFrameworks/SpotlightReceiver : 62
PrivateFrameworks/SpotlightServerKit : 60
PrivateFrameworks/SpotlightServices : 64
PrivateFrameworks/StatsKit : 9310
PrivateFrameworks/StorageKit : 1483
PrivateFrameworks/StorageManagement : 843
PrivateFrameworks/StoreFoundation : 65
PrivateFrameworks/StoreJavaScript : 65
PrivateFrameworks/StoreServices : 1255
PrivateFrameworks/StoreUI : 65
PrivateFrameworks/StreamingZip : 2372
PrivateFrameworks/Suggestions : 1083
PrivateFrameworks/SuggestionsSpotlightMetrics : 23
PrivateFrameworks/Symbolication : 126
PrivateFrameworks/SymptomDiagnosticReporter : 480
PrivateFrameworks/SymptomReporter : 536
PrivateFrameworks/Symptoms : 536
PrivateFrameworks/SyncServicesUI : 9395
PrivateFrameworks/SyncedDefaults : 470
PrivateFrameworks/SystemAdministration : 5
PrivateFrameworks/SystemAdministrationInterface : 751
PrivateFrameworks/SystemDesktopAppearance : 8
PrivateFrameworks/SystemMigration : 84
PrivateFrameworks/SystemMigrationNetworking : 84
PrivateFrameworks/SystemMigrationUtils : 84
PrivateFrameworks/SystemPolicy : 16
PrivateFrameworks/SystemUIPlugin : 5702
PrivateFrameworks/TCC : 373
PrivateFrameworks/TTYUtilities : 4396
PrivateFrameworks/TemplateKit : 927
PrivateFrameworks/TextInput : 31
PrivateFrameworks/TextInputCore : 31
PrivateFrameworks/TextInputMenuUI : 65
PrivateFrameworks/TextRecognition : 404
PrivateFrameworks/TextToSpeech : 18
PrivateFrameworks/TextureIO : 6986
PrivateFrameworks/TimeMachine : 47
PrivateFrameworks/TimeSync : 630
PrivateFrameworks/ToneKit : 342
PrivateFrameworks/ToneLibrary : 342
PrivateFrameworks/Tourist : 926
PrivateFrameworks/Transparency : 57
PrivateFrameworks/TransparencyDetailsViewMac : 420
PrivateFrameworks/TrustEvaluationAgent : 3109
PrivateFrameworks/TrustedPeers : 277
PrivateFrameworks/TuriCore : 113
PrivateFrameworks/UAUPlugin : 844
PrivateFrameworks/UIFoundation : 3312
PrivateFrameworks/UIKitMacHelper : 73
PrivateFrameworks/UIKitSystemAppServices : 65
PrivateFrameworks/UIRecording : 1369
PrivateFrameworks/URLFormatting : 15
PrivateFrameworks/USDKit : 204
PrivateFrameworks/Uninstall : 4148
PrivateFrameworks/UsageTracking : 846
PrivateFrameworks/UserActivity : 443
PrivateFrameworks/UserManagement : 163
PrivateFrameworks/VCXMPP : 11618
PrivateFrameworks/VectorKit : 81
PrivateFrameworks/VideoConference : 1843
PrivateFrameworks/VideoProcessing : 1480
PrivateFrameworks/ViewBridge : 261
PrivateFrameworks/VisionKit : 1515
PrivateFrameworks/VisualPairing : 4206
PrivateFrameworks/VisualTestKit : 1599
PrivateFrameworks/VoiceShortcutClient : 21
PrivateFrameworks/VoiceShortcuts : 21
PrivateFrameworks/VoiceTrigger : 2552
PrivateFrameworks/WPDaemon : 359
PrivateFrameworks/WatchdogClient : 108
PrivateFrameworks/WeatherFoundation : 40
PrivateFrameworks/WeatherKit : 69
PrivateFrameworks/WebContentAnalysis : 1334
PrivateFrameworks/WebDriver : 22
PrivateFrameworks/WebFilterDNS : 1334
PrivateFrameworks/WebInspector : 33
PrivateFrameworks/WebInspectorUI : 18
PrivateFrameworks/WiFiCloudSyncEngine : 368
PrivateFrameworks/WiFiPeerToPeer : 2183
PrivateFrameworks/WiFiPolicy : 714
PrivateFrameworks/WiFiVelocity : 133
PrivateFrameworks/WirelessCoexManager : 5
PrivateFrameworks/WirelessDiagnostics : 10637
PrivateFrameworks/WirelessProximity : 359
PrivateFrameworks/WorkflowKit : 21
PrivateFrameworks/XARTRecovery : 113
PrivateFrameworks/XCTAutomationSupport : 1175
PrivateFrameworks/XCTTargetBootstrap : 1175
PrivateFrameworks/XPCService : 9804
PrivateFrameworks/XQuery : 4858
PrivateFrameworks/XprotectFramework : 271
PrivateFrameworks/acfs : 2123
PrivateFrameworks/caulk : 2580
PrivateFrameworks/iAdCore : 27
PrivateFrameworks/iAdServices : 27
PrivateFrameworks/iCalendar : 140
PrivateFrameworks/iLifeMediaBrowser : 551
PrivateFrameworks/iPod : 5679
PrivateFrameworks/iPodSync : 2113
PrivateFrameworks/iPodUpdater : 1966
PrivateFrameworks/iWorkXPC : 3899
PrivateFrameworks/kperf : 1979
PrivateFrameworks/kperfdata : 1979
PrivateFrameworks/ktrace : 953
PrivateFrameworks/login : 1514
PrivateFrameworks/nt : 251
PrivateFrameworks/oncrpc : 2230
PrivateFrameworks/perfdata : 1453
PrivateFrameworks/vCard : 44
PrivateFrameworks/yara : 206
CoreServices/Dwell Control : 288.2.1
CoreServices/Finder : 1298.5.8
CoreServices/Install in Progress : 990.3
CoreServices/Installer Progress : 550.4
CoreServices/ManagedClient : 1285
CoreServices/Setup Assistant : 2606
CoreServices/Software Update : 1292
CoreServices/UniversalAccessControl : 487.13
CoreServices/loginwindow : 1986.5
Frameworks/AVKit : 244
Frameworks/AuthenticationServices : 11
Frameworks/BusinessChat : 287
Frameworks/ContactsUI : 65
Frameworks/CoreAudioKit : 294
Frameworks/CoreNFC : 5
Frameworks/EventKitUI : 534
Frameworks/GameController : 77
Frameworks/GameKit : 1140
Frameworks/GameplayKit : 1478
Frameworks/HealthKit : 17
Frameworks/HealthKitUI : 17
Frameworks/IdentityLookupUI : 8
Frameworks/IntentsUI : 22
Frameworks/JavaScriptCore : 11
Frameworks/LinkPresentation : 9
Frameworks/MapKit : 322
Frameworks/MediaPlayer : 14
Frameworks/MessageUI : 172
Frameworks/MetalKit : 549
Frameworks/PDFKit : 16
Frameworks/PassKit : 1
Frameworks/PencilKit : 23
Frameworks/QuickLook : 90
Frameworks/RealityKit : 150
Frameworks/ReplayKit : 19
Frameworks/SafariServices : 11
Frameworks/Social : 192
Frameworks/SpriteKit : 130
Frameworks/StoreKit : 249
Frameworks/SwiftUI : 177
Frameworks/UIKit : 77
Frameworks/VisionKit : 1484
Frameworks/WatchConnectivity : 1128
Frameworks/iAd : 27
PrivateFrameworks/AVKitMacHelper : 244
PrivateFrameworks/ActionKit : 8
PrivateFrameworks/ActionKitUI : 8
PrivateFrameworks/ActivityRingsUI : 1628
PrivateFrameworks/AddressBookLegacy : 1068
PrivateFrameworks/AnnotationKit : 9
PrivateFrameworks/AppAnalytics : 16
PrivateFrameworks/AppSupportUI : 2120
PrivateFrameworks/AppleMediaServicesUI : 66
PrivateFrameworks/AuthKitUI : 6
PrivateFrameworks/AuthKitUIMacHelper : 6
PrivateFrameworks/BaseBoardUI : 2459
PrivateFrameworks/CalendarUIKit : 600
PrivateFrameworks/ClassroomKit : 9
PrivateFrameworks/ContactsAutocompleteUI : 540
PrivateFrameworks/ContentKit : 8
PrivateFrameworks/CorePDF : 651
PrivateFrameworks/CoreRecognition : 202
PrivateFrameworks/CoreSuggestionsUI : 30
PrivateFrameworks/DataDetectorsUI : 356
PrivateFrameworks/DocumentManager : 308
PrivateFrameworks/DocumentManagerCore : 308
PrivateFrameworks/EmojiKit : 1028
PrivateFrameworks/FMCoreUI : 1211
PrivateFrameworks/FMNetworking : 5
PrivateFrameworks/GameCenterUI : 695
PrivateFrameworks/Home : 296
PrivateFrameworks/HomeKit : 20
PrivateFrameworks/HomeUI : 296
PrivateFrameworks/IMAssistantCore : 5
PrivateFrameworks/IMCore : 5
PrivateFrameworks/IMDPersistence : 5
PrivateFrameworks/IMSharedUtilities : 5
PrivateFrameworks/IMTranscoding : 5
PrivateFrameworks/IntlPreferences : 348
PrivateFrameworks/Jet : 1112
PrivateFrameworks/ManagedConfiguration : 217
PrivateFrameworks/MarkupUI : 9
PrivateFrameworks/MediaPlaybackCore : 14
PrivateFrameworks/MobileTimer : 1009
PrivateFrameworks/MobileTimerUI : 1009
PrivateFrameworks/NanoRegistry : 1415
PrivateFrameworks/NetAppsUtilitiesUI : 5999
PrivateFrameworks/NewsAnalytics : 10
PrivateFrameworks/NewsAnalyticsUpload : 10
PrivateFrameworks/NewsArticles : 10
PrivateFrameworks/NewsCore : 10
PrivateFrameworks/NewsDaemon : 10
PrivateFrameworks/NewsFeed : 10
PrivateFrameworks/NewsFeedLayout : 10
PrivateFrameworks/NewsFoundation : 10
PrivateFrameworks/NewsServicesInternal : 10
PrivateFrameworks/NewsSubscription : 10
PrivateFrameworks/NewsTransport : 10
PrivateFrameworks/NewsUI : 10
PrivateFrameworks/NewsUI2 : 10
PrivateFrameworks/OnBoardingKit : 67
PrivateFrameworks/PencilKit : 23
PrivateFrameworks/PersonaUI : 414
PrivateFrameworks/PodcastsUI : 26
PrivateFrameworks/RTTUI : 27
PrivateFrameworks/RapportUI : 159
PrivateFrameworks/SPShared : 5
PrivateFrameworks/SafariShared : 11
PrivateFrameworks/SafariSharedUI : 11
PrivateFrameworks/ScreenTimeUI : 8
PrivateFrameworks/Silex : 10
PrivateFrameworks/SilexVideo : 10
PrivateFrameworks/SilexWeb : 10
PrivateFrameworks/SocialServices : 143
PrivateFrameworks/Stocks : 2064
PrivateFrameworks/TSReading : 951
PrivateFrameworks/TSUtility : 951
PrivateFrameworks/TeaActivities : 25
PrivateFrameworks/TeaCharts : 25
PrivateFrameworks/TeaDB : 25
PrivateFrameworks/TeaFoundation : 25
PrivateFrameworks/TeaSettings : 25
PrivateFrameworks/TeaTemplate : 25
PrivateFrameworks/TeaUI : 25
PrivateFrameworks/TeaUIKit : 25
PrivateFrameworks/TelephonyUI : 8
PrivateFrameworks/TransparencyDetailsView : 420
PrivateFrameworks/UIKitCore : 73
PrivateFrameworks/UIKitMacHelper : 73
PrivateFrameworks/UIKitServices : 53
PrivateFrameworks/UserNotificationsExtensionPoint : 1118
PrivateFrameworks/VisualPairing : 2302
PrivateFrameworks/VoiceMemos : 20
PrivateFrameworks/VoiceShortcutClient : 8
PrivateFrameworks/VoiceShortcuts : 8
PrivateFrameworks/VoiceShortcutsUI : 8
PrivateFrameworks/Weather : 16
PrivateFrameworks/WeatherFoundation : 15
PrivateFrameworks/WebCore : 15
PrivateFrameworks/WebInspector : 11
PrivateFrameworks/WebKitLegacy : 11
PrivateFrameworks/WebUI : 11
PrivateFrameworks/WorkflowKit : 8
PrivateFrameworks/WorkflowUI : 8
