Applications/AltServer : 24
Applications/Background Music : 1.0.0
Applications/BitBar : 1.9.2
Applications/Bootstrap Studio : 5.1.0
Applications/DB Browser for SQLite : 3.11.2
Applications/DockMate : 494
Applications/GitHub Desktop : 2.5.0
Applications/Google Chrome : 4103.61
Applications/HandBrake : 2020050300
Applications/Hopper Disassembler v4 : 4.0.8
Applications/Itsycal : 2024
Applications/Keka : 3468
Applications/LICEcap : 1.30
Applications/MacForge : 3578
Applications/MacUpdater : 8387
Applications/Music Bar : 1.3.3
Applications/NPR : 1
Applications/OBS : 25.0.8
Applications/RapidWeaver 8 : 20836
Applications/RunCat : 7.9.0
Applications/Safari : 15609.2.9.1.2
Applications/Snk : 1005
Applications/Spotify : 1.1.33.569.gced9e0f5-29
Applications/Suspicious Package : 586
Applications/Tiles : 240
Applications/Transmission : 14714.3.0
Applications/Visual Studio Code : 1.45.1
Applications/Xcode : 16139
Applications/XnConvert : 1.83
Applications/App Store : 1004.7.1
Applications/Contacts : 2421.26
Applications/News : 2435.1
Applications/Podcasts : 1440.4
Utilities/Bluetooth File Exchange : 7.0.5f6
Utilities/VoiceOver Utility : 708.13
Frameworks/AGL : 3682
Frameworks/AVFoundation : 32
Frameworks/AVKit : 199
Frameworks/Accelerate : 3
Frameworks/Accounts : 3
Frameworks/AdSupport : 2010
Frameworks/AppleScriptKit : 3381
Frameworks/AppleScriptObjC : 5077
Frameworks/ApplicationServices : 3973
Frameworks/AudioUnit : 7
Frameworks/AudioVideoBridging : 6
Frameworks/AutomaticAssessmentConfiguration : 643
Frameworks/Automator : 805
Frameworks/BackgroundTasks : 14
Frameworks/BusinessChat : 543
Frameworks/CFNetwork : 31
Frameworks/CalendarStore : 1036
Frameworks/CallKit : 12
Frameworks/Carbon : 4504
Frameworks/CloudKit : 374
Frameworks/Cocoa : 13409
Frameworks/Collaboration : 4087
Frameworks/ColorSync : 34
Frameworks/Combine : 1003
Frameworks/CoreAudio : 344
Frameworks/CoreAudioKit : 336
Frameworks/CoreAudioTypes : 7
Frameworks/CoreBluetooth : 113
Frameworks/CoreData : 194
Frameworks/CoreFoundation : 1
Frameworks/CoreGraphics : 22
Frameworks/CoreHaptics : 295
Frameworks/CoreImage : 227
Frameworks/CoreLocation : 133
Frameworks/CoreMIDI : 928
Frameworks/CoreMIDIServer : 928
Frameworks/CoreML : 568
Frameworks/CoreMediaIO : 676
Frameworks/CoreMotion : 133
Frameworks/CoreServices : 82
Frameworks/CoreSpotlight : 7
Frameworks/CoreTelephony : 13
Frameworks/CoreText : 29
Frameworks/CoreVideo : 817
Frameworks/CryptoKit : 1268
Frameworks/CryptoTokenKit : 690
Frameworks/DVDPlayback : 803
Frameworks/DeviceCheck : 9059
Frameworks/DirectoryService : 645
Frameworks/DiscRecording : 449
Frameworks/DiscRecordingUI : 449
Frameworks/DiskArbitration : 10
Frameworks/DriverKit : 534
Frameworks/EventKit : 17
Frameworks/ExceptionHandling : 5122
Frameworks/ExternalAccessory : 1455
Frameworks/FWAUserLib : 442
Frameworks/FileProviderUI : 922
Frameworks/ForceFeedback : 4177
Frameworks/Foundation : 1
Frameworks/GLKit : 1187
Frameworks/GLUT : 625
Frameworks/GSS : 817
Frameworks/GameController : 177
Frameworks/GameKit : 4600
Frameworks/GameplayKit : 4924
Frameworks/HIDDriverKit : 87
Frameworks/Hypervisor : 610
Frameworks/ICADevices : 34
Frameworks/IMServicePlugIn : 12
Frameworks/IOKit : 1
Frameworks/IOSurface : 1099
Frameworks/IOUSBHost : 490
Frameworks/IdentityLookup : 12
Frameworks/ImageCaptureCore : 34
Frameworks/ImageIO : 20
Frameworks/InputMethodKit : 622
Frameworks/InstallerPlugins : 715
Frameworks/InstantMessage : 11381
Frameworks/Intents : 289
Frameworks/JavaFrameEmbedding : 1780
Frameworks/JavaVM : 1849
Frameworks/Kerberos : 1133
Frameworks/Kernel : 7
Frameworks/LDAP : 407
Frameworks/LatentSemanticMapping : 3413
Frameworks/LinkPresentation : 49
Frameworks/MapKit : 379
Frameworks/MediaAccessibility : 481
Frameworks/MediaLibrary : 564
Frameworks/Message : 12994
Frameworks/Metal : 25
Frameworks/MetalKit : 512
Frameworks/MetalPerformanceShaders : 42
Frameworks/MetricKit : 1599
Frameworks/ModelIO : 18
Frameworks/MultipeerConnectivity : 2377
Frameworks/NaturalLanguage : 3597
Frameworks/NetFS : 666
Frameworks/NetworkExtension : 25
Frameworks/NetworkingDriverKit : 942
Frameworks/NotificationCenter : 88
Frameworks/OSAKit : 5341
Frameworks/OSLog : 122
Frameworks/OpenAL : 1061
Frameworks/OpenCL : 1259
Frameworks/OpenDirectory : 645
Frameworks/OpenGL : 3725
Frameworks/PCIDriverKit : 826
Frameworks/PCSC : 158
Frameworks/PDFKit : 30
Frameworks/PencilKit : 26
Frameworks/Photos : 21
Frameworks/PhotosUI : 23
Frameworks/PreferencePanes : 900
Frameworks/PushKit : 2184
Frameworks/Python : 224
Frameworks/QTKit : 1698
Frameworks/Quartz : 9865
Frameworks/QuartzCore : 32
Frameworks/QuickLook : 162
Frameworks/QuickLookThumbnailing : 132
Frameworks/RealityKit : 188
Frameworks/Ruby : 1813
Frameworks/SceneKit : 50
Frameworks/ScreenSaver : 901
Frameworks/ScriptingBridge : 2708
Frameworks/Security : 115
Frameworks/SecurityFoundation : 1580
Frameworks/SecurityInterface : 32
Frameworks/Social : 243
Frameworks/SoundAnalysis : 2763
Frameworks/Speech : 1734
Frameworks/SpriteKit : 131
Frameworks/StoreKit : 322
Frameworks/SwiftUI : 28
Frameworks/SyncServices : 9481
Frameworks/System : 2147
Frameworks/SystemConfiguration : 14
Frameworks/SystemExtensions : 285
Frameworks/TWAIN : 124
Frameworks/Tcl : 2192
Frameworks/Tk : 2192
Frameworks/USBDriverKit : 490
Frameworks/UserNotifications : 4823
Frameworks/VideoDecodeAcceleration : 5493
Frameworks/Vision : 94
Frameworks/WebKit : 5
Frameworks/iTunesLibrary : 14
Frameworks/vecLib : 3
Frameworks/vmnet : 239
PrivateFrameworks/AACCore : 349
PrivateFrameworks/ACDEClient : 8619
PrivateFrameworks/AMPDevices : 4
PrivateFrameworks/AMPSharing : 6
PrivateFrameworks/AOSAccounts : 791
PrivateFrameworks/AOSAccountsLite : 791
PrivateFrameworks/AOSKit : 987
PrivateFrameworks/AOSMigrate : 13911
PrivateFrameworks/AOSUI : 366
PrivateFrameworks/APFS : 25
PrivateFrameworks/APTransport : 470
PrivateFrameworks/AVFoundationCF : 71
PrivateFrameworks/AXCoreUtilities : 24
PrivateFrameworks/AXHearingCoreSupport : 4530
PrivateFrameworks/AXHearingSupport : 4530
PrivateFrameworks/AXMediaUtilities : 290
PrivateFrameworks/AXRuntime : 24
PrivateFrameworks/AccessibilityBundles : 112
PrivateFrameworks/AccessibilityPerformance : 171
PrivateFrameworks/AccessibilityPlatformTranslation : 254
PrivateFrameworks/AccessibilitySharedSupport : 254
PrivateFrameworks/AccessibilitySupport : 171
PrivateFrameworks/AccessoryNowPlaying : 33
PrivateFrameworks/AccountPolicy : 3045
PrivateFrameworks/AccountsDaemon : 3
PrivateFrameworks/AccountsUI : 102
PrivateFrameworks/ActionKit : 34
PrivateFrameworks/AdAnalytics : 6
PrivateFrameworks/AdCore : 434
PrivateFrameworks/AdID : 434
PrivateFrameworks/AdPlatforms : 434
PrivateFrameworks/AdPlatformsInternal : 434
PrivateFrameworks/Admin : 7
PrivateFrameworks/AggregateDictionary : 773
PrivateFrameworks/AggregateDictionaryHistory : 773
PrivateFrameworks/AirPlayReceiver : 645
PrivateFrameworks/AirPlaySender : 645
PrivateFrameworks/AirPlaySupport : 470
PrivateFrameworks/AirTrafficHost : 188
PrivateFrameworks/AmbientDisplay : 316
PrivateFrameworks/AnnotationKit : 47
PrivateFrameworks/AppContainer : 42
PrivateFrameworks/AppSSO : 15
PrivateFrameworks/AppSSOCore : 15
PrivateFrameworks/AppSSOKerberos : 15
PrivateFrameworks/AppSSOUI : 15
PrivateFrameworks/AppSandbox : 42
PrivateFrameworks/AppStoreDaemon : 11
PrivateFrameworks/AppStoreFoundation : 11
PrivateFrameworks/AppStoreKit : 6
PrivateFrameworks/AppStoreUI : 78
PrivateFrameworks/AppSupport : 5519
PrivateFrameworks/AppSupportUI : 8276
PrivateFrameworks/Apple80211 : 13
PrivateFrameworks/AppleAccount : 448
PrivateFrameworks/AppleAppSupport : 9865
PrivateFrameworks/AppleCVA : 519
PrivateFrameworks/AppleFSCompression : 4418
PrivateFrameworks/AppleGVA : 85
PrivateFrameworks/AppleGVACore : 85
PrivateFrameworks/AppleIDAuthSupport : 1543
PrivateFrameworks/AppleIDSSOAuthentication : 445
PrivateFrameworks/AppleJPEG : 1091
PrivateFrameworks/AppleLDAP : 8273
PrivateFrameworks/AppleMediaServices : 7
PrivateFrameworks/AppleMediaServicesUI : 168
PrivateFrameworks/ApplePushService : 12
PrivateFrameworks/AppleSRP : 11861
PrivateFrameworks/AppleSauce : 2790
PrivateFrameworks/AppleScript : 546
PrivateFrameworks/AppleShareClientCore : 3112
PrivateFrameworks/AppleSystemInfo : 1321
PrivateFrameworks/AppleVA : 3108
PrivateFrameworks/AppleVPA : 362
PrivateFrameworks/AskPermission : 524
PrivateFrameworks/AssertionServices : 275
PrivateFrameworks/AssetCacheServices : 149
PrivateFrameworks/AssetCacheServicesExtensions : 149
PrivateFrameworks/AssetsLibraryServices : 21
PrivateFrameworks/AssistantServices : 48
PrivateFrameworks/AssistiveControlSupport : 13
PrivateFrameworks/AttributeGraph : 17
PrivateFrameworks/AudioDSPManager : 994
PrivateFrameworks/AudioHistory : 994
PrivateFrameworks/AudioPasscode : 2822
PrivateFrameworks/AudioResourceArbitration : 960
PrivateFrameworks/AudioServerApplication : 56
PrivateFrameworks/AudioServerDriver : 56
PrivateFrameworks/AudioSession : 994
PrivateFrameworks/AudioTransportCommon : 3586
PrivateFrameworks/AuthKit : 12
PrivateFrameworks/AuthKitUI : 12
PrivateFrameworks/AutoBugCaptureCore : 37
PrivateFrameworks/AutoLoop : 4143
PrivateFrameworks/BackBoardServices : 18
PrivateFrameworks/BackgroundTaskManagement : 189
PrivateFrameworks/BaseBoard : 3330
PrivateFrameworks/BatteryUIKit : 4801
PrivateFrameworks/BehaviorMiner : 181
PrivateFrameworks/BezelServices : 1018
PrivateFrameworks/BioKitAggD : 10516
PrivateFrameworks/BiometricKit : 675
PrivateFrameworks/BiometricSupport : 584
PrivateFrameworks/BluetoothManager : 113
PrivateFrameworks/BoardServices : 3330
PrivateFrameworks/Bom : 1302
PrivateFrameworks/BookCoverUtility : 213
PrivateFrameworks/BookKit : 213
PrivateFrameworks/BookKitFoundation : 213
PrivateFrameworks/BookUtility : 213
PrivateFrameworks/BridgeOSInstall : 1343
PrivateFrameworks/BridgeOSInstallReporting : 1343
PrivateFrameworks/BridgeOSObliteration : 351
PrivateFrameworks/BridgeOSSoftwareUpdate : 865
PrivateFrameworks/BridgeXPC : 3224
PrivateFrameworks/ByteRangeLocking : 3084
PrivateFrameworks/C2 : 448
PrivateFrameworks/CDDataAccess : 14
PrivateFrameworks/CDDataAccessExpress : 14
PrivateFrameworks/CPAnalytics : 21
PrivateFrameworks/CPMLBestShim : 7442
PrivateFrameworks/CSCSupport : 47
PrivateFrameworks/CacheDelete : 263
PrivateFrameworks/CalDAV : 611
PrivateFrameworks/Calculate : 1020
PrivateFrameworks/CalendarAgent : 14
PrivateFrameworks/CalendarAgentLink : 10
PrivateFrameworks/CalendarDraw : 1085
PrivateFrameworks/CalendarFoundation : 14
PrivateFrameworks/CalendarNotification : 655
PrivateFrameworks/CalendarPersistence : 17
PrivateFrameworks/CalendarUI : 4
PrivateFrameworks/CalendarUIKit : 544
PrivateFrameworks/CameraImagingFramework : 5331
PrivateFrameworks/CaptiveNetwork : 368
PrivateFrameworks/CardKit : 446
PrivateFrameworks/CardServices : 446
PrivateFrameworks/Cards : 446
PrivateFrameworks/Catalyst : 2166
PrivateFrameworks/Categories : 1273
PrivateFrameworks/CharacterPicker : 734
PrivateFrameworks/ChunkingLibrary : 357
PrivateFrameworks/ClassroomKit : 5
PrivateFrameworks/ClockMenuExtraPreferences : 1609
PrivateFrameworks/CloudFamilyRestrictions : 1956
PrivateFrameworks/CloudFamilyRestrictionsDaemon : 1956
PrivateFrameworks/CloudKitCode : 714
PrivateFrameworks/CloudKitCodeProtobuf : 714
PrivateFrameworks/CloudKitDaemon : 334
PrivateFrameworks/CloudPhotoLibrary : 21
PrivateFrameworks/CloudPhotoServices : 21
PrivateFrameworks/CloudPhotoServicesConfiguration : 21
PrivateFrameworks/CloudServices : 4
PrivateFrameworks/Coherence : 9433
PrivateFrameworks/CombineCocoa : 1003
PrivateFrameworks/CommerceKit : 78
PrivateFrameworks/CommonAuth : 817
PrivateFrameworks/CommonCandidateWindow : 11476
PrivateFrameworks/CommonUtilities : 8001
PrivateFrameworks/CommunicationsFilter : 1294
PrivateFrameworks/ConditionInducer : 5691
PrivateFrameworks/ConfigurationEngineModel : 344
PrivateFrameworks/ConsoleKit : 664
PrivateFrameworks/ConstantClasses : 2621
PrivateFrameworks/ContactsAgent : 1967
PrivateFrameworks/ContactsAssistantServices : 3331
PrivateFrameworks/ContactsAutocomplete : 1677
PrivateFrameworks/ContactsAutocompleteUI : 406
PrivateFrameworks/ContactsDonation : 2614
PrivateFrameworks/ContactsDonationFeedback : 2614
PrivateFrameworks/ContactsFoundation : 207
PrivateFrameworks/ContentKit : 34
PrivateFrameworks/ContextKit : 1545
PrivateFrameworks/ConversationKit : 2
PrivateFrameworks/CoreADI : 3151
PrivateFrameworks/CoreAUC : 816
PrivateFrameworks/CoreAVCHD : 3353
PrivateFrameworks/CoreAccessories : 33
PrivateFrameworks/CoreAnalytics : 697
PrivateFrameworks/CoreAppleCVA : 1423
PrivateFrameworks/CoreBrightness : 655
PrivateFrameworks/CoreCDP : 38
PrivateFrameworks/CoreCDPInternal : 38
PrivateFrameworks/CoreCDPUI : 38
PrivateFrameworks/CoreCapture : 585
PrivateFrameworks/CoreCaptureControl : 585
PrivateFrameworks/CoreCaptureDaemon : 585
PrivateFrameworks/CoreChart : 80
PrivateFrameworks/CoreChineseEngine : 2176
PrivateFrameworks/CoreDAV : 277
PrivateFrameworks/CoreDaemon : 2158
PrivateFrameworks/CoreEmoji : 37
PrivateFrameworks/CoreFP : 10
PrivateFrameworks/CoreFollowUp : 1686
PrivateFrameworks/CoreFollowUpUI : 1686
PrivateFrameworks/CoreHandwriting : 1316
PrivateFrameworks/CoreKE : 10
PrivateFrameworks/CoreKnowledge : 1288
PrivateFrameworks/CoreLSKD : 47
PrivateFrameworks/CoreLSKDMSE : 237
PrivateFrameworks/CoreMLTestFramework : 467
PrivateFrameworks/CoreMaterial : 2074
PrivateFrameworks/CoreMediaStream : 21
PrivateFrameworks/CoreNLP : 2285
PrivateFrameworks/CoreNameParser : 6530
PrivateFrameworks/CoreNavigation : 368
PrivateFrameworks/CoreOptimization : 7442
PrivateFrameworks/CorePDF : 577
PrivateFrameworks/CoreParsec : 1138
PrivateFrameworks/CorePhoneNumbers : 12
PrivateFrameworks/CorePrediction : 7442
PrivateFrameworks/CoreRE : 94
PrivateFrameworks/CoreRecents : 3899
PrivateFrameworks/CoreRecognition : 421
PrivateFrameworks/CoreRoutine : 884
PrivateFrameworks/CoreSDB : 4341
PrivateFrameworks/CoreSVG : 3903
PrivateFrameworks/CoreServicesInternal : 239
PrivateFrameworks/CoreServicesStore : 10
PrivateFrameworks/CoreSpotlightImportDaemon : 7
PrivateFrameworks/CoreSuggestions : 45
PrivateFrameworks/CoreSuggestionsInternals : 45
PrivateFrameworks/CoreSuggestionsML : 45
PrivateFrameworks/CoreSuggestionsUI : 45
PrivateFrameworks/CoreSymbolication : 140
PrivateFrameworks/CoreThemeDefinition : 18
PrivateFrameworks/CoreTime : 432
PrivateFrameworks/CoreUI : 798
PrivateFrameworks/CoreUtils : 171
PrivateFrameworks/CoreUtilsSwift : 4540
PrivateFrameworks/CoreUtilsUI : 159
PrivateFrameworks/CoreWLANKit : 119
PrivateFrameworks/CoreWiFi : 569
PrivateFrameworks/CrashReporterSupport : 199
PrivateFrameworks/CreateML : 439
PrivateFrameworks/CryptoKitCBridging : 1268
PrivateFrameworks/CryptoKitPrivate : 1268
PrivateFrameworks/DAAPKit : 266
PrivateFrameworks/DASDaemon : 14
PrivateFrameworks/DCERPC : 2918
PrivateFrameworks/DCIMServices : 21
PrivateFrameworks/DFRBrightness : 655
PrivateFrameworks/DFRDisplay : 41
PrivateFrameworks/DSExternalDisplay : 563
PrivateFrameworks/DTXConnectionServices : 115
PrivateFrameworks/DVD : 14809
PrivateFrameworks/DataDeliveryServices : 420
PrivateFrameworks/DataDetectors : 103
PrivateFrameworks/DataDetectorsCore : 6046
PrivateFrameworks/DataDetectorsNaturalLanguage : 2233
PrivateFrameworks/DebugSymbols : 3921
PrivateFrameworks/DesktopServicesPriv : 69
PrivateFrameworks/DeviceCheckInternal : 9059
PrivateFrameworks/DeviceIdentity : 85
PrivateFrameworks/DeviceLink : 188
PrivateFrameworks/DeviceManagement : 344
PrivateFrameworks/DeviceToDeviceManager : 10852
PrivateFrameworks/DiagnosticExtensions : 3717
PrivateFrameworks/DiagnosticLogCollection : 274
PrivateFrameworks/DialogEngine : 121
PrivateFrameworks/DifferentialPrivacy : 370
PrivateFrameworks/DigitalTouchShared : 6453
PrivateFrameworks/DirectoryEditor : 1349
PrivateFrameworks/DirectoryServer : 11383
PrivateFrameworks/DiskImages : 1807
PrivateFrameworks/DiskManagement : 11
PrivateFrameworks/DisplayServices : 591
PrivateFrameworks/DisplayTransportServices : 2163
PrivateFrameworks/DistributedEvaluation : 956
PrivateFrameworks/DrawingKit : 47
PrivateFrameworks/DuetActivityScheduler : 14
PrivateFrameworks/EAFirmwareUpdater : 151
PrivateFrameworks/EAP8021X : 2004
PrivateFrameworks/EFILogin : 1381
PrivateFrameworks/EasyConfig : 171
PrivateFrameworks/Email : 48
PrivateFrameworks/EmailAddressing : 48
PrivateFrameworks/EmailCore : 48
PrivateFrameworks/EmailDaemon : 48
PrivateFrameworks/EmailFoundation : 48
PrivateFrameworks/EmbeddedAcousticRecognition : 313
PrivateFrameworks/EmbeddedOSInstall : 4019
PrivateFrameworks/EmbeddedOSSupportHost : 367
PrivateFrameworks/EmbeddedSensingProtocols : 8265
PrivateFrameworks/EmojiFoundation : 438
PrivateFrameworks/Engram : 274
PrivateFrameworks/Espresso : 11129
PrivateFrameworks/ExchangeSync : 320
PrivateFrameworks/ExchangeWebServices : 78
PrivateFrameworks/ExpansionSlotSupport : 3
PrivateFrameworks/FMClient : 4438
PrivateFrameworks/FMCore : 2529
PrivateFrameworks/FMCoreLite : 2487
PrivateFrameworks/FMCoreUI : 2270
PrivateFrameworks/FMF : 1649
PrivateFrameworks/FMFCore : 185
PrivateFrameworks/FMFUI : 1649
PrivateFrameworks/FMIPCore : 185
PrivateFrameworks/FTAWD : 274
PrivateFrameworks/FTClientServices : 61
PrivateFrameworks/FTServices : 61
PrivateFrameworks/FWAVC : 676
PrivateFrameworks/FaceCore : 3044
PrivateFrameworks/FamilyCircle : 762
PrivateFrameworks/FamilyCircleUI : 762
PrivateFrameworks/FamilyControls : 516
PrivateFrameworks/FamilyNotification : 762
PrivateFrameworks/FeatureFlagsSupport : 5637
PrivateFrameworks/FilesActionsUI : 922
PrivateFrameworks/FindMyDevice : 32
PrivateFrameworks/FindMyDeviceUI : 288
PrivateFrameworks/FindMyMac : 1096
PrivateFrameworks/FlightUtilities : 1766
PrivateFrameworks/FlowFrameKit : 15
PrivateFrameworks/FolderActionsKit : 2228
PrivateFrameworks/FontServices : 3676
PrivateFrameworks/FoundInAppsPlugins : 61
PrivateFrameworks/FrontBoardServices : 47
PrivateFrameworks/Futhark : 2168
PrivateFrameworks/GPUInfo : 9
PrivateFrameworks/GPURawCounter : 1310
PrivateFrameworks/GPUSupport : 3725
PrivateFrameworks/GPUWrangler : 6
PrivateFrameworks/GameCenterFoundation : 4600
PrivateFrameworks/GameCenterUI : 4600
PrivateFrameworks/GameCenterUICore : 4600
PrivateFrameworks/GenerationalStorage : 2270
PrivateFrameworks/GeoKit : 1148
PrivateFrameworks/GeoServices : 71
PrivateFrameworks/Geode : 23
PrivateFrameworks/GraphKit : 13269
PrivateFrameworks/GraphVisualizer : 4380
PrivateFrameworks/GraphicsServices : 6610
PrivateFrameworks/HDAInterface : 997
PrivateFrameworks/HDRProcessing : 1
PrivateFrameworks/HID : 391
PrivateFrameworks/HIDAnalytics : 87
PrivateFrameworks/HIDDisplay : 87
PrivateFrameworks/HMFoundation : 149
PrivateFrameworks/HTTPServer : 2000
PrivateFrameworks/HearingCore : 47
PrivateFrameworks/HearingUtilities : 47
PrivateFrameworks/HeimODAdmin : 230
PrivateFrameworks/Heimdal : 817
PrivateFrameworks/Helium : 1145
PrivateFrameworks/HelloWorldMacHelper : 71
PrivateFrameworks/HelpData : 1681
PrivateFrameworks/HomeAI : 385
PrivateFrameworks/IAP : 697
PrivateFrameworks/IASUtilities : 59
PrivateFrameworks/IDS : 61
PrivateFrameworks/IDSFoundation : 61
PrivateFrameworks/IDSHashPersistence : 99
PrivateFrameworks/IDSKVStore : 99
PrivateFrameworks/IDSSystemPreferencesSignIn : 61
PrivateFrameworks/IMAP : 43
PrivateFrameworks/IMAVCore : 66
PrivateFrameworks/IMAssistantCore : 12
PrivateFrameworks/IMCore : 12
PrivateFrameworks/IMDMessageServices : 12
PrivateFrameworks/IMDPersistence : 12
PrivateFrameworks/IMDaemonCore : 12
PrivateFrameworks/IMFoundation : 274
PrivateFrameworks/IMSharedUI : 24
PrivateFrameworks/IMSharedUtilities : 12
PrivateFrameworks/IMTranscoderAgent : 12
PrivateFrameworks/IMTranscoding : 12
PrivateFrameworks/IMTransferAgent : 12
PrivateFrameworks/IMTransferServices : 274
PrivateFrameworks/IOAccelerator : 1
PrivateFrameworks/IOImageLoader : 937
PrivateFrameworks/IOKitten : 3586
PrivateFrameworks/IOPlatformPluginFamily : 13
PrivateFrameworks/IOPresentment : 6
PrivateFrameworks/ISSupport : 11248
PrivateFrameworks/IconServices : 357
PrivateFrameworks/IdleTimerServices : 9957
PrivateFrameworks/IncomingCallFilter : 1294
PrivateFrameworks/InertiaCam : 407
PrivateFrameworks/InputContext : 7989
PrivateFrameworks/InputTranscoder : 1754
PrivateFrameworks/Install : 355
PrivateFrameworks/InstallerDiagnostics : 1782
PrivateFrameworks/Intents : 289
PrivateFrameworks/IntentsCore : 289
PrivateFrameworks/IntentsFoundation : 289
PrivateFrameworks/IntentsServices : 289
PrivateFrameworks/InternationalSupport : 12
PrivateFrameworks/InternationalTextSearch : 4407
PrivateFrameworks/InternetAccounts : 1318
PrivateFrameworks/IntlPreferences : 995
PrivateFrameworks/JavaApplicationLauncher : 1780
PrivateFrameworks/JavaLaunching : 1660
PrivateFrameworks/JavaScriptAppleEvents : 86
PrivateFrameworks/JavaScriptOSA : 3179
PrivateFrameworks/Jet : 3474
PrivateFrameworks/JetEngine : 1111
PrivateFrameworks/JetUI : 1108
PrivateFrameworks/KerberosHelper : 3312
PrivateFrameworks/KeyboardServices : 261
PrivateFrameworks/KeychainCircle : 115
PrivateFrameworks/KnowledgeGraphKit : 21
PrivateFrameworks/KnowledgeMonitor : 12
PrivateFrameworks/LanguageModeling : 1576
PrivateFrameworks/Lexicon : 6799
PrivateFrameworks/LibraryRepair : 1832
PrivateFrameworks/LimitAdTracking : 434
PrivateFrameworks/LinguisticData : 18
PrivateFrameworks/LinkPresentation : 49
PrivateFrameworks/LocationSupport : 133
PrivateFrameworks/LockoutUI : 3884
PrivateFrameworks/LoggingSupport : 122
PrivateFrameworks/Lookup : 1199
PrivateFrameworks/MDSChannel : 3082
PrivateFrameworks/MFAAuthentication : 33
PrivateFrameworks/MFiAuthentication : 697
PrivateFrameworks/MLFoundation : 577
PrivateFrameworks/MMCS : 448
PrivateFrameworks/MMCSServices : 12
PrivateFrameworks/MTLCompiler : 25
PrivateFrameworks/MTLSimImplementation : 25
PrivateFrameworks/MachineSettings : 5741
PrivateFrameworks/Mail : 43
PrivateFrameworks/MailCore : 43
PrivateFrameworks/MailService : 43
PrivateFrameworks/MailSupport : 48
PrivateFrameworks/MailUI : 43
PrivateFrameworks/MailWebProcessSupport : 48
PrivateFrameworks/MallocStackLogging : 140
PrivateFrameworks/Mangrove : 1372
PrivateFrameworks/MapsSuggestions : 419
PrivateFrameworks/MapsSupport : 419
PrivateFrameworks/Marco : 274
PrivateFrameworks/MarkupUI : 47
PrivateFrameworks/MediaControlSender : 470
PrivateFrameworks/MediaConversionService : 21
PrivateFrameworks/MediaKit : 5304
PrivateFrameworks/MediaMiningKit : 21
PrivateFrameworks/MediaRemote : 79
PrivateFrameworks/MediaServices : 260
PrivateFrameworks/MediaStream : 21
PrivateFrameworks/Memories : 99
PrivateFrameworks/MessageProtection : 896
PrivateFrameworks/MessageSecurity : 705
PrivateFrameworks/MessageUIMacHelper : 234
PrivateFrameworks/MetadataUtilities : 4
PrivateFrameworks/MetalTools : 25
PrivateFrameworks/MetricKitCore : 1599
PrivateFrameworks/MetricKitServices : 1599
PrivateFrameworks/MetricKitSource : 1599
PrivateFrameworks/MetricMeasurement : 1599
PrivateFrameworks/MiniSoftwareUpdate : 2283
PrivateFrameworks/MobileAccessoryUpdater : 151
PrivateFrameworks/MobileActivationMacOS : 85
PrivateFrameworks/MobileAsset : 142
PrivateFrameworks/MobileAssetUpdater : 151
PrivateFrameworks/MobileBluetooth : 113
PrivateFrameworks/MobileDevice : 188
PrivateFrameworks/MobileIcons : 357
PrivateFrameworks/MobileKeyBag : 1079
PrivateFrameworks/Mondrian : 23
PrivateFrameworks/MonitorPanel : 203
PrivateFrameworks/Montreal : 955
PrivateFrameworks/MultitouchSupport : 1500
PrivateFrameworks/MultiverseSupport : 105
PrivateFrameworks/MusicLibrary : 463
PrivateFrameworks/NLP : 5518
PrivateFrameworks/Navigation : 126
PrivateFrameworks/NetAppsUtilities : 6019
PrivateFrameworks/NetAuth : 338
PrivateFrameworks/NetFSServer : 673
PrivateFrameworks/Netrb : 666
PrivateFrameworks/NetworkServiceProxy : 3920
PrivateFrameworks/NetworkStatistics : 5608
PrivateFrameworks/NeutrinoCore : 21
PrivateFrameworks/NeutrinoKit : 21
PrivateFrameworks/Notes : 33
PrivateFrameworks/NotesShared : 33
PrivateFrameworks/NotesUI : 33
PrivateFrameworks/Noticeboard : 2597
PrivateFrameworks/NotificationCenterUI : 88
PrivateFrameworks/OAuth : 20595
PrivateFrameworks/OSAServicesClient : 390
PrivateFrameworks/OSASubmissionClient : 364
PrivateFrameworks/OSASyncProxyClient : 364
PrivateFrameworks/OSAnalytics : 390
PrivateFrameworks/OSAnalyticsPrivate : 364
PrivateFrameworks/OSD : 2889
PrivateFrameworks/OSInstaller : 400
PrivateFrameworks/OSPersonalization : 77
PrivateFrameworks/OSUpdate : 26
PrivateFrameworks/OTSVG : 29
PrivateFrameworks/OfficeImport : 2408
PrivateFrameworks/OnBoardingKit : 23
PrivateFrameworks/OpenDirectoryConfig : 14246
PrivateFrameworks/OpenDirectoryConfigUI : 2355
PrivateFrameworks/Osprey : 121
PrivateFrameworks/PAImaging : 23
PrivateFrameworks/PAImagingCore : 23
PrivateFrameworks/PDFKit : 30
PrivateFrameworks/PIP : 1468
PrivateFrameworks/PSNormalizer : 13
PrivateFrameworks/PacketFilter : 1143
PrivateFrameworks/ParsecModel : 1138
PrivateFrameworks/ParsecSubscriptionServiceSupport : 1138
PrivateFrameworks/ParsecUI : 7
PrivateFrameworks/PassKit : 48
PrivateFrameworks/PassKitCore : 47
PrivateFrameworks/PassKitUI : 178
PrivateFrameworks/PassKitUIFoundation : 16
PrivateFrameworks/PasswordServer : 8396
PrivateFrameworks/PencilKit : 26
PrivateFrameworks/PersistentConnection : 936
PrivateFrameworks/PersonaKit : 983
PrivateFrameworks/PersonaUI : 983
PrivateFrameworks/PersonalizationPortrait : 61
PrivateFrameworks/PersonalizationPortraitInternals : 61
PrivateFrameworks/PhoneNumbers : 12
PrivateFrameworks/PhotoAnalysis : 21
PrivateFrameworks/PhotoFoundation : 21
PrivateFrameworks/PhotoImaging : 21
PrivateFrameworks/PhotoLibrary : 23
PrivateFrameworks/PhotoLibraryServices : 21
PrivateFrameworks/PhotoPrintProduct : 1403
PrivateFrameworks/PhotoVision : 21
PrivateFrameworks/PhotosFormats : 21
PrivateFrameworks/PhotosGraph : 21
PrivateFrameworks/PhotosImagingFoundation : 21
PrivateFrameworks/PhotosPlayer : 21
PrivateFrameworks/PhotosUICore : 23
PrivateFrameworks/PhysicsKit : 3979
PrivateFrameworks/PipelineKit : 21
PrivateFrameworks/PlacesKit : 23
PrivateFrameworks/PlugInKit : 1327
PrivateFrameworks/PodcastsFoundation : 7
PrivateFrameworks/PowerlogControl : 15
PrivateFrameworks/PowerlogCore : 15
PrivateFrameworks/PowerlogDatabaseReader : 15
PrivateFrameworks/PowerlogLiteOperators : 33
PrivateFrameworks/PreferencePanesSupport : 1380
PrivateFrameworks/PrintKit : 3636
PrivateFrameworks/PrintingPrivate : 857
PrivateFrameworks/PrivateFederatedLearning : 521
PrivateFrameworks/ProVideo : 1346
PrivateFrameworks/ProactiveEventTracker : 201
PrivateFrameworks/ProactiveExperiments : 45
PrivateFrameworks/ProactiveExperimentsInternals : 45
PrivateFrameworks/ProactiveML : 45
PrivateFrameworks/ProactiveSupport : 201
PrivateFrameworks/ProactiveSupportStubs : 201
PrivateFrameworks/ProofReader : 22
PrivateFrameworks/ProtectedCloudStorage : 92
PrivateFrameworks/ProtocolBuffer : 293
PrivateFrameworks/PrototypeTools : 2420
PrivateFrameworks/QLCharts : 2408
PrivateFrameworks/Quagga : 1411
PrivateFrameworks/QuickLookIosmac : 162
PrivateFrameworks/QuickLookNonBaseSystem : 151
PrivateFrameworks/QuickLookSupport : 132
PrivateFrameworks/QuickLookThumbnailing : 132
PrivateFrameworks/QuickLookUIIosmac : 162
PrivateFrameworks/RTCReporting : 14
PrivateFrameworks/RTTUI : 47
PrivateFrameworks/RTTUtilities : 47
PrivateFrameworks/Rapport : 430
PrivateFrameworks/RapportUI : 448
PrivateFrameworks/ReminderKit : 14
PrivateFrameworks/ReminderKitUI : 14
PrivateFrameworks/ReminderMigration : 667
PrivateFrameworks/RemoteConfiguration : 42
PrivateFrameworks/RemoteCoreML : 7845
PrivateFrameworks/RemoteManagement : 76
PrivateFrameworks/RemoteTextInput : 4479
PrivateFrameworks/RemoteViewServices : 871
PrivateFrameworks/RenderBox : 1636
PrivateFrameworks/ReplayKitMacHelper : 37
PrivateFrameworks/ResponseKit : 357
PrivateFrameworks/Restore : 19
PrivateFrameworks/Reveal : 1077
PrivateFrameworks/RevealCore : 1077
PrivateFrameworks/RunningBoard : 271
PrivateFrameworks/RunningBoardServices : 275
PrivateFrameworks/SAObjects : 235
PrivateFrameworks/SCEP : 2191
PrivateFrameworks/SDAPI : 6074
PrivateFrameworks/SMBClient : 3
PrivateFrameworks/SMBClientEngine : 777
PrivateFrameworks/SPSupport : 1746
PrivateFrameworks/SafariSharedUI : 5
PrivateFrameworks/SafeEjectGPU : 475
PrivateFrameworks/ScreenSharing : 29
PrivateFrameworks/ScreenTimeCore : 21
PrivateFrameworks/ScreenTimeServiceUI : 21
PrivateFrameworks/ScreenTimeSettingsUI : 21
PrivateFrameworks/ScreenTimeUI : 21
PrivateFrameworks/SearchAds : 434
PrivateFrameworks/SearchFoundation : 1138
PrivateFrameworks/SearchUI : 1160
PrivateFrameworks/SearchUICardKitProviderSupport : 320
PrivateFrameworks/SecCodeWrapper : 42
PrivateFrameworks/SecureChannel : 702
PrivateFrameworks/SecurityTokend : 4499
PrivateFrameworks/Seeding : 1241
PrivateFrameworks/SemanticDocumentManagement : 3068
PrivateFrameworks/SensingProtocols : 8265
PrivateFrameworks/SensorKit : 217
PrivateFrameworks/Sentry : 1856
PrivateFrameworks/ServerCompatibility : 3452
PrivateFrameworks/ServerInformation : 1577
PrivateFrameworks/SetupAssistantFramework : 29
PrivateFrameworks/SetupAssistantSupport : 2088
PrivateFrameworks/ShareKit : 226
PrivateFrameworks/SharePointManagement : 221
PrivateFrameworks/ShareServicesCore : 23
PrivateFrameworks/SharedWebCredentials : 781
PrivateFrameworks/SharingXPCServices : 18
PrivateFrameworks/ShazamKit : 664
PrivateFrameworks/Shortcut : 1226
PrivateFrameworks/SidecarCore : 43
PrivateFrameworks/SidecarUI : 43
PrivateFrameworks/SignpostCollection : 97
PrivateFrameworks/SignpostMetrics : 97
PrivateFrameworks/SignpostSupport : 97
PrivateFrameworks/SiriAppResolution : 15
PrivateFrameworks/SiriAudioInternal : 1739
PrivateFrameworks/SiriAudioSupport : 1739
PrivateFrameworks/SiriClientFlow : 715
PrivateFrameworks/SiriCore : 15
PrivateFrameworks/SiriFoundation : 269
PrivateFrameworks/SiriInstrumentation : 832
PrivateFrameworks/SiriKitFlow : 15
PrivateFrameworks/SiriOntology : 783
PrivateFrameworks/SiriOntologyProtobuf : 783
PrivateFrameworks/SiriTTS : 7
PrivateFrameworks/SiriTasks : 48
PrivateFrameworks/SiriUI : 270
PrivateFrameworks/SiriVOX : 15
PrivateFrameworks/Slideshows : 1453
PrivateFrameworks/SocialServices : 235
PrivateFrameworks/SoftwareUpdate : 26
PrivateFrameworks/SpanMatcher : 15
PrivateFrameworks/SpeechDictionary : 2695
PrivateFrameworks/SpeechObjects : 629
PrivateFrameworks/SpeechRecognitionCommandServices : 2032
PrivateFrameworks/SpeechRecognitionCore : 10
PrivateFrameworks/Spotlight : 7
PrivateFrameworks/SpotlightDaemon : 7
PrivateFrameworks/SpotlightIndex : 4
PrivateFrameworks/SpotlightReceiver : 7
PrivateFrameworks/SpotlightServerKit : 4
PrivateFrameworks/SpotlightServices : 7
PrivateFrameworks/StatsKit : 9609
PrivateFrameworks/StorageKit : 1545
PrivateFrameworks/StorageManagement : 849
PrivateFrameworks/StoreFoundation : 78
PrivateFrameworks/StoreJavaScript : 78
PrivateFrameworks/StoreServices : 1337
PrivateFrameworks/StoreUI : 78
PrivateFrameworks/StreamingZip : 2398
PrivateFrameworks/Suggestions : 1089
PrivateFrameworks/SuggestionsSpotlightMetrics : 45
PrivateFrameworks/Symbolication : 140
PrivateFrameworks/SymptomDiagnosticReporter : 36
PrivateFrameworks/SymptomReporter : 37
PrivateFrameworks/Symptoms : 37
PrivateFrameworks/SyncServicesUI : 9481
PrivateFrameworks/SyncedDefaults : 488
PrivateFrameworks/SystemAdministration : 7
PrivateFrameworks/SystemAdministrationInterface : 759
PrivateFrameworks/SystemDesktopAppearance : 67
PrivateFrameworks/SystemUIPlugin : 5780
PrivateFrameworks/TCC : 390
PrivateFrameworks/TTYUtilities : 4530
PrivateFrameworks/TVRemoteCore : 130
PrivateFrameworks/TelephonyUtilities : 29
PrivateFrameworks/TemplateKit : 1153
PrivateFrameworks/TextInput : 34
PrivateFrameworks/TextInputCore : 34
PrivateFrameworks/TextInputMenuUI : 71
PrivateFrameworks/TextRecognition : 415
PrivateFrameworks/TextToSpeech : 22
PrivateFrameworks/TextureIO : 7299
PrivateFrameworks/TimeMachine : 56
PrivateFrameworks/TimeSync : 638
PrivateFrameworks/ToneKit : 356
PrivateFrameworks/ToneLibrary : 356
PrivateFrameworks/Tourist : 932
PrivateFrameworks/Transparency : 12
PrivateFrameworks/TransparencyDetailsViewMac : 434
PrivateFrameworks/TrustEvaluationAgent : 3115
PrivateFrameworks/TrustedPeers : 115
PrivateFrameworks/TuriCore : 125
PrivateFrameworks/UAUPlugin : 857
PrivateFrameworks/UIFoundation : 11
PrivateFrameworks/UIKitSystemAppServices : 71
PrivateFrameworks/UIRecording : 1453
PrivateFrameworks/URLFormatting : 24
PrivateFrameworks/USDKit : 224
PrivateFrameworks/UXKit : 21
PrivateFrameworks/Uninstall : 4154
PrivateFrameworks/UsageTracking : 867
PrivateFrameworks/UserActivity : 461
PrivateFrameworks/UserManagement : 176
PrivateFrameworks/VCXMPP : 11624
PrivateFrameworks/VectorKit : 89
PrivateFrameworks/VideoConference : 1916
PrivateFrameworks/VideoProcessing : 1547
PrivateFrameworks/ViewBridge : 267
PrivateFrameworks/VisionKit : 1521
PrivateFrameworks/VisualPairing : 4212
PrivateFrameworks/VisualTestKit : 1697
PrivateFrameworks/VoiceShortcutClient : 34
PrivateFrameworks/VoiceShortcuts : 34
PrivateFrameworks/VoiceTrigger : 2570
PrivateFrameworks/WPDaemon : 581
PrivateFrameworks/WatchdogClient : 122
PrivateFrameworks/WeatherFoundation : 67
PrivateFrameworks/WeatherKit : 75
PrivateFrameworks/WebContentAnalysis : 1785
PrivateFrameworks/WebFilterDNS : 1785
PrivateFrameworks/WebInspectorUI : 5
PrivateFrameworks/WiFiCloudSyncEngine : 374
PrivateFrameworks/WiFiPeerToPeer : 2189
PrivateFrameworks/WiFiPolicy : 731
PrivateFrameworks/WiFiVelocity : 148
PrivateFrameworks/WirelessCoexManager : 10
PrivateFrameworks/WirelessDiagnostics : 10766
PrivateFrameworks/WirelessProximity : 581
PrivateFrameworks/WorkflowKit : 34
PrivateFrameworks/XARTRecovery : 124
PrivateFrameworks/XCTAutomationSupport : 1346
PrivateFrameworks/XCTTargetBootstrap : 1346
PrivateFrameworks/XPCService : 9810
PrivateFrameworks/XQuery : 4934
PrivateFrameworks/XprotectFramework : 277
PrivateFrameworks/acfs : 2142
PrivateFrameworks/caulk : 2598
PrivateFrameworks/iAdCore : 6
PrivateFrameworks/iAdServices : 6
PrivateFrameworks/iCalendar : 146
PrivateFrameworks/iLifeMediaBrowser : 564
PrivateFrameworks/iPod : 5757
PrivateFrameworks/iPodSync : 2212
PrivateFrameworks/iPodUpdater : 2049
PrivateFrameworks/iWorkXPC : 4136
PrivateFrameworks/kperf : 1996
PrivateFrameworks/kperfdata : 1996
PrivateFrameworks/ktrace : 980
PrivateFrameworks/login : 1520
PrivateFrameworks/nt : 257
PrivateFrameworks/oncrpc : 2243
PrivateFrameworks/perfdata : 1538
PrivateFrameworks/yara : 212
CoreServices/AVB Audio Configuration : 850.1
CoreServices/AddressBookUrlForwarder : 2421.26
CoreServices/Bluetooth Setup Assistant : 7.0.5f6
CoreServices/BluetoothUIServer : 7.0.5f6
CoreServices/Dock : 2044.50.1
CoreServices/Finder : 1298.5.10
CoreServices/Install in Progress : 990.4
CoreServices/Keychain Circle Notification : 59306.120.7
CoreServices/ManagedClient : 1286
CoreServices/OBEXAgent : 7.0.5f6
CoreServices/Setup Assistant : 2607
CoreServices/Spotlight : 2076.6
CoreServices/UniversalAccessControl : 487.14
CoreServices/VoiceOver : 708.13
CoreServices/loginwindow : 1986.5.1
Applications/Screen Sharing : 499.64
Frameworks/AVKit : 250
Frameworks/BusinessChat : 301
Frameworks/ContactsUI : 79
Frameworks/CoreAudioKit : 313
Frameworks/CoreNFC : 6
Frameworks/EventKitUI : 543
Frameworks/GameController : 85
Frameworks/GameKit : 1326
Frameworks/GameplayKit : 1490
Frameworks/IntentsUI : 34
Frameworks/LinkPresentation : 23
Frameworks/MapKit : 388
Frameworks/MessageUI : 234
Frameworks/MetalKit : 555
Frameworks/MobileCoreServices : 38
Frameworks/MultipeerConnectivity : 1025
Frameworks/PDFKit : 21
Frameworks/PassKit : 19
Frameworks/PencilKit : 36
Frameworks/PhotosUI : 23
Frameworks/QuickLook : 102
Frameworks/RealityKit : 159
Frameworks/ReplayKit : 37
Frameworks/SafariServices : 9
Frameworks/SceneKit : 60
Frameworks/Social : 206
Frameworks/SpriteKit : 142
Frameworks/StoreKit : 316
Frameworks/SwiftUI : 13
Frameworks/VisionKit : 1492
Frameworks/WatchConnectivity : 1140
Frameworks/iAd : 6
PrivateFrameworks/AVKitMacHelper : 250
PrivateFrameworks/Accessibility : 9
PrivateFrameworks/AccessibilityUtilities : 9
PrivateFrameworks/ActivityRingsUI : 1646
PrivateFrameworks/AddressBookLegacy : 1158
PrivateFrameworks/AnnotationKit : 21
PrivateFrameworks/AppAnalytics : 29
PrivateFrameworks/AppSupportUI : 2206
PrivateFrameworks/AppleMediaServicesUI : 74
PrivateFrameworks/BaseBoardUI : 2863
PrivateFrameworks/CalendarUIKit : 612
PrivateFrameworks/ClassroomKit : 3
PrivateFrameworks/ContactsAutocompleteUI : 548
PrivateFrameworks/CorePDF : 663
PrivateFrameworks/CoreRecognition : 215
PrivateFrameworks/CoreSuggestionsUI : 37
PrivateFrameworks/DataDetectorsUI : 418
PrivateFrameworks/DocumentManager : 374
PrivateFrameworks/DocumentManagerCore : 374
PrivateFrameworks/EmojiKit : 1034
PrivateFrameworks/FMCoreUI : 1217
PrivateFrameworks/FMNetworking : 6
PrivateFrameworks/FrontBoard : 53
PrivateFrameworks/GameCenterUI : 769
PrivateFrameworks/Home : 474
PrivateFrameworks/HomeUI : 474
PrivateFrameworks/IntlPreferences : 354
PrivateFrameworks/Jet : 1124
PrivateFrameworks/ManagedConfiguration : 223
PrivateFrameworks/MarkupUI : 21
PrivateFrameworks/MobileTimer : 1109
PrivateFrameworks/MobileTimerUI : 1109
PrivateFrameworks/NanoRegistry : 1532
PrivateFrameworks/NetAppsUtilitiesUI : 6019
PrivateFrameworks/NewsAnalytics : 1
PrivateFrameworks/NewsArticles : 1
PrivateFrameworks/NewsFeed : 1
PrivateFrameworks/NewsSubscription : 1
PrivateFrameworks/NewsUI2 : 1
PrivateFrameworks/PencilKit : 36
PrivateFrameworks/PersonaUI : 426
PrivateFrameworks/PhotoLibrary : 23
PrivateFrameworks/PhotosPlayer : 23
PrivateFrameworks/PhotosUICore : 23
PrivateFrameworks/PodcastsUI : 7
PrivateFrameworks/RTTUI : 9
PrivateFrameworks/RapportUI : 165
PrivateFrameworks/SPShared : 6
PrivateFrameworks/ScreenTimeUI : 11
PrivateFrameworks/SilexWeb : 1
PrivateFrameworks/SocialServices : 151
PrivateFrameworks/Stocks : 2688
PrivateFrameworks/TSReading : 1018
PrivateFrameworks/TSUtility : 1018
PrivateFrameworks/TeaActivities : 51
PrivateFrameworks/TeaCharts : 51
PrivateFrameworks/TeaDB : 51
PrivateFrameworks/TeaFoundation : 51
PrivateFrameworks/TeaSettings : 51
PrivateFrameworks/TeaTemplate : 51
PrivateFrameworks/TeaUI : 51
PrivateFrameworks/TeaUIKit : 51
PrivateFrameworks/TransparencyDetailsView : 434
PrivateFrameworks/UIAccessibility : 9
PrivateFrameworks/UserNotificationsExtensionPoint : 1206
PrivateFrameworks/VisualAlert : 9
PrivateFrameworks/VisualPairing : 2308
PrivateFrameworks/Weather : 12
PrivateFrameworks/WeatherFoundation : 22
