Applications/CleanMyMac X : 4.6.5
Applications/Dark Boot : 278
Applications/Developer : 822.5.2
Applications/Firefox : 7720.6.2
Applications/GitHub Desktop : 2.5.2
Applications/Google Chrome : 4103.116
Applications/HandBrake : 2020061300
Applications/IINA : 119
Applications/Install macOS Beta : 16010
Applications/Keka : 3477
Applications/MacDown : 1008.4
Applications/Mousecape : 1813
Applications/One Switch : 240
Applications/Safari : 16610.1.15.51.2
Applications/Spotify : 1.1.34.694.gac68a2b3-16
Applications/Todeska : 1.4.1
Applications/Vivaldi : 3.1.1929.29
Applications/iTerm : 3.3.11
Utilities/Feedback Assistant : 437
Applications/App Store : 1005.0.73.1
Applications/Automator : 500
Applications/Books : 2106.1
Applications/Calculator : 220
Applications/Calendar : 2794
Applications/Chess : 3.18
Applications/Contacts : 2439.4
Applications/Dictionary : 256.2
Applications/FindMy : 159.0.3
Applications/Font Book : 369
Applications/Home : 427.8.0.4.2
Applications/Launchpad : 48
Applications/Mail : 3645.0.6.2.3
Applications/Maps : 2578.20.5.27.13
Applications/Messages : 6000
Applications/Mission Control : 48
Applications/Music : 1.1.0
Applications/News : 2535.4
Applications/Notes : 1228.2
Applications/Photo Booth : 1118.2
Applications/Photos : 301.0.108
Applications/Podcasts : 1500.26.5
Applications/Preview : 1009.1
Applications/QuickTime Player : 1054.3
Applications/Reminders : 2130.36
Applications/Siri : 48
Applications/Stocks : 599.2
Applications/TV : 1.1.0
Applications/TextEdit : 359
Applications/Time Machine : 48
Applications/VoiceMemos : 2.2
Utilities/Activity Monitor : 1082
Utilities/AirPort Utility : 639.14
Utilities/Bluetooth File Exchange : 8.0.0d35
Utilities/Boot Camp Assistant : 6257
Utilities/ColorSync Utility : 327
Utilities/Console : 5.0.7
Utilities/Digital Color Meter : 5.17
Utilities/Disk Utility : 1709
Utilities/Keychain Access : 55278
Utilities/Migration Assistant : 10.16
Utilities/Screenshot : 48
Utilities/Script Editor : 215
Utilities/Terminal : 436
Utilities/VoiceOver Utility : 734.6
Frameworks/AGL : 1121
Frameworks/Accelerate : 370
Frameworks/Accessibility : 15
Frameworks/Accounts : 239
Frameworks/AdSupport : 3
Frameworks/AppTrackingTransparency : 3
Frameworks/AppleScriptKit : 811
Frameworks/AppleScriptObjC : 5291
Frameworks/ApplicationServices : 1232
Frameworks/AudioToolbox : 1
Frameworks/AudioUnit : 1
Frameworks/AudioVideoBridging : 34
Frameworks/AutomaticAssessmentConfiguration : 488
Frameworks/Automator : 161
Frameworks/BusinessChat : 5
Frameworks/CFNetwork : 18
Frameworks/CalendarStore : 483
Frameworks/CallKit : 13
Frameworks/Carbon : 1973
Frameworks/ClassKit : 177
Frameworks/CloudKit : 97
Frameworks/Cocoa : 14056
Frameworks/Collaboration : 83
Frameworks/Combine : 54
Frameworks/Contacts : 17
Frameworks/CoreAudio : 135
Frameworks/CoreAudioKit : 19
Frameworks/CoreAudioTypes : 1
Frameworks/CoreBluetooth : 282
Frameworks/CoreData : 140
Frameworks/CoreDisplay : 28
Frameworks/CoreFoundation : 202
Frameworks/CoreGraphics : 105
Frameworks/CoreHaptics : 110
Frameworks/CoreImage : 1
Frameworks/CoreLocation : 3
Frameworks/CoreMIDI : 183
Frameworks/CoreMIDIServer : 183
Frameworks/CoreML : 475
Frameworks/CoreMediaIO : 189
Frameworks/CoreMotion : 3
Frameworks/CoreServices : 10
Frameworks/CoreTelephony : 3
Frameworks/CoreText : 16
Frameworks/CoreVideo : 437
Frameworks/CryptoKit : 635
Frameworks/CryptoTokenKit : 255
Frameworks/DVDPlayback : 149
Frameworks/DeveloperToolsSupport : 645
Frameworks/DeviceCheck : 182
Frameworks/DirectoryService : 37
Frameworks/DiscRecording : 140
Frameworks/DiscRecordingUI : 140
Frameworks/DiskArbitration : 32
Frameworks/DriverKit : 194
Frameworks/EventKit : 10
Frameworks/ExceptionHandling : 406
Frameworks/ExternalAccessory : 128
Frameworks/FWAUserLib : 72
Frameworks/FileProvider : 61
Frameworks/FileProviderUI : 216
Frameworks/ForceFeedback : 4432
Frameworks/Foundation : 204
Frameworks/GLKit : 208
Frameworks/GLUT : 154
Frameworks/GSS : 1
Frameworks/GameKit : 35
Frameworks/GameplayKit : 206
Frameworks/HIDDriverKit : 6
Frameworks/Hypervisor : 62
Frameworks/ICADevices : 202
Frameworks/IOSurface : 83
Frameworks/IOUSBHost : 579
Frameworks/IdentityLookup : 13
Frameworks/ImageCaptureCore : 202
Frameworks/ImageIO : 6
Frameworks/InputMethodKit : 68
Frameworks/InstallerPlugins : 23
Frameworks/InstantMessage : 11646
Frameworks/Intents : 30
Frameworks/JavaNativeFoundation : 177
Frameworks/JavaRuntimeSupport : 154
Frameworks/JavaVM : 7
Frameworks/Kerberos : 170
Frameworks/Kernel : 1
Frameworks/KernelManagement : 1
Frameworks/LDAP : 93
Frameworks/LatentSemanticMapping : 3693
Frameworks/LinkPresentation : 353
Frameworks/LocalAuthentication : 329
Frameworks/MLCompute : 9
Frameworks/MapKit : 3
Frameworks/MediaAccessibility : 507
Frameworks/MediaToolbox : 44
Frameworks/Message : 13246
Frameworks/Metal : 1
Frameworks/MetalKit : 1486
Frameworks/MetalPerformanceShaders : 27
Frameworks/MetalPerformanceShadersGraph : 31
Frameworks/MetricKit : 14
Frameworks/ModelIO : 36
Frameworks/MultipeerConnectivity : 566
Frameworks/NaturalLanguage : 170
Frameworks/NearbyInteraction : 8
Frameworks/NetFS : 32
Frameworks/NetworkExtension : 535
Frameworks/NetworkingDriverKit : 436
Frameworks/NotificationCenter : 3
Frameworks/OSAKit : 78
Frameworks/OSLog : 2
Frameworks/OpenAL : 908
Frameworks/OpenCL : 393
Frameworks/OpenDirectory : 37
Frameworks/OpenGL : 97
Frameworks/PCIDriverKit : 16
Frameworks/PCSC : 41
Frameworks/PDFKit : 59
Frameworks/ParavirtualizedGraphics : 247
Frameworks/PassKit : 5
Frameworks/PreferencePanes : 68
Frameworks/PushKit : 188
Frameworks/Python : 38
Frameworks/QTKit : 2085
Frameworks/Quartz : 10415
Frameworks/QuickLook : 85
Frameworks/QuickLookThumbnailing : 95
Frameworks/RealityKit : 417
Frameworks/ReplayKit : 25
Frameworks/Ruby : 45
Frameworks/SceneKit : 1
Frameworks/ScreenTime : 12
Frameworks/ScriptingBridge : 436
Frameworks/Security : 1
Frameworks/SecurityFoundation : 3858
Frameworks/SecurityInterface : 228
Frameworks/SensorKit : 58
Frameworks/ServiceManagement : 1
Frameworks/Social : 150
Frameworks/SoundAnalysis : 180
Frameworks/Speech : 299
Frameworks/SpriteKit : 389
Frameworks/StoreKit : 8
Frameworks/SwiftUI : 11
Frameworks/SyncServices : 9784
Frameworks/System : 9723
Frameworks/SystemConfiguration : 1
Frameworks/SystemExtensions : 1
Frameworks/TWAIN : 408
Frameworks/Tcl : 2491
Frameworks/Tk : 2491
Frameworks/USBDriverKit : 579
Frameworks/UniformTypeIdentifiers : 3
Frameworks/UserNotifications : 353
Frameworks/UserNotificationsUI : 1
Frameworks/VideoDecodeAcceleration : 5749
Frameworks/Vision : 3
Frameworks/WebKit : 1
Frameworks/WidgetKit : 3
Frameworks/_MapKit_SwiftUI : 20
Frameworks/_SceneKit_SwiftUI : 5
Frameworks/vecLib : 370
Frameworks/vmnet : 65
PrivateFrameworks/AACCore : 99
PrivateFrameworks/ACDEClient : 570
PrivateFrameworks/AFKUser : 820
PrivateFrameworks/ANECompiler : 5
PrivateFrameworks/ANEHostCompiler : 5
PrivateFrameworks/AOSAccounts : 135
PrivateFrameworks/AOSAccountsLite : 135
PrivateFrameworks/AOSKit : 55
PrivateFrameworks/AOSMigrate : 14162
PrivateFrameworks/AOSUI : 156
PrivateFrameworks/APFS : 1
PrivateFrameworks/APTransport : 5
PrivateFrameworks/ASOctaneSupport : 20
PrivateFrameworks/AVConference : 54
PrivateFrameworks/AVFCapture : 1
PrivateFrameworks/AVFCore : 1
PrivateFrameworks/AVFoundationCF : 43
PrivateFrameworks/AXAssetLoader : 3
PrivateFrameworks/AXCoreUtilities : 3
PrivateFrameworks/AXHearingCoreSupport : 4860
PrivateFrameworks/AXHearingSupport : 4860
PrivateFrameworks/AXRuntime : 3
PrivateFrameworks/AccessibilityBundles : 1
PrivateFrameworks/AccessibilityPerformance : 61
PrivateFrameworks/AccessibilitySupport : 61
PrivateFrameworks/AccessoryNowPlaying : 239
PrivateFrameworks/AccountPolicy : 695
PrivateFrameworks/AccountsDaemon : 239
PrivateFrameworks/AccountsUI : 48
PrivateFrameworks/ActionKit : 99
PrivateFrameworks/AdCore : 28
PrivateFrameworks/AdID : 28
PrivateFrameworks/AdPlatforms : 28
PrivateFrameworks/AdPlatformsCommon : 3
PrivateFrameworks/AdPlatformsInternal : 28
PrivateFrameworks/Admin : 40
PrivateFrameworks/AggregateDictionary : 136
PrivateFrameworks/AggregateDictionaryHistory : 136
PrivateFrameworks/AirPlayReceiver : 30
PrivateFrameworks/AirPlaySender : 30
PrivateFrameworks/AirPlaySupport : 5
PrivateFrameworks/AirPlaySync : 44
PrivateFrameworks/AirTrafficHost : 318
PrivateFrameworks/AlgosScoreFramework : 1
PrivateFrameworks/AmbientDisplay : 275
PrivateFrameworks/AnnotationKit : 17
PrivateFrameworks/AppAttestInternal : 182
PrivateFrameworks/AppContainer : 1
PrivateFrameworks/AppSSO : 84
PrivateFrameworks/AppSSOCore : 84
PrivateFrameworks/AppSSOKerberos : 84
PrivateFrameworks/AppSSOUI : 84
PrivateFrameworks/AppSandbox : 1
PrivateFrameworks/AppServerSupport : 1
PrivateFrameworks/AppStoreComponents : 6
PrivateFrameworks/AppStoreDaemon : 15
PrivateFrameworks/AppStoreFoundation : 15
PrivateFrameworks/AppStoreKit : 25
PrivateFrameworks/AppSupport : 760
PrivateFrameworks/AppSupportUI : 361
PrivateFrameworks/Apple80211 : 3
PrivateFrameworks/AppleAccount : 256
PrivateFrameworks/AppleAppSupport : 10415
PrivateFrameworks/AppleCVA : 102
PrivateFrameworks/AppleFSCompression : 396
PrivateFrameworks/AppleFirmwareUpdate : 12
PrivateFrameworks/AppleIDAuthSupport : 122
PrivateFrameworks/AppleIDSSOAuthentication : 534
PrivateFrameworks/AppleJPEG : 87
PrivateFrameworks/AppleLDAP : 387
PrivateFrameworks/AppleLOM : 1
PrivateFrameworks/AppleMediaServicesUI : 4
PrivateFrameworks/AppleMediaServicesUIDynamic : 9
PrivateFrameworks/ApplePushService : 130
PrivateFrameworks/AppleSRP : 12829
PrivateFrameworks/AppleSauce : 546
PrivateFrameworks/AppleScript : 415
PrivateFrameworks/AppleServiceToolkit : 194
PrivateFrameworks/AppleShareClientCore : 94
PrivateFrameworks/AppleSystemInfo : 26
PrivateFrameworks/AppleVA : 3304
PrivateFrameworks/AppleVPA : 1193
PrivateFrameworks/AskPermission : 8
PrivateFrameworks/AssetCacheServices : 812
PrivateFrameworks/AssetCacheServicesExtensions : 812
PrivateFrameworks/AssetViewer : 177
PrivateFrameworks/AssistantServices : 9
PrivateFrameworks/AssistiveControlSupport : 4
PrivateFrameworks/AttributeGraph : 20
PrivateFrameworks/AudioAnalytics : 342
PrivateFrameworks/AudioDSPManager : 52
PrivateFrameworks/AudioHistory : 52
PrivateFrameworks/AudioPasscode : 725
PrivateFrameworks/AudioResourceArbitration : 28
PrivateFrameworks/AudioServerApplication : 1881
PrivateFrameworks/AudioServerDriver : 1881
PrivateFrameworks/AudioSession : 6
PrivateFrameworks/AudioToolboxCore : 1
PrivateFrameworks/AudioTransportCommon : 772
PrivateFrameworks/AutoLoop : 2064
PrivateFrameworks/BackgroundTaskManagement : 89
PrivateFrameworks/BaseBoard : 383
PrivateFrameworks/BatteryUIKit : 134
PrivateFrameworks/BehaviorMiner : 152
PrivateFrameworks/BezelServices : 490
PrivateFrameworks/BioKitAggD : 11289
PrivateFrameworks/BiomeFoundation : 14
PrivateFrameworks/BiomePubSub : 14
PrivateFrameworks/BiomeStorage : 14
PrivateFrameworks/BiomeStreams : 14
PrivateFrameworks/BiometricKit : 70
PrivateFrameworks/BiometricKitUI : 38
PrivateFrameworks/BiometricSupport : 83
PrivateFrameworks/BlastDoor : 7
PrivateFrameworks/BluetoothManager : 282
PrivateFrameworks/BluetoothServices : 1
PrivateFrameworks/BoardServices : 383
PrivateFrameworks/Bom : 584
PrivateFrameworks/BookCoverUtility : 98
PrivateFrameworks/BookKit : 98
PrivateFrameworks/BookKitFoundation : 98
PrivateFrameworks/BookUtility : 98
PrivateFrameworks/BridgeOSInstall : 104
PrivateFrameworks/BridgeOSInstallReporting : 104
PrivateFrameworks/BridgeOSObliteration : 386
PrivateFrameworks/BridgeOSSoftwareUpdate : 287
PrivateFrameworks/BridgeXPC : 3629
PrivateFrameworks/BulkSymbolication : 31
PrivateFrameworks/ByteRangeLocking : 3339
PrivateFrameworks/C2 : 179
PrivateFrameworks/CMCapture : 1
PrivateFrameworks/CMCaptureCore : 1
PrivateFrameworks/CPMLBestShim : 2484
PrivateFrameworks/CSCSupport : 105
PrivateFrameworks/CVNLP : 140
PrivateFrameworks/CacheDelete : 140
PrivateFrameworks/CalDAV : 38
PrivateFrameworks/Calculate : 666
PrivateFrameworks/CalendarAgent : 41
PrivateFrameworks/CalendarAgentLink : 312
PrivateFrameworks/CalendarDraw : 87
PrivateFrameworks/CalendarFoundation : 53
PrivateFrameworks/CalendarNotification : 34
PrivateFrameworks/CalendarPersistence : 5
PrivateFrameworks/CalendarUIKit : 10
PrivateFrameworks/CalendarWidget : 96
PrivateFrameworks/CallHistory : 13
PrivateFrameworks/CameraImagingFramework : 5581
PrivateFrameworks/CaptiveNetwork : 236
PrivateFrameworks/CardKit : 143
PrivateFrameworks/CardServices : 143
PrivateFrameworks/Cards : 143
PrivateFrameworks/Catalyst : 1466
PrivateFrameworks/Categories : 12
PrivateFrameworks/ChronoKit : 3
PrivateFrameworks/ChronoServices : 3
PrivateFrameworks/ChronoUIServices : 3
PrivateFrameworks/ChunkingLibrary : 335
PrivateFrameworks/ClassKit : 177
PrivateFrameworks/ClassKitUI : 177
PrivateFrameworks/ClassroomKit : 85
PrivateFrameworks/ClockMenuExtraPreferences : 324
PrivateFrameworks/CloudDocs : 125
PrivateFrameworks/CloudDocsDaemon : 49
PrivateFrameworks/CloudFamilyRestrictions : 2236
PrivateFrameworks/CloudFamilyRestrictionsDaemon : 2236
PrivateFrameworks/CloudKitCode : 264
PrivateFrameworks/CloudKitCodeProtobuf : 264
PrivateFrameworks/CloudKitDaemon : 106
PrivateFrameworks/CloudServices : 130
PrivateFrameworks/Coherence : 1717
PrivateFrameworks/CombineCocoa : 54
PrivateFrameworks/CommonAuth : 1
PrivateFrameworks/CommonUtilities : 2808
PrivateFrameworks/CommunicationsFilter : 1700
PrivateFrameworks/ConditionInducer : 1808
PrivateFrameworks/ConfigProfileHelper : 51
PrivateFrameworks/ConfigurationEngineModel : 164
PrivateFrameworks/ConfigurationProfiles : 51
PrivateFrameworks/ConfigurationProfilesUI : 15
PrivateFrameworks/ConsoleKit : 38
PrivateFrameworks/ConstantClasses : 60
PrivateFrameworks/ContactsAgent : 76
PrivateFrameworks/ContactsAssistantServices : 4039
PrivateFrameworks/ContactsAutocomplete : 325
PrivateFrameworks/ContactsAutocompleteUI : 6
PrivateFrameworks/ContactsDonation : 239
PrivateFrameworks/ContactsDonationFeedback : 239
PrivateFrameworks/ContactsFoundation : 17
PrivateFrameworks/ContactsUICore : 11
PrivateFrameworks/ContactsUIMacHelper : 6
PrivateFrameworks/ContentKit : 99
PrivateFrameworks/ContextKit : 69
PrivateFrameworks/ContextKitExtraction : 69
PrivateFrameworks/ConversationKit : 168
PrivateFrameworks/CoreADI : 3348
PrivateFrameworks/CoreAUC : 27
PrivateFrameworks/CoreAVCHD : 3614
PrivateFrameworks/CoreAccessories : 239
PrivateFrameworks/CoreAnalytics : 39
PrivateFrameworks/CoreAppleCVA : 440
PrivateFrameworks/CoreAutoLayout : 544
PrivateFrameworks/CoreBrightness : 748
PrivateFrameworks/CoreCDP : 269
PrivateFrameworks/CoreCDPInternal : 269
PrivateFrameworks/CoreCDPUI : 269
PrivateFrameworks/CoreCapture : 187
PrivateFrameworks/CoreCaptureControl : 187
PrivateFrameworks/CoreCaptureDaemon : 187
PrivateFrameworks/CoreChart : 8
PrivateFrameworks/CoreChineseEngine : 54
PrivateFrameworks/CoreDAV : 446
PrivateFrameworks/CoreDaemon : 255
PrivateFrameworks/CoreEmoji : 5
PrivateFrameworks/CoreFP : 238
PrivateFrameworks/CoreFollowUp : 874
PrivateFrameworks/CoreFollowUpUI : 874
PrivateFrameworks/CoreHandwriting : 9
PrivateFrameworks/CoreHapticsTools : 2555
PrivateFrameworks/CoreKDL : 6
PrivateFrameworks/CoreKE : 27
PrivateFrameworks/CoreKnowledge : 1096
PrivateFrameworks/CoreLSKD : 37
PrivateFrameworks/CoreLSKDMSE : 403
PrivateFrameworks/CoreLocationProtobuf : 818
PrivateFrameworks/CoreMLTestFramework : 207
PrivateFrameworks/CoreMaterial : 84
PrivateFrameworks/CoreNLP : 260
PrivateFrameworks/CoreNameParser : 317
PrivateFrameworks/CoreNavigation : 138
PrivateFrameworks/CoreOptimization : 2484
PrivateFrameworks/CorePDF : 2287
PrivateFrameworks/CorePhoneNumbers : 13
PrivateFrameworks/CorePrediction : 2484
PrivateFrameworks/CoreRE : 158
PrivateFrameworks/CoreRecents : 512
PrivateFrameworks/CoreRecognition : 377
PrivateFrameworks/CoreRoutine : 1217
PrivateFrameworks/CoreSDB : 372
PrivateFrameworks/CoreSVG : 253
PrivateFrameworks/CoreServicesInternal : 297
PrivateFrameworks/CoreServicesStore : 2
PrivateFrameworks/CoreSpeech : 3
PrivateFrameworks/CoreSuggestions : 9
PrivateFrameworks/CoreSuggestionsInternals : 9
PrivateFrameworks/CoreSuggestionsML : 9
PrivateFrameworks/CoreSuggestionsUI : 9
PrivateFrameworks/CoreSymbolication : 212
PrivateFrameworks/CoreThemeDefinition : 7
PrivateFrameworks/CoreTime : 309
PrivateFrameworks/CoreUARP : 12
PrivateFrameworks/CoreUI : 8
PrivateFrameworks/CoreUtils : 1
PrivateFrameworks/CoreUtilsSwift : 1161
PrivateFrameworks/CoreWiFi : 5
PrivateFrameworks/CrashReporterSupport : 3
PrivateFrameworks/CreateML : 7
PrivateFrameworks/CryptoKitCBridging : 635
PrivateFrameworks/CryptoKitPrivate : 635
PrivateFrameworks/DAAPKit : 3226
PrivateFrameworks/DCERPC : 227
PrivateFrameworks/DFRBrightness : 748
PrivateFrameworks/DFRDisplay : 73
PrivateFrameworks/DFRFoundation : 147
PrivateFrameworks/DSExternalDisplay : 340
PrivateFrameworks/DTXConnectionServices : 27
PrivateFrameworks/DVD : 15075
PrivateFrameworks/DataDeliveryServices : 411
PrivateFrameworks/DataDetectors : 96
PrivateFrameworks/DataDetectorsCore : 473
PrivateFrameworks/DataDetectorsNaturalLanguage : 1042
PrivateFrameworks/DeauthorizationKit : 966
PrivateFrameworks/DebugSymbols : 2247
PrivateFrameworks/DesktopServicesPriv : 15
PrivateFrameworks/DeviceCheckInternal : 182
PrivateFrameworks/DeviceIdentity : 7
PrivateFrameworks/DeviceLink : 439
PrivateFrameworks/DeviceManagement : 164
PrivateFrameworks/DeviceToDeviceManager : 11967
PrivateFrameworks/DiagnosticExtensions : 171
PrivateFrameworks/DiagnosticExtensionsDaemon : 127
PrivateFrameworks/DiagnosticLogCollection : 105
PrivateFrameworks/DiagnosticRequest : 234
PrivateFrameworks/DiagnosticRequestService : 283
PrivateFrameworks/DiagnosticsKit : 233
PrivateFrameworks/DialogEngine : 81
PrivateFrameworks/DifferentialPrivacy : 112
PrivateFrameworks/DirectoryEditor : 295
PrivateFrameworks/DirectoryServer : 11644
PrivateFrameworks/DiskImages : 717
PrivateFrameworks/DiskImages2 : 62
PrivateFrameworks/DiskManagement : 3
PrivateFrameworks/DisplayServices : 406
PrivateFrameworks/DisplayTransportServices : 2416
PrivateFrameworks/DistributedEvaluation : 33
PrivateFrameworks/DocumentCamera : 283
PrivateFrameworks/DrawingKit : 17
PrivateFrameworks/DynamicDesktop : 79
PrivateFrameworks/EAFirmwareUpdater : 12
PrivateFrameworks/EAP8021X : 250
PrivateFrameworks/EFILogin : 4
PrivateFrameworks/EasyConfig : 1
PrivateFrameworks/Email : 1
PrivateFrameworks/EmailAddressing : 1
PrivateFrameworks/EmailCore : 1
PrivateFrameworks/EmailDaemon : 1
PrivateFrameworks/EmailFoundation : 1
PrivateFrameworks/EmbeddedAcousticRecognition : 163
PrivateFrameworks/EmbeddedOSInstall : 4352
PrivateFrameworks/EmbeddedOSSupportHost : 206
PrivateFrameworks/EmbeddedSensingProtocols : 1771
PrivateFrameworks/EmojiFoundation : 125
PrivateFrameworks/Engram : 105
PrivateFrameworks/Espresso : 1
PrivateFrameworks/ExchangeSync : 355
PrivateFrameworks/ExchangeWebServices : 37
PrivateFrameworks/ExpansionSlotSupport : 202
PrivateFrameworks/ExtensionFoundation : 148
PrivateFrameworks/ExtensionKit : 148
PrivateFrameworks/FMClient : 2603
PrivateFrameworks/FMCore : 3525
PrivateFrameworks/FMCoreLite : 3443
PrivateFrameworks/FMCoreUI : 636
PrivateFrameworks/FMF : 344
PrivateFrameworks/FMFUI : 344
PrivateFrameworks/FTAWD : 105
PrivateFrameworks/FWAVC : 189
PrivateFrameworks/FaceCore : 3259
PrivateFrameworks/FamilyCircle : 8
PrivateFrameworks/FamilyCircleUI : 8
PrivateFrameworks/FamilyControls : 303
PrivateFrameworks/FamilyNotification : 8
PrivateFrameworks/FeatureFlags : 1580
PrivateFrameworks/FeatureFlagsSupport : 1580
PrivateFrameworks/FeedbackLogger : 170
PrivateFrameworks/FileProvider : 61
PrivateFrameworks/FileProviderDaemon : 64
PrivateFrameworks/FilesActionsUI : 216
PrivateFrameworks/FindMyDeviceUI : 1190
PrivateFrameworks/FindMyMac : 239
PrivateFrameworks/FlightUtilities : 896
PrivateFrameworks/FlightUtilitiesCore : 896
PrivateFrameworks/FlowFrameKit : 40
PrivateFrameworks/FolderActionsKit : 28
PrivateFrameworks/FontServices : 864
PrivateFrameworks/FoundationODR : 15
PrivateFrameworks/FrontBoardServices : 80
PrivateFrameworks/FuseBoard : 131
PrivateFrameworks/FuseBoardServices : 96
PrivateFrameworks/Futhark : 2202
PrivateFrameworks/GPUInfo : 32
PrivateFrameworks/GPURawCounter : 436
PrivateFrameworks/GPUSupport : 97
PrivateFrameworks/GPUWrangler : 1
PrivateFrameworks/GameCenterFoundation : 35
PrivateFrameworks/GameCenterUI : 35
PrivateFrameworks/GameCenterUICore : 35
PrivateFrameworks/GameKitServices : 54
PrivateFrameworks/GenerationalStorage : 757
PrivateFrameworks/GeoKit : 564
PrivateFrameworks/GraphKit : 13531
PrivateFrameworks/GraphVisualizer : 4634
PrivateFrameworks/GraphicsServices : 181
PrivateFrameworks/HDAInterface : 1255
PrivateFrameworks/HDRProcessing : 9
PrivateFrameworks/HID : 49
PrivateFrameworks/HIDPreferences : 6
PrivateFrameworks/HMFoundation : 301
PrivateFrameworks/HTTPServer : 2290
PrivateFrameworks/HearingCore : 9
PrivateFrameworks/HearingUtilities : 9
PrivateFrameworks/HeimODAdmin : 1
PrivateFrameworks/Heimdal : 1
PrivateFrameworks/Helium : 252
PrivateFrameworks/HelloWorldMacHelper : 96
PrivateFrameworks/HelpData : 1940
PrivateFrameworks/HomeAI : 35
PrivateFrameworks/HomeAutomationInternal : 1621
PrivateFrameworks/HomeKitCore : 1
PrivateFrameworks/IAP : 464
PrivateFrameworks/IASUtilities : 99
PrivateFrameworks/IDSHashPersistence : 187
PrivateFrameworks/IDSKVStore : 187
PrivateFrameworks/IMAP : 1
PrivateFrameworks/IMAVCore : 1270
PrivateFrameworks/IMCorePipeline : 1
PrivateFrameworks/IMFoundation : 105
PrivateFrameworks/IMTransferServices : 105
PrivateFrameworks/IOImageLoader : 686
PrivateFrameworks/IOKitten : 772
PrivateFrameworks/IOPlatformPluginFamily : 445
PrivateFrameworks/IOPresentment : 47
PrivateFrameworks/ISSupport : 11501
PrivateFrameworks/IconFoundation : 2
PrivateFrameworks/IconServices : 2
PrivateFrameworks/IdleTimerServices : 3558
PrivateFrameworks/InAppMessages : 130
PrivateFrameworks/InAppMessagesCore : 382
PrivateFrameworks/IncomingCallFilter : 1700
PrivateFrameworks/InertiaCam : 97
PrivateFrameworks/InputContext : 572
PrivateFrameworks/InputTranscoder : 1115
PrivateFrameworks/Install : 27
PrivateFrameworks/InstallCoordination : 168
PrivateFrameworks/InstallerDiagnostics : 2034
PrivateFrameworks/IntentsCore : 30
PrivateFrameworks/IntentsFoundation : 30
PrivateFrameworks/IntentsServices : 30
PrivateFrameworks/InternalSwiftProtobuf : 1009
PrivateFrameworks/InternationalSupport : 151
PrivateFrameworks/InternationalTextSearch : 217
PrivateFrameworks/InternetAccounts : 208
PrivateFrameworks/IntlPreferences : 205
PrivateFrameworks/JavaLaunching : 64
PrivateFrameworks/JavaScriptAppleEvents : 584
PrivateFrameworks/JavaScriptOSA : 3393
PrivateFrameworks/Jet : 2473
PrivateFrameworks/JetEngine : 291
PrivateFrameworks/JetUI : 331
PrivateFrameworks/KerberosHelper : 3567
PrivateFrameworks/KeyboardServices : 5
PrivateFrameworks/KnowledgeGraphKit : 8
PrivateFrameworks/KnowledgeMonitor : 392
PrivateFrameworks/LanguageModeling : 143
PrivateFrameworks/Lexicon : 2083
PrivateFrameworks/LibraryRepair : 2106
PrivateFrameworks/LimitAdTracking : 28
PrivateFrameworks/LinguisticData : 121
PrivateFrameworks/LinkPresentation : 353
PrivateFrameworks/LocalAuthenticationRecoveryUI : 329
PrivateFrameworks/LocalAuthenticationUI : 329
PrivateFrameworks/LocationSupport : 3
PrivateFrameworks/LockoutUI : 4539
PrivateFrameworks/LoggingSupport : 2
PrivateFrameworks/LoginUIKit : 66
PrivateFrameworks/Lookup : 96
PrivateFrameworks/MDSChannel : 3373
PrivateFrameworks/MFAAuthentication : 239
PrivateFrameworks/MFiAuthentication : 464
PrivateFrameworks/MMCS : 179
PrivateFrameworks/MSUDataAccessor : 6
PrivateFrameworks/MTLCompiler : 1
PrivateFrameworks/MTLSimImplementation : 1
PrivateFrameworks/MachineSettings : 5993
PrivateFrameworks/Mail : 1
PrivateFrameworks/MailCore : 1
PrivateFrameworks/MailService : 1
PrivateFrameworks/MailSupport : 1
PrivateFrameworks/MailUI : 1
PrivateFrameworks/MailWebProcessSupport : 1
PrivateFrameworks/MallocStackLogging : 110
PrivateFrameworks/ManagedClient : 51
PrivateFrameworks/Mangrove : 1622
PrivateFrameworks/MapsSync : 92
PrivateFrameworks/Marco : 105
PrivateFrameworks/MarkupUI : 17
PrivateFrameworks/MaterialKit : 93
PrivateFrameworks/MediaControlSender : 5
PrivateFrameworks/MediaFoundation : 535
PrivateFrameworks/MediaKit : 797
PrivateFrameworks/MediaMiningKit : 8
PrivateFrameworks/MediaRemote : 46
PrivateFrameworks/MediaServices : 160
PrivateFrameworks/Memories : 37
PrivateFrameworks/MessageProtection : 414
PrivateFrameworks/MessageSecurity : 1455
PrivateFrameworks/MessageUIMacHelper : 1
PrivateFrameworks/MessagesBlastDoorSupport : 7
PrivateFrameworks/MetalSerializer : 1
PrivateFrameworks/MetricKitCore : 14
PrivateFrameworks/MetricKitServices : 14
PrivateFrameworks/MetricKitSource : 14
PrivateFrameworks/MetricMeasurement : 14
PrivateFrameworks/MiniSoftwareUpdate : 704
PrivateFrameworks/MobileAccessoryUpdater : 12
PrivateFrameworks/MobileActivationMacOS : 7
PrivateFrameworks/MobileAsset : 372
PrivateFrameworks/MobileAssetUpdater : 12
PrivateFrameworks/MobileBluetooth : 282
PrivateFrameworks/MobileIcons : 2
PrivateFrameworks/MobileInstallation : 219
PrivateFrameworks/MobileKeyBag : 809
PrivateFrameworks/MobileObliteration : 386
PrivateFrameworks/MobileSoftwareUpdate : 3
PrivateFrameworks/MobileStorage : 286
PrivateFrameworks/MobileStoreDemoCore : 215
PrivateFrameworks/MobileSystemServices : 2227
PrivateFrameworks/MonitorPanel : 115
PrivateFrameworks/Montreal : 1331
PrivateFrameworks/MorphunAssetsUpdater : 142
PrivateFrameworks/MultitouchSupport : 1
PrivateFrameworks/MultiverseSupport : 590
PrivateFrameworks/MusicLibrary : 8
PrivateFrameworks/NLP : 280
PrivateFrameworks/NPTKit : 44
PrivateFrameworks/Navigation : 3
PrivateFrameworks/NearField : 250
PrivateFrameworks/NetAppsUtilities : 151
PrivateFrameworks/NetAuth : 480
PrivateFrameworks/NetFSServer : 31
PrivateFrameworks/Netrb : 256
PrivateFrameworks/NetworkServiceProxy : 3191
PrivateFrameworks/NetworkStatistics : 3565
PrivateFrameworks/NewsAnalyticsUpload : 14
PrivateFrameworks/NewsCore : 14
PrivateFrameworks/NewsDaemon : 14
PrivateFrameworks/NewsFoundation : 14
PrivateFrameworks/NewsToday : 14
PrivateFrameworks/NewsTransport : 14
PrivateFrameworks/Noticeboard : 842
PrivateFrameworks/NotificationCenterUI : 3
PrivateFrameworks/OAuth : 21710
PrivateFrameworks/OSD : 3141
PrivateFrameworks/OSPersonalization : 12
PrivateFrameworks/OSUpdate : 2
PrivateFrameworks/OTSVG : 16
PrivateFrameworks/OctagonTrust : 1
PrivateFrameworks/OfficeImport : 572
PrivateFrameworks/OpenDirectoryConfig : 14570
PrivateFrameworks/OpenDirectoryConfigUI : 2639
PrivateFrameworks/Osprey : 831
PrivateFrameworks/PDFKit : 59
PrivateFrameworks/PDS : 187
PrivateFrameworks/PDSAgent : 187
PrivateFrameworks/PIP : 1737
PrivateFrameworks/PSNormalizer : 22
PrivateFrameworks/PackageKit : 7
PrivateFrameworks/PacketFilter : 280
PrivateFrameworks/ParsecModel : 1
PrivateFrameworks/ParsecSubscriptionServiceSupport : 1
PrivateFrameworks/PassKit : 5
PrivateFrameworks/PassKitCore : 5
PrivateFrameworks/PassKitMacHelper : 1
PrivateFrameworks/PassKitUI : 185
PrivateFrameworks/PasswordServer : 8653
PrivateFrameworks/PerformanceAnalysis : 31
PrivateFrameworks/PerformanceTrace : 45
PrivateFrameworks/PersonaKit : 725
PrivateFrameworks/PersonaUI : 725
PrivateFrameworks/PhoneNumberResolver : 251
PrivateFrameworks/PhoneNumbers : 13
PrivateFrameworks/PhotoAnalysis : 8
PrivateFrameworks/PhotoPrintProduct : 376
PrivateFrameworks/PhotosGraph : 8
PrivateFrameworks/PhotosUIApps : 8
PrivateFrameworks/PhysicsKit : 2225
PrivateFrameworks/PodcastsFoundation : 71
PrivateFrameworks/PodcastsKit : 603
PrivateFrameworks/PowerUI : 104
PrivateFrameworks/PowerlogHelperdOperators : 1
PrivateFrameworks/PreferencePanesSupport : 106
PrivateFrameworks/PrintKit : 423
PrivateFrameworks/PrintingPrivate : 162
PrivateFrameworks/PrivateFederatedLearning : 113
PrivateFrameworks/ProVideo : 3
PrivateFrameworks/ProactiveEventTracker : 29
PrivateFrameworks/ProactiveExperiments : 9
PrivateFrameworks/ProactiveExperimentsInternals : 9
PrivateFrameworks/ProactiveInputPredictions : 9
PrivateFrameworks/ProactiveInputPredictionsInternals : 9
PrivateFrameworks/ProactiveML : 9
PrivateFrameworks/ProactiveSupport : 29
PrivateFrameworks/ProactiveSupportStubs : 29
PrivateFrameworks/PromotedContentSupport : 3
PrivateFrameworks/ProofReader : 281
PrivateFrameworks/ProtectedCloudStorage : 188
PrivateFrameworks/ProtocolBuffer : 220
PrivateFrameworks/PrototypeTools : 741
PrivateFrameworks/PubSub : 1
PrivateFrameworks/QLCharts : 572
PrivateFrameworks/Quagga : 44
PrivateFrameworks/QuickLookIosmac : 85
PrivateFrameworks/QuickLookNonBaseSystem : 84
PrivateFrameworks/QuickLookSupport : 95
PrivateFrameworks/QuickLookThumbnailing : 95
PrivateFrameworks/QuickLookThumbnailingDaemon : 99
PrivateFrameworks/QuickLookUIIosmac : 85
PrivateFrameworks/RTBuddyCrashlogDecoder : 262
PrivateFrameworks/RTTUI : 9
PrivateFrameworks/RTTUtilities : 9
PrivateFrameworks/Rapport : 291
PrivateFrameworks/RapportUI : 291
PrivateFrameworks/ReminderKitInternal : 20
PrivateFrameworks/ReminderMigration : 46
PrivateFrameworks/RemindersUICore : 33
PrivateFrameworks/RemoteConfiguration : 538
PrivateFrameworks/RemoteCoreML : 1593
PrivateFrameworks/RemoteManagement : 140
PrivateFrameworks/RemoteServiceDiscovery : 1
PrivateFrameworks/RemoteTextInput : 238
PrivateFrameworks/RemoteViewServices : 104
PrivateFrameworks/RemoteXPC : 1
PrivateFrameworks/RenderBox : 13
PrivateFrameworks/ReportCrashShadow : 3
PrivateFrameworks/ResponseKit : 119
PrivateFrameworks/Restore : 144
PrivateFrameworks/Reveal : 269
PrivateFrameworks/RevealCore : 269
PrivateFrameworks/SAObjects : 3
PrivateFrameworks/SCEP : 195
PrivateFrameworks/SDAPI : 1593
PrivateFrameworks/SMBClient : 37
PrivateFrameworks/SMBClientEngine : 104
PrivateFrameworks/SPFinder : 1
PrivateFrameworks/SPOwner : 1
PrivateFrameworks/SPSupport : 37
PrivateFrameworks/SafeEjectGPU : 323
PrivateFrameworks/SampleAnalysis : 31
PrivateFrameworks/ScoreBoard : 1043
PrivateFrameworks/ScreenSharing : 61
PrivateFrameworks/ScreenTimeServiceUI : 6
PrivateFrameworks/ScreenTimeSettingsUI : 12
PrivateFrameworks/SearchAds : 28
PrivateFrameworks/SearchSuggestions : 1
PrivateFrameworks/SearchUI : 4
PrivateFrameworks/SearchUICardKitProviderSupport : 97
PrivateFrameworks/SecCodeWrapper : 1
PrivateFrameworks/SecureChannel : 953
PrivateFrameworks/SecurityTokend : 4980
PrivateFrameworks/Seeding : 4
PrivateFrameworks/SemanticDocumentManagement : 3347
PrivateFrameworks/SensingProtocols : 1771
PrivateFrameworks/Sentry : 568
PrivateFrameworks/ServerCompatibility : 3742
PrivateFrameworks/ServerInformation : 1839
PrivateFrameworks/SetupAssistantFramework : 3
PrivateFrameworks/ShareKit : 2
PrivateFrameworks/SharePointManagement : 98
PrivateFrameworks/SharedWebCredentials : 10
PrivateFrameworks/Sharing : 1
PrivateFrameworks/SharingXPCServices : 5
PrivateFrameworks/ShazamInsights : 67
PrivateFrameworks/ShazamKit : 67
PrivateFrameworks/ShazamKitUI : 67
PrivateFrameworks/Shortcut : 303
PrivateFrameworks/ShoveService : 7
PrivateFrameworks/SidecarCore : 73
PrivateFrameworks/SidecarUI : 73
PrivateFrameworks/SignpostCollection : 151
PrivateFrameworks/SignpostMetrics : 151
PrivateFrameworks/SignpostNotification : 29
PrivateFrameworks/SignpostSupport : 151
PrivateFrameworks/SiriAppResolution : 40
PrivateFrameworks/SiriAudioInternal : 42
PrivateFrameworks/SiriAudioSupport : 42
PrivateFrameworks/SiriClientFlow : 353
PrivateFrameworks/SiriCore : 30
PrivateFrameworks/SiriDialogEngine : 349
PrivateFrameworks/SiriGeo : 204
PrivateFrameworks/SiriInference : 60
PrivateFrameworks/SiriInstrumentation : 299
PrivateFrameworks/SiriIntentEvents : 60
PrivateFrameworks/SiriKitFlow : 40
PrivateFrameworks/SiriKitInvocation : 547
PrivateFrameworks/SiriKitRuntime : 40
PrivateFrameworks/SiriObservation : 9
PrivateFrameworks/SiriOntology : 474
PrivateFrameworks/SiriOntologyProtobuf : 474
PrivateFrameworks/SiriPlaybackControlIntents : 87
PrivateFrameworks/SiriPlaybackControlSupport : 87
PrivateFrameworks/SiriTTS : 33
PrivateFrameworks/SiriTasks : 9
PrivateFrameworks/SiriVOX : 30
PrivateFrameworks/SiriVideoIntents : 323
PrivateFrameworks/Slideshows : 176
PrivateFrameworks/SoftLinking : 149
PrivateFrameworks/SoftwareUpdate : 2
PrivateFrameworks/SoftwareUpdateCore : 3
PrivateFrameworks/SoftwareUpdateCoreConnect : 3
PrivateFrameworks/SoftwareUpdateCoreSupport : 3
PrivateFrameworks/SoftwareUpdateCoreTest : 3
PrivateFrameworks/SoftwareUpdateMacController : 1
PrivateFrameworks/SpanMatcher : 30
PrivateFrameworks/SpeakerRecognition : 3
PrivateFrameworks/SpeechDictionary : 507
PrivateFrameworks/SpeechObjects : 2
PrivateFrameworks/SpeechRecognitionCommandServices : 97
PrivateFrameworks/SpeechRecognitionCore : 53
PrivateFrameworks/SpotlightIndexUtilities : 1
PrivateFrameworks/StatsKit : 10576
PrivateFrameworks/StorageKit : 24
PrivateFrameworks/StorageManagement : 41
PrivateFrameworks/StoreKitMacHelper : 3
PrivateFrameworks/StoreKitUIMac : 3
PrivateFrameworks/StoreServices : 65
PrivateFrameworks/StreamingZip : 511
PrivateFrameworks/Suggestions : 36
PrivateFrameworks/SuggestionsSpotlightMetrics : 9
PrivateFrameworks/Symbolication : 110
PrivateFrameworks/SymptomDiagnosticReporter : 234
PrivateFrameworks/SymptomReporter : 1
PrivateFrameworks/Symptoms : 1
PrivateFrameworks/SyncServicesUI : 9784
PrivateFrameworks/SyncedDefaults : 134
PrivateFrameworks/SystemAdministration : 40
PrivateFrameworks/SystemAdministrationInterface : 49
PrivateFrameworks/SystemUIPlugin : 199
PrivateFrameworks/TCC : 1
PrivateFrameworks/TTYUtilities : 4860
PrivateFrameworks/TVRemoteCore : 50
PrivateFrameworks/TelephonyUtilities : 59
PrivateFrameworks/TemplateKit : 4
PrivateFrameworks/TextInput : 182
PrivateFrameworks/TextInputCore : 182
PrivateFrameworks/TextInputMenuUI : 76
PrivateFrameworks/TextRecognition : 390
PrivateFrameworks/TextToSpeech : 84
PrivateFrameworks/TextureIO : 8282
PrivateFrameworks/TimeMachine : 35
PrivateFrameworks/TimeSync : 289
PrivateFrameworks/Timeline : 452
PrivateFrameworks/ToneKit : 233
PrivateFrameworks/ToneLibrary : 233
PrivateFrameworks/Tourist : 490
PrivateFrameworks/Translation : 1
PrivateFrameworks/Transparency : 445
PrivateFrameworks/TransparencyDetailsViewMac : 28
PrivateFrameworks/Trial : 99
PrivateFrameworks/TrialProto : 99
PrivateFrameworks/TrialServer : 99
PrivateFrameworks/TrustEvaluationAgent : 759
PrivateFrameworks/TuriCore : 2
PrivateFrameworks/UARPiCloud : 12
PrivateFrameworks/UAUPlugin : 900
PrivateFrameworks/UIFoundation : 44
PrivateFrameworks/UIKitSystemAppServices : 96
PrivateFrameworks/UIRecording : 1721
PrivateFrameworks/URLFormatting : 280
PrivateFrameworks/USDKit : 124
PrivateFrameworks/Uninstall : 902
PrivateFrameworks/UniversalAccess : 48
PrivateFrameworks/UsageTracking : 106
PrivateFrameworks/UserActivity : 167
PrivateFrameworks/UserManagement : 752
PrivateFrameworks/VCXMPP : 753
PrivateFrameworks/VFX : 317
PrivateFrameworks/VectorKit : 10
PrivateFrameworks/VideoConference : 2143
PrivateFrameworks/VideoProcessing : 95
PrivateFrameworks/ViewBridge : 28
PrivateFrameworks/VirtualGarage : 3
PrivateFrameworks/VisionKit : 2492
PrivateFrameworks/VisualPairing : 1927
PrivateFrameworks/VisualTestKit : 1977
PrivateFrameworks/VoiceShortcutClient : 99
PrivateFrameworks/VoiceShortcuts : 99
PrivateFrameworks/VoiceTrigger : 471
PrivateFrameworks/WPDaemon : 17
PrivateFrameworks/WatchdogClient : 6
PrivateFrameworks/WeatherFoundation : 66
PrivateFrameworks/WeatherKit : 501
PrivateFrameworks/WebContentAnalysis : 2572
PrivateFrameworks/WebFilterDNS : 2572
PrivateFrameworks/WebInspectorUI : 1
PrivateFrameworks/WiFiAnalytics : 5
PrivateFrameworks/WiFiPeerToPeer : 34
PrivateFrameworks/WiFiPolicy : 70
PrivateFrameworks/WiFiVelocity : 37
PrivateFrameworks/WildDevices : 590
PrivateFrameworks/WirelessCoexManager : 3
PrivateFrameworks/WirelessDiagnostics : 11250
PrivateFrameworks/WirelessProximity : 17
PrivateFrameworks/WorkflowKit : 99
PrivateFrameworks/WorkflowUIServices : 7
PrivateFrameworks/XARTRecovery : 536
PrivateFrameworks/XCTAutomationSupport : 782
PrivateFrameworks/XCTTargetBootstrap : 782
PrivateFrameworks/XQuery : 5187
PrivateFrameworks/XprotectFramework : 843
PrivateFrameworks/ZhuGeSupport : 173
PrivateFrameworks/acfs : 51
PrivateFrameworks/acfsSupport : 14
PrivateFrameworks/apfs_boot_mount : 1
PrivateFrameworks/caulk : 147
PrivateFrameworks/iCalendar : 33
PrivateFrameworks/iCloudNotification : 240
PrivateFrameworks/iPod : 198
PrivateFrameworks/iPodSync : 2605
PrivateFrameworks/iPodUpdater : 2322
PrivateFrameworks/iTunesCloud : 204
PrivateFrameworks/iWorkXPC : 1249
PrivateFrameworks/kperf : 922
PrivateFrameworks/kperfdata : 922
PrivateFrameworks/ktrace : 104
PrivateFrameworks/login : 38
PrivateFrameworks/nt : 45
PrivateFrameworks/oncrpc : 121
PrivateFrameworks/perfdata : 4009
PrivateFrameworks/yara : 704
CoreServices/AVB Audio Configuration : 900.10
CoreServices/AddPrinter : 580
CoreServices/AddressBookUrlForwarder : 2439.4
CoreServices/AirPlayUIAgent : 499.4
CoreServices/AirPort Base Station Agent : 221.8
CoreServices/Automator Installer : 500
CoreServices/Bluetooth Setup Assistant : 8.0.0d35
CoreServices/BluetoothUIServer : 8.0.0d35
CoreServices/Certificate Assistant : 55192
CoreServices/ClimateProxy : 1618.3.1
CoreServices/Clock : 1
CoreServices/ControlCenter : 79
CoreServices/ControlStrip : 213
CoreServices/CoreLocationAgent : 2420.0.26.3.1
CoreServices/CoreServicesUIAgent : 351
CoreServices/DiskImageMounter : 593
CoreServices/Dock : 2071
CoreServices/Dwell Control : 306
CoreServices/EACSTestApp : 1
CoreServices/Family (OSX) : 1
CoreServices/Finder : 1329.5
CoreServices/HelpViewer : 383
CoreServices/Install Command Line Developer Tools : 2380
CoreServices/Install in Progress : 1020
CoreServices/Installer Progress : 568
CoreServices/Installer : 1012
CoreServices/Jar Launcher : 301
CoreServices/Java Web Start : 301
CoreServices/Keychain Circle Notification : 59711.0.0.111.1
CoreServices/Language Chooser : 608.1
CoreServices/MacAppStoreTrampoline : 1
CoreServices/ManagedClient : 1311
CoreServices/NotificationCenter : 1009
CoreServices/OBEXAgent : 8.0.0d35
CoreServices/Paired Devices : 200.13
CoreServices/Photo Library Migration Utility : 2301.3.1
CoreServices/Problem Reporter : 15023
CoreServices/ProfileHelper : 1
CoreServices/RapportUIAgent : 200.13
CoreServices/RegisterPluginIMApp : 24
CoreServices/Screen Time : 466
CoreServices/Setup Assistant : 3027.2
CoreServices/Siri : 201.0.9
CoreServices/Software Update : 1352.0.4
CoreServices/Spotlight : 2129
CoreServices/SystemUIServer : 507
CoreServices/TextInputMenuAgent : 254
CoreServices/TextInputSwitcher : 254
CoreServices/UIKitSystem : 218
CoreServices/UniversalAccessControl : 511.2
CoreServices/UserNotificationCenter : 58
CoreServices/VoiceOver : 734.6
CoreServices/WatchFaceAlert : 1
CoreServices/WiFiAgent : 1708
CoreServices/WidgetKit Simulator : 1
CoreServices/loginwindow : 2009
CoreServices/screencaptureui : 259
Applications/Archive Utility : 134
Applications/Directory Utility : 428
Applications/Feedback Assistant : 437
Applications/Folder Actions Setup : 36
Applications/Network Utility : 303
Applications/Screen Sharing : 550.11
Applications/Ticket Viewer : 43
Applications/Wireless Diagnostics : 1155
Frameworks/ARKit : 43
Frameworks/AddressBook : 124
Frameworks/AddressBookUI : 102
Frameworks/AssetsLibrary : 1
Frameworks/CarPlay : 5
Frameworks/ContactsUI : 6
Frameworks/CoreAudioKit : 19
Frameworks/CoreNFC : 23
Frameworks/EventKitUI : 57
Frameworks/GameController : 1
Frameworks/GameKit : 31
Frameworks/GameplayKit : 66
Frameworks/HomeKit : 1
Frameworks/IntentsUI : 9
Frameworks/LinkPresentation : 117
Frameworks/MessageUI : 1
Frameworks/Messages : 1
Frameworks/MetalKit : 272
Frameworks/MobileCoreServices : 10
Frameworks/MultipeerConnectivity : 196
Frameworks/NetworkExtensioniOSSupport : 86
Frameworks/NewsstandKit : 812
Frameworks/OpenAL : 115
Frameworks/PencilKit : 18
Frameworks/QuickLook : 36
Frameworks/RealityKit : 169
Frameworks/SceneKit : 1
Frameworks/ScreenTime : 6
Frameworks/SpriteKit : 160
Frameworks/StoreKit : 3
Frameworks/SwiftUI : 11
Frameworks/Twitter : 577
Frameworks/UserNotificationsUI : 1
Frameworks/VisionKit : 1202
Frameworks/WatchConnectivity : 99
Frameworks/WatchKit : 503
Frameworks/WidgetKit : 3
Frameworks/_AVKit_SwiftUI : 14
Frameworks/_MapKit_SwiftUI : 21
Frameworks/_SpriteKit_SwiftUI : 1571
PrivateFrameworks/AccessibilityUI : 1
PrivateFrameworks/AccessibilityUIService : 1
PrivateFrameworks/AccessibilityUIShared : 1
PrivateFrameworks/AccessibilityUIUtilities : 1
PrivateFrameworks/ActionKit : 15
PrivateFrameworks/ActionKitUI : 181
PrivateFrameworks/ActivityRingsUI : 22
PrivateFrameworks/AdPlatformsCommonUI : 3
PrivateFrameworks/AddressBookLegacy : 1492
PrivateFrameworks/AnnotationKit : 2
PrivateFrameworks/AppAnalytics : 41
PrivateFrameworks/AppSupportUI : 90
PrivateFrameworks/AvatarKit : 3
PrivateFrameworks/AvatarUI : 1
PrivateFrameworks/BaseBoardUI : 454
PrivateFrameworks/CalendarUIKit : 10
PrivateFrameworks/ChatKit : 1
PrivateFrameworks/ChronoKit : 3
PrivateFrameworks/ClassroomKit : 33
PrivateFrameworks/ContactsAutocompleteUI : 6
PrivateFrameworks/ContentKit : 15
PrivateFrameworks/CoreChart : 3
PrivateFrameworks/CorePDF : 658
PrivateFrameworks/CoreRecognition : 187
PrivateFrameworks/CoreSuggestionsUI : 1
PrivateFrameworks/DataDetectorsUI : 213
PrivateFrameworks/DocumentCamera : 124
PrivateFrameworks/DocumentManager : 37
PrivateFrameworks/DocumentManagerCore : 37
PrivateFrameworks/EmojiKit : 505
PrivateFrameworks/FMCoreUI : 271
PrivateFrameworks/FMFUI : 64
PrivateFrameworks/FrontBoard : 81
PrivateFrameworks/GameCenterUI : 19
PrivateFrameworks/HealthDaemon : 8
PrivateFrameworks/HelpKit : 644
PrivateFrameworks/Home : 1
PrivateFrameworks/HomeRecommendationEngine : 1
PrivateFrameworks/HomeUI : 1
PrivateFrameworks/IMSharedUI : 1
PrivateFrameworks/InAppMessages : 129
PrivateFrameworks/IntlPreferences : 46
PrivateFrameworks/JITAppKit : 480
PrivateFrameworks/Jet : 633
PrivateFrameworks/JetEngine : 77
PrivateFrameworks/ManagedConfiguration : 26
PrivateFrameworks/MarkupUI : 2
PrivateFrameworks/MobileTimer : 22
PrivateFrameworks/MobileTimerUI : 22
PrivateFrameworks/NanoRegistry : 1923
PrivateFrameworks/NetAppsUtilitiesUI : 151
PrivateFrameworks/NewsAds : 101
PrivateFrameworks/NewsAnalytics : 101
PrivateFrameworks/NewsArticles : 101
PrivateFrameworks/NewsFeed : 101
PrivateFrameworks/NewsFeedLayout : 14
PrivateFrameworks/NewsPersonalization : 101
PrivateFrameworks/NewsServicesInternal : 14
PrivateFrameworks/NewsSubscription : 101
PrivateFrameworks/NewsUI : 14
PrivateFrameworks/NewsUI2 : 101
PrivateFrameworks/OnBoardingKit : 1
PrivateFrameworks/PassKitServices : 5
PrivateFrameworks/PassKitUI : 1
PrivateFrameworks/PencilKit : 18
PrivateFrameworks/PersonaUI : 200
PrivateFrameworks/PodcastsUI : 64
PrivateFrameworks/PromotedContent : 35
PrivateFrameworks/PromotedContentProxy : 3
PrivateFrameworks/PromotedContentUI : 35
PrivateFrameworks/QuickLookThumbnailingExtension : 95
PrivateFrameworks/RTTUI : 6
PrivateFrameworks/RapportUI : 78
PrivateFrameworks/ScreenTimeUI : 6
PrivateFrameworks/SearchToShareCore : 5
PrivateFrameworks/Silex : 14
PrivateFrameworks/SilexVideo : 14
PrivateFrameworks/SilexWeb : 14
PrivateFrameworks/Stocks : 567
PrivateFrameworks/TSReading : 173
PrivateFrameworks/TSUtility : 173
PrivateFrameworks/TeaActivities : 7
PrivateFrameworks/TeaCharts : 7
PrivateFrameworks/TeaDB : 7
PrivateFrameworks/TeaFoundation : 7
PrivateFrameworks/TeaSettings : 7
PrivateFrameworks/TeaSnappy : 7
PrivateFrameworks/TeaTemplate : 7
PrivateFrameworks/TeaUI : 7
PrivateFrameworks/TeaUIKit : 7
PrivateFrameworks/TouchML : 507
PrivateFrameworks/TransparencyDetailsView : 28
PrivateFrameworks/UserNotificationsExtensionPoint : 90
PrivateFrameworks/VisualPairing : 990
PrivateFrameworks/VoiceMemos : 18
PrivateFrameworks/VoiceOverServices : 1
PrivateFrameworks/VoiceShortcutClient : 15
PrivateFrameworks/VoiceShortcuts : 15
PrivateFrameworks/Weather : 8
PrivateFrameworks/WeatherCharts : 8
PrivateFrameworks/WeatherFoundation : 3
PrivateFrameworks/WebKit : 1
PrivateFrameworks/WorkflowEditor : 181
PrivateFrameworks/WorkflowKit : 15
PrivateFrameworks/WorkflowUI : 181
PrivateFrameworks/WorkflowUICore : 181
PrivateFrameworks/WorkflowUIServices : 4
PrivateFrameworks/XavierCore : 101
PrivateFrameworks/XavierNews : 101
PrivateFrameworks/ZoomServices : 1
