Applications/DB Browser for SQLite : 3.12.0
Applications/Developer : 823.3.2
Applications/DockMate : 560
Applications/Epic Games Launcher : 10.17.3
Applications/Gifski : 38
Applications/GitHub Desktop : 2.5.3
Applications/Hex Fiend : 1593301800
Applications/Logi Options : 8.20.233
Applications/MacGuarder : 1
Applications/MonitorControl : 640
Applications/Safari : 16610.1.15.51.6
Applications/VirtualBox : 6.1.10
Applications/Visual Studio Code : 1.46.1
Applications/Vivaldi : 3.1.1929.45
Applications/Xcode-beta : 17177
Applications/iTerm : 3.3.12
Utilities/LogiMgr Uninstaller : 8.20.233
Applications/Mail : 3645.0.6.2.4
Frameworks/AppKit : 124
Frameworks/ApplicationServices : 1390
Frameworks/Carbon : 2129
Frameworks/Cocoa : 14206
Frameworks/CoreServices : 13
Frameworks/System : 15562
PrivateFrameworks/SetupAssistantFramework : 28
CoreServices/ControlCenter : 79.1
CoreServices/Spotlight : 2129.1
Frameworks/MobileCoreServices : 13
