Applications/GitHub Desktop : 2.5.6
Applications/Safari : 16610.2.6.1.6
Applications/Xcode : 17220
Applications/iMazing : 13794
Applications/App Store : 1005.2.7
Applications/Automator : 508
Applications/Books : 2167
Applications/Calendar : 2809
Applications/Contacts : 2451
Applications/Dictionary : 268
Applications/Font Book : 382
Applications/Home : 462.2.8
Applications/Mail : 3654.0.3.2.52
Applications/Maps : 2608.20.8.12.33
Applications/News : 2623.2
Applications/Notes : 1771
Applications/Photo Booth : 1125
Applications/Photos : 310.1.110
Applications/Podcasts : 1520.26
Applications/Preview : 1015
Applications/QuickTime Player : 1084.1
Applications/Reminders : 2182
Applications/Stocks : 669
Utilities/Activity Monitor : 1087
Utilities/Bluetooth File Exchange : 8.0.0d54
Utilities/Boot Camp Assistant : 6272.40.8
Utilities/Console : 5.0.13
Utilities/Digital Color Meter : 5.21
Utilities/Disk Utility : 1714
Utilities/Keychain Access : 55281.40.5
Utilities/Terminal : 440
Utilities/VoiceOver Utility : 752.1
Frameworks/AGL : 1603
Frameworks/AVKit : 13
Frameworks/Accelerate : 83
Frameworks/Accounts : 36
Frameworks/AdSupport : 18
Frameworks/AddressBook : 40
Frameworks/AppTrackingTransparency : 18
Frameworks/AppleScriptKit : 1283
Frameworks/AppleScriptObjC : 314
Frameworks/ApplicationServices : 2326
Frameworks/AudioVideoBridging : 222
Frameworks/AutomaticAssessmentConfiguration : 514
Frameworks/Automator : 30
Frameworks/BackgroundTasks : 48
Frameworks/CFNetwork : 163
Frameworks/CalendarStore : 286
Frameworks/CallKit : 52
Frameworks/Carbon : 3154
Frameworks/ClassKit : 18
Frameworks/CloudKit : 424
Frameworks/Cocoa : 15370
Frameworks/Collaboration : 567
Frameworks/ColorSync : 61
Frameworks/Combine : 60
Frameworks/Contacts : 31
Frameworks/ContactsUI : 19
Frameworks/CoreAudio : 50
Frameworks/CoreAudioKit : 38
Frameworks/CoreAudioTypes : 37
Frameworks/CoreBluetooth : 2
Frameworks/CoreData : 120
Frameworks/CoreDisplay : 7
Frameworks/CoreHaptics : 754
Frameworks/CoreImage : 20
Frameworks/CoreLocation : 8
Frameworks/CoreMIDI : 62
Frameworks/CoreMIDIServer : 62
Frameworks/CoreML : 57
Frameworks/CoreMediaIO : 180
Frameworks/CoreMotion : 8
Frameworks/CoreServices : 56
Frameworks/CoreTelephony : 4
Frameworks/CoreText : 71
Frameworks/CoreVideo : 376
Frameworks/CryptoKit : 1137
Frameworks/CryptoTokenKit : 112
Frameworks/DVDPlayback : 48
Frameworks/DeveloperToolsSupport : 78
Frameworks/DeviceCheck : 131
Frameworks/DirectoryService : 80
Frameworks/DiscRecording : 693
Frameworks/DiscRecordingUI : 693
Frameworks/DiskArbitration : 64
Frameworks/DriverKit : 124
Frameworks/ExceptionHandling : 798
Frameworks/ExecutionPolicy : 35
Frameworks/ExternalAccessory : 163
Frameworks/FWAUserLib : 309
Frameworks/FileProvider : 16
Frameworks/FileProviderUI : 500
Frameworks/FinderSync : 18
Frameworks/ForceFeedback : 4835
Frameworks/GLKit : 1261
Frameworks/GLUT : 703
Frameworks/GSS : 53
Frameworks/GameController : 496
Frameworks/GameKit : 100
Frameworks/GameplayKit : 425
Frameworks/HIDDriverKit : 60
Frameworks/Hypervisor : 73
Frameworks/ICADevices : 49
Frameworks/IMServicePlugIn : 53
Frameworks/IOSurface : 8
Frameworks/IOUSBHost : 124
Frameworks/IdentityLookup : 52
Frameworks/ImageCaptureCore : 49
Frameworks/ImageIO : 81
Frameworks/InputMethodKit : 201
Frameworks/InstallerPlugins : 331
Frameworks/InstantMessage : 12057
Frameworks/JavaNativeFoundation : 575
Frameworks/JavaRuntimeSupport : 243
Frameworks/JavaVM : 444
Frameworks/Kerberos : 588
Frameworks/KernelManagement : 13
Frameworks/LDAP : 503
Frameworks/LatentSemanticMapping : 33
Frameworks/LinkPresentation : 525
Frameworks/LocalAuthentication : 61
Frameworks/MLCompute : 40
Frameworks/MapKit : 34
Frameworks/MediaAccessibility : 1064
Frameworks/MediaLibrary : 268
Frameworks/MediaPlayer : 16
Frameworks/Message : 13640
Frameworks/MetalKit : 4659
Frameworks/MetalPerformanceShadersGraph : 357
Frameworks/MetricKit : 2633
Frameworks/ModelIO : 51
Frameworks/MultipeerConnectivity : 505
Frameworks/NaturalLanguage : 676
Frameworks/NearbyInteraction : 171
Frameworks/NetFS : 125
Frameworks/Network : 8
Frameworks/NetworkExtension : 86
Frameworks/NetworkingDriverKit : 713
Frameworks/NotificationCenter : 20
Frameworks/OSAKit : 506
Frameworks/OSLog : 317
Frameworks/OpenAL : 14
Frameworks/OpenCL : 154
Frameworks/OpenDirectory : 80
Frameworks/OpenGL : 5
Frameworks/PCIDriverKit : 329
Frameworks/PCSC : 14
Frameworks/PDFKit : 26
Frameworks/ParavirtualizedGraphics : 879
Frameworks/PassKit : 104
Frameworks/PencilKit : 205
Frameworks/Photos : 222
Frameworks/PhotosUI : 168
Frameworks/PreferencePanes : 170
Frameworks/PushKit : 1912
Frameworks/QTKit : 2618
Frameworks/Quartz : 920
Frameworks/QuartzCore : 24
Frameworks/QuickLook : 48
Frameworks/QuickLookThumbnailing : 54
Frameworks/RealityKit : 37
Frameworks/ReplayKit : 129
Frameworks/Ruby : 155
Frameworks/SceneKit : 46
Frameworks/ScreenTime : 15
Frameworks/ScriptingBridge : 841
Frameworks/Security : 229
Frameworks/SecurityFoundation : 239
Frameworks/SecurityInterface : 93
Frameworks/SensorKit : 17
Frameworks/ServiceManagement : 44
Frameworks/Social : 1059
Frameworks/SoundAnalysis : 1925
Frameworks/Speech : 265
Frameworks/SpriteKit : 1365
Frameworks/StoreKit : 169
Frameworks/SyncServices : 69
Frameworks/System : 48176
Frameworks/SystemConfiguration : 129
Frameworks/SystemExtensions : 12
Frameworks/TWAIN : 882
Frameworks/Tcl : 61
Frameworks/Tk : 61
Frameworks/USBDriverKit : 124
Frameworks/UserNotifications : 89
Frameworks/VideoDecodeAcceleration : 6153
Frameworks/Virtualization : 7
Frameworks/Vision : 460
Frameworks/WidgetKit : 54
Frameworks/_QuickLook_SwiftUI : 393
Frameworks/_SceneKit_SwiftUI : 52
Frameworks/_SpriteKit_SwiftUI : 3485
Frameworks/_StoreKit_SwiftUI : 640
Frameworks/vecLib : 83
Frameworks/vmnet : 133
PrivateFrameworks/AACCore : 149
PrivateFrameworks/ACDEClient : 282
PrivateFrameworks/AFKUser : 206
PrivateFrameworks/AGXCompilerCore : 47
PrivateFrameworks/AGXGPURawCounter : 47
PrivateFrameworks/AMPDevices : 23
PrivateFrameworks/AMPLibrary : 25
PrivateFrameworks/ANECompiler : 408
PrivateFrameworks/ANEHostCompiler : 409
PrivateFrameworks/ANEServices : 38
PrivateFrameworks/AOSAccounts : 395
PrivateFrameworks/AOSAccountsLite : 395
PrivateFrameworks/AOSKit : 355
PrivateFrameworks/AOSUI : 24
PrivateFrameworks/APFS : 58
PrivateFrameworks/APTransport : 41
PrivateFrameworks/ASEProcessing : 126
PrivateFrameworks/ASOctaneSupport : 9
PrivateFrameworks/AVConference : 57
PrivateFrameworks/AVFCapture : 103
PrivateFrameworks/AVFCore : 44
PrivateFrameworks/AVFoundationCF : 236
PrivateFrameworks/AXAssetLoader : 1
PrivateFrameworks/AXHearingCoreSupport : 5400
PrivateFrameworks/AXHearingSupport : 5400
PrivateFrameworks/AXMediaUtilities : 998
PrivateFrameworks/AccessibilityBundles : 18
PrivateFrameworks/AccessibilityPerformance : 23
PrivateFrameworks/AccessibilitySupport : 23
PrivateFrameworks/AccessoryNowPlaying : 4
PrivateFrameworks/AccountPolicy : 145
PrivateFrameworks/AccountsDaemon : 36
PrivateFrameworks/AccountsUI : 17
PrivateFrameworks/ActionKit : 48
PrivateFrameworks/AdAnalytics : 62
PrivateFrameworks/AdCore : 15
PrivateFrameworks/AdID : 15
PrivateFrameworks/AdPlatforms : 15
PrivateFrameworks/AdPlatformsCommon : 15
PrivateFrameworks/AdPlatformsInternal : 15
PrivateFrameworks/AddressBookAutocomplete : 19
PrivateFrameworks/AddressBookCore : 40
PrivateFrameworks/Admin : 18
PrivateFrameworks/AggregateDictionary : 687
PrivateFrameworks/AggregateDictionaryHistory : 687
PrivateFrameworks/AirPlayReceiver : 38
PrivateFrameworks/AirPlaySender : 38
PrivateFrameworks/AirPlaySupport : 41
PrivateFrameworks/AirPlaySync : 7
PrivateFrameworks/AirTrafficHost : 31
PrivateFrameworks/AlgosScoreFramework : 97
PrivateFrameworks/AmbientDisplay : 214
PrivateFrameworks/AnnotationKit : 417
PrivateFrameworks/AppAttestInternal : 131
PrivateFrameworks/AppSSO : 23
PrivateFrameworks/AppSSOCore : 23
PrivateFrameworks/AppSSOKerberos : 23
PrivateFrameworks/AppSSOUI : 23
PrivateFrameworks/AppServerSupport : 44
PrivateFrameworks/AppStoreComponents : 915
PrivateFrameworks/AppStoreDaemon : 9
PrivateFrameworks/AppStoreFoundation : 9
PrivateFrameworks/AppStoreKit : 103
PrivateFrameworks/AppStoreUI : 15
PrivateFrameworks/AppSupport : 1438
PrivateFrameworks/AppSupportUI : 2490
PrivateFrameworks/AppleAccount : 14
PrivateFrameworks/AppleAppSupport : 920
PrivateFrameworks/AppleCVA : 286
PrivateFrameworks/AppleFSCompression : 6846
PrivateFrameworks/AppleFirmwareUpdate : 129
PrivateFrameworks/AppleGVA : 24
PrivateFrameworks/AppleGVACore : 24
PrivateFrameworks/AppleHIDTransportSupport : 1009
PrivateFrameworks/AppleIDAuthSupport : 1293
PrivateFrameworks/AppleIDSSOAuthentication : 708
PrivateFrameworks/AppleJPEG : 165
PrivateFrameworks/AppleLDAP : 1105
PrivateFrameworks/AppleLOM : 30
PrivateFrameworks/AppleMediaServices : 27
PrivateFrameworks/AppleMediaServicesUIDynamic : 42
PrivateFrameworks/AppleNVMe : 303
PrivateFrameworks/AppleNeuralEngine : 89
PrivateFrameworks/ApplePDPHelper : 11982
PrivateFrameworks/ApplePushService : 275
PrivateFrameworks/AppleSRP : 14449
PrivateFrameworks/AppleSauce : 1875
PrivateFrameworks/AppleScript : 14
PrivateFrameworks/AppleServiceToolkit : 1380
PrivateFrameworks/AppleShareClientCore : 489
PrivateFrameworks/AppleSystemInfo : 61
PrivateFrameworks/AppleVA : 293
PrivateFrameworks/AppleVPA : 241
PrivateFrameworks/AskPermission : 348
PrivateFrameworks/AssertionServices : 60
PrivateFrameworks/AssetCacheServices : 275
PrivateFrameworks/AssetCacheServicesExtensions : 275
PrivateFrameworks/AssetViewer : 16
PrivateFrameworks/AssetsLibraryServices : 222
PrivateFrameworks/AssistantServices : 69
PrivateFrameworks/AssistiveControlSupport : 14
PrivateFrameworks/AttributeGraph : 53
PrivateFrameworks/AudioAnalytics : 167
PrivateFrameworks/AudioDSPManager : 590
PrivateFrameworks/AudioHistory : 590
PrivateFrameworks/AudioPasscode : 526
PrivateFrameworks/AudioResourceArbitration : 94
PrivateFrameworks/AudioServerApplication : 114
PrivateFrameworks/AudioServerDriver : 114
PrivateFrameworks/AudioSession : 26
PrivateFrameworks/AudioTransportCommon : 1690
PrivateFrameworks/AuthKit : 15
PrivateFrameworks/AuthKitUI : 15
PrivateFrameworks/AutoBugCaptureCore : 90
PrivateFrameworks/AutoLoop : 3701
PrivateFrameworks/BackBoardServices : 120
PrivateFrameworks/BackgroundTaskManagement : 139
PrivateFrameworks/Backup : 17
PrivateFrameworks/BaseBoard : 112
PrivateFrameworks/BatteryUIKit : 293
PrivateFrameworks/BehaviorMiner : 35
PrivateFrameworks/BezelServices : 881
PrivateFrameworks/BioKitAggD : 12634
PrivateFrameworks/BiomeFoundation : 493
PrivateFrameworks/BiomePubSub : 493
PrivateFrameworks/BiomeStorage : 493
PrivateFrameworks/BiomeStreams : 493
PrivateFrameworks/BiometricKit : 298
PrivateFrameworks/BiometricKitUI : 19
PrivateFrameworks/BiometricSupport : 175
PrivateFrameworks/BlastDoor : 104
PrivateFrameworks/BluetoothManager : 2
PrivateFrameworks/BoardServices : 112
PrivateFrameworks/Bom : 1590
PrivateFrameworks/BookCoverUtility : 184
PrivateFrameworks/BookKit : 184
PrivateFrameworks/BookKitFoundation : 184
PrivateFrameworks/BookUtility : 184
PrivateFrameworks/Bootability : 23
PrivateFrameworks/BridgeOSInstall : 24
PrivateFrameworks/BridgeOSInstallReporting : 24
PrivateFrameworks/BridgeOSObliteration : 56
PrivateFrameworks/BridgeOSSoftwareUpdate : 1814
PrivateFrameworks/BridgeXPC : 4363
PrivateFrameworks/BulkSymbolication : 61
PrivateFrameworks/ByteRangeLocking : 3755
PrivateFrameworks/C2 : 928
PrivateFrameworks/CMCapture : 117
PrivateFrameworks/CMCaptureCore : 97
PrivateFrameworks/CPAnalytics : 222
PrivateFrameworks/CPMLBestShim : 4276
PrivateFrameworks/CPMS : 181
PrivateFrameworks/CSCSupport : 78
PrivateFrameworks/CVNLP : 497
PrivateFrameworks/CacheDelete : 203
PrivateFrameworks/CalDAV : 281
PrivateFrameworks/Calculate : 127
PrivateFrameworks/CalendarAgent : 87
PrivateFrameworks/CalendarAgentLink : 148
PrivateFrameworks/CalendarDraw : 166
PrivateFrameworks/CalendarNotification : 17
PrivateFrameworks/CalendarPersistence : 19
PrivateFrameworks/CalendarUIKit : 15
PrivateFrameworks/CalendarWidget : 41
PrivateFrameworks/CallHistory : 54
PrivateFrameworks/CameraImagingFramework : 5978
PrivateFrameworks/CaptiveNetwork : 185
PrivateFrameworks/CardKit : 50
PrivateFrameworks/CardServices : 50
PrivateFrameworks/Cards : 50
PrivateFrameworks/Catalyst : 3227
PrivateFrameworks/Categories : 214
PrivateFrameworks/ChronoKit : 54
PrivateFrameworks/ChronoServices : 54
PrivateFrameworks/ChronoUIServices : 43
PrivateFrameworks/ChunkingLibrary : 1450
PrivateFrameworks/ClassKit : 18
PrivateFrameworks/ClassKitUI : 18
PrivateFrameworks/ClassroomKit : 17
PrivateFrameworks/ClockMenuExtraPreferences : 147
PrivateFrameworks/CloudDocs : 32
PrivateFrameworks/CloudFamilyRestrictions : 342
PrivateFrameworks/CloudFamilyRestrictionsDaemon : 342
PrivateFrameworks/CloudKitCode : 1235
PrivateFrameworks/CloudKitCodeProtobuf : 1235
PrivateFrameworks/CloudKitDaemon : 449
PrivateFrameworks/CloudPhotoLibrary : 222
PrivateFrameworks/CloudPhotoServices : 222
PrivateFrameworks/CloudPhotoServicesConfiguration : 222
PrivateFrameworks/CloudServices : 33
PrivateFrameworks/Coherence : 4417
PrivateFrameworks/CombineCocoa : 60
PrivateFrameworks/CommerceKit : 15
PrivateFrameworks/CommonAuth : 53
PrivateFrameworks/CommonUtilities : 1237
PrivateFrameworks/CommunicationsFilter : 3429
PrivateFrameworks/ConditionInducer : 630
PrivateFrameworks/ConfigProfileHelper : 19
PrivateFrameworks/ConfigurationEngineModel : 807
PrivateFrameworks/ConfigurationProfiles : 19
PrivateFrameworks/ConfigurationProfilesUI : 18
PrivateFrameworks/ConsoleKit : 32
PrivateFrameworks/ConstantClasses : 445
PrivateFrameworks/ContactsAgent : 490
PrivateFrameworks/ContactsAssistantServices : 481
PrivateFrameworks/ContactsAutocomplete : 14
PrivateFrameworks/ContactsAutocompleteUI : 29
PrivateFrameworks/ContactsDonation : 31
PrivateFrameworks/ContactsDonationFeedback : 31
PrivateFrameworks/ContactsFoundation : 16
PrivateFrameworks/ContactsPersistence : 35
PrivateFrameworks/ContactsUIMacHelper : 19
PrivateFrameworks/ContentKit : 48
PrivateFrameworks/ContextKit : 298
PrivateFrameworks/ContextKitExtraction : 290
PrivateFrameworks/ControlCenter : 39
PrivateFrameworks/ConversationKit : 65
PrivateFrameworks/CoreADI : 297
PrivateFrameworks/CoreAUC : 18
PrivateFrameworks/CoreAVCHD : 4026
PrivateFrameworks/CoreAccessories : 4
PrivateFrameworks/CoreAnalytics : 757
PrivateFrameworks/CoreAppleCVA : 543
PrivateFrameworks/CoreAutoLayout : 270
PrivateFrameworks/CoreBrightness : 294
PrivateFrameworks/CoreCDP : 59
PrivateFrameworks/CoreCDPInternal : 59
PrivateFrameworks/CoreCDPUI : 59
PrivateFrameworks/CoreCapture : 834
PrivateFrameworks/CoreCaptureControl : 834
PrivateFrameworks/CoreCaptureDaemon : 834
PrivateFrameworks/CoreChart : 481
PrivateFrameworks/CoreChineseEngine : 26
PrivateFrameworks/CoreDAV : 284
PrivateFrameworks/CoreDaemon : 660
PrivateFrameworks/CoreDuet : 94
PrivateFrameworks/CoreDuetContext : 94
PrivateFrameworks/CoreDuetDaemonProtocol : 94
PrivateFrameworks/CoreDuetDataModel : 94
PrivateFrameworks/CoreDuetDebugLogging : 94
PrivateFrameworks/CoreDuetStatistics : 94
PrivateFrameworks/CoreDuetSync : 94
PrivateFrameworks/CoreFP : 14
PrivateFrameworks/CoreFollowUp : 62
PrivateFrameworks/CoreFollowUpUI : 62
PrivateFrameworks/CoreHAP : 109
PrivateFrameworks/CoreHandwriting : 646
PrivateFrameworks/CoreHapticsTools : 6531
PrivateFrameworks/CoreJapaneseEngine : 32
PrivateFrameworks/CoreKDL : 897
PrivateFrameworks/CoreKE : 13
PrivateFrameworks/CoreKnowledge : 1607
PrivateFrameworks/CoreLSKD : 15
PrivateFrameworks/CoreLSKDMSE : 785
PrivateFrameworks/CoreLocationProtobuf : 303
PrivateFrameworks/CoreMLTestFramework : 42
PrivateFrameworks/CoreMaterial : 30
PrivateFrameworks/CoreMediaStream : 222
PrivateFrameworks/CoreNLP : 263
PrivateFrameworks/CoreNameParser : 2327
PrivateFrameworks/CoreNavigation : 338
PrivateFrameworks/CoreOptimization : 4276
PrivateFrameworks/CorePDF : 1074
PrivateFrameworks/CoreParsec : 9
PrivateFrameworks/CorePhoneNumbers : 48
PrivateFrameworks/CorePrediction : 4276
PrivateFrameworks/CoreRC : 1153
PrivateFrameworks/CoreRE : 21
PrivateFrameworks/CoreRecents : 30
PrivateFrameworks/CoreRecognition : 180
PrivateFrameworks/CoreRoutine : 335
PrivateFrameworks/CoreSDB : 1235
PrivateFrameworks/CoreSVG : 257
PrivateFrameworks/CoreServicesInternal : 100
PrivateFrameworks/CoreServicesStore : 16
PrivateFrameworks/CoreSpeech : 120
PrivateFrameworks/CoreSuggestions : 15
PrivateFrameworks/CoreSuggestionsInternals : 15
PrivateFrameworks/CoreSuggestionsML : 15
PrivateFrameworks/CoreSuggestionsUI : 15
PrivateFrameworks/CoreSymbolication : 699
PrivateFrameworks/CoreThemeDefinition : 113
PrivateFrameworks/CoreTime : 584
PrivateFrameworks/CoreUARP : 129
PrivateFrameworks/CoreUI : 77
PrivateFrameworks/CoreUtils : 65
PrivateFrameworks/CoreUtilsSwift : 5560
PrivateFrameworks/CoreUtilsUI : 50
PrivateFrameworks/CoreWLANKit : 19
PrivateFrameworks/CoreWiFi : 149
PrivateFrameworks/CryptoKitCBridging : 1137
PrivateFrameworks/CryptoKitPrivate : 1137
PrivateFrameworks/DAAPKit : 1536
PrivateFrameworks/DASDaemon : 48
PrivateFrameworks/DCERPC : 695
PrivateFrameworks/DCIMServices : 222
PrivateFrameworks/DCPDSBLib : 613
PrivateFrameworks/DFRBrightness : 294
PrivateFrameworks/DFRDisplay : 105
PrivateFrameworks/DFRFoundation : 97
PrivateFrameworks/DSExternalDisplay : 763
PrivateFrameworks/DTXConnectionServices : 182
PrivateFrameworks/DVD : 15497
PrivateFrameworks/DataDeliveryServices : 118
PrivateFrameworks/DataDetectors : 186
PrivateFrameworks/DataDetectorsCore : 75
PrivateFrameworks/DataDetectorsNaturalLanguage : 2040
PrivateFrameworks/DebugSymbols : 156
PrivateFrameworks/DesktopServicesPriv : 25
PrivateFrameworks/DeviceCheckInternal : 131
PrivateFrameworks/DeviceIdentity : 13
PrivateFrameworks/DeviceLink : 755
PrivateFrameworks/DeviceManagement : 807
PrivateFrameworks/DeviceToDeviceManager : 13994
PrivateFrameworks/DiagnosticExtensions : 820
PrivateFrameworks/DiagnosticExtensionsDaemon : 735
PrivateFrameworks/DiagnosticLogCollection : 21
PrivateFrameworks/DiagnosticRequest : 70
PrivateFrameworks/DiagnosticRequestService : 90
PrivateFrameworks/DiagnosticsKit : 56
PrivateFrameworks/DialogEngine : 27
PrivateFrameworks/DifferentialPrivacy : 37
PrivateFrameworks/DigitalTouchShared : 21
PrivateFrameworks/DirectoryEditor : 759
PrivateFrameworks/DirectoryServer : 12048
PrivateFrameworks/DiskImages : 5811
PrivateFrameworks/DiskImages2 : 1380
PrivateFrameworks/DiskManagement : 98
PrivateFrameworks/DisplayServices : 923
PrivateFrameworks/DisplayTransportServices : 2814
PrivateFrameworks/DistributedEvaluation : 852
PrivateFrameworks/DocumentCamera : 2774
PrivateFrameworks/DrawingKit : 417
PrivateFrameworks/DuetActivityScheduler : 48
PrivateFrameworks/DuetRecommendation : 94
PrivateFrameworks/DynamicDesktop : 32
PrivateFrameworks/EAFirmwareUpdater : 129
PrivateFrameworks/EAP8021X : 61
PrivateFrameworks/EasyConfig : 65
PrivateFrameworks/EmbeddedAcousticRecognition : 213
PrivateFrameworks/EmbeddedOSInstall : 1041
PrivateFrameworks/EmbeddedOSSupportHost : 633
PrivateFrameworks/EmbeddedSensingProtocols : 746
PrivateFrameworks/EmojiFoundation : 46
PrivateFrameworks/Engram : 21
PrivateFrameworks/Espresso : 33
PrivateFrameworks/ExchangeSync : 61
PrivateFrameworks/ExchangeWebServices : 291
PrivateFrameworks/ExpansionSlotSupport : 10
PrivateFrameworks/ExtensionFoundation : 80
PrivateFrameworks/ExtensionKit : 80
PrivateFrameworks/FMClient : 7298
PrivateFrameworks/FMCore : 206
PrivateFrameworks/FMCoreLite : 210
PrivateFrameworks/FMCoreUI : 115
PrivateFrameworks/FMF : 1505
PrivateFrameworks/FMFCore : 163
PrivateFrameworks/FMFUI : 1505
PrivateFrameworks/FMIPCore : 163
PrivateFrameworks/FMNetworking : 2
PrivateFrameworks/FTAWD : 21
PrivateFrameworks/FTClientServices : 19
PrivateFrameworks/FTServices : 19
PrivateFrameworks/FWAVC : 180
PrivateFrameworks/FaceCore : 316
PrivateFrameworks/FamilyCircle : 15
PrivateFrameworks/FamilyCircleUI : 15
PrivateFrameworks/FamilyControls : 391
PrivateFrameworks/FamilyNotification : 15
PrivateFrameworks/FeatureFlags : 146
PrivateFrameworks/FeatureFlagsSupport : 146
PrivateFrameworks/FeedbackLogger : 581
PrivateFrameworks/FileProvider : 16
PrivateFrameworks/FileProviderDaemon : 17
PrivateFrameworks/FilesActionsUI : 500
PrivateFrameworks/FindMyDevice : 861
PrivateFrameworks/FindMyDeviceUI : 510
PrivateFrameworks/FindMyMac : 631
PrivateFrameworks/FinderKit : 17
PrivateFrameworks/FinderSyncPriv : 18
PrivateFrameworks/FlightUtilities : 40
PrivateFrameworks/FlightUtilitiesCore : 40
PrivateFrameworks/FolderActionsKit : 291
PrivateFrameworks/FontServices : 302
PrivateFrameworks/FoundInAppsPlugins : 38
PrivateFrameworks/FoundationODR : 9
PrivateFrameworks/FrontBoardServices : 27
PrivateFrameworks/FuseBoard : 19
PrivateFrameworks/FuseBoardServices : 27
PrivateFrameworks/FusionPluginKit : 172
PrivateFrameworks/FusionPluginServices : 172
PrivateFrameworks/Futhark : 1234
PrivateFrameworks/GPUInfo : 59
PrivateFrameworks/GPURawCounter : 1837
PrivateFrameworks/GPUSupport : 5
PrivateFrameworks/GPUWrangler : 7
PrivateFrameworks/GameCenterFoundation : 100
PrivateFrameworks/GameCenterUI : 100
PrivateFrameworks/GameCenterUICore : 100
PrivateFrameworks/GameKitServices : 57
PrivateFrameworks/GenerationalStorage : 1872
PrivateFrameworks/GeoKit : 78
PrivateFrameworks/GeoServices : 37
PrivateFrameworks/Geode : 222
PrivateFrameworks/GraphKit : 13948
PrivateFrameworks/GraphVisualizer : 5033
PrivateFrameworks/GraphicsServices : 3867
PrivateFrameworks/H10ISPServices : 360
PrivateFrameworks/HDAInterface : 1675
PrivateFrameworks/HDRProcessing : 62
PrivateFrameworks/HID : 209
PrivateFrameworks/HIDAnalytics : 60
PrivateFrameworks/HIDDisplay : 60
PrivateFrameworks/HIDPreferences : 60
PrivateFrameworks/HMFoundation : 347
PrivateFrameworks/HTTPServer : 273
PrivateFrameworks/HearingCore : 30
PrivateFrameworks/HearingUtilities : 30
PrivateFrameworks/HeimODAdmin : 12
PrivateFrameworks/Heimdal : 53
PrivateFrameworks/Helium : 312
PrivateFrameworks/HelloWorldMacHelper : 27
PrivateFrameworks/HelpData : 30
PrivateFrameworks/HomeAI : 116
PrivateFrameworks/HomeAutomationInternal : 106
PrivateFrameworks/HomeKit : 109
PrivateFrameworks/HomeKitBackingStore : 109
PrivateFrameworks/HomeKitCore : 109
PrivateFrameworks/HomeKitDaemon : 109
PrivateFrameworks/IAP : 781
PrivateFrameworks/IASUtilities : 17
PrivateFrameworks/IDS : 19
PrivateFrameworks/IDSFoundation : 19
PrivateFrameworks/IDSHashPersistence : 89
PrivateFrameworks/IDSKVStore : 89
PrivateFrameworks/IDSSystemPreferencesSignIn : 19
PrivateFrameworks/IMAVCore : 3185
PrivateFrameworks/IMAssistantCore : 53
PrivateFrameworks/IMCore : 53
PrivateFrameworks/IMCorePipeline : 53
PrivateFrameworks/IMDMessageServices : 53
PrivateFrameworks/IMDPersistence : 53
PrivateFrameworks/IMDaemonCore : 53
PrivateFrameworks/IMFoundation : 21
PrivateFrameworks/IMSharedUI : 52
PrivateFrameworks/IMSharedUtilities : 53
PrivateFrameworks/IMTranscoderAgent : 53
PrivateFrameworks/IMTranscoding : 53
PrivateFrameworks/IMTransferAgent : 53
PrivateFrameworks/IMTransferServices : 21
PrivateFrameworks/IOAccelMemoryInfo : 13
PrivateFrameworks/IOAccelerator : 13
PrivateFrameworks/IOCEC : 17756
PrivateFrameworks/IOGPU : 1252
PrivateFrameworks/IOImageLoader : 2116
PrivateFrameworks/IOKitten : 1690
PrivateFrameworks/IOMobileFramebuffer : 26
PrivateFrameworks/IOPlatformPluginFamily : 272
PrivateFrameworks/IOPresentment : 4
PrivateFrameworks/IOSurfaceAccelerator : 2562
PrivateFrameworks/ISSupport : 11902
PrivateFrameworks/IdleTimerServices : 1330
PrivateFrameworks/InAppMessages : 429
PrivateFrameworks/InAppMessagesCore : 1615
PrivateFrameworks/IncomingCallFilter : 3429
PrivateFrameworks/InertiaCam : 1112
PrivateFrameworks/InputContext : 336
PrivateFrameworks/InputTranscoder : 1047
PrivateFrameworks/Install : 58
PrivateFrameworks/InstallCoordination : 78
PrivateFrameworks/InstallerDiagnostics : 2437
PrivateFrameworks/InternalSwiftProtobuf : 3131
PrivateFrameworks/InternationalSupport : 870
PrivateFrameworks/InternationalTextSearch : 1168
PrivateFrameworks/InternetAccounts : 702
PrivateFrameworks/IntlPreferences : 19
PrivateFrameworks/JavaLaunching : 16
PrivateFrameworks/JavaScriptAppleEvents : 76
PrivateFrameworks/JavaScriptOSA : 319
PrivateFrameworks/Jet : 522
PrivateFrameworks/JetUI : 25
PrivateFrameworks/KerberosHelper : 3996
PrivateFrameworks/KeyboardServices : 1051
PrivateFrameworks/KeychainCircle : 229
PrivateFrameworks/KnowledgeGraphKit : 542
PrivateFrameworks/KnowledgeMonitor : 62
PrivateFrameworks/LanguageModeling : 73
PrivateFrameworks/Lexicon : 898
PrivateFrameworks/LibraryRepair : 2537
PrivateFrameworks/LimitAdTracking : 15
PrivateFrameworks/LinguisticData : 468
PrivateFrameworks/LinkPresentation : 525
PrivateFrameworks/LocalAuthenticationRecoveryUI : 61
PrivateFrameworks/LocalAuthenticationUI : 61
PrivateFrameworks/LocationSupport : 8
PrivateFrameworks/LockoutUI : 5549
PrivateFrameworks/LoggingSupport : 317
PrivateFrameworks/LoginUIKit : 14
PrivateFrameworks/Lookup : 18
PrivateFrameworks/MDSChannel : 3779
PrivateFrameworks/MFAAuthentication : 4
PrivateFrameworks/MFiAuthentication : 781
PrivateFrameworks/MMCS : 928
PrivateFrameworks/MMCSServices : 53
PrivateFrameworks/MSUDataAccessor : 165
PrivateFrameworks/MachineSettings : 6394
PrivateFrameworks/MallocStackLogging : 191
PrivateFrameworks/ManagedClient : 19
PrivateFrameworks/Mangrove : 2021
PrivateFrameworks/MapsSuggestions : 53
PrivateFrameworks/MapsSupport : 53
PrivateFrameworks/MapsSync : 49
PrivateFrameworks/Marco : 21
PrivateFrameworks/MarkupUI : 417
PrivateFrameworks/MaterialKit : 30
PrivateFrameworks/MediaControlSender : 41
PrivateFrameworks/MediaConversionService : 222
PrivateFrameworks/MediaFoundation : 5279
PrivateFrameworks/MediaKit : 80
PrivateFrameworks/MediaMiningKit : 542
PrivateFrameworks/MediaRemote : 45
PrivateFrameworks/MediaStream : 222
PrivateFrameworks/Memories : 721
PrivateFrameworks/MessageProtection : 444
PrivateFrameworks/MessageSecurity : 270
PrivateFrameworks/MessagesBlastDoorSupport : 104
PrivateFrameworks/MessagesHelperKit : 52
PrivateFrameworks/MessagesKit : 52
PrivateFrameworks/MetricKitCore : 2633
PrivateFrameworks/MetricKitServices : 2633
PrivateFrameworks/MetricKitSource : 2633
PrivateFrameworks/MetricMeasurement : 2633
PrivateFrameworks/MiniSoftwareUpdate : 1289
PrivateFrameworks/MobileAccessoryUpdater : 129
PrivateFrameworks/MobileActivationMacOS : 13
PrivateFrameworks/MobileAsset : 1431
PrivateFrameworks/MobileAssetUpdater : 129
PrivateFrameworks/MobileBluetooth : 2
PrivateFrameworks/MobileContainerManager : 121
PrivateFrameworks/MobileDevice : 219
PrivateFrameworks/MobileInstallation : 40
PrivateFrameworks/MobileKeyBag : 119
PrivateFrameworks/MobileObliteration : 56
PrivateFrameworks/MobileSoftwareUpdate : 9
PrivateFrameworks/MobileSpotlightIndex : 1
PrivateFrameworks/MobileStorage : 109
PrivateFrameworks/MobileStoreDemoCore : 57
PrivateFrameworks/MobileSystemServices : 4230
PrivateFrameworks/Mondrian : 222
PrivateFrameworks/MonitorPanel : 141
PrivateFrameworks/Montreal : 173
PrivateFrameworks/MorphunAssetsUpdater : 44
PrivateFrameworks/MorphunSwift : 84
PrivateFrameworks/MultitouchSupport : 442
PrivateFrameworks/MultiverseSupport : 87
PrivateFrameworks/MusicLibrary : 31
PrivateFrameworks/NLP : 678
PrivateFrameworks/NPTKit : 644
PrivateFrameworks/NearField : 313
PrivateFrameworks/NetAppsUtilities : 3874
PrivateFrameworks/NetAuth : 857
PrivateFrameworks/NetFSServer : 125
PrivateFrameworks/Netrb : 423
PrivateFrameworks/Network : 8
PrivateFrameworks/NetworkServiceProxy : 9236
PrivateFrameworks/NetworkStatistics : 2007
PrivateFrameworks/NeutrinoCore : 222
PrivateFrameworks/NeutrinoKit : 222
PrivateFrameworks/Notes : 16
PrivateFrameworks/NotesShared : 16
PrivateFrameworks/NotesUI : 16
PrivateFrameworks/Noticeboard : 1327
PrivateFrameworks/NotificationCenterUI : 20
PrivateFrameworks/OAHSoftwareUpdate : 14
PrivateFrameworks/OAuth : 23738
PrivateFrameworks/OSAServicesClient : 55
PrivateFrameworks/OSASubmissionClient : 55
PrivateFrameworks/OSASyncProxyClient : 55
PrivateFrameworks/OSAnalytics : 55
PrivateFrameworks/OSAnalyticsPrivate : 55
PrivateFrameworks/OSD : 3540
PrivateFrameworks/OSInstaller : 15
PrivateFrameworks/OSPersonalization : 92
PrivateFrameworks/OSUpdate : 13
PrivateFrameworks/OTSVG : 71
PrivateFrameworks/OctagonTrust : 229
PrivateFrameworks/OfficeImport : 235
PrivateFrameworks/OpenDirectoryConfig : 15084
PrivateFrameworks/OpenDirectoryConfigUI : 62
PrivateFrameworks/Osprey : 507
PrivateFrameworks/PAImaging : 222
PrivateFrameworks/PAImagingCore : 222
PrivateFrameworks/PDFKit : 26
PrivateFrameworks/PDS : 89
PrivateFrameworks/PDSAgent : 89
PrivateFrameworks/PIP : 2160
PrivateFrameworks/PSNormalizer : 394
PrivateFrameworks/PackageKit : 34
PrivateFrameworks/PacketFilter : 788
PrivateFrameworks/ParsecModel : 9
PrivateFrameworks/ParsecSubscriptionServiceSupport : 9
PrivateFrameworks/PassKit : 104
PrivateFrameworks/PassKitMacHelper : 33
PrivateFrameworks/PassKitUIFoundation : 45
PrivateFrameworks/PasswordServer : 9048
PrivateFrameworks/PencilKit : 205
PrivateFrameworks/PeopleSuggester : 94
PrivateFrameworks/PerformanceAnalysis : 61
PrivateFrameworks/PerformanceTrace : 218
PrivateFrameworks/PersistentConnection : 2898
PrivateFrameworks/PersonaKit : 1265
PrivateFrameworks/PersonaUI : 1265
PrivateFrameworks/PersonalizationPortrait : 38
PrivateFrameworks/PersonalizationPortraitInternals : 38
PrivateFrameworks/PhoneNumberResolver : 631
PrivateFrameworks/PhoneNumbers : 48
PrivateFrameworks/PhotoAnalysis : 542
PrivateFrameworks/PhotoFoundation : 222
PrivateFrameworks/PhotoImaging : 222
PrivateFrameworks/PhotoLibrary : 168
PrivateFrameworks/PhotoLibraryServices : 222
PrivateFrameworks/PhotoPrintProduct : 233
PrivateFrameworks/PhotoVision : 222
PrivateFrameworks/PhotosFormats : 222
PrivateFrameworks/PhotosGraph : 542
PrivateFrameworks/PhotosImagingFoundation : 222
PrivateFrameworks/PhotosPlayer : 222
PrivateFrameworks/PhotosUIApps : 542
PrivateFrameworks/PhotosUICore : 168
PrivateFrameworks/PhysicsKit : 615
PrivateFrameworks/PlacesKit : 168
PrivateFrameworks/PlugInKit : 74
PrivateFrameworks/PodcastsFoundation : 34
PrivateFrameworks/PodcastsKit : 66
PrivateFrameworks/PowerLog : 45
PrivateFrameworks/PowerUI : 35
PrivateFrameworks/PowerlogFullOperators : 57
PrivateFrameworks/PowerlogHelperdOperators : 57
PrivateFrameworks/PowerlogLiteOperators : 57
PrivateFrameworks/PreferencePanesSupport : 135
PrivateFrameworks/PrintKit : 1056
PrivateFrameworks/PrintingPrivate : 15
PrivateFrameworks/PrivateFederatedLearning : 1221
PrivateFrameworks/ProVideo : 230
PrivateFrameworks/ProactiveEventTracker : 38
PrivateFrameworks/ProactiveExperiments : 15
PrivateFrameworks/ProactiveExperimentsInternals : 15
PrivateFrameworks/ProactiveInputPredictions : 15
PrivateFrameworks/ProactiveInputPredictionsInternals : 15
PrivateFrameworks/ProactiveML : 15
PrivateFrameworks/ProactiveSupport : 38
PrivateFrameworks/ProactiveSupportStubs : 38
PrivateFrameworks/PromotedContentSupport : 15
PrivateFrameworks/ProofReader : 79
PrivateFrameworks/ProtectedCloudStorage : 370
PrivateFrameworks/ProtocolBuffer : 282
PrivateFrameworks/PrototypeTools : 831
PrivateFrameworks/PubSub : 109
PrivateFrameworks/QLCharts : 235
PrivateFrameworks/Quagga : 176
PrivateFrameworks/QuickLookIosmac : 48
PrivateFrameworks/QuickLookNonBaseSystem : 51
PrivateFrameworks/QuickLookSupport : 54
PrivateFrameworks/QuickLookThumbnailing : 54
PrivateFrameworks/QuickLookThumbnailingDaemon : 55
PrivateFrameworks/QuickLookUIIosmac : 48
PrivateFrameworks/RTBuddyCrashlogDecoder : 47
PrivateFrameworks/RTCReporting : 345
PrivateFrameworks/RTTUI : 30
PrivateFrameworks/RTTUtilities : 30
PrivateFrameworks/Rapport : 473
PrivateFrameworks/RapportUI : 512
PrivateFrameworks/ReminderKitInternal : 17
PrivateFrameworks/ReminderMigration : 229
PrivateFrameworks/RemindersUICore : 40
PrivateFrameworks/RemoteConfiguration : 857
PrivateFrameworks/RemoteCoreML : 3451
PrivateFrameworks/RemoteManagement : 1295
PrivateFrameworks/RemoteServiceDiscovery : 44
PrivateFrameworks/RemoteTextInput : 2075
PrivateFrameworks/RemoteViewServices : 87
PrivateFrameworks/RemoteXPC : 44
PrivateFrameworks/RenderBox : 50
PrivateFrameworks/ReplayKitMacHelper : 68
PrivateFrameworks/ResponseKit : 540
PrivateFrameworks/Restore : 60
PrivateFrameworks/Reveal : 132
PrivateFrameworks/RevealCore : 132
PrivateFrameworks/RunningBoard : 60
PrivateFrameworks/RunningBoardServices : 60
PrivateFrameworks/SAObjects : 479
PrivateFrameworks/SCEP : 325
PrivateFrameworks/SDAPI : 3337
PrivateFrameworks/SMBClientEngine : 200
PrivateFrameworks/SPShared : 2
PrivateFrameworks/SPSupport : 23
PrivateFrameworks/SafeEjectGPU : 281
PrivateFrameworks/SampleAnalysis : 61
PrivateFrameworks/ScoreBoard : 1636
PrivateFrameworks/ScreenTimeCore : 13
PrivateFrameworks/ScreenTimeServiceUI : 13
PrivateFrameworks/ScreenTimeSettingsUI : 13
PrivateFrameworks/ScreenTimeUI : 15
PrivateFrameworks/SearchAds : 15
PrivateFrameworks/SearchFoundation : 9
PrivateFrameworks/SearchUI : 45
PrivateFrameworks/SearchUICardKitProviderSupport : 32
PrivateFrameworks/SecureChannel : 1350
PrivateFrameworks/SecurityTokend : 5779
PrivateFrameworks/Seeding : 228
PrivateFrameworks/SemanticDocumentManagement : 3796
PrivateFrameworks/SensingProtocols : 746
PrivateFrameworks/Sentry : 600
PrivateFrameworks/ServerCompatibility : 4182
PrivateFrameworks/ServerInformation : 204
PrivateFrameworks/SetupAssistantFramework : 60
PrivateFrameworks/SetupKit : 50
PrivateFrameworks/ShareKit : 159
PrivateFrameworks/SharePointManagement : 165
PrivateFrameworks/ShareServicesCore : 222
PrivateFrameworks/ShareSheet : 30
PrivateFrameworks/SharedWebCredentials : 145
PrivateFrameworks/Sharing : 121
PrivateFrameworks/SharingXPCServices : 73
PrivateFrameworks/ShazamInsights : 52
PrivateFrameworks/ShazamKit : 52
PrivateFrameworks/ShazamKitUI : 52
PrivateFrameworks/Shortcut : 72
PrivateFrameworks/ShoveService : 34
PrivateFrameworks/SidecarCore : 624
PrivateFrameworks/SidecarUI : 624
PrivateFrameworks/SignpostCollection : 1030
PrivateFrameworks/SignpostMetrics : 1030
PrivateFrameworks/SignpostNotification : 193
PrivateFrameworks/SignpostSupport : 1030
PrivateFrameworks/SiriAudioInternal : 461
PrivateFrameworks/SiriAudioSupport : 461
PrivateFrameworks/SiriClientFlow : 216
PrivateFrameworks/SiriCore : 47
PrivateFrameworks/SiriDialogEngine : 69
PrivateFrameworks/SiriGeo : 1144
PrivateFrameworks/SiriInference : 478
PrivateFrameworks/SiriInstrumentation : 109
PrivateFrameworks/SiriIntentEvents : 478
PrivateFrameworks/SiriKitInvocation : 23
PrivateFrameworks/SiriKitRuntime : 39
PrivateFrameworks/SiriObservation : 69
PrivateFrameworks/SiriOntology : 438
PrivateFrameworks/SiriOntologyProtobuf : 438
PrivateFrameworks/SiriPlaybackControlIntents : 91
PrivateFrameworks/SiriPlaybackControlSupport : 91
PrivateFrameworks/SiriSpeechSynthesis : 247
PrivateFrameworks/SiriTTS : 71
PrivateFrameworks/SiriTasks : 69
PrivateFrameworks/SiriVOX : 47
PrivateFrameworks/SiriVideoIntents : 162
PrivateFrameworks/Slideshows : 537
PrivateFrameworks/SocialAppsCore : 52
PrivateFrameworks/SocialServices : 509
PrivateFrameworks/SocialUI : 52
PrivateFrameworks/SoftLinking : 245
PrivateFrameworks/SoftwareUpdate : 13
PrivateFrameworks/SoftwareUpdateCore : 9
PrivateFrameworks/SoftwareUpdateCoreConnect : 9
PrivateFrameworks/SoftwareUpdateCoreSupport : 9
PrivateFrameworks/SoftwareUpdateMacController : 3
PrivateFrameworks/SpanMatcher : 47
PrivateFrameworks/SpeakerRecognition : 120
PrivateFrameworks/SpeechDictionary : 926
PrivateFrameworks/SpeechObjects : 30
PrivateFrameworks/SpeechRecognitionCommandServices : 14
PrivateFrameworks/SpeechRecognitionCore : 193
PrivateFrameworks/SpotlightLinguistics : 1
PrivateFrameworks/StorageKit : 40
PrivateFrameworks/StorageManagement : 20
PrivateFrameworks/StoreFoundation : 15
PrivateFrameworks/StoreJavaScript : 15
PrivateFrameworks/StoreKitMacHelper : 363
PrivateFrameworks/StoreKitUIMac : 363
PrivateFrameworks/StoreServices : 97
PrivateFrameworks/StoreUI : 15
PrivateFrameworks/StreamingZip : 210
PrivateFrameworks/Suggestions : 150
PrivateFrameworks/SuggestionsSpotlightMetrics : 15
PrivateFrameworks/Symbolication : 191
PrivateFrameworks/SymptomDiagnosticReporter : 70
PrivateFrameworks/SymptomReporter : 97
PrivateFrameworks/Symptoms : 97
PrivateFrameworks/SyncServicesUI : 69
PrivateFrameworks/SyncedDefaults : 1117
PrivateFrameworks/SystemAdministration : 18
PrivateFrameworks/SystemAdministrationInterface : 524
PrivateFrameworks/SystemDesktopAppearance : 264
PrivateFrameworks/SystemMigration : 21
PrivateFrameworks/SystemMigrationNetworking : 21
PrivateFrameworks/SystemMigrationUtils : 21
PrivateFrameworks/SystemPolicy : 35
PrivateFrameworks/SystemUIPlugin : 603
PrivateFrameworks/TCC : 11
PrivateFrameworks/TTYUtilities : 5400
PrivateFrameworks/TVRemoteCore : 29
PrivateFrameworks/TemplateKit : 46
PrivateFrameworks/TextInputMenuUI : 30
PrivateFrameworks/TextRecognition : 179
PrivateFrameworks/TextToSpeech : 268
PrivateFrameworks/TextureIO : 10047
PrivateFrameworks/TimeMachine : 34
PrivateFrameworks/TimeSync : 114
PrivateFrameworks/Timeline : 883
PrivateFrameworks/ToneKit : 45
PrivateFrameworks/ToneLibrary : 45
PrivateFrameworks/Tourist : 910
PrivateFrameworks/Translation : 45
PrivateFrameworks/Transparency : 32
PrivateFrameworks/TransparencyDetailsViewMac : 15
PrivateFrameworks/Trial : 33
PrivateFrameworks/TrialProto : 33
PrivateFrameworks/TrialServer : 33
PrivateFrameworks/TrustEvaluationAgent : 1155
PrivateFrameworks/TrustedPeers : 229
PrivateFrameworks/TuriCore : 90
PrivateFrameworks/UARPiCloud : 129
PrivateFrameworks/UAUPlugin : 1326
PrivateFrameworks/UIKitMacHelper : 84
PrivateFrameworks/UIKitServices : 68
PrivateFrameworks/UIKitSystemAppServices : 27
PrivateFrameworks/UIRecording : 2143
PrivateFrameworks/URLFormatting : 472
PrivateFrameworks/USDKit : 37
PrivateFrameworks/UXKit : 222
PrivateFrameworks/Uninstall : 1313
PrivateFrameworks/UsageTracking : 447
PrivateFrameworks/UserActivity : 79
PrivateFrameworks/UserManagement : 583
PrivateFrameworks/VCXMPP : 1228
PrivateFrameworks/VFX : 232
PrivateFrameworks/VFXBase : 232
PrivateFrameworks/VectorKit : 40
PrivateFrameworks/VideoProcessing : 67
PrivateFrameworks/VideoSubscriberAccountUI : 18
PrivateFrameworks/ViewBridge : 47
PrivateFrameworks/VirtualGarage : 4
PrivateFrameworks/VisionKit : 4394
PrivateFrameworks/VisualPairing : 743
PrivateFrameworks/VisualTestKit : 2418
PrivateFrameworks/VoiceShortcutClient : 48
PrivateFrameworks/VoiceShortcuts : 48
PrivateFrameworks/VoiceTrigger : 5639
PrivateFrameworks/WPDaemon : 332
PrivateFrameworks/WatchdogClient : 408
PrivateFrameworks/WeatherFoundation : 75
PrivateFrameworks/WeatherKit : 291
PrivateFrameworks/WebContentAnalysis : 727
PrivateFrameworks/WebFilterDNS : 727
PrivateFrameworks/WiFiAnalytics : 160
PrivateFrameworks/WiFiCloudSyncEngine : 242
PrivateFrameworks/WiFiPeerToPeer : 213
PrivateFrameworks/WiFiPolicy : 299
PrivateFrameworks/WiFiVelocity : 214
PrivateFrameworks/WildDevices : 106
PrivateFrameworks/WirelessCoexManager : 14
PrivateFrameworks/WirelessDiagnostics : 11844
PrivateFrameworks/WirelessProximity : 332
PrivateFrameworks/WorkflowKit : 48
PrivateFrameworks/WorkflowUIServices : 24
PrivateFrameworks/XARTRecovery : 317
PrivateFrameworks/XCTAutomationSupport : 164
PrivateFrameworks/XCTTargetBootstrap : 164
PrivateFrameworks/XGBoostFramework : 57
PrivateFrameworks/XQuery : 5588
PrivateFrameworks/XprotectFramework : 25
PrivateFrameworks/ZhuGeSupport : 606
PrivateFrameworks/acfs : 170
PrivateFrameworks/acfsSupport : 25
PrivateFrameworks/apfs_boot_mount : 58
PrivateFrameworks/caulk : 943
PrivateFrameworks/iAdCore : 62
PrivateFrameworks/iAdServices : 62
PrivateFrameworks/iCalendar : 150
PrivateFrameworks/iCloudNotification : 715
PrivateFrameworks/iLifeMediaBrowser : 268
PrivateFrameworks/iPod : 597
PrivateFrameworks/iPodSync : 3128
PrivateFrameworks/iPodUpdater : 2745
PrivateFrameworks/iTunesCloud : 14
PrivateFrameworks/iWorkXPC : 815
PrivateFrameworks/kperf : 611
PrivateFrameworks/kperfdata : 611
PrivateFrameworks/ktrace : 36
PrivateFrameworks/login : 14
PrivateFrameworks/oncrpc : 1858
PrivateFrameworks/perfdata : 604
PrivateFrameworks/vCard : 35
PrivateFrameworks/yara : 1095
CoreServices/AddressBookUrlForwarder : 2451
CoreServices/AirPlayUIAgent : 525.24.2
CoreServices/Automator Application Stub : 508
CoreServices/Automator Installer : 508
CoreServices/Bluetooth Setup Assistant : 8.0.0d54
CoreServices/BluetoothUIServer : 8.0.0d54
CoreServices/ClimateProxy : 1693
CoreServices/ControlCenter : 126
CoreServices/ControlStrip : 216
CoreServices/CoreLocationAgent : 2420.3.60
CoreServices/CoreServicesUIAgent : 357
CoreServices/Dock : 2086
CoreServices/Dwell Control : 320
CoreServices/Finder : 1345
CoreServices/HelpViewer : 387
CoreServices/Install in Progress : 1027
CoreServices/Installer Progress : 581
CoreServices/JavaLauncher : 316
CoreServices/Keychain Circle Notification : 59754.40.51
CoreServices/Language Chooser : 619
CoreServices/ManagedClient : 1317
CoreServices/NotificationCenter : 1088
CoreServices/OBEXAgent : 8.0.0d54
CoreServices/Problem Reporter : 15039.1
CoreServices/Screen Time : 491
CoreServices/Setup Assistant : 3046.1
CoreServices/Siri : 201.1.8.1
CoreServices/Software Update : 1402.1
CoreServices/Spotlight : 2146.2
CoreServices/TextInputMenuAgent : 263
CoreServices/TextInputSwitcher : 263
CoreServices/UIKitSystem : 230
CoreServices/UniversalAccessControl : 531
CoreServices/UserNotificationCenter : 64
CoreServices/VoiceOver : 752.1
CoreServices/screencaptureui : 263
Applications/Directory Utility : 429
Applications/Expansion Slot Utility : 2.0
Applications/Screen Sharing : 550.19
Frameworks/ARKit : 144
Frameworks/AVKit : 16
Frameworks/AddressBook : 107
Frameworks/AddressBookUI : 331
Frameworks/AppClip : 70
Frameworks/AssetsLibrary : 150
Frameworks/BusinessChat : 5
Frameworks/CarPlay : 31
Frameworks/ClockKit : 6
Frameworks/ContactsUI : 19
Frameworks/CoreAudioKit : 17
Frameworks/CoreNFC : 26
Frameworks/EventKitUI : 72
Frameworks/GLKit : 298
Frameworks/GameController : 47
Frameworks/GameKit : 59
Frameworks/GameplayKit : 138
Frameworks/HealthKit : 39
Frameworks/HealthKitUI : 39
Frameworks/HomeKit : 18
Frameworks/LinkPresentation : 191
Frameworks/MapKit : 35
Frameworks/Messages : 24
Frameworks/MetalKit : 795
Frameworks/MobileCoreServices : 40
Frameworks/MultipeerConnectivity : 167
Frameworks/NetworkExtensioniOSSupport : 19
Frameworks/NewsstandKit : 1265
Frameworks/OpenAL : 505
Frameworks/OpenGLES : 5
Frameworks/PDFKit : 14
Frameworks/PassKit : 33
Frameworks/PencilKit : 145
Frameworks/PhotosUI : 150
Frameworks/QuickLook : 125
Frameworks/RealityKit : 29
Frameworks/ReplayKit : 68
Frameworks/SceneKit : 16
Frameworks/ScreenTime : 15
Frameworks/Social : 248
Frameworks/SpriteKit : 228
Frameworks/StoreKit : 363
Frameworks/SwiftUI : 4
Frameworks/Twitter : 1005
Frameworks/UIKit : 93
Frameworks/UserNotificationsUI : 30
Frameworks/VisionKit : 1976
Frameworks/WatchConnectivity : 483
Frameworks/WatchKit : 2516
Frameworks/WidgetKit : 43
Frameworks/_MapKit_SwiftUI : 53
Frameworks/_SceneKit_SwiftUI : 19
Frameworks/_SpriteKit_SwiftUI : 253
Frameworks/iAd : 62
PrivateFrameworks/AVKitMacHelper : 16
PrivateFrameworks/ActionKit : 14
PrivateFrameworks/ActionKitUI : 45
PrivateFrameworks/ActivityRingsUI : 706
PrivateFrameworks/AdPlatformsCommonUI : 15
PrivateFrameworks/AddressBookLegacy : 1947
PrivateFrameworks/AnnotationKit : 268
PrivateFrameworks/AppAnalytics : 20
PrivateFrameworks/AppSupportUI : 541
PrivateFrameworks/AppleMediaServicesUIDynamic : 42
PrivateFrameworks/AvatarKit : 14
PrivateFrameworks/AvatarUI : 30
PrivateFrameworks/BaseBoardUI : 94
PrivateFrameworks/CalendarUIKit : 15
PrivateFrameworks/ChatKit : 24
PrivateFrameworks/ChronoKit : 43
PrivateFrameworks/ContactsAutocompleteUI : 29
PrivateFrameworks/ContentKit : 14
PrivateFrameworks/CoreChart : 136
PrivateFrameworks/CorePDF : 250
PrivateFrameworks/CoreRecognition : 85
PrivateFrameworks/CoreSpotlightCatalystExtensionSupport : 1
PrivateFrameworks/CoreSuggestionsUI : 12
PrivateFrameworks/CryptoTokenKitExtensionSDK : 112
PrivateFrameworks/DataDetectorsUI : 183
PrivateFrameworks/DocumentCamera : 781
PrivateFrameworks/DocumentManager : 62
PrivateFrameworks/DocumentManagerCore : 62
PrivateFrameworks/EmojiKit : 340
PrivateFrameworks/FMCoreUI : 63
PrivateFrameworks/FMFUI : 216
PrivateFrameworks/FrontBoard : 27
PrivateFrameworks/GameCenterUI : 27
PrivateFrameworks/HealthDaemon : 39
PrivateFrameworks/HelpKit : 1137
PrivateFrameworks/Home : 99
PrivateFrameworks/HomeKit : 18
PrivateFrameworks/HomeRecommendationEngine : 99
PrivateFrameworks/HomeUI : 99
PrivateFrameworks/IMAssistantCore : 18
PrivateFrameworks/IMCore : 18
PrivateFrameworks/IMDPersistence : 18
PrivateFrameworks/IMSharedUI : 24
PrivateFrameworks/IMSharedUtilities : 18
PrivateFrameworks/IMTranscoding : 18
PrivateFrameworks/InAppMessages : 431
PrivateFrameworks/IntlPreferences : 14
PrivateFrameworks/JITAppKit : 914
PrivateFrameworks/Jet : 280
PrivateFrameworks/JetEngine : 24
PrivateFrameworks/JetUI : 30
PrivateFrameworks/ManagedConfiguration : 141
PrivateFrameworks/MarkupUI : 268
PrivateFrameworks/MobileTimer : 215
PrivateFrameworks/MobileTimerUI : 215
PrivateFrameworks/NanoRegistry : 465
PrivateFrameworks/NetAppsUtilitiesUI : 3874
PrivateFrameworks/NewsAds : 6
PrivateFrameworks/NewsAppKit : 6
PrivateFrameworks/NewsPersonalization : 6
PrivateFrameworks/OnBoardingKit : 35
PrivateFrameworks/PassKitServices : 33
PrivateFrameworks/PassKitUI : 9
PrivateFrameworks/PassKitUIFoundation : 17
PrivateFrameworks/PencilKit : 145
PrivateFrameworks/PersonaUI : 376
PrivateFrameworks/PhotoLibrary : 150
PrivateFrameworks/PhotosPlayer : 150
PrivateFrameworks/PhotosUICore : 150
PrivateFrameworks/PodcastsUI : 30
PrivateFrameworks/PromotedContent : 21
PrivateFrameworks/PromotedContentProxy : 15
PrivateFrameworks/PromotedContentUI : 21
PrivateFrameworks/QuickLookThumbnailingExtension : 54
PrivateFrameworks/RapportUI : 125
PrivateFrameworks/ScreenTimeUI : 14
PrivateFrameworks/SearchToShareCore : 321
PrivateFrameworks/Stocks : 964
PrivateFrameworks/TSReading : 190
PrivateFrameworks/TSUtility : 190
PrivateFrameworks/TeaCharts : 43
PrivateFrameworks/TeaDB : 43
PrivateFrameworks/TeaFoundation : 43
PrivateFrameworks/TeaSettings : 43
PrivateFrameworks/TeaSnappy : 43
PrivateFrameworks/TeaTemplate : 43
PrivateFrameworks/TeaUI : 43
PrivateFrameworks/TeaUIKit : 43
PrivateFrameworks/TextInputUI : 45
PrivateFrameworks/TouchML : 1127
PrivateFrameworks/TransparencyDetailsView : 15
PrivateFrameworks/UIKitCore : 84
PrivateFrameworks/UIKitMacHelper : 84
PrivateFrameworks/UIKitServices : 68
PrivateFrameworks/UserNotificationsExtensionPoint : 26
PrivateFrameworks/VisualPairing : 306
PrivateFrameworks/VoiceMemos : 36
PrivateFrameworks/VoiceShortcutClient : 14
PrivateFrameworks/VoiceShortcuts : 14
PrivateFrameworks/Weather : 57
PrivateFrameworks/WeatherCharts : 57
PrivateFrameworks/WorkflowEditor : 45
PrivateFrameworks/WorkflowKit : 14
PrivateFrameworks/WorkflowUI : 45
PrivateFrameworks/WorkflowUICore : 45
PrivateFrameworks/WorkflowUIServices : 14
PrivateFrameworks/XavierCore : 6
PrivateFrameworks/XavierNews : 6
