Applications/Bootstrap Studio : 5.2.1
Applications/GarageBand : 5305
Applications/Google Chrome : 4147.89
Applications/Hex Fiend : 1593833290
Applications/HiddenMe : 44
Applications/Keynote : 6913
Applications/Launchpad Manager : 1.0.10
Applications/MacUpdater : 8455
Applications/Numbers : 6913
Applications/Pages : 6913
Applications/Parallels Desktop : 47270
Applications/RunCat : 8.1.0
Applications/Safari : 16610.1.21.1.2
Applications/Sparkle : 4336
Applications/Spotify : 1.1.36.734.g8731c306-34
Applications/Xcode-beta : 17189.4
Applications/Xcode : 16141
Applications/iTerm : 3.4.0beta1
Applications/mtgaprotracker : 2.1.7
Utilities/Feedback Assistant : 441
Applications/App Store : 1005.0.78
Applications/Automator : 502
Applications/Books : 2129
Applications/Calculator : 223
Applications/Calendar : 2797
Applications/Contacts : 2442
Applications/Dictionary : 261
Applications/FindMy : 163.0.1
Applications/Font Book : 371.1
Applications/Home : 444.0.0.4
Applications/Launchpad : 52
Applications/Mail : 3649
Applications/Maps : 2591.20.7.1.6
Applications/Mission Control : 52
Applications/News : 2558.1
Applications/Notes : 1739.1
Applications/Photo Booth : 1120
Applications/Photos : 301.0.112
Applications/Podcasts : 1500.33
Applications/Preview : 1011
Applications/QuickTime Player : 1061.0.1
Applications/Reminders : 2138
Applications/Siri : 52
Applications/Stocks : 618.1
Applications/Time Machine : 52
Utilities/Activity Monitor : 1084
Utilities/Bluetooth File Exchange : 8.0.0d41
Utilities/Boot Camp Assistant : 6266
Utilities/ColorSync Utility : 329
Utilities/Console : 5.0.9
Utilities/Digital Color Meter : 5.18
Utilities/Disk Utility : 1711
Utilities/Keychain Access : 55281
Utilities/Migration Assistant : 11.0
Utilities/Screenshot : 52
Utilities/Script Editor : 219
Utilities/Terminal : 437
Utilities/VoiceOver Utility : 739.1
Frameworks/AGL : 1322
Frameworks/AVFoundation : 1
Frameworks/AVKit : 12
Frameworks/Accelerate : 480
Frameworks/Accessibility : 643
Frameworks/Accounts : 480
Frameworks/AdSupport : 12
Frameworks/AppTrackingTransparency : 12
Frameworks/AppleDCPMCDP29XX : 4362
Frameworks/AppleScriptKit : 949
Frameworks/AppleScriptObjC : 41
Frameworks/ApplicationServices : 1491
Frameworks/AudioVideoBridging : 164
Frameworks/AutomaticAssessmentConfiguration : 56
Frameworks/Automator : 49
Frameworks/BackgroundTasks : 456
Frameworks/BusinessChat : 198
Frameworks/CFNetwork : 367
Frameworks/CalendarStore : 611
Frameworks/CallKit : 485
Frameworks/Carbon : 2247
Frameworks/ClassKit : 204
Frameworks/CloudKit : 129
Frameworks/Cocoa : 14375
Frameworks/Collaboration : 229
Frameworks/ColorSync : 248
Frameworks/Combine : 118
Frameworks/Contacts : 4
Frameworks/CoreAudio : 269
Frameworks/CoreAudioKit : 407
Frameworks/CoreBluetooth : 209
Frameworks/CoreData : 87
Frameworks/CoreDisplay : 9
Frameworks/CoreFoundation : 116
Frameworks/CoreGraphics : 3
Frameworks/CoreHaptics : 508
Frameworks/CoreImage : 56
Frameworks/CoreLocation : 401
Frameworks/CoreMIDI : 619
Frameworks/CoreMIDIServer : 619
Frameworks/CoreML : 349
Frameworks/CoreMediaIO : 194
Frameworks/CoreMotion : 401
Frameworks/CoreServices : 3
Frameworks/CoreTelephony : 492
Frameworks/CoreText : 285
Frameworks/CoreVideo : 552
Frameworks/CoreWLAN : 14
Frameworks/CryptoKit : 1722
Frameworks/CryptoTokenKit : 501
Frameworks/DVDPlayback : 26
Frameworks/DeveloperToolsSupport : 1668
Frameworks/DeviceCheck : 696
Frameworks/DirectoryService : 68
Frameworks/DiscRecording : 279
Frameworks/DiscRecordingUI : 279
Frameworks/DiskArbitration : 13
Frameworks/DriverKit : 92
Frameworks/ExceptionHandling : 531
Frameworks/ExecutionPolicy : 14
Frameworks/ExternalAccessory : 608
Frameworks/FWAUserLib : 41
Frameworks/FileProviderUI : 157
Frameworks/ForceFeedback : 4562
Frameworks/Foundation : 117
Frameworks/GLKit : 13
Frameworks/GLUT : 370
Frameworks/GameController : 525
Frameworks/GameKit : 89
Frameworks/GameplayKit : 30
Frameworks/HIDDriverKit : 93
Frameworks/Hypervisor : 102
Frameworks/ICADevices : 16
Frameworks/IMServicePlugIn : 10
Frameworks/IOKit : 680
Frameworks/IOSurface : 640
Frameworks/IOUSBHost : 538
Frameworks/IdentityLookup : 485
Frameworks/ImageCaptureCore : 16
Frameworks/ImageIO : 339
Frameworks/InputMethodKit : 55
Frameworks/InstallerPlugins : 60
Frameworks/InstantMessage : 11777
Frameworks/Intents : 383
Frameworks/JavaNativeFoundation : 301
Frameworks/JavaRuntimeSupport : 281
Frameworks/JavaVM : 126
Frameworks/Kerberos : 303
Frameworks/LDAP : 220
Frameworks/LatentSemanticMapping : 3822
Frameworks/LinkPresentation : 1353
Frameworks/LocalAuthentication : 517
Frameworks/MLCompute : 177
Frameworks/MapKit : 11
Frameworks/MediaAccessibility : 1049
Frameworks/MediaLibrary : 29
Frameworks/Message : 13375
Frameworks/MetalKit : 2645
Frameworks/MetalPerformanceShaders : 11
Frameworks/MetalPerformanceShadersGraph : 205
Frameworks/MetricKit : 305
Frameworks/ModelIO : 735
Frameworks/MultipeerConnectivity : 1109
Frameworks/NaturalLanguage : 278
Frameworks/NearbyInteraction : 548
Frameworks/NetFS : 3
Frameworks/Network : 29
Frameworks/NetworkExtension : 1073
Frameworks/NetworkingDriverKit : 2559
Frameworks/OSAKit : 152
Frameworks/OSLog : 3
Frameworks/OpenAL : 1033
Frameworks/OpenCL : 48
Frameworks/OpenDirectory : 68
Frameworks/OpenGL : 17
Frameworks/PCIDriverKit : 1
Frameworks/PCSC : 17
Frameworks/PDFKit : 16
Frameworks/ParavirtualizedGraphics : 283
Frameworks/PassKit : 1267
Frameworks/PencilKit : 293
Frameworks/Photos : 3
Frameworks/PreferencePanes : 33
Frameworks/PushKit : 714
Frameworks/Python : 56
Frameworks/QTKit : 2263
Frameworks/Quartz : 213
Frameworks/QuickLookThumbnailing : 3
Frameworks/RealityKit : 281
Frameworks/ReplayKit : 9
Frameworks/Ruby : 19
Frameworks/SceneKit : 686
Frameworks/ScreenSaver : 153
Frameworks/ScreenTime : 38
Frameworks/ScriptingBridge : 566
Frameworks/Security : 359
Frameworks/SecurityFoundation : 4470
Frameworks/SecurityInterface : 467
Frameworks/SensorKit : 95
Frameworks/ServiceManagement : 499
Frameworks/Social : 1167
Frameworks/SoundAnalysis : 1104
Frameworks/Speech : 375
Frameworks/SpriteKit : 482
Frameworks/SyncServices : 9948
Frameworks/System : 12028
Frameworks/SystemConfiguration : 981
Frameworks/SystemExtensions : 41
Frameworks/TWAIN : 555
Frameworks/Tcl : 2669
Frameworks/Tk : 2669
Frameworks/USBDriverKit : 538
Frameworks/UniformTypeIdentifiers : 42
Frameworks/UserNotifications : 357
Frameworks/UserNotificationsUI : 13
Frameworks/VideoDecodeAcceleration : 5885
Frameworks/VideoSubscriberAccount : 523
Frameworks/Virtualization : 13
Frameworks/Vision : 482
Frameworks/WebKit : 4
Frameworks/WidgetKit : 2
Frameworks/_MapKit_SwiftUI : 43
Frameworks/_SceneKit_SwiftUI : 1024
Frameworks/vecLib : 480
Frameworks/vmnet : 62
PrivateFrameworks/AACCore : 28
PrivateFrameworks/ACDEClient : 741
PrivateFrameworks/AFKUser : 736
PrivateFrameworks/AGXCompilerCore : 82
PrivateFrameworks/AGXGPURawCounter : 82
PrivateFrameworks/ANECompiler : 1
PrivateFrameworks/ANEHostCompiler : 1
PrivateFrameworks/ANEServices : 432
PrivateFrameworks/AOSAccounts : 126
PrivateFrameworks/AOSAccountsLite : 126
PrivateFrameworks/AOSKit : 72
PrivateFrameworks/APTransport : 69
PrivateFrameworks/ASEProcessing : 256
PrivateFrameworks/ASOctaneSupport : 11
PrivateFrameworks/AVFCapture : 5
PrivateFrameworks/AXAssetLoader : 628
PrivateFrameworks/AXCoreUtilities : 628
PrivateFrameworks/AXHearingCoreSupport : 5050
PrivateFrameworks/AXHearingSupport : 5050
PrivateFrameworks/AXMediaUtilities : 632
PrivateFrameworks/AXRuntime : 628
PrivateFrameworks/AccessibilityPerformance : 11
PrivateFrameworks/AccessibilityPlatformTranslation : 643
PrivateFrameworks/AccessibilitySharedSupport : 643
PrivateFrameworks/AccessibilitySupport : 11
PrivateFrameworks/AccessoryNowPlaying : 260
PrivateFrameworks/AccountPolicy : 837
PrivateFrameworks/AccountsDaemon : 480
PrivateFrameworks/AccountsUI : 15
PrivateFrameworks/ActionKit : 712
PrivateFrameworks/AdAnalytics : 14
PrivateFrameworks/AdCore : 13
PrivateFrameworks/AdID : 13
PrivateFrameworks/AdPlatforms : 13
PrivateFrameworks/AdPlatformsCommon : 13
PrivateFrameworks/AdPlatformsInternal : 13
PrivateFrameworks/Admin : 125
PrivateFrameworks/AggregateDictionary : 261
PrivateFrameworks/AggregateDictionaryHistory : 261
PrivateFrameworks/AirPlayReceiver : 27
PrivateFrameworks/AirPlaySender : 27
PrivateFrameworks/AirPlaySupport : 69
PrivateFrameworks/AirTrafficHost : 10
PrivateFrameworks/AlgosScoreFramework : 970
PrivateFrameworks/AmbientDisplay : 428
PrivateFrameworks/AnnotationKit : 440
PrivateFrameworks/AppAttestInternal : 696
PrivateFrameworks/AppSSO : 54
PrivateFrameworks/AppSSOCore : 54
PrivateFrameworks/AppSSOKerberos : 54
PrivateFrameworks/AppSSOUI : 54
PrivateFrameworks/AppServerSupport : 501
PrivateFrameworks/AppStoreComponents : 371
PrivateFrameworks/AppStoreKit : 1184
PrivateFrameworks/AppStoreUI : 60
PrivateFrameworks/AppSupport : 984
PrivateFrameworks/AppSupportUI : 648
PrivateFrameworks/Apple80211 : 14
PrivateFrameworks/AppleAppSupport : 213
PrivateFrameworks/AppleFSCompression : 2516
PrivateFrameworks/AppleFirmwareUpdate : 358
PrivateFrameworks/AppleHIDTransportSupport : 220
PrivateFrameworks/AppleIDAuthSupport : 102
PrivateFrameworks/AppleIDSSOAuthentication : 1266
PrivateFrameworks/AppleJPEG : 42
PrivateFrameworks/AppleLDAP : 963
PrivateFrameworks/AppleMediaServices : 845
PrivateFrameworks/AppleMediaServicesUI : 292
PrivateFrameworks/AppleMediaServicesUIDynamic : 595
PrivateFrameworks/AppleNeuralEngine : 557
PrivateFrameworks/ApplePDPHelper : 8929
PrivateFrameworks/ApplePushService : 526
PrivateFrameworks/AppleSRP : 13377
PrivateFrameworks/AppleSauce : 1139
PrivateFrameworks/AppleScript : 59
PrivateFrameworks/AppleServiceToolkit : 1333
PrivateFrameworks/AppleShareClientCore : 221
PrivateFrameworks/AppleSystemInfo : 32
PrivateFrameworks/AppleVA : 25
PrivateFrameworks/AppleVPA : 4
PrivateFrameworks/AskPermission : 354
PrivateFrameworks/AssertionServices : 87
PrivateFrameworks/AssetCacheServices : 1365
PrivateFrameworks/AssetCacheServicesExtensions : 1365
PrivateFrameworks/AssetViewer : 263
PrivateFrameworks/AssetsLibraryServices : 3
PrivateFrameworks/AssistantServices : 505
PrivateFrameworks/AssistiveControlSupport : 12
PrivateFrameworks/AttributeGraph : 3
PrivateFrameworks/AudioAnalytics : 501
PrivateFrameworks/AudioDSPManager : 233
PrivateFrameworks/AudioHistory : 233
PrivateFrameworks/AudioPasscode : 851
PrivateFrameworks/AudioResourceArbitration : 186
PrivateFrameworks/AudioServerApplication : 2495
PrivateFrameworks/AudioServerDriver : 2495
PrivateFrameworks/AudioSession : 489
PrivateFrameworks/AudioTransportCommon : 533
PrivateFrameworks/AuthKit : 489
PrivateFrameworks/AuthKitUI : 408
PrivateFrameworks/AutoBugCaptureCore : 326
PrivateFrameworks/AutoLoop : 2573
PrivateFrameworks/BackBoardServices : 27
PrivateFrameworks/BackgroundTaskManagement : 214
PrivateFrameworks/BaseBoard : 397
PrivateFrameworks/BatteryUIKit : 10
PrivateFrameworks/BehaviorMiner : 55
PrivateFrameworks/BezelServices : 614
PrivateFrameworks/BioKitAggD : 11715
PrivateFrameworks/BiomeFoundation : 327
PrivateFrameworks/BiomePubSub : 327
PrivateFrameworks/BiomeStorage : 327
PrivateFrameworks/BiomeStreams : 327
PrivateFrameworks/BiometricKit : 402
PrivateFrameworks/BiometricKitUI : 43
PrivateFrameworks/BiometricSupport : 343
PrivateFrameworks/BlastDoor : 529
PrivateFrameworks/BluetoothManager : 209
PrivateFrameworks/BluetoothServices : 7
PrivateFrameworks/BoardServices : 397
PrivateFrameworks/Bom : 293
PrivateFrameworks/Bootability : 34
PrivateFrameworks/BridgeOSInstall : 33
PrivateFrameworks/BridgeOSInstallReporting : 33
PrivateFrameworks/BridgeOSObliteration : 1132
PrivateFrameworks/BridgeOSSoftwareUpdate : 596
PrivateFrameworks/BridgeXPC : 3863
PrivateFrameworks/BrightnessControl : 17
PrivateFrameworks/BulkSymbolication : 47
PrivateFrameworks/ByteRangeLocking : 3472
PrivateFrameworks/C2 : 381
PrivateFrameworks/CDDataAccess : 12
PrivateFrameworks/CDDataAccessExpress : 12
PrivateFrameworks/CMCapture : 6
PrivateFrameworks/CMCaptureCore : 5
PrivateFrameworks/CPAnalytics : 3
PrivateFrameworks/CPMLBestShim : 3008
PrivateFrameworks/CPMS : 1660
PrivateFrameworks/CVNLP : 161
PrivateFrameworks/CalDAV : 165
PrivateFrameworks/Calculate : 77
PrivateFrameworks/CalendarAgent : 66
PrivateFrameworks/CalendarAgentLink : 435
PrivateFrameworks/CalendarDraw : 71
PrivateFrameworks/CalendarNotification : 13
PrivateFrameworks/CalendarPersistence : 59
PrivateFrameworks/CalendarUI : 15
PrivateFrameworks/CalendarUIKit : 13
PrivateFrameworks/CalendarWidget : 59
PrivateFrameworks/CallHistory : 593
PrivateFrameworks/CameraImagingFramework : 5712
PrivateFrameworks/CaptiveNetwork : 406
PrivateFrameworks/CardKit : 411
PrivateFrameworks/CardServices : 411
PrivateFrameworks/Cards : 411
PrivateFrameworks/Catalyst : 2010
PrivateFrameworks/Categories : 533
PrivateFrameworks/CharacterPicker : 14
PrivateFrameworks/ChronoKit : 2
PrivateFrameworks/ChronoServices : 2
PrivateFrameworks/ChunkingLibrary : 238
PrivateFrameworks/ClassKit : 204
PrivateFrameworks/ClassKitUI : 204
PrivateFrameworks/ClassroomKit : 386
PrivateFrameworks/ClockMenuExtraPreferences : 49
PrivateFrameworks/CloudDocs : 194
PrivateFrameworks/CloudDocsDaemon : 13
PrivateFrameworks/CloudFamilyRestrictions : 49
PrivateFrameworks/CloudFamilyRestrictionsDaemon : 49
PrivateFrameworks/CloudKitCode : 222
PrivateFrameworks/CloudKitCodeProtobuf : 222
PrivateFrameworks/CloudKitDaemon : 146
PrivateFrameworks/CloudPhotoLibrary : 3
PrivateFrameworks/CloudPhotoServices : 3
PrivateFrameworks/CloudPhotoServicesConfiguration : 3
PrivateFrameworks/CloudServices : 115
PrivateFrameworks/Coherence : 2374
PrivateFrameworks/CombineCocoa : 118
PrivateFrameworks/CommerceKit : 60
PrivateFrameworks/CommonUtilities : 8333
PrivateFrameworks/CommunicationsFilter : 2235
PrivateFrameworks/ConditionInducer : 2692
PrivateFrameworks/ConfigProfileHelper : 74
PrivateFrameworks/ConfigurationEngineModel : 522
PrivateFrameworks/ConfigurationProfiles : 74
PrivateFrameworks/ConsoleKit : 1
PrivateFrameworks/ConstantClasses : 181
PrivateFrameworks/ContactsAgent : 207
PrivateFrameworks/ContactsAssistantServices : 4009
PrivateFrameworks/ContactsAutocomplete : 899
PrivateFrameworks/ContactsAutocompleteUI : 4
PrivateFrameworks/ContactsDonation : 4
PrivateFrameworks/ContactsDonationFeedback : 4
PrivateFrameworks/ContactsFoundation : 4
PrivateFrameworks/ContactsUIMacHelper : 4
PrivateFrameworks/ContentKit : 712
PrivateFrameworks/ContextKit : 63
PrivateFrameworks/ContextKitExtraction : 59
PrivateFrameworks/CoreADI : 34
PrivateFrameworks/CoreAUC : 55
PrivateFrameworks/CoreAVCHD : 3752
PrivateFrameworks/CoreAccessories : 260
PrivateFrameworks/CoreAnalytics : 1657
PrivateFrameworks/CoreAppleCVA : 478
PrivateFrameworks/CoreAutoLayout : 137
PrivateFrameworks/CoreBrightness : 547
PrivateFrameworks/CoreCDP : 514
PrivateFrameworks/CoreCDPInternal : 514
PrivateFrameworks/CoreCDPUI : 514
PrivateFrameworks/CoreCapture : 97
PrivateFrameworks/CoreCaptureControl : 97
PrivateFrameworks/CoreCaptureDaemon : 97
PrivateFrameworks/CoreChart : 191
PrivateFrameworks/CoreDAV : 578
PrivateFrameworks/CoreDaemon : 384
PrivateFrameworks/CoreEmoji : 25
PrivateFrameworks/CoreFP : 1
PrivateFrameworks/CoreFollowUp : 343
PrivateFrameworks/CoreFollowUpUI : 343
PrivateFrameworks/CoreHandwriting : 397
PrivateFrameworks/CoreHapticsTools : 3589
PrivateFrameworks/CoreKDL : 211
PrivateFrameworks/CoreKE : 1
PrivateFrameworks/CoreKnowledge : 612
PrivateFrameworks/CoreLSKD : 33
PrivateFrameworks/CoreLSKDMSE : 522
PrivateFrameworks/CoreLocationProtobuf : 323
PrivateFrameworks/CoreMLTestFramework : 99
PrivateFrameworks/CoreMaterial : 516
PrivateFrameworks/CoreMediaStream : 3
PrivateFrameworks/CoreNLP : 231
PrivateFrameworks/CoreNameParser : 926
PrivateFrameworks/CoreNavigation : 318
PrivateFrameworks/CoreOptimization : 3008
PrivateFrameworks/CorePDF : 3188
PrivateFrameworks/CoreParsec : 83
PrivateFrameworks/CorePhoneNumbers : 123
PrivateFrameworks/CorePrediction : 3008
PrivateFrameworks/CoreRC : 345
PrivateFrameworks/CoreRE : 283
PrivateFrameworks/CoreRecents : 4
PrivateFrameworks/CoreRecognition : 448
PrivateFrameworks/CoreRoutine : 2197
PrivateFrameworks/CoreSDB : 920
PrivateFrameworks/CoreSVG : 217
PrivateFrameworks/CoreServicesInternal : 299
PrivateFrameworks/CoreSpeech : 426
PrivateFrameworks/CoreSuggestions : 14
PrivateFrameworks/CoreSuggestionsInternals : 14
PrivateFrameworks/CoreSuggestionsML : 14
PrivateFrameworks/CoreSuggestionsUI : 14
PrivateFrameworks/CoreSymbolication : 86
PrivateFrameworks/CoreThemeDefinition : 78
PrivateFrameworks/CoreTime : 600
PrivateFrameworks/CoreUARP : 358
PrivateFrameworks/CoreUI : 1
PrivateFrameworks/CoreUtils : 586
PrivateFrameworks/CoreUtilsSwift : 2230
PrivateFrameworks/CoreUtilsUI : 570
PrivateFrameworks/CoreWLANKit : 14
PrivateFrameworks/CoreWiFi : 54
PrivateFrameworks/CrashReporterSupport : 11
PrivateFrameworks/CreateML : 17
PrivateFrameworks/CryptoKitCBridging : 1722
PrivateFrameworks/CryptoKitPrivate : 1722
PrivateFrameworks/DAAPKit : 4078
PrivateFrameworks/DASDaemon : 456
PrivateFrameworks/DCERPC : 382
PrivateFrameworks/DCIMServices : 3
PrivateFrameworks/DFRBrightness : 547
PrivateFrameworks/DFRDisplay : 263
PrivateFrameworks/DSExternalDisplay : 489
PrivateFrameworks/DTXConnectionServices : 453
PrivateFrameworks/DVD : 15215
PrivateFrameworks/DataDetectors : 11
PrivateFrameworks/DataDetectorsCore : 475
PrivateFrameworks/DataDetectorsNaturalLanguage : 1348
PrivateFrameworks/DebugSymbols : 2983
PrivateFrameworks/DesktopServicesPriv : 84
PrivateFrameworks/DeviceCheckInternal : 696
PrivateFrameworks/DeviceIdentity : 452
PrivateFrameworks/DeviceLink : 1051
PrivateFrameworks/DeviceManagement : 522
PrivateFrameworks/DeviceToDeviceManager : 12580
PrivateFrameworks/DiagnosticExtensions : 1089
PrivateFrameworks/DiagnosticExtensionsDaemon : 707
PrivateFrameworks/DiagnosticLogCollection : 16
PrivateFrameworks/DiagnosticRequest : 119
PrivateFrameworks/DiagnosticRequestService : 326
PrivateFrameworks/DiagnosticsKit : 685
PrivateFrameworks/DialogEngine : 85
PrivateFrameworks/DifferentialPrivacy : 124
PrivateFrameworks/DigitalTouchShared : 127
PrivateFrameworks/DirectoryEditor : 437
PrivateFrameworks/DirectoryServer : 11773
PrivateFrameworks/DiskImages : 764
PrivateFrameworks/DiskImages2 : 1233
PrivateFrameworks/DiskManagement : 21
PrivateFrameworks/DisplayServices : 575
PrivateFrameworks/DisplayTransportServices : 2547
PrivateFrameworks/DistributedEvaluation : 1018
PrivateFrameworks/DocumentCamera : 591
PrivateFrameworks/DrawingKit : 440
PrivateFrameworks/DuetActivityScheduler : 456
PrivateFrameworks/EAFirmwareUpdater : 358
PrivateFrameworks/EAP8021X : 1000
PrivateFrameworks/EFILogin : 124
PrivateFrameworks/EasyConfig : 586
PrivateFrameworks/EmbeddedAcousticRecognition : 89
PrivateFrameworks/EmbeddedOSInstall : 125
PrivateFrameworks/EmbeddedOSSupportHost : 355
PrivateFrameworks/EmbeddedSensingProtocols : 2367
PrivateFrameworks/EmojiFoundation : 747
PrivateFrameworks/Engram : 16
PrivateFrameworks/Espresso : 253
PrivateFrameworks/ExchangeSync : 483
PrivateFrameworks/ExchangeWebServices : 25
PrivateFrameworks/ExpansionSlotSupport : 325
PrivateFrameworks/ExtensionFoundation : 326
PrivateFrameworks/ExtensionKit : 326
PrivateFrameworks/FMClient : 3715
PrivateFrameworks/FMCore : 4479
PrivateFrameworks/FMCoreLite : 3980
PrivateFrameworks/FMCoreUI : 1051
PrivateFrameworks/FMF : 1412
PrivateFrameworks/FMFCore : 316
PrivateFrameworks/FMFUI : 1412
PrivateFrameworks/FMIPCore : 316
PrivateFrameworks/FMNetworking : 736
PrivateFrameworks/FTAWD : 16
PrivateFrameworks/FTClientServices : 66
PrivateFrameworks/FTServices : 66
PrivateFrameworks/FWAVC : 194
PrivateFrameworks/FaceCore : 42
PrivateFrameworks/FamilyCircle : 117
PrivateFrameworks/FamilyCircleUI : 117
PrivateFrameworks/FamilyControls : 65
PrivateFrameworks/FamilyNotification : 117
PrivateFrameworks/FeatureFlags : 2683
PrivateFrameworks/FeatureFlagsSupport : 2683
PrivateFrameworks/FeedbackLogger : 396
PrivateFrameworks/FileProviderDaemon : 13
PrivateFrameworks/FilesActionsUI : 157
PrivateFrameworks/FindMyDevice : 28
PrivateFrameworks/FindMyDeviceUI : 378
PrivateFrameworks/FindMyMac : 363
PrivateFrameworks/FlightUtilities : 137
PrivateFrameworks/FlightUtilitiesCore : 137
PrivateFrameworks/FlowFrameKit : 80
PrivateFrameworks/FolderActionsKit : 167
PrivateFrameworks/FontServices : 989
PrivateFrameworks/FoundInAppsPlugins : 176
PrivateFrameworks/FoundationODR : 11
PrivateFrameworks/FrontBoardServices : 45
PrivateFrameworks/FuseBoard : 1
PrivateFrameworks/FuseBoardServices : 1
PrivateFrameworks/Futhark : 252
PrivateFrameworks/GPURawCounter : 11
PrivateFrameworks/GPUSupport : 17
PrivateFrameworks/GPUWrangler : 11
PrivateFrameworks/GameCenterFoundation : 89
PrivateFrameworks/GameCenterUI : 89
PrivateFrameworks/GameCenterUICore : 89
PrivateFrameworks/GenerationalStorage : 451
PrivateFrameworks/GeoKit : 724
PrivateFrameworks/GeoServices : 10
PrivateFrameworks/GraphKit : 13665
PrivateFrameworks/GraphVisualizer : 4765
PrivateFrameworks/GraphicsServices : 1364
PrivateFrameworks/H10ISPServices : 128
PrivateFrameworks/HDAInterface : 1389
PrivateFrameworks/HDRProcessing : 427
PrivateFrameworks/HID : 428
PrivateFrameworks/HIDAnalytics : 93
PrivateFrameworks/HIDDisplay : 93
PrivateFrameworks/HIDPreferences : 93
PrivateFrameworks/HMFoundation : 415
PrivateFrameworks/HTTPServer : 2449
PrivateFrameworks/HearingCore : 447
PrivateFrameworks/HearingUtilities : 447
PrivateFrameworks/Helium : 35
PrivateFrameworks/HelloWorldMacHelper : 1
PrivateFrameworks/HelpData : 2069
PrivateFrameworks/HomeAI : 275
PrivateFrameworks/HomeAutomationInternal : 1961
PrivateFrameworks/IAP : 2618
PrivateFrameworks/IASUtilities : 112
PrivateFrameworks/IDS : 66
PrivateFrameworks/IDSFoundation : 66
PrivateFrameworks/IDSHashPersistence : 861
PrivateFrameworks/IDSKVStore : 861
PrivateFrameworks/IDSSystemPreferencesSignIn : 66
PrivateFrameworks/IMAVCore : 1887
PrivateFrameworks/IMAssistantCore : 10
PrivateFrameworks/IMCore : 10
PrivateFrameworks/IMCorePipeline : 10
PrivateFrameworks/IMDMessageServices : 10
PrivateFrameworks/IMDPersistence : 10
PrivateFrameworks/IMDaemonCore : 10
PrivateFrameworks/IMFoundation : 16
PrivateFrameworks/IMSharedUI : 17
PrivateFrameworks/IMSharedUtilities : 10
PrivateFrameworks/IMTranscoderAgent : 10
PrivateFrameworks/IMTranscoding : 10
PrivateFrameworks/IMTransferAgent : 10
PrivateFrameworks/IMTransferServices : 16
PrivateFrameworks/IOCEC : 13637
PrivateFrameworks/IOGPU : 145
PrivateFrameworks/IOImageLoader : 1111
PrivateFrameworks/IOKitten : 533
PrivateFrameworks/IOMobileFramebuffer : 1
PrivateFrameworks/IOPlatformPluginFamily : 219
PrivateFrameworks/IOPresentment : 10
PrivateFrameworks/IOSurfaceAccelerator : 1481
PrivateFrameworks/ISSupport : 11633
PrivateFrameworks/IconFoundation : 4
PrivateFrameworks/IconServices : 4
PrivateFrameworks/IdleTimerServices : 503
PrivateFrameworks/InAppMessages : 69
PrivateFrameworks/InAppMessagesCore : 398
PrivateFrameworks/IncomingCallFilter : 2235
PrivateFrameworks/InertiaCam : 298
PrivateFrameworks/InputContext : 401
PrivateFrameworks/InputTranscoder : 1673
PrivateFrameworks/Install : 24
PrivateFrameworks/InstallCoordination : 456
PrivateFrameworks/InstallerDiagnostics : 2167
PrivateFrameworks/IntentsCore : 383
PrivateFrameworks/IntentsFoundation : 383
PrivateFrameworks/IntentsServices : 383
PrivateFrameworks/InternalSwiftProtobuf : 2095
PrivateFrameworks/InternationalSupport : 173
PrivateFrameworks/InternationalTextSearch : 506
PrivateFrameworks/InternetAccounts : 355
PrivateFrameworks/IntlPreferences : 572
PrivateFrameworks/JavaLaunching : 48
PrivateFrameworks/JavaScriptAppleEvents : 42
PrivateFrameworks/JavaScriptOSA : 42
PrivateFrameworks/Jet : 30
PrivateFrameworks/JetEngine : 516
PrivateFrameworks/JetUI : 590
PrivateFrameworks/KerberosHelper : 3699
PrivateFrameworks/KeyboardServices : 315
PrivateFrameworks/KeychainCircle : 359
PrivateFrameworks/KnowledgeMonitor : 989
PrivateFrameworks/LanguageModeling : 78
PrivateFrameworks/Lexicon : 3103
PrivateFrameworks/LibraryRepair : 2244
PrivateFrameworks/LimitAdTracking : 13
PrivateFrameworks/LinguisticData : 75
PrivateFrameworks/LinkPresentation : 1353
PrivateFrameworks/LocalAuthenticationRecoveryUI : 517
PrivateFrameworks/LocalAuthenticationUI : 517
PrivateFrameworks/LocationSupport : 401
PrivateFrameworks/LockoutUI : 4851
PrivateFrameworks/LoggingSupport : 3
PrivateFrameworks/LoginUIKit : 131
PrivateFrameworks/Lookup : 11
PrivateFrameworks/MDSChannel : 3504
PrivateFrameworks/MFAAuthentication : 260
PrivateFrameworks/MFiAuthentication : 2618
PrivateFrameworks/MMCS : 381
PrivateFrameworks/MMCSServices : 10
PrivateFrameworks/MSUDataAccessor : 3
PrivateFrameworks/MachineSettings : 6123
PrivateFrameworks/MallocStackLogging : 235
PrivateFrameworks/ManagedClient : 74
PrivateFrameworks/Mangrove : 1755
PrivateFrameworks/MapsSuggestions : 14
PrivateFrameworks/MapsSupport : 14
PrivateFrameworks/MapsSync : 108
PrivateFrameworks/Marco : 16
PrivateFrameworks/MarkupUI : 440
PrivateFrameworks/MaterialKit : 278
PrivateFrameworks/MediaControlSender : 69
PrivateFrameworks/MediaConversionService : 3
PrivateFrameworks/MediaFoundation : 574
PrivateFrameworks/MediaKit : 1366
PrivateFrameworks/MediaRemote : 15
PrivateFrameworks/MediaServices : 253
PrivateFrameworks/MediaStream : 3
PrivateFrameworks/Memories : 76
PrivateFrameworks/MessageProtection : 946
PrivateFrameworks/MessageSecurity : 329
PrivateFrameworks/MessagesBlastDoorSupport : 529
PrivateFrameworks/MessagesHelperKit : 17
PrivateFrameworks/MessagesKit : 17
PrivateFrameworks/MetalSerializer : 3
PrivateFrameworks/MetricKitCore : 305
PrivateFrameworks/MetricKitServices : 305
PrivateFrameworks/MetricKitSource : 305
PrivateFrameworks/MetricMeasurement : 305
PrivateFrameworks/MiniSoftwareUpdate : 883
PrivateFrameworks/MobileAccessoryUpdater : 358
PrivateFrameworks/MobileActivationMacOS : 452
PrivateFrameworks/MobileAsset : 671
PrivateFrameworks/MobileAssetUpdater : 358
PrivateFrameworks/MobileBluetooth : 209
PrivateFrameworks/MobileContainerManager : 341
PrivateFrameworks/MobileDevice : 691
PrivateFrameworks/MobileIcons : 4
PrivateFrameworks/MobileInstallation : 3
PrivateFrameworks/MobileKeyBag : 695
PrivateFrameworks/MobileObliteration : 1132
PrivateFrameworks/MobileSoftwareUpdate : 1
PrivateFrameworks/MobileSpotlightIndex : 3
PrivateFrameworks/MobileStorage : 1584
PrivateFrameworks/MobileStoreDemoCore : 298
PrivateFrameworks/MobileSystemServices : 2818
PrivateFrameworks/MonitorPanel : 247
PrivateFrameworks/Montreal : 233
PrivateFrameworks/MorphunAssetsUpdater : 23
PrivateFrameworks/MultitouchSupport : 76
PrivateFrameworks/MultiverseSupport : 120
PrivateFrameworks/MusicLibrary : 470
PrivateFrameworks/NLP : 186
PrivateFrameworks/NPTKit : 384
PrivateFrameworks/NearField : 762
PrivateFrameworks/NetAppsUtilities : 1395
PrivateFrameworks/NetAuth : 594
PrivateFrameworks/NetFSServer : 3
PrivateFrameworks/Netrb : 340
PrivateFrameworks/Network : 29
PrivateFrameworks/NetworkServiceProxy : 5319
PrivateFrameworks/NetworkStatistics : 583
PrivateFrameworks/NeutrinoCore : 3
PrivateFrameworks/NeutrinoKit : 3
PrivateFrameworks/NewsAnalyticsUpload : 3
PrivateFrameworks/NewsCore : 3
PrivateFrameworks/NewsDaemon : 3
PrivateFrameworks/NewsFoundation : 3
PrivateFrameworks/NewsToday : 3
PrivateFrameworks/NewsTransport : 3
PrivateFrameworks/Notes : 3
PrivateFrameworks/NotesShared : 3
PrivateFrameworks/NotesUI : 3
PrivateFrameworks/Noticeboard : 988
PrivateFrameworks/OAHSoftwareUpdate : 13
PrivateFrameworks/OAuth : 22324
PrivateFrameworks/OSAServicesClient : 337
PrivateFrameworks/OSASubmissionClient : 337
PrivateFrameworks/OSASyncProxyClient : 337
PrivateFrameworks/OSAnalytics : 337
PrivateFrameworks/OSAnalyticsPrivate : 337
PrivateFrameworks/OSD : 3270
PrivateFrameworks/OSInstaller : 3
PrivateFrameworks/OSPersonalization : 94
PrivateFrameworks/OTSVG : 285
PrivateFrameworks/OctagonTrust : 359
PrivateFrameworks/OfficeImport : 284
PrivateFrameworks/OnBoardingKit : 315
PrivateFrameworks/OpenDirectoryConfig : 14741
PrivateFrameworks/OpenDirectoryConfigUI : 2784
PrivateFrameworks/Osprey : 615
PrivateFrameworks/PALCore : 825
PrivateFrameworks/PALDonate : 825
PrivateFrameworks/PALSearch : 825
PrivateFrameworks/PDFKit : 16
PrivateFrameworks/PDS : 861
PrivateFrameworks/PDSAgent : 861
PrivateFrameworks/PIP : 1878
PrivateFrameworks/PSNormalizer : 120
PrivateFrameworks/PacketFilter : 447
PrivateFrameworks/ParsecModel : 83
PrivateFrameworks/ParsecSubscriptionServiceSupport : 83
PrivateFrameworks/ParsecUI : 4
PrivateFrameworks/PassKit : 1267
PrivateFrameworks/PassKitCore : 1228
PrivateFrameworks/PassKitMacHelper : 111
PrivateFrameworks/PassKitUI : 50
PrivateFrameworks/PassKitUIFoundation : 233
PrivateFrameworks/PasswordServer : 8782
PrivateFrameworks/PencilKit : 293
PrivateFrameworks/PerformanceAnalysis : 47
PrivateFrameworks/PerformanceTrace : 339
PrivateFrameworks/PersistentConnection : 1026
PrivateFrameworks/PersonaKit : 265
PrivateFrameworks/PersonaUI : 265
PrivateFrameworks/PersonalizationPortrait : 176
PrivateFrameworks/PersonalizationPortraitInternals : 176
PrivateFrameworks/PhoneNumberResolver : 167
PrivateFrameworks/PhoneNumbers : 123
PrivateFrameworks/PhotoFoundation : 3
PrivateFrameworks/PhotoImaging : 3
PrivateFrameworks/PhotoLibraryServices : 3
PrivateFrameworks/PhotoPrintProduct : 652
PrivateFrameworks/PhotoVision : 3
PrivateFrameworks/PhotosFormats : 3
PrivateFrameworks/PhotosImagingFoundation : 3
PrivateFrameworks/PhotosPlayer : 3
PrivateFrameworks/PhotosUIApps : 7
PrivateFrameworks/PhysicsKit : 30
PrivateFrameworks/PlugInKit : 109
PrivateFrameworks/PodcastServices : 31
PrivateFrameworks/PodcastsFoundation : 628
PrivateFrameworks/PodcastsKit : 471
PrivateFrameworks/PowerUI : 200
PrivateFrameworks/PowerlogFullOperators : 1
PrivateFrameworks/PreferencePanesSupport : 66
PrivateFrameworks/PrintKit : 1375
PrivateFrameworks/PrintingPrivate : 41
PrivateFrameworks/ProVideo : 42
PrivateFrameworks/ProactiveEventTracker : 497
PrivateFrameworks/ProactiveExperiments : 14
PrivateFrameworks/ProactiveExperimentsInternals : 14
PrivateFrameworks/ProactiveInputPredictions : 14
PrivateFrameworks/ProactiveInputPredictionsInternals : 14
PrivateFrameworks/ProactiveML : 14
PrivateFrameworks/ProactiveSupport : 497
PrivateFrameworks/ProactiveSupportStubs : 497
PrivateFrameworks/PromotedContentSupport : 13
PrivateFrameworks/ProofReader : 222
PrivateFrameworks/ProtectedCloudStorage : 776
PrivateFrameworks/ProtocolBuffer : 89
PrivateFrameworks/PrototypeTools : 937
PrivateFrameworks/QLCharts : 284
PrivateFrameworks/Quagga : 52
PrivateFrameworks/QuickLookSupport : 3
PrivateFrameworks/QuickLookThumbnailing : 3
PrivateFrameworks/QuickLookThumbnailingDaemon : 3
PrivateFrameworks/RTBuddyCrashlogDecoder : 153
PrivateFrameworks/RTCReporting : 454
PrivateFrameworks/RTTUI : 447
PrivateFrameworks/RTTUtilities : 447
PrivateFrameworks/Rapport : 1311
PrivateFrameworks/RapportUI : 1265
PrivateFrameworks/ReminderKit : 12
PrivateFrameworks/ReminderKitInternal : 21
PrivateFrameworks/ReminderKitUI : 12
PrivateFrameworks/ReminderMigration : 13
PrivateFrameworks/RemindersUICore : 65
PrivateFrameworks/RemoteConfiguration : 1217
PrivateFrameworks/RemoteCoreML : 2176
PrivateFrameworks/RemoteManagement : 261
PrivateFrameworks/RemoteServiceDiscovery : 489
PrivateFrameworks/RemoteTextInput : 791
PrivateFrameworks/RemoteViewServices : 234
PrivateFrameworks/RemoteXPC : 489
PrivateFrameworks/RenderBox : 126
PrivateFrameworks/ReplayKitMacHelper : 9
PrivateFrameworks/ReportCrashShadow : 11
PrivateFrameworks/ResponseKit : 337
PrivateFrameworks/Restore : 101
PrivateFrameworks/Reveal : 406
PrivateFrameworks/RevealCore : 406
PrivateFrameworks/RunningBoard : 86
PrivateFrameworks/RunningBoardServices : 87
PrivateFrameworks/SAObjects : 369
PrivateFrameworks/SCEP : 46
PrivateFrameworks/SDAPI : 2116
PrivateFrameworks/SMBClient : 13
PrivateFrameworks/SMBClientEngine : 399
PrivateFrameworks/SPFinder : 286
PrivateFrameworks/SPOwner : 286
PrivateFrameworks/SPShared : 736
PrivateFrameworks/SPSupport : 43
PrivateFrameworks/SampleAnalysis : 47
PrivateFrameworks/ScoreBoard : 406
PrivateFrameworks/ScreenSharing : 100
PrivateFrameworks/ScreenTimeCore : 86
PrivateFrameworks/ScreenTimeSettingsUI : 72
PrivateFrameworks/ScreenTimeUI : 60
PrivateFrameworks/SearchAds : 13
PrivateFrameworks/SearchFoundation : 83
PrivateFrameworks/SearchSuggestions : 4
PrivateFrameworks/SearchUI : 303
PrivateFrameworks/SearchUICardKitProviderSupport : 268
PrivateFrameworks/SecureChannel : 1081
PrivateFrameworks/SecurityTokend : 5193
PrivateFrameworks/SemanticDocumentManagement : 3489
PrivateFrameworks/SensingProtocols : 2367
PrivateFrameworks/Sentry : 700
PrivateFrameworks/ServerCompatibility : 3876
PrivateFrameworks/ServerInformation : 42
PrivateFrameworks/ShareKit : 3
PrivateFrameworks/SharePointManagement : 262
PrivateFrameworks/ShareSheet : 2
PrivateFrameworks/SharedWebCredentials : 41
PrivateFrameworks/Sharing : 3
PrivateFrameworks/SharingXPCServices : 3
PrivateFrameworks/ShazamInsights : 306
PrivateFrameworks/ShazamKit : 306
PrivateFrameworks/ShazamKitUI : 306
PrivateFrameworks/Shortcut : 14
PrivateFrameworks/ShoveService : 24
PrivateFrameworks/SidecarCore : 56
PrivateFrameworks/SidecarUI : 56
PrivateFrameworks/SignpostCollection : 180
PrivateFrameworks/SignpostMetrics : 180
PrivateFrameworks/SignpostNotification : 25
PrivateFrameworks/SignpostSupport : 180
PrivateFrameworks/SiriAppResolution : 80
PrivateFrameworks/SiriAudioInternal : 569
PrivateFrameworks/SiriAudioSupport : 569
PrivateFrameworks/SiriClientFlow : 668
PrivateFrameworks/SiriCore : 456
PrivateFrameworks/SiriDialogEngine : 346
PrivateFrameworks/SiriGeo : 866
PrivateFrameworks/SiriInference : 184
PrivateFrameworks/SiriInstrumentation : 36
PrivateFrameworks/SiriIntentEvents : 184
PrivateFrameworks/SiriKitFlow : 80
PrivateFrameworks/SiriKitInvocation : 1078
PrivateFrameworks/SiriKitRuntime : 80
PrivateFrameworks/SiriObservation : 505
PrivateFrameworks/SiriOntology : 174
PrivateFrameworks/SiriOntologyProtobuf : 174
PrivateFrameworks/SiriPlaybackControlIntents : 545
PrivateFrameworks/SiriPlaybackControlSupport : 545
PrivateFrameworks/SiriTTS : 10
PrivateFrameworks/SiriTasks : 505
PrivateFrameworks/SiriVOX : 456
PrivateFrameworks/SiriVideoIntents : 259
PrivateFrameworks/Slideshows : 152
PrivateFrameworks/SocialAppsCore : 17
PrivateFrameworks/SocialServices : 400
PrivateFrameworks/SocialUI : 17
PrivateFrameworks/SoftLinking : 325
PrivateFrameworks/SoftwareUpdate : 1
PrivateFrameworks/SoftwareUpdateCore : 1
PrivateFrameworks/SoftwareUpdateCoreConnect : 1
PrivateFrameworks/SoftwareUpdateCoreSupport : 1
PrivateFrameworks/SoftwareUpdateCoreTest : 1
PrivateFrameworks/SpanMatcher : 456
PrivateFrameworks/SpeakerRecognition : 426
PrivateFrameworks/SpeechDictionary : 632
PrivateFrameworks/SpeechObjects : 113
PrivateFrameworks/SpeechRecognitionCommandServices : 365
PrivateFrameworks/SpeechRecognitionCore : 195
PrivateFrameworks/Spotlight : 4
PrivateFrameworks/SpotlightIndexUtilities : 3
PrivateFrameworks/SpotlightServices : 4
PrivateFrameworks/StatsKit : 11161
PrivateFrameworks/StorageManagement : 12
PrivateFrameworks/StoreFoundation : 60
PrivateFrameworks/StoreJavaScript : 60
PrivateFrameworks/StoreKitMacHelper : 115
PrivateFrameworks/StoreKitUIMac : 115
PrivateFrameworks/StoreServices : 446
PrivateFrameworks/StoreUI : 60
PrivateFrameworks/StreamingZip : 444
PrivateFrameworks/Suggestions : 168
PrivateFrameworks/SuggestionsSpotlightMetrics : 14
PrivateFrameworks/Symbolication : 235
PrivateFrameworks/SymptomDiagnosticReporter : 119
PrivateFrameworks/SymptomReporter : 970
PrivateFrameworks/Symptoms : 970
PrivateFrameworks/SyncServicesUI : 9948
PrivateFrameworks/SyncedDefaults : 249
PrivateFrameworks/SystemAdministration : 125
PrivateFrameworks/SystemAdministrationInterface : 175
PrivateFrameworks/SystemDesktopAppearance : 5
PrivateFrameworks/SystemPolicy : 14
PrivateFrameworks/SystemUIPlugin : 329
PrivateFrameworks/TCC : 146
PrivateFrameworks/TTYUtilities : 5050
PrivateFrameworks/TVRemoteCore : 791
PrivateFrameworks/TelephonyUtilities : 1
PrivateFrameworks/TemplateKit : 183
PrivateFrameworks/TextInput : 243
PrivateFrameworks/TextInputCore : 243
PrivateFrameworks/TextInputMenuUI : 1
PrivateFrameworks/TextToSpeech : 628
PrivateFrameworks/TextureIO : 8832
PrivateFrameworks/TimeMachine : 15
PrivateFrameworks/TimeSync : 873
PrivateFrameworks/Timeline : 612
PrivateFrameworks/ToneKit : 152
PrivateFrameworks/ToneLibrary : 152
PrivateFrameworks/Tourist : 619
PrivateFrameworks/Translation : 190
PrivateFrameworks/Transparency : 334
PrivateFrameworks/TransparencyDetailsViewMac : 13
PrivateFrameworks/Trial : 556
PrivateFrameworks/TrialProto : 556
PrivateFrameworks/TrialServer : 556
PrivateFrameworks/TrustEvaluationAgent : 884
PrivateFrameworks/TrustedPeers : 359
PrivateFrameworks/TuriCore : 11
PrivateFrameworks/UARPiCloud : 358
PrivateFrameworks/UAUPlugin : 1034
PrivateFrameworks/UIFoundation : 175
PrivateFrameworks/UIKitSystemAppServices : 1
PrivateFrameworks/UIRecording : 1859
PrivateFrameworks/URLFormatting : 1106
PrivateFrameworks/UXKit : 3
PrivateFrameworks/Uninstall : 1026
PrivateFrameworks/UniversalAccess : 12
PrivateFrameworks/UsageTracking : 259
PrivateFrameworks/UserActivity : 588
PrivateFrameworks/UserManagement : 1293
PrivateFrameworks/VCXMPP : 907
PrivateFrameworks/VFX : 408
PrivateFrameworks/VFXBase : 408
PrivateFrameworks/VideoProcessing : 316
PrivateFrameworks/VirtualGarage : 10
PrivateFrameworks/VisionKit : 3183
PrivateFrameworks/VisualPairing : 3072
PrivateFrameworks/VisualTestKit : 2119
PrivateFrameworks/VoiceShortcutClient : 712
PrivateFrameworks/VoiceShortcuts : 712
PrivateFrameworks/VoiceTrigger : 2079
PrivateFrameworks/WPDaemon : 663
PrivateFrameworks/WatchdogClient : 313
PrivateFrameworks/WeatherFoundation : 584
PrivateFrameworks/WeatherKit : 631
PrivateFrameworks/WebContentAnalysis : 3011
PrivateFrameworks/WebFilterDNS : 3011
PrivateFrameworks/WebInspectorUI : 4
PrivateFrameworks/WiFiAnalytics : 14
PrivateFrameworks/WiFiCloudSyncEngine : 43
PrivateFrameworks/WiFiPeerToPeer : 14
PrivateFrameworks/WiFiPolicy : 14
PrivateFrameworks/WiFiVelocity : 56
PrivateFrameworks/WildDevices : 13
PrivateFrameworks/WirelessDiagnostics : 11473
PrivateFrameworks/WirelessProximity : 663
PrivateFrameworks/WorkflowKit : 712
PrivateFrameworks/WorkflowUIServices : 149
PrivateFrameworks/XARTRecovery : 476
PrivateFrameworks/XCTAutomationSupport : 2105
PrivateFrameworks/XCTTargetBootstrap : 2105
PrivateFrameworks/XQuery : 5318
PrivateFrameworks/XprotectFramework : 967
PrivateFrameworks/ZhuGeSupport : 269
PrivateFrameworks/acfs : 215
PrivateFrameworks/acfsSupport : 65
PrivateFrameworks/caulk : 420
PrivateFrameworks/iAdCore : 14
PrivateFrameworks/iAdServices : 14
PrivateFrameworks/iCalendar : 148
PrivateFrameworks/iCloudNotification : 517
PrivateFrameworks/iLifeMediaBrowser : 29
PrivateFrameworks/iPod : 327
PrivateFrameworks/iPodSync : 2776
PrivateFrameworks/iPodUpdater : 2455
PrivateFrameworks/iTunesCloud : 329
PrivateFrameworks/iWorkXPC : 1825
PrivateFrameworks/kperf : 602
PrivateFrameworks/kperfdata : 602
PrivateFrameworks/ktrace : 355
PrivateFrameworks/login : 72
PrivateFrameworks/nt : 13
PrivateFrameworks/oncrpc : 657
PrivateFrameworks/perfdata : 311
PrivateFrameworks/yara : 828
CoreServices/AddPrinter : 582
CoreServices/AddressBookUrlForwarder : 2442
CoreServices/AirPlayUIAgent : 512.1
CoreServices/AirPort Base Station Agent : 221.9
CoreServices/Automator Installer : 502
CoreServices/Bluetooth Setup Assistant : 8.0.0d41
CoreServices/BluetoothUIServer : 8.0.0d41
CoreServices/ClimateProxy : 1640
CoreServices/ControlCenter : 92.3
CoreServices/CoreLocationAgent : 2420.0.36
CoreServices/CoreServicesUIAgent : 354
CoreServices/DiskImageMounter : 595
CoreServices/Dock : 2076
CoreServices/Dwell Control : 311
CoreServices/Finder : 1334.2
CoreServices/HelpViewer : 385
CoreServices/Install Command Line Developer Tools : 2382
CoreServices/Install in Progress : 1025
CoreServices/Installer Progress : 570
CoreServices/Installer : 1013
CoreServices/Jar Launcher : 302
CoreServices/Java Web Start : 302
CoreServices/Keychain Circle Notification : 59741.0.0.0.1
CoreServices/Language Chooser : 611
CoreServices/ManagedClient : 1312
CoreServices/NotificationCenter : 1028.1
CoreServices/OBEXAgent : 8.0.0d41
CoreServices/Paired Devices : 200.14
CoreServices/Photo Library Migration Utility : 2301.4
CoreServices/Problem Reporter : 15026
CoreServices/RapportUIAgent : 200.14
CoreServices/Screen Time : 469
CoreServices/Setup Assistant : 3032.3
CoreServices/Siri : 201.1.3
CoreServices/Software Update : 1365.1.0.4
CoreServices/Spotlight : 2133.1
CoreServices/SystemUIServer : 509
CoreServices/TextInputMenuAgent : 257.1
CoreServices/TextInputSwitcher : 257.1
CoreServices/UIKitSystem : 221.1
CoreServices/UniversalAccessControl : 515
CoreServices/UserNotificationCenter : 60
CoreServices/VoiceOver : 739.1
CoreServices/loginwindow : 2011
CoreServices/screencaptureui : 260
Applications/Archive Utility : 136
Applications/Feedback Assistant : 441
Applications/Screen Sharing : 550.13
Applications/iOS App Installer : 1
Frameworks/ARKit : 35
Frameworks/AVKit : 11
Frameworks/AddressBook : 250
Frameworks/AddressBookUI : 38
Frameworks/AppClip : 221
Frameworks/AssetsLibrary : 3
Frameworks/BusinessChat : 12
Frameworks/CarPlay : 58
Frameworks/ContactsUI : 3
Frameworks/CoreAudioKit : 88
Frameworks/EventKitUI : 91
Frameworks/GLKit : 10
Frameworks/GameController : 9
Frameworks/GameKit : 90
Frameworks/GameplayKit : 11
Frameworks/HealthKit : 171
Frameworks/HealthKitUI : 171
Frameworks/IdentityLookupUI : 17
Frameworks/LinkPresentation : 354
Frameworks/MapKit : 11
Frameworks/Messages : 17
Frameworks/MetalKit : 408
Frameworks/MobileCoreServices : 3
Frameworks/MultipeerConnectivity : 344
Frameworks/NetworkExtensioniOSSupport : 88
Frameworks/NewsstandKit : 289
Frameworks/OpenAL : 237
Frameworks/OpenGLES : 12
Frameworks/PencilKit : 41
Frameworks/PhotosUI : 3
Frameworks/QuickLook : 68
Frameworks/RealityKit : 66
Frameworks/ReplayKit : 9
Frameworks/SceneKit : 50
Frameworks/Social : 198
Frameworks/SpriteKit : 12
Frameworks/StoreKit : 115
Frameworks/Twitter : 706
Frameworks/UserNotificationsUI : 25
Frameworks/VisionKit : 1486
Frameworks/WatchConnectivity : 800
Frameworks/WatchKit : 1188
Frameworks/_AVKit_SwiftUI : 52
Frameworks/_MapKit_SwiftUI : 42
Frameworks/_SpriteKit_SwiftUI : 645
Frameworks/iAd : 14
PrivateFrameworks/AVKitMacHelper : 11
PrivateFrameworks/AccessibilityUI : 29
PrivateFrameworks/AccessibilityUIService : 29
PrivateFrameworks/AccessibilityUIShared : 29
PrivateFrameworks/AccessibilityUIUtilities : 29
PrivateFrameworks/AccessibilityUtilities : 29
PrivateFrameworks/ActionKit : 35
PrivateFrameworks/ActionKitUI : 92
PrivateFrameworks/ActivityRingsUI : 1370
PrivateFrameworks/AdPlatformsCommonUI : 13
PrivateFrameworks/AddressBookLegacy : 1640
PrivateFrameworks/AnnotationKit : 51
PrivateFrameworks/AppAnalytics : 477
PrivateFrameworks/AppSupportUI : 92
PrivateFrameworks/AuthKitUI : 15
PrivateFrameworks/AuthKitUIMacHelper : 15
PrivateFrameworks/AvatarKit : 54
PrivateFrameworks/AvatarUI : 3
PrivateFrameworks/BaseBoardUI : 388
PrivateFrameworks/CalendarUIKit : 13
PrivateFrameworks/ChatKit : 17
PrivateFrameworks/ClassroomKit : 58
PrivateFrameworks/ContentKit : 35
PrivateFrameworks/CoreChart : 24
PrivateFrameworks/CorePDF : 799
PrivateFrameworks/CoreRecognition : 13
PrivateFrameworks/CoreSuggestionsUI : 13
PrivateFrameworks/DataDetectorsUI : 12
PrivateFrameworks/DocumentCamera : 149
PrivateFrameworks/DocumentManager : 175
PrivateFrameworks/DocumentManagerCore : 175
PrivateFrameworks/EmojiKit : 49
PrivateFrameworks/FMCoreUI : 438
PrivateFrameworks/FMFUI : 306
PrivateFrameworks/FrontBoard : 46
PrivateFrameworks/HealthDaemon : 171
PrivateFrameworks/HelpKit : 792
PrivateFrameworks/IMSharedUI : 17
PrivateFrameworks/InAppMessages : 68
PrivateFrameworks/IntlPreferences : 30
PrivateFrameworks/JITAppKit : 614
PrivateFrameworks/Jet : 11
PrivateFrameworks/JetEngine : 31
PrivateFrameworks/JetUI : 32
PrivateFrameworks/ManagedConfiguration : 466
PrivateFrameworks/MarkupUI : 51
PrivateFrameworks/MobileTimer : 564
PrivateFrameworks/MobileTimerUI : 564
PrivateFrameworks/NanoRegistry : 2073
PrivateFrameworks/NetAppsUtilitiesUI : 1395
PrivateFrameworks/NewsAds : 9
PrivateFrameworks/NewsAnalytics : 9
PrivateFrameworks/NewsArticles : 9
PrivateFrameworks/NewsFeed : 9
PrivateFrameworks/NewsPersonalization : 9
PrivateFrameworks/NewsSubscription : 9
PrivateFrameworks/NewsUI2 : 9
PrivateFrameworks/OnBoardingKit : 13
PrivateFrameworks/PassKitServices : 188
PrivateFrameworks/PassKitUI : 14
PrivateFrameworks/PencilKit : 41
PrivateFrameworks/PersonaUI : 37
PrivateFrameworks/PhotoLibrary : 3
PrivateFrameworks/PhotosPlayer : 3
PrivateFrameworks/PhotosUICore : 3
PrivateFrameworks/PromotedContent : 17
PrivateFrameworks/PromotedContentProxy : 13
PrivateFrameworks/PromotedContentUI : 17
PrivateFrameworks/QuickLookThumbnailingExtension : 3
PrivateFrameworks/RTTUI : 32
PrivateFrameworks/RapportUI : 177
PrivateFrameworks/SearchToShareCore : 314
PrivateFrameworks/Stocks : 817
PrivateFrameworks/TSReading : 808
PrivateFrameworks/TSUtility : 808
PrivateFrameworks/TeaActivities : 60
PrivateFrameworks/TeaCharts : 60
PrivateFrameworks/TeaDB : 60
PrivateFrameworks/TeaFoundation : 60
PrivateFrameworks/TeaSettings : 60
PrivateFrameworks/TeaSnappy : 60
PrivateFrameworks/TeaTemplate : 60
PrivateFrameworks/TeaUI : 60
PrivateFrameworks/TeaUIKit : 60
PrivateFrameworks/TouchML : 661
PrivateFrameworks/TransparencyDetailsView : 13
PrivateFrameworks/UIAccessibility : 29
PrivateFrameworks/UserNotificationsExtensionPoint : 45
PrivateFrameworks/VisualAlert : 29
PrivateFrameworks/VisualPairing : 1256
PrivateFrameworks/VoiceMemos : 459
PrivateFrameworks/VoiceOverServices : 29
PrivateFrameworks/VoiceShortcutClient : 35
PrivateFrameworks/VoiceShortcuts : 35
PrivateFrameworks/Weather : 205
PrivateFrameworks/WeatherCharts : 205
PrivateFrameworks/WebKit : 4
PrivateFrameworks/WorkflowEditor : 92
PrivateFrameworks/WorkflowKit : 35
PrivateFrameworks/WorkflowUI : 92
PrivateFrameworks/WorkflowUICore : 92
PrivateFrameworks/WorkflowUIServices : 34
PrivateFrameworks/XavierCore : 9
PrivateFrameworks/XavierNews : 9
PrivateFrameworks/ZoomServices : 29
