Applications/AltServer : 35
Applications/Bartender 4 : 40007
Applications/Bootstrap Studio : 5.4.1
Applications/Developer : 830.6.2
Applications/Epic Games Launcher : 10.18.10
Applications/Gifski : 40
Applications/Google Chrome : 4240.80
Applications/Itsycal : 2038
Applications/MacUpdater : 8697
Applications/OBS : 26.0.2
Applications/Plex Media Server : 1.20.2.3402
Applications/RunCat : 8.4.0
Applications/Safari : 16610.2.8.1.1
Applications/Spotify : 1.1.44.538.g8057de92-7
Applications/TotalFinder : 1.13.2
Applications/Visual Studio Code : 1.50.0
Applications/cDock : 7606
Applications/iMazing : 13847
Applications/iTerm : 3.4.0beta10
Applications/mtgaprotracker : 2.1.10
Applications/App Store : 1005.2.14
Applications/Automator : 509
Applications/Books : 2172
Applications/Calendar : 2811
Applications/Contacts : 2452
Applications/FindMy : 173.0.1
Applications/Font Book : 383.1
Applications/Home : 462.2.17
Applications/Mail : 3654.0.3.2.82
Applications/Maps : 2608.20.8.12.46
Applications/News : 2633.1.1
Applications/Notes : 1777
Applications/Photo Booth : 1126
Applications/Photos : 310.2.160
Applications/Podcasts : 1520.36
Applications/Preview : 1017
Applications/Reminders : 2184
Applications/Stocks : 678.1.1
Applications/TextEdit : 364
Utilities/Activity Monitor : 1088.1
Utilities/Bluetooth File Exchange : 8.0.0d60
Utilities/Boot Camp Assistant : 6272.40.11
Utilities/ColorSync Utility : 336
Utilities/Console : 5.0.14
Utilities/Digital Color Meter : 5.22
Utilities/Keychain Access : 55281.40.7.0.1
Utilities/Script Editor : 225
Utilities/VoiceOver Utility : 757
Frameworks/AGL : 1693
Frameworks/AVFoundation : 31
Frameworks/AVKit : 97
Frameworks/Accelerate : 730
Frameworks/Accessibility : 10
Frameworks/Accounts : 159
Frameworks/AdSupport : 57
Frameworks/AddressBook : 184
Frameworks/AppKit : 61
Frameworks/AppTrackingTransparency : 57
Frameworks/AppleScriptKit : 1381
Frameworks/AppleScriptObjC : 410
Frameworks/ApplicationServices : 2979
Frameworks/AudioToolbox : 88
Frameworks/AudioUnit : 24
Frameworks/AudioVideoBridging : 9
Frameworks/AutomaticAssessmentConfiguration : 782
Frameworks/BackgroundTasks : 24
Frameworks/BusinessChat : 36
Frameworks/CFNetwork : 27
Frameworks/CalendarStore : 378
Frameworks/CallKit : 75
Frameworks/Carbon : 3960
Frameworks/CloudKit : 29
Frameworks/Cocoa : 15841
Frameworks/Collaboration : 662
Frameworks/ColorSync : 28
Frameworks/Combine : 196
Frameworks/ContactsUI : 49
Frameworks/CoreAudio : 166
Frameworks/CoreAudioKit : 18
Frameworks/CoreAudioTypes : 82
Frameworks/CoreBluetooth : 19
Frameworks/CoreData : 33
Frameworks/CoreFoundation : 30
Frameworks/CoreHaptics : 999
Frameworks/CoreLocation : 19
Frameworks/CoreMIDIServer : 46
Frameworks/CoreML : 67
Frameworks/CoreMedia : 26
Frameworks/CoreMediaIO : 551
Frameworks/CoreMotion : 19
Frameworks/CoreServices : 99
Frameworks/CoreTelephony : 21
Frameworks/CoreText : 23
Frameworks/CoreVideo : 255
Frameworks/CoreWLAN : 6
Frameworks/CryptoKit : 1335
Frameworks/DVDPlayback : 159
Frameworks/DeveloperToolsSupport : 431
Frameworks/DeviceCheck : 452
Frameworks/DirectoryService : 250
Frameworks/DiscRecording : 820
Frameworks/DiscRecordingUI : 820
Frameworks/DiskArbitration : 143
Frameworks/DriverKit : 64
Frameworks/EventKit : 125
Frameworks/ExceptionHandling : 889
Frameworks/ExternalAccessory : 30
Frameworks/FWAUserLib : 403
Frameworks/FileProviderUI : 677
Frameworks/ForceFeedback : 4930
Frameworks/GLKit : 1573
Frameworks/GLUT : 797
Frameworks/GSS : 32
Frameworks/GameController : 182
Frameworks/GameKit : 93
Frameworks/GameplayKit : 655
Frameworks/HIDDriverKit : 22
Frameworks/Hypervisor : 6
Frameworks/ICADevices : 58
Frameworks/IMServicePlugIn : 107
Frameworks/IOKit : 68
Frameworks/IOSurface : 30
Frameworks/IOUSBHost : 100
Frameworks/IdentityLookup : 75
Frameworks/ImageCaptureCore : 58
Frameworks/ImageIO : 71
Frameworks/InputMethodKit : 307
Frameworks/InstantMessage : 12152
Frameworks/Intents : 20
Frameworks/JavaNativeFoundation : 670
Frameworks/JavaRuntimeSupport : 341
Frameworks/JavaVM : 531
Frameworks/Kerberos : 675
Frameworks/KernelManagement : 4
Frameworks/LDAP : 570
Frameworks/LatentSemanticMapping : 127
Frameworks/LocalAuthentication : 24
Frameworks/MLCompute : 23
Frameworks/MapKit : 13
Frameworks/MediaAccessibility : 1348
Frameworks/MediaLibrary : 379
Frameworks/MediaToolbox : 28
Frameworks/Message : 13731
Frameworks/Metal : 94
Frameworks/MetalKit : 5053
Frameworks/MetalPerformanceShadersGraph : 36
Frameworks/MetricKit : 2826
Frameworks/ModelIO : 251
Frameworks/MultipeerConnectivity : 741
Frameworks/NaturalLanguage : 974
Frameworks/NearbyInteraction : 196
Frameworks/NetFS : 26
Frameworks/NetworkExtension : 40
Frameworks/NetworkingDriverKit : 154
Frameworks/OSAKit : 613
Frameworks/OSLog : 23
Frameworks/OpenAL : 92
Frameworks/OpenCL : 271
Frameworks/OpenDirectory : 250
Frameworks/OpenGL : 19
Frameworks/PCIDriverKit : 148
Frameworks/PCSC : 1
Frameworks/PDFKit : 12
Frameworks/ParavirtualizedGraphics : 1439
Frameworks/PassKit : 95
Frameworks/PencilKit : 23
Frameworks/Photos : 46
Frameworks/PhotosUI : 33
Frameworks/PreferencePanes : 263
Frameworks/PushKit : 2203
Frameworks/Python : 6
Frameworks/QTKit : 2724
Frameworks/Quartz : 1171
Frameworks/QuickLook : 99
Frameworks/QuickLookThumbnailing : 97
Frameworks/ReplayKit : 13
Frameworks/Ruby : 230
Frameworks/SceneKit : 43
Frameworks/ScreenSaver : 11
Frameworks/ScreenTime : 23
Frameworks/ScriptingBridge : 929
Frameworks/Security : 56
Frameworks/SecurityFoundation : 171
Frameworks/SecurityInterface : 269
Frameworks/SensorKit : 13
Frameworks/ServiceManagement : 23
Frameworks/Social : 72
Frameworks/SoundAnalysis : 2253
Frameworks/Speech : 23
Frameworks/SpriteKit : 1465
Frameworks/StoreKit : 4
Frameworks/SyncServices : 165
Frameworks/System : 52142
Frameworks/SystemConfiguration : 61
Frameworks/TWAIN : 978
Frameworks/Tcl : 140
Frameworks/Tk : 140
Frameworks/USBDriverKit : 100
Frameworks/UniformTypeIdentifiers : 296
Frameworks/UserNotifications : 343
Frameworks/VideoDecodeAcceleration : 6246
Frameworks/VideoSubscriberAccount : 57
Frameworks/VideoToolbox : 26
Frameworks/Vision : 25
Frameworks/WidgetKit : 104
Frameworks/_MapKit_SwiftUI : 32
Frameworks/_QuickLook_SwiftUI : 796
Frameworks/_SceneKit_SwiftUI : 219
Frameworks/_SpriteKit_SwiftUI : 3831
Frameworks/_StoreKit_SwiftUI : 24
Frameworks/vecLib : 730
PrivateFrameworks/AACCore : 242
PrivateFrameworks/ACDEClient : 384
PrivateFrameworks/AFKUser : 38
PrivateFrameworks/AGXCompilerCore : 14
PrivateFrameworks/AGXGPURawCounter : 14
PrivateFrameworks/ANECompiler : 700
PrivateFrameworks/ANEHostCompiler : 692
PrivateFrameworks/ANEServices : 139
PrivateFrameworks/AOSAccounts : 555
PrivateFrameworks/AOSAccountsLite : 555
PrivateFrameworks/AOSKit : 471
PrivateFrameworks/APFS : 2
PrivateFrameworks/APTransport : 31
PrivateFrameworks/ASEProcessing : 27
PrivateFrameworks/ASOctaneSupport : 25
PrivateFrameworks/AVConference : 194
PrivateFrameworks/AVFCapture : 22
PrivateFrameworks/AVFCore : 28
PrivateFrameworks/AVFoundationCF : 21
PrivateFrameworks/AXAssetLoader : 9
PrivateFrameworks/AXCoreUtilities : 9
PrivateFrameworks/AXHearingCoreSupport : 5502
PrivateFrameworks/AXHearingSupport : 5502
PrivateFrameworks/AXMediaUtilities : 1127
PrivateFrameworks/AXRuntime : 9
PrivateFrameworks/AccessibilityPlatformTranslation : 10
PrivateFrameworks/AccessibilitySharedSupport : 10
PrivateFrameworks/AccessoryNowPlaying : 65
PrivateFrameworks/AccountPolicy : 225
PrivateFrameworks/AccountsDaemon : 159
PrivateFrameworks/AccountsUI : 92
PrivateFrameworks/ActionKit : 62
PrivateFrameworks/AdAnalytics : 168
PrivateFrameworks/AdCore : 3
PrivateFrameworks/AdID : 3
PrivateFrameworks/AdPlatforms : 3
PrivateFrameworks/AdPlatformsCommon : 11
PrivateFrameworks/AdPlatformsInternal : 3
PrivateFrameworks/AddressBookAutocomplete : 49
PrivateFrameworks/AddressBookCore : 184
PrivateFrameworks/Admin : 10
PrivateFrameworks/AggregateDictionary : 816
PrivateFrameworks/AggregateDictionaryHistory : 816
PrivateFrameworks/AirPlayReceiver : 33
PrivateFrameworks/AirPlaySender : 33
PrivateFrameworks/AirPlaySupport : 31
PrivateFrameworks/AirPlaySync : 28
PrivateFrameworks/AirTrafficHost : 130
PrivateFrameworks/AlgosScoreFramework : 34
PrivateFrameworks/AnnotationKit : 108
PrivateFrameworks/AppAttestInternal : 452
PrivateFrameworks/AppContainer : 6
PrivateFrameworks/AppSandbox : 6
PrivateFrameworks/AppServerSupport : 23
PrivateFrameworks/AppStoreComponents : 18
PrivateFrameworks/AppStoreKit : 27
PrivateFrameworks/AppSupport : 1601
PrivateFrameworks/AppSupportUI : 2830
PrivateFrameworks/AppleAccount : 91
PrivateFrameworks/AppleAppSupport : 1171
PrivateFrameworks/AppleCVA : 14
PrivateFrameworks/AppleFSCompression : 7530
PrivateFrameworks/AppleFirmwareUpdate : 51
PrivateFrameworks/AppleHIDTransportSupport : 698
PrivateFrameworks/AppleIDAuthSupport : 1579
PrivateFrameworks/AppleIDSSOAuthentication : 1110
PrivateFrameworks/AppleJPEG : 181
PrivateFrameworks/AppleLDAP : 1387
PrivateFrameworks/AppleMediaServicesUI : 24
PrivateFrameworks/AppleMediaServicesUIDynamic : 24
PrivateFrameworks/AppleNVMe : 134
PrivateFrameworks/AppleNeuralEngine : 49
PrivateFrameworks/ApplePDPHelper : 12835
PrivateFrameworks/ApplePushService : 247
PrivateFrameworks/AppleSRP : 14517
PrivateFrameworks/AppleSauce : 1960
PrivateFrameworks/AppleScript : 80
PrivateFrameworks/AppleServiceToolkit : 18
PrivateFrameworks/AppleShareClientCore : 582
PrivateFrameworks/AppleSystemInfo : 151
PrivateFrameworks/AppleVA : 383
PrivateFrameworks/AppleVPA : 333
PrivateFrameworks/AskPermission : 633
PrivateFrameworks/AssertionServices : 319
PrivateFrameworks/AssetCacheServices : 364
PrivateFrameworks/AssetCacheServicesExtensions : 364
PrivateFrameworks/AssetViewer : 87
PrivateFrameworks/AssetsLibraryServices : 46
PrivateFrameworks/AssistantServices : 53
PrivateFrameworks/AssistiveControlSupport : 15
PrivateFrameworks/AttributeGraph : 342
PrivateFrameworks/AudioAnalytics : 56
PrivateFrameworks/AudioDSPManager : 635
PrivateFrameworks/AudioHistory : 635
PrivateFrameworks/AudioPasscode : 623
PrivateFrameworks/AudioToolboxCore : 82
PrivateFrameworks/AudioTransportCommon : 1981
PrivateFrameworks/AuthKit : 89
PrivateFrameworks/AuthKitUI : 77
PrivateFrameworks/AutoBugCaptureCore : 582
PrivateFrameworks/AutoLoop : 3974
PrivateFrameworks/BackBoardServices : 358
PrivateFrameworks/BackgroundTaskManagement : 9
PrivateFrameworks/BaseBoard : 426
PrivateFrameworks/BatteryUIKit : 394
PrivateFrameworks/BehaviorMiner : 192
PrivateFrameworks/BezelServices : 974
PrivateFrameworks/BioKitAggD : 12857
PrivateFrameworks/BiomeFoundation : 582
PrivateFrameworks/BiomePubSub : 582
PrivateFrameworks/BiomeStorage : 582
PrivateFrameworks/BiomeStreams : 582
PrivateFrameworks/BiometricKit : 530
PrivateFrameworks/BiometricSupport : 365
PrivateFrameworks/BlastDoor : 749
PrivateFrameworks/BluetoothManager : 19
PrivateFrameworks/BoardServices : 426
PrivateFrameworks/Bom : 60
PrivateFrameworks/BookCoverUtility : 295
PrivateFrameworks/BookKit : 295
PrivateFrameworks/BookKitFoundation : 295
PrivateFrameworks/BookUtility : 295
PrivateFrameworks/Bootability : 54
PrivateFrameworks/BridgeOSInstall : 12
PrivateFrameworks/BridgeOSInstallReporting : 12
PrivateFrameworks/BridgeOSObliteration : 264
PrivateFrameworks/BridgeOSSoftwareUpdate : 2426
PrivateFrameworks/BridgeXPC : 4514
PrivateFrameworks/BulkSymbolication : 337
PrivateFrameworks/ByteRangeLocking : 3844
PrivateFrameworks/C2 : 1168
PrivateFrameworks/CMCapture : 24
PrivateFrameworks/CMCaptureCore : 22
PrivateFrameworks/CPAnalytics : 46
PrivateFrameworks/CPMLBestShim : 4580
PrivateFrameworks/CPMS : 164
PrivateFrameworks/CVNLP : 606
PrivateFrameworks/CacheDelete : 24
PrivateFrameworks/CalDAV : 377
PrivateFrameworks/Calculate : 221
PrivateFrameworks/CalendarAgent : 51
PrivateFrameworks/CalendarAgentLink : 249
PrivateFrameworks/CalendarDraw : 269
PrivateFrameworks/CalendarFoundation : 10
PrivateFrameworks/CalendarNotification : 54
PrivateFrameworks/CalendarPersistence : 57
PrivateFrameworks/CalendarUI : 10
PrivateFrameworks/CalendarUIKit : 55
PrivateFrameworks/CalendarWidget : 55
PrivateFrameworks/CallHistory : 74
PrivateFrameworks/CameraImagingFramework : 6077
PrivateFrameworks/CaptiveNetwork : 268
PrivateFrameworks/CardKit : 84
PrivateFrameworks/CardServices : 84
PrivateFrameworks/Cards : 84
PrivateFrameworks/Catalyst : 3508
PrivateFrameworks/Categories : 495
PrivateFrameworks/CharacterPicker : 2
PrivateFrameworks/ChronoKit : 104
PrivateFrameworks/ChronoServices : 104
PrivateFrameworks/ChronoUIServices : 49
PrivateFrameworks/ChunkingLibrary : 1743
PrivateFrameworks/ClassroomKit : 104
PrivateFrameworks/ClockMenuExtraPreferences : 240
PrivateFrameworks/CloudDocs : 5
PrivateFrameworks/CloudFamilyRestrictions : 436
PrivateFrameworks/CloudFamilyRestrictionsDaemon : 436
PrivateFrameworks/CloudKitDaemon : 29
PrivateFrameworks/CloudPhotoLibrary : 46
PrivateFrameworks/CloudPhotoServices : 46
PrivateFrameworks/CloudPhotoServicesConfiguration : 46
PrivateFrameworks/CloudServices : 24
PrivateFrameworks/Coherence : 4751
PrivateFrameworks/CombineCocoa : 196
PrivateFrameworks/CommonAuth : 32
PrivateFrameworks/CommonUtilities : 2729
PrivateFrameworks/CommunicationsFilter : 3721
PrivateFrameworks/ConditionInducer : 930
PrivateFrameworks/ConfigurationEngineModel : 1169
PrivateFrameworks/ConsoleKit : 10
PrivateFrameworks/ConstantClasses : 541
PrivateFrameworks/ContactsAgent : 582
PrivateFrameworks/ContactsAssistantServices : 708
PrivateFrameworks/ContactsAutocomplete : 23
PrivateFrameworks/ContactsAutocompleteUI : 33
PrivateFrameworks/ContactsDonation : 12
PrivateFrameworks/ContactsDonationFeedback : 12
PrivateFrameworks/ContactsFoundation : 64
PrivateFrameworks/ContactsUICore : 17
PrivateFrameworks/ContactsUIMacHelper : 49
PrivateFrameworks/ContentKit : 62
PrivateFrameworks/ContextKit : 465
PrivateFrameworks/ContextKitExtraction : 458
PrivateFrameworks/ControlCenter : 11
PrivateFrameworks/ConversationKit : 82
PrivateFrameworks/CoreADI : 15
PrivateFrameworks/CoreAUC : 92
PrivateFrameworks/CoreAVCHD : 4117
PrivateFrameworks/CoreAccessories : 65
PrivateFrameworks/CoreAnalytics : 377
PrivateFrameworks/CoreAppleCVA : 598
PrivateFrameworks/CoreAutoLayout : 543
PrivateFrameworks/CoreBrightness : 126
PrivateFrameworks/CoreCDP : 324
PrivateFrameworks/CoreCDPInternal : 324
PrivateFrameworks/CoreCDPUI : 324
PrivateFrameworks/CoreCapture : 1188
PrivateFrameworks/CoreCaptureControl : 1188
PrivateFrameworks/CoreCaptureDaemon : 1188
PrivateFrameworks/CoreChart : 25
PrivateFrameworks/CoreChineseEngine : 124
PrivateFrameworks/CoreDAV : 370
PrivateFrameworks/CoreDaemon : 753
PrivateFrameworks/CoreDuet : 22
PrivateFrameworks/CoreDuetContext : 22
PrivateFrameworks/CoreDuetDaemonProtocol : 22
PrivateFrameworks/CoreDuetDataModel : 22
PrivateFrameworks/CoreDuetDebugLogging : 22
PrivateFrameworks/CoreDuetStatistics : 22
PrivateFrameworks/CoreDuetSync : 22
PrivateFrameworks/CoreEmoji : 183
PrivateFrameworks/CoreFollowUp : 164
PrivateFrameworks/CoreFollowUpUI : 164
PrivateFrameworks/CoreHAP : 11
PrivateFrameworks/CoreHandwriting : 821
PrivateFrameworks/CoreHapticsTools : 7242
PrivateFrameworks/CoreJapaneseEngine : 139
PrivateFrameworks/CoreKDL : 1781
PrivateFrameworks/CoreKE : 9
PrivateFrameworks/CoreKnowledge : 1693
PrivateFrameworks/CoreLSKDMSE : 854
PrivateFrameworks/CoreLocationProtobuf : 199
PrivateFrameworks/CoreMLTestFramework : 23
PrivateFrameworks/CoreMaterial : 93
PrivateFrameworks/CoreMediaStream : 46
PrivateFrameworks/CoreNLP : 746
PrivateFrameworks/CoreNameParser : 2662
PrivateFrameworks/CoreNavigation : 613
PrivateFrameworks/CoreOptimization : 4580
PrivateFrameworks/CorePDF : 1358
PrivateFrameworks/CoreParsec : 11
PrivateFrameworks/CorePhoneNumbers : 62
PrivateFrameworks/CorePrediction : 4580
PrivateFrameworks/CoreRC : 1284
PrivateFrameworks/CoreRecents : 22
PrivateFrameworks/CoreRecognition : 561
PrivateFrameworks/CoreRoutine : 214
PrivateFrameworks/CoreSDB : 66
PrivateFrameworks/CoreSVG : 536
PrivateFrameworks/CoreServicesInternal : 8
PrivateFrameworks/CoreSymbolication : 59
PrivateFrameworks/CoreThemeDefinition : 402
PrivateFrameworks/CoreTime : 165
PrivateFrameworks/CoreUARP : 51
PrivateFrameworks/CoreUI : 52
PrivateFrameworks/CoreUtils : 278
PrivateFrameworks/CoreUtilsSwift : 6155
PrivateFrameworks/CoreUtilsUI : 239
PrivateFrameworks/CoreWLANKit : 6
PrivateFrameworks/CoreWiFi : 314
PrivateFrameworks/CrashReporterSupport : 7
PrivateFrameworks/CryptoKitCBridging : 1335
PrivateFrameworks/CryptoKitPrivate : 1335
PrivateFrameworks/DAAPKit : 1881
PrivateFrameworks/DASDaemon : 24
PrivateFrameworks/DCERPC : 804
PrivateFrameworks/DCIMServices : 46
PrivateFrameworks/DFRBrightness : 126
PrivateFrameworks/DFRDisplay : 271
PrivateFrameworks/DFRFoundation : 70
PrivateFrameworks/DSExternalDisplay : 867
PrivateFrameworks/DTXConnectionServices : 50
PrivateFrameworks/DVD : 15592
PrivateFrameworks/DataDeliveryServices : 368
PrivateFrameworks/DataDetectors : 286
PrivateFrameworks/DataDetectorsCore : 376
PrivateFrameworks/DataDetectorsNaturalLanguage : 2217
PrivateFrameworks/DebugSymbols : 267
PrivateFrameworks/DesktopServicesPriv : 46
PrivateFrameworks/DeviceCheckInternal : 452
PrivateFrameworks/DeviceIdentity : 329
PrivateFrameworks/DeviceLink : 1089
PrivateFrameworks/DeviceManagement : 1169
PrivateFrameworks/DeviceToDeviceManager : 14320
PrivateFrameworks/DiagnosticExtensions : 1093
PrivateFrameworks/DiagnosticExtensionsDaemon : 859
PrivateFrameworks/DiagnosticLogCollection : 88
PrivateFrameworks/DiagnosticRequest : 454
PrivateFrameworks/DiagnosticRequestService : 582
PrivateFrameworks/DiagnosticsKit : 321
PrivateFrameworks/DialogEngine : 17
PrivateFrameworks/DifferentialPrivacy : 27
PrivateFrameworks/DigitalTouchShared : 132
PrivateFrameworks/DirectoryEditor : 860
PrivateFrameworks/DirectoryServer : 12141
PrivateFrameworks/DiskImages : 111
PrivateFrameworks/DiskImages2 : 2162
PrivateFrameworks/DiskManagement : 8
PrivateFrameworks/DiskSpaceDiagnostics : 24
PrivateFrameworks/DisplayServices : 1026
PrivateFrameworks/DisplayTransportServices : 2904
PrivateFrameworks/DistributedEvaluation : 1170
PrivateFrameworks/DocumentCamera : 3183
PrivateFrameworks/DrawingKit : 108
PrivateFrameworks/DuetActivityScheduler : 24
PrivateFrameworks/DuetRecommendation : 22
PrivateFrameworks/DynamicDesktop : 7
PrivateFrameworks/EAFirmwareUpdater : 51
PrivateFrameworks/EAP8021X : 260
PrivateFrameworks/EFILogin : 8
PrivateFrameworks/EasyConfig : 278
PrivateFrameworks/EmbeddedAcousticRecognition : 306
PrivateFrameworks/EmbeddedOSInstall : 1445
PrivateFrameworks/EmbeddedOSSupportHost : 729
PrivateFrameworks/EmbeddedSensingProtocols : 1078
PrivateFrameworks/EmojiFoundation : 31
PrivateFrameworks/Engram : 88
PrivateFrameworks/Espresso : 23
PrivateFrameworks/ExchangeSync : 161
PrivateFrameworks/ExchangeWebServices : 384
PrivateFrameworks/ExpansionSlotSupport : 64
PrivateFrameworks/ExtensionFoundation : 183
PrivateFrameworks/ExtensionKit : 183
PrivateFrameworks/FMClient : 7904
PrivateFrameworks/FMCore : 483
PrivateFrameworks/FMCoreLite : 485
PrivateFrameworks/FMCoreUI : 288
PrivateFrameworks/FMF : 347
PrivateFrameworks/FMFCore : 184
PrivateFrameworks/FMFUI : 347
PrivateFrameworks/FMIPCore : 184
PrivateFrameworks/FMNetworking : 38
PrivateFrameworks/FTAWD : 88
PrivateFrameworks/FTClientServices : 27
PrivateFrameworks/FTServices : 27
PrivateFrameworks/FWAVC : 551
PrivateFrameworks/FaceCore : 416
PrivateFrameworks/FamilyCircle : 4
PrivateFrameworks/FamilyCircleUI : 4
PrivateFrameworks/FamilyControls : 485
PrivateFrameworks/FamilyNotification : 4
PrivateFrameworks/FeatureFlags : 663
PrivateFrameworks/FeatureFlagsSupport : 663
PrivateFrameworks/FeedbackLogger : 633
PrivateFrameworks/FileProviderDaemon : 11
PrivateFrameworks/FilesActionsUI : 677
PrivateFrameworks/FindMyDevice : 41
PrivateFrameworks/FindMyDeviceUI : 739
PrivateFrameworks/FindMyMac : 2
PrivateFrameworks/FinderKit : 13
PrivateFrameworks/FlightUtilities : 180
PrivateFrameworks/FlightUtilitiesCore : 180
PrivateFrameworks/FlowFrameKit : 156
PrivateFrameworks/FolderActionsKit : 384
PrivateFrameworks/FontServices : 390
PrivateFrameworks/FoundInAppsPlugins : 31
PrivateFrameworks/FoundationODR : 23
PrivateFrameworks/FrontBoardServices : 70
PrivateFrameworks/FuseBoard : 10
PrivateFrameworks/FuseBoardServices : 10
PrivateFrameworks/FusionPluginKit : 256
PrivateFrameworks/FusionPluginServices : 256
PrivateFrameworks/Futhark : 1479
PrivateFrameworks/GPUInfo : 143
PrivateFrameworks/GPURawCounter : 1930
PrivateFrameworks/GPUSupport : 19
PrivateFrameworks/GameCenterFoundation : 93
PrivateFrameworks/GameCenterUI : 93
PrivateFrameworks/GameCenterUICore : 93
PrivateFrameworks/GameKitServices : 194
PrivateFrameworks/GenerationalStorage : 2216
PrivateFrameworks/GeoKit : 11
PrivateFrameworks/Geode : 44
PrivateFrameworks/GraphKit : 14036
PrivateFrameworks/GraphVisualizer : 5126
PrivateFrameworks/GraphicsServices : 4262
PrivateFrameworks/H10ISPServices : 81
PrivateFrameworks/HDAInterface : 1772
PrivateFrameworks/HID : 22
PrivateFrameworks/HIDPreferences : 22
PrivateFrameworks/HMFoundation : 86
PrivateFrameworks/HTTPServer : 371
PrivateFrameworks/HearingCore : 14
PrivateFrameworks/HearingUtilities : 14
PrivateFrameworks/Helium : 408
PrivateFrameworks/HelpData : 121
PrivateFrameworks/HomeAI : 86
PrivateFrameworks/HomeAutomationInternal : 73
PrivateFrameworks/HomeKit : 11
PrivateFrameworks/HomeKitBackingStore : 11
PrivateFrameworks/HomeKitCore : 11
PrivateFrameworks/HomeKitDaemon : 11
PrivateFrameworks/IAP : 1192
PrivateFrameworks/IASUtilities : 36
PrivateFrameworks/IDS : 27
PrivateFrameworks/IDSFoundation : 27
PrivateFrameworks/IDSHashPersistence : 137
PrivateFrameworks/IDSKVStore : 137
PrivateFrameworks/IDSSystemPreferencesSignIn : 27
PrivateFrameworks/IMAVCore : 3470
PrivateFrameworks/IMAssistantCore : 107
PrivateFrameworks/IMCore : 107
PrivateFrameworks/IMCorePipeline : 107
PrivateFrameworks/IMDMessageServices : 107
PrivateFrameworks/IMDPersistence : 107
PrivateFrameworks/IMDaemonCore : 107
PrivateFrameworks/IMFoundation : 88
PrivateFrameworks/IMSharedUI : 107
PrivateFrameworks/IMSharedUtilities : 107
PrivateFrameworks/IMTranscoderAgent : 107
PrivateFrameworks/IMTranscoding : 107
PrivateFrameworks/IMTransferAgent : 107
PrivateFrameworks/IMTransferServices : 88
PrivateFrameworks/IOCEC : 18943
PrivateFrameworks/IOGPU : 112
PrivateFrameworks/IOImageLoader : 2529
PrivateFrameworks/IOKitten : 1981
PrivateFrameworks/IOMobileFramebuffer : 7
PrivateFrameworks/IOPlatformPluginFamily : 685
PrivateFrameworks/IOPresentment : 15
PrivateFrameworks/IOSurfaceAccelerator : 2970
PrivateFrameworks/ISSupport : 12003
PrivateFrameworks/IdleTimerServices : 1475
PrivateFrameworks/InAppMessages : 575
PrivateFrameworks/InAppMessagesCore : 1912
PrivateFrameworks/IncomingCallFilter : 3721
PrivateFrameworks/InertiaCam : 1314
PrivateFrameworks/InputContext : 611
PrivateFrameworks/InputTranscoder : 1347
PrivateFrameworks/Install : 13
PrivateFrameworks/InstallCoordination : 12
PrivateFrameworks/InstallerDiagnostics : 2528
PrivateFrameworks/IntentsCore : 20
PrivateFrameworks/IntentsFoundation : 20
PrivateFrameworks/IntentsServices : 20
PrivateFrameworks/InternalSwiftProtobuf : 3691
PrivateFrameworks/InternationalSupport : 36
PrivateFrameworks/InternationalTextSearch : 1344
PrivateFrameworks/InternetAccounts : 800
PrivateFrameworks/IntlPreferences : 30
PrivateFrameworks/JavaLaunching : 79
PrivateFrameworks/JavaScriptAppleEvents : 223
PrivateFrameworks/JavaScriptOSA : 411
PrivateFrameworks/Jet : 581
PrivateFrameworks/JetEngine : 21
PrivateFrameworks/JetUI : 21
PrivateFrameworks/KerberosHelper : 4087
PrivateFrameworks/KeyboardServices : 1224
PrivateFrameworks/KeychainCircle : 56
PrivateFrameworks/KnowledgeGraphKit : 112
PrivateFrameworks/KnowledgeMonitor : 261
PrivateFrameworks/LanguageModeling : 183
PrivateFrameworks/Lexicon : 1312
PrivateFrameworks/LibraryRepair : 2629
PrivateFrameworks/LimitAdTracking : 3
PrivateFrameworks/LinguisticData : 38
PrivateFrameworks/LocalAuthenticationRecoveryUI : 24
PrivateFrameworks/LocalAuthenticationUI : 24
PrivateFrameworks/LocationSupport : 19
PrivateFrameworks/LockoutUI : 5726
PrivateFrameworks/LoggingSupport : 23
PrivateFrameworks/LoginUIKit : 12
PrivateFrameworks/Lookup : 91
PrivateFrameworks/MDSChannel : 3867
PrivateFrameworks/MFAAuthentication : 65
PrivateFrameworks/MFiAuthentication : 1192
PrivateFrameworks/MMCS : 1168
PrivateFrameworks/MMCSServices : 107
PrivateFrameworks/MTLCompiler : 94
PrivateFrameworks/MTLSimImplementation : 94
PrivateFrameworks/MachineSettings : 6483
PrivateFrameworks/MallocStackLogging : 298
PrivateFrameworks/Mangrove : 2118
PrivateFrameworks/MapsSuggestions : 13
PrivateFrameworks/MapsSupport : 13
PrivateFrameworks/MapsSync : 25
PrivateFrameworks/Marco : 88
PrivateFrameworks/MarkupUI : 108
PrivateFrameworks/MaterialKit : 98
PrivateFrameworks/MediaControlSender : 31
PrivateFrameworks/MediaConversionService : 46
PrivateFrameworks/MediaExperience : 26
PrivateFrameworks/MediaFoundation : 6010
PrivateFrameworks/MediaKit : 322
PrivateFrameworks/MediaMiningKit : 112
PrivateFrameworks/MediaServices : 98
PrivateFrameworks/MediaStream : 46
PrivateFrameworks/Memories : 1096
PrivateFrameworks/MessageProtection : 673
PrivateFrameworks/MessageSecurity : 438
PrivateFrameworks/MessagesBlastDoorSupport : 749
PrivateFrameworks/MessagesHelperKit : 107
PrivateFrameworks/MessagesKit : 107
PrivateFrameworks/MetalSerializer : 94
PrivateFrameworks/MetalTools : 94
PrivateFrameworks/MetricKitCore : 2826
PrivateFrameworks/MetricKitServices : 2826
PrivateFrameworks/MetricKitSource : 2826
PrivateFrameworks/MetricMeasurement : 2826
PrivateFrameworks/MiniSoftwareUpdate : 13
PrivateFrameworks/MobileAccessoryUpdater : 51
PrivateFrameworks/MobileActivationMacOS : 329
PrivateFrameworks/MobileAsset : 68
PrivateFrameworks/MobileAssetUpdater : 51
PrivateFrameworks/MobileBluetooth : 19
PrivateFrameworks/MobileContainerManager : 42
PrivateFrameworks/MobileDevice : 134
PrivateFrameworks/MobileInstallation : 36
PrivateFrameworks/MobileKeyBag : 602
PrivateFrameworks/MobileObliteration : 264
PrivateFrameworks/MobileStorage : 743
PrivateFrameworks/MobileStoreDemoCore : 15
PrivateFrameworks/MobileSystemServices : 4567
PrivateFrameworks/Mondrian : 44
PrivateFrameworks/MonitorPanel : 241
PrivateFrameworks/Montreal : 376
PrivateFrameworks/MorphunAssetsUpdater : 34
PrivateFrameworks/MorphunSwift : 34
PrivateFrameworks/MultitouchSupport : 21
PrivateFrameworks/MultiverseSupport : 427
PrivateFrameworks/MusicLibrary : 22
PrivateFrameworks/NLP : 979
PrivateFrameworks/NPTKit : 683
PrivateFrameworks/Navigation : 21
PrivateFrameworks/NearField : 127
PrivateFrameworks/NetAppsUtilities : 4239
PrivateFrameworks/NetAuth : 927
PrivateFrameworks/NetFSServer : 28
PrivateFrameworks/Netrb : 160
PrivateFrameworks/NetworkServiceProxy : 9669
PrivateFrameworks/NetworkStatistics : 2350
PrivateFrameworks/NeutrinoCore : 46
PrivateFrameworks/NeutrinoKit : 46
PrivateFrameworks/Noticeboard : 1435
PrivateFrameworks/OAHSoftwareUpdate : 10
PrivateFrameworks/OAuth : 24075
PrivateFrameworks/OSAServicesClient : 24
PrivateFrameworks/OSASubmissionClient : 25
PrivateFrameworks/OSASyncProxyClient : 25
PrivateFrameworks/OSAnalytics : 24
PrivateFrameworks/OSAnalyticsPrivate : 25
PrivateFrameworks/OSD : 3640
PrivateFrameworks/OSInstaller : 27
PrivateFrameworks/OSPersonalization : 140
PrivateFrameworks/OTSVG : 23
PrivateFrameworks/OctagonTrust : 56
PrivateFrameworks/OfficeImport : 491
PrivateFrameworks/OnBoardingKit : 86
PrivateFrameworks/OpenDirectoryConfig : 15283
PrivateFrameworks/OpenDirectoryConfigUI : 163
PrivateFrameworks/Osprey : 609
PrivateFrameworks/PAImaging : 44
PrivateFrameworks/PAImagingCore : 44
PrivateFrameworks/PDFKit : 12
PrivateFrameworks/PDS : 137
PrivateFrameworks/PDSAgent : 137
PrivateFrameworks/PIP : 2253
PrivateFrameworks/PSNormalizer : 484
PrivateFrameworks/PacketFilter : 884
PrivateFrameworks/ParsecModel : 11
PrivateFrameworks/ParsecSubscriptionServiceSupport : 11
PrivateFrameworks/PassKit : 95
PrivateFrameworks/PassKitCore : 96
PrivateFrameworks/PassKitMacHelper : 34
PrivateFrameworks/PassKitUI : 114
PrivateFrameworks/PassKitUIFoundation : 24
PrivateFrameworks/PasswordServer : 9140
PrivateFrameworks/PencilKit : 23
PrivateFrameworks/PeopleSuggester : 22
PrivateFrameworks/PerformanceAnalysis : 337
PrivateFrameworks/PerformanceTrace : 580
PrivateFrameworks/PersistentConnection : 3189
PrivateFrameworks/PersonaKit : 1503
PrivateFrameworks/PersonaUI : 1503
PrivateFrameworks/PersonalizationPortrait : 31
PrivateFrameworks/PersonalizationPortraitInternals : 31
PrivateFrameworks/PhoneNumberResolver : 822
PrivateFrameworks/PhoneNumbers : 62
PrivateFrameworks/PhotoAnalysis : 112
PrivateFrameworks/PhotoFoundation : 46
PrivateFrameworks/PhotoImaging : 46
PrivateFrameworks/PhotoLibrary : 33
PrivateFrameworks/PhotoLibraryServices : 46
PrivateFrameworks/PhotoPrintProduct : 417
PrivateFrameworks/PhotoVision : 46
PrivateFrameworks/PhotosFormats : 46
PrivateFrameworks/PhotosGraph : 112
PrivateFrameworks/PhotosImagingFoundation : 46
PrivateFrameworks/PhotosPlayer : 46
PrivateFrameworks/PhotosUIApps : 112
PrivateFrameworks/PhotosUICore : 33
PrivateFrameworks/PhysicsKit : 796
PrivateFrameworks/PlacesKit : 33
PrivateFrameworks/PlugInKit : 8
PrivateFrameworks/PodcastsFoundation : 52
PrivateFrameworks/PodcastsKit : 29
PrivateFrameworks/PowerLog : 19
PrivateFrameworks/PowerUI : 29
PrivateFrameworks/PowerlogControl : 19
PrivateFrameworks/PowerlogCore : 19
PrivateFrameworks/PowerlogDatabaseReader : 19
PrivateFrameworks/PowerlogFullOperators : 22
PrivateFrameworks/PowerlogHelperdOperators : 22
PrivateFrameworks/PowerlogLiteOperators : 22
PrivateFrameworks/PreferencePanesSupport : 77
PrivateFrameworks/PrintKit : 1400
PrivateFrameworks/PrintingPrivate : 79
PrivateFrameworks/PrivateFederatedLearning : 1489
PrivateFrameworks/ProVideo : 500
PrivateFrameworks/ProactiveEventTracker : 208
PrivateFrameworks/ProactiveInputPredictions : 8
PrivateFrameworks/ProactiveInputPredictionsInternals : 8
PrivateFrameworks/ProactiveSupport : 208
PrivateFrameworks/ProactiveSupportStubs : 208
PrivateFrameworks/PromotedContentSupport : 11
PrivateFrameworks/ProofReader : 77
PrivateFrameworks/ProtectedCloudStorage : 712
PrivateFrameworks/ProtocolBuffer : 405
PrivateFrameworks/PrototypeTools : 1151
PrivateFrameworks/PubSub : 11
PrivateFrameworks/QLCharts : 491
PrivateFrameworks/Quagga : 275
PrivateFrameworks/QuickLookIosmac : 99
PrivateFrameworks/QuickLookSupport : 97
PrivateFrameworks/QuickLookThumbnailing : 97
PrivateFrameworks/QuickLookThumbnailingDaemon : 90
PrivateFrameworks/QuickLookUIIosmac : 99
PrivateFrameworks/RTBuddyCrashlogDecoder : 54
PrivateFrameworks/RTCReporting : 21
PrivateFrameworks/RTTUI : 14
PrivateFrameworks/RTTUtilities : 14
PrivateFrameworks/Rapport : 84
PrivateFrameworks/RapportUI : 85
PrivateFrameworks/ReminderMigration : 326
PrivateFrameworks/RemindersToolbox : 139
PrivateFrameworks/RemindersUICore : 58
PrivateFrameworks/RemoteConfiguration : 1070
PrivateFrameworks/RemoteCoreML : 3734
PrivateFrameworks/RemoteManagement : 1521
PrivateFrameworks/RemoteServiceDiscovery : 23
PrivateFrameworks/RemoteTextInput : 2363
PrivateFrameworks/RemoteViewServices : 182
PrivateFrameworks/RemoteXPC : 23
PrivateFrameworks/ReplayKitMacHelper : 5
PrivateFrameworks/ResponseKit : 773
PrivateFrameworks/Restore : 46
PrivateFrameworks/Reveal : 220
PrivateFrameworks/RevealCore : 220
PrivateFrameworks/RunningBoard : 328
PrivateFrameworks/RunningBoardServices : 319
PrivateFrameworks/SAObjects : 711
PrivateFrameworks/SCEP : 420
PrivateFrameworks/SDAPI : 3626
PrivateFrameworks/SMBClientEngine : 326
PrivateFrameworks/SPFinder : 17
PrivateFrameworks/SPOwner : 17
PrivateFrameworks/SPShared : 38
PrivateFrameworks/SPSupport : 112
PrivateFrameworks/SafeEjectGPU : 375
PrivateFrameworks/SampleAnalysis : 337
PrivateFrameworks/ScoreBoard : 1918
PrivateFrameworks/ScreenSharing : 87
PrivateFrameworks/ScreenTimeCore : 32
PrivateFrameworks/ScreenTimeSettingsUI : 23
PrivateFrameworks/ScreenTimeUI : 32
PrivateFrameworks/SearchAds : 3
PrivateFrameworks/SearchFoundation : 11
PrivateFrameworks/SearchUICardKitProviderSupport : 58
PrivateFrameworks/SecCodeWrapper : 6
PrivateFrameworks/SecureChannel : 1443
PrivateFrameworks/SecurityTokend : 6047
PrivateFrameworks/Seeding : 10
PrivateFrameworks/SemanticDocumentManagement : 3894
PrivateFrameworks/SensingProtocols : 1078
PrivateFrameworks/Sentry : 769
PrivateFrameworks/ServerCompatibility : 4281
PrivateFrameworks/ServerInformation : 296
PrivateFrameworks/SetupAssistantFramework : 36
PrivateFrameworks/SetupKit : 239
PrivateFrameworks/ShareKit : 264
PrivateFrameworks/SharePointManagement : 9
PrivateFrameworks/ShareServicesCore : 44
PrivateFrameworks/ShareSheet : 19
PrivateFrameworks/SharedWebCredentials : 245
PrivateFrameworks/SharingXPCServices : 83
PrivateFrameworks/ShazamInsights : 283
PrivateFrameworks/ShazamKit : 283
PrivateFrameworks/ShazamKitUI : 283
PrivateFrameworks/Shortcut : 175
PrivateFrameworks/ShoveService : 10
PrivateFrameworks/SidecarCore : 69
PrivateFrameworks/SidecarUI : 69
PrivateFrameworks/SignpostCollection : 1354
PrivateFrameworks/SignpostMetrics : 1354
PrivateFrameworks/SignpostNotification : 285
PrivateFrameworks/SignpostSupport : 1354
PrivateFrameworks/SiriAppResolution : 156
PrivateFrameworks/SiriAudioInternal : 439
PrivateFrameworks/SiriAudioSupport : 439
PrivateFrameworks/SiriClientFlow : 23
PrivateFrameworks/SiriCore : 58
PrivateFrameworks/SiriDailyBriefingInternal : 275
PrivateFrameworks/SiriDialogEngine : 350
PrivateFrameworks/SiriFoundation : 8
PrivateFrameworks/SiriGeo : 816
PrivateFrameworks/SiriInference : 221
PrivateFrameworks/SiriInstrumentation : 15
PrivateFrameworks/SiriIntentEvents : 221
PrivateFrameworks/SiriKitFlow : 156
PrivateFrameworks/SiriKitInvocation : 61
PrivateFrameworks/SiriKitRuntime : 156
PrivateFrameworks/SiriObservation : 53
PrivateFrameworks/SiriOntology : 731
PrivateFrameworks/SiriOntologyProtobuf : 731
PrivateFrameworks/SiriPlaybackControlIntents : 327
PrivateFrameworks/SiriPlaybackControlSupport : 327
PrivateFrameworks/SiriSpeechSynthesis : 23
PrivateFrameworks/SiriTasks : 53
PrivateFrameworks/SiriUI : 8
PrivateFrameworks/SiriVOX : 58
PrivateFrameworks/SiriVideoIntents : 61
PrivateFrameworks/Slideshows : 644
PrivateFrameworks/SocialAppsCore : 107
PrivateFrameworks/SocialServices : 65
PrivateFrameworks/SocialUI : 107
PrivateFrameworks/SoftLinking : 327
PrivateFrameworks/SoftwareUpdateMacController : 11
PrivateFrameworks/SpanMatcher : 58
PrivateFrameworks/SpeakerRecognition : 30
PrivateFrameworks/SpeechDictionary : 1017
PrivateFrameworks/SpeechObjects : 121
PrivateFrameworks/SpeechRecognitionCommandServices : 81
PrivateFrameworks/SpeechRecognitionCore : 375
PrivateFrameworks/StorageKit : 78
PrivateFrameworks/StorageManagement : 98
PrivateFrameworks/StoreKitMacHelper : 4
PrivateFrameworks/StoreKitUIMac : 4
PrivateFrameworks/StoreServices : 19
PrivateFrameworks/StreamingZip : 286
PrivateFrameworks/Suggestions : 249
PrivateFrameworks/Symbolication : 298
PrivateFrameworks/SymptomDiagnosticReporter : 454
PrivateFrameworks/SymptomReporter : 34
PrivateFrameworks/Symptoms : 34
PrivateFrameworks/SyncServicesUI : 165
PrivateFrameworks/SyncedDefaults : 1392
PrivateFrameworks/SystemAdministration : 10
PrivateFrameworks/SystemAdministrationInterface : 632
PrivateFrameworks/SystemDesktopAppearance : 60
PrivateFrameworks/SystemMigration : 2
PrivateFrameworks/SystemMigrationNetworking : 2
PrivateFrameworks/SystemMigrationUtils : 2
PrivateFrameworks/SystemUIPlugin : 696
PrivateFrameworks/TCC : 18
PrivateFrameworks/TTYUtilities : 5502
PrivateFrameworks/TelephonyUtilities : 142
PrivateFrameworks/TextInputMenuUI : 11
PrivateFrameworks/TextRecognition : 556
PrivateFrameworks/TextToSpeech : 365
PrivateFrameworks/TextureIO : 10344
PrivateFrameworks/TimeMachine : 166
PrivateFrameworks/TimeSync : 360
PrivateFrameworks/Timeline : 981
PrivateFrameworks/ToneKit : 228
PrivateFrameworks/ToneLibrary : 228
PrivateFrameworks/Tourist : 1009
PrivateFrameworks/Translation : 37
PrivateFrameworks/Transparency : 24
PrivateFrameworks/TransparencyDetailsViewMac : 3
PrivateFrameworks/Trial : 61
PrivateFrameworks/TrialProto : 61
PrivateFrameworks/TrialServer : 61
PrivateFrameworks/TrustEvaluationAgent : 1239
PrivateFrameworks/TrustedPeers : 56
PrivateFrameworks/UARPiCloud : 51
PrivateFrameworks/UAUPlugin : 1422
PrivateFrameworks/UIFoundation : 52
PrivateFrameworks/UIKitMacHelper : 31
PrivateFrameworks/UIKitServices : 23
PrivateFrameworks/UIRecording : 2235
PrivateFrameworks/URLFormatting : 36
PrivateFrameworks/USDKit : 180
PrivateFrameworks/UXKit : 46
PrivateFrameworks/Uninstall : 12
PrivateFrameworks/UsageTracking : 719
PrivateFrameworks/UserActivity : 385
PrivateFrameworks/UserManagement : 806
PrivateFrameworks/VCXMPP : 1365
PrivateFrameworks/VFX : 756
PrivateFrameworks/VFXBase : 756
PrivateFrameworks/VectorKit : 21
PrivateFrameworks/VideoSubscriberAccountUI : 58
PrivateFrameworks/VirtualGarage : 21
PrivateFrameworks/VisionKit : 4599
PrivateFrameworks/VisualPairing : 1114
PrivateFrameworks/VisualTestKit : 2509
PrivateFrameworks/VoiceShortcutClient : 62
PrivateFrameworks/VoiceShortcuts : 62
PrivateFrameworks/VoiceTrigger : 6045
PrivateFrameworks/WPDaemon : 621
PrivateFrameworks/WatchdogClient : 31
PrivateFrameworks/WeatherFoundation : 200
PrivateFrameworks/WeatherKit : 387
PrivateFrameworks/WebContentAnalysis : 1083
PrivateFrameworks/WebFilterDNS : 1083
PrivateFrameworks/WiFiAnalytics : 343
PrivateFrameworks/WiFiCloudSyncEngine : 51
PrivateFrameworks/WiFiPeerToPeer : 304
PrivateFrameworks/WiFiPolicy : 429
PrivateFrameworks/WiFiVelocity : 364
PrivateFrameworks/WildDevices : 201
PrivateFrameworks/WirelessCoexManager : 79
PrivateFrameworks/WirelessDiagnostics : 11966
PrivateFrameworks/WirelessProximity : 621
PrivateFrameworks/WorkflowKit : 62
PrivateFrameworks/WorkflowUIServices : 32
PrivateFrameworks/XARTRecovery : 83
PrivateFrameworks/XCTAutomationSupport : 298
PrivateFrameworks/XCTTargetBootstrap : 298
PrivateFrameworks/XGBoostFramework : 67
PrivateFrameworks/XQuery : 5675
PrivateFrameworks/XprotectFramework : 105
PrivateFrameworks/ZhuGeSupport : 882
PrivateFrameworks/acfs : 8
PrivateFrameworks/acfsSupport : 15
PrivateFrameworks/apfs_boot_mount : 2
PrivateFrameworks/caulk : 1224
PrivateFrameworks/iAdCore : 168
PrivateFrameworks/iAdServices : 168
PrivateFrameworks/iCalendar : 241
PrivateFrameworks/iCloudNotification : 995
PrivateFrameworks/iLifeMediaBrowser : 379
PrivateFrameworks/iPod : 688
PrivateFrameworks/iPodSync : 3234
PrivateFrameworks/iPodUpdater : 2839
PrivateFrameworks/iTunesCloud : 9
PrivateFrameworks/iWorkXPC : 1265
PrivateFrameworks/kperf : 921
PrivateFrameworks/kperfdata : 921
PrivateFrameworks/ktrace : 26
PrivateFrameworks/oncrpc : 1996
PrivateFrameworks/perfdata : 896
PrivateFrameworks/yara : 1185
CoreServices/AVB Audio Configuration : 900.12
CoreServices/AddPrinter : 586
CoreServices/AddressBookUrlForwarder : 2452
CoreServices/AirPlayUIAgent : 525.34.2
CoreServices/Automator Application Stub : 509
CoreServices/Automator Installer : 509
CoreServices/Bluetooth Setup Assistant : 8.0.0d60
CoreServices/BluetoothUIServer : 8.0.0d60
CoreServices/ClimateProxy : 1695
CoreServices/ControlCenter : 129
CoreServices/CoreLocationAgent : 2420.8.9
CoreServices/CoreServicesUIAgent : 358.2
CoreServices/DiskImageMounter : 595.40.1
CoreServices/Dock : 2089
CoreServices/Dwell Control : 322
CoreServices/Finder : 1350
CoreServices/Install Command Line Developer Tools : 2384
CoreServices/Install in Progress : 1028
CoreServices/Installer Progress : 583
CoreServices/Installer : 1018
CoreServices/Keychain Circle Notification : 59754.40.55
CoreServices/Language Chooser : 621
CoreServices/ManagedClient : 1319
CoreServices/NotificationCenter : 1099
CoreServices/OBEXAgent : 8.0.0d60
CoreServices/Paired Devices : 210.4
CoreServices/Problem Reporter : 15043
CoreServices/RapportUIAgent : 210.4
CoreServices/Screen Time : 493
CoreServices/Setup Assistant : 3050
CoreServices/Siri : 201.1.11
CoreServices/Software Update : 1407
CoreServices/Spotlight : 2148.3
CoreServices/SystemUIServer : 515
CoreServices/TextInputMenuAgent : 265
CoreServices/TextInputSwitcher : 265
CoreServices/UIKitSystem : 232
CoreServices/UniversalAccessControl : 534
CoreServices/UserNotificationCenter : 64.101
CoreServices/VoiceOver : 757
CoreServices/loginwindow : 2023
Applications/Ticket Viewer : 43.40.1
Frameworks/ARKit : 182
Frameworks/AVKit : 95
Frameworks/AddressBook : 204
Frameworks/AddressBookUI : 419
Frameworks/AppClip : 16
Frameworks/AssetsLibrary : 13
Frameworks/BusinessChat : 27
Frameworks/CarPlay : 113
Frameworks/ClockKit : 3
Frameworks/CoreAudioKit : 8
Frameworks/EventKitUI : 60
Frameworks/GLKit : 393
Frameworks/GameController : 12
Frameworks/GameKit : 33
Frameworks/GameplayKit : 223
Frameworks/HomeKit : 4
Frameworks/LinkPresentation : 10
Frameworks/MapKit : 15
Frameworks/Messages : 33
Frameworks/MetalKit : 894
Frameworks/MobileCoreServices : 68
Frameworks/MultipeerConnectivity : 275
Frameworks/NetworkExtensioniOSSupport : 8
Frameworks/NewsstandKit : 1452
Frameworks/OpenAL : 598
Frameworks/OpenGLES : 17
Frameworks/PDFKit : 7
Frameworks/PassKit : 34
Frameworks/PhotosUI : 13
Frameworks/ReplayKit : 5
Frameworks/SceneKit : 13
Frameworks/ScreenTime : 10
Frameworks/Social : 66
Frameworks/SpriteKit : 272
Frameworks/StoreKit : 4
Frameworks/Twitter : 1093
Frameworks/UIKit : 31
Frameworks/UserNotificationsUI : 24
Frameworks/VisionKit : 2087
Frameworks/WatchConnectivity : 717
Frameworks/WatchKit : 2723
Frameworks/WidgetKit : 49
Frameworks/_AVKit_SwiftUI : 186
Frameworks/_SceneKit_SwiftUI : 46
Frameworks/_SpriteKit_SwiftUI : 352
Frameworks/iAd : 168
PrivateFrameworks/AVKitMacHelper : 95
PrivateFrameworks/AccessibilityUI : 9
PrivateFrameworks/AccessibilityUIService : 9
PrivateFrameworks/AccessibilityUIShared : 9
PrivateFrameworks/AccessibilityUIUtilities : 9
PrivateFrameworks/ActionKit : 16
PrivateFrameworks/ActionKitUI : 29
PrivateFrameworks/ActivityRingsUI : 1011
PrivateFrameworks/AdPlatformsCommonUI : 11
PrivateFrameworks/AddressBookLegacy : 2048
PrivateFrameworks/AppAnalytics : 1
PrivateFrameworks/AppSupportUI : 645
PrivateFrameworks/AppleMediaServicesUI : 3
PrivateFrameworks/AppleMediaServicesUIDynamic : 3
PrivateFrameworks/AuthKitUI : 73
PrivateFrameworks/AuthKitUIMacHelper : 73
PrivateFrameworks/AvatarKit : 10
PrivateFrameworks/AvatarUI : 7
PrivateFrameworks/BaseBoardUI : 360
PrivateFrameworks/CalendarUIKit : 43
PrivateFrameworks/ChatKit : 33
PrivateFrameworks/ChronoKit : 49
PrivateFrameworks/ClassroomKit : 104
PrivateFrameworks/ContentKit : 16
PrivateFrameworks/CoreChart : 6
PrivateFrameworks/CorePDF : 346
PrivateFrameworks/CoreRecognition : 309
PrivateFrameworks/CryptoTokenKitExtensionSDK : 1
PrivateFrameworks/DataDetectorsUI : 286
PrivateFrameworks/DocumentCamera : 982
PrivateFrameworks/DocumentManager : 12
PrivateFrameworks/DocumentManagerCore : 12
PrivateFrameworks/EmojiKit : 432
PrivateFrameworks/FMCoreUI : 162
PrivateFrameworks/FMFUI : 87
PrivateFrameworks/FrontBoard : 74
PrivateFrameworks/GameCenterUI : 4
PrivateFrameworks/HealthDaemon : 17
PrivateFrameworks/HelpKit : 1248
PrivateFrameworks/HomeRecommendationEngine : 12
PrivateFrameworks/IMAssistantCore : 33
PrivateFrameworks/IMCore : 33
PrivateFrameworks/IMDPersistence : 33
PrivateFrameworks/IMSharedUI : 33
PrivateFrameworks/IMSharedUtilities : 33
PrivateFrameworks/IMTranscoding : 33
PrivateFrameworks/InAppMessages : 539
PrivateFrameworks/IntlPreferences : 11
PrivateFrameworks/JITAppKit : 1002
PrivateFrameworks/Jet : 321
PrivateFrameworks/JetEngine : 9
PrivateFrameworks/JetUI : 9
PrivateFrameworks/ManagedConfiguration : 239
PrivateFrameworks/MobileTimer : 41
PrivateFrameworks/MobileTimerUI : 41
PrivateFrameworks/NanoRegistry : 638
PrivateFrameworks/NetAppsUtilitiesUI : 4239
PrivateFrameworks/NewsAds : 2
PrivateFrameworks/NewsAppKit : 2
PrivateFrameworks/NewsPersonalization : 2
PrivateFrameworks/OnBoardingKit : 60
PrivateFrameworks/PassKitServices : 23
PrivateFrameworks/PersonaUI : 468
PrivateFrameworks/PhotoLibrary : 13
PrivateFrameworks/PhotosPlayer : 13
PrivateFrameworks/PhotosUICore : 13
PrivateFrameworks/PodcastsUI : 42
PrivateFrameworks/PromotedContent : 42
PrivateFrameworks/PromotedContentProxy : 11
PrivateFrameworks/PromotedContentUI : 42
PrivateFrameworks/QuickLookThumbnailingExtension : 97
PrivateFrameworks/RapportUI : 25
PrivateFrameworks/SearchToShareCore : 524
PrivateFrameworks/Stocks : 1242
PrivateFrameworks/TSReading : 346
PrivateFrameworks/TSUtility : 346
PrivateFrameworks/TeaCharts : 1
PrivateFrameworks/TeaDB : 1
PrivateFrameworks/TeaFoundation : 1
PrivateFrameworks/TeaSettings : 1
PrivateFrameworks/TeaSnappy : 1
PrivateFrameworks/TeaTemplate : 1
PrivateFrameworks/TeaUI : 1
PrivateFrameworks/TeaUIKit : 1
PrivateFrameworks/TextInputUI : 208
PrivateFrameworks/TouchML : 1221
PrivateFrameworks/TransparencyDetailsView : 3
PrivateFrameworks/UIKitCore : 31
PrivateFrameworks/UIKitMacHelper : 31
PrivateFrameworks/UIKitServices : 23
PrivateFrameworks/UserNotificationsExtensionPoint : 115
PrivateFrameworks/VisualPairing : 515
PrivateFrameworks/VoiceMemos : 68
PrivateFrameworks/VoiceOverServices : 9
PrivateFrameworks/VoiceShortcutClient : 16
PrivateFrameworks/VoiceShortcuts : 16
PrivateFrameworks/Weather : 123
PrivateFrameworks/WeatherCharts : 123
PrivateFrameworks/WeatherFoundation : 37
PrivateFrameworks/WebKit : 2
PrivateFrameworks/WorkflowEditor : 29
PrivateFrameworks/WorkflowKit : 16
PrivateFrameworks/WorkflowUI : 29
PrivateFrameworks/WorkflowUICore : 29
PrivateFrameworks/WorkflowUIServices : 16
PrivateFrameworks/XavierCore : 2
PrivateFrameworks/XavierNews : 2
PrivateFrameworks/ZoomServices : 9
