Applications/Dark Boot : 288
Applications/DockIconCacheViewer : 1
Applications/Epic Games Launcher : 10.18.1
Applications/Firefox : 7820.7.8
Applications/Gifski : 39
Applications/Google Chrome : 4147.105
Applications/MacForge : 5760
Applications/MacUpdater : 8475
Applications/RunCat : 8.2.2
Applications/Safari : 16610.1.23.1.3
Applications/Spotify : 1.1.37.690.g8f3b16fc-12
Applications/Visual Studio Code : 1.47.2
Applications/XtraFinderLoader : 1
Applications/cDock : 7451
Applications/iTerm : 3.4.0beta2
Applications/mtgaprotracker : 2.1.8
Utilities/Feedback Assistant : 444
Applications/App Store : 1005.0.88
Applications/Automator : 504
Applications/Books : 2143
Applications/Calendar : 2801
Applications/Contacts : 2443
Applications/Dictionary : 262
Applications/FindMy : 165
Applications/Font Book : 374
Applications/Home : 452.1
Applications/Mail : 3652.0.5.2.1
Applications/Maps : 2597.20.7.22.5
Applications/News : 2569.1
Applications/Notes : 1743.1
Applications/Photo Booth : 1121
Applications/Photos : 300.8.140
Applications/Podcasts : 1500.38.1
Applications/QuickTime Player : 1066
Applications/Reminders : 2145.0.0.1
Applications/Stocks : 628
Applications/TextEdit : 360
Utilities/Activity Monitor : 1085
Utilities/Bluetooth File Exchange : 8.0.0d44
Utilities/Boot Camp Assistant : 6272.0.0.141.1
Utilities/ColorSync Utility : 330
Utilities/Console : 5.0.10
Utilities/Digital Color Meter : 5.20
Utilities/Disk Utility : 1712
Utilities/Script Editor : 221
Utilities/Terminal : 438
Utilities/VoiceOver Utility : 742
Frameworks/AGL : 1370
Frameworks/AVKit : 6
Frameworks/Accelerate : 873
Frameworks/Accessibility : 95
Frameworks/Accounts : 146
Frameworks/AdSupport : 52
Frameworks/AddressBook : 19
Frameworks/AppTrackingTransparency : 52
Frameworks/AppleScriptKit : 995
Frameworks/AppleScriptObjC : 83
Frameworks/ApplicationServices : 1691
Frameworks/AudioToolbox : 120
Frameworks/AudioUnit : 15
Frameworks/AutomaticAssessmentConfiguration : 168
Frameworks/BackgroundTasks : 104
Frameworks/BusinessChat : 23
Frameworks/CFNetwork : 1
Frameworks/CalendarStore : 50
Frameworks/CallKit : 43
Frameworks/Carbon : 2471
Frameworks/ClassKit : 15
Frameworks/CloudKit : 38
Frameworks/Cocoa : 14566
Frameworks/Collaboration : 277
Frameworks/ColorSync : 43
Frameworks/Combine : 39
Frameworks/Contacts : 56
Frameworks/ContactsUI : 13
Frameworks/CoreAudio : 40
Frameworks/CoreAudioKit : 205
Frameworks/CoreAudioTypes : 118
Frameworks/CoreBluetooth : 26
Frameworks/CoreData : 12
Frameworks/CoreDisplay : 18
Frameworks/CoreHaptics : 144
Frameworks/CoreImage : 25
Frameworks/CoreLocation : 62
Frameworks/CoreMIDI : 44
Frameworks/CoreMIDIServer : 44
Frameworks/CoreML : 222
Frameworks/CoreMediaIO : 397
Frameworks/CoreMotion : 62
Frameworks/CoreServices : 1
Frameworks/CoreTelephony : 8
Frameworks/CoreText : 45
Frameworks/CoreVideo : 138
Frameworks/CoreWLAN : 10
Frameworks/CryptoKit : 187
Frameworks/CryptoTokenKit : 8
Frameworks/DVDPlayback : 72
Frameworks/DeveloperToolsSupport : 68
Frameworks/DeviceCheck : 29
Frameworks/DirectoryService : 126
Frameworks/DiscRecording : 343
Frameworks/DiscRecordingUI : 343
Frameworks/DiskArbitration : 52
Frameworks/DriverKit : 296
Frameworks/ExceptionHandling : 572
Frameworks/ExecutionPolicy : 11
Frameworks/ExternalAccessory : 831
Frameworks/FWAUserLib : 81
Frameworks/FileProvider : 4
Frameworks/FileProviderUI : 15
Frameworks/ForceFeedback : 4604
Frameworks/GLKit : 237
Frameworks/GLUT : 423
Frameworks/GSS : 9
Frameworks/GameKit : 390
Frameworks/GameplayKit : 110
Frameworks/HIDDriverKit : 118
Frameworks/Hypervisor : 352
Frameworks/ICADevices : 32
Frameworks/IMServicePlugIn : 31
Frameworks/IOBluetooth : 57
Frameworks/IOBluetoothUI : 53
Frameworks/IOKit : 227
Frameworks/IOSurface : 112
Frameworks/IOUSBHost : 741
Frameworks/IdentityLookup : 43
Frameworks/ImageCaptureCore : 32
Frameworks/ImageIO : 11
Frameworks/InputMethodKit : 10
Frameworks/InstallerPlugins : 11
Frameworks/InstantMessage : 11823
Frameworks/Intents : 9
Frameworks/JavaNativeFoundation : 344
Frameworks/JavaRuntimeSupport : 9
Frameworks/JavaVM : 175
Frameworks/Kerberos : 346
Frameworks/LDAP : 277
Frameworks/LatentSemanticMapping : 3868
Frameworks/LocalAuthentication : 7
Frameworks/MLCompute : 927
Frameworks/MapKit : 1
Frameworks/MediaAccessibility : 72
Frameworks/MediaLibrary : 23
Frameworks/Message : 13417
Frameworks/Metal : 12
Frameworks/MetalKit : 3157
Frameworks/MetalPerformanceShaders : 15
Frameworks/MetalPerformanceShadersGraph : 25
Frameworks/MetricKit : 1370
Frameworks/ModelIO : 265
Frameworks/MultipeerConnectivity : 1310
Frameworks/NaturalLanguage : 138
Frameworks/NearbyInteraction : 9
Frameworks/NetFS : 16
Frameworks/Network : 51
Frameworks/NetworkExtension : 624
Frameworks/NetworkingDriverKit : 603
Frameworks/OSAKit : 197
Frameworks/OSLog : 117
Frameworks/OpenAL : 1076
Frameworks/OpenCL : 18
Frameworks/OpenDirectory : 126
Frameworks/OpenGL : 8
Frameworks/PCIDriverKit : 599
Frameworks/PCSC : 6
Frameworks/PDFKit : 24
Frameworks/ParavirtualizedGraphics : 183
Frameworks/PassKit : 132
Frameworks/PreferencePanes : 5
Frameworks/PushKit : 912
Frameworks/Python : 16
Frameworks/QTKit : 2320
Frameworks/Quartz : 343
Frameworks/QuartzCore : 18
Frameworks/QuickLook : 18
Frameworks/QuickLookThumbnailing : 21
Frameworks/RealityKit : 9
Frameworks/ReplayKit : 52
Frameworks/Ruby : 16
Frameworks/SceneKit : 1652
Frameworks/ScreenSaver : 22
Frameworks/ScreenTime : 10
Frameworks/ScriptingBridge : 610
Frameworks/Security : 809
Frameworks/SecurityFoundation : 145
Frameworks/SecurityInterface : 556
Frameworks/SensorKit : 28
Frameworks/ServiceManagement : 165
Frameworks/Social : 12
Frameworks/SoundAnalysis : 871
Frameworks/Speech : 415
Frameworks/SpriteKit : 514
Frameworks/StoreKit : 51
Frameworks/SyncServices : 9995
Frameworks/System : 21058
Frameworks/SystemConfiguration : 324
Frameworks/SystemExtensions : 82
Frameworks/TWAIN : 608
Frameworks/Tcl : 37
Frameworks/Tk : 37
Frameworks/USBDriverKit : 741
Frameworks/UniformTypeIdentifiers : 38
Frameworks/UserNotifications : 12
Frameworks/UserNotificationsUI : 7
Frameworks/VideoDecodeAcceleration : 5929
Frameworks/VideoSubscriberAccount : 59
Frameworks/Virtualization : 5
Frameworks/Vision : 39
Frameworks/WebKit : 3
Frameworks/WidgetKit : 1
Frameworks/_MapKit_SwiftUI : 2
Frameworks/_SceneKit_SwiftUI : 2023
Frameworks/_SpriteKit_SwiftUI : 742
Frameworks/_StoreKit_SwiftUI : 198
Frameworks/vecLib : 873
Frameworks/vmnet : 27
PrivateFrameworks/AACCore : 70
PrivateFrameworks/ACDEClient : 29
PrivateFrameworks/AFKUser : 210
PrivateFrameworks/AGXCompilerCore : 80
PrivateFrameworks/AGXGPURawCounter : 80
PrivateFrameworks/ANECompiler : 2
PrivateFrameworks/ANEHostCompiler : 2
PrivateFrameworks/ANEServices : 30
PrivateFrameworks/AOSAccounts : 211
PrivateFrameworks/AOSAccountsLite : 211
PrivateFrameworks/AOSKit : 114
PrivateFrameworks/AOSUI : 36
PrivateFrameworks/APTransport : 30
PrivateFrameworks/ASEProcessing : 1151
PrivateFrameworks/ASOctaneSupport : 22
PrivateFrameworks/AVFCore : 26
PrivateFrameworks/AVFoundationCF : 116
PrivateFrameworks/AXAssetLoader : 11
PrivateFrameworks/AXCoreUtilities : 11
PrivateFrameworks/AXHearingCoreSupport : 5105
PrivateFrameworks/AXHearingSupport : 5105
PrivateFrameworks/AXMediaUtilities : 91
PrivateFrameworks/AXRuntime : 11
PrivateFrameworks/AccessibilityBundles : 6
PrivateFrameworks/AccessibilityPlatformTranslation : 95
PrivateFrameworks/AccessibilitySharedSupport : 95
PrivateFrameworks/AccessibilitySupport : 6
PrivateFrameworks/AccessoryNowPlaying : 524
PrivateFrameworks/AccountPolicy : 881
PrivateFrameworks/AccountsDaemon : 146
PrivateFrameworks/ActionKit : 371
PrivateFrameworks/AdAnalytics : 10
PrivateFrameworks/AdCore : 4
PrivateFrameworks/AdID : 4
PrivateFrameworks/AdPlatforms : 4
PrivateFrameworks/AdPlatformsCommon : 1
PrivateFrameworks/AdPlatformsInternal : 4
PrivateFrameworks/AddressBookAutocomplete : 13
PrivateFrameworks/AddressBookCore : 19
PrivateFrameworks/Admin : 172
PrivateFrameworks/AggregateDictionary : 1213
PrivateFrameworks/AggregateDictionaryHistory : 1213
PrivateFrameworks/AirPlaySupport : 30
PrivateFrameworks/AirTrafficHost : 6
PrivateFrameworks/AlgosScoreFramework : 292
PrivateFrameworks/AnnotationKit : 83
PrivateFrameworks/AppAttestInternal : 29
PrivateFrameworks/AppContainer : 11
PrivateFrameworks/AppSSO : 5
PrivateFrameworks/AppSSOCore : 5
PrivateFrameworks/AppSSOKerberos : 5
PrivateFrameworks/AppSSOUI : 5
PrivateFrameworks/AppSandbox : 11
PrivateFrameworks/AppServerSupport : 165
PrivateFrameworks/AppStoreComponents : 36
PrivateFrameworks/AppStoreDaemon : 22
PrivateFrameworks/AppStoreFoundation : 22
PrivateFrameworks/AppStoreKit : 328
PrivateFrameworks/AppStoreUI : 6
PrivateFrameworks/AppSupport : 1066
PrivateFrameworks/AppSupportUI : 1011
PrivateFrameworks/Apple80211 : 10
PrivateFrameworks/AppleAccount : 53
PrivateFrameworks/AppleAppSupport : 343
PrivateFrameworks/AppleCVA : 40
PrivateFrameworks/AppleFSCompression : 3805
PrivateFrameworks/AppleFirmwareUpdate : 3
PrivateFrameworks/AppleHIDTransportSupport : 208
PrivateFrameworks/AppleIDAuthSupport : 301
PrivateFrameworks/AppleIDSSOAuthentication : 1535
PrivateFrameworks/AppleJPEG : 4
PrivateFrameworks/AppleLDAP : 106
PrivateFrameworks/AppleLOM : 43
PrivateFrameworks/AppleMediaServicesUI : 28
PrivateFrameworks/AppleMediaServicesUIDynamic : 28
PrivateFrameworks/AppleNVMe : 367
PrivateFrameworks/AppleNeuralEngine : 138
PrivateFrameworks/ApplePDPHelper : 9668
PrivateFrameworks/ApplePushService : 25
PrivateFrameworks/AppleSRP : 13588
PrivateFrameworks/AppleSauce : 1378
PrivateFrameworks/AppleScript : 17
PrivateFrameworks/AppleServiceToolkit : 568
PrivateFrameworks/AppleShareClientCore : 265
PrivateFrameworks/AppleSystemInfo : 72
PrivateFrameworks/AppleVA : 67
PrivateFrameworks/AppleVPA : 18
PrivateFrameworks/AskPermission : 72
PrivateFrameworks/AssertionServices : 118
PrivateFrameworks/AssetCacheServices : 29
PrivateFrameworks/AssetCacheServicesExtensions : 29
PrivateFrameworks/AssetViewer : 12
PrivateFrameworks/AssistantServices : 1112
PrivateFrameworks/AttributeGraph : 1
PrivateFrameworks/AudioAnalytics : 885
PrivateFrameworks/AudioDSPManager : 297
PrivateFrameworks/AudioHistory : 297
PrivateFrameworks/AudioPasscode : 31
PrivateFrameworks/AudioResourceArbitration : 16
PrivateFrameworks/AudioServerApplication : 2736
PrivateFrameworks/AudioServerDriver : 2736
PrivateFrameworks/AudioSession : 42
PrivateFrameworks/AudioToolboxCore : 118
PrivateFrameworks/AudioTransportCommon : 740
PrivateFrameworks/AuthKit : 124
PrivateFrameworks/AuthKitUI : 298
PrivateFrameworks/AutoBugCaptureCore : 396
PrivateFrameworks/AutoLoop : 2779
PrivateFrameworks/BackBoardServices : 12
PrivateFrameworks/BackgroundTaskManagement : 258
PrivateFrameworks/BaseBoard : 13
PrivateFrameworks/BatteryUIKit : 20
PrivateFrameworks/BezelServices : 655
PrivateFrameworks/BioKitAggD : 11873
PrivateFrameworks/BiomeFoundation : 9
PrivateFrameworks/BiomePubSub : 9
PrivateFrameworks/BiomeStorage : 9
PrivateFrameworks/BiomeStreams : 9
PrivateFrameworks/BiometricKit : 254
PrivateFrameworks/BiometricKitUI : 47
PrivateFrameworks/BiometricSupport : 168
PrivateFrameworks/BlastDoor : 19
PrivateFrameworks/BluetoothAudio : 42
PrivateFrameworks/BluetoothManager : 26
PrivateFrameworks/BluetoothServices : 57
PrivateFrameworks/BoardServices : 13
PrivateFrameworks/Bom : 514
PrivateFrameworks/BookCoverUtility : 41
PrivateFrameworks/BookKit : 41
PrivateFrameworks/BookKitFoundation : 41
PrivateFrameworks/BookUtility : 41
PrivateFrameworks/Bootability : 10
PrivateFrameworks/BridgeOSInstall : 86
PrivateFrameworks/BridgeOSInstallReporting : 86
PrivateFrameworks/BridgeOSObliteration : 224
PrivateFrameworks/BridgeOSSoftwareUpdate : 844
PrivateFrameworks/BridgeXPC : 3951
PrivateFrameworks/BrightnessControl : 1
PrivateFrameworks/BulkSymbolication : 149
PrivateFrameworks/ByteRangeLocking : 3518
PrivateFrameworks/C2 : 54
PrivateFrameworks/CDDataAccess : 1
PrivateFrameworks/CDDataAccessExpress : 1
PrivateFrameworks/CPAnalytics : 9
PrivateFrameworks/CPMLBestShim : 3218
PrivateFrameworks/CPMS : 547
PrivateFrameworks/CSCSupport : 186
PrivateFrameworks/CVNLP : 45
PrivateFrameworks/CacheDelete : 122
PrivateFrameworks/CalDAV : 49
PrivateFrameworks/Calculate : 119
PrivateFrameworks/CalendarAgent : 52
PrivateFrameworks/CalendarAgentLink : 49
PrivateFrameworks/CalendarDraw : 54
PrivateFrameworks/CalendarFoundation : 8
PrivateFrameworks/CalendarNotification : 52
PrivateFrameworks/CalendarUIKit : 50
PrivateFrameworks/CalendarWidget : 32
PrivateFrameworks/CallHistory : 41
PrivateFrameworks/CameraImagingFramework : 5754
PrivateFrameworks/CaptiveNetwork : 11
PrivateFrameworks/CardKit : 597
PrivateFrameworks/CardServices : 597
PrivateFrameworks/Cards : 597
PrivateFrameworks/Catalyst : 2216
PrivateFrameworks/Categories : 30
PrivateFrameworks/CharacterPicker : 56
PrivateFrameworks/ChronoKit : 1
PrivateFrameworks/ChronoServices : 1
PrivateFrameworks/ChronoUIServices : 1
PrivateFrameworks/ChunkingLibrary : 456
PrivateFrameworks/ClassKitUI : 15
PrivateFrameworks/ClassroomKit : 68
PrivateFrameworks/ClockMenuExtraPreferences : 90
PrivateFrameworks/CloudFamilyRestrictions : 96
PrivateFrameworks/CloudFamilyRestrictionsDaemon : 96
PrivateFrameworks/CloudKitCode : 40
PrivateFrameworks/CloudKitCodeProtobuf : 40
PrivateFrameworks/CloudKitDaemon : 38
PrivateFrameworks/CloudServices : 230
PrivateFrameworks/Coherence : 2759
PrivateFrameworks/CombineCocoa : 39
PrivateFrameworks/CommerceKit : 6
PrivateFrameworks/CommonAuth : 9
PrivateFrameworks/CommonUtilities : 11117
PrivateFrameworks/CommunicationsFilter : 2439
PrivateFrameworks/ConditionInducer : 1169
PrivateFrameworks/ConfigProfileHelper : 33
PrivateFrameworks/ConfigurationEngineModel : 3
PrivateFrameworks/ConfigurationProfiles : 33
PrivateFrameworks/ConfigurationProfilesUI : 4
PrivateFrameworks/ConsoleKit : 33
PrivateFrameworks/ConstantClasses : 222
PrivateFrameworks/ContactsAgent : 252
PrivateFrameworks/ContactsAssistantServices : 3
PrivateFrameworks/ContactsAutocomplete : 1109
PrivateFrameworks/ContactsAutocompleteUI : 37
PrivateFrameworks/ContactsDonation : 38
PrivateFrameworks/ContactsDonationFeedback : 38
PrivateFrameworks/ContactsPersistence : 14
PrivateFrameworks/ContactsUICore : 1
PrivateFrameworks/ContactsUIMacHelper : 13
PrivateFrameworks/ContentKit : 371
PrivateFrameworks/ContextKit : 6
PrivateFrameworks/ContextKitExtraction : 6
PrivateFrameworks/ConversationKit : 21
PrivateFrameworks/CoreADI : 74
PrivateFrameworks/CoreAUC : 8
PrivateFrameworks/CoreAVCHD : 3797
PrivateFrameworks/CoreAccessories : 524
PrivateFrameworks/CoreAnalytics : 503
PrivateFrameworks/CoreAppleCVA : 26
PrivateFrameworks/CoreAutoLayout : 37
PrivateFrameworks/CoreBrightness : 3
PrivateFrameworks/CoreCDP : 124
PrivateFrameworks/CoreCDPInternal : 124
PrivateFrameworks/CoreCDPUI : 124
PrivateFrameworks/CoreCapture : 141
PrivateFrameworks/CoreCaptureControl : 141
PrivateFrameworks/CoreCaptureDaemon : 141
PrivateFrameworks/CoreChart : 73
PrivateFrameworks/CoreChineseEngine : 8
PrivateFrameworks/CoreDAV : 50
PrivateFrameworks/CoreDaemon : 436
PrivateFrameworks/CoreDuet : 38
PrivateFrameworks/CoreDuetContext : 38
PrivateFrameworks/CoreDuetDaemonProtocol : 38
PrivateFrameworks/CoreDuetDataModel : 38
PrivateFrameworks/CoreDuetDebugLogging : 38
PrivateFrameworks/CoreDuetStatistics : 38
PrivateFrameworks/CoreDuetSync : 38
PrivateFrameworks/CoreFP : 15
PrivateFrameworks/CoreFollowUp : 1004
PrivateFrameworks/CoreFollowUpUI : 1004
PrivateFrameworks/CoreHandwriting : 61
PrivateFrameworks/CoreHapticsTools : 4290
PrivateFrameworks/CoreKDL : 626
PrivateFrameworks/CoreKE : 2
PrivateFrameworks/CoreKnowledge : 927
PrivateFrameworks/CoreLSKD : 72
PrivateFrameworks/CoreLSKDMSE : 563
PrivateFrameworks/CoreLocationProtobuf : 71
PrivateFrameworks/CoreMLTestFramework : 158
PrivateFrameworks/CoreMaterial : 28
PrivateFrameworks/CoreNLP : 61
PrivateFrameworks/CoreNameParser : 1162
PrivateFrameworks/CoreNavigation : 9
PrivateFrameworks/CoreOptimization : 3218
PrivateFrameworks/CorePDF : 70
PrivateFrameworks/CoreParsec : 49
PrivateFrameworks/CorePhoneNumbers : 41
PrivateFrameworks/CorePrediction : 3218
PrivateFrameworks/CoreRC : 513
PrivateFrameworks/CoreRE : 9
PrivateFrameworks/CoreRecents : 37
PrivateFrameworks/CoreRecognition : 30
PrivateFrameworks/CoreRoutine : 88
PrivateFrameworks/CoreSDB : 246
PrivateFrameworks/CoreSVG : 418
PrivateFrameworks/CoreServicesInternal : 266
PrivateFrameworks/CoreServicesStore : 1
PrivateFrameworks/CoreSpeech : 1
PrivateFrameworks/CoreSuggestions : 1
PrivateFrameworks/CoreSuggestionsInternals : 1
PrivateFrameworks/CoreSuggestionsML : 1
PrivateFrameworks/CoreSymbolication : 97
PrivateFrameworks/CoreThemeDefinition : 81
PrivateFrameworks/CoreTime : 1511
PrivateFrameworks/CoreUARP : 3
PrivateFrameworks/CoreUI : 97
PrivateFrameworks/CoreUtils : 24
PrivateFrameworks/CoreUtilsSwift : 2785
PrivateFrameworks/CoreUtilsUI : 20
PrivateFrameworks/CoreWLANKit : 7
PrivateFrameworks/CoreWiFi : 10
PrivateFrameworks/CrashReporterSupport : 17
PrivateFrameworks/CreateML : 35
PrivateFrameworks/CryptoKitCBridging : 187
PrivateFrameworks/CryptoKitPrivate : 187
PrivateFrameworks/DAAPKit : 285
PrivateFrameworks/DASDaemon : 104
PrivateFrameworks/DCERPC : 438
PrivateFrameworks/DCPDSBLib : 10
PrivateFrameworks/DFRBrightness : 3
PrivateFrameworks/DFRDisplay : 346
PrivateFrameworks/DFRFoundation : 3
PrivateFrameworks/DSExternalDisplay : 531
PrivateFrameworks/DTXConnectionServices : 95
PrivateFrameworks/DVD : 15261
PrivateFrameworks/DataDeliveryServices : 1
PrivateFrameworks/DataDetectors : 53
PrivateFrameworks/DataDetectorsCore : 1388
PrivateFrameworks/DataDetectorsNaturalLanguage : 1468
PrivateFrameworks/DebugSymbols : 3280
PrivateFrameworks/DeviceCheckInternal : 29
PrivateFrameworks/DeviceIdentity : 482
PrivateFrameworks/DeviceLink : 51
PrivateFrameworks/DeviceManagement : 3
PrivateFrameworks/DeviceToDeviceManager : 12826
PrivateFrameworks/DiagnosticExtensions : 1973
PrivateFrameworks/DiagnosticExtensionsDaemon : 534
PrivateFrameworks/DiagnosticLogCollection : 8
PrivateFrameworks/DiagnosticRequest : 353
PrivateFrameworks/DiagnosticRequestService : 396
PrivateFrameworks/DiagnosticsKit : 1745
PrivateFrameworks/DialogEngine : 22
PrivateFrameworks/DifferentialPrivacy : 7
PrivateFrameworks/DigitalTouchShared : 192
PrivateFrameworks/DirectoryEditor : 486
PrivateFrameworks/DirectoryServer : 11819
PrivateFrameworks/DiskImages : 2249
PrivateFrameworks/DiskImages2 : 452
PrivateFrameworks/DiskManagement : 1
PrivateFrameworks/DisplayServices : 634
PrivateFrameworks/DisplayTransportServices : 2589
PrivateFrameworks/DistributedEvaluation : 1152
PrivateFrameworks/DocumentCamera : 1173
PrivateFrameworks/DrawingKit : 83
PrivateFrameworks/DuetActivityScheduler : 104
PrivateFrameworks/DuetRecommendation : 38
PrivateFrameworks/DynamicDesktop : 25
PrivateFrameworks/EAFirmwareUpdater : 3
PrivateFrameworks/EAP8021X : 1350
PrivateFrameworks/EFILogin : 16
PrivateFrameworks/EasyConfig : 24
PrivateFrameworks/EmbeddedAcousticRecognition : 53
PrivateFrameworks/EmbeddedOSInstall : 313
PrivateFrameworks/EmbeddedOSSupportHost : 399
PrivateFrameworks/EmbeddedSensingProtocols : 2610
PrivateFrameworks/EmojiFoundation : 37
PrivateFrameworks/Engram : 8
PrivateFrameworks/Espresso : 48
PrivateFrameworks/ExchangeSync : 525
PrivateFrameworks/ExchangeWebServices : 66
PrivateFrameworks/ExpansionSlotSupport : 18
PrivateFrameworks/ExtensionFoundation : 240
PrivateFrameworks/ExtensionKit : 240
PrivateFrameworks/FMClient : 4302
PrivateFrameworks/FMCore : 5362
PrivateFrameworks/FMCoreLite : 4181
PrivateFrameworks/FMCoreUI : 1219
PrivateFrameworks/FMF : 72
PrivateFrameworks/FMFCore : 4
PrivateFrameworks/FMFUI : 72
PrivateFrameworks/FMIPCore : 4
PrivateFrameworks/FMNetworking : 154
PrivateFrameworks/FTAWD : 8
PrivateFrameworks/FWAVC : 397
PrivateFrameworks/FaceCore : 82
PrivateFrameworks/FamilyCircle : 123
PrivateFrameworks/FamilyCircleUI : 123
PrivateFrameworks/FamilyControls : 125
PrivateFrameworks/FamilyNotification : 123
PrivateFrameworks/FeatureFlags : 3290
PrivateFrameworks/FeatureFlagsSupport : 3290
PrivateFrameworks/FeedbackLogger : 608
PrivateFrameworks/FileProvider : 4
PrivateFrameworks/FileProviderDaemon : 4
PrivateFrameworks/FilesActionsUI : 15
PrivateFrameworks/FindMyDevice : 68
PrivateFrameworks/FindMyDeviceUI : 973
PrivateFrameworks/FindMyMac : 404
PrivateFrameworks/FlightUtilities : 301
PrivateFrameworks/FlightUtilitiesCore : 301
PrivateFrameworks/FlowFrameKit : 430
PrivateFrameworks/FolderActionsKit : 18
PrivateFrameworks/FontServices : 105
PrivateFrameworks/FoundInAppsPlugins : 2
PrivateFrameworks/FoundationODR : 22
PrivateFrameworks/FrontBoardServices : 66
PrivateFrameworks/FuseBoard : 6
PrivateFrameworks/FuseBoardServices : 7
PrivateFrameworks/Futhark : 415
PrivateFrameworks/GPUInfo : 4
PrivateFrameworks/GPURawCounter : 58
PrivateFrameworks/GPUSupport : 8
PrivateFrameworks/GPUWrangler : 57
PrivateFrameworks/GameCenterFoundation : 390
PrivateFrameworks/GameCenterUI : 390
PrivateFrameworks/GameCenterUICore : 390
PrivateFrameworks/GenerationalStorage : 693
PrivateFrameworks/GeoKit : 776
PrivateFrameworks/Geode : 9
PrivateFrameworks/GraphKit : 13711
PrivateFrameworks/GraphVisualizer : 4808
PrivateFrameworks/GraphicsServices : 2352
PrivateFrameworks/H10ISPServices : 474
PrivateFrameworks/HDAInterface : 1432
PrivateFrameworks/HDRProcessing : 56
PrivateFrameworks/HID : 448
PrivateFrameworks/HIDAnalytics : 118
PrivateFrameworks/HIDDisplay : 118
PrivateFrameworks/HIDPreferences : 118
PrivateFrameworks/HMFoundation : 304
PrivateFrameworks/HTTPServer : 16
PrivateFrameworks/HearingCore : 85
PrivateFrameworks/HearingUtilities : 85
PrivateFrameworks/HeimODAdmin : 5
PrivateFrameworks/Heimdal : 9
PrivateFrameworks/Helium : 77
PrivateFrameworks/HelloWorldMacHelper : 7
PrivateFrameworks/HelpData : 2114
PrivateFrameworks/HomeAI : 36
PrivateFrameworks/HomeAutomationInternal : 2138
PrivateFrameworks/HomeKitCore : 12
PrivateFrameworks/IAP : 576
PrivateFrameworks/IASUtilities : 18
PrivateFrameworks/IMAVCore : 2118
PrivateFrameworks/IMAssistantCore : 31
PrivateFrameworks/IMCore : 31
PrivateFrameworks/IMCorePipeline : 31
PrivateFrameworks/IMDMessageServices : 31
PrivateFrameworks/IMDPersistence : 31
PrivateFrameworks/IMDaemonCore : 31
PrivateFrameworks/IMFoundation : 8
PrivateFrameworks/IMSharedUtilities : 31
PrivateFrameworks/IMTranscoderAgent : 31
PrivateFrameworks/IMTranscoding : 31
PrivateFrameworks/IMTransferAgent : 31
PrivateFrameworks/IMTransferServices : 8
PrivateFrameworks/IOAccelMemoryInfo : 28
PrivateFrameworks/IOAccelerator : 28
PrivateFrameworks/IOCEC : 14650
PrivateFrameworks/IOGPU : 57
PrivateFrameworks/IOImageLoader : 1326
PrivateFrameworks/IOKitten : 740
PrivateFrameworks/IOPlatformPluginFamily : 474
PrivateFrameworks/IOPresentment : 51
PrivateFrameworks/IOSurfaceAccelerator : 1756
PrivateFrameworks/ISSupport : 11677
PrivateFrameworks/IconFoundation : 26
PrivateFrameworks/IconServices : 26
PrivateFrameworks/IdleTimerServices : 12
PrivateFrameworks/InAppMessages : 129
PrivateFrameworks/InAppMessagesCore : 604
PrivateFrameworks/IncomingCallFilter : 2439
PrivateFrameworks/InertiaCam : 444
PrivateFrameworks/InputContext : 37
PrivateFrameworks/InputTranscoder : 40
PrivateFrameworks/Install : 19
PrivateFrameworks/InstallCoordination : 246
PrivateFrameworks/InstallerDiagnostics : 2209
PrivateFrameworks/IntentsCore : 9
PrivateFrameworks/IntentsFoundation : 9
PrivateFrameworks/IntentsServices : 9
PrivateFrameworks/InternalSwiftProtobuf : 400
PrivateFrameworks/InternationalSupport : 374
PrivateFrameworks/InternationalTextSearch : 625
PrivateFrameworks/InternetAccounts : 409
PrivateFrameworks/JavaScriptAppleEvents : 120
PrivateFrameworks/JavaScriptOSA : 84
PrivateFrameworks/Jet : 124
PrivateFrameworks/JetEngine : 60
PrivateFrameworks/JetUI : 66
PrivateFrameworks/KerberosHelper : 3746
PrivateFrameworks/KeyboardServices : 442
PrivateFrameworks/KeychainCircle : 809
PrivateFrameworks/KnowledgeGraphKit : 252
PrivateFrameworks/LanguageModeling : 52
PrivateFrameworks/Lexicon : 66
PrivateFrameworks/LibraryRepair : 2294
PrivateFrameworks/LimitAdTracking : 4
PrivateFrameworks/LinguisticData : 8
PrivateFrameworks/LocalAuthenticationRecoveryUI : 7
PrivateFrameworks/LocalAuthenticationUI : 7
PrivateFrameworks/LocationSupport : 62
PrivateFrameworks/LockoutUI : 4977
PrivateFrameworks/LoggingSupport : 117
PrivateFrameworks/Lookup : 1
PrivateFrameworks/MDSChannel : 3548
PrivateFrameworks/MFAAuthentication : 524
PrivateFrameworks/MFiAuthentication : 576
PrivateFrameworks/MMCS : 54
PrivateFrameworks/MMCSServices : 31
PrivateFrameworks/MTLCompiler : 12
PrivateFrameworks/MTLSimImplementation : 12
PrivateFrameworks/MachineSettings : 6167
PrivateFrameworks/MallocStackLogging : 101
PrivateFrameworks/ManagedClient : 33
PrivateFrameworks/Mangrove : 1797
PrivateFrameworks/MapsSync : 14
PrivateFrameworks/Marco : 8
PrivateFrameworks/MarkupUI : 83
PrivateFrameworks/MaterialKit : 29
PrivateFrameworks/MediaControlSender : 30
PrivateFrameworks/MediaFoundation : 1647
PrivateFrameworks/MediaKit : 373
PrivateFrameworks/MediaMiningKit : 252
PrivateFrameworks/MediaServices : 17
PrivateFrameworks/Memories : 34
PrivateFrameworks/MessageProtection : 4
PrivateFrameworks/MessageSecurity : 147
PrivateFrameworks/MessagesBlastDoorSupport : 19
PrivateFrameworks/MessagesHelperKit : 31
PrivateFrameworks/MessagesKit : 31
PrivateFrameworks/MetalSerializer : 12
PrivateFrameworks/MetalTools : 12
PrivateFrameworks/MetricKitCore : 1370
PrivateFrameworks/MetricKitServices : 1370
PrivateFrameworks/MetricKitSource : 1370
PrivateFrameworks/MetricMeasurement : 1370
PrivateFrameworks/MiniSoftwareUpdate : 941
PrivateFrameworks/MobileAccessoryUpdater : 3
PrivateFrameworks/MobileActivationMacOS : 482
PrivateFrameworks/MobileAsset : 523
PrivateFrameworks/MobileAssetUpdater : 3
PrivateFrameworks/MobileBluetooth : 26
PrivateFrameworks/MobileDevice : 711
PrivateFrameworks/MobileIcons : 26
PrivateFrameworks/MobileInstallation : 201
PrivateFrameworks/MobileKeyBag : 241
PrivateFrameworks/MobileObliteration : 224
PrivateFrameworks/MobileSoftwareUpdate : 4
PrivateFrameworks/MobileSpotlightIndex : 2
PrivateFrameworks/MobileStorage : 406
PrivateFrameworks/MobileStoreDemoCore : 133
PrivateFrameworks/MobileSystemServices : 3061
PrivateFrameworks/Mondrian : 9
PrivateFrameworks/MonitorPanel : 290
PrivateFrameworks/Montreal : 59
PrivateFrameworks/MorphunAssetsUpdater : 9
PrivateFrameworks/MultitouchSupport : 103
PrivateFrameworks/MultiverseSupport : 352
PrivateFrameworks/MusicLibrary : 28
PrivateFrameworks/NLP : 430
PrivateFrameworks/NPTKit : 435
PrivateFrameworks/NearField : 1051
PrivateFrameworks/NetAppsUtilities : 2371
PrivateFrameworks/NetAuth : 637
PrivateFrameworks/NetFSServer : 16
PrivateFrameworks/Netrb : 136
PrivateFrameworks/Network : 51
PrivateFrameworks/NetworkServiceProxy : 6598
PrivateFrameworks/NetworkStatistics : 829
PrivateFrameworks/NewsCore : 1
PrivateFrameworks/NewsFoundation : 1
PrivateFrameworks/NewsToday : 1
PrivateFrameworks/NewsTransport : 1
PrivateFrameworks/Noticeboard : 1038
PrivateFrameworks/OAHSoftwareUpdate : 7
PrivateFrameworks/OAuth : 22572
PrivateFrameworks/OSAServicesClient : 94
PrivateFrameworks/OSASubmissionClient : 94
PrivateFrameworks/OSASyncProxyClient : 94
PrivateFrameworks/OSAnalytics : 94
PrivateFrameworks/OSAnalyticsPrivate : 94
PrivateFrameworks/OSD : 3313
PrivateFrameworks/OSInstaller : 19
PrivateFrameworks/OSUpdate : 5
PrivateFrameworks/OTSVG : 45
PrivateFrameworks/OctagonTrust : 809
PrivateFrameworks/OfficeImport : 156
PrivateFrameworks/OpenDirectoryConfig : 14794
PrivateFrameworks/OpenDirectoryConfigUI : 2832
PrivateFrameworks/Osprey : 1486
PrivateFrameworks/PAImaging : 9
PrivateFrameworks/PAImagingCore : 9
PrivateFrameworks/PDFKit : 24
PrivateFrameworks/PDS : 67
PrivateFrameworks/PDSAgent : 67
PrivateFrameworks/PIP : 1923
PrivateFrameworks/PSNormalizer : 165
PrivateFrameworks/PackageKit : 90
PrivateFrameworks/PacketFilter : 501
PrivateFrameworks/ParsecModel : 49
PrivateFrameworks/ParsecSubscriptionServiceSupport : 49
PrivateFrameworks/PassKit : 132
PrivateFrameworks/PassKitCore : 134
PrivateFrameworks/PassKitMacHelper : 74
PrivateFrameworks/PassKitUI : 5
PrivateFrameworks/PasswordServer : 8826
PrivateFrameworks/PeopleSuggester : 38
PrivateFrameworks/PerformanceAnalysis : 149
PrivateFrameworks/PerformanceTrace : 178
PrivateFrameworks/PersistentConnection : 1903
PrivateFrameworks/PersonaKit : 433
PrivateFrameworks/PersonaUI : 433
PrivateFrameworks/PersonalizationPortrait : 2
PrivateFrameworks/PersonalizationPortraitInternals : 2
PrivateFrameworks/PhoneNumberResolver : 29
PrivateFrameworks/PhoneNumbers : 41
PrivateFrameworks/PhotoAnalysis : 252
PrivateFrameworks/PhotoPrintProduct : 56
PrivateFrameworks/PhotosGraph : 252
PrivateFrameworks/PhotosUIApps : 252
PrivateFrameworks/PhysicsKit : 109
PrivateFrameworks/PlugInKit : 336
PrivateFrameworks/PodcastServices : 6
PrivateFrameworks/PodcastsKit : 13
PrivateFrameworks/PowerUI : 73
PrivateFrameworks/PreferencePanesSupport : 111
PrivateFrameworks/PrintKit : 2062
PrivateFrameworks/PrintingPrivate : 5
PrivateFrameworks/PrivateFederatedLearning : 289
PrivateFrameworks/ProVideo : 22
PrivateFrameworks/ProactiveEventTracker : 8
PrivateFrameworks/ProactiveExperiments : 1
PrivateFrameworks/ProactiveExperimentsInternals : 1
PrivateFrameworks/ProactiveInputPredictions : 1
PrivateFrameworks/ProactiveInputPredictionsInternals : 1
PrivateFrameworks/ProactiveSupport : 8
PrivateFrameworks/ProactiveSupportStubs : 8
PrivateFrameworks/PromotedContentSupport : 1
PrivateFrameworks/ProofReader : 66
PrivateFrameworks/ProtectedCloudStorage : 5
PrivateFrameworks/ProtocolBuffer : 12
PrivateFrameworks/PrototypeTools : 1899
PrivateFrameworks/PubSub : 12
PrivateFrameworks/QLCharts : 156
PrivateFrameworks/Quagga : 25
PrivateFrameworks/QuickLookIosmac : 18
PrivateFrameworks/QuickLookNonBaseSystem : 13
PrivateFrameworks/QuickLookSupport : 21
PrivateFrameworks/QuickLookThumbnailing : 21
PrivateFrameworks/QuickLookThumbnailingDaemon : 20
PrivateFrameworks/QuickLookUIIosmac : 18
PrivateFrameworks/RTBuddyCrashlogDecoder : 451
PrivateFrameworks/RTCReporting : 38
PrivateFrameworks/RTTUI : 85
PrivateFrameworks/RTTUtilities : 85
PrivateFrameworks/Rapport : 532
PrivateFrameworks/RapportUI : 547
PrivateFrameworks/ReminderKitInternal : 1
PrivateFrameworks/ReminderMigration : 7
PrivateFrameworks/RemindersUICore : 12
PrivateFrameworks/RemoteConfiguration : 127
PrivateFrameworks/RemoteCoreML : 2457
PrivateFrameworks/RemoteManagement : 650
PrivateFrameworks/RemoteServiceDiscovery : 165
PrivateFrameworks/RemoteTextInput : 1004
PrivateFrameworks/RemoteViewServices : 16
PrivateFrameworks/RemoteXPC : 165
PrivateFrameworks/RenderBox : 12
PrivateFrameworks/ReplayKitMacHelper : 12
PrivateFrameworks/ReportCrashShadow : 22
PrivateFrameworks/ResponseKit : 8
PrivateFrameworks/Restore : 430
PrivateFrameworks/Reveal : 456
PrivateFrameworks/RevealCore : 456
PrivateFrameworks/RunningBoardServices : 118
PrivateFrameworks/SAObjects : 57
PrivateFrameworks/SCEP : 93
PrivateFrameworks/SDAPI : 2315
PrivateFrameworks/SMBClient : 54
PrivateFrameworks/SMBClientEngine : 50
PrivateFrameworks/SPFinder : 68
PrivateFrameworks/SPOwner : 68
PrivateFrameworks/SPShared : 154
PrivateFrameworks/SPSupport : 4
PrivateFrameworks/SafariSharedUI : 3
PrivateFrameworks/SafeEjectGPU : 52
PrivateFrameworks/SampleAnalysis : 149
PrivateFrameworks/ScoreBoard : 623
PrivateFrameworks/ScreenSharing : 166
PrivateFrameworks/ScreenTimeCore : 17
PrivateFrameworks/ScreenTimeSettingsUI : 10
PrivateFrameworks/ScreenTimeUI : 17
PrivateFrameworks/SearchAds : 4
PrivateFrameworks/SearchFoundation : 49
PrivateFrameworks/SearchSuggestions : 2
PrivateFrameworks/SearchUI : 34
PrivateFrameworks/SearchUICardKitProviderSupport : 388
PrivateFrameworks/SecCodeWrapper : 11
PrivateFrameworks/SecureChannel : 1123
PrivateFrameworks/SecurityTokend : 5273
PrivateFrameworks/Seeding : 8
PrivateFrameworks/SemanticDocumentManagement : 3539
PrivateFrameworks/SensingProtocols : 2610
PrivateFrameworks/Sentry : 71
PrivateFrameworks/ServerCompatibility : 3927
PrivateFrameworks/ServerInformation : 4
PrivateFrameworks/SharePointManagement : 315
PrivateFrameworks/ShareServicesCore : 9
PrivateFrameworks/ShareSheet : 48
PrivateFrameworks/SharedWebCredentials : 20
PrivateFrameworks/Sharing : 450
PrivateFrameworks/SharingXPCServices : 359
PrivateFrameworks/ShazamInsights : 8
PrivateFrameworks/ShazamKit : 8
PrivateFrameworks/ShazamKitUI : 8
PrivateFrameworks/Shortcut : 3
PrivateFrameworks/ShoveService : 90
PrivateFrameworks/SignpostCollection : 70
PrivateFrameworks/SignpostMetrics : 70
PrivateFrameworks/SignpostNotification : 9
PrivateFrameworks/SignpostSupport : 70
PrivateFrameworks/SiriAppResolution : 430
PrivateFrameworks/SiriAudioInternal : 630
PrivateFrameworks/SiriAudioSupport : 630
PrivateFrameworks/SiriClientFlow : 37
PrivateFrameworks/SiriCore : 911
PrivateFrameworks/SiriDialogEngine : 466
PrivateFrameworks/SiriGeo : 739
PrivateFrameworks/SiriInference : 9
PrivateFrameworks/SiriInstrumentation : 186
PrivateFrameworks/SiriIntentEvents : 9
PrivateFrameworks/SiriKitFlow : 430
PrivateFrameworks/SiriKitInvocation : 1235
PrivateFrameworks/SiriKitRuntime : 430
PrivateFrameworks/SiriObservation : 1112
PrivateFrameworks/SiriOntology : 41
PrivateFrameworks/SiriOntologyProtobuf : 41
PrivateFrameworks/SiriPlaybackControlIntents : 562
PrivateFrameworks/SiriPlaybackControlSupport : 562
PrivateFrameworks/SiriTTS : 6
PrivateFrameworks/SiriTasks : 1112
PrivateFrameworks/SiriVOX : 911
PrivateFrameworks/SiriVideoIntents : 609
PrivateFrameworks/Slideshows : 213
PrivateFrameworks/SocialAppsCore : 31
PrivateFrameworks/SocialServices : 7
PrivateFrameworks/SocialUI : 31
PrivateFrameworks/SoftLinking : 92
PrivateFrameworks/SoftwareUpdate : 5
PrivateFrameworks/SoftwareUpdateCore : 4
PrivateFrameworks/SoftwareUpdateCoreConnect : 4
PrivateFrameworks/SoftwareUpdateCoreSupport : 4
PrivateFrameworks/SoftwareUpdateMacController : 4
PrivateFrameworks/SpanMatcher : 911
PrivateFrameworks/SpeakerRecognition : 1
PrivateFrameworks/SpeechDictionary : 680
PrivateFrameworks/SpeechObjects : 159
PrivateFrameworks/SpeechRecognitionCommandServices : 27
PrivateFrameworks/SpeechRecognitionCore : 15
PrivateFrameworks/SpotlightIndexUtilities : 2
PrivateFrameworks/StorageKit : 76
PrivateFrameworks/StorageManagement : 8
PrivateFrameworks/StoreFoundation : 6
PrivateFrameworks/StoreJavaScript : 6
PrivateFrameworks/StoreKitMacHelper : 11
PrivateFrameworks/StoreKitUIMac : 11
PrivateFrameworks/StoreServices : 778
PrivateFrameworks/StoreUI : 6
PrivateFrameworks/StreamingZip : 713
PrivateFrameworks/Symbolication : 101
PrivateFrameworks/SymptomDiagnosticReporter : 353
PrivateFrameworks/SymptomReporter : 292
PrivateFrameworks/Symptoms : 292
PrivateFrameworks/SyncServicesUI : 9995
PrivateFrameworks/SyncedDefaults : 40
PrivateFrameworks/SystemAdministration : 172
PrivateFrameworks/SystemAdministrationInterface : 225
PrivateFrameworks/SystemDesktopAppearance : 2
PrivateFrameworks/SystemPolicy : 11
PrivateFrameworks/SystemUIPlugin : 372
PrivateFrameworks/TCC : 103
PrivateFrameworks/TTYUtilities : 5105
PrivateFrameworks/TemplateKit : 32
PrivateFrameworks/TextInput : 4
PrivateFrameworks/TextInputCore : 4
PrivateFrameworks/TextInputMenuUI : 6
PrivateFrameworks/TextRecognition : 30
PrivateFrameworks/TextToSpeech : 106
PrivateFrameworks/TextureIO : 9051
PrivateFrameworks/TimeMachine : 5
PrivateFrameworks/TimeSync : 6
PrivateFrameworks/Timeline : 654
PrivateFrameworks/ToneKit : 193
PrivateFrameworks/ToneLibrary : 193
PrivateFrameworks/Tourist : 663
PrivateFrameworks/Translation : 4
PrivateFrameworks/Transparency : 4
PrivateFrameworks/TransparencyDetailsViewMac : 4
PrivateFrameworks/Trial : 42
PrivateFrameworks/TrialProto : 42
PrivateFrameworks/TrialServer : 42
PrivateFrameworks/TrustEvaluationAgent : 925
PrivateFrameworks/TrustedPeers : 809
PrivateFrameworks/TuriCore : 23
PrivateFrameworks/UARPiCloud : 3
PrivateFrameworks/UAUPlugin : 1084
PrivateFrameworks/UIKitSystemAppServices : 7
PrivateFrameworks/UIRecording : 1906
PrivateFrameworks/URLFormatting : 106
PrivateFrameworks/USDKit : 146
PrivateFrameworks/Uninstall : 1070
PrivateFrameworks/UniversalAccess : 4
PrivateFrameworks/UsageTracking : 30
PrivateFrameworks/UserActivity : 195
PrivateFrameworks/UserManagement : 1523
PrivateFrameworks/VCXMPP : 964
PrivateFrameworks/VFX : 44
PrivateFrameworks/VFXBase : 44
PrivateFrameworks/VideoSubscriberAccountUI : 59
PrivateFrameworks/ViewBridge : 16
PrivateFrameworks/VirtualGarage : 12
PrivateFrameworks/VisionKit : 3618
PrivateFrameworks/VisualPairing : 49
PrivateFrameworks/VisualTestKit : 2169
PrivateFrameworks/VoiceShortcutClient : 371
PrivateFrameworks/VoiceShortcuts : 371
PrivateFrameworks/VoiceTrigger : 3249
PrivateFrameworks/WPDaemon : 123
PrivateFrameworks/WatchdogClient : 124
PrivateFrameworks/WeatherFoundation : 45
PrivateFrameworks/WeatherKit : 50
PrivateFrameworks/WebContentAnalysis : 3209
PrivateFrameworks/WebFilterDNS : 3209
PrivateFrameworks/WebInspectorUI : 3
PrivateFrameworks/WiFiAnalytics : 10
PrivateFrameworks/WiFiCloudSyncEngine : 16
PrivateFrameworks/WiFiPeerToPeer : 7
PrivateFrameworks/WiFiPolicy : 7
PrivateFrameworks/WiFiVelocity : 137
PrivateFrameworks/WildDevices : 52
PrivateFrameworks/WirelessCoexManager : 8
PrivateFrameworks/WirelessDiagnostics : 11539
PrivateFrameworks/WirelessProximity : 123
PrivateFrameworks/WorkflowKit : 371
PrivateFrameworks/WorkflowUIServices : 109
PrivateFrameworks/XARTRecovery : 99
PrivateFrameworks/XCTAutomationSupport : 300
PrivateFrameworks/XCTTargetBootstrap : 300
PrivateFrameworks/XQuery : 5360
PrivateFrameworks/XprotectFramework : 1010
PrivateFrameworks/ZhuGeSupport : 1155
PrivateFrameworks/acfs : 273
PrivateFrameworks/acfsSupport : 169
PrivateFrameworks/caulk : 108
PrivateFrameworks/iAdCore : 10
PrivateFrameworks/iAdServices : 10
PrivateFrameworks/iCalendar : 50
PrivateFrameworks/iCloudNotification : 1226
PrivateFrameworks/iLifeMediaBrowser : 23
PrivateFrameworks/iPod : 370
PrivateFrameworks/iPodSync : 2836
PrivateFrameworks/iPodUpdater : 2501
PrivateFrameworks/iTunesCloud : 5
PrivateFrameworks/iWorkXPC : 2124
PrivateFrameworks/kperf : 847
PrivateFrameworks/kperfdata : 847
PrivateFrameworks/ktrace : 120
PrivateFrameworks/login : 16
PrivateFrameworks/nt : 17
PrivateFrameworks/oncrpc : 865
PrivateFrameworks/perfdata : 1247
PrivateFrameworks/vCard : 14
PrivateFrameworks/yara : 869
CoreServices/AVB Audio Configuration : 900.11
CoreServices/AddPrinter : 583
CoreServices/AddressBookUrlForwarder : 2443
CoreServices/AirPlayUIAgent : 517.2
CoreServices/Automator Application Stub : 504
CoreServices/Automator Installer : 504
CoreServices/Bluetooth Setup Assistant : 8.0.0d44
CoreServices/BluetoothUIServer : 8.0.0d44
CoreServices/ClimateProxy : 1651.1
CoreServices/ControlCenter : 104
CoreServices/CoreLocationAgent : 2420.0.44
CoreServices/CoreServicesUIAgent : 355
CoreServices/Dock : 2078
CoreServices/Dwell Control : 314
CoreServices/Finder : 1337.1
CoreServices/Install Command Line Developer Tools : 2383
CoreServices/Installer Progress : 575
CoreServices/Installer : 1015.3
CoreServices/Jar Launcher : 308
CoreServices/Java Web Start : 308
CoreServices/Keychain Circle Notification : 59747
CoreServices/Language Chooser : 613
CoreServices/ManagedClient : 1314
CoreServices/NotificationCenter : 1041
CoreServices/OBEXAgent : 8.0.0d44
CoreServices/Paired Devices : 200.17
CoreServices/Problem Reporter : 15029
CoreServices/RapportUIAgent : 200.17
CoreServices/Rosetta 2 Updater : 1
CoreServices/Screen Time : 471
CoreServices/Setup Assistant : 3035.1
CoreServices/Siri : 201.1.3.1
CoreServices/Software Update : 1378
CoreServices/Spotlight : 2136.1
CoreServices/SystemUIServer : 510
CoreServices/TextInputMenuAgent : 258
CoreServices/TextInputSwitcher : 258
CoreServices/UIKitSystem : 224
CoreServices/UniversalAccessControl : 521
CoreServices/VoiceOver : 742
CoreServices/loginwindow : 2012
Applications/Archive Utility : 137
Applications/Feedback Assistant : 444
Applications/Folder Actions Setup : 37
Applications/Wireless Diagnostics : 1163
Frameworks/ARKit : 4
Frameworks/AVKit : 6
Frameworks/AddressBook : 294
Frameworks/AddressBookUI : 87
Frameworks/AppClip : 6
Frameworks/AssetsLibrary : 2
Frameworks/AuthenticationServices : 3
Frameworks/BusinessChat : 7
Frameworks/CarPlay : 117
Frameworks/ContactsUI : 14
Frameworks/CoreAudioKit : 28
Frameworks/CoreNFC : 103
Frameworks/EventKitUI : 24
Frameworks/GLKit : 52
Frameworks/GameController : 4
Frameworks/GameKit : 97
Frameworks/GameplayKit : 52
Frameworks/HealthKit : 13
Frameworks/HealthKitUI : 13
Frameworks/HomeKit : 7
Frameworks/IntentsUI : 4
Frameworks/JavaScriptCore : 3
Frameworks/LinkPresentation : 26
Frameworks/MapKit : 1
Frameworks/Messages : 6
Frameworks/MetalKit : 487
Frameworks/MobileCoreServices : 1
Frameworks/MultipeerConnectivity : 403
Frameworks/NetworkExtensioniOSSupport : 44
Frameworks/NewsstandKit : 468
Frameworks/OpenAL : 278
Frameworks/OpenGLES : 7
Frameworks/PencilKit : 9
Frameworks/QuickLook : 57
Frameworks/RealityKit : 5
Frameworks/ReplayKit : 12
Frameworks/SafariServices : 3
Frameworks/SceneKit : 113
Frameworks/ScreenTime : 3
Frameworks/Social : 4
Frameworks/StoreKit : 11
Frameworks/Twitter : 755
Frameworks/UserNotificationsUI : 8
Frameworks/VisionKit : 1579
Frameworks/WatchKit : 1641
Frameworks/WebKit : 3
Frameworks/WidgetKit : 1
Frameworks/_AVKit_SwiftUI : 45
Frameworks/_MapKit_SwiftUI : 2
Frameworks/iAd : 10
PrivateFrameworks/AVKitMacHelper : 6
PrivateFrameworks/AccessibilityUI : 4
PrivateFrameworks/AccessibilityUIService : 4
PrivateFrameworks/AccessibilityUIShared : 4
PrivateFrameworks/AccessibilityUIUtilities : 4
PrivateFrameworks/AccessibilityUtilities : 4
PrivateFrameworks/ActionKitUI : 156
PrivateFrameworks/ActivityRingsUI : 2435
PrivateFrameworks/AdPlatformsCommonUI : 1
PrivateFrameworks/AddressBookLegacy : 1693
PrivateFrameworks/AnnotationKit : 44
PrivateFrameworks/AppAnalytics : 812
PrivateFrameworks/AppSupportUI : 163
PrivateFrameworks/AuthKitUI : 30
PrivateFrameworks/AuthKitUIMacHelper : 30
PrivateFrameworks/AvatarKit : 6
PrivateFrameworks/AvatarUI : 16
PrivateFrameworks/BaseBoardUI : 12
PrivateFrameworks/CalendarUIKit : 52
PrivateFrameworks/ChatKit : 6
PrivateFrameworks/ChronoKit : 1
PrivateFrameworks/ClassroomKit : 24
PrivateFrameworks/ContactsAutocompleteUI : 38
PrivateFrameworks/CoreChart : 10
PrivateFrameworks/CoreRecognition : 6
PrivateFrameworks/CoreSpotlightCatalystExtensionSupport : 2
PrivateFrameworks/DataDetectorsUI : 76
PrivateFrameworks/DocumentCamera : 221
PrivateFrameworks/DocumentManager : 19
PrivateFrameworks/DocumentManagerCore : 19
PrivateFrameworks/EmojiKit : 96
PrivateFrameworks/FMCoreUI : 489
PrivateFrameworks/FMFUI : 11
PrivateFrameworks/FrontBoard : 65
PrivateFrameworks/GameCenterUI : 40
PrivateFrameworks/HealthDaemon : 13
PrivateFrameworks/HelpKit : 844
PrivateFrameworks/Home : 159
PrivateFrameworks/HomeRecommendationEngine : 159
PrivateFrameworks/HomeUI : 159
PrivateFrameworks/IMSharedUI : 6
PrivateFrameworks/IntlPreferences : 6
PrivateFrameworks/JITAppKit : 663
PrivateFrameworks/Jet : 63
PrivateFrameworks/JetEngine : 13
PrivateFrameworks/JetUI : 14
PrivateFrameworks/ManagedConfiguration : 43
PrivateFrameworks/MarkupUI : 44
PrivateFrameworks/MobileTimer : 130
PrivateFrameworks/MobileTimerUI : 130
PrivateFrameworks/NanoRegistry : 2120
PrivateFrameworks/NetAppsUtilitiesUI : 2371
PrivateFrameworks/NewsAds : 5
PrivateFrameworks/NewsPersonalization : 5
PrivateFrameworks/PassKitServices : 16
PrivateFrameworks/PassKitUI : 7
PrivateFrameworks/PassKitUIFoundation : 7
PrivateFrameworks/PencilKit : 9
PrivateFrameworks/PersonaUI : 85
PrivateFrameworks/PodcastsUI : 14
PrivateFrameworks/PromotedContent : 1
PrivateFrameworks/PromotedContentProxy : 1
PrivateFrameworks/PromotedContentUI : 1
PrivateFrameworks/QuickLookThumbnailingExtension : 21
PrivateFrameworks/RapportUI : 67
PrivateFrameworks/SafariShared : 3
PrivateFrameworks/SafariSharedUI : 3
PrivateFrameworks/ScreenTimeUI : 3
PrivateFrameworks/SearchToShareCore : 19
PrivateFrameworks/Stocks : 1677
PrivateFrameworks/TSReading : 229
PrivateFrameworks/TSUtility : 229
PrivateFrameworks/TeaActivities : 38
PrivateFrameworks/TeaCharts : 38
PrivateFrameworks/TeaDB : 38
PrivateFrameworks/TeaFoundation : 38
PrivateFrameworks/TeaSettings : 38
PrivateFrameworks/TeaSnappy : 38
PrivateFrameworks/TeaTemplate : 38
PrivateFrameworks/TeaUI : 38
PrivateFrameworks/TeaUIKit : 38
PrivateFrameworks/TelephonyUI : 6
PrivateFrameworks/TouchML : 710
PrivateFrameworks/TransparencyDetailsView : 4
PrivateFrameworks/UIAccessibility : 4
PrivateFrameworks/UserNotificationsExtensionPoint : 7
PrivateFrameworks/VisualAlert : 4
PrivateFrameworks/VisualPairing : 23
PrivateFrameworks/VoiceMemos : 93
PrivateFrameworks/VoiceOverServices : 4
PrivateFrameworks/Weather : 2
PrivateFrameworks/WeatherCharts : 2
PrivateFrameworks/WeatherFoundation : 6
PrivateFrameworks/WebCore : 3
PrivateFrameworks/WebInspector : 3
PrivateFrameworks/WebKit : 3
PrivateFrameworks/WebKitLegacy : 3
PrivateFrameworks/WebUI : 3
PrivateFrameworks/WorkflowEditor : 156
PrivateFrameworks/WorkflowUI : 156
PrivateFrameworks/WorkflowUICore : 156
PrivateFrameworks/WorkflowUIServices : 46
PrivateFrameworks/XavierCore : 5
PrivateFrameworks/XavierNews : 5
PrivateFrameworks/ZoomServices : 4
