Applications/Developer : 824.5.7
Applications/Discord : 0.0.258
Applications/DockMate : 1470
Applications/Epic Games Launcher : 10.18.4
Applications/Google Chrome : 4147.125
Applications/Hopper Disassembler v4 : 4.5.29-demo
Applications/MacForge : 5805
Applications/Parallels Desktop : 48916
Applications/Parallels Toolbox : 3231
Applications/Safari : 16610.1.25.1.3
Applications/Tiles : 261
Applications/iTerm : 3.4.0beta3
Utilities/Feedback Assistant : 447.1
Applications/App Store : 1005.0.93
Applications/Automator : 505
Applications/Books : 2153
Applications/Calendar : 2803
Applications/Contacts : 2446
Applications/Dictionary : 263
Applications/FindMy : 166
Applications/Font Book : 377
Applications/Home : 459.1
Applications/Mail : 3654.0.3
Applications/Maps : 2604.20.8.5.2
Applications/News : 2579.1
Applications/Notes : 1749
Applications/Photo Booth : 1122
Applications/Photos : 301.0.115
Applications/Podcasts : 1520.2
Applications/Preview : 1012
Applications/QuickTime Player : 1068
Applications/Reminders : 2151.1
Applications/Stocks : 637.1
Applications/TextEdit : 361
Utilities/Bluetooth File Exchange : 8.0.0d47
Utilities/Boot Camp Assistant : 6272.40.4
Utilities/ColorSync Utility : 331
Utilities/Console : 5.0.11
Utilities/Keychain Access : 55281.40.3
Utilities/VoiceOver Utility : 744.1
Frameworks/AGL : 1445
Frameworks/AVKit : 39
Frameworks/Accelerate : 1563
Frameworks/Accessibility : 111
Frameworks/Accounts : 139
Frameworks/AdSupport : 5
Frameworks/AddressBook : 3
Frameworks/AppTrackingTransparency : 5
Frameworks/AppleScriptKit : 1091
Frameworks/AppleScriptObjC : 157
Frameworks/ApplicationServices : 1825
Frameworks/AudioVideoBridging : 60
Frameworks/AutomaticAssessmentConfiguration : 5
Frameworks/Automator : 70
Frameworks/BackgroundTasks : 10
Frameworks/BusinessChat : 16
Frameworks/CFNetwork : 42
Frameworks/CalendarStore : 124
Frameworks/CallKit : 32
Frameworks/Carbon : 2644
Frameworks/ClassKit : 92
Frameworks/ClockKit : 5
Frameworks/CloudKit : 56
Frameworks/Cocoa : 14706
Frameworks/Collaboration : 379
Frameworks/ColorSync : 35
Frameworks/Combine : 30
Frameworks/CoreAudio : 102
Frameworks/CoreAudioKit : 497
Frameworks/CoreBluetooth : 91
Frameworks/CoreGraphics : 35
Frameworks/CoreHaptics : 197
Frameworks/CoreLocation : 49
Frameworks/CoreMIDI : 152
Frameworks/CoreMIDIServer : 152
Frameworks/CoreML : 4
Frameworks/CoreMediaIO : 578
Frameworks/CoreMotion : 49
Frameworks/CoreServices : 70
Frameworks/CoreSpotlight : 4
Frameworks/CoreTelephony : 25
Frameworks/CoreText : 34
Frameworks/CoreVideo : 128
Frameworks/CoreWLAN : 1
Frameworks/CryptoKit : 147
Frameworks/CryptoTokenKit : 14
Frameworks/DVDPlayback : 146
Frameworks/DeveloperToolsSupport : 31
Frameworks/DeviceCheck : 63
Frameworks/DirectoryService : 216
Frameworks/DiscRecording : 444
Frameworks/DiscRecordingUI : 444
Frameworks/DiskArbitration : 16
Frameworks/DriverKit : 94
Frameworks/ExceptionHandling : 644
Frameworks/ExternalAccessory : 11
Frameworks/FWAUserLib : 150
Frameworks/FileProvider : 5
Frameworks/FileProviderUI : 119
Frameworks/ForceFeedback : 4676
Frameworks/GLKit : 559
Frameworks/GLUT : 512
Frameworks/GSS : 14
Frameworks/GameController : 176
Frameworks/GameKit : 5
Frameworks/GameplayKit : 254
Frameworks/HIDDriverKit : 14
Frameworks/Hypervisor : 9
Frameworks/ICADevices : 15
Frameworks/IMServicePlugIn : 3
Frameworks/IOKit : 37
Frameworks/IOSurface : 604
Frameworks/IOUSBHost : 64
Frameworks/IdentityLookup : 32
Frameworks/ImageCaptureCore : 15
Frameworks/ImageIO : 36
Frameworks/InstallerPlugins : 15
Frameworks/InstantMessage : 11900
Frameworks/JavaNativeFoundation : 413
Frameworks/JavaRuntimeSupport : 78
Frameworks/JavaVM : 268
Frameworks/Kerberos : 421
Frameworks/Kernel : 4
Frameworks/LDAP : 350
Frameworks/LatentSemanticMapping : 3946
Frameworks/LinkPresentation : 80
Frameworks/LocalAuthentication : 15
Frameworks/MLCompute : 8
Frameworks/MediaAccessibility : 393
Frameworks/MediaLibrary : 62
Frameworks/Message : 13487
Frameworks/Metal : 5
Frameworks/MetalKit : 3672
Frameworks/MetalPerformanceShadersGraph : 23
Frameworks/MetricKit : 1791
Frameworks/ModelIO : 30
Frameworks/MultipeerConnectivity : 1601
Frameworks/NaturalLanguage : 32
Frameworks/NearbyInteraction : 73
Frameworks/NetFS : 15
Frameworks/NetworkingDriverKit : 126
Frameworks/OSAKit : 295
Frameworks/OSLog : 31
Frameworks/OpenAL : 39
Frameworks/OpenCL : 90
Frameworks/OpenDirectory : 216
Frameworks/OpenGL : 98
Frameworks/PCIDriverKit : 905
Frameworks/PCSC : 4
Frameworks/PDFKit : 15
Frameworks/ParavirtualizedGraphics : 176
Frameworks/PassKit : 469
Frameworks/PencilKit : 33
Frameworks/PreferencePanes : 17
Frameworks/PushKit : 1234
Frameworks/Python : 12
Frameworks/QTKit : 2416
Frameworks/Quartz : 510
Frameworks/QuickLook : 19
Frameworks/QuickLookThumbnailing : 60
Frameworks/RealityKit : 96
Frameworks/ReplayKit : 47
Frameworks/Ruby : 99
Frameworks/SceneKit : 58
Frameworks/ScreenTime : 17
Frameworks/ScriptingBridge : 684
Frameworks/Security : 15
Frameworks/SecurityFoundation : 568
Frameworks/SecurityInterface : 21
Frameworks/SensorKit : 21
Frameworks/Social : 302
Frameworks/SoundAnalysis : 1202
Frameworks/Speech : 483
Frameworks/SpriteKit : 878
Frameworks/StoreKit : 32
Frameworks/SyncServices : 53
Frameworks/System : 27294
Frameworks/SystemConfiguration : 195
Frameworks/SystemExtensions : 154
Frameworks/TWAIN : 702
Frameworks/Tcl : 174
Frameworks/Tk : 174
Frameworks/USBDriverKit : 64
Frameworks/UniformTypeIdentifiers : 198
Frameworks/UserNotifications : 44
Frameworks/VideoDecodeAcceleration : 5998
Frameworks/VideoSubscriberAccount : 23
Frameworks/Virtualization : 51
Frameworks/Vision : 22
Frameworks/_MapKit_SwiftUI : 22
Frameworks/_QuickLook_SwiftUI : 53
Frameworks/_SceneKit_SwiftUI : 157
Frameworks/_SpriteKit_SwiftUI : 1724
Frameworks/_StoreKit_SwiftUI : 109
Frameworks/vecLib : 1563
Frameworks/vmnet : 10
PrivateFrameworks/AACCore : 5
PrivateFrameworks/ACDEClient : 92
PrivateFrameworks/AFKUser : 43
PrivateFrameworks/AGXCompilerCore : 36
PrivateFrameworks/AGXGPURawCounter : 36
PrivateFrameworks/AMPLibrary : 20
PrivateFrameworks/AMPSharing : 14
PrivateFrameworks/ANECompiler : 3
PrivateFrameworks/ANEHostCompiler : 3
PrivateFrameworks/ANEServices : 1
PrivateFrameworks/AOSAccounts : 76
PrivateFrameworks/AOSAccountsLite : 76
PrivateFrameworks/AOSKit : 192
PrivateFrameworks/AOSUI : 15
PrivateFrameworks/APFS : 10
PrivateFrameworks/ASEProcessing : 124
PrivateFrameworks/ASOctaneSupport : 1
PrivateFrameworks/AVConference : 79
PrivateFrameworks/AVFCapture : 36
PrivateFrameworks/AVFCore : 6
PrivateFrameworks/AVFoundationCF : 5
PrivateFrameworks/AXAssetLoader : 55
PrivateFrameworks/AXCoreUtilities : 55
PrivateFrameworks/AXHearingCoreSupport : 5222
PrivateFrameworks/AXHearingSupport : 5222
PrivateFrameworks/AXMediaUtilities : 109
PrivateFrameworks/AXRuntime : 55
PrivateFrameworks/AccessibilityBundles : 10
PrivateFrameworks/AccessibilityPlatformTranslation : 111
PrivateFrameworks/AccessibilitySharedSupport : 111
PrivateFrameworks/AccessibilitySupport : 8
PrivateFrameworks/AccessoryNowPlaying : 10
PrivateFrameworks/AccountPolicy : 16
PrivateFrameworks/AccountsDaemon : 139
PrivateFrameworks/AccountsUI : 66
PrivateFrameworks/ActionKit : 49
PrivateFrameworks/AdAnalytics : 95
PrivateFrameworks/AdCore : 16
PrivateFrameworks/AdID : 16
PrivateFrameworks/AdPlatforms : 16
PrivateFrameworks/AdPlatformsCommon : 5
PrivateFrameworks/AdPlatformsInternal : 16
PrivateFrameworks/AddressBookCore : 3
PrivateFrameworks/Admin : 262
PrivateFrameworks/AggregateDictionary : 250
PrivateFrameworks/AggregateDictionaryHistory : 250
PrivateFrameworks/AirPlaySync : 6
PrivateFrameworks/AlgosScoreFramework : 41
PrivateFrameworks/AmbientDisplay : 22
PrivateFrameworks/AnnotationKit : 165
PrivateFrameworks/AppAttestInternal : 63
PrivateFrameworks/AppSSO : 6
PrivateFrameworks/AppSSOCore : 6
PrivateFrameworks/AppSSOKerberos : 6
PrivateFrameworks/AppSSOUI : 6
PrivateFrameworks/AppStoreComponents : 28
PrivateFrameworks/AppStoreKit : 86
PrivateFrameworks/AppStoreUI : 74
PrivateFrameworks/AppSupport : 1174
PrivateFrameworks/AppSupportUI : 1472
PrivateFrameworks/AppleAccount : 81
PrivateFrameworks/AppleAppSupport : 510
PrivateFrameworks/AppleCVA : 71
PrivateFrameworks/AppleFSCompression : 4721
PrivateFrameworks/AppleFirmwareUpdate : 56
PrivateFrameworks/AppleGVA : 5
PrivateFrameworks/AppleGVACore : 5
PrivateFrameworks/AppleHIDTransportSupport : 503
PrivateFrameworks/AppleIDAuthSupport : 617
PrivateFrameworks/AppleIDSSOAuthentication : 1898
PrivateFrameworks/AppleJPEG : 51
PrivateFrameworks/AppleLDAP : 419
PrivateFrameworks/AppleLOM : 19
PrivateFrameworks/AppleMediaServices : 70
PrivateFrameworks/AppleMediaServicesUI : 69
PrivateFrameworks/AppleMediaServicesUIDynamic : 72
PrivateFrameworks/AppleNVMe : 168
PrivateFrameworks/AppleNeuralEngine : 117
PrivateFrameworks/ApplePDPHelper : 10289
PrivateFrameworks/ApplePushService : 291
PrivateFrameworks/AppleSRP : 13915
PrivateFrameworks/AppleSauce : 1609
PrivateFrameworks/AppleScript : 108
PrivateFrameworks/AppleServiceToolkit : 968
PrivateFrameworks/AppleShareClientCore : 335
PrivateFrameworks/AppleSystemInfo : 5
PrivateFrameworks/AppleVA : 137
PrivateFrameworks/AppleVPA : 82
PrivateFrameworks/AskPermission : 459
PrivateFrameworks/AssertionServices : 14
PrivateFrameworks/AssetCacheServices : 110
PrivateFrameworks/AssetCacheServicesExtensions : 110
PrivateFrameworks/AssetViewer : 8
PrivateFrameworks/AssistiveControlSupport : 66
PrivateFrameworks/AttributeGraph : 254
PrivateFrameworks/AudioAnalytics : 70
PrivateFrameworks/AudioDSPManager : 409
PrivateFrameworks/AudioHistory : 409
PrivateFrameworks/AudioPasscode : 260
PrivateFrameworks/AudioResourceArbitration : 49
PrivateFrameworks/AudioServerApplication : 260
PrivateFrameworks/AudioServerDriver : 260
PrivateFrameworks/AudioSession : 87
PrivateFrameworks/AudioTransportCommon : 1051
PrivateFrameworks/AuthKit : 82
PrivateFrameworks/AuthKitUI : 63
PrivateFrameworks/AutoBugCaptureCore : 225
PrivateFrameworks/AutoLoop : 3095
PrivateFrameworks/BackBoardServices : 100
PrivateFrameworks/BackgroundTaskManagement : 328
PrivateFrameworks/BaseBoard : 106
PrivateFrameworks/BatteryUIKit : 108
PrivateFrameworks/BehaviorMiner : 164
PrivateFrameworks/BezelServices : 726
PrivateFrameworks/BioKitAggD : 12118
PrivateFrameworks/BiomeFoundation : 54
PrivateFrameworks/BiomePubSub : 54
PrivateFrameworks/BiomeStorage : 54
PrivateFrameworks/BiomeStreams : 54
PrivateFrameworks/BiometricKit : 40
PrivateFrameworks/BiometricSupport : 24
PrivateFrameworks/BlastDoor : 245
PrivateFrameworks/BluetoothManager : 91
PrivateFrameworks/BluetoothServices : 3
PrivateFrameworks/BoardServices : 106
PrivateFrameworks/Bom : 872
PrivateFrameworks/BookCoverUtility : 147
PrivateFrameworks/BookKit : 147
PrivateFrameworks/BookKitFoundation : 147
PrivateFrameworks/BookUtility : 147
PrivateFrameworks/Bootability : 71
PrivateFrameworks/BridgeOSInstall : 185
PrivateFrameworks/BridgeOSInstallReporting : 185
PrivateFrameworks/BridgeOSObliteration : 31
PrivateFrameworks/BridgeOSSoftwareUpdate : 1042
PrivateFrameworks/BridgeXPC : 4081
PrivateFrameworks/BrightnessControl : 4
PrivateFrameworks/BulkSymbolication : 1
PrivateFrameworks/ByteRangeLocking : 3589
PrivateFrameworks/C2 : 369
PrivateFrameworks/CMCapture : 36
PrivateFrameworks/CMCaptureCore : 35
PrivateFrameworks/CPMLBestShim : 3557
PrivateFrameworks/CPMS : 35
PrivateFrameworks/CSCSupport : 8
PrivateFrameworks/CVNLP : 151
PrivateFrameworks/CalDAV : 119
PrivateFrameworks/Calculate : 190
PrivateFrameworks/CalendarAgent : 8
PrivateFrameworks/CalendarAgentLink : 8
PrivateFrameworks/CalendarDraw : 1
PrivateFrameworks/CalendarNotification : 128
PrivateFrameworks/CalendarUIKit : 8
PrivateFrameworks/CalendarWidget : 23
PrivateFrameworks/CallHistory : 31
PrivateFrameworks/CameraImagingFramework : 5825
PrivateFrameworks/CaptiveNetwork : 39
PrivateFrameworks/CardKit : 818
PrivateFrameworks/CardServices : 818
PrivateFrameworks/Cards : 818
PrivateFrameworks/Catalyst : 2538
PrivateFrameworks/CharacterPicker : 21
PrivateFrameworks/ChunkingLibrary : 777
PrivateFrameworks/ClassKit : 92
PrivateFrameworks/ClassKitUI : 92
PrivateFrameworks/ClassroomKit : 93
PrivateFrameworks/ClockKit : 5
PrivateFrameworks/ClockMenuExtraPreferences : 162
PrivateFrameworks/CloudDocs : 15
PrivateFrameworks/CloudDocsDaemon : 5
PrivateFrameworks/CloudFamilyRestrictions : 174
PrivateFrameworks/CloudFamilyRestrictionsDaemon : 174
PrivateFrameworks/CloudKitCode : 96
PrivateFrameworks/CloudKitCodeProtobuf : 96
PrivateFrameworks/CloudKitDaemon : 60
PrivateFrameworks/CloudServices : 11
PrivateFrameworks/Coherence : 3297
PrivateFrameworks/CombineCocoa : 30
PrivateFrameworks/CommerceKit : 74
PrivateFrameworks/CommonAuth : 14
PrivateFrameworks/CommonUtilities : 14437
PrivateFrameworks/CommunicationsFilter : 2757
PrivateFrameworks/ConditionInducer : 1513
PrivateFrameworks/ConsoleKit : 5
PrivateFrameworks/ConstantClasses : 293
PrivateFrameworks/ContactsAgent : 332
PrivateFrameworks/ContactsAssistantServices : 38
PrivateFrameworks/ContactsAutocomplete : 17
PrivateFrameworks/ContactsAutocompleteUI : 8
PrivateFrameworks/ContactsDonation : 70
PrivateFrameworks/ContactsDonationFeedback : 70
PrivateFrameworks/ContactsPersistence : 3
PrivateFrameworks/ContactsUICore : 10
PrivateFrameworks/ContactsUIMacHelper : 3
PrivateFrameworks/ContentKit : 49
PrivateFrameworks/ContextKit : 26
PrivateFrameworks/ContextKitExtraction : 26
PrivateFrameworks/ControlCenter : 12
PrivateFrameworks/CoreADI : 143
PrivateFrameworks/CoreAUC : 21
PrivateFrameworks/CoreAVCHD : 3868
PrivateFrameworks/CoreAccessories : 10
PrivateFrameworks/CoreAnalytics : 328
PrivateFrameworks/CoreAppleCVA : 211
PrivateFrameworks/CoreAutoLayout : 10
PrivateFrameworks/CoreBrightness : 177
PrivateFrameworks/CoreCDP : 62
PrivateFrameworks/CoreCDPInternal : 62
PrivateFrameworks/CoreCDPUI : 62
PrivateFrameworks/CoreCapture : 305
PrivateFrameworks/CoreCaptureControl : 305
PrivateFrameworks/CoreCaptureDaemon : 305
PrivateFrameworks/CoreChineseEngine : 82
PrivateFrameworks/CoreDAV : 117
PrivateFrameworks/CoreDaemon : 504
PrivateFrameworks/CoreDuet : 12
PrivateFrameworks/CoreDuetContext : 12
PrivateFrameworks/CoreDuetDaemonProtocol : 12
PrivateFrameworks/CoreDuetDataModel : 12
PrivateFrameworks/CoreDuetDebugLogging : 12
PrivateFrameworks/CoreDuetStatistics : 12
PrivateFrameworks/CoreDuetSync : 12
PrivateFrameworks/CoreEmoji : 24
PrivateFrameworks/CoreFollowUp : 1287
PrivateFrameworks/CoreFollowUpUI : 1287
PrivateFrameworks/CoreHandwriting : 118
PrivateFrameworks/CoreHapticsTools : 4958
PrivateFrameworks/CoreKDL : 522
PrivateFrameworks/CoreKE : 6
PrivateFrameworks/CoreKnowledge : 1297
PrivateFrameworks/CoreLSKD : 11
PrivateFrameworks/CoreLSKDMSE : 631
PrivateFrameworks/CoreLocationProtobuf : 390
PrivateFrameworks/CoreMLTestFramework : 4
PrivateFrameworks/CoreMaterial : 64
PrivateFrameworks/CoreNLP : 37
PrivateFrameworks/CoreNameParser : 1539
PrivateFrameworks/CoreNavigation : 109
PrivateFrameworks/CoreOptimization : 3557
PrivateFrameworks/CorePDF : 392
PrivateFrameworks/CoreParsec : 32
PrivateFrameworks/CorePhoneNumbers : 31
PrivateFrameworks/CorePrediction : 3557
PrivateFrameworks/CoreRC : 767
PrivateFrameworks/CoreRE : 43
PrivateFrameworks/CoreRecents : 149
PrivateFrameworks/CoreRecognition : 43
PrivateFrameworks/CoreRoutine : 42
PrivateFrameworks/CoreSDB : 562
PrivateFrameworks/CoreSVG : 30
PrivateFrameworks/CoreServicesInternal : 11
PrivateFrameworks/CoreServicesStore : 21
PrivateFrameworks/CoreSpeech : 6
PrivateFrameworks/CoreSpotlightImportDaemon : 4
PrivateFrameworks/CoreSymbolication : 92
PrivateFrameworks/CoreThemeDefinition : 433
PrivateFrameworks/CoreTime : 32
PrivateFrameworks/CoreUARP : 56
PrivateFrameworks/CoreUI : 4
PrivateFrameworks/CoreUtils : 37
PrivateFrameworks/CoreUtilsSwift : 3690
PrivateFrameworks/CoreUtilsUI : 31
PrivateFrameworks/CoreWLANKit : 1
PrivateFrameworks/CoreWiFi : 6
PrivateFrameworks/CrashReporterSupport : 91
PrivateFrameworks/CreateML : 4
PrivateFrameworks/CryptoKitCBridging : 147
PrivateFrameworks/CryptoKitPrivate : 147
PrivateFrameworks/DAAPKit : 687
PrivateFrameworks/DASDaemon : 10
PrivateFrameworks/DCERPC : 529
PrivateFrameworks/DCPDSBLib : 15
PrivateFrameworks/DFRBrightness : 177
PrivateFrameworks/DFRDisplay : 477
PrivateFrameworks/DFRFoundation : 54
PrivateFrameworks/DSExternalDisplay : 602
PrivateFrameworks/DVD : 15339
PrivateFrameworks/DataDeliveryServices : 115
PrivateFrameworks/DataDetectors : 5
PrivateFrameworks/DataDetectorsCore : 129
PrivateFrameworks/DataDetectorsNaturalLanguage : 1654
PrivateFrameworks/DebugSymbols : 3741
PrivateFrameworks/DeviceCheckInternal : 63
PrivateFrameworks/DeviceIdentity : 279
PrivateFrameworks/DeviceLink : 78
PrivateFrameworks/DeviceToDeviceManager : 13204
PrivateFrameworks/DiagnosticExtensions : 125
PrivateFrameworks/DiagnosticExtensionsDaemon : 30
PrivateFrameworks/DiagnosticLogCollection : 3
PrivateFrameworks/DiagnosticRequest : 188
PrivateFrameworks/DiagnosticRequestService : 225
PrivateFrameworks/DiagnosticsKit : 2354
PrivateFrameworks/DialogEngine : 18
PrivateFrameworks/DifferentialPrivacy : 135
PrivateFrameworks/DigitalTouchShared : 69
PrivateFrameworks/DirectoryEditor : 579
PrivateFrameworks/DirectoryServer : 11890
PrivateFrameworks/DiskImages : 3306
PrivateFrameworks/DiskImages2 : 70
PrivateFrameworks/DisplayServices : 716
PrivateFrameworks/DisplayTransportServices : 2657
PrivateFrameworks/DistributedEvaluation : 57
PrivateFrameworks/DocumentCamera : 1744
PrivateFrameworks/DrawingKit : 165
PrivateFrameworks/DuetActivityScheduler : 10
PrivateFrameworks/DuetRecommendation : 12
PrivateFrameworks/DynamicDesktop : 41
PrivateFrameworks/EAFirmwareUpdater : 56
PrivateFrameworks/EAP8021X : 1731
PrivateFrameworks/EFILogin : 81
PrivateFrameworks/EasyConfig : 37
PrivateFrameworks/Email : 54
PrivateFrameworks/EmailAddressing : 54
PrivateFrameworks/EmailCore : 54
PrivateFrameworks/EmailDaemon : 54
PrivateFrameworks/EmailFoundation : 54
PrivateFrameworks/EmbeddedAcousticRecognition : 78
PrivateFrameworks/EmbeddedOSInstall : 484
PrivateFrameworks/EmbeddedOSSupportHost : 470
PrivateFrameworks/EmbeddedSensingProtocols : 2988
PrivateFrameworks/EmojiFoundation : 29
PrivateFrameworks/Engram : 3
PrivateFrameworks/Espresso : 235
PrivateFrameworks/ExchangeSync : 596
PrivateFrameworks/ExchangeWebServices : 134
PrivateFrameworks/ExpansionSlotSupport : 84
PrivateFrameworks/ExtensionFoundation : 63
PrivateFrameworks/ExtensionKit : 63
PrivateFrameworks/FMClient : 5307
PrivateFrameworks/FMCore : 5708
PrivateFrameworks/FMCoreLite : 4503
PrivateFrameworks/FMCoreUI : 1433
PrivateFrameworks/FMF : 32
PrivateFrameworks/FMFCore : 201
PrivateFrameworks/FMFUI : 32
PrivateFrameworks/FMIPCore : 201
PrivateFrameworks/FMNetworking : 259
PrivateFrameworks/FTAWD : 3
PrivateFrameworks/FTClientServices : 5
PrivateFrameworks/FTServices : 5
PrivateFrameworks/FWAVC : 578
PrivateFrameworks/FaceCore : 155
PrivateFrameworks/FamilyCircle : 71
PrivateFrameworks/FamilyCircleUI : 71
PrivateFrameworks/FamilyControls : 217
PrivateFrameworks/FamilyNotification : 71
PrivateFrameworks/FeatureFlags : 4197
PrivateFrameworks/FeatureFlagsSupport : 4197
PrivateFrameworks/FeedbackLogger : 30
PrivateFrameworks/FileProvider : 5
PrivateFrameworks/FilesActionsUI : 119
PrivateFrameworks/FindMyDevice : 156
PrivateFrameworks/FindMyDeviceUI : 58
PrivateFrameworks/FindMyMac : 473
PrivateFrameworks/FlightUtilities : 511
PrivateFrameworks/FlightUtilitiesCore : 511
PrivateFrameworks/FlowFrameKit : 14
PrivateFrameworks/FolderActionsKit : 109
PrivateFrameworks/FontServices : 141
PrivateFrameworks/FoundInAppsPlugins : 45
PrivateFrameworks/FoundationODR : 1
PrivateFrameworks/FrontBoardServices : 38
PrivateFrameworks/FuseBoard : 9
PrivateFrameworks/FuseBoardServices : 5
PrivateFrameworks/FusionPluginKit : 15
PrivateFrameworks/FusionPluginServices : 15
PrivateFrameworks/Futhark : 681
PrivateFrameworks/GPUInfo : 46
PrivateFrameworks/GPURawCounter : 1354
PrivateFrameworks/GPUSupport : 98
PrivateFrameworks/GPUWrangler : 5
PrivateFrameworks/GameCenterFoundation : 5
PrivateFrameworks/GameCenterUI : 5
PrivateFrameworks/GameCenterUICore : 5
PrivateFrameworks/GameKitServices : 79
PrivateFrameworks/GenerationalStorage : 1073
PrivateFrameworks/GeoKit : 872
PrivateFrameworks/GraphKit : 13789
PrivateFrameworks/GraphVisualizer : 4881
PrivateFrameworks/GraphicsServices : 2836
PrivateFrameworks/H10ISPServices : 122
PrivateFrameworks/HDAInterface : 1505
PrivateFrameworks/HDRProcessing : 77
PrivateFrameworks/HIDAnalytics : 14
PrivateFrameworks/HIDDisplay : 14
PrivateFrameworks/HIDPreferences : 14
PrivateFrameworks/HMFoundation : 112
PrivateFrameworks/HTTPServer : 88
PrivateFrameworks/HearingCore : 105
PrivateFrameworks/HearingUtilities : 105
PrivateFrameworks/HeimODAdmin : 4
PrivateFrameworks/Heimdal : 14
PrivateFrameworks/Helium : 149
PrivateFrameworks/HelpData : 2183
PrivateFrameworks/HomeAI : 42
PrivateFrameworks/HomeAutomationInternal : 39
PrivateFrameworks/IAP : 282
PrivateFrameworks/IASUtilities : 49
PrivateFrameworks/IDS : 5
PrivateFrameworks/IDSFoundation : 5
PrivateFrameworks/IDSSystemPreferencesSignIn : 5
PrivateFrameworks/IMAP : 46
PrivateFrameworks/IMAVCore : 2475
PrivateFrameworks/IMAssistantCore : 3
PrivateFrameworks/IMCore : 3
PrivateFrameworks/IMCorePipeline : 3
PrivateFrameworks/IMDMessageServices : 3
PrivateFrameworks/IMDPersistence : 3
PrivateFrameworks/IMDaemonCore : 3
PrivateFrameworks/IMFoundation : 3
PrivateFrameworks/IMSharedUtilities : 3
PrivateFrameworks/IMTranscoderAgent : 3
PrivateFrameworks/IMTranscoding : 3
PrivateFrameworks/IMTransferAgent : 3
PrivateFrameworks/IMTransferServices : 3
PrivateFrameworks/IOAccelMemoryInfo : 956
PrivateFrameworks/IOAccelerator : 956
PrivateFrameworks/IOCEC : 15480
PrivateFrameworks/IOGPU : 24
PrivateFrameworks/IOImageLoader : 1519
PrivateFrameworks/IOKitten : 1051
PrivateFrameworks/IOMobileFramebuffer : 118
PrivateFrameworks/IOPlatformPluginFamily : 706
PrivateFrameworks/IOPresentment : 121
PrivateFrameworks/IOSurfaceAccelerator : 1975
PrivateFrameworks/ISSupport : 11746
PrivateFrameworks/IconFoundation : 12
PrivateFrameworks/IconServices : 12
PrivateFrameworks/IdleTimerServices : 396
PrivateFrameworks/InAppMessages : 227
PrivateFrameworks/InAppMessagesCore : 929
PrivateFrameworks/IncomingCallFilter : 2757
PrivateFrameworks/InertiaCam : 654
PrivateFrameworks/InputContext : 120
PrivateFrameworks/InputTranscoder : 366
PrivateFrameworks/Install : 11
PrivateFrameworks/InstallCoordination : 10
PrivateFrameworks/InstallerDiagnostics : 2280
PrivateFrameworks/InternalSwiftProtobuf : 1299
PrivateFrameworks/InternationalSupport : 200
PrivateFrameworks/InternationalTextSearch : 802
PrivateFrameworks/InternetAccounts : 513
PrivateFrameworks/IntlPreferences : 102
PrivateFrameworks/JavaLaunching : 5
PrivateFrameworks/JavaScriptAppleEvents : 253
PrivateFrameworks/JavaScriptOSA : 163
PrivateFrameworks/Jet : 289
PrivateFrameworks/JetEngine : 48
PrivateFrameworks/JetUI : 50
PrivateFrameworks/KerberosHelper : 3824
PrivateFrameworks/KeyboardServices : 655
PrivateFrameworks/KeychainCircle : 15
PrivateFrameworks/KnowledgeMonitor : 201
PrivateFrameworks/LanguageModeling : 37
PrivateFrameworks/Lexicon : 163
PrivateFrameworks/LibraryRepair : 2379
PrivateFrameworks/LimitAdTracking : 16
PrivateFrameworks/LinguisticData : 32
PrivateFrameworks/LinkPresentation : 80
PrivateFrameworks/LocalAuthenticationRecoveryUI : 15
PrivateFrameworks/LocalAuthenticationUI : 15
PrivateFrameworks/LocationSupport : 49
PrivateFrameworks/LockoutUI : 5170
PrivateFrameworks/LoggingSupport : 31
PrivateFrameworks/LoginUIKit : 55
PrivateFrameworks/Lookup : 5
PrivateFrameworks/MDSChannel : 3619
PrivateFrameworks/MFAAuthentication : 10
PrivateFrameworks/MFiAuthentication : 282
PrivateFrameworks/MMCS : 369
PrivateFrameworks/MMCSServices : 3
PrivateFrameworks/MSUDataAccessor : 2
PrivateFrameworks/MTLCompiler : 5
PrivateFrameworks/MTLSimImplementation : 5
PrivateFrameworks/MachineSettings : 6236
PrivateFrameworks/Mail : 46
PrivateFrameworks/MailCore : 46
PrivateFrameworks/MailService : 46
PrivateFrameworks/MailSupport : 54
PrivateFrameworks/MailUI : 46
PrivateFrameworks/MailWebProcessSupport : 54
PrivateFrameworks/MallocStackLogging : 83
PrivateFrameworks/Mangrove : 1867
PrivateFrameworks/MapsSuggestions : 10
PrivateFrameworks/MapsSupport : 10
PrivateFrameworks/MapsSync : 10
PrivateFrameworks/Marco : 3
PrivateFrameworks/MarkupUI : 165
PrivateFrameworks/MaterialKit : 69
PrivateFrameworks/MediaFoundation : 2695
PrivateFrameworks/MediaKit : 742
PrivateFrameworks/MediaRemote : 6
PrivateFrameworks/MediaServices : 274
PrivateFrameworks/Memories : 90
PrivateFrameworks/MessageProtection : 10
PrivateFrameworks/MessageSecurity : 386
PrivateFrameworks/MessageUIMacHelper : 35
PrivateFrameworks/MessagesBlastDoorSupport : 245
PrivateFrameworks/MetalSerializer : 5
PrivateFrameworks/MetalTools : 5
PrivateFrameworks/MetricKitCore : 1791
PrivateFrameworks/MetricKitServices : 1791
PrivateFrameworks/MetricKitSource : 1791
PrivateFrameworks/MetricMeasurement : 1791
PrivateFrameworks/MiniSoftwareUpdate : 1062
PrivateFrameworks/MobileAccessoryUpdater : 56
PrivateFrameworks/MobileActivationMacOS : 279
PrivateFrameworks/MobileAsset : 313
PrivateFrameworks/MobileAssetUpdater : 56
PrivateFrameworks/MobileBluetooth : 91
PrivateFrameworks/MobileDevice : 245
PrivateFrameworks/MobileIcons : 12
PrivateFrameworks/MobileInstallation : 14
PrivateFrameworks/MobileKeyBag : 14
PrivateFrameworks/MobileObliteration : 31
PrivateFrameworks/MobileSpotlightIndex : 4
PrivateFrameworks/MobileStorage : 834
PrivateFrameworks/MobileStoreDemoCore : 14
PrivateFrameworks/MobileSystemServices : 3434
PrivateFrameworks/MonitorPanel : 360
PrivateFrameworks/Montreal : 630
PrivateFrameworks/MorphunAssetsUpdater : 32
PrivateFrameworks/MultitouchSupport : 546
PrivateFrameworks/MultiverseSupport : 536
PrivateFrameworks/MusicLibrary : 116
PrivateFrameworks/NLP : 31
PrivateFrameworks/NPTKit : 505
PrivateFrameworks/Navigation : 11
PrivateFrameworks/NearField : 116
PrivateFrameworks/NetAppsUtilities : 2824
PrivateFrameworks/NetAuth : 703
PrivateFrameworks/NetFSServer : 15
PrivateFrameworks/Netrb : 22
PrivateFrameworks/NetworkServiceProxy : 7461
PrivateFrameworks/NetworkStatistics : 1207
PrivateFrameworks/NewsAnalyticsUpload : 2
PrivateFrameworks/NewsCore : 2
PrivateFrameworks/NewsDaemon : 2
PrivateFrameworks/NewsFoundation : 2
PrivateFrameworks/NewsToday : 2
PrivateFrameworks/NewsTransport : 2
PrivateFrameworks/Notes : 6
PrivateFrameworks/NotesShared : 6
PrivateFrameworks/NotesUI : 6
PrivateFrameworks/Noticeboard : 1143
PrivateFrameworks/OAHSoftwareUpdate : 5
PrivateFrameworks/OAuth : 22946
PrivateFrameworks/OSAServicesClient : 233
PrivateFrameworks/OSASubmissionClient : 233
PrivateFrameworks/OSASyncProxyClient : 233
PrivateFrameworks/OSAnalytics : 233
PrivateFrameworks/OSAnalyticsPrivate : 233
PrivateFrameworks/OSD : 3384
PrivateFrameworks/OSInstaller : 1
PrivateFrameworks/OSPersonalization : 259
PrivateFrameworks/OTSVG : 34
PrivateFrameworks/OctagonTrust : 15
PrivateFrameworks/OfficeImport : 74
PrivateFrameworks/OnBoardingKit : 6
PrivateFrameworks/OpenDirectoryConfig : 14881
PrivateFrameworks/OpenDirectoryConfigUI : 2926
PrivateFrameworks/Osprey : 335
PrivateFrameworks/PDFKit : 15
PrivateFrameworks/PDS : 44
PrivateFrameworks/PDSAgent : 44
PrivateFrameworks/PIP : 2001
PrivateFrameworks/PSNormalizer : 235
PrivateFrameworks/PackageKit : 225
PrivateFrameworks/PacketFilter : 587
PrivateFrameworks/ParsecModel : 32
PrivateFrameworks/ParsecSubscriptionServiceSupport : 32
PrivateFrameworks/PassKit : 469
PrivateFrameworks/PassKitCore : 470
PrivateFrameworks/PassKitMacHelper : 141
PrivateFrameworks/PassKitUI : 23
PrivateFrameworks/PassKitUIFoundation : 124
PrivateFrameworks/PasswordServer : 8894
PrivateFrameworks/PencilKit : 33
PrivateFrameworks/PeopleSuggester : 12
PrivateFrameworks/PerformanceTrace : 35
PrivateFrameworks/PersistentConnection : 2221
PrivateFrameworks/PersonaKit : 704
PrivateFrameworks/PersonaUI : 704
PrivateFrameworks/PersonalizationPortrait : 45
PrivateFrameworks/PersonalizationPortraitInternals : 45
PrivateFrameworks/PhoneNumberResolver : 150
PrivateFrameworks/PhoneNumbers : 31
PrivateFrameworks/PhotoPrintProduct : 224
PrivateFrameworks/PhotosUIApps : 3
PrivateFrameworks/PhysicsKit : 247
PrivateFrameworks/PlugInKit : 14
PrivateFrameworks/PodcastsFoundation : 5
PrivateFrameworks/PodcastsKit : 3
PrivateFrameworks/PowerLog : 10
PrivateFrameworks/PowerUI : 8
PrivateFrameworks/PowerlogControl : 10
PrivateFrameworks/PowerlogCore : 10
PrivateFrameworks/PowerlogDatabaseReader : 10
PrivateFrameworks/PowerlogFullOperators : 10
PrivateFrameworks/PowerlogHelperdOperators : 10
PrivateFrameworks/PreferencePanesSupport : 21
PrivateFrameworks/PrintKit : 273
PrivateFrameworks/PrintingPrivate : 81
PrivateFrameworks/PrivateFederatedLearning : 601
PrivateFrameworks/ProactiveEventTracker : 288
PrivateFrameworks/ProactiveInputPredictions : 5
PrivateFrameworks/ProactiveInputPredictionsInternals : 5
PrivateFrameworks/ProactiveSupport : 288
PrivateFrameworks/ProactiveSupportStubs : 288
PrivateFrameworks/PromotedContentSupport : 5
PrivateFrameworks/ProofReader : 175
PrivateFrameworks/ProtectedCloudStorage : 138
PrivateFrameworks/ProtocolBuffer : 11
PrivateFrameworks/PrototypeTools : 2375
PrivateFrameworks/QLCharts : 74
PrivateFrameworks/Quagga : 16
PrivateFrameworks/QuickLookIosmac : 19
PrivateFrameworks/QuickLookNonBaseSystem : 16
PrivateFrameworks/QuickLookSupport : 60
PrivateFrameworks/QuickLookThumbnailing : 60
PrivateFrameworks/QuickLookThumbnailingDaemon : 58
PrivateFrameworks/QuickLookUIIosmac : 19
PrivateFrameworks/RTBuddyCrashlogDecoder : 10
PrivateFrameworks/RTCReporting : 30
PrivateFrameworks/RTTUI : 105
PrivateFrameworks/RTTUtilities : 105
PrivateFrameworks/Rapport : 1146
PrivateFrameworks/RapportUI : 1144
PrivateFrameworks/ReminderMigration : 70
PrivateFrameworks/RemindersUICore : 2
PrivateFrameworks/RemoteConfiguration : 363
PrivateFrameworks/RemoteCoreML : 2777
PrivateFrameworks/RemoteManagement : 884
PrivateFrameworks/RemoteTextInput : 1354
PrivateFrameworks/RemoteViewServices : 85
PrivateFrameworks/RenderBox : 32
PrivateFrameworks/ReplayKitMacHelper : 15
PrivateFrameworks/ReportCrashShadow : 133
PrivateFrameworks/ResponseKit : 72
PrivateFrameworks/Restore : 14
PrivateFrameworks/Reveal : 543
PrivateFrameworks/RevealCore : 543
PrivateFrameworks/RunningBoard : 14
PrivateFrameworks/RunningBoardServices : 14
PrivateFrameworks/SAObjects : 25
PrivateFrameworks/SCEP : 164
PrivateFrameworks/SDAPI : 2636
PrivateFrameworks/SMBClient : 4
PrivateFrameworks/SMBClientEngine : 223
PrivateFrameworks/SPFinder : 83
PrivateFrameworks/SPOwner : 83
PrivateFrameworks/SPShared : 259
PrivateFrameworks/SPSupport : 53
PrivateFrameworks/SampleAnalysis : 1
PrivateFrameworks/ScoreBoard : 964
PrivateFrameworks/ScreenSharing : 24
PrivateFrameworks/ScreenTimeCore : 25
PrivateFrameworks/ScreenTimeSettingsUI : 17
PrivateFrameworks/ScreenTimeUI : 26
PrivateFrameworks/SearchAds : 16
PrivateFrameworks/SearchFoundation : 32
PrivateFrameworks/SearchUICardKitProviderSupport : 540
PrivateFrameworks/SecureChannel : 1195
PrivateFrameworks/SecurityTokend : 5406
PrivateFrameworks/Seeding : 70
PrivateFrameworks/SemanticDocumentManagement : 3631
PrivateFrameworks/SensingProtocols : 2988
PrivateFrameworks/Sentry : 241
PrivateFrameworks/ServerCompatibility : 4017
PrivateFrameworks/ServerInformation : 49
PrivateFrameworks/ShareKit : 51
PrivateFrameworks/SharePointManagement : 410
PrivateFrameworks/ShareSheet : 3
PrivateFrameworks/SharedWebCredentials : 39
PrivateFrameworks/Sharing : 7
PrivateFrameworks/SharingXPCServices : 7
PrivateFrameworks/ShazamInsights : 109
PrivateFrameworks/ShazamKit : 109
PrivateFrameworks/ShazamKitUI : 109
PrivateFrameworks/Shortcut : 5
PrivateFrameworks/ShoveService : 225
PrivateFrameworks/SidecarCore : 312
PrivateFrameworks/SidecarUI : 312
PrivateFrameworks/SignpostCollection : 223
PrivateFrameworks/SignpostMetrics : 223
PrivateFrameworks/SignpostNotification : 38
PrivateFrameworks/SignpostSupport : 223
PrivateFrameworks/SiriAppResolution : 14
PrivateFrameworks/SiriAudioInternal : 111
PrivateFrameworks/SiriAudioSupport : 111
PrivateFrameworks/SiriClientFlow : 100
PrivateFrameworks/SiriDialogEngine : 25
PrivateFrameworks/SiriFoundation : 64
PrivateFrameworks/SiriGeo : 1253
PrivateFrameworks/SiriInference : 91
PrivateFrameworks/SiriInstrumentation : 88
PrivateFrameworks/SiriIntentEvents : 91
PrivateFrameworks/SiriKitFlow : 14
PrivateFrameworks/SiriKitInvocation : 40
PrivateFrameworks/SiriKitRuntime : 14
PrivateFrameworks/SiriObservation : 1
PrivateFrameworks/SiriOntology : 805
PrivateFrameworks/SiriOntologyProtobuf : 805
PrivateFrameworks/SiriPlaybackControlIntents : 105
PrivateFrameworks/SiriPlaybackControlSupport : 105
PrivateFrameworks/SiriTTS : 12
PrivateFrameworks/SiriTasks : 1
PrivateFrameworks/SiriUI : 73
PrivateFrameworks/SiriVideoIntents : 139
PrivateFrameworks/Slideshows : 328
PrivateFrameworks/SocialServices : 141
PrivateFrameworks/SoftLinking : 458
PrivateFrameworks/SpeakerRecognition : 6
PrivateFrameworks/SpeechDictionary : 756
PrivateFrameworks/SpeechObjects : 15
PrivateFrameworks/SpeechRecognitionCommandServices : 114
PrivateFrameworks/SpeechRecognitionCore : 30
PrivateFrameworks/SpotlightDaemon : 4
PrivateFrameworks/SpotlightIndexUtilities : 4
PrivateFrameworks/SpotlightLinguistics : 4
PrivateFrameworks/SpotlightReceiver : 4
PrivateFrameworks/StorageKit : 4
PrivateFrameworks/StorageManagement : 88
PrivateFrameworks/StoreFoundation : 74
PrivateFrameworks/StoreJavaScript : 74
PrivateFrameworks/StoreKitMacHelper : 5
PrivateFrameworks/StoreKitUIMac : 5
PrivateFrameworks/StoreServices : 53
PrivateFrameworks/StoreUI : 74
PrivateFrameworks/StreamingZip : 1216
PrivateFrameworks/Suggestions : 308
PrivateFrameworks/Symbolication : 83
PrivateFrameworks/SymptomDiagnosticReporter : 188
PrivateFrameworks/SymptomReporter : 41
PrivateFrameworks/Symptoms : 41
PrivateFrameworks/SyncServicesUI : 53
PrivateFrameworks/SyncedDefaults : 368
PrivateFrameworks/SystemAdministration : 262
PrivateFrameworks/SystemAdministrationInterface : 336
PrivateFrameworks/SystemDesktopAppearance : 43
PrivateFrameworks/SystemUIPlugin : 445
PrivateFrameworks/TCC : 61
PrivateFrameworks/TTYUtilities : 5222
PrivateFrameworks/TVRemoteCore : 364
PrivateFrameworks/TelephonyUtilities : 17
PrivateFrameworks/TextInput : 179
PrivateFrameworks/TextInputCore : 179
PrivateFrameworks/TextInputMenuUI : 5
PrivateFrameworks/TextRecognition : 43
PrivateFrameworks/TextToSpeech : 124
PrivateFrameworks/TextureIO : 9371
PrivateFrameworks/TimeSync : 57
PrivateFrameworks/Timeline : 726
PrivateFrameworks/ToneKit : 30
PrivateFrameworks/ToneLibrary : 30
PrivateFrameworks/Tourist : 742
PrivateFrameworks/Translation : 15
PrivateFrameworks/Transparency : 10
PrivateFrameworks/TransparencyDetailsViewMac : 16
PrivateFrameworks/Trial : 80
PrivateFrameworks/TrialProto : 80
PrivateFrameworks/TrialServer : 80
PrivateFrameworks/TrustEvaluationAgent : 995
PrivateFrameworks/TrustedPeers : 15
PrivateFrameworks/TuriCore : 44
PrivateFrameworks/UARPiCloud : 56
PrivateFrameworks/UAUPlugin : 1170
PrivateFrameworks/UIFoundation : 36
PrivateFrameworks/UIRecording : 1985
PrivateFrameworks/URLFormatting : 74
PrivateFrameworks/Uninstall : 1145
PrivateFrameworks/UsageTracking : 23
PrivateFrameworks/UserActivity : 1202
PrivateFrameworks/UserManagement : 131
PrivateFrameworks/VCXMPP : 1040
PrivateFrameworks/VFX : 86
PrivateFrameworks/VFXBase : 86
PrivateFrameworks/VectorKit : 11
PrivateFrameworks/VideoProcessing : 36
PrivateFrameworks/VideoSubscriberAccountUI : 22
PrivateFrameworks/ViewBridge : 10
PrivateFrameworks/VirtualGarage : 11
PrivateFrameworks/VisionKit : 3882
PrivateFrameworks/VisualPairing : 55
PrivateFrameworks/VisualTestKit : 2260
PrivateFrameworks/VoiceShortcutClient : 49
PrivateFrameworks/VoiceShortcuts : 49
PrivateFrameworks/VoiceTrigger : 4024
PrivateFrameworks/WPDaemon : 648
PrivateFrameworks/WatchdogClient : 14
PrivateFrameworks/WeatherKit : 129
PrivateFrameworks/WebContentAnalysis : 187
PrivateFrameworks/WebFilterDNS : 187
PrivateFrameworks/WiFiAnalytics : 6
PrivateFrameworks/WiFiCloudSyncEngine : 80
PrivateFrameworks/WiFiPeerToPeer : 55
PrivateFrameworks/WiFiVelocity : 23
PrivateFrameworks/WildDevices : 122
PrivateFrameworks/WirelessDiagnostics : 11627
PrivateFrameworks/WirelessProximity : 648
PrivateFrameworks/WorkflowKit : 49
PrivateFrameworks/WorkflowUIServices : 22
PrivateFrameworks/XARTRecovery : 94
PrivateFrameworks/XCTAutomationSupport : 39
PrivateFrameworks/XCTTargetBootstrap : 39
PrivateFrameworks/XGBoostFramework : 4
PrivateFrameworks/XQuery : 5429
PrivateFrameworks/XprotectFramework : 1083
PrivateFrameworks/ZhuGeSupport : 68
PrivateFrameworks/acfs : 23
PrivateFrameworks/apfs_boot_mount : 10
PrivateFrameworks/caulk : 239
PrivateFrameworks/iAdCore : 95
PrivateFrameworks/iAdServices : 95
PrivateFrameworks/iCloudNotification : 58
PrivateFrameworks/iLifeMediaBrowser : 62
PrivateFrameworks/iPod : 440
PrivateFrameworks/iPodSync : 2930
PrivateFrameworks/iPodUpdater : 2581
PrivateFrameworks/iTunesCloud : 82
PrivateFrameworks/iWorkXPC : 37
PrivateFrameworks/kperf : 14
PrivateFrameworks/kperfdata : 14
PrivateFrameworks/ktrace : 30
PrivateFrameworks/login : 81
PrivateFrameworks/nt : 6
PrivateFrameworks/oncrpc : 1187
PrivateFrameworks/perfdata : 32
PrivateFrameworks/vCard : 3
PrivateFrameworks/yara : 939
CoreServices/AddressBookUrlForwarder : 2446
CoreServices/AirPlayUIAgent : 525.3
CoreServices/Automator Application Stub : 505
CoreServices/Automator Installer : 505
CoreServices/Bluetooth Setup Assistant : 8.0.0d47
CoreServices/BluetoothUIServer : 8.0.0d47
CoreServices/ClimateProxy : 1662
CoreServices/ControlCenter : 111
CoreServices/ControlStrip : 214
CoreServices/CoreLocationAgent : 2420.0.51
CoreServices/CoreServicesUIAgent : 356
CoreServices/Dock : 2080
CoreServices/Finder : 1339.2
CoreServices/Installer Progress : 576
CoreServices/Installer : 1016
CoreServices/JavaLauncher : 315
CoreServices/Keychain Circle Notification : 59754.40.20.0.1
CoreServices/ManagedClient : 1315
CoreServices/NotificationCenter : 1051.1
CoreServices/OBEXAgent : 8.0.0d47
CoreServices/Paired Devices : 200.19
CoreServices/RapportUIAgent : 200.19
CoreServices/Screen Time : 473
CoreServices/Setup Assistant : 3035.2
CoreServices/Siri : 201.1.4
CoreServices/Software Update : 1378.0.2
CoreServices/Spotlight : 2139.2
CoreServices/TextInputMenuAgent : 260
CoreServices/TextInputSwitcher : 260
CoreServices/UIKitSystem : 226
CoreServices/UniversalAccessControl : 523
CoreServices/UserNotificationCenter : 61
CoreServices/VoiceOver : 744.1
CoreServices/WiFiAgent : 1728
CoreServices/loginwindow : 2013
Applications/Feedback Assistant : 447.1
Applications/Screen Sharing : 550.14
Frameworks/ARKit : 29
Frameworks/AVKit : 38
Frameworks/AddressBook : 367
Frameworks/AddressBookUI : 174
Frameworks/AppClip : 28
Frameworks/BusinessChat : 17
Frameworks/CarPlay : 28
Frameworks/CoreAudioKit : 119
Frameworks/EventKitUI : 141
Frameworks/GLKit : 130
Frameworks/GameController : 15
Frameworks/GameKit : 7
Frameworks/GameplayKit : 131
Frameworks/HealthKit : 20
Frameworks/HealthKitUI : 20
Frameworks/MediaPlayer : 9
Frameworks/MessageUI : 35
Frameworks/Messages : 4
Frameworks/MetalKit : 590
Frameworks/MobileCoreServices : 70
Frameworks/MultipeerConnectivity : 505
Frameworks/NetworkExtensioniOSSupport : 1
Frameworks/NewsstandKit : 732
Frameworks/OpenAL : 349
Frameworks/OpenGLES : 13
Frameworks/PassKit : 141
Frameworks/PencilKit : 15
Frameworks/QuickLook : 5
Frameworks/RealityKit : 37
Frameworks/ReplayKit : 15
Frameworks/SceneKit : 12
Frameworks/Social : 61
Frameworks/SpriteKit : 84
Frameworks/StoreKit : 5
Frameworks/Twitter : 847
Frameworks/UserNotificationsUI : 21
Frameworks/VisionKit : 1727
Frameworks/WatchConnectivity : 177
Frameworks/WatchKit : 1953
Frameworks/_AVKit_SwiftUI : 81
Frameworks/_MapKit_SwiftUI : 22
Frameworks/iAd : 95
PrivateFrameworks/AVKitMacHelper : 38
PrivateFrameworks/AccessibilityUI : 15
PrivateFrameworks/AccessibilityUIService : 15
PrivateFrameworks/AccessibilityUIShared : 15
PrivateFrameworks/AccessibilityUIUtilities : 15
PrivateFrameworks/ActionKitUI : 11
PrivateFrameworks/ActivityRingsUI : 164
PrivateFrameworks/AdPlatformsCommonUI : 5
PrivateFrameworks/AddressBookLegacy : 1788
PrivateFrameworks/AnnotationKit : 59
PrivateFrameworks/AppAnalytics : 130
PrivateFrameworks/AppSupportUI : 294
PrivateFrameworks/AuthKitUI : 18
PrivateFrameworks/AuthKitUIMacHelper : 18
PrivateFrameworks/AvatarUI : 5
PrivateFrameworks/BaseBoardUI : 84
PrivateFrameworks/CalendarUIKit : 8
PrivateFrameworks/ChatKit : 4
PrivateFrameworks/ContactsAutocompleteUI : 3
PrivateFrameworks/CoreChart : 1
PrivateFrameworks/CorePDF : 91
PrivateFrameworks/CoreRecognition : 12
PrivateFrameworks/CoreSpotlightCatalystExtensionSupport : 4
PrivateFrameworks/CryptoTokenKitExtensionSDK : 14
PrivateFrameworks/DataDetectorsUI : 55
PrivateFrameworks/DocumentCamera : 424
PrivateFrameworks/EmojiKit : 183
PrivateFrameworks/FMCoreUI : 597
PrivateFrameworks/FMFUI : 5
PrivateFrameworks/FrontBoard : 38
PrivateFrameworks/GameCenterUI : 2
PrivateFrameworks/HealthDaemon : 20
PrivateFrameworks/HelpKit : 953
PrivateFrameworks/Home : 34
PrivateFrameworks/HomeRecommendationEngine : 34
PrivateFrameworks/HomeUI : 34
PrivateFrameworks/IMSharedUI : 4
PrivateFrameworks/InAppMessages : 230
PrivateFrameworks/IntlPreferences : 18
PrivateFrameworks/JITAppKit : 753
PrivateFrameworks/Jet : 149
PrivateFrameworks/JetEngine : 8
PrivateFrameworks/JetUI : 8
PrivateFrameworks/ManagedConfiguration : 36
PrivateFrameworks/MarkupUI : 59
PrivateFrameworks/MediaPlaybackCore : 9
PrivateFrameworks/MobileTimer : 34
PrivateFrameworks/MobileTimerUI : 34
PrivateFrameworks/NanoRegistry : 2217
PrivateFrameworks/NetAppsUtilitiesUI : 2824
PrivateFrameworks/PassKitServices : 112
PrivateFrameworks/PassKitUI : 27
PrivateFrameworks/PassKitUIFoundation : 32
PrivateFrameworks/PencilKit : 15
PrivateFrameworks/PersonaUI : 189
PrivateFrameworks/PodcastsUI : 5
PrivateFrameworks/PromotedContent : 10
PrivateFrameworks/PromotedContentProxy : 5
PrivateFrameworks/PromotedContentUI : 10
PrivateFrameworks/QuickLookThumbnailingExtension : 60
PrivateFrameworks/RTTUI : 15
PrivateFrameworks/RapportUI : 262
PrivateFrameworks/SearchToShareCore : 30
PrivateFrameworks/SilexWeb : 2
PrivateFrameworks/Stocks : 133
PrivateFrameworks/TSReading : 145
PrivateFrameworks/TSUtility : 145
PrivateFrameworks/TeaActivities : 49
PrivateFrameworks/TeaCharts : 49
PrivateFrameworks/TeaDB : 49
PrivateFrameworks/TeaFoundation : 49
PrivateFrameworks/TeaSettings : 49
PrivateFrameworks/TeaSnappy : 49
PrivateFrameworks/TeaTemplate : 49
PrivateFrameworks/TeaUI : 49
PrivateFrameworks/TeaUIKit : 49
PrivateFrameworks/TouchML : 800
PrivateFrameworks/TransparencyDetailsView : 16
PrivateFrameworks/VisualPairing : 15
PrivateFrameworks/VoiceMemos : 25
PrivateFrameworks/VoiceOverServices : 15
PrivateFrameworks/Weather : 102
PrivateFrameworks/WeatherCharts : 102
PrivateFrameworks/WeatherFoundation : 1
PrivateFrameworks/WorkflowEditor : 11
PrivateFrameworks/WorkflowUI : 11
PrivateFrameworks/WorkflowUICore : 11
PrivateFrameworks/WorkflowUIServices : 7
PrivateFrameworks/ZoomServices : 15
