Applications/Bootstrap Studio : 5.3.0
Applications/DockMate : 1930
Applications/Epic Games Launcher : 10.18.6
Applications/GitHub Desktop : 2.5.4
Applications/Google Chrome : 4183.83
Applications/MacForge : 5825
Applications/Parallels Toolbox : 3447
Applications/Plex Media Server : 1.20.1.3252
Applications/RunCat : 8.3.1
Applications/Safari : 16610.2.2.4
Applications/Spotify : 1.1.40.508.gd5bc2931-9
Applications/Tiles : 266
Applications/Visual Studio Code : 1.48.2
Applications/Xcode : 16142
Applications/iMovie : 376482
Applications/zoom.us : 5.2.45106.0831
Utilities/Feedback Assistant : 448
Applications/App Store : 1005.0.99
Applications/Automator : 506
Applications/Books : 2162
Applications/Calendar : 2805
Applications/Contacts : 2447
Applications/Dictionary : 265
Applications/FindMy : 168.0.2
Applications/Font Book : 378
Applications/Home : 462.2.1
Applications/Mail : 3654.0.3.2.26
Applications/Maps : 2608.20.8.12.16
Applications/News : 2608
Applications/Notes : 1757.2
Applications/Photos : 300.9.180
Applications/Podcasts : 1520.7
Applications/Preview : 1013
Applications/QuickTime Player : 1080
Applications/Reminders : 2172
Applications/Stocks : 657
Applications/TextEdit : 362
Utilities/Activity Monitor : 1086
Utilities/Bluetooth File Exchange : 8.0.0d51
Utilities/Boot Camp Assistant : 6272.40.7
Utilities/ColorSync Utility : 333
Utilities/VoiceOver Utility : 748
Frameworks/AVFoundation : 14
Frameworks/AVKit : 15
Frameworks/Accelerate : 86
Frameworks/Accessibility : 249
Frameworks/Accounts : 73
Frameworks/AddressBook : 23
Frameworks/ApplicationServices : 2002
Frameworks/AudioToolbox : 12
Frameworks/AudioUnit : 11
Frameworks/AuthenticationServices : 11
Frameworks/AutomaticAssessmentConfiguration : 99
Frameworks/Automator : 20
Frameworks/BusinessChat : 21
Frameworks/CFNetwork : 90
Frameworks/Carbon : 2779
Frameworks/ClassKit : 81
Frameworks/ClockKit : 7
Frameworks/CloudKit : 69
Frameworks/Cocoa : 14948
Frameworks/ColorSync : 140
Frameworks/Combine : 16
Frameworks/Contacts : 67
Frameworks/ContactsUI : 25
Frameworks/CoreAudio : 91
Frameworks/CoreAudioTypes : 12
Frameworks/CoreBluetooth : 95
Frameworks/CoreData : 76
Frameworks/CoreFoundation : 8
Frameworks/CoreImage : 32
Frameworks/CoreLocation : 18
Frameworks/CoreML : 137
Frameworks/CoreMedia : 14
Frameworks/CoreMediaIO : 774
Frameworks/CoreMotion : 18
Frameworks/CoreServices : 196
Frameworks/CoreTelephony : 41
Frameworks/CoreText : 119
Frameworks/CoreVideo : 58
Frameworks/CoreWLAN : 16
Frameworks/CryptoKit : 515
Frameworks/CryptoTokenKit : 152
Frameworks/DeveloperToolsSupport : 586
Frameworks/DeviceCheck : 17
Frameworks/DirectoryService : 270
Frameworks/DiskArbitration : 11
Frameworks/DriverKit : 47
Frameworks/EventKit : 14
Frameworks/FinderSync : 6
Frameworks/Foundation : 8
Frameworks/GSS : 26
Frameworks/GameController : 141
Frameworks/GameKit : 342
Frameworks/GameplayKit : 67
Frameworks/HIDDriverKit : 45
Frameworks/Hypervisor : 30
Frameworks/ICADevices : 35
Frameworks/IMServicePlugIn : 52
Frameworks/IOBluetooth : 61
Frameworks/IOKit : 84
Frameworks/IOUSBHost : 270
Frameworks/ImageCaptureCore : 35
Frameworks/ImageIO : 34
Frameworks/InputMethodKit : 30
Frameworks/InstallerPlugins : 38
Frameworks/Intents : 185
Frameworks/Kernel : 61
Frameworks/KernelManagement : 10
Frameworks/LinkPresentation : 35
Frameworks/LocalAuthentication : 27
Frameworks/MLCompute : 24
Frameworks/MediaPlayer : 20
Frameworks/MediaToolbox : 14
Frameworks/MetalKit : 4054
Frameworks/MetalPerformanceShadersGraph : 20
Frameworks/ModelIO : 97
Frameworks/MultipeerConnectivity : 116
Frameworks/NearbyInteraction : 39
Frameworks/Network : 7
Frameworks/NetworkExtension : 111
Frameworks/NetworkingDriverKit : 672
Frameworks/NotificationCenter : 229
Frameworks/OSLog : 46
Frameworks/OpenCL : 19
Frameworks/OpenDirectory : 270
Frameworks/OpenGL : 1
Frameworks/PCIDriverKit : 119
Frameworks/ParavirtualizedGraphics : 413
Frameworks/PassKit : 4
Frameworks/PencilKit : 51
Frameworks/Photos : 108
Frameworks/PhotosUI : 74
Frameworks/Python : 10
Frameworks/Quartz : 606
Frameworks/RealityKit : 194
Frameworks/ReplayKit : 102
Frameworks/SceneKit : 93
Frameworks/ScreenTime : 1
Frameworks/Security : 31
Frameworks/SecurityFoundation : 844
Frameworks/SecurityInterface : 74
Frameworks/SensorKit : 101
Frameworks/Speech : 146
Frameworks/StoreKit : 11
Frameworks/System : 35525
Frameworks/USBDriverKit : 270
Frameworks/UniformTypeIdentifiers : 8
Frameworks/UserNotifications : 27
Frameworks/UserNotificationsUI : 10
Frameworks/VideoSubscriberAccount : 121
Frameworks/VideoToolbox : 14
Frameworks/Virtualization : 8
Frameworks/Vision : 119
Frameworks/WebKit : 8
Frameworks/WidgetKit : 67
Frameworks/_MapKit_SwiftUI : 40
Frameworks/_QuickLook_SwiftUI : 458
Frameworks/_SpriteKit_SwiftUI : 2496
Frameworks/_StoreKit_SwiftUI : 51
Frameworks/iTunesLibrary : 19
Frameworks/vecLib : 86
PrivateFrameworks/AFKUser : 55
PrivateFrameworks/AGXCompilerCore : 39
PrivateFrameworks/AGXGPURawCounter : 39
PrivateFrameworks/AMPDevices : 18
PrivateFrameworks/AMPLibrary : 21
PrivateFrameworks/AMPSharing : 11
PrivateFrameworks/ANECompiler : 95
PrivateFrameworks/ANEHostCompiler : 95
PrivateFrameworks/AOSUI : 44
PrivateFrameworks/APTransport : 1
PrivateFrameworks/ASEProcessing : 58
PrivateFrameworks/ASOctaneSupport : 59
PrivateFrameworks/AVConference : 107
PrivateFrameworks/AVFCapture : 12
PrivateFrameworks/AVFCore : 14
PrivateFrameworks/AXAssetLoader : 61
PrivateFrameworks/AXCoreUtilities : 61
PrivateFrameworks/AXMediaUtilities : 230
PrivateFrameworks/AXRuntime : 61
PrivateFrameworks/AccessibilityPerformance : 14
PrivateFrameworks/AccessibilityPlatformTranslation : 249
PrivateFrameworks/AccessibilitySharedSupport : 249
PrivateFrameworks/AccessibilitySupport : 14
PrivateFrameworks/AccessoryNowPlaying : 81
PrivateFrameworks/AccountsDaemon : 73
PrivateFrameworks/AccountsUI : 24
PrivateFrameworks/ActionKit : 141
PrivateFrameworks/AdAnalytics : 24
PrivateFrameworks/AdCore : 24
PrivateFrameworks/AdID : 24
PrivateFrameworks/AdPlatforms : 24
PrivateFrameworks/AdPlatformsCommon : 50
PrivateFrameworks/AdPlatformsInternal : 24
PrivateFrameworks/AddressBookAutocomplete : 25
PrivateFrameworks/AddressBookCore : 23
PrivateFrameworks/Admin : 23
PrivateFrameworks/AirPlayReceiver : 1
PrivateFrameworks/AirPlaySender : 1
PrivateFrameworks/AirPlaySupport : 1
PrivateFrameworks/AirPlaySync : 14
PrivateFrameworks/AirTrafficHost : 11
PrivateFrameworks/AlgosScoreFramework : 63
PrivateFrameworks/AnnotationKit : 167
PrivateFrameworks/AppAttestInternal : 17
PrivateFrameworks/AppSSO : 10
PrivateFrameworks/AppSSOCore : 10
PrivateFrameworks/AppSSOKerberos : 10
PrivateFrameworks/AppSSOUI : 10
PrivateFrameworks/AppStoreComponents : 214
PrivateFrameworks/AppStoreDaemon : 18
PrivateFrameworks/AppStoreFoundation : 18
PrivateFrameworks/AppStoreKit : 348
PrivateFrameworks/AppStoreUI : 123
PrivateFrameworks/AppSupport : 1265
PrivateFrameworks/Apple80211 : 17
PrivateFrameworks/AppleAccount : 85
PrivateFrameworks/AppleAppSupport : 606
PrivateFrameworks/AppleFirmwareUpdate : 79
PrivateFrameworks/AppleGVA : 4
PrivateFrameworks/AppleGVACore : 4
PrivateFrameworks/AppleHIDTransportSupport : 371
PrivateFrameworks/AppleIDSSOAuthentication : 139
PrivateFrameworks/AppleLOM : 35
PrivateFrameworks/AppleMediaServices : 21
PrivateFrameworks/AppleMediaServicesUIDynamic : 1
PrivateFrameworks/AppleNVMe : 177
PrivateFrameworks/AppleNeuralEngine : 36
PrivateFrameworks/ApplePDPHelper : 10913
PrivateFrameworks/ApplePushService : 20
PrivateFrameworks/AppleSystemInfo : 15
PrivateFrameworks/AssertionServices : 47
PrivateFrameworks/AssetViewer : 46
PrivateFrameworks/AssetsLibraryServices : 108
PrivateFrameworks/AssistantServices : 5
PrivateFrameworks/AttributeGraph : 389
PrivateFrameworks/AudioDSPManager : 472
PrivateFrameworks/AudioHistory : 472
PrivateFrameworks/AudioResourceArbitration : 23
PrivateFrameworks/AudioSession : 89
PrivateFrameworks/AudioToolboxCore : 12
PrivateFrameworks/AuthKit : 29
PrivateFrameworks/AuthKitUI : 29
PrivateFrameworks/AuthenticationServices : 11
PrivateFrameworks/AutoBugCaptureCore : 175
PrivateFrameworks/BackgroundTaskManagement : 20
PrivateFrameworks/Backup : 6
PrivateFrameworks/BiomeFoundation : 123
PrivateFrameworks/BiomePubSub : 123
PrivateFrameworks/BiomeStorage : 123
PrivateFrameworks/BiomeStreams : 123
PrivateFrameworks/BiometricKit : 47
PrivateFrameworks/BiometricKitUI : 7
PrivateFrameworks/BiometricSupport : 31
PrivateFrameworks/BlastDoor : 87
PrivateFrameworks/BluetoothAudio : 30
PrivateFrameworks/BluetoothManager : 95
PrivateFrameworks/BluetoothServices : 61
PrivateFrameworks/BookCoverUtility : 26
PrivateFrameworks/BookKit : 26
PrivateFrameworks/BookKitFoundation : 26
PrivateFrameworks/BookUtility : 26
PrivateFrameworks/Bootability : 157
PrivateFrameworks/BridgeOSObliteration : 161
PrivateFrameworks/BridgeOSSoftwareUpdate : 1250
PrivateFrameworks/BulkSymbolication : 195
PrivateFrameworks/CMCapture : 12
PrivateFrameworks/CMCaptureCore : 12
PrivateFrameworks/CPAnalytics : 108
PrivateFrameworks/CPMS : 56
PrivateFrameworks/CSCSupport : 76
PrivateFrameworks/CVNLP : 113
PrivateFrameworks/CacheDelete : 84
PrivateFrameworks/Calculate : 11
PrivateFrameworks/CalendarAgent : 21
PrivateFrameworks/CalendarDraw : 21
PrivateFrameworks/CalendarPersistence : 12
PrivateFrameworks/CalendarUI : 13
PrivateFrameworks/CalendarWidget : 233
PrivateFrameworks/CallHistory : 26
PrivateFrameworks/CardKit : 80
PrivateFrameworks/CardServices : 80
PrivateFrameworks/Cards : 80
PrivateFrameworks/Categories : 109
PrivateFrameworks/ChronoKit : 67
PrivateFrameworks/ChronoServices : 67
PrivateFrameworks/ChronoUIServices : 52
PrivateFrameworks/ClassKit : 81
PrivateFrameworks/ClassKitUI : 81
PrivateFrameworks/ClassroomKit : 12
PrivateFrameworks/ClockKit : 7
PrivateFrameworks/ClockMenuExtraPreferences : 26
PrivateFrameworks/CloudKitCode : 211
PrivateFrameworks/CloudKitCodeProtobuf : 211
PrivateFrameworks/CloudKitDaemon : 74
PrivateFrameworks/CloudPhotoLibrary : 108
PrivateFrameworks/CloudPhotoServices : 108
PrivateFrameworks/CloudPhotoServicesConfiguration : 108
PrivateFrameworks/CloudServices : 50
PrivateFrameworks/Coherence : 3695
PrivateFrameworks/CombineCocoa : 16
PrivateFrameworks/CommerceKit : 123
PrivateFrameworks/CommonAuth : 26
PrivateFrameworks/ConditionInducer : 158
PrivateFrameworks/ConfigProfileHelper : 10
PrivateFrameworks/ConfigurationProfiles : 10
PrivateFrameworks/ConfigurationProfilesUI : 10
PrivateFrameworks/ContactsAssistantServices : 121
PrivateFrameworks/ContactsAutocompleteUI : 62
PrivateFrameworks/ContactsPersistence : 17
PrivateFrameworks/ContactsUICore : 107
PrivateFrameworks/ContactsUIMacHelper : 25
PrivateFrameworks/ContentKit : 141
PrivateFrameworks/ContextKit : 33
PrivateFrameworks/ContextKitExtraction : 32
PrivateFrameworks/ControlCenter : 50
PrivateFrameworks/ConversationKit : 113
PrivateFrameworks/CoreAUC : 22
PrivateFrameworks/CoreAccessories : 81
PrivateFrameworks/CoreAnalytics : 253
PrivateFrameworks/CoreCDP : 111
PrivateFrameworks/CoreCDPInternal : 111
PrivateFrameworks/CoreCDPUI : 111
PrivateFrameworks/CoreCapture : 500
PrivateFrameworks/CoreCaptureControl : 500
PrivateFrameworks/CoreCaptureDaemon : 500
PrivateFrameworks/CoreChart : 108
PrivateFrameworks/CoreChineseEngine : 13
PrivateFrameworks/CoreDuet : 105
PrivateFrameworks/CoreDuetContext : 105
PrivateFrameworks/CoreDuetDaemonProtocol : 105
PrivateFrameworks/CoreDuetDataModel : 105
PrivateFrameworks/CoreDuetDebugLogging : 105
PrivateFrameworks/CoreDuetStatistics : 105
PrivateFrameworks/CoreDuetSync : 105
PrivateFrameworks/CoreEmoji : 81
PrivateFrameworks/CoreFollowUp : 66
PrivateFrameworks/CoreFollowUpUI : 66
PrivateFrameworks/CoreHAP : 74
PrivateFrameworks/CoreHandwriting : 187
PrivateFrameworks/CoreHapticsTools : 5446
PrivateFrameworks/CoreJapaneseEngine : 11
PrivateFrameworks/CoreKDL : 135
PrivateFrameworks/CoreKnowledge : 1354
PrivateFrameworks/CoreLSKD : 25
PrivateFrameworks/CoreMLTestFramework : 73
PrivateFrameworks/CoreMaterial : 248
PrivateFrameworks/CoreMediaStream : 108
PrivateFrameworks/CoreNavigation : 26
PrivateFrameworks/CoreParsec : 192
PrivateFrameworks/CorePhoneNumbers : 26
PrivateFrameworks/CoreRecognition : 191
PrivateFrameworks/CoreRoutine : 15
PrivateFrameworks/CoreServicesInternal : 93
PrivateFrameworks/CoreServicesStore : 28
PrivateFrameworks/CoreSpeech : 24
PrivateFrameworks/CoreSuggestions : 75
PrivateFrameworks/CoreSuggestionsInternals : 75
PrivateFrameworks/CoreSuggestionsML : 75
PrivateFrameworks/CoreSuggestionsUI : 75
PrivateFrameworks/CoreSymbolication : 115
PrivateFrameworks/CoreThemeDefinition : 205
PrivateFrameworks/CoreTime : 89
PrivateFrameworks/CoreUARP : 79
PrivateFrameworks/CoreUI : 24
PrivateFrameworks/CoreUtils : 80
PrivateFrameworks/CoreUtilsSwift : 4302
PrivateFrameworks/CoreUtilsUI : 78
PrivateFrameworks/CoreWLANKit : 16
PrivateFrameworks/CoreWiFi : 15
PrivateFrameworks/CreateML : 52
PrivateFrameworks/CryptoKitCBridging : 515
PrivateFrameworks/CryptoKitPrivate : 515
PrivateFrameworks/DCIMServices : 108
PrivateFrameworks/DTXConnectionServices : 201
PrivateFrameworks/DataDetectorsCore : 105
PrivateFrameworks/DeviceCheckInternal : 17
PrivateFrameworks/DeviceIdentity : 165
PrivateFrameworks/DeviceLink : 168
PrivateFrameworks/DiagnosticLogCollection : 42
PrivateFrameworks/DiagnosticRequest : 149
PrivateFrameworks/DiagnosticRequestService : 175
PrivateFrameworks/DialogEngine : 15
PrivateFrameworks/DifferentialPrivacy : 26
PrivateFrameworks/DiskImages : 4076
PrivateFrameworks/DiskImages2 : 482
PrivateFrameworks/DiskManagement : 17
PrivateFrameworks/DistributedEvaluation : 281
PrivateFrameworks/DrawingKit : 167
PrivateFrameworks/DuetRecommendation : 105
PrivateFrameworks/DynamicDesktop : 94
PrivateFrameworks/EFILogin : 28
PrivateFrameworks/EasyConfig : 80
PrivateFrameworks/Email : 41
PrivateFrameworks/EmailAddressing : 41
PrivateFrameworks/EmailCore : 41
PrivateFrameworks/EmailDaemon : 41
PrivateFrameworks/EmailFoundation : 41
PrivateFrameworks/EmbeddedAcousticRecognition : 56
PrivateFrameworks/EmbeddedOSInstall : 703
PrivateFrameworks/EmbeddedSensingProtocols : 183
PrivateFrameworks/Engram : 42
PrivateFrameworks/Espresso : 30
PrivateFrameworks/ExchangeSync : 21
PrivateFrameworks/ExtensionFoundation : 115
PrivateFrameworks/ExtensionKit : 115
PrivateFrameworks/FMClient : 5957
PrivateFrameworks/FMF : 289
PrivateFrameworks/FMFCore : 274
PrivateFrameworks/FMFUI : 289
PrivateFrameworks/FMIPCore : 274
PrivateFrameworks/FMNetworking : 696
PrivateFrameworks/FTAWD : 42
PrivateFrameworks/FTClientServices : 133
PrivateFrameworks/FTServices : 133
PrivateFrameworks/FWAVC : 774
PrivateFrameworks/FamilyCircle : 95
PrivateFrameworks/FamilyCircleUI : 95
PrivateFrameworks/FamilyNotification : 95
PrivateFrameworks/FeatureFlags : 217
PrivateFrameworks/FeatureFlagsSupport : 217
PrivateFrameworks/FinderKit : 6
PrivateFrameworks/FinderSyncPriv : 6
PrivateFrameworks/FlowFrameKit : 232
PrivateFrameworks/FoundInAppsPlugins : 162
PrivateFrameworks/FoundationODR : 18
PrivateFrameworks/FrontBoardServices : 144
PrivateFrameworks/FuseBoard : 36
PrivateFrameworks/FuseBoardServices : 40
PrivateFrameworks/GPUSupport : 1
PrivateFrameworks/GameCenterFoundation : 342
PrivateFrameworks/GameCenterUI : 342
PrivateFrameworks/GameCenterUICore : 342
PrivateFrameworks/GameKitServices : 107
PrivateFrameworks/Geode : 237
PrivateFrameworks/H10ISPServices : 97
PrivateFrameworks/HID : 131
PrivateFrameworks/HIDAnalytics : 45
PrivateFrameworks/HIDDisplay : 45
PrivateFrameworks/HIDPreferences : 45
PrivateFrameworks/HMFoundation : 73
PrivateFrameworks/HearingCore : 232
PrivateFrameworks/HearingUtilities : 232
PrivateFrameworks/HeimODAdmin : 6
PrivateFrameworks/Heimdal : 26
PrivateFrameworks/HelloWorldMacHelper : 40
PrivateFrameworks/HomeAI : 66
PrivateFrameworks/HomeAutomationInternal : 242
PrivateFrameworks/HomeKit : 74
PrivateFrameworks/HomeKitBackingStore : 74
PrivateFrameworks/HomeKitCore : 74
PrivateFrameworks/HomeKitDaemon : 74
PrivateFrameworks/IAP : 78
PrivateFrameworks/IASUtilities : 27
PrivateFrameworks/IDS : 133
PrivateFrameworks/IDSFoundation : 133
PrivateFrameworks/IDSHashPersistence : 48
PrivateFrameworks/IDSKVStore : 48
PrivateFrameworks/IDSSystemPreferencesSignIn : 133
PrivateFrameworks/IMAP : 40
PrivateFrameworks/IMAssistantCore : 52
PrivateFrameworks/IMCore : 52
PrivateFrameworks/IMCorePipeline : 52
PrivateFrameworks/IMDMessageServices : 52
PrivateFrameworks/IMDPersistence : 52
PrivateFrameworks/IMDaemonCore : 52
PrivateFrameworks/IMFoundation : 42
PrivateFrameworks/IMSharedUI : 49
PrivateFrameworks/IMSharedUtilities : 52
PrivateFrameworks/IMTranscoderAgent : 52
PrivateFrameworks/IMTranscoding : 52
PrivateFrameworks/IMTransferAgent : 52
PrivateFrameworks/IMTransferServices : 42
PrivateFrameworks/IOAccelMemoryInfo : 193
PrivateFrameworks/IOAccelerator : 193
PrivateFrameworks/IOCEC : 16361
PrivateFrameworks/IOGPU : 478
PrivateFrameworks/IOImageLoader : 1733
PrivateFrameworks/IOMobileFramebuffer : 22
PrivateFrameworks/IOPlatformPluginFamily : 929
PrivateFrameworks/IOSurfaceAccelerator : 2189
PrivateFrameworks/IconFoundation : 25
PrivateFrameworks/IconServices : 25
PrivateFrameworks/InputContext : 176
PrivateFrameworks/Install : 28
PrivateFrameworks/InstallCoordination : 79
PrivateFrameworks/IntentsCore : 185
PrivateFrameworks/IntentsFoundation : 185
PrivateFrameworks/IntentsServices : 185
PrivateFrameworks/InternalSwiftProtobuf : 1888
PrivateFrameworks/JetEngine : 253
PrivateFrameworks/JetUI : 265
PrivateFrameworks/KeychainCircle : 31
PrivateFrameworks/KnowledgeGraphKit : 241
PrivateFrameworks/KnowledgeMonitor : 60
PrivateFrameworks/LanguageModeling : 110
PrivateFrameworks/Lexicon : 167
PrivateFrameworks/LimitAdTracking : 24
PrivateFrameworks/LinguisticData : 29
PrivateFrameworks/LinkPresentation : 35
PrivateFrameworks/LocalAuthenticationRecoveryUI : 27
PrivateFrameworks/LocalAuthenticationUI : 27
PrivateFrameworks/LocationSupport : 18
PrivateFrameworks/LoggingSupport : 46
PrivateFrameworks/LoginUIKit : 11
PrivateFrameworks/MFAAuthentication : 81
PrivateFrameworks/MFiAuthentication : 78
PrivateFrameworks/MMCSServices : 52
PrivateFrameworks/Mail : 40
PrivateFrameworks/MailCore : 40
PrivateFrameworks/MailService : 40
PrivateFrameworks/MailSupport : 41
PrivateFrameworks/MailUI : 40
PrivateFrameworks/MailWebProcessSupport : 41
PrivateFrameworks/MallocStackLogging : 107
PrivateFrameworks/ManagedClient : 10
PrivateFrameworks/MapsSync : 42
PrivateFrameworks/Marco : 42
PrivateFrameworks/MarkupUI : 167
PrivateFrameworks/MaterialKit : 249
PrivateFrameworks/MediaControlSender : 1
PrivateFrameworks/MediaConversionService : 108
PrivateFrameworks/MediaExperience : 14
PrivateFrameworks/MediaFoundation : 3524
PrivateFrameworks/MediaMiningKit : 241
PrivateFrameworks/MediaRemote : 10
PrivateFrameworks/MediaStream : 108
PrivateFrameworks/Memories : 86
PrivateFrameworks/MessageSecurity : 16
PrivateFrameworks/MessageUIMacHelper : 27
PrivateFrameworks/MessagesBlastDoorSupport : 87
PrivateFrameworks/MessagesHelperKit : 49
PrivateFrameworks/MessagesKit : 49
PrivateFrameworks/MobileActivationMacOS : 165
PrivateFrameworks/MobileBluetooth : 95
PrivateFrameworks/MobileContainerManager : 65
PrivateFrameworks/MobileIcons : 25
PrivateFrameworks/MobileInstallation : 47
PrivateFrameworks/MobileKeyBag : 117
PrivateFrameworks/MobileObliteration : 161
PrivateFrameworks/MobileSoftwareUpdate : 2
PrivateFrameworks/MobileStorage : 136
PrivateFrameworks/MobileStoreDemoCore : 33
PrivateFrameworks/Mondrian : 237
PrivateFrameworks/MonitorPanel : 24
PrivateFrameworks/MorphunAssetsUpdater : 26
PrivateFrameworks/MultitouchSupport : 128
PrivateFrameworks/MultiverseSupport : 741
PrivateFrameworks/NearField : 289
PrivateFrameworks/Network : 7
PrivateFrameworks/NeutrinoCore : 108
PrivateFrameworks/NeutrinoKit : 108
PrivateFrameworks/NewsAnalyticsUpload : 48
PrivateFrameworks/NewsCore : 48
PrivateFrameworks/NewsDaemon : 48
PrivateFrameworks/NewsFoundation : 48
PrivateFrameworks/NewsToday : 48
PrivateFrameworks/NewsTransport : 48
PrivateFrameworks/NotificationCenterUI : 229
PrivateFrameworks/OAHSoftwareUpdate : 2
PrivateFrameworks/OSAServicesClient : 111
PrivateFrameworks/OSASubmissionClient : 109
PrivateFrameworks/OSASyncProxyClient : 109
PrivateFrameworks/OSAnalytics : 111
PrivateFrameworks/OSAnalyticsPrivate : 109
PrivateFrameworks/OSInstaller : 85
PrivateFrameworks/OSPersonalization : 607
PrivateFrameworks/OTSVG : 119
PrivateFrameworks/OctagonTrust : 31
PrivateFrameworks/OfficeImport : 76
PrivateFrameworks/OpenDirectoryConfig : 14934
PrivateFrameworks/PAImaging : 237
PrivateFrameworks/PAImagingCore : 237
PrivateFrameworks/PDS : 48
PrivateFrameworks/PDSAgent : 48
PrivateFrameworks/ParsecModel : 192
PrivateFrameworks/ParsecSubscriptionServiceSupport : 192
PrivateFrameworks/PassKit : 4
PrivateFrameworks/PassKitCore : 4
PrivateFrameworks/PassKitMacHelper : 4
PrivateFrameworks/PassKitUIFoundation : 1
PrivateFrameworks/PencilKit : 51
PrivateFrameworks/PeopleSuggester : 105
PrivateFrameworks/PerformanceAnalysis : 195
PrivateFrameworks/PersonalizationPortrait : 162
PrivateFrameworks/PersonalizationPortraitInternals : 162
PrivateFrameworks/PhoneNumbers : 26
PrivateFrameworks/PhotoAnalysis : 241
PrivateFrameworks/PhotoFoundation : 108
PrivateFrameworks/PhotoImaging : 108
PrivateFrameworks/PhotoLibrary : 74
PrivateFrameworks/PhotoLibraryServices : 108
PrivateFrameworks/PhotoVision : 108
PrivateFrameworks/PhotosFormats : 108
PrivateFrameworks/PhotosGraph : 241
PrivateFrameworks/PhotosImagingFoundation : 108
PrivateFrameworks/PhotosPlayer : 108
PrivateFrameworks/PhotosUIApps : 241
PrivateFrameworks/PhotosUICore : 74
PrivateFrameworks/PlacesKit : 74
PrivateFrameworks/PlugInKit : 79
PrivateFrameworks/PodcastServices : 13
PrivateFrameworks/PodcastsFoundation : 60
PrivateFrameworks/PodcastsKit : 42
PrivateFrameworks/PowerUI : 25
PrivateFrameworks/PreferencePanesSupport : 19
PrivateFrameworks/ProactiveEventTracker : 126
PrivateFrameworks/ProactiveExperiments : 75
PrivateFrameworks/ProactiveExperimentsInternals : 75
PrivateFrameworks/ProactiveInputPredictions : 75
PrivateFrameworks/ProactiveInputPredictionsInternals : 75
PrivateFrameworks/ProactiveML : 75
PrivateFrameworks/ProactiveSupport : 126
PrivateFrameworks/ProactiveSupportStubs : 126
PrivateFrameworks/PromotedContentSupport : 50
PrivateFrameworks/ProofReader : 168
PrivateFrameworks/ProtectedCloudStorage : 266
PrivateFrameworks/ProtocolBuffer : 40
PrivateFrameworks/PrototypeTools : 243
PrivateFrameworks/PubSub : 74
PrivateFrameworks/QLCharts : 76
PrivateFrameworks/RTBuddyCrashlogDecoder : 71
PrivateFrameworks/RTCReporting : 145
PrivateFrameworks/RTTUI : 232
PrivateFrameworks/RTTUtilities : 232
PrivateFrameworks/Rapport : 93
PrivateFrameworks/RapportUI : 93
PrivateFrameworks/ReminderKitInternal : 41
PrivateFrameworks/RemindersUICore : 51
PrivateFrameworks/ReplayKitMacHelper : 25
PrivateFrameworks/ReportCrashShadow : 1
PrivateFrameworks/ResponseKit : 133
PrivateFrameworks/Restore : 52
PrivateFrameworks/Reveal : 11
PrivateFrameworks/RevealCore : 11
PrivateFrameworks/RunningBoard : 46
PrivateFrameworks/RunningBoardServices : 47
PrivateFrameworks/SAObjects : 111
PrivateFrameworks/SMBClient : 9
PrivateFrameworks/SMBClientEngine : 30
PrivateFrameworks/SPFinder : 247
PrivateFrameworks/SPOwner : 247
PrivateFrameworks/SPShared : 696
PrivateFrameworks/SPSupport : 17
PrivateFrameworks/SafariCore : 11
PrivateFrameworks/SafariFoundation : 11
PrivateFrameworks/SafariShared : 11
PrivateFrameworks/SafariSharedUI : 11
PrivateFrameworks/SampleAnalysis : 195
PrivateFrameworks/ScreenReader : 102
PrivateFrameworks/ScreenReaderCore : 102
PrivateFrameworks/SearchAds : 24
PrivateFrameworks/SearchFoundation : 192
PrivateFrameworks/SearchUI : 145
PrivateFrameworks/SearchUICardKitProviderSupport : 54
PrivateFrameworks/SecurityTokend : 5502
PrivateFrameworks/SensingProtocols : 183
PrivateFrameworks/ShareKit : 21
PrivateFrameworks/SharePointManagement : 20
PrivateFrameworks/ShareServicesCore : 237
PrivateFrameworks/ShareSheet : 26
PrivateFrameworks/Sharing : 40
PrivateFrameworks/SharingXPCServices : 32
PrivateFrameworks/SidecarCore : 71
PrivateFrameworks/SidecarUI : 71
PrivateFrameworks/SiriAppResolution : 232
PrivateFrameworks/SiriAudioInternal : 502
PrivateFrameworks/SiriAudioSupport : 502
PrivateFrameworks/SiriClientFlow : 78
PrivateFrameworks/SiriCore : 5
PrivateFrameworks/SiriDialogEngine : 674
PrivateFrameworks/SiriGeo : 706
PrivateFrameworks/SiriInference : 6
PrivateFrameworks/SiriIntentEvents : 6
PrivateFrameworks/SiriKitFlow : 232
PrivateFrameworks/SiriKitRuntime : 232
PrivateFrameworks/SiriObservation : 5
PrivateFrameworks/SiriOntology : 149
PrivateFrameworks/SiriOntologyProtobuf : 149
PrivateFrameworks/SiriPlaybackControlIntents : 532
PrivateFrameworks/SiriPlaybackControlSupport : 532
PrivateFrameworks/SiriTTS : 17
PrivateFrameworks/SiriTasks : 5
PrivateFrameworks/SiriUI : 37
PrivateFrameworks/SiriVOX : 5
PrivateFrameworks/SiriVideoIntents : 566
PrivateFrameworks/SocialAppsCore : 49
PrivateFrameworks/SocialUI : 49
PrivateFrameworks/SoftLinking : 69
PrivateFrameworks/SoftwareUpdateCore : 2
PrivateFrameworks/SoftwareUpdateCoreConnect : 2
PrivateFrameworks/SoftwareUpdateCoreSupport : 2
PrivateFrameworks/SoftwareUpdateMacController : 2
PrivateFrameworks/SpanMatcher : 5
PrivateFrameworks/SpeakerRecognition : 24
PrivateFrameworks/SpeechRecognitionCore : 44
PrivateFrameworks/SpotlightLinguistics : 2
PrivateFrameworks/StorageKit : 154
PrivateFrameworks/StoreFoundation : 123
PrivateFrameworks/StoreJavaScript : 123
PrivateFrameworks/StoreKitMacHelper : 46
PrivateFrameworks/StoreKitUIMac : 46
PrivateFrameworks/StoreServices : 99
PrivateFrameworks/StoreUI : 123
PrivateFrameworks/StreamingZip : 56
PrivateFrameworks/Suggestions : 11
PrivateFrameworks/SuggestionsSpotlightMetrics : 75
PrivateFrameworks/Symbolication : 107
PrivateFrameworks/SymptomDiagnosticReporter : 149
PrivateFrameworks/SymptomReporter : 63
PrivateFrameworks/Symptoms : 63
PrivateFrameworks/SystemAdministration : 23
PrivateFrameworks/TCC : 25
PrivateFrameworks/TVRemoteCore : 140
PrivateFrameworks/TelephonyUtilities : 60
PrivateFrameworks/TemplateKit : 143
PrivateFrameworks/TextInput : 92
PrivateFrameworks/TextInputCore : 92
PrivateFrameworks/TextInputMenuUI : 19
PrivateFrameworks/TextRecognition : 192
PrivateFrameworks/TextToSpeech : 97
PrivateFrameworks/TimeMachine : 14
PrivateFrameworks/ToneKit : 90
PrivateFrameworks/ToneLibrary : 90
PrivateFrameworks/Translation : 5
PrivateFrameworks/TransparencyDetailsViewMac : 24
PrivateFrameworks/Trial : 93
PrivateFrameworks/TrialProto : 93
PrivateFrameworks/TrialServer : 93
PrivateFrameworks/TrustedPeers : 31
PrivateFrameworks/TuriCore : 49
PrivateFrameworks/UARPiCloud : 79
PrivateFrameworks/UIKitMacHelper : 159
PrivateFrameworks/UIKitServices : 145
PrivateFrameworks/UIKitSystemAppServices : 40
PrivateFrameworks/URLFormatting : 35
PrivateFrameworks/USDKit : 66
PrivateFrameworks/UXKit : 108
PrivateFrameworks/UniversalAccess : 11
PrivateFrameworks/UsageTracking : 66
PrivateFrameworks/UserActivity : 162
PrivateFrameworks/VCXMPP : 1086
PrivateFrameworks/VFX : 441
PrivateFrameworks/VFXBase : 441
PrivateFrameworks/VideoProcessing : 37
PrivateFrameworks/VideoSubscriberAccountUI : 119
PrivateFrameworks/VisualPairing : 136
PrivateFrameworks/VoiceShortcutClient : 141
PrivateFrameworks/VoiceShortcuts : 141
PrivateFrameworks/WPDaemon : 25
PrivateFrameworks/WeatherFoundation : 161
PrivateFrameworks/WebContentAnalysis : 378
PrivateFrameworks/WebFilterDNS : 378
PrivateFrameworks/WebInspector : 8
PrivateFrameworks/WebInspectorUI : 8
PrivateFrameworks/WiFiAnalytics : 16
PrivateFrameworks/WiFiPolicy : 92
PrivateFrameworks/WiFiVelocity : 71
PrivateFrameworks/WildDevices : 7
PrivateFrameworks/WirelessCoexManager : 12
PrivateFrameworks/WirelessDiagnostics : 11678
PrivateFrameworks/WirelessProximity : 25
PrivateFrameworks/WorkflowKit : 141
PrivateFrameworks/WorkflowUIServices : 28
PrivateFrameworks/XARTRecovery : 248
PrivateFrameworks/XGBoostFramework : 137
PrivateFrameworks/acfsSupport : 30
PrivateFrameworks/iAdCore : 24
PrivateFrameworks/iAdServices : 24
PrivateFrameworks/iTunesCloud : 118
PrivateFrameworks/iWorkXPC : 242
PrivateFrameworks/ktrace : 23
PrivateFrameworks/login : 22
PrivateFrameworks/nt : 9
PrivateFrameworks/vCard : 17
CoreServices/AddPrinter : 584
CoreServices/AddressBookUrlForwarder : 2447
CoreServices/AirPlayUIAgent : 525.11.81
CoreServices/Automator Application Stub : 506
CoreServices/Automator Installer : 506
CoreServices/Bluetooth Setup Assistant : 8.0.0d51
CoreServices/BluetoothUIServer : 8.0.0d51
CoreServices/ClimateProxy : 1685.1
CoreServices/ControlCenter : 115
CoreServices/CoreLocationAgent : 2420.3.56
CoreServices/Dock : 2081
CoreServices/Dwell Control : 316
CoreServices/Finder : 1341.1
CoreServices/HelpViewer : 386
CoreServices/Installer Progress : 578
CoreServices/Installer : 1017.2
CoreServices/Keychain Circle Notification : 59754.40.35.0.1
CoreServices/Language Chooser : 615
CoreServices/ManagedClient : 1316
CoreServices/NotificationCenter : 1065
CoreServices/OBEXAgent : 8.0.0d51
CoreServices/Paired Devices : 200.22
CoreServices/Photo Library Migration Utility : 2301.5
CoreServices/Problem Reporter : 15032
CoreServices/RapportUIAgent : 200.22
CoreServices/Screen Time : 477.1
CoreServices/Setup Assistant : 3039.2
CoreServices/Siri : 201.1.6
CoreServices/Software Update : 1389
CoreServices/Spotlight : 2141.2
CoreServices/SystemUIServer : 513
CoreServices/TextInputMenuAgent : 261
CoreServices/TextInputSwitcher : 261
CoreServices/UniversalAccessControl : 526
CoreServices/UserNotificationCenter : 62
CoreServices/VoiceOver : 748
CoreServices/loginwindow : 2016
Applications/Feedback Assistant : 448
Applications/Screen Sharing : 550.15
Frameworks/ARKit : 20
Frameworks/AVKit : 66
Frameworks/AddressBook : 17
Frameworks/AppClip : 27
Frameworks/AssetsLibrary : 242
Frameworks/BusinessChat : 21
Frameworks/CarPlay : 39
Frameworks/ContactsUI : 15
Frameworks/CoreNFC : 27
Frameworks/EventKitUI : 12
Frameworks/GameController : 7
Frameworks/GameKit : 344
Frameworks/GameplayKit : 18
Frameworks/HealthKit : 67
Frameworks/HealthKitUI : 67
Frameworks/HomeKit : 60
Frameworks/IdentityLookupUI : 29
Frameworks/LinkPresentation : 36
Frameworks/MediaPlayer : 20
Frameworks/MessageUI : 27
Frameworks/Messages : 53
Frameworks/MobileCoreServices : 94
Frameworks/MultipeerConnectivity : 26
Frameworks/NetworkExtensioniOSSupport : 16
Frameworks/OpenGLES : 1
Frameworks/PassKit : 4
Frameworks/PencilKit : 13
Frameworks/PhotosUI : 242
Frameworks/RealityKit : 85
Frameworks/ReplayKit : 25
Frameworks/SceneKit : 25
Frameworks/ScreenTime : 1
Frameworks/SwiftUI : 59
Frameworks/UIKit : 162
Frameworks/UserNotificationsUI : 74
Frameworks/WatchConnectivity : 95
Frameworks/WebKit : 8
Frameworks/WidgetKit : 52
Frameworks/_AVKit_SwiftUI : 68
Frameworks/_MapKit_SwiftUI : 47
Frameworks/_SceneKit_SwiftUI : 290
Frameworks/_SpriteKit_SwiftUI : 29
Frameworks/iAd : 24
PrivateFrameworks/AVKitMacHelper : 66
PrivateFrameworks/AccessibilityUI : 8
PrivateFrameworks/AccessibilityUIService : 8
PrivateFrameworks/AccessibilityUIShared : 8
PrivateFrameworks/AccessibilityUIUtilities : 8
PrivateFrameworks/ActionKit : 59
PrivateFrameworks/ActionKitUI : 59
PrivateFrameworks/ActivityRingsUI : 332
PrivateFrameworks/AdPlatformsCommonUI : 50
PrivateFrameworks/AnnotationKit : 57
PrivateFrameworks/AppAnalytics : 146
PrivateFrameworks/AppleMediaServicesUIDynamic : 1
PrivateFrameworks/AuthKitUI : 7
PrivateFrameworks/AuthKitUIMacHelper : 7
PrivateFrameworks/AvatarKit : 15
PrivateFrameworks/AvatarUI : 20
PrivateFrameworks/ChatKit : 53
PrivateFrameworks/ChronoKit : 52
PrivateFrameworks/ClassroomKit : 12
PrivateFrameworks/ContactsAutocompleteUI : 17
PrivateFrameworks/ContentKit : 59
PrivateFrameworks/CoreChart : 19
PrivateFrameworks/CoreRecognition : 69
PrivateFrameworks/CoreSuggestionsUI : 40
PrivateFrameworks/CryptoTokenKitExtensionSDK : 152
PrivateFrameworks/DataDetectorsUI : 29
PrivateFrameworks/DocumentManager : 41
PrivateFrameworks/DocumentManagerCore : 41
PrivateFrameworks/FMFUI : 31
PrivateFrameworks/FrontBoard : 147
PrivateFrameworks/GameCenterUI : 76
PrivateFrameworks/HealthDaemon : 67
PrivateFrameworks/Home : 75
PrivateFrameworks/HomeKit : 60
PrivateFrameworks/HomeRecommendationEngine : 75
PrivateFrameworks/HomeUI : 75
PrivateFrameworks/IMAssistantCore : 46
PrivateFrameworks/IMCore : 46
PrivateFrameworks/IMDPersistence : 46
PrivateFrameworks/IMSharedUI : 53
PrivateFrameworks/IMSharedUtilities : 46
PrivateFrameworks/IMTranscoding : 46
PrivateFrameworks/JetEngine : 44
PrivateFrameworks/JetUI : 56
PrivateFrameworks/MarkupUI : 57
PrivateFrameworks/MediaPlaybackCore : 20
PrivateFrameworks/MobileTimer : 102
PrivateFrameworks/MobileTimerUI : 102
PrivateFrameworks/NewsAds : 297
PrivateFrameworks/NewsAnalytics : 297
PrivateFrameworks/NewsArticles : 297
PrivateFrameworks/NewsFeed : 297
PrivateFrameworks/NewsFeedLayout : 48
PrivateFrameworks/NewsPersonalization : 297
PrivateFrameworks/NewsServicesInternal : 48
PrivateFrameworks/NewsSubscription : 297
PrivateFrameworks/NewsUI : 48
PrivateFrameworks/NewsUI2 : 297
PrivateFrameworks/OnBoardingKit : 7
PrivateFrameworks/PassKitServices : 1
PrivateFrameworks/PencilKit : 13
PrivateFrameworks/PhotoLibrary : 242
PrivateFrameworks/PhotosPlayer : 242
PrivateFrameworks/PhotosUICore : 242
PrivateFrameworks/PodcastsUI : 59
PrivateFrameworks/PromotedContent : 211
PrivateFrameworks/PromotedContentProxy : 50
PrivateFrameworks/PromotedContentUI : 211
PrivateFrameworks/RTTUI : 25
PrivateFrameworks/SearchToShareCore : 42
PrivateFrameworks/Silex : 48
PrivateFrameworks/SilexVideo : 48
PrivateFrameworks/SilexWeb : 48
PrivateFrameworks/TSReading : 10
PrivateFrameworks/TSUtility : 10
PrivateFrameworks/TeaCharts : 57
PrivateFrameworks/TeaDB : 57
PrivateFrameworks/TeaFoundation : 57
PrivateFrameworks/TeaSettings : 57
PrivateFrameworks/TeaSnappy : 57
PrivateFrameworks/TeaTemplate : 57
PrivateFrameworks/TeaUI : 57
PrivateFrameworks/TeaUIKit : 57
PrivateFrameworks/TelephonyUI : 34
PrivateFrameworks/TransparencyDetailsView : 24
PrivateFrameworks/UIKitCore : 159
PrivateFrameworks/UIKitMacHelper : 159
PrivateFrameworks/UIKitServices : 145
PrivateFrameworks/VisualPairing : 39
PrivateFrameworks/VoiceMemos : 72
PrivateFrameworks/VoiceOverServices : 8
PrivateFrameworks/VoiceShortcutClient : 59
PrivateFrameworks/VoiceShortcuts : 59
PrivateFrameworks/Weather : 1
PrivateFrameworks/WeatherCharts : 1
PrivateFrameworks/WeatherFoundation : 30
PrivateFrameworks/WebCore : 8
PrivateFrameworks/WebInspector : 8
PrivateFrameworks/WebKit : 8
PrivateFrameworks/WebKitLegacy : 8
PrivateFrameworks/WorkflowEditor : 59
PrivateFrameworks/WorkflowKit : 59
PrivateFrameworks/WorkflowUI : 59
PrivateFrameworks/WorkflowUICore : 59
PrivateFrameworks/WorkflowUIServices : 12
PrivateFrameworks/XavierCore : 297
PrivateFrameworks/XavierNews : 297
PrivateFrameworks/ZoomServices : 8
