Applications/Bootstrap Studio : 5.3.1
Applications/Developer : 826.1.7
Applications/Discord : 0.0.259
Applications/Epic Games Launcher : 10.18.8
Applications/GitHub Desktop : 2.5.5
Applications/Google Chrome : 4183.102
Applications/IINA : 121
Applications/Safari : 16610.2.5
Applications/Spotify : 1.1.42.622.gbd112320-41
Applications/TotalFinder : 1.13.0
Applications/Visual Studio Code : 1.49.0
Applications/Xcode : 17219
Applications/iTerm : 3.4.0beta6
Applications/App Store : 1005.2.3.1
Applications/Books : 2164
Applications/Calendar : 2807
Applications/Contacts : 2449
Applications/Dictionary : 267
Applications/FindMy : 173
Applications/Font Book : 380
Applications/Home : 462.2.4.4.1
Applications/Mail : 3654.0.3.2.33
Applications/Maps : 2608.20.8.12.29
Applications/News : 2613.1
Applications/Notes : 1764.1
Applications/Photo Booth : 1124
Applications/Photos : 310.0.160
Applications/Podcasts : 1520.15
Applications/Preview : 1014
Applications/QuickTime Player : 1083
Applications/Reminders : 2178
Applications/Stocks : 661.1
Applications/TextEdit : 363
Utilities/Bluetooth File Exchange : 8.0.0d53
Utilities/Keychain Access : 55281.40.4
Utilities/Terminal : 439
Utilities/VoiceOver Utility : 750
Frameworks/AGL : 1535
Frameworks/AVKit : 37
Frameworks/Accelerate : 34
Frameworks/Accessibility : 77
Frameworks/Accounts : 56
Frameworks/AdSupport : 83
Frameworks/AddressBook : 34
Frameworks/AppTrackingTransparency : 83
Frameworks/AppleScriptKit : 1199
Frameworks/AppleScriptObjC : 248
Frameworks/ApplicationServices : 2158
Frameworks/AudioToolbox : 49
Frameworks/AudioUnit : 10
Frameworks/AudioVideoBridging : 156
Frameworks/AutomaticAssessmentConfiguration : 362
Frameworks/Automator : 92
Frameworks/BusinessChat : 30
Frameworks/CFNetwork : 171
Frameworks/CalendarStore : 219
Frameworks/CallKit : 105
Frameworks/Carbon : 2960
Frameworks/ClassKit : 14
Frameworks/ClockKit : 6
Frameworks/CloudKit : 274
Frameworks/Cocoa : 15140
Frameworks/Collaboration : 483
Frameworks/ColorSync : 41
Frameworks/Combine : 124
Frameworks/ContactsUI : 31
Frameworks/CoreAudio : 78
Frameworks/CoreAudioKit : 868
Frameworks/CoreAudioTypes : 49
Frameworks/CoreBluetooth : 131
Frameworks/CoreData : 259
Frameworks/CoreFoundation : 40
Frameworks/CoreGraphics : 42
Frameworks/CoreHaptics : 582
Frameworks/CoreImage : 39
Frameworks/CoreLocation : 31
Frameworks/CoreMIDI : 685
Frameworks/CoreMIDIServer : 685
Frameworks/CoreMediaIO : 39
Frameworks/CoreMotion : 31
Frameworks/CoreSpotlight : 11
Frameworks/CoreTelephony : 52
Frameworks/CoreText : 81
Frameworks/CoreVideo : 110
Frameworks/CryptoKit : 905
Frameworks/CryptoTokenKit : 30
Frameworks/DVDPlayback : 243
Frameworks/DeveloperToolsSupport : 1230
Frameworks/DeviceCheck : 106
Frameworks/DirectoryService : 25
Frameworks/DiscRecording : 571
Frameworks/DiscRecordingUI : 571
Frameworks/DiskArbitration : 14
Frameworks/DriverKit : 54
Frameworks/EventKit : 19
Frameworks/ExceptionHandling : 731
Frameworks/ExecutionPolicy : 25
Frameworks/ExternalAccessory : 39
Frameworks/FWAUserLib : 244
Frameworks/FileProvider : 12
Frameworks/FileProviderUI : 356
Frameworks/FinderSync : 19
Frameworks/ForceFeedback : 4767
Frameworks/Foundation : 40
Frameworks/GLKit : 995
Frameworks/GLUT : 617
Frameworks/GSS : 136
Frameworks/GameController : 206
Frameworks/GameKit : 133
Frameworks/GameplayKit : 240
Frameworks/HIDDriverKit : 34
Frameworks/Hypervisor : 15
Frameworks/ICADevices : 94
Frameworks/IMServicePlugIn : 70
Frameworks/IOSurface : 1785
Frameworks/IOUSBHost : 105
Frameworks/IdentityLookup : 105
Frameworks/ImageCaptureCore : 94
Frameworks/ImageIO : 42
Frameworks/InputMethodKit : 98
Frameworks/InstallerPlugins : 196
Frameworks/InstantMessage : 11990
Frameworks/Intents : 381
Frameworks/JavaNativeFoundation : 508
Frameworks/JavaRuntimeSupport : 171
Frameworks/JavaVM : 360
Frameworks/Kerberos : 521
Frameworks/KernelManagement : 9
Frameworks/LDAP : 437
Frameworks/LatentSemanticMapping : 4040
Frameworks/LinkPresentation : 151
Frameworks/LocalAuthentication : 39
Frameworks/MLCompute : 26
Frameworks/MapKit : 32
Frameworks/MediaAccessibility : 822
Frameworks/MediaLibrary : 174
Frameworks/Message : 13573
Frameworks/MetalKit : 4365
Frameworks/MetalPerformanceShadersGraph : 182
Frameworks/MetricKit : 2309
Frameworks/ModelIO : 32
Frameworks/MultipeerConnectivity : 308
Frameworks/NaturalLanguage : 431
Frameworks/NearbyInteraction : 138
Frameworks/NetFS : 90
Frameworks/NetworkExtension : 99
Frameworks/NetworkingDriverKit : 257
Frameworks/NotificationCenter : 11
Frameworks/OSAKit : 410
Frameworks/OSLog : 103
Frameworks/OpenAL : 127
Frameworks/OpenCL : 59
Frameworks/OpenDirectory : 25
Frameworks/OpenGL : 11
Frameworks/PCIDriverKit : 162
Frameworks/PCSC : 7
Frameworks/PDFKit : 101
Frameworks/ParavirtualizedGraphics : 651
Frameworks/PassKit : 352
Frameworks/PencilKit : 112
Frameworks/PreferencePanes : 102
Frameworks/PushKit : 1670
Frameworks/Python : 55
Frameworks/QTKit : 2531
Frameworks/Quartz : 715
Frameworks/QuartzCore : 11
Frameworks/QuickLook : 31
Frameworks/QuickLookThumbnailing : 23
Frameworks/RealityKit : 801
Frameworks/ReplayKit : 384
Frameworks/Ruby : 77
Frameworks/SceneKit : 354
Frameworks/ScreenSaver : 98
Frameworks/ScreenTime : 11
Frameworks/ScriptingBridge : 774
Frameworks/SecurityFoundation : 34
Frameworks/SecurityInterface : 162
Frameworks/SensorKit : 16
Frameworks/Social : 800
Frameworks/SoundAnalysis : 1652
Frameworks/Speech : 77
Frameworks/SpriteKit : 1285
Frameworks/StoreKit : 86
Frameworks/SwiftUI : 84
Frameworks/SyncServices : 10
Frameworks/System : 42880
Frameworks/SystemConfiguration : 327
Frameworks/TWAIN : 802
Frameworks/Tcl : 9
Frameworks/Tk : 9
Frameworks/USBDriverKit : 105
Frameworks/UniformTypeIdentifiers : 56
Frameworks/UserNotifications : 235
Frameworks/UserNotificationsUI : 16
Frameworks/VideoDecodeAcceleration : 6087
Frameworks/VideoSubscriberAccount : 160
Frameworks/Virtualization : 9
Frameworks/Vision : 310
Frameworks/WidgetKit : 60
Frameworks/_AuthenticationServices_SwiftUI : 1
Frameworks/_MapKit_SwiftUI : 31
Frameworks/_QuickLook_SwiftUI : 107
Frameworks/_SpriteKit_SwiftUI : 3118
Frameworks/_StoreKit_SwiftUI : 392
Frameworks/vecLib : 34
Frameworks/vmnet : 81
PrivateFrameworks/AACCore : 81
PrivateFrameworks/ACDEClient : 195
PrivateFrameworks/AFKUser : 32
PrivateFrameworks/AGXCompilerCore : 28
PrivateFrameworks/AGXGPURawCounter : 28
PrivateFrameworks/AMPDevices : 32
PrivateFrameworks/AMPSharing : 20
PrivateFrameworks/ANECompiler : 199
PrivateFrameworks/ANEHostCompiler : 199
PrivateFrameworks/ANEServices : 55
PrivateFrameworks/AOSAccounts : 254
PrivateFrameworks/AOSAccountsLite : 254
PrivateFrameworks/AOSKit : 283
PrivateFrameworks/AOSUI : 48
PrivateFrameworks/APTransport : 7
PrivateFrameworks/ASEProcessing : 24
PrivateFrameworks/ASOctaneSupport : 79
PrivateFrameworks/AVConference : 185
PrivateFrameworks/AVFCore : 7
PrivateFrameworks/AVFoundationCF : 155
PrivateFrameworks/AXAssetLoader : 23
PrivateFrameworks/AXCoreUtilities : 23
PrivateFrameworks/AXHearingCoreSupport : 5319
PrivateFrameworks/AXHearingSupport : 5319
PrivateFrameworks/AXMediaUtilities : 569
PrivateFrameworks/AXRuntime : 23
PrivateFrameworks/AccessibilityPerformance : 13
PrivateFrameworks/AccessibilityPlatformTranslation : 77
PrivateFrameworks/AccessibilitySharedSupport : 77
PrivateFrameworks/AccessibilitySupport : 13
PrivateFrameworks/AccessoryNowPlaying : 29
PrivateFrameworks/AccountPolicy : 94
PrivateFrameworks/AccountsDaemon : 56
PrivateFrameworks/ActionKit : 218
PrivateFrameworks/AdCore : 20
PrivateFrameworks/AdID : 20
PrivateFrameworks/AdPlatforms : 20
PrivateFrameworks/AdPlatformsInternal : 20
PrivateFrameworks/AddressBookAutocomplete : 31
PrivateFrameworks/AddressBookCore : 34
PrivateFrameworks/Admin : 9
PrivateFrameworks/AggregateDictionary : 597
PrivateFrameworks/AggregateDictionaryHistory : 597
PrivateFrameworks/AirPlayReceiver : 9
PrivateFrameworks/AirPlaySender : 9
PrivateFrameworks/AirPlaySupport : 7
PrivateFrameworks/AirTrafficHost : 19
PrivateFrameworks/AlgosScoreFramework : 33
PrivateFrameworks/AmbientDisplay : 126
PrivateFrameworks/AnnotationKit : 241
PrivateFrameworks/AppAttestInternal : 106
PrivateFrameworks/AppStoreComponents : 690
PrivateFrameworks/AppStoreDaemon : 80
PrivateFrameworks/AppStoreFoundation : 80
PrivateFrameworks/AppStoreKit : 4
PrivateFrameworks/AppStoreUI : 188
PrivateFrameworks/AppSupport : 1347
PrivateFrameworks/AppSupportUI : 2195
PrivateFrameworks/Apple80211 : 21
PrivateFrameworks/AppleAccount : 167
PrivateFrameworks/AppleAppSupport : 715
PrivateFrameworks/AppleCVA : 197
PrivateFrameworks/AppleFSCompression : 6261
PrivateFrameworks/AppleFirmwareUpdate : 1
PrivateFrameworks/AppleGVA : 6
PrivateFrameworks/AppleGVACore : 6
PrivateFrameworks/AppleHIDTransportSupport : 702
PrivateFrameworks/AppleIDAuthSupport : 1050
PrivateFrameworks/AppleIDSSOAuthentication : 422
PrivateFrameworks/AppleJPEG : 142
PrivateFrameworks/AppleLDAP : 856
PrivateFrameworks/AppleLOM : 28
PrivateFrameworks/AppleMediaServices : 99
PrivateFrameworks/AppleMediaServicesUI : 65
PrivateFrameworks/AppleMediaServicesUIDynamic : 177
PrivateFrameworks/AppleNVMe : 3
PrivateFrameworks/AppleNeuralEngine : 39
PrivateFrameworks/ApplePDPHelper : 11471
PrivateFrameworks/ApplePushService : 54
PrivateFrameworks/AppleSRP : 14352
PrivateFrameworks/AppleSauce : 1811
PrivateFrameworks/AppleScript : 11
PrivateFrameworks/AppleServiceToolkit : 1303
PrivateFrameworks/AppleShareClientCore : 423
PrivateFrameworks/AppleSystemInfo : 18
PrivateFrameworks/AppleVA : 225
PrivateFrameworks/AppleVPA : 172
PrivateFrameworks/AskPermission : 113
PrivateFrameworks/AssertionServices : 189
PrivateFrameworks/AssetCacheServices : 209
PrivateFrameworks/AssetCacheServicesExtensions : 209
PrivateFrameworks/AssetViewer : 69
PrivateFrameworks/AssistantServices : 76
PrivateFrameworks/AssistiveControlSupport : 11
PrivateFrameworks/AttributeGraph : 103
PrivateFrameworks/AudioAnalytics : 549
PrivateFrameworks/AudioDSPManager : 546
PrivateFrameworks/AudioHistory : 546
PrivateFrameworks/AudioPasscode : 453
PrivateFrameworks/AudioResourceArbitration : 22
PrivateFrameworks/AudioServerApplication : 40
PrivateFrameworks/AudioServerDriver : 40
PrivateFrameworks/AudioSession : 67
PrivateFrameworks/AudioToolboxCore : 49
PrivateFrameworks/AudioTransportCommon : 1453
PrivateFrameworks/AuthKit : 10
PrivateFrameworks/AuthKitUI : 10
PrivateFrameworks/AutoBugCaptureCore : 1
PrivateFrameworks/AutoLoop : 3482
PrivateFrameworks/BackBoardServices : 65
PrivateFrameworks/BackgroundTaskManagement : 72
PrivateFrameworks/Backup : 18
PrivateFrameworks/BaseBoard : 44
PrivateFrameworks/BatteryUIKit : 211
PrivateFrameworks/BehaviorMiner : 392
PrivateFrameworks/BezelServices : 815
PrivateFrameworks/BioKitAggD : 12441
PrivateFrameworks/BiomeFoundation : 367
PrivateFrameworks/BiomePubSub : 367
PrivateFrameworks/BiomeStorage : 367
PrivateFrameworks/BiomeStreams : 367
PrivateFrameworks/BiometricKit : 31
PrivateFrameworks/BiometricKitUI : 10
PrivateFrameworks/BiometricSupport : 23
PrivateFrameworks/BlastDoor : 385
PrivateFrameworks/BluetoothManager : 131
PrivateFrameworks/BluetoothServices : 2
PrivateFrameworks/BoardServices : 44
PrivateFrameworks/Bom : 1330
PrivateFrameworks/BookCoverUtility : 93
PrivateFrameworks/BookKit : 93
PrivateFrameworks/BookKitFoundation : 93
PrivateFrameworks/BookUtility : 93
PrivateFrameworks/Bootability : 250
PrivateFrameworks/BridgeOSInstall : 21
PrivateFrameworks/BridgeOSInstallReporting : 21
PrivateFrameworks/BridgeOSObliteration : 168
PrivateFrameworks/BridgeOSSoftwareUpdate : 1503
PrivateFrameworks/BridgeXPC : 4244
PrivateFrameworks/BrightnessControl : 9
PrivateFrameworks/BulkSymbolication : 43
PrivateFrameworks/ByteRangeLocking : 3684
PrivateFrameworks/C2 : 756
PrivateFrameworks/CMCapture : 4
PrivateFrameworks/CMCaptureCore : 4
PrivateFrameworks/CPMLBestShim : 4005
PrivateFrameworks/CPMS : 86
PrivateFrameworks/CSCSupport : 18
PrivateFrameworks/CVNLP : 298
PrivateFrameworks/CacheDelete : 34
PrivateFrameworks/CalDAV : 214
PrivateFrameworks/Calculate : 61
PrivateFrameworks/CalendarAgent : 23
PrivateFrameworks/CalendarAgentLink : 82
PrivateFrameworks/CalendarDraw : 82
PrivateFrameworks/CalendarFoundation : 22
PrivateFrameworks/CalendarNotification : 26
PrivateFrameworks/CalendarPersistence : 33
PrivateFrameworks/CalendarUI : 28
PrivateFrameworks/CalendarUIKit : 14
PrivateFrameworks/CalendarWidget : 22
PrivateFrameworks/CallHistory : 64
PrivateFrameworks/CameraImagingFramework : 5911
PrivateFrameworks/CaptiveNetwork : 128
PrivateFrameworks/CardKit : 277
PrivateFrameworks/CardServices : 277
PrivateFrameworks/Cards : 277
PrivateFrameworks/Catalyst : 2979
PrivateFrameworks/Categories : 31
PrivateFrameworks/CharacterPicker : 118
PrivateFrameworks/ChronoKit : 60
PrivateFrameworks/ChronoServices : 60
PrivateFrameworks/ChronoUIServices : 31
PrivateFrameworks/ChunkingLibrary : 1207
PrivateFrameworks/ClassKit : 14
PrivateFrameworks/ClassKitUI : 14
PrivateFrameworks/ClassroomKit : 146
PrivateFrameworks/ClockKit : 6
PrivateFrameworks/ClockMenuExtraPreferences : 82
PrivateFrameworks/CloudDocs : 10
PrivateFrameworks/CloudFamilyRestrictions : 269
PrivateFrameworks/CloudFamilyRestrictionsDaemon : 269
PrivateFrameworks/CloudKitCode : 840
PrivateFrameworks/CloudKitCodeProtobuf : 840
PrivateFrameworks/CloudKitDaemon : 300
PrivateFrameworks/CloudServices : 207
PrivateFrameworks/Coherence : 4107
PrivateFrameworks/CombineCocoa : 124
PrivateFrameworks/CommerceKit : 188
PrivateFrameworks/CommonAuth : 136
PrivateFrameworks/CommonUtilities : 126
PrivateFrameworks/CommunicationsFilter : 3185
PrivateFrameworks/ConditionInducer : 386
PrivateFrameworks/ConfigProfileHelper : 90
PrivateFrameworks/ConfigurationEngineModel : 529
PrivateFrameworks/ConfigurationProfiles : 90
PrivateFrameworks/ConfigurationProfilesUI : 11
PrivateFrameworks/ConsoleKit : 93
PrivateFrameworks/ConstantClasses : 379
PrivateFrameworks/ContactsAgent : 423
PrivateFrameworks/ContactsAssistantServices : 290
PrivateFrameworks/ContactsAutocomplete : 16
PrivateFrameworks/ContactsAutocompleteUI : 16
PrivateFrameworks/ContactsDonation : 17
PrivateFrameworks/ContactsDonationFeedback : 17
PrivateFrameworks/ContactsUICore : 24
PrivateFrameworks/ContactsUIMacHelper : 31
PrivateFrameworks/ContentKit : 218
PrivateFrameworks/ContextKit : 158
PrivateFrameworks/ContextKitExtraction : 152
PrivateFrameworks/ControlCenter : 10
PrivateFrameworks/ConversationKit : 153
PrivateFrameworks/CoreADI : 231
PrivateFrameworks/CoreAUC : 39
PrivateFrameworks/CoreAVCHD : 3959
PrivateFrameworks/CoreAccessories : 29
PrivateFrameworks/CoreAnalytics : 275
PrivateFrameworks/CoreAppleCVA : 475
PrivateFrameworks/CoreAutoLayout : 87
PrivateFrameworks/CoreBrightness : 274
PrivateFrameworks/CoreCDP : 226
PrivateFrameworks/CoreCDPInternal : 226
PrivateFrameworks/CoreCDPUI : 226
PrivateFrameworks/CoreCapture : 669
PrivateFrameworks/CoreCaptureControl : 669
PrivateFrameworks/CoreCaptureDaemon : 669
PrivateFrameworks/CoreChart : 292
PrivateFrameworks/CoreChineseEngine : 176
PrivateFrameworks/CoreDAV : 216
PrivateFrameworks/CoreDaemon : 593
PrivateFrameworks/CoreDuet : 34
PrivateFrameworks/CoreDuetContext : 34
PrivateFrameworks/CoreDuetDaemonProtocol : 34
PrivateFrameworks/CoreDuetDataModel : 34
PrivateFrameworks/CoreDuetDebugLogging : 34
PrivateFrameworks/CoreDuetStatistics : 34
PrivateFrameworks/CoreDuetSync : 34
PrivateFrameworks/CoreEmoji : 316
PrivateFrameworks/CoreFollowUp : 176
PrivateFrameworks/CoreFollowUpUI : 176
PrivateFrameworks/CoreHandwriting : 381
PrivateFrameworks/CoreHapticsTools : 6191
PrivateFrameworks/CoreJapaneseEngine : 24
PrivateFrameworks/CoreKDL : 411
PrivateFrameworks/CoreKnowledge : 1544
PrivateFrameworks/CoreLSKD : 14
PrivateFrameworks/CoreLSKDMSE : 716
PrivateFrameworks/CoreLocationProtobuf : 86
PrivateFrameworks/CoreMaterial : 50
PrivateFrameworks/CoreNLP : 825
PrivateFrameworks/CoreNameParser : 2032
PrivateFrameworks/CoreNavigation : 96
PrivateFrameworks/CoreOptimization : 4005
PrivateFrameworks/CorePDF : 829
PrivateFrameworks/CoreParsec : 14
PrivateFrameworks/CorePhoneNumbers : 105
PrivateFrameworks/CorePrediction : 4005
PrivateFrameworks/CoreRC : 1055
PrivateFrameworks/CoreRE : 201
PrivateFrameworks/CoreRecents : 514
PrivateFrameworks/CoreRecognition : 442
PrivateFrameworks/CoreRoutine : 172
PrivateFrameworks/CoreSDB : 992
PrivateFrameworks/CoreSVG : 66
PrivateFrameworks/CoreServicesInternal : 34
PrivateFrameworks/CoreSpeech : 67
PrivateFrameworks/CoreSpotlightImportDaemon : 11
PrivateFrameworks/CoreSuggestions : 101
PrivateFrameworks/CoreSuggestionsInternals : 101
PrivateFrameworks/CoreSuggestionsML : 101
PrivateFrameworks/CoreSuggestionsUI : 101
PrivateFrameworks/CoreSymbolication : 401
PrivateFrameworks/CoreThemeDefinition : 30
PrivateFrameworks/CoreTime : 335
PrivateFrameworks/CoreUARP : 1
PrivateFrameworks/CoreUI : 42
PrivateFrameworks/CoreUtils : 72
PrivateFrameworks/CoreUtilsSwift : 4983
PrivateFrameworks/CoreUtilsUI : 56
PrivateFrameworks/CoreWiFi : 81
PrivateFrameworks/CreateML : 31
PrivateFrameworks/CryptoKitCBridging : 905
PrivateFrameworks/CryptoKitPrivate : 905
PrivateFrameworks/DAAPKit : 1274
PrivateFrameworks/DCERPC : 624
PrivateFrameworks/DCPDSBLib : 364
PrivateFrameworks/DFRBrightness : 274
PrivateFrameworks/DFRDisplay : 26
PrivateFrameworks/DFRFoundation : 33
PrivateFrameworks/DSExternalDisplay : 695
PrivateFrameworks/DTXConnectionServices : 482
PrivateFrameworks/DVD : 15430
PrivateFrameworks/DataDeliveryServices : 561
PrivateFrameworks/DataDetectors : 91
PrivateFrameworks/DataDetectorsCore : 40
PrivateFrameworks/DataDetectorsNaturalLanguage : 1887
PrivateFrameworks/DebugSymbols : 68
PrivateFrameworks/DeviceCheckInternal : 106
PrivateFrameworks/DeviceIdentity : 218
PrivateFrameworks/DeviceLink : 455
PrivateFrameworks/DeviceManagement : 529
PrivateFrameworks/DeviceToDeviceManager : 13697
PrivateFrameworks/DiagnosticExtensions : 564
PrivateFrameworks/DiagnosticExtensionsDaemon : 475
PrivateFrameworks/DiagnosticLogCollection : 81
PrivateFrameworks/DiagnosticRequest : 1
PrivateFrameworks/DiagnosticRequestService : 1
PrivateFrameworks/DiagnosticsKit : 3104
PrivateFrameworks/DialogEngine : 34
PrivateFrameworks/DifferentialPrivacy : 163
PrivateFrameworks/DigitalTouchShared : 10
PrivateFrameworks/DirectoryEditor : 680
PrivateFrameworks/DirectoryServer : 11980
PrivateFrameworks/DiskImages : 4871
PrivateFrameworks/DiskImages2 : 940
PrivateFrameworks/DisplayServices : 816
PrivateFrameworks/DisplayTransportServices : 2746
PrivateFrameworks/DistributedEvaluation : 579
PrivateFrameworks/DocumentCamera : 2438
PrivateFrameworks/DrawingKit : 241
PrivateFrameworks/DuetRecommendation : 34
PrivateFrameworks/DynamicDesktop : 12
PrivateFrameworks/EAP8021X : 2258
PrivateFrameworks/EFILogin : 15
PrivateFrameworks/EasyConfig : 72
PrivateFrameworks/Email : 12
PrivateFrameworks/EmailAddressing : 12
PrivateFrameworks/EmailCore : 12
PrivateFrameworks/EmailDaemon : 12
PrivateFrameworks/EmailFoundation : 12
PrivateFrameworks/EmbeddedAcousticRecognition : 151
PrivateFrameworks/EmbeddedOSInstall : 891
PrivateFrameworks/EmbeddedOSSupportHost : 566
PrivateFrameworks/EmbeddedSensingProtocols : 452
PrivateFrameworks/EmojiFoundation : 117
PrivateFrameworks/Engram : 81
PrivateFrameworks/Espresso : 74
PrivateFrameworks/ExchangeSync : 15
PrivateFrameworks/ExchangeWebServices : 225
PrivateFrameworks/ExpansionSlotSupport : 173
PrivateFrameworks/ExtensionFoundation : 18
PrivateFrameworks/ExtensionKit : 18
PrivateFrameworks/FMClient : 6677
PrivateFrameworks/FMCore : 31
PrivateFrameworks/FMCoreLite : 32
PrivateFrameworks/FMCoreUI : 9
PrivateFrameworks/FMF : 231
PrivateFrameworks/FMFCore : 31
PrivateFrameworks/FMFUI : 231
PrivateFrameworks/FMIPCore : 31
PrivateFrameworks/FTAWD : 81
PrivateFrameworks/FTClientServices : 30
PrivateFrameworks/FTServices : 30
PrivateFrameworks/FWAVC : 39
PrivateFrameworks/FaceCore : 243
PrivateFrameworks/FamilyCircle : 10
PrivateFrameworks/FamilyCircleUI : 10
PrivateFrameworks/FamilyControls : 320
PrivateFrameworks/FamilyNotification : 10
PrivateFrameworks/FeatureFlags : 753
PrivateFrameworks/FeatureFlagsSupport : 753
PrivateFrameworks/FeedbackLogger : 445
PrivateFrameworks/FileProvider : 12
PrivateFrameworks/FilesActionsUI : 356
PrivateFrameworks/FindMyDevice : 610
PrivateFrameworks/FindMyDeviceUI : 319
PrivateFrameworks/FindMyMac : 563
PrivateFrameworks/FinderKit : 19
PrivateFrameworks/FinderSyncPriv : 19
PrivateFrameworks/FlightUtilities : 754
PrivateFrameworks/FlightUtilitiesCore : 754
PrivateFrameworks/FolderActionsKit : 212
PrivateFrameworks/FontServices : 234
PrivateFrameworks/FoundInAppsPlugins : 69
PrivateFrameworks/FoundationODR : 80
PrivateFrameworks/FuseBoard : 37
PrivateFrameworks/FuseBoardServices : 45
PrivateFrameworks/FusionPluginKit : 105
PrivateFrameworks/FusionPluginServices : 105
PrivateFrameworks/Futhark : 1026
PrivateFrameworks/GPUInfo : 26
PrivateFrameworks/GPURawCounter : 1683
PrivateFrameworks/GPUSupport : 11
PrivateFrameworks/GPUWrangler : 8
PrivateFrameworks/GameCenterFoundation : 133
PrivateFrameworks/GameCenterUI : 133
PrivateFrameworks/GameCenterUICore : 133
PrivateFrameworks/GameKitServices : 185
PrivateFrameworks/GenerationalStorage : 1576
PrivateFrameworks/GeoKit : 19
PrivateFrameworks/GraphKit : 13881
PrivateFrameworks/GraphVisualizer : 4967
PrivateFrameworks/GraphicsServices : 3511
PrivateFrameworks/H10ISPServices : 156
PrivateFrameworks/HDAInterface : 1606
PrivateFrameworks/HDRProcessing : 91
PrivateFrameworks/HID : 206
PrivateFrameworks/HIDPreferences : 34
PrivateFrameworks/HMFoundation : 249
PrivateFrameworks/HTTPServer : 190
PrivateFrameworks/HearingCore : 23
PrivateFrameworks/HearingUtilities : 23
PrivateFrameworks/HeimODAdmin : 24
PrivateFrameworks/Heimdal : 136
PrivateFrameworks/Helium : 246
PrivateFrameworks/HelloWorldMacHelper : 45
PrivateFrameworks/HelpData : 2272
PrivateFrameworks/HomeAI : 78
PrivateFrameworks/HomeAutomationInternal : 102
PrivateFrameworks/IAP : 393
PrivateFrameworks/IASUtilities : 35
PrivateFrameworks/IDS : 30
PrivateFrameworks/IDSFoundation : 30
PrivateFrameworks/IDSHashPersistence : 134
PrivateFrameworks/IDSKVStore : 134
PrivateFrameworks/IDSSystemPreferencesSignIn : 30
PrivateFrameworks/IMAP : 13
PrivateFrameworks/IMAVCore : 2932
PrivateFrameworks/IMAssistantCore : 70
PrivateFrameworks/IMCore : 70
PrivateFrameworks/IMCorePipeline : 70
PrivateFrameworks/IMDMessageServices : 70
PrivateFrameworks/IMDPersistence : 70
PrivateFrameworks/IMDaemonCore : 70
PrivateFrameworks/IMFoundation : 81
PrivateFrameworks/IMSharedUI : 78
PrivateFrameworks/IMSharedUtilities : 70
PrivateFrameworks/IMTranscoderAgent : 70
PrivateFrameworks/IMTranscoding : 70
PrivateFrameworks/IMTransferAgent : 70
PrivateFrameworks/IMTransferServices : 81
PrivateFrameworks/IOAccelMemoryInfo : 643
PrivateFrameworks/IOAccelerator : 643
PrivateFrameworks/IOCEC : 17107
PrivateFrameworks/IOGPU : 930
PrivateFrameworks/IOImageLoader : 1938
PrivateFrameworks/IOKitten : 1453
PrivateFrameworks/IOMobileFramebuffer : 30
PrivateFrameworks/IOPlatformPluginFamily : 101
PrivateFrameworks/IOPresentment : 1
PrivateFrameworks/IOSurfaceAccelerator : 2381
PrivateFrameworks/ISSupport : 11835
PrivateFrameworks/IconFoundation : 23
PrivateFrameworks/IconServices : 23
PrivateFrameworks/IdleTimerServices : 1132
PrivateFrameworks/InAppMessages : 355
PrivateFrameworks/InAppMessagesCore : 1394
PrivateFrameworks/IncomingCallFilter : 3185
PrivateFrameworks/InertiaCam : 932
PrivateFrameworks/InputContext : 114
PrivateFrameworks/InputTranscoder : 801
PrivateFrameworks/InstallCoordination : 71
PrivateFrameworks/InstallerDiagnostics : 2370
PrivateFrameworks/IntentsCore : 381
PrivateFrameworks/IntentsFoundation : 381
PrivateFrameworks/IntentsServices : 381
PrivateFrameworks/InternalSwiftProtobuf : 2562
PrivateFrameworks/InternationalSupport : 630
PrivateFrameworks/InternationalTextSearch : 1032
PrivateFrameworks/InternetAccounts : 618
PrivateFrameworks/IntlPreferences : 562
PrivateFrameworks/JavaLaunching : 91
PrivateFrameworks/JavaScriptAppleEvents : 429
PrivateFrameworks/JavaScriptOSA : 253
PrivateFrameworks/Jet : 456
PrivateFrameworks/JetEngine : 72
PrivateFrameworks/JetUI : 74
PrivateFrameworks/KerberosHelper : 3927
PrivateFrameworks/KeyboardServices : 920
PrivateFrameworks/KnowledgeGraphKit : 59
PrivateFrameworks/KnowledgeMonitor : 204
PrivateFrameworks/LanguageModeling : 17
PrivateFrameworks/Lexicon : 537
PrivateFrameworks/LibraryRepair : 2470
PrivateFrameworks/LimitAdTracking : 20
PrivateFrameworks/LinguisticData : 225
PrivateFrameworks/LinkPresentation : 151
PrivateFrameworks/LocalAuthenticationRecoveryUI : 39
PrivateFrameworks/LocalAuthenticationUI : 39
PrivateFrameworks/LocationSupport : 31
PrivateFrameworks/LockoutUI : 5408
PrivateFrameworks/LoggingSupport : 103
PrivateFrameworks/LoginUIKit : 89
PrivateFrameworks/Lookup : 86
PrivateFrameworks/MDSChannel : 3710
PrivateFrameworks/MFAAuthentication : 29
PrivateFrameworks/MFiAuthentication : 393
PrivateFrameworks/MMCS : 756
PrivateFrameworks/MMCSServices : 70
PrivateFrameworks/MSUDataAccessor : 104
PrivateFrameworks/MachineSettings : 6325
PrivateFrameworks/Mail : 13
PrivateFrameworks/MailCore : 13
PrivateFrameworks/MailService : 13
PrivateFrameworks/MailSupport : 12
PrivateFrameworks/MailUI : 13
PrivateFrameworks/MailWebProcessSupport : 12
PrivateFrameworks/MallocStackLogging : 382
PrivateFrameworks/ManagedClient : 90
PrivateFrameworks/Mangrove : 1954
PrivateFrameworks/MapsSuggestions : 11
PrivateFrameworks/MapsSupport : 11
PrivateFrameworks/MapsSync : 80
PrivateFrameworks/Marco : 81
PrivateFrameworks/MarkupUI : 241
PrivateFrameworks/MaterialKit : 60
PrivateFrameworks/MediaControlSender : 7
PrivateFrameworks/MediaFoundation : 4743
PrivateFrameworks/MediaKit : 57
PrivateFrameworks/MediaMiningKit : 59
PrivateFrameworks/MediaServices : 19
PrivateFrameworks/Memories : 485
PrivateFrameworks/MessageProtection : 280
PrivateFrameworks/MessageSecurity : 140
PrivateFrameworks/MessagesBlastDoorSupport : 385
PrivateFrameworks/MessagesHelperKit : 78
PrivateFrameworks/MessagesKit : 78
PrivateFrameworks/MetadataUtilities : 10
PrivateFrameworks/MetalSerializer : 6
PrivateFrameworks/MetricKitCore : 2309
PrivateFrameworks/MetricKitServices : 2309
PrivateFrameworks/MetricKitSource : 2309
PrivateFrameworks/MetricMeasurement : 2309
PrivateFrameworks/MiniSoftwareUpdate : 1184
PrivateFrameworks/MobileActivationMacOS : 218
PrivateFrameworks/MobileAsset : 1017
PrivateFrameworks/MobileBluetooth : 131
PrivateFrameworks/MobileContainerManager : 40
PrivateFrameworks/MobileDevice : 103
PrivateFrameworks/MobileIcons : 23
PrivateFrameworks/MobileInstallation : 26
PrivateFrameworks/MobileKeyBag : 44
PrivateFrameworks/MobileObliteration : 168
PrivateFrameworks/MobileSpotlightIndex : 10
PrivateFrameworks/MobileStorage : 38
PrivateFrameworks/MobileStoreDemoCore : 22
PrivateFrameworks/MobileSystemServices : 3932
PrivateFrameworks/MonitorPanel : 75
PrivateFrameworks/Montreal : 20
PrivateFrameworks/MorphunAssetsUpdater : 35
PrivateFrameworks/MorphunSwift : 33
PrivateFrameworks/MultitouchSupport : 307
PrivateFrameworks/MultiverseSupport : 946
PrivateFrameworks/MusicLibrary : 29
PrivateFrameworks/NLP : 435
PrivateFrameworks/NPTKit : 590
PrivateFrameworks/Navigation : 178
PrivateFrameworks/NearField : 403
PrivateFrameworks/NetAppsUtilities : 3553
PrivateFrameworks/NetAuth : 790
PrivateFrameworks/NetFSServer : 90
PrivateFrameworks/Netrb : 259
PrivateFrameworks/NetworkServiceProxy : 8733
PrivateFrameworks/NetworkStatistics : 1711
PrivateFrameworks/Noticeboard : 1247
PrivateFrameworks/NotificationCenterUI : 11
PrivateFrameworks/OAHSoftwareUpdate : 11
PrivateFrameworks/OAuth : 23443
PrivateFrameworks/OSAServicesClient : 32
PrivateFrameworks/OSASubmissionClient : 32
PrivateFrameworks/OSASyncProxyClient : 32
PrivateFrameworks/OSAnalytics : 32
PrivateFrameworks/OSAnalyticsPrivate : 32
PrivateFrameworks/OSD : 3473
PrivateFrameworks/OSInstaller : 11
PrivateFrameworks/OSPersonalization : 116
PrivateFrameworks/OSUpdate : 10
PrivateFrameworks/OTSVG : 81
PrivateFrameworks/OfficeImport : 35
PrivateFrameworks/OpenDirectoryConfig : 15011
PrivateFrameworks/OpenDirectoryConfigUI : 3029
PrivateFrameworks/Osprey : 434
PrivateFrameworks/PDFKit : 101
PrivateFrameworks/PDS : 134
PrivateFrameworks/PDSAgent : 134
PrivateFrameworks/PIP : 2093
PrivateFrameworks/PSNormalizer : 327
PrivateFrameworks/PackageKit : 33
PrivateFrameworks/PacketFilter : 705
PrivateFrameworks/ParsecModel : 14
PrivateFrameworks/ParsecSubscriptionServiceSupport : 14
PrivateFrameworks/ParsecUI : 12
PrivateFrameworks/PassKit : 352
PrivateFrameworks/PassKitCore : 352
PrivateFrameworks/PassKitMacHelper : 116
PrivateFrameworks/PassKitUIFoundation : 71
PrivateFrameworks/PasswordServer : 8982
PrivateFrameworks/PencilKit : 112
PrivateFrameworks/PeopleSuggester : 34
PrivateFrameworks/PerformanceAnalysis : 43
PrivateFrameworks/PerformanceTrace : 538
PrivateFrameworks/PersistentConnection : 2657
PrivateFrameworks/PersonaKit : 1054
PrivateFrameworks/PersonaUI : 1054
PrivateFrameworks/PersonalizationPortrait : 69
PrivateFrameworks/PersonalizationPortraitInternals : 69
PrivateFrameworks/PhoneNumberResolver : 485
PrivateFrameworks/PhotoAnalysis : 59
PrivateFrameworks/PhotoPrintProduct : 68
PrivateFrameworks/PhotosGraph : 59
PrivateFrameworks/PhotosUIApps : 59
PrivateFrameworks/PhysicsKit : 476
PrivateFrameworks/PlugInKit : 61
PrivateFrameworks/PodcastsKit : 34
PrivateFrameworks/PowerLog : 26
PrivateFrameworks/PowerUI : 20
PrivateFrameworks/PowerlogControl : 27
PrivateFrameworks/PowerlogCore : 27
PrivateFrameworks/PowerlogDatabaseReader : 27
PrivateFrameworks/PowerlogFullOperators : 27
PrivateFrameworks/PowerlogHelperdOperators : 27
PrivateFrameworks/PowerlogLiteOperators : 27
PrivateFrameworks/PreferencePanesSupport : 45
PrivateFrameworks/PrintKit : 733
PrivateFrameworks/PrintingPrivate : 184
PrivateFrameworks/PrivateFederatedLearning : 989
PrivateFrameworks/ProVideo : 129
PrivateFrameworks/ProactiveEventTracker : 215
PrivateFrameworks/ProactiveExperiments : 101
PrivateFrameworks/ProactiveExperimentsInternals : 101
PrivateFrameworks/ProactiveInputPredictions : 101
PrivateFrameworks/ProactiveInputPredictionsInternals : 101
PrivateFrameworks/ProactiveML : 101
PrivateFrameworks/ProactiveSupport : 215
PrivateFrameworks/ProactiveSupportStubs : 215
PrivateFrameworks/ProofReader : 557
PrivateFrameworks/ProtectedCloudStorage : 135
PrivateFrameworks/ProtocolBuffer : 132
PrivateFrameworks/PrototypeTools : 533
PrivateFrameworks/QLCharts : 35
PrivateFrameworks/Quagga : 104
PrivateFrameworks/QuickLookIosmac : 31
PrivateFrameworks/QuickLookNonBaseSystem : 23
PrivateFrameworks/QuickLookSupport : 23
PrivateFrameworks/QuickLookThumbnailing : 23
PrivateFrameworks/QuickLookThumbnailingDaemon : 25
PrivateFrameworks/QuickLookUIIosmac : 31
PrivateFrameworks/RTBuddyCrashlogDecoder : 40
PrivateFrameworks/RTCReporting : 122
PrivateFrameworks/RTTUI : 23
PrivateFrameworks/RTTUtilities : 23
PrivateFrameworks/Rapport : 108
PrivateFrameworks/RapportUI : 161
PrivateFrameworks/ReminderMigration : 163
PrivateFrameworks/RemindersUICore : 59
PrivateFrameworks/RemoteConfiguration : 678
PrivateFrameworks/RemoteCoreML : 3209
PrivateFrameworks/RemoteManagement : 1146
PrivateFrameworks/RemoteTextInput : 1832
PrivateFrameworks/RemoteViewServices : 23
PrivateFrameworks/RenderBox : 75
PrivateFrameworks/ReplayKitMacHelper : 141
PrivateFrameworks/ResponseKit : 333
PrivateFrameworks/Restore : 87
PrivateFrameworks/Reveal : 64
PrivateFrameworks/RevealCore : 64
PrivateFrameworks/RunningBoard : 193
PrivateFrameworks/RunningBoardServices : 189
PrivateFrameworks/SAObjects : 303
PrivateFrameworks/SCEP : 258
PrivateFrameworks/SDAPI : 3091
PrivateFrameworks/SMBClient : 10
PrivateFrameworks/SMBClientEngine : 108
PrivateFrameworks/SPFinder : 60
PrivateFrameworks/SPOwner : 60
PrivateFrameworks/SPSupport : 14
PrivateFrameworks/SafeEjectGPU : 215
PrivateFrameworks/SampleAnalysis : 43
PrivateFrameworks/ScoreBoard : 1392
PrivateFrameworks/ScreenSharing : 31
PrivateFrameworks/ScreenTimeCore : 10
PrivateFrameworks/ScreenTimeServiceUI : 10
PrivateFrameworks/ScreenTimeUI : 11
PrivateFrameworks/SearchAds : 20
PrivateFrameworks/SearchFoundation : 14
PrivateFrameworks/SearchSuggestions : 12
PrivateFrameworks/SearchUI : 13
PrivateFrameworks/SearchUICardKitProviderSupport : 178
PrivateFrameworks/SecureChannel : 1283
PrivateFrameworks/SecurityTokend : 5608
PrivateFrameworks/Seeding : 160
PrivateFrameworks/SemanticDocumentManagement : 3732
PrivateFrameworks/SensingProtocols : 452
PrivateFrameworks/Sentry : 464
PrivateFrameworks/ServerCompatibility : 4109
PrivateFrameworks/ServerInformation : 139
PrivateFrameworks/SetupAssistantFramework : 90
PrivateFrameworks/ShareKit : 80
PrivateFrameworks/SharePointManagement : 82
PrivateFrameworks/SharedWebCredentials : 78
PrivateFrameworks/Sharing : 2
PrivateFrameworks/SharingXPCServices : 2
PrivateFrameworks/ShazamInsights : 21
PrivateFrameworks/ShazamKit : 21
PrivateFrameworks/ShazamKitUI : 21
PrivateFrameworks/Shortcut : 10
PrivateFrameworks/ShoveService : 33
PrivateFrameworks/SidecarCore : 318
PrivateFrameworks/SidecarUI : 318
PrivateFrameworks/SignpostCollection : 737
PrivateFrameworks/SignpostMetrics : 737
PrivateFrameworks/SignpostNotification : 127
PrivateFrameworks/SignpostSupport : 737
PrivateFrameworks/SiriAudioInternal : 152
PrivateFrameworks/SiriAudioSupport : 152
PrivateFrameworks/SiriClientFlow : 145
PrivateFrameworks/SiriCore : 51
PrivateFrameworks/SiriDialogEngine : 66
PrivateFrameworks/SiriFoundation : 11
PrivateFrameworks/SiriGeo : 488
PrivateFrameworks/SiriInference : 194
PrivateFrameworks/SiriInstrumentation : 192
PrivateFrameworks/SiriIntentEvents : 194
PrivateFrameworks/SiriKitInvocation : 116
PrivateFrameworks/SiriObservation : 76
PrivateFrameworks/SiriOntology : 114
PrivateFrameworks/SiriOntologyProtobuf : 114
PrivateFrameworks/SiriPlaybackControlIntents : 100
PrivateFrameworks/SiriPlaybackControlSupport : 100
PrivateFrameworks/SiriTasks : 76
PrivateFrameworks/SiriUI : 10
PrivateFrameworks/SiriVOX : 51
PrivateFrameworks/SiriVideoIntents : 101
PrivateFrameworks/Slideshows : 453
PrivateFrameworks/SocialAppsCore : 78
PrivateFrameworks/SocialServices : 371
PrivateFrameworks/SocialUI : 78
PrivateFrameworks/SoftLinking : 179
PrivateFrameworks/SoftwareUpdate : 10
PrivateFrameworks/SoftwareUpdateMacController : 20
PrivateFrameworks/SpanMatcher : 51
PrivateFrameworks/SpeakerRecognition : 67
PrivateFrameworks/SpeechDictionary : 852
PrivateFrameworks/SpeechObjects : 109
PrivateFrameworks/SpeechRecognitionCommandServices : 24
PrivateFrameworks/SpeechRecognitionCore : 56
PrivateFrameworks/Spotlight : 12
PrivateFrameworks/SpotlightDaemon : 11
PrivateFrameworks/SpotlightIndex : 10
PrivateFrameworks/SpotlightIndexUtilities : 10
PrivateFrameworks/SpotlightLinguistics : 10
PrivateFrameworks/SpotlightReceiver : 11
PrivateFrameworks/SpotlightServerKit : 10
PrivateFrameworks/SpotlightServices : 12
PrivateFrameworks/StorageKit : 356
PrivateFrameworks/StorageManagement : 33
PrivateFrameworks/StoreFoundation : 188
PrivateFrameworks/StoreJavaScript : 188
PrivateFrameworks/StoreKitMacHelper : 279
PrivateFrameworks/StoreKitUIMac : 279
PrivateFrameworks/StoreServices : 220
PrivateFrameworks/StoreUI : 188
PrivateFrameworks/StreamingZip : 151
PrivateFrameworks/Suggestions : 70
PrivateFrameworks/SuggestionsSpotlightMetrics : 101
PrivateFrameworks/Symbolication : 382
PrivateFrameworks/SymptomReporter : 33
PrivateFrameworks/Symptoms : 33
PrivateFrameworks/SyncServicesUI : 10
PrivateFrameworks/SyncedDefaults : 884
PrivateFrameworks/SystemAdministration : 9
PrivateFrameworks/SystemAdministrationInterface : 442
PrivateFrameworks/SystemDesktopAppearance : 177
PrivateFrameworks/SystemPolicy : 25
PrivateFrameworks/SystemUIPlugin : 536
PrivateFrameworks/TCC : 41
PrivateFrameworks/TTYUtilities : 5319
PrivateFrameworks/TVRemoteCore : 47
PrivateFrameworks/TelephonyUtilities : 72
PrivateFrameworks/TemplateKit : 12
PrivateFrameworks/TextInput : 64
PrivateFrameworks/TextInputCore : 64
PrivateFrameworks/TextInputMenuUI : 21
PrivateFrameworks/TextRecognition : 431
PrivateFrameworks/TextToSpeech : 202
PrivateFrameworks/TextureIO : 9803
PrivateFrameworks/TimeMachine : 32
PrivateFrameworks/TimeSync : 21
PrivateFrameworks/Timeline : 816
PrivateFrameworks/ToneKit : 32
PrivateFrameworks/ToneLibrary : 32
PrivateFrameworks/Tourist : 837
PrivateFrameworks/Translation : 24
PrivateFrameworks/Transparency : 25
PrivateFrameworks/TransparencyDetailsViewMac : 20
PrivateFrameworks/Trial : 47
PrivateFrameworks/TrialProto : 47
PrivateFrameworks/TrialServer : 47
PrivateFrameworks/TrustEvaluationAgent : 1088
PrivateFrameworks/TuriCore : 10
PrivateFrameworks/UARPiCloud : 1
PrivateFrameworks/UAUPlugin : 1260
PrivateFrameworks/UIFoundation : 40
PrivateFrameworks/UIKitSystemAppServices : 45
PrivateFrameworks/UIRecording : 2076
PrivateFrameworks/URLFormatting : 135
PrivateFrameworks/USDKit : 238
PrivateFrameworks/Uninstall : 1239
PrivateFrameworks/UsageTracking : 256
PrivateFrameworks/UserActivity : 107
PrivateFrameworks/UserManagement : 408
PrivateFrameworks/VCXMPP : 1151
PrivateFrameworks/VFX : 29
PrivateFrameworks/VFXBase : 29
PrivateFrameworks/VideoProcessing : 126
PrivateFrameworks/VideoSubscriberAccountUI : 162
PrivateFrameworks/ViewBridge : 64
PrivateFrameworks/VirtualGarage : 178
PrivateFrameworks/VisionKit : 4196
PrivateFrameworks/VisualPairing : 434
PrivateFrameworks/VisualTestKit : 2351
PrivateFrameworks/VoiceShortcutClient : 218
PrivateFrameworks/VoiceShortcuts : 218
PrivateFrameworks/VoiceTrigger : 5089
PrivateFrameworks/WPDaemon : 642
PrivateFrameworks/WatchdogClient : 197
PrivateFrameworks/WeatherFoundation : 68
PrivateFrameworks/WeatherKit : 225
PrivateFrameworks/WebContentAnalysis : 551
PrivateFrameworks/WebFilterDNS : 551
PrivateFrameworks/WiFiAnalytics : 87
PrivateFrameworks/WiFiCloudSyncEngine : 176
PrivateFrameworks/WiFiPeerToPeer : 146
PrivateFrameworks/WildDevices : 41
PrivateFrameworks/WirelessCoexManager : 67
PrivateFrameworks/WirelessDiagnostics : 11737
PrivateFrameworks/WirelessProximity : 642
PrivateFrameworks/WorkflowKit : 218
PrivateFrameworks/WorkflowUIServices : 102
PrivateFrameworks/XARTRecovery : 121
PrivateFrameworks/XCTAutomationSupport : 64
PrivateFrameworks/XCTTargetBootstrap : 64
PrivateFrameworks/XGBoostFramework : 22
PrivateFrameworks/XQuery : 5520
PrivateFrameworks/XprotectFramework : 10
PrivateFrameworks/ZhuGeSupport : 392
PrivateFrameworks/acfs : 118
PrivateFrameworks/acfsSupport : 21
PrivateFrameworks/caulk : 718
PrivateFrameworks/iCalendar : 81
PrivateFrameworks/iCloudNotification : 470
PrivateFrameworks/iLifeMediaBrowser : 174
PrivateFrameworks/iPod : 530
PrivateFrameworks/iPodSync : 3040
PrivateFrameworks/iPodUpdater : 2678
PrivateFrameworks/iTunesCloud : 19
PrivateFrameworks/iWorkXPC : 519
PrivateFrameworks/kperf : 355
PrivateFrameworks/kperfdata : 355
PrivateFrameworks/ktrace : 89
PrivateFrameworks/login : 44
PrivateFrameworks/nt : 10
PrivateFrameworks/oncrpc : 1613
PrivateFrameworks/perfdata : 387
PrivateFrameworks/yara : 1025
CoreServices/AddressBookUrlForwarder : 2449
CoreServices/AirPlayUIAgent : 525.19.81
CoreServices/Bluetooth Setup Assistant : 8.0.0d53
CoreServices/BluetoothUIServer : 8.0.0d53
CoreServices/ClimateProxy : 1691
CoreServices/ControlCenter : 120
CoreServices/ControlStrip : 215
CoreServices/CoreLocationAgent : 2420.3.58
CoreServices/Dock : 2085
CoreServices/Dwell Control : 318
CoreServices/Finder : 1343
CoreServices/Install in Progress : 1026
CoreServices/Installer Progress : 579
CoreServices/Keychain Circle Notification : 59754.40.43.0.1
CoreServices/Language Chooser : 617
CoreServices/NotificationCenter : 1079
CoreServices/OBEXAgent : 8.0.0d53
CoreServices/Paired Devices : 200.31
CoreServices/Problem Reporter : 15034.2
CoreServices/RapportUIAgent : 200.31
CoreServices/Screen Time : 482
CoreServices/Setup Assistant : 3040
CoreServices/Siri : 201.1.8
CoreServices/Software Update : 1395.1
CoreServices/Spotlight : 2144.1
CoreServices/SystemUIServer : 514
CoreServices/TextInputMenuAgent : 262
CoreServices/TextInputSwitcher : 262
CoreServices/UIKitSystem : 228
CoreServices/UniversalAccessControl : 528
CoreServices/UserNotificationCenter : 63
CoreServices/VoiceOver : 750
CoreServices/loginwindow : 2018
Applications/Screen Sharing : 550.18
Frameworks/ARKit : 80
Frameworks/AVKit : 35
Frameworks/AddressBook : 45
Frameworks/AddressBookUI : 265
Frameworks/AppClip : 48
Frameworks/AssetsLibrary : 12
Frameworks/BusinessChat : 11
Frameworks/CarPlay : 154
Frameworks/ContactsUI : 23
Frameworks/CoreAudioKit : 221
Frameworks/EventKitUI : 85
Frameworks/GLKit : 226
Frameworks/GameKit : 49
Frameworks/GameplayKit : 72
Frameworks/HealthKit : 1
Frameworks/HealthKitUI : 1
Frameworks/IdentityLookupUI : 34
Frameworks/IntentsUI : 103
Frameworks/LinkPresentation : 61
Frameworks/Messages : 29
Frameworks/MetalKit : 706
Frameworks/MultipeerConnectivity : 86
Frameworks/NetworkExtensioniOSSupport : 10
Frameworks/NewsstandKit : 1100
Frameworks/OpenAL : 440
Frameworks/OpenGLES : 11
Frameworks/PDFKit : 50
Frameworks/PassKit : 116
Frameworks/PencilKit : 57
Frameworks/PhotosUI : 12
Frameworks/QuickLook : 29
Frameworks/RealityKit : 456
Frameworks/ReplayKit : 141
Frameworks/SceneKit : 86
Frameworks/ScreenTime : 11
Frameworks/Social : 167
Frameworks/SpriteKit : 184
Frameworks/StoreKit : 279
Frameworks/SwiftUI : 27
Frameworks/Twitter : 938
Frameworks/UserNotificationsUI : 35
Frameworks/VisionKit : 1878
Frameworks/WatchConnectivity : 279
Frameworks/WatchKit : 2338
Frameworks/WidgetKit : 31
Frameworks/_AVKit_SwiftUI : 82
Frameworks/_AuthenticationServices_SwiftUI : 1
Frameworks/_MapKit_SwiftUI : 33
Frameworks/_SceneKit_SwiftUI : 1217
Frameworks/_SpriteKit_SwiftUI : 123
PrivateFrameworks/AVKitMacHelper : 35
PrivateFrameworks/AccessibilityUI : 24
PrivateFrameworks/AccessibilityUIService : 24
PrivateFrameworks/AccessibilityUIShared : 24
PrivateFrameworks/AccessibilityUIUtilities : 24
PrivateFrameworks/AccessibilityUtilities : 24
PrivateFrameworks/ActionKit : 110
PrivateFrameworks/ActionKitUI : 84
PrivateFrameworks/ActivityRingsUI : 562
PrivateFrameworks/AddressBookLegacy : 1880
PrivateFrameworks/AnnotationKit : 86
PrivateFrameworks/AppAnalytics : 70
PrivateFrameworks/AppSupportUI : 461
PrivateFrameworks/AppleMediaServicesUIDynamic : 17
PrivateFrameworks/AvatarKit : 45
PrivateFrameworks/AvatarUI : 44
PrivateFrameworks/BaseBoardUI : 47
PrivateFrameworks/CalendarUIKit : 14
PrivateFrameworks/ChatKit : 29
PrivateFrameworks/ChronoKit : 31
PrivateFrameworks/ClassroomKit : 149
PrivateFrameworks/ContactsAutocompleteUI : 21
PrivateFrameworks/ContentKit : 110
PrivateFrameworks/CoreChart : 70
PrivateFrameworks/CorePDF : 184
PrivateFrameworks/CoreRecognition : 204
PrivateFrameworks/CoreSpotlightCatalystExtensionSupport : 11
PrivateFrameworks/CoreSuggestionsUI : 75
PrivateFrameworks/CryptoTokenKitExtensionSDK : 30
PrivateFrameworks/DocumentCamera : 656
PrivateFrameworks/DocumentManager : 18
PrivateFrameworks/DocumentManagerCore : 18
PrivateFrameworks/EmojiKit : 274
PrivateFrameworks/FMCoreUI : 3
PrivateFrameworks/FMFUI : 119
PrivateFrameworks/FrontBoard : 66
PrivateFrameworks/GameCenterUI : 11
PrivateFrameworks/HealthDaemon : 1
PrivateFrameworks/HelpKit : 1056
PrivateFrameworks/IMAssistantCore : 22
PrivateFrameworks/IMCore : 22
PrivateFrameworks/IMDPersistence : 22
PrivateFrameworks/IMSharedUI : 29
PrivateFrameworks/IMSharedUtilities : 22
PrivateFrameworks/IMTranscoding : 22
PrivateFrameworks/InAppMessages : 358
PrivateFrameworks/IntlPreferences : 107
PrivateFrameworks/JITAppKit : 846
PrivateFrameworks/Jet : 238
PrivateFrameworks/JetEngine : 12
PrivateFrameworks/JetUI : 12
PrivateFrameworks/ManagedConfiguration : 74
PrivateFrameworks/MarkupUI : 86
PrivateFrameworks/MobileTimer : 51
PrivateFrameworks/MobileTimerUI : 51
PrivateFrameworks/NanoRegistry : 305
PrivateFrameworks/NetAppsUtilitiesUI : 3553
PrivateFrameworks/OnBoardingKit : 2
PrivateFrameworks/PassKitServices : 69
PrivateFrameworks/PassKitUI : 22
PrivateFrameworks/PassKitUIFoundation : 25
PrivateFrameworks/PencilKit : 57
PrivateFrameworks/PersonaUI : 296
PrivateFrameworks/PhotoLibrary : 12
PrivateFrameworks/PhotosPlayer : 12
PrivateFrameworks/PhotosUICore : 12
PrivateFrameworks/PodcastsUI : 57
PrivateFrameworks/PromotedContent : 2
PrivateFrameworks/PromotedContentUI : 2
PrivateFrameworks/QuickLookThumbnailingExtension : 23
PrivateFrameworks/RTTUI : 22
PrivateFrameworks/RapportUI : 22
PrivateFrameworks/ScreenTimeUI : 10
PrivateFrameworks/SearchToShareCore : 171
PrivateFrameworks/Stocks : 732
PrivateFrameworks/TSReading : 89
PrivateFrameworks/TSUtility : 89
PrivateFrameworks/TeaCharts : 131
PrivateFrameworks/TeaDB : 131
PrivateFrameworks/TeaFoundation : 131
PrivateFrameworks/TeaSettings : 131
PrivateFrameworks/TeaSnappy : 131
PrivateFrameworks/TeaTemplate : 131
PrivateFrameworks/TeaUI : 131
PrivateFrameworks/TeaUIKit : 131
PrivateFrameworks/TelephonyUI : 47
PrivateFrameworks/TextInputUI : 22
PrivateFrameworks/TouchML : 1044
PrivateFrameworks/TransparencyDetailsView : 20
PrivateFrameworks/UIAccessibility : 24
PrivateFrameworks/UserNotificationsExtensionPoint : 77
PrivateFrameworks/VisualAlert : 24
PrivateFrameworks/VisualPairing : 168
PrivateFrameworks/VoiceMemos : 52
PrivateFrameworks/VoiceOverServices : 24
PrivateFrameworks/VoiceShortcutClient : 110
PrivateFrameworks/VoiceShortcuts : 110
PrivateFrameworks/Weather : 109
PrivateFrameworks/WeatherCharts : 109
PrivateFrameworks/WeatherFoundation : 14
PrivateFrameworks/WorkflowEditor : 84
PrivateFrameworks/WorkflowKit : 110
PrivateFrameworks/WorkflowUI : 84
PrivateFrameworks/WorkflowUICore : 84
PrivateFrameworks/WorkflowUIServices : 58
PrivateFrameworks/ZoomServices : 24
