Applications/Bartender 4 : 40018
Applications/Bootstrap Studio : 5.4.3
Applications/Gifski : 42
Applications/GitHub Desktop : 2.5.7
Applications/Safari : 16610.2.11.51.8
Applications/News : 2635.6
Frameworks/AGL : 1923
Frameworks/AVFoundation : 42
Frameworks/Accelerate : 909
Frameworks/Accessibility : 154
Frameworks/Accounts : 330
Frameworks/AdSupport : 248
Frameworks/AddressBook : 462
Frameworks/AppTrackingTransparency : 248
Frameworks/AppleScriptKit : 1622
Frameworks/AppleScriptObjC : 643
Frameworks/ApplicationServices : 3624
Frameworks/AudioToolbox : 8
Frameworks/AudioUnit : 6
Frameworks/AudioVideoBridging : 210
Frameworks/AutomaticAssessmentConfiguration : 427
Frameworks/Automator : 251
Frameworks/BackgroundTasks : 295
Frameworks/BusinessChat : 93
Frameworks/CFNetwork : 5
Frameworks/CalendarStore : 609
Frameworks/CallKit : 94
Frameworks/Carbon : 4692
Frameworks/ClassKit : 121
Frameworks/CloudKit : 326
Frameworks/Cocoa : 16545
Frameworks/Collaboration : 899
Frameworks/ColorSync : 745
Frameworks/Combine : 1226
Frameworks/Contacts : 168
Frameworks/ContactsUI : 306
Frameworks/CoreAudio : 428
Frameworks/CoreAudioKit : 33
Frameworks/CoreAudioTypes : 6
Frameworks/CoreData : 91
Frameworks/CoreFoundation : 239
Frameworks/CoreGraphics : 583
Frameworks/CoreHaptics : 1497
Frameworks/CoreMIDI : 36
Frameworks/CoreMIDIServer : 36
Frameworks/CoreML : 374
Frameworks/CoreMediaIO : 1101
Frameworks/CoreServices : 5
Frameworks/CoreTelephony : 104
Frameworks/CoreText : 552
Frameworks/CoreVideo : 486
Frameworks/CoreWLAN : 163
Frameworks/CryptoKit : 1782
Frameworks/CryptoTokenKit : 46
Frameworks/DVDPlayback : 108
Frameworks/DeveloperToolsSupport : 1732
Frameworks/DeviceCheck : 715
Frameworks/DirectoryService : 435
Frameworks/DiscRecording : 1098
Frameworks/DiscRecordingUI : 1098
Frameworks/DiskArbitration : 337
Frameworks/DriverKit : 181
Frameworks/EventKit : 488
Frameworks/ExceptionHandling : 1123
Frameworks/ExecutionPolicy : 34
Frameworks/ExternalAccessory : 318
Frameworks/FWAUserLib : 644
Frameworks/FileProvider : 123
Frameworks/FileProviderUI : 1134
Frameworks/FinderSync : 54
Frameworks/ForceFeedback : 5159
Frameworks/Foundation : 264
Frameworks/GLKit : 2336
Frameworks/GLUT : 1035
Frameworks/GSS : 497
Frameworks/GameController : 44
Frameworks/GameKit : 213
Frameworks/GameplayKit : 1240
Frameworks/HIDDriverKit : 168
Frameworks/Hypervisor : 43
Frameworks/ICADevices : 180
Frameworks/IOBluetooth : 48
Frameworks/IOBluetoothUI : 38
Frameworks/IOSurface : 87
Frameworks/IOUSBHost : 9
Frameworks/IdentityLookup : 94
Frameworks/ImageCaptureCore : 180
Frameworks/ImageIO : 16
Frameworks/InputMethodKit : 18
Frameworks/InstallerPlugins : 222
Frameworks/InstantMessage : 12383
Frameworks/Intents : 167
Frameworks/JavaNativeFoundation : 902
Frameworks/JavaRuntimeSupport : 580
Frameworks/JavaVM : 764
Frameworks/Kerberos : 903
Frameworks/LDAP : 747
Frameworks/LatentSemanticMapping : 361
Frameworks/LinkPresentation : 921
Frameworks/LocalAuthentication : 141
Frameworks/MLCompute : 20
Frameworks/MapKit : 203
Frameworks/MediaAccessibility : 2059
Frameworks/MediaLibrary : 670
Frameworks/MediaPlayer : 26
Frameworks/Message : 13957
Frameworks/Metal : 57
Frameworks/MetalKit : 5842
Frameworks/MetalPerformanceShaders : 204
Frameworks/MetalPerformanceShadersGraph : 444
Frameworks/MetricKit : 3041
Frameworks/ModelIO : 1024
Frameworks/MultipeerConnectivity : 426
Frameworks/NaturalLanguage : 1534
Frameworks/NearbyInteraction : 241
Frameworks/NetFS : 80
Frameworks/Network : 76
Frameworks/NetworkExtension : 41
Frameworks/NetworkingDriverKit : 301
Frameworks/OSAKit : 854
Frameworks/OSLog : 26
Frameworks/OpenAL : 322
Frameworks/OpenCL : 563
Frameworks/OpenDirectory : 435
Frameworks/OpenGL : 3
Frameworks/PCIDriverKit : 47
Frameworks/PCSC : 25
Frameworks/PDFKit : 3
Frameworks/ParavirtualizedGraphics : 1855
Frameworks/PassKit : 183
Frameworks/PencilKit : 183
Frameworks/Photos : 23
Frameworks/PreferencePanes : 499
Frameworks/PushKit : 2923
Frameworks/Python : 23
Frameworks/QTKit : 2996
Frameworks/Quartz : 1650
Frameworks/QuickLookThumbnailing : 531
Frameworks/RealityKit : 29
Frameworks/ReplayKit : 786
Frameworks/Ruby : 484
Frameworks/SceneKit : 777
Frameworks/ScreenSaver : 225
Frameworks/ScreenTime : 308
Frameworks/ScriptingBridge : 1161
Frameworks/Security : 80
Frameworks/SecurityFoundation : 747
Frameworks/SecurityInterface : 546
Frameworks/SensorKit : 55
Frameworks/ServiceManagement : 170
Frameworks/Social : 307
Frameworks/SoundAnalysis : 2556
Frameworks/Speech : 131
Frameworks/SpriteKit : 1681
Frameworks/StoreKit : 39
Frameworks/SwiftUI : 4
Frameworks/SyncServices : 396
Frameworks/System : 89
Frameworks/SystemConfiguration : 420
Frameworks/SystemExtensions : 137
Frameworks/TWAIN : 1208
Frameworks/Tcl : 390
Frameworks/Tk : 390
Frameworks/USBDriverKit : 9
Frameworks/UniformTypeIdentifiers : 74
Frameworks/UserNotificationsUI : 113
Frameworks/VideoDecodeAcceleration : 6478
Frameworks/VideoSubscriberAccount : 69
Frameworks/Virtualization : 62
Frameworks/Vision : 258
Frameworks/_MapKit_SwiftUI : 473
Frameworks/_QuickLook_SwiftUI : 1359
Frameworks/_SceneKit_SwiftUI : 1772
Frameworks/_SpriteKit_SwiftUI : 4370
Frameworks/_StoreKit_SwiftUI : 79
Frameworks/iTunesLibrary : 3
Frameworks/vecLib : 909
Frameworks/vmnet : 237
PrivateFrameworks/AACCore : 180
PrivateFrameworks/ACDEClient : 630
PrivateFrameworks/AFKUser : 26
PrivateFrameworks/AGXCompilerCore : 4
PrivateFrameworks/AGXGPURawCounter : 4
PrivateFrameworks/AMPDevices : 3
PrivateFrameworks/AMPLibrary : 3
PrivateFrameworks/ANECompiler : 1035
PrivateFrameworks/ANEHostCompiler : 1032
PrivateFrameworks/ANEServices : 32
PrivateFrameworks/AOSAccounts : 1275
PrivateFrameworks/AOSAccountsLite : 1275
PrivateFrameworks/APFS : 5
PrivateFrameworks/APTransport : 45
PrivateFrameworks/ASEProcessing : 443
PrivateFrameworks/ASOctaneSupport : 3
PrivateFrameworks/AVConference : 22
PrivateFrameworks/AVFCapture : 3
PrivateFrameworks/AVFCore : 41
PrivateFrameworks/AVFoundationCF : 58
PrivateFrameworks/AXAssetLoader : 73
PrivateFrameworks/AXCoreUtilities : 73
PrivateFrameworks/AXHearingCoreSupport : 5750
PrivateFrameworks/AXHearingSupport : 5750
PrivateFrameworks/AXMediaUtilities : 1317
PrivateFrameworks/AXRuntime : 73
PrivateFrameworks/AccessibilityBundles : 188
PrivateFrameworks/AccessibilityPerformance : 221
PrivateFrameworks/AccessibilityPlatformTranslation : 154
PrivateFrameworks/AccessibilitySharedSupport : 154
PrivateFrameworks/AccessibilitySupport : 221
PrivateFrameworks/AccessoryNowPlaying : 241
PrivateFrameworks/AccountPolicy : 408
PrivateFrameworks/AccountsDaemon : 330
PrivateFrameworks/AccountsUI : 330
PrivateFrameworks/ActionKit : 767
PrivateFrameworks/AdAnalytics : 426
PrivateFrameworks/AdPlatformsCommon : 66
PrivateFrameworks/AddressBookAutocomplete : 306
PrivateFrameworks/AddressBookCore : 462
PrivateFrameworks/AggregateDictionary : 1028
PrivateFrameworks/AggregateDictionaryHistory : 1028
PrivateFrameworks/AirPlaySupport : 45
PrivateFrameworks/AirPlaySync : 2
PrivateFrameworks/AirTrafficHost : 200
PrivateFrameworks/AlgosScoreFramework : 238
PrivateFrameworks/AmbientDisplay : 557
PrivateFrameworks/AnnotationKit : 112
PrivateFrameworks/AppAttestInternal : 715
PrivateFrameworks/AppContainer : 126
PrivateFrameworks/AppSSO : 234
PrivateFrameworks/AppSSOCore : 234
PrivateFrameworks/AppSSOKerberos : 234
PrivateFrameworks/AppSSOUI : 234
PrivateFrameworks/AppSandbox : 126
PrivateFrameworks/AppServerSupport : 170
PrivateFrameworks/AppStoreComponents : 66
PrivateFrameworks/AppStoreUI : 3
PrivateFrameworks/AppSupport : 192
PrivateFrameworks/AppSupportUI : 3699
PrivateFrameworks/Apple80211 : 185
PrivateFrameworks/AppleAccount : 340
PrivateFrameworks/AppleAppSupport : 1650
PrivateFrameworks/AppleCVA : 172
PrivateFrameworks/AppleFSCompression : 9341
PrivateFrameworks/AppleFirmwareUpdate : 181
PrivateFrameworks/AppleGVA : 124
PrivateFrameworks/AppleGVACore : 124
PrivateFrameworks/AppleHIDTransportSupport : 1385
PrivateFrameworks/AppleIDAuthSupport : 2296
PrivateFrameworks/AppleIDSSOAuthentication : 1943
PrivateFrameworks/AppleJPEG : 220
PrivateFrameworks/AppleLDAP : 2115
PrivateFrameworks/AppleLOM : 69
PrivateFrameworks/AppleMediaServices : 3
PrivateFrameworks/AppleMediaServicesUI : 3
PrivateFrameworks/AppleMediaServicesUIDynamic : 3
PrivateFrameworks/AppleNVMe : 574
PrivateFrameworks/AppleNeuralEngine : 499
PrivateFrameworks/ApplePDPHelper : 14229
PrivateFrameworks/ApplePushService : 1009
PrivateFrameworks/AppleSRP : 14654
PrivateFrameworks/AppleSauce : 2133
PrivateFrameworks/AppleScript : 328
PrivateFrameworks/AppleServiceToolkit : 398
PrivateFrameworks/AppleShareClientCore : 813
PrivateFrameworks/AppleSystemInfo : 163
PrivateFrameworks/AppleVA : 620
PrivateFrameworks/AppleVPA : 129
PrivateFrameworks/AskPermission : 769
PrivateFrameworks/AssertionServices : 815
PrivateFrameworks/AssetCacheServices : 609
PrivateFrameworks/AssetCacheServicesExtensions : 609
PrivateFrameworks/AssetViewer : 329
PrivateFrameworks/AssetsLibraryServices : 23
PrivateFrameworks/AssistantServices : 45
PrivateFrameworks/AssistiveControlSupport : 70
PrivateFrameworks/AttributeGraph : 1389
PrivateFrameworks/AudioAnalytics : 799
PrivateFrameworks/AudioDSPManager : 700
PrivateFrameworks/AudioHistory : 700
PrivateFrameworks/AudioPasscode : 869
PrivateFrameworks/AudioResourceArbitration : 462
PrivateFrameworks/AudioServerApplication : 218
PrivateFrameworks/AudioServerDriver : 218
PrivateFrameworks/AudioSession : 684
PrivateFrameworks/AudioTransportCommon : 2698
PrivateFrameworks/AuthKit : 191
PrivateFrameworks/AuthKitUI : 183
PrivateFrameworks/AutoBugCaptureCore : 1690
PrivateFrameworks/AutoLoop : 4835
PrivateFrameworks/BackBoardServices : 202
PrivateFrameworks/BackgroundTaskManagement : 151
PrivateFrameworks/Backup : 51
PrivateFrameworks/BaseBoard : 1258
PrivateFrameworks/BatteryUIKit : 637
PrivateFrameworks/BehaviorMiner : 596
PrivateFrameworks/BezelServices : 1048
PrivateFrameworks/BioKitAggD : 13437
PrivateFrameworks/BiomeFoundation : 791
PrivateFrameworks/BiomePubSub : 791
PrivateFrameworks/BiomeStorage : 791
PrivateFrameworks/BiomeStreams : 791
PrivateFrameworks/BiometricKit : 640
PrivateFrameworks/BiometricSupport : 445
PrivateFrameworks/BlastDoor : 1594
PrivateFrameworks/BluetoothAudio : 39
PrivateFrameworks/BluetoothServices : 48
PrivateFrameworks/BoardServices : 1258
PrivateFrameworks/Bom : 609
PrivateFrameworks/BookCoverUtility : 558
PrivateFrameworks/BookKit : 558
PrivateFrameworks/BookKitFoundation : 558
PrivateFrameworks/BookUtility : 558
PrivateFrameworks/Bootability : 153
PrivateFrameworks/BridgeOSInstall : 218
PrivateFrameworks/BridgeOSInstallReporting : 218
PrivateFrameworks/BridgeOSObliteration : 46
PrivateFrameworks/BridgeOSSoftwareUpdate : 3079
PrivateFrameworks/BridgeXPC : 4891
PrivateFrameworks/BulkSymbolication : 1209
PrivateFrameworks/ByteRangeLocking : 4097
PrivateFrameworks/C2 : 1427
PrivateFrameworks/CDDataAccess : 86
PrivateFrameworks/CDDataAccessExpress : 86
PrivateFrameworks/CMCapture : 3
PrivateFrameworks/CMCaptureCore : 3
PrivateFrameworks/CPAnalytics : 23
PrivateFrameworks/CPMLBestShim : 5350
PrivateFrameworks/CPMS : 317
PrivateFrameworks/CSCSupport : 174
PrivateFrameworks/CVNLP : 731
PrivateFrameworks/CacheDelete : 83
PrivateFrameworks/CalDAV : 622
PrivateFrameworks/Calculate : 460
PrivateFrameworks/CalendarAgent : 268
PrivateFrameworks/CalendarAgentLink : 489
PrivateFrameworks/CalendarDraw : 516
PrivateFrameworks/CalendarFoundation : 219
PrivateFrameworks/CalendarNotification : 100
PrivateFrameworks/CalendarPersistence : 279
PrivateFrameworks/CalendarUI : 214
PrivateFrameworks/CalendarUIKit : 285
PrivateFrameworks/CalendarWidget : 688
PrivateFrameworks/CallHistory : 137
PrivateFrameworks/CameraImagingFramework : 6319
PrivateFrameworks/CaptiveNetwork : 461
PrivateFrameworks/CardKit : 146
PrivateFrameworks/CardServices : 146
PrivateFrameworks/Cards : 146
PrivateFrameworks/Catalyst : 4249
PrivateFrameworks/Categories : 1217
PrivateFrameworks/CharacterPicker : 176
PrivateFrameworks/ChunkingLibrary : 2468
PrivateFrameworks/ClassKit : 121
PrivateFrameworks/ClassKitUI : 121
PrivateFrameworks/ClassroomKit : 198
PrivateFrameworks/ClockMenuExtraPreferences : 471
PrivateFrameworks/CloudDocsDaemon : 51
PrivateFrameworks/CloudFamilyRestrictions : 678
PrivateFrameworks/CloudFamilyRestrictionsDaemon : 678
PrivateFrameworks/CloudKitCode : 794
PrivateFrameworks/CloudKitCodeProtobuf : 794
PrivateFrameworks/CloudKitDaemon : 338
PrivateFrameworks/CloudPhotoLibrary : 23
PrivateFrameworks/CloudPhotoServices : 23
PrivateFrameworks/CloudPhotoServicesConfiguration : 23
PrivateFrameworks/Coherence : 5531
PrivateFrameworks/CombineCocoa : 1226
PrivateFrameworks/CommerceKit : 3
PrivateFrameworks/CommonAuth : 497
PrivateFrameworks/CommonUtilities : 9572
PrivateFrameworks/CommunicationsFilter : 4449
PrivateFrameworks/ConditionInducer : 1676
PrivateFrameworks/ConfigProfileHelper : 258
PrivateFrameworks/ConfigurationEngineModel : 1524
PrivateFrameworks/ConfigurationProfiles : 258
PrivateFrameworks/ConfigurationProfilesUI : 177
PrivateFrameworks/ConsoleKit : 194
PrivateFrameworks/ConstantClasses : 778
PrivateFrameworks/ContactsAgent : 814
PrivateFrameworks/ContactsAssistantServices : 1285
PrivateFrameworks/ContactsAutocomplete : 648
PrivateFrameworks/ContactsAutocompleteUI : 337
PrivateFrameworks/ContactsDonation : 380
PrivateFrameworks/ContactsDonationFeedback : 380
PrivateFrameworks/ContactsFoundation : 620
PrivateFrameworks/ContactsPersistence : 168
PrivateFrameworks/ContactsUICore : 51
PrivateFrameworks/ContactsUIMacHelper : 306
PrivateFrameworks/ContentKit : 767
PrivateFrameworks/ContextKit : 827
PrivateFrameworks/ContextKitExtraction : 807
PrivateFrameworks/ControlCenter : 25
PrivateFrameworks/ConversationKit : 325
PrivateFrameworks/CoreADI : 214
PrivateFrameworks/CoreAVCHD : 4356
PrivateFrameworks/CoreAccessories : 241
PrivateFrameworks/CoreAnalytics : 1783
PrivateFrameworks/CoreAppleCVA : 701
PrivateFrameworks/CoreAutoLayout : 32
PrivateFrameworks/CoreBrightness : 107
PrivateFrameworks/CoreCDP : 1094
PrivateFrameworks/CoreCDPInternal : 1094
PrivateFrameworks/CoreCDPUI : 1094
PrivateFrameworks/CoreCapture : 1710
PrivateFrameworks/CoreCaptureControl : 1710
PrivateFrameworks/CoreCaptureDaemon : 1710
PrivateFrameworks/CoreChart : 568
PrivateFrameworks/CoreChineseEngine : 413
PrivateFrameworks/CoreDAV : 616
PrivateFrameworks/CoreDaemon : 992
PrivateFrameworks/CoreDuet : 403
PrivateFrameworks/CoreDuetContext : 403
PrivateFrameworks/CoreDuetDaemonProtocol : 403
PrivateFrameworks/CoreDuetDataModel : 403
PrivateFrameworks/CoreDuetDebugLogging : 403
PrivateFrameworks/CoreDuetStatistics : 403
PrivateFrameworks/CoreDuetSync : 403
PrivateFrameworks/CoreEmoji : 534
PrivateFrameworks/CoreFP : 101
PrivateFrameworks/CoreFollowUp : 300
PrivateFrameworks/CoreFollowUpUI : 300
PrivateFrameworks/CoreHAP : 218
PrivateFrameworks/CoreHandwriting : 1018
PrivateFrameworks/CoreHapticsTools : 8501
PrivateFrameworks/CoreJapaneseEngine : 389
PrivateFrameworks/CoreKDL : 2756
PrivateFrameworks/CoreKE : 34
PrivateFrameworks/CoreKnowledge : 1837
PrivateFrameworks/CoreLSKD : 132
PrivateFrameworks/CoreLSKDMSE : 1071
PrivateFrameworks/CoreLocationProtobuf : 429
PrivateFrameworks/CoreMLTestFramework : 218
PrivateFrameworks/CoreMaterial : 62
PrivateFrameworks/CoreMediaStream : 23
PrivateFrameworks/CoreNLP : 1530
PrivateFrameworks/CoreNameParser : 3507
PrivateFrameworks/CoreNavigation : 1233
PrivateFrameworks/CoreOptimization : 5350
PrivateFrameworks/CorePDF : 2094
PrivateFrameworks/CoreParsec : 84
PrivateFrameworks/CorePhoneNumbers : 95
PrivateFrameworks/CorePrediction : 5350
PrivateFrameworks/CoreRC : 1597
PrivateFrameworks/CoreRecents : 614
PrivateFrameworks/CoreRecognition : 1405
PrivateFrameworks/CoreRoutine : 2929
PrivateFrameworks/CoreSDB : 648
PrivateFrameworks/CoreSVG : 1237
PrivateFrameworks/CoreServicesInternal : 226
PrivateFrameworks/CoreSpeech : 416
PrivateFrameworks/CoreSuggestions : 149
PrivateFrameworks/CoreSuggestionsInternals : 149
PrivateFrameworks/CoreSuggestionsML : 149
PrivateFrameworks/CoreSuggestionsUI : 149
PrivateFrameworks/CoreSymbolication : 655
PrivateFrameworks/CoreThemeDefinition : 1035
PrivateFrameworks/CoreTime : 446
PrivateFrameworks/CoreUARP : 181
PrivateFrameworks/CoreUI : 26
PrivateFrameworks/CoreUtils : 26
PrivateFrameworks/CoreUtilsSwift : 7575
PrivateFrameworks/CoreUtilsUI : 26
PrivateFrameworks/CoreWLANKit : 160
PrivateFrameworks/CoreWiFi : 12
PrivateFrameworks/CrashReporterSupport : 18
PrivateFrameworks/CreateML : 368
PrivateFrameworks/CryptoKitCBridging : 1782
PrivateFrameworks/CryptoKitPrivate : 1782
PrivateFrameworks/DAAPKit : 2678
PrivateFrameworks/DASDaemon : 295
PrivateFrameworks/DCERPC : 1066
PrivateFrameworks/DCIMServices : 23
PrivateFrameworks/DFRBrightness : 107
PrivateFrameworks/DFRDisplay : 543
PrivateFrameworks/DFRFoundation : 112
PrivateFrameworks/DSExternalDisplay : 1113
PrivateFrameworks/DTXConnectionServices : 854
PrivateFrameworks/DVD : 15821
PrivateFrameworks/DataDeliveryServices : 979
PrivateFrameworks/DataDetectors : 501
PrivateFrameworks/DataDetectorsCore : 1284
PrivateFrameworks/DataDetectorsNaturalLanguage : 2673
PrivateFrameworks/DebugSymbols : 538
PrivateFrameworks/DeviceCheckInternal : 715
PrivateFrameworks/DeviceIdentity : 698
PrivateFrameworks/DeviceLink : 1943
PrivateFrameworks/DeviceManagement : 1524
PrivateFrameworks/DeviceToDeviceManager : 15168
PrivateFrameworks/DiagnosticExtensions : 1824
PrivateFrameworks/DiagnosticExtensionsDaemon : 1
PrivateFrameworks/DiagnosticLogCollection : 600
PrivateFrameworks/DiagnosticRequest : 1434
PrivateFrameworks/DiagnosticRequestService : 1690
PrivateFrameworks/DiagnosticsKit : 1464
PrivateFrameworks/DialogEngine : 129
PrivateFrameworks/DifferentialPrivacy : 24
PrivateFrameworks/DigitalTouchShared : 537
PrivateFrameworks/DirectoryEditor : 1099
PrivateFrameworks/DirectoryServer : 12376
PrivateFrameworks/DiskImages : 424
PrivateFrameworks/DiskImages2 : 3086
PrivateFrameworks/DiskManagement : 109
PrivateFrameworks/DiskSpaceDiagnostics : 574
PrivateFrameworks/DisplayServices : 1309
PrivateFrameworks/DisplayTransportServices : 3143
PrivateFrameworks/DistributedEvaluation : 1955
PrivateFrameworks/DocumentCamera : 4498
PrivateFrameworks/DrawingKit : 112
PrivateFrameworks/DuetActivityScheduler : 295
PrivateFrameworks/DuetRecommendation : 403
PrivateFrameworks/EAFirmwareUpdater : 181
PrivateFrameworks/EAP8021X : 741
PrivateFrameworks/EFILogin : 177
PrivateFrameworks/EasyConfig : 26
PrivateFrameworks/Email : 3
PrivateFrameworks/EmailAddressing : 3
PrivateFrameworks/EmailCore : 3
PrivateFrameworks/EmailDaemon : 3
PrivateFrameworks/EmailFoundation : 3
PrivateFrameworks/EmbeddedAcousticRecognition : 59
PrivateFrameworks/EmbeddedOSInstall : 1958
PrivateFrameworks/EmbeddedOSSupportHost : 947
PrivateFrameworks/EmbeddedSensingProtocols : 1925
PrivateFrameworks/EmojiFoundation : 408
PrivateFrameworks/Engram : 600
PrivateFrameworks/Espresso : 818
PrivateFrameworks/ExchangeSync : 403
PrivateFrameworks/ExchangeWebServices : 623
PrivateFrameworks/ExpansionSlotSupport : 251
PrivateFrameworks/FMClient : 9347
PrivateFrameworks/FMCore : 1206
PrivateFrameworks/FMCoreLite : 1206
PrivateFrameworks/FMCoreUI : 741
PrivateFrameworks/FMF : 1201
PrivateFrameworks/FMFCore : 5
PrivateFrameworks/FMFUI : 1201
PrivateFrameworks/FMIPCore : 5
PrivateFrameworks/FMNetworking : 223
PrivateFrameworks/FTAWD : 600
PrivateFrameworks/FTClientServices : 110
PrivateFrameworks/FTServices : 110
PrivateFrameworks/FWAVC : 1101
PrivateFrameworks/FaceCore : 661
PrivateFrameworks/FamilyCircle : 42
PrivateFrameworks/FamilyCircleUI : 42
PrivateFrameworks/FamilyControls : 722
PrivateFrameworks/FamilyNotification : 42
PrivateFrameworks/FeatureFlags : 1821
PrivateFrameworks/FeatureFlagsSupport : 1821
PrivateFrameworks/FeedbackLogger : 722
PrivateFrameworks/FileProvider : 123
PrivateFrameworks/FileProviderDaemon : 124
PrivateFrameworks/FilesActionsUI : 1134
PrivateFrameworks/FindMyDeviceUI : 1145
PrivateFrameworks/FindMyMac : 181
PrivateFrameworks/FinderKit : 53
PrivateFrameworks/FinderSyncPriv : 54
PrivateFrameworks/FlightUtilities : 626
PrivateFrameworks/FlightUtilitiesCore : 626
PrivateFrameworks/FlowFrameKit : 393
PrivateFrameworks/FolderActionsKit : 619
PrivateFrameworks/FontServices : 636
PrivateFrameworks/FoundInAppsPlugins : 284
PrivateFrameworks/FoundationODR : 3
PrivateFrameworks/FrontBoardServices : 129
PrivateFrameworks/FuseBoard : 7
PrivateFrameworks/FusionPluginKit : 503
PrivateFrameworks/FusionPluginServices : 503
PrivateFrameworks/Futhark : 2088
PrivateFrameworks/GPUInfo : 221
PrivateFrameworks/GPURawCounter : 1998
PrivateFrameworks/GPUSupport : 3
PrivateFrameworks/GPUWrangler : 44
PrivateFrameworks/GameCenterFoundation : 213
PrivateFrameworks/GameCenterUI : 213
PrivateFrameworks/GameCenterUICore : 213
PrivateFrameworks/GameKitServices : 22
PrivateFrameworks/GenerationalStorage : 3059
PrivateFrameworks/GeoKit : 225
PrivateFrameworks/GeoServices : 185
PrivateFrameworks/GraphKit : 14266
PrivateFrameworks/GraphVisualizer : 5371
PrivateFrameworks/GraphicsServices : 5247
PrivateFrameworks/H10ISPServices : 361
PrivateFrameworks/H13ISPServices : 26
PrivateFrameworks/HDAInterface : 2015
PrivateFrameworks/HID : 168
PrivateFrameworks/HIDAnalytics : 168
PrivateFrameworks/HIDDisplay : 168
PrivateFrameworks/HIDPreferences : 168
PrivateFrameworks/HMFoundation : 225
PrivateFrameworks/HTTPServer : 639
PrivateFrameworks/HeimODAdmin : 149
PrivateFrameworks/Heimdal : 497
PrivateFrameworks/Helium : 655
PrivateFrameworks/HelpData : 359
PrivateFrameworks/HomeAI : 216
PrivateFrameworks/HomeAutomationInternal : 319
PrivateFrameworks/HomeKit : 218
PrivateFrameworks/HomeKitBackingStore : 218
PrivateFrameworks/HomeKitCore : 218
PrivateFrameworks/HomeKitDaemon : 218
PrivateFrameworks/IAP : 2104
PrivateFrameworks/IASUtilities : 67
PrivateFrameworks/IDS : 110
PrivateFrameworks/IDSFoundation : 110
PrivateFrameworks/IDSHashPersistence : 160
PrivateFrameworks/IDSKVStore : 160
PrivateFrameworks/IDSSystemPreferencesSignIn : 110
PrivateFrameworks/IMAP : 3
PrivateFrameworks/IMAVCore : 4201
PrivateFrameworks/IMCorePipeline : 14
PrivateFrameworks/IMFoundation : 600
PrivateFrameworks/IMSharedUI : 14
PrivateFrameworks/IMTransferServices : 600
PrivateFrameworks/IOAccelMemoryInfo : 36
PrivateFrameworks/IOAccelerator : 36
PrivateFrameworks/IOCEC : 20647
PrivateFrameworks/IOGPU : 665
PrivateFrameworks/IOImageLoader : 3123
PrivateFrameworks/IOKitten : 2698
PrivateFrameworks/IOPlatformPluginFamily : 1168
PrivateFrameworks/IOPresentment : 19
PrivateFrameworks/IOSurfaceAccelerator : 597
PrivateFrameworks/ISSupport : 12233
PrivateFrameworks/IconFoundation : 198
PrivateFrameworks/IconServices : 198
PrivateFrameworks/IdleTimerServices : 1762
PrivateFrameworks/InAppMessages : 830
PrivateFrameworks/InAppMessagesCore : 2523
PrivateFrameworks/IncomingCallFilter : 4449
PrivateFrameworks/InertiaCam : 361
PrivateFrameworks/InputContext : 1336
PrivateFrameworks/InputTranscoder : 1885
PrivateFrameworks/Install : 189
PrivateFrameworks/InstallCoordination : 56
PrivateFrameworks/InstallerDiagnostics : 2770
PrivateFrameworks/IntentsCore : 167
PrivateFrameworks/IntentsFoundation : 167
PrivateFrameworks/IntentsServices : 167
PrivateFrameworks/InternalSwiftProtobuf : 5044
PrivateFrameworks/InternationalSupport : 381
PrivateFrameworks/InternationalTextSearch : 1789
PrivateFrameworks/InternetAccounts : 1056
PrivateFrameworks/IntlPreferences : 437
PrivateFrameworks/JavaLaunching : 319
PrivateFrameworks/JavaScriptAppleEvents : 928
PrivateFrameworks/JavaScriptOSA : 644
PrivateFrameworks/Jet : 714
PrivateFrameworks/JetEngine : 3
PrivateFrameworks/JetUI : 3
PrivateFrameworks/KerberosHelper : 4329
PrivateFrameworks/KeyboardServices : 1676
PrivateFrameworks/KeychainCircle : 80
PrivateFrameworks/KnowledgeGraphKit : 33
PrivateFrameworks/KnowledgeMonitor : 578
PrivateFrameworks/LanguageModeling : 433
PrivateFrameworks/Lexicon : 422
PrivateFrameworks/LibraryRepair : 2870
PrivateFrameworks/LinguisticData : 183
PrivateFrameworks/LinkPresentation : 921
PrivateFrameworks/LocalAuthenticationRecoveryUI : 141
PrivateFrameworks/LocalAuthenticationUI : 141
PrivateFrameworks/LockoutUI : 6183
PrivateFrameworks/LoggingSupport : 26
PrivateFrameworks/LoginUIKit : 93
PrivateFrameworks/Lookup : 97
PrivateFrameworks/MDSChannel : 4108
PrivateFrameworks/MFAAuthentication : 241
PrivateFrameworks/MFiAuthentication : 2104
PrivateFrameworks/MMCS : 1427
PrivateFrameworks/MSUDataAccessor : 19
PrivateFrameworks/MTLCompiler : 57
PrivateFrameworks/MTLSimImplementation : 57
PrivateFrameworks/MachineSettings : 6723
PrivateFrameworks/Mail : 3
PrivateFrameworks/MailCore : 3
PrivateFrameworks/MailService : 3
PrivateFrameworks/MailSupport : 3
PrivateFrameworks/MailUI : 3
PrivateFrameworks/MailWebProcessSupport : 3
PrivateFrameworks/MallocStackLogging : 335
PrivateFrameworks/ManagedClient : 258
PrivateFrameworks/Mangrove : 2347
PrivateFrameworks/MapsSync : 372
PrivateFrameworks/Marco : 600
PrivateFrameworks/MarkupUI : 112
PrivateFrameworks/MaterialKit : 63
PrivateFrameworks/MediaControlSender : 45
PrivateFrameworks/MediaConversionService : 23
PrivateFrameworks/MediaFoundation : 6465
PrivateFrameworks/MediaKit : 900
PrivateFrameworks/MediaMiningKit : 33
PrivateFrameworks/MediaRemote : 16
PrivateFrameworks/MediaServices : 264
PrivateFrameworks/MediaStream : 23
PrivateFrameworks/Memories : 2014
PrivateFrameworks/MessageProtection : 1184
PrivateFrameworks/MessageSecurity : 833
PrivateFrameworks/MessagesBlastDoorSupport : 1594
PrivateFrameworks/MetalSerializer : 57
PrivateFrameworks/MetalTools : 57
PrivateFrameworks/MetricKitCore : 3041
PrivateFrameworks/MetricKitServices : 3041
PrivateFrameworks/MetricKitSource : 3041
PrivateFrameworks/MetricMeasurement : 3041
PrivateFrameworks/MiniSoftwareUpdate : 269
PrivateFrameworks/MobileActivationMacOS : 698
PrivateFrameworks/MobileAsset : 182
PrivateFrameworks/MobileAssetUpdater : 181
PrivateFrameworks/MobileBluetooth : 135
PrivateFrameworks/MobileContainerManager : 148
PrivateFrameworks/MobileDevice : 599
PrivateFrameworks/MobileIcons : 198
PrivateFrameworks/MobileInstallation : 7
PrivateFrameworks/MobileKeyBag : 1399
PrivateFrameworks/MobileObliteration : 46
PrivateFrameworks/MobileSoftwareUpdate : 15
PrivateFrameworks/MobileStorage : 1074
PrivateFrameworks/MobileStoreDemoCore : 184
PrivateFrameworks/MobileSystemServices : 5424
PrivateFrameworks/MonitorPanel : 475
PrivateFrameworks/Montreal : 693
PrivateFrameworks/MorphunAssetsUpdater : 65
PrivateFrameworks/MorphunSwift : 87
PrivateFrameworks/MultitouchSupport : 175
PrivateFrameworks/MultiverseSupport : 855
PrivateFrameworks/MusicLibrary : 112
PrivateFrameworks/NLP : 378
PrivateFrameworks/NPTKit : 736
PrivateFrameworks/Navigation : 179
PrivateFrameworks/NetAppsUtilities : 5474
PrivateFrameworks/NetAuth : 1131
PrivateFrameworks/NetFSServer : 83
PrivateFrameworks/Netrb : 620
PrivateFrameworks/Network : 76
PrivateFrameworks/NetworkServiceProxy : 11589
PrivateFrameworks/NetworkStatistics : 3200
PrivateFrameworks/NeutrinoCore : 23
PrivateFrameworks/NeutrinoKit : 23
PrivateFrameworks/Noticeboard : 1660
PrivateFrameworks/OAHSoftwareUpdate : 41
PrivateFrameworks/OAuth : 24931
PrivateFrameworks/OSAServicesClient : 653
PrivateFrameworks/OSASubmissionClient : 658
PrivateFrameworks/OSASyncProxyClient : 658
PrivateFrameworks/OSAnalytics : 653
PrivateFrameworks/OSAnalyticsPrivate : 658
PrivateFrameworks/OSD : 3880
PrivateFrameworks/OSInstaller : 376
PrivateFrameworks/OSPersonalization : 923
PrivateFrameworks/OTSVG : 552
PrivateFrameworks/OctagonTrust : 80
PrivateFrameworks/OfficeImport : 1145
PrivateFrameworks/OnBoardingKit : 227
PrivateFrameworks/OpenDirectoryConfig : 15501
PrivateFrameworks/OpenDirectoryConfigUI : 402
PrivateFrameworks/Osprey : 862
PrivateFrameworks/PDFKit : 3
PrivateFrameworks/PDS : 160
PrivateFrameworks/PDSAgent : 160
PrivateFrameworks/PIP : 2492
PrivateFrameworks/PSNormalizer : 731
PrivateFrameworks/PacketFilter : 1152
PrivateFrameworks/ParsecModel : 84
PrivateFrameworks/ParsecSubscriptionServiceSupport : 84
PrivateFrameworks/PassKit : 183
PrivateFrameworks/PassKitCore : 178
PrivateFrameworks/PassKitMacHelper : 94
PrivateFrameworks/PassKitUI : 137
PrivateFrameworks/PassKitUIFoundation : 95
PrivateFrameworks/PasswordServer : 9371
PrivateFrameworks/PencilKit : 183
PrivateFrameworks/PeopleSuggester : 403
PrivateFrameworks/PerformanceAnalysis : 1209
PrivateFrameworks/PerformanceTrace : 787
PrivateFrameworks/PersistentConnection : 3909
PrivateFrameworks/PersonaKit : 2105
PrivateFrameworks/PersonaUI : 2105
PrivateFrameworks/PersonalizationPortrait : 284
PrivateFrameworks/PersonalizationPortraitInternals : 284
PrivateFrameworks/PhoneNumberResolver : 1178
PrivateFrameworks/PhoneNumbers : 95
PrivateFrameworks/PhotoAnalysis : 33
PrivateFrameworks/PhotoFoundation : 23
PrivateFrameworks/PhotoImaging : 23
PrivateFrameworks/PhotoLibraryServices : 23
PrivateFrameworks/PhotoPrintProduct : 1160
PrivateFrameworks/PhotoVision : 23
PrivateFrameworks/PhotosFormats : 23
PrivateFrameworks/PhotosGraph : 33
PrivateFrameworks/PhotosImagingFoundation : 23
PrivateFrameworks/PhotosPlayer : 23
PrivateFrameworks/PhotosUIApps : 33
PrivateFrameworks/PhysicsKit : 1153
PrivateFrameworks/PlugInKit : 231
PrivateFrameworks/PodcastServices : 66
PrivateFrameworks/PodcastsFoundation : 105
PrivateFrameworks/PodcastsKit : 63
PrivateFrameworks/PowerUI : 202
PrivateFrameworks/PreferencePanesSupport : 327
PrivateFrameworks/PrintKit : 2364
PrivateFrameworks/PrintingPrivate : 168
PrivateFrameworks/PrivateFederatedLearning : 2173
PrivateFrameworks/ProVideo : 904
PrivateFrameworks/ProactiveEventTracker : 572
PrivateFrameworks/ProactiveExperiments : 149
PrivateFrameworks/ProactiveExperimentsInternals : 149
PrivateFrameworks/ProactiveInputPredictions : 149
PrivateFrameworks/ProactiveInputPredictionsInternals : 149
PrivateFrameworks/ProactiveML : 149
PrivateFrameworks/ProactiveSupport : 572
PrivateFrameworks/ProactiveSupportStubs : 572
PrivateFrameworks/PromotedContentSupport : 66
PrivateFrameworks/ProofReader : 293
PrivateFrameworks/ProtectedCloudStorage : 1174
PrivateFrameworks/ProtocolBuffer : 643
PrivateFrameworks/PrototypeTools : 2012
PrivateFrameworks/PubSub : 218
PrivateFrameworks/QLCharts : 1145
PrivateFrameworks/Quagga : 478
PrivateFrameworks/QuickLookIosmac : 772
PrivateFrameworks/QuickLookNonBaseSystem : 728
PrivateFrameworks/QuickLookSupport : 531
PrivateFrameworks/QuickLookThumbnailing : 531
PrivateFrameworks/QuickLookThumbnailingDaemon : 492
PrivateFrameworks/QuickLookUIIosmac : 772
PrivateFrameworks/RTBuddyCrashlogDecoder : 416
PrivateFrameworks/RTCReporting : 29
PrivateFrameworks/Rapport : 737
PrivateFrameworks/RapportUI : 739
PrivateFrameworks/ReminderKit : 86
PrivateFrameworks/ReminderKitInternal : 341
PrivateFrameworks/ReminderKitUI : 86
PrivateFrameworks/ReminderMigration : 568
PrivateFrameworks/RemindersToolbox : 1435
PrivateFrameworks/RemindersUICore : 472
PrivateFrameworks/RemoteConfiguration : 1602
PrivateFrameworks/RemoteCoreML : 4454
PrivateFrameworks/RemoteManagement : 2032
PrivateFrameworks/RemoteServiceDiscovery : 170
PrivateFrameworks/RemoteTextInput : 3079
PrivateFrameworks/RemoteViewServices : 412
PrivateFrameworks/RemoteXPC : 170
PrivateFrameworks/RenderBox : 771
PrivateFrameworks/ReplayKitMacHelper : 406
PrivateFrameworks/ResponseKit : 1366
PrivateFrameworks/Restore : 598
PrivateFrameworks/Reveal : 465
PrivateFrameworks/RevealCore : 465
PrivateFrameworks/RunningBoard : 816
PrivateFrameworks/RunningBoardServices : 815
PrivateFrameworks/SAObjects : 95
PrivateFrameworks/SCEP : 658
PrivateFrameworks/SDAPI : 4358
PrivateFrameworks/SMBClientEngine : 627
PrivateFrameworks/SPFinder : 38
PrivateFrameworks/SPOwner : 38
PrivateFrameworks/SPShared : 223
PrivateFrameworks/SPSupport : 171
PrivateFrameworks/SafeEjectGPU : 616
PrivateFrameworks/SampleAnalysis : 1209
PrivateFrameworks/ScoreBoard : 2632
PrivateFrameworks/ScreenSharing : 321
PrivateFrameworks/ScreenTimeCore : 397
PrivateFrameworks/ScreenTimeServiceUI : 173
PrivateFrameworks/ScreenTimeSettingsUI : 319
PrivateFrameworks/ScreenTimeUI : 427
PrivateFrameworks/SearchFoundation : 84
PrivateFrameworks/SearchSuggestions : 3
PrivateFrameworks/SearchUI : 75
PrivateFrameworks/SearchUICardKitProviderSupport : 111
PrivateFrameworks/SecCodeWrapper : 126
PrivateFrameworks/SecureChannel : 1686
PrivateFrameworks/SecurityTokend : 6403
PrivateFrameworks/Seeding : 211
PrivateFrameworks/SemanticDocumentManagement : 4135
PrivateFrameworks/SensingProtocols : 1925
PrivateFrameworks/Sentry : 1210
PrivateFrameworks/ServerCompatibility : 4526
PrivateFrameworks/ServerInformation : 528
PrivateFrameworks/SetupAssistantFramework : 59
PrivateFrameworks/SetupKit : 26
PrivateFrameworks/ShareKit : 24
PrivateFrameworks/SharePointManagement : 154
PrivateFrameworks/ShareSheet : 318
PrivateFrameworks/SharedWebCredentials : 116
PrivateFrameworks/Sharing : 830
PrivateFrameworks/SharingXPCServices : 631
PrivateFrameworks/ShazamInsights : 406
PrivateFrameworks/ShazamKit : 406
PrivateFrameworks/ShazamKitUI : 406
PrivateFrameworks/Shortcut : 319
PrivateFrameworks/ShoveService : 1
PrivateFrameworks/SidecarCore : 325
PrivateFrameworks/SidecarUI : 325
PrivateFrameworks/SignpostCollection : 1628
PrivateFrameworks/SignpostMetrics : 1628
PrivateFrameworks/SignpostNotification : 529
PrivateFrameworks/SignpostSupport : 1628
PrivateFrameworks/SiriAppResolution : 393
PrivateFrameworks/SiriAudioInternal : 1578
PrivateFrameworks/SiriAudioSupport : 1578
PrivateFrameworks/SiriClientFlow : 642
PrivateFrameworks/SiriCore : 65
PrivateFrameworks/SiriDailyBriefingInternal : 1452
PrivateFrameworks/SiriDialogEngine : 925
PrivateFrameworks/SiriFoundation : 39
PrivateFrameworks/SiriGeo : 1005
PrivateFrameworks/SiriInference : 653
PrivateFrameworks/SiriInstrumentation : 70
PrivateFrameworks/SiriIntentEvents : 653
PrivateFrameworks/SiriKitFlow : 393
PrivateFrameworks/SiriKitInvocation : 212
PrivateFrameworks/SiriKitRuntime : 393
PrivateFrameworks/SiriObservation : 45
PrivateFrameworks/SiriOntology : 649
PrivateFrameworks/SiriOntologyProtobuf : 649
PrivateFrameworks/SiriPlaybackControlIntents : 356
PrivateFrameworks/SiriPlaybackControlSupport : 356
PrivateFrameworks/SiriSpeechSynthesis : 140
PrivateFrameworks/SiriTasks : 45
PrivateFrameworks/SiriVOX : 65
PrivateFrameworks/SiriVideoIntents : 444
PrivateFrameworks/Slideshows : 196
PrivateFrameworks/SocialServices : 301
PrivateFrameworks/SoftLinking : 503
PrivateFrameworks/SoftwareUpdateCore : 15
PrivateFrameworks/SoftwareUpdateCoreConnect : 15
PrivateFrameworks/SoftwareUpdateCoreSupport : 15
PrivateFrameworks/SoftwareUpdateMacController : 94
PrivateFrameworks/SpanMatcher : 65
PrivateFrameworks/SpeakerRecognition : 416
PrivateFrameworks/SpeechDictionary : 1269
PrivateFrameworks/SpeechObjects : 343
PrivateFrameworks/SpeechRecognitionCommandServices : 252
PrivateFrameworks/SpeechRecognitionCore : 824
PrivateFrameworks/SpotlightLinguistics : 3
PrivateFrameworks/StorageKit : 753
PrivateFrameworks/StorageManagement : 338
PrivateFrameworks/StoreFoundation : 3
PrivateFrameworks/StoreJavaScript : 3
PrivateFrameworks/StoreKitMacHelper : 40
PrivateFrameworks/StoreKitUIMac : 40
PrivateFrameworks/StoreServices : 98
PrivateFrameworks/StoreUI : 3
PrivateFrameworks/StreamingZip : 450
PrivateFrameworks/Suggestions : 479
PrivateFrameworks/SuggestionsSpotlightMetrics : 149
PrivateFrameworks/Symbolication : 335
PrivateFrameworks/SymptomDiagnosticReporter : 1434
PrivateFrameworks/SymptomReporter : 238
PrivateFrameworks/Symptoms : 238
PrivateFrameworks/SyncServicesUI : 396
PrivateFrameworks/SyncedDefaults : 122
PrivateFrameworks/SystemAdministrationInterface : 873
PrivateFrameworks/SystemMigration : 35
PrivateFrameworks/SystemMigrationNetworking : 35
PrivateFrameworks/SystemMigrationUtils : 35
PrivateFrameworks/SystemPolicy : 34
PrivateFrameworks/SystemUIPlugin : 933
PrivateFrameworks/TCC : 62
PrivateFrameworks/TTYUtilities : 5750
PrivateFrameworks/TVRemoteCore : 787
PrivateFrameworks/TelephonyUtilities : 324
PrivateFrameworks/TemplateKit : 75
PrivateFrameworks/TextInput : 229
PrivateFrameworks/TextInputCore : 229
PrivateFrameworks/TextInputMenuUI : 116
PrivateFrameworks/TextRecognition : 1400
PrivateFrameworks/TextToSpeech : 528
PrivateFrameworks/TextureIO : 11064
PrivateFrameworks/TimeMachine : 354
PrivateFrameworks/TimeSync : 1081
PrivateFrameworks/Timeline : 1228
PrivateFrameworks/ToneKit : 946
PrivateFrameworks/ToneLibrary : 946
PrivateFrameworks/Tourist : 1227
PrivateFrameworks/Translation : 322
PrivateFrameworks/Transparency : 328
PrivateFrameworks/Trial : 134
PrivateFrameworks/TrialProto : 134
PrivateFrameworks/TrialServer : 134
PrivateFrameworks/TrustEvaluationAgent : 1467
PrivateFrameworks/TrustedPeers : 80
PrivateFrameworks/TuriCore : 100
PrivateFrameworks/UARPiCloud : 181
PrivateFrameworks/UAUPlugin : 1654
PrivateFrameworks/UIFoundation : 331
PrivateFrameworks/UIKitServices : 3
PrivateFrameworks/UIRecording : 2465
PrivateFrameworks/URLFormatting : 892
PrivateFrameworks/USDKit : 762
PrivateFrameworks/UXKit : 23
PrivateFrameworks/Uninstall : 208
PrivateFrameworks/UniversalAccess : 1
PrivateFrameworks/UsageTracking : 1374
PrivateFrameworks/UserActivity : 1311
PrivateFrameworks/UserManagement : 1307
PrivateFrameworks/VCXMPP : 1628
PrivateFrameworks/VFX : 1808
PrivateFrameworks/VFXBase : 1808
PrivateFrameworks/VectorKit : 204
PrivateFrameworks/VideoProcessing : 300
PrivateFrameworks/VideoSubscriberAccountUI : 73
PrivateFrameworks/ViewBridge : 17
PrivateFrameworks/VirtualGarage : 179
PrivateFrameworks/VisionKit : 5015
PrivateFrameworks/VisualPairing : 2242
PrivateFrameworks/VisualTestKit : 2750
PrivateFrameworks/VoiceShortcutClient : 767
PrivateFrameworks/VoiceShortcuts : 767
PrivateFrameworks/VoiceTrigger : 6408
PrivateFrameworks/WPDaemon : 1327
PrivateFrameworks/WatchdogClient : 544
PrivateFrameworks/WeatherFoundation : 392
PrivateFrameworks/WeatherKit : 628
PrivateFrameworks/WebContentAnalysis : 1614
PrivateFrameworks/WebFilterDNS : 1614
PrivateFrameworks/WiFiAnalytics : 577
PrivateFrameworks/WiFiCloudSyncEngine : 255
PrivateFrameworks/WiFiPeerToPeer : 533
PrivateFrameworks/WiFiPolicy : 788
PrivateFrameworks/WiFiVelocity : 567
PrivateFrameworks/WildDevices : 444
PrivateFrameworks/WirelessCoexManager : 325
PrivateFrameworks/WirelessDiagnostics : 12093
PrivateFrameworks/WirelessProximity : 1327
PrivateFrameworks/WorkflowKit : 767
PrivateFrameworks/WorkflowUIServices : 343
PrivateFrameworks/XARTRecovery : 234
PrivateFrameworks/XCTAutomationSupport : 498
PrivateFrameworks/XCTTargetBootstrap : 498
PrivateFrameworks/XGBoostFramework : 374
PrivateFrameworks/XQuery : 5909
PrivateFrameworks/XprotectFramework : 280
PrivateFrameworks/ZhuGeSupport : 1477
PrivateFrameworks/acfs : 181
PrivateFrameworks/acfsSupport : 12
PrivateFrameworks/apfs_boot_mount : 5
PrivateFrameworks/caulk : 1822
PrivateFrameworks/iAdCore : 426
PrivateFrameworks/iAdServices : 426
PrivateFrameworks/iCalendar : 482
PrivateFrameworks/iCloudNotification : 1762
PrivateFrameworks/iLifeMediaBrowser : 670
PrivateFrameworks/iPod : 925
PrivateFrameworks/iPodSync : 3502
PrivateFrameworks/iPodUpdater : 3081
PrivateFrameworks/iTunesCloud : 21
PrivateFrameworks/iWorkXPC : 2226
PrivateFrameworks/kperf : 1434
PrivateFrameworks/kperfdata : 1434
PrivateFrameworks/ktrace : 180
PrivateFrameworks/login : 227
PrivateFrameworks/nt : 25
PrivateFrameworks/oncrpc : 2137
PrivateFrameworks/perfdata : 1503
PrivateFrameworks/vCard : 168
PrivateFrameworks/yara : 1414
CoreServices/AddPrinter : 587
CoreServices/Software Update : 1412.2
Frameworks/ARKit : 223
Frameworks/AVKit : 13
Frameworks/AddressBook : 436
Frameworks/AddressBookUI : 653
Frameworks/AppClip : 31
Frameworks/AssetsLibrary : 34
Frameworks/BusinessChat : 67
Frameworks/CarPlay : 302
Frameworks/ClockKit : 32
Frameworks/ContactsUI : 212
Frameworks/CoreAudioKit : 34
Frameworks/CoreNFC : 30
Frameworks/EventKitUI : 316
Frameworks/GLKit : 634
Frameworks/GameController : 22
Frameworks/GameKit : 217
Frameworks/GameplayKit : 465
Frameworks/HealthKit : 59
Frameworks/HealthKitUI : 59
Frameworks/HomeKit : 59
Frameworks/IdentityLookupUI : 36
Frameworks/IntentsUI : 105
Frameworks/LinkPresentation : 397
Frameworks/MapKit : 175
Frameworks/MediaPlayer : 27
Frameworks/Messages : 14
Frameworks/MetalKit : 1136
Frameworks/MobileCoreServices : 5
Frameworks/MultipeerConnectivity : 183
Frameworks/NetworkExtensioniOSSupport : 24
Frameworks/NewsstandKit : 1954
Frameworks/OpenAL : 833
Frameworks/OpenGLES : 3
Frameworks/PassKit : 94
Frameworks/PencilKit : 126
Frameworks/QuickLook : 570
Frameworks/ReplayKit : 406
Frameworks/SceneKit : 244
Frameworks/ScreenTime : 172
Frameworks/Social : 298
Frameworks/SpriteKit : 374
Frameworks/StoreKit : 40
Frameworks/Twitter : 1327
Frameworks/UserNotificationsUI : 287
Frameworks/VisionKit : 2326
Frameworks/WatchConnectivity : 1308
Frameworks/WatchKit : 3163
Frameworks/_AVKit_SwiftUI : 21
Frameworks/_MapKit_SwiftUI : 491
Frameworks/_SceneKit_SwiftUI : 527
Frameworks/_SpriteKit_SwiftUI : 536
Frameworks/iAd : 426
PrivateFrameworks/AVKitMacHelper : 13
PrivateFrameworks/AccessibilityUI : 78
PrivateFrameworks/AccessibilityUIService : 78
PrivateFrameworks/AccessibilityUIShared : 78
PrivateFrameworks/AccessibilityUIUtilities : 78
PrivateFrameworks/AccessibilityUtilities : 78
PrivateFrameworks/ActionKit : 224
PrivateFrameworks/ActionKitUI : 390
PrivateFrameworks/ActivityRingsUI : 1572
PrivateFrameworks/AdPlatformsCommonUI : 66
PrivateFrameworks/AddressBookLegacy : 2297
PrivateFrameworks/AnnotationKit : 108
PrivateFrameworks/AppAnalytics : 160
PrivateFrameworks/AppSupportUI : 908
PrivateFrameworks/AuthKitUI : 177
PrivateFrameworks/AuthKitUIMacHelper : 177
PrivateFrameworks/AvatarKit : 83
PrivateFrameworks/AvatarUI : 183
PrivateFrameworks/BaseBoardUI : 1101
PrivateFrameworks/CalendarUIKit : 265
PrivateFrameworks/ChatKit : 14
PrivateFrameworks/ClassroomKit : 200
PrivateFrameworks/ContactsAutocompleteUI : 189
PrivateFrameworks/ContentKit : 224
PrivateFrameworks/CoreChart : 184
PrivateFrameworks/CorePDF : 577
PrivateFrameworks/CoreRecognition : 877
PrivateFrameworks/CoreSpotlightCatalystExtensionSupport : 3
PrivateFrameworks/CoreSuggestionsUI : 95
PrivateFrameworks/CryptoTokenKitExtensionSDK : 46
PrivateFrameworks/DataDetectorsUI : 550
PrivateFrameworks/DocumentCamera : 1565
PrivateFrameworks/EmojiKit : 664
PrivateFrameworks/FMCoreUI : 400
PrivateFrameworks/FMFUI : 532
PrivateFrameworks/FrontBoard : 131
PrivateFrameworks/GameCenterUI : 174
PrivateFrameworks/HealthDaemon : 59
PrivateFrameworks/HelpKit : 1481
PrivateFrameworks/Home : 54
PrivateFrameworks/HomeKit : 59
PrivateFrameworks/HomeRecommendationEngine : 54
PrivateFrameworks/HomeUI : 54
PrivateFrameworks/IMAssistantCore : 14
PrivateFrameworks/IMCore : 14
PrivateFrameworks/IMDPersistence : 14
PrivateFrameworks/IMSharedUI : 14
PrivateFrameworks/IMSharedUtilities : 14
PrivateFrameworks/IMTranscoding : 14
PrivateFrameworks/InAppMessages : 772
PrivateFrameworks/IntlPreferences : 132
PrivateFrameworks/JITAppKit : 1240
PrivateFrameworks/Jet : 415
PrivateFrameworks/JetEngine : 3
PrivateFrameworks/JetUI : 3
PrivateFrameworks/ManagedConfiguration : 470
PrivateFrameworks/MarkupUI : 108
PrivateFrameworks/MediaPlaybackCore : 27
PrivateFrameworks/MobileTimer : 938
PrivateFrameworks/MobileTimerUI : 938
PrivateFrameworks/NanoRegistry : 1036
PrivateFrameworks/NetAppsUtilitiesUI : 5474
PrivateFrameworks/NewsAds : 4
PrivateFrameworks/NewsAppKit : 4
PrivateFrameworks/NewsPersonalization : 4
PrivateFrameworks/OnBoardingKit : 178
PrivateFrameworks/PassKitServices : 94
PrivateFrameworks/PassKitUI : 49
PrivateFrameworks/PencilKit : 126
PrivateFrameworks/PersonaUI : 703
PrivateFrameworks/PodcastsUI : 105
PrivateFrameworks/PromotedContent : 199
PrivateFrameworks/PromotedContentProxy : 66
PrivateFrameworks/PromotedContentUI : 199
PrivateFrameworks/QuickLookThumbnailingExtension : 531
PrivateFrameworks/RTTUI : 148
PrivateFrameworks/RapportUI : 225
PrivateFrameworks/ScreenTimeUI : 179
PrivateFrameworks/SearchToShareCore : 799
PrivateFrameworks/Stocks : 1940
PrivateFrameworks/TSReading : 661
PrivateFrameworks/TSUtility : 661
PrivateFrameworks/TeaCharts : 10
PrivateFrameworks/TeaDB : 10
PrivateFrameworks/TeaFoundation : 10
PrivateFrameworks/TeaSettings : 10
PrivateFrameworks/TeaSnappy : 10
PrivateFrameworks/TeaTemplate : 10
PrivateFrameworks/TeaUI : 10
PrivateFrameworks/TeaUIKit : 10
PrivateFrameworks/TextInputUI : 330
PrivateFrameworks/TouchML : 1467
PrivateFrameworks/UIAccessibility : 78
PrivateFrameworks/UserNotificationsExtensionPoint : 162
PrivateFrameworks/VisualAlert : 78
PrivateFrameworks/VisualPairing : 1117
PrivateFrameworks/VoiceMemos : 637
PrivateFrameworks/VoiceOverServices : 78
PrivateFrameworks/VoiceShortcutClient : 224
PrivateFrameworks/VoiceShortcuts : 224
PrivateFrameworks/Weather : 326
PrivateFrameworks/WeatherCharts : 326
PrivateFrameworks/WeatherFoundation : 82
PrivateFrameworks/WorkflowEditor : 390
PrivateFrameworks/WorkflowKit : 224
PrivateFrameworks/WorkflowUI : 390
PrivateFrameworks/WorkflowUICore : 390
PrivateFrameworks/WorkflowUIServices : 214
PrivateFrameworks/XavierCore : 4
PrivateFrameworks/XavierNews : 4
PrivateFrameworks/ZoomServices : 78
