Applications/DB Browser for SQLite : 3.12.1
Applications/Developer : 832.1.2
Applications/Epic Games Launcher : 10.19.3
Applications/GarageBand : 5402
Applications/Google Chrome : 4240.198
Applications/Hopper Disassembler v4 : 4.6.2-demo
Applications/IINA : 125
Applications/Keka : 4179
Applications/Keynote : 7029.5.5
Applications/MacForge : 5933
Applications/Numbers : 7029.5.5
Applications/Pages : 7029.5.5
Applications/Plex Media Server : 1.20.4.3517
Applications/TotalFinder : 1.13.4
Applications/Visual Studio Code : 1.51.1
Applications/Xcode : 17535
Applications/cDock : 7780
Applications/iMazing : 14433
Applications/iMovie : 380212
Applications/iTerm : 3.4.0
Applications/mtgaprotracker : 2.1.12
Applications/zoom.us : 5.4.58740.1105
PrivateFrameworks/BridgeOSInstall : 365
PrivateFrameworks/BridgeOSInstallReporting : 365
PrivateFrameworks/OSInstaller : 395
PrivateFrameworks/OSUpdate : 6
PrivateFrameworks/SetupAssistantFramework : 71
PrivateFrameworks/SoftwareUpdate : 6
