Applications/AltServer : 40
Applications/Epic Games Launcher : 10.19.2
Applications/Gifski : 41
Applications/Google Chrome : 4240.183
Applications/Itsycal : 2043
Applications/Logi Options : 8.34.91
Applications/RunCat : 8.5.0
Applications/Safari : 16610.2.11.51.7
Applications/iTerm : 3.4.0beta12
Utilities/LogiMgr Uninstaller : 8.34.91
Applications/App Store : 1005.2.20
Applications/FindMy : 173.0.4
Applications/Mail : 3654.20.0.2.21
Applications/Maps : 2608.20.8.12.50
Applications/Music : 1.1.1
Applications/Notes : 1790
Applications/Photo Booth : 1127
Applications/TV : 1.1.1
Utilities/Boot Camp Assistant : 6272.50.1
Utilities/VoiceOver Utility : 761.2
Frameworks/AVFoundation : 22
Frameworks/ApplicationServices : 3620
Frameworks/Carbon : 4688
Frameworks/Cocoa : 16540
Frameworks/CoreImage : 2
Frameworks/CoreMIDI : 32
Frameworks/CoreMIDIServer : 32
Frameworks/CoreMediaIO : 1055
Frameworks/CoreServices : 4
Frameworks/GameController : 42
Frameworks/GameKit : 204
Frameworks/IOKit : 5
Frameworks/IOUSBHost : 4
Frameworks/InputMethodKit : 15
Frameworks/KernelManagement : 2
Frameworks/NetworkingDriverKit : 293
Frameworks/NotificationCenter : 2
Frameworks/OpenGL : 2
Frameworks/PCIDriverKit : 41
Frameworks/ParavirtualizedGraphics : 1853
Frameworks/PassKit : 179
Frameworks/Quartz : 1606
Frameworks/RealityKit : 21
Frameworks/System : 84
Frameworks/USBDriverKit : 4
Frameworks/_AuthenticationServices_SwiftUI : 2
Frameworks/_MapKit_SwiftUI : 472
Frameworks/_QuickLook_SwiftUI : 1355
Frameworks/_SceneKit_SwiftUI : 1765
Frameworks/_SpriteKit_SwiftUI : 4369
Frameworks/_StoreKit_SwiftUI : 78
Frameworks/iTunesLibrary : 2
PrivateFrameworks/AGXCompilerCore : 2
PrivateFrameworks/AGXGPURawCounter : 2
PrivateFrameworks/AMPDevices : 2
PrivateFrameworks/AMPLibrary : 2
PrivateFrameworks/AMPSharing : 2
PrivateFrameworks/APFS : 4
PrivateFrameworks/APTransport : 26
PrivateFrameworks/ASOctaneSupport : 2
PrivateFrameworks/AVConference : 17
PrivateFrameworks/AVFCapture : 2
PrivateFrameworks/AVFCore : 22
PrivateFrameworks/AVFoundationCF : 56
PrivateFrameworks/Admin : 33
PrivateFrameworks/AirPlayReceiver : 26
PrivateFrameworks/AirPlaySender : 26
PrivateFrameworks/AirPlaySupport : 26
PrivateFrameworks/AirPlaySync : 17
PrivateFrameworks/AnnotationKit : 101
PrivateFrameworks/AppStoreComponents : 65
PrivateFrameworks/AppStoreKit : 3
PrivateFrameworks/AppStoreUI : 2
PrivateFrameworks/AppleAppSupport : 1606
PrivateFrameworks/AppleFirmwareUpdate : 180
PrivateFrameworks/AppleHIDTransportSupport : 1369
PrivateFrameworks/AppleMediaServices : 2
PrivateFrameworks/AppleMediaServicesUIDynamic : 2
PrivateFrameworks/AppleNVMe : 565
PrivateFrameworks/ApplePDPHelper : 14103
PrivateFrameworks/BlastDoor : 1579
PrivateFrameworks/BridgeOSSoftwareUpdate : 3048
PrivateFrameworks/CMCapture : 2
PrivateFrameworks/CMCaptureCore : 2
PrivateFrameworks/CPMS : 309
PrivateFrameworks/CSCSupport : 171
PrivateFrameworks/CalendarWidget : 682
PrivateFrameworks/ChronoUIServices : 2
PrivateFrameworks/CommerceKit : 2
PrivateFrameworks/ContactsUICore : 48
PrivateFrameworks/ControlCenter : 22
PrivateFrameworks/ConversationKit : 297
PrivateFrameworks/CoreAnalytics : 1661
PrivateFrameworks/CoreAutoLayout : 28
PrivateFrameworks/CoreBrightness : 100
PrivateFrameworks/CoreCapture : 1668
PrivateFrameworks/CoreCaptureControl : 1668
PrivateFrameworks/CoreCaptureDaemon : 1668
PrivateFrameworks/CoreHapticsTools : 8389
PrivateFrameworks/CoreKDL : 2671
PrivateFrameworks/CoreKE : 31
PrivateFrameworks/CoreUARP : 180
PrivateFrameworks/CreateML : 348
PrivateFrameworks/DFRBrightness : 100
PrivateFrameworks/DesktopServicesPriv : 9
PrivateFrameworks/DeviceIdentity : 695
PrivateFrameworks/DiagnosticExtensionsDaemon : 2
PrivateFrameworks/DiskImages2 : 3003
PrivateFrameworks/DrawingKit : 101
PrivateFrameworks/DynamicDesktop : 6
PrivateFrameworks/EAFirmwareUpdater : 180
PrivateFrameworks/EmbeddedOSInstall : 1940
PrivateFrameworks/FWAVC : 1055
PrivateFrameworks/FindMyDevice : 2
PrivateFrameworks/FoundationODR : 2
PrivateFrameworks/FuseBoardServices : 9
PrivateFrameworks/GPUSupport : 2
PrivateFrameworks/GameCenterFoundation : 204
PrivateFrameworks/GameCenterUI : 204
PrivateFrameworks/GameCenterUICore : 204
PrivateFrameworks/GameKitServices : 17
PrivateFrameworks/H10ISPServices : 357
PrivateFrameworks/IASUtilities : 34
PrivateFrameworks/IMCorePipeline : 11
PrivateFrameworks/IMSharedUI : 11
PrivateFrameworks/IOCEC : 20500
PrivateFrameworks/IOGPU : 620
PrivateFrameworks/IOImageLoader : 3076
PrivateFrameworks/IOMobileFramebuffer : 6
PrivateFrameworks/IOPlatformPluginFamily : 1135
PrivateFrameworks/IOSurfaceAccelerator : 549
PrivateFrameworks/JetEngine : 2
PrivateFrameworks/JetUI : 2
PrivateFrameworks/KnowledgeGraphKit : 23
PrivateFrameworks/MSUDataAccessor : 16
PrivateFrameworks/MapsSuggestions : 2
PrivateFrameworks/MapsSupport : 2
PrivateFrameworks/MarkupUI : 101
PrivateFrameworks/MediaControlSender : 26
PrivateFrameworks/MediaFoundation : 6439
PrivateFrameworks/MediaMiningKit : 23
PrivateFrameworks/MessagesBlastDoorSupport : 1579
PrivateFrameworks/MessagesHelperKit : 11
PrivateFrameworks/MessagesKit : 11
PrivateFrameworks/MiniSoftwareUpdate : 286
PrivateFrameworks/MobileAccessoryUpdater : 180
PrivateFrameworks/MobileActivationMacOS : 695
PrivateFrameworks/MobileAssetUpdater : 180
PrivateFrameworks/MobileDevice : 573
PrivateFrameworks/MobileSoftwareUpdate : 12
PrivateFrameworks/MobileStorage : 1073
PrivateFrameworks/MultiverseSupport : 818
PrivateFrameworks/NearField : 160
PrivateFrameworks/NotificationCenterUI : 2
PrivateFrameworks/OSInstaller : 318
PrivateFrameworks/OSPersonalization : 896
PrivateFrameworks/PackageKit : 2
PrivateFrameworks/PassKitMacHelper : 92
PrivateFrameworks/PhotoAnalysis : 23
PrivateFrameworks/PhotosGraph : 23
PrivateFrameworks/PhotosUIApps : 23
PrivateFrameworks/RemindersUICore : 471
PrivateFrameworks/ScreenReader : 7
PrivateFrameworks/ScreenReaderCore : 7
PrivateFrameworks/SetupAssistantFramework : 31
PrivateFrameworks/ShoveService : 2
PrivateFrameworks/SiriFoundation : 36
PrivateFrameworks/SiriUI : 36
PrivateFrameworks/SocialAppsCore : 11
PrivateFrameworks/SocialUI : 11
PrivateFrameworks/SoftwareUpdateCore : 12
PrivateFrameworks/SoftwareUpdateCoreConnect : 12
PrivateFrameworks/SoftwareUpdateCoreSupport : 12
PrivateFrameworks/SoftwareUpdateMacController : 86
PrivateFrameworks/StorageKit : 729
PrivateFrameworks/StoreFoundation : 2
PrivateFrameworks/StoreJavaScript : 2
PrivateFrameworks/StoreUI : 2
PrivateFrameworks/SystemAdministration : 33
PrivateFrameworks/SystemDesktopAppearance : 9
PrivateFrameworks/UARPiCloud : 180
PrivateFrameworks/UIKitServices : 2
PrivateFrameworks/WebContentAnalysis : 1570
PrivateFrameworks/WebFilterDNS : 1570
PrivateFrameworks/XARTRecovery : 227
PrivateFrameworks/acfsSupport : 10
PrivateFrameworks/apfs_boot_mount : 4
PrivateFrameworks/nt : 24
CoreServices/AirPlayUIAgent : 527.1
CoreServices/ControlCenter : 140
CoreServices/CoreLocationAgent : 2420.8.10.3.1
CoreServices/Dock : 2092
CoreServices/Install in Progress : 1028.1
CoreServices/Installer Progress : 592
CoreServices/Language Chooser : 622
CoreServices/NotificationCenter : 1108.10.3
CoreServices/Setup Assistant : 3054
CoreServices/Siri : 201.1.13
CoreServices/Software Update : 1412.1
CoreServices/Spotlight : 2149.9
CoreServices/UIKitSystem : 235
CoreServices/UniversalAccessControl : 535
CoreServices/VoiceOver : 761.2
Frameworks/AVKit : 10
Frameworks/AssetsLibrary : 24
Frameworks/CoreAudioKit : 39
Frameworks/Messages : 11
Frameworks/MobileCoreServices : 4
Frameworks/OpenGLES : 4
Frameworks/PassKit : 92
Frameworks/PhotosUI : 24
Frameworks/RealityKit : 27
Frameworks/WidgetKit : 2
Frameworks/_AVKit_SwiftUI : 11
Frameworks/_AuthenticationServices_SwiftUI : 2
Frameworks/_MapKit_SwiftUI : 490
Frameworks/_SceneKit_SwiftUI : 524
Frameworks/_SpriteKit_SwiftUI : 535
PrivateFrameworks/AVKitMacHelper : 10
PrivateFrameworks/ActionKitUI : 387
PrivateFrameworks/AppleMediaServicesUI : 2
PrivateFrameworks/AppleMediaServicesUIDynamic : 2
PrivateFrameworks/ChatKit : 11
PrivateFrameworks/ChronoKit : 2
PrivateFrameworks/GameCenterUI : 170
PrivateFrameworks/IMSharedUI : 11
PrivateFrameworks/JetEngine : 2
PrivateFrameworks/JetUI : 2
PrivateFrameworks/NewsAds : 25
PrivateFrameworks/NewsAnalytics : 25
PrivateFrameworks/NewsAppKit : 25
PrivateFrameworks/NewsArticles : 25
PrivateFrameworks/NewsFeed : 25
PrivateFrameworks/NewsPersonalization : 25
PrivateFrameworks/NewsSubscription : 25
PrivateFrameworks/NewsUI2 : 25
PrivateFrameworks/PhotoLibrary : 24
PrivateFrameworks/PhotosPlayer : 24
PrivateFrameworks/PhotosUICore : 24
PrivateFrameworks/PromotedContent : 185
PrivateFrameworks/PromotedContentUI : 185
PrivateFrameworks/TeaSnappy : 9
PrivateFrameworks/TeaUIKit : 9
PrivateFrameworks/Weather : 325
PrivateFrameworks/WeatherCharts : 325
PrivateFrameworks/WorkflowEditor : 387
PrivateFrameworks/WorkflowUI : 387
PrivateFrameworks/WorkflowUICore : 387
PrivateFrameworks/XavierCore : 25
PrivateFrameworks/XavierNews : 25
