Applications/AppCleaner : 3955
Applications/Bartender 4 : 40016
Applications/Developer : 831.2.6
Applications/Epic Games Launcher : 10.19.0
Applications/Google Chrome : 4240.111
Applications/IINA : 123
Applications/Logi Options : 8.30.293
Applications/MonitorControl : 721
Applications/Parallels Toolbox : 3674
Applications/Safari : 16610.2.11.51.4
Applications/Suspicious Package : 736
Applications/TotalFinder : 1.13.3
Applications/TotalSpaces2 : 2.9.3
Applications/Turtle Beach : 37
Applications/Xcode : 17222
Utilities/LogiMgr Uninstaller : 8.30.293
Applications/App Store : 1005.2.17
Applications/Books : 2173
Applications/FindMy : 173.0.3
Applications/Home : 462.2.19.4
Applications/Mail : 3654.20.0.2.1
Applications/Maps : 2608.20.8.12.49
Applications/News : 2635.5
Applications/Notes : 1778
Applications/Photos : 311.0.130
Applications/Podcasts : 1520.39.1
Applications/QuickTime Player : 1084.4.1
Applications/Reminders : 2185
Applications/Stocks : 679
Utilities/Bluetooth File Exchange : 8.0.1f5
Utilities/ColorSync Utility : 337
Utilities/VoiceOver Utility : 761.1
Frameworks/AGL : 1857
Frameworks/AVFoundation : 117
Frameworks/AVKit : 10
Frameworks/Accelerate : 868
Frameworks/Accessibility : 89
Frameworks/Accounts : 324
Frameworks/AdSupport : 192
Frameworks/AddressBook : 369
Frameworks/AppKit : 7
Frameworks/AppTrackingTransparency : 192
Frameworks/AppleScriptKit : 1555
Frameworks/AppleScriptObjC : 577
Frameworks/ApplicationServices : 3506
Frameworks/AudioUnit : 5
Frameworks/AudioVideoBridging : 143
Frameworks/AutomaticAssessmentConfiguration : 303
Frameworks/Automator : 170
Frameworks/BackgroundTasks : 254
Frameworks/BusinessChat : 84
Frameworks/CalendarStore : 542
Frameworks/CallKit : 86
Frameworks/Carbon : 4584
Frameworks/ClassKit : 93
Frameworks/CloudKit : 243
Frameworks/Cocoa : 16424
Frameworks/Collaboration : 831
Frameworks/ColorSync : 564
Frameworks/Combine : 975
Frameworks/Contacts : 94
Frameworks/ContactsUI : 225
Frameworks/CoreAudio : 300
Frameworks/CoreAudioKit : 75
Frameworks/CoreAudioTypes : 5
Frameworks/CoreBluetooth : 123
Frameworks/CoreData : 83
Frameworks/CoreDisplay : 33
Frameworks/CoreFoundation : 225
Frameworks/CoreGraphics : 426
Frameworks/CoreHaptics : 1382
Frameworks/CoreImage : 209
Frameworks/CoreLocation : 45
Frameworks/CoreMIDI : 488
Frameworks/CoreMIDIServer : 488
Frameworks/CoreML : 284
Frameworks/CoreMediaIO : 947
Frameworks/CoreMotion : 45
Frameworks/CoreServices : 18
Frameworks/CoreTelephony : 89
Frameworks/CoreText : 449
Frameworks/CoreVideo : 474
Frameworks/CoreWLAN : 120
Frameworks/CryptoKit : 1676
Frameworks/CryptoTokenKit : 31
Frameworks/DVDPlayback : 35
Frameworks/DeveloperToolsSupport : 1435
Frameworks/DeviceCheck : 701
Frameworks/DirectoryService : 373
Frameworks/DiscRecording : 1023
Frameworks/DiscRecordingUI : 1023
Frameworks/DiskArbitration : 279
Frameworks/DriverKit : 173
Frameworks/EventKit : 391
Frameworks/ExceptionHandling : 1055
Frameworks/ExecutionPolicy : 15
Frameworks/ExternalAccessory : 279
Frameworks/FWAUserLib : 575
Frameworks/FileProvider : 103
Frameworks/FileProviderUI : 1021
Frameworks/FinderSync : 16
Frameworks/ForceFeedback : 5093
Frameworks/Foundation : 245
Frameworks/GLKit : 2164
Frameworks/GLUT : 968
Frameworks/GSS : 356
Frameworks/GameController : 38
Frameworks/GameKit : 168
Frameworks/GameplayKit : 1096
Frameworks/HIDDriverKit : 134
Frameworks/Hypervisor : 34
Frameworks/ICADevices : 131
Frameworks/IMServicePlugIn : 40
Frameworks/IOBluetooth : 18
Frameworks/IOKit : 236
Frameworks/IOSurface : 76
Frameworks/IOUSBHost : 83
Frameworks/IdentityLookup : 86
Frameworks/ImageCaptureCore : 131
Frameworks/InputMethodKit : 506
Frameworks/InstallerPlugins : 155
Frameworks/InstantMessage : 12316
Frameworks/Intents : 154
Frameworks/JavaNativeFoundation : 834
Frameworks/JavaRuntimeSupport : 513
Frameworks/JavaVM : 693
Frameworks/Kerberos : 836
Frameworks/KernelManagement : 3
Frameworks/LDAP : 691
Frameworks/LatentSemanticMapping : 294
Frameworks/LinkPresentation : 837
Frameworks/LocalAuthentication : 128
Frameworks/MLCompute : 11
Frameworks/MapKit : 161
Frameworks/MediaAccessibility : 1896
Frameworks/MediaLibrary : 589
Frameworks/Message : 13890
Frameworks/Metal : 42
Frameworks/MetalKit : 5674
Frameworks/MetalPerformanceShaders : 192
Frameworks/MetalPerformanceShadersGraph : 391
Frameworks/MetricKit : 3005
Frameworks/ModelIO : 844
Frameworks/MultipeerConnectivity : 289
Frameworks/NaturalLanguage : 1419
Frameworks/NearbyInteraction : 236
Frameworks/NetFS : 69
Frameworks/Network : 71
Frameworks/NetworkExtension : 33
Frameworks/NetworkingDriverKit : 280
Frameworks/NotificationCenter : 59
Frameworks/OSAKit : 785
Frameworks/OSLog : 13
Frameworks/OpenAL : 256
Frameworks/OpenCL : 471
Frameworks/OpenDirectory : 373
Frameworks/OpenGL : 68
Frameworks/PCIDriverKit : 34
Frameworks/PCSC : 15
Frameworks/PDFKit : 41
Frameworks/ParavirtualizedGraphics : 1842
Frameworks/PassKit : 151
Frameworks/PencilKit : 140
Frameworks/Photos : 8
Frameworks/PreferencePanes : 431
Frameworks/PushKit : 2757
Frameworks/QTKit : 2915
Frameworks/Quartz : 1487
Frameworks/QuartzCore : 22
Frameworks/QuickLook : 588
Frameworks/QuickLookThumbnailing : 420
Frameworks/RealityKit : 11
Frameworks/ReplayKit : 562
Frameworks/Ruby : 401
Frameworks/SceneKit : 568
Frameworks/ScreenSaver : 179
Frameworks/ScreenTime : 193
Frameworks/ScriptingBridge : 1093
Frameworks/Security : 73
Frameworks/SecurityFoundation : 605
Frameworks/SecurityInterface : 481
Frameworks/SensorKit : 44
Frameworks/ServiceManagement : 139
Frameworks/Social : 242
Frameworks/SoundAnalysis : 2522
Frameworks/Speech : 107
Frameworks/SpriteKit : 1636
Frameworks/StoreKit : 26
Frameworks/SwiftUI : 96
Frameworks/SyncServices : 330
Frameworks/System : 79
Frameworks/SystemConfiguration : 394
Frameworks/SystemExtensions : 77
Frameworks/TWAIN : 1141
Frameworks/Tcl : 306
Frameworks/Tk : 306
Frameworks/USBDriverKit : 83
Frameworks/UniformTypeIdentifiers : 34
Frameworks/UserNotifications : 251
Frameworks/UserNotificationsUI : 101
Frameworks/VideoDecodeAcceleration : 6410
Frameworks/VideoSubscriberAccount : 54
Frameworks/Virtualization : 49
Frameworks/Vision : 198
Frameworks/WidgetKit : 109
Frameworks/_AuthenticationServices_SwiftUI : 4
Frameworks/_MapKit_SwiftUI : 388
Frameworks/_QuickLook_SwiftUI : 1231
Frameworks/_SceneKit_SwiftUI : 1345
Frameworks/_SpriteKit_SwiftUI : 4208
Frameworks/_StoreKit_SwiftUI : 40
Frameworks/iTunesLibrary : 68
Frameworks/vecLib : 868
Frameworks/vmnet : 187
PrivateFrameworks/AACCore : 111
PrivateFrameworks/ACDEClient : 562
PrivateFrameworks/AFKUser : 21
PrivateFrameworks/AMPDevices : 71
PrivateFrameworks/AMPLibrary : 75
PrivateFrameworks/AMPSharing : 64
PrivateFrameworks/ANECompiler : 970
PrivateFrameworks/ANEHostCompiler : 965
PrivateFrameworks/ANEServices : 16
PrivateFrameworks/AOSAccounts : 1073
PrivateFrameworks/AOSAccountsLite : 1073
PrivateFrameworks/AOSKit : 125
PrivateFrameworks/AOSUI : 184
PrivateFrameworks/APFS : 21
PrivateFrameworks/APTransport : 174
PrivateFrameworks/ASEProcessing : 308
PrivateFrameworks/ASOctaneSupport : 39
PrivateFrameworks/AVConference : 216
PrivateFrameworks/AVFCapture : 14
PrivateFrameworks/AVFCore : 104
PrivateFrameworks/AVFoundationCF : 50
PrivateFrameworks/AXAssetLoader : 50
PrivateFrameworks/AXCoreUtilities : 50
PrivateFrameworks/AXHearingCoreSupport : 5682
PrivateFrameworks/AXHearingSupport : 5682
PrivateFrameworks/AXMediaUtilities : 1307
PrivateFrameworks/AXRuntime : 50
PrivateFrameworks/AccessibilityPerformance : 140
PrivateFrameworks/AccessibilityPlatformTranslation : 89
PrivateFrameworks/AccessibilitySharedSupport : 89
PrivateFrameworks/AccessibilitySupport : 140
PrivateFrameworks/AccessoryNowPlaying : 228
PrivateFrameworks/AccountPolicy : 351
PrivateFrameworks/AccountsDaemon : 324
PrivateFrameworks/AccountsUI : 263
PrivateFrameworks/ActionKit : 658
PrivateFrameworks/AdAnalytics : 357
PrivateFrameworks/AdCore : 19
PrivateFrameworks/AdID : 19
PrivateFrameworks/AdPlatforms : 19
PrivateFrameworks/AdPlatformsCommon : 61
PrivateFrameworks/AdPlatformsInternal : 19
PrivateFrameworks/AddressBookAutocomplete : 225
PrivateFrameworks/AddressBookCore : 369
PrivateFrameworks/Admin : 142
PrivateFrameworks/AggregateDictionary : 966
PrivateFrameworks/AggregateDictionaryHistory : 966
PrivateFrameworks/AirPlayReceiver : 116
PrivateFrameworks/AirPlaySender : 116
PrivateFrameworks/AirPlaySupport : 174
PrivateFrameworks/AirTrafficHost : 195
PrivateFrameworks/AlgosScoreFramework : 186
PrivateFrameworks/AmbientDisplay : 490
PrivateFrameworks/AnnotationKit : 544
PrivateFrameworks/AppAttestInternal : 701
PrivateFrameworks/AppContainer : 91
PrivateFrameworks/AppSSO : 154
PrivateFrameworks/AppSSOCore : 154
PrivateFrameworks/AppSSOKerberos : 154
PrivateFrameworks/AppSSOUI : 154
PrivateFrameworks/AppSandbox : 91
PrivateFrameworks/AppServerSupport : 139
PrivateFrameworks/AppStoreComponents : 37
PrivateFrameworks/AppStoreDaemon : 17
PrivateFrameworks/AppStoreFoundation : 17
PrivateFrameworks/AppStoreKit : 65
PrivateFrameworks/AppStoreUI : 35
PrivateFrameworks/AppSupport : 112
PrivateFrameworks/AppSupportUI : 3497
PrivateFrameworks/Apple80211 : 127
PrivateFrameworks/AppleAccount : 280
PrivateFrameworks/AppleAppSupport : 1487
PrivateFrameworks/AppleCVA : 159
PrivateFrameworks/AppleFSCompression : 8993
PrivateFrameworks/AppleFirmwareUpdate : 144
PrivateFrameworks/AppleGVA : 62
PrivateFrameworks/AppleGVACore : 62
PrivateFrameworks/AppleHIDTransportSupport : 1219
PrivateFrameworks/AppleIDAuthSupport : 2133
PrivateFrameworks/AppleIDSSOAuthentication : 1716
PrivateFrameworks/AppleJPEG : 216
PrivateFrameworks/AppleLDAP : 1951
PrivateFrameworks/AppleLOM : 64
PrivateFrameworks/AppleMediaServices : 14
PrivateFrameworks/AppleMediaServicesUI : 18
PrivateFrameworks/AppleMediaServicesUIDynamic : 62
PrivateFrameworks/AppleNVMe : 505
PrivateFrameworks/AppleNeuralEngine : 464
PrivateFrameworks/ApplePDPHelper : 13878
PrivateFrameworks/ApplePushService : 840
PrivateFrameworks/AppleSRP : 14627
PrivateFrameworks/AppleSauce : 2102
PrivateFrameworks/AppleScript : 259
PrivateFrameworks/AppleServiceToolkit : 269
PrivateFrameworks/AppleShareClientCore : 747
PrivateFrameworks/AppleSystemInfo : 96
PrivateFrameworks/AppleVA : 551
PrivateFrameworks/AppleVPA : 63
PrivateFrameworks/AskPermission : 758
PrivateFrameworks/AssertionServices : 773
PrivateFrameworks/AssetCacheServices : 541
PrivateFrameworks/AssetCacheServicesExtensions : 541
PrivateFrameworks/AssetViewer : 259
PrivateFrameworks/AssetsLibraryServices : 8
PrivateFrameworks/AssistantServices : 35
PrivateFrameworks/AssistiveControlSupport : 24
PrivateFrameworks/AttributeGraph : 1177
PrivateFrameworks/AudioAnalytics : 615
PrivateFrameworks/AudioDSPManager : 689
PrivateFrameworks/AudioHistory : 689
PrivateFrameworks/AudioPasscode : 800
PrivateFrameworks/AudioResourceArbitration : 393
PrivateFrameworks/AudioServerApplication : 190
PrivateFrameworks/AudioServerDriver : 190
PrivateFrameworks/AudioSession : 568
PrivateFrameworks/AudioTransportCommon : 2528
PrivateFrameworks/AuthKit : 123
PrivateFrameworks/AuthKitUI : 115
PrivateFrameworks/AutoBugCaptureCore : 1530
PrivateFrameworks/AutoLoop : 4600
PrivateFrameworks/BackBoardServices : 134
PrivateFrameworks/BackgroundTaskManagement : 111
PrivateFrameworks/Backup : 16
PrivateFrameworks/BaseBoard : 1101
PrivateFrameworks/BatteryUIKit : 568
PrivateFrameworks/BehaviorMiner : 501
PrivateFrameworks/BezelServices : 1043
PrivateFrameworks/BioKitAggD : 13300
PrivateFrameworks/BiomeFoundation : 743
PrivateFrameworks/BiomePubSub : 743
PrivateFrameworks/BiomeStorage : 743
PrivateFrameworks/BiomeStreams : 743
PrivateFrameworks/BiometricKit : 631
PrivateFrameworks/BiometricSupport : 436
PrivateFrameworks/BlastDoor : 1472
PrivateFrameworks/BluetoothManager : 123
PrivateFrameworks/BluetoothServices : 18
PrivateFrameworks/BoardServices : 1101
PrivateFrameworks/Bom : 428
PrivateFrameworks/BookCoverUtility : 508
PrivateFrameworks/BookKit : 508
PrivateFrameworks/BookKitFoundation : 508
PrivateFrameworks/BookUtility : 508
PrivateFrameworks/Bootability : 91
PrivateFrameworks/BridgeOSInstall : 150
PrivateFrameworks/BridgeOSInstallReporting : 150
PrivateFrameworks/BridgeOSObliteration : 41
PrivateFrameworks/BridgeOSSoftwareUpdate : 2849
PrivateFrameworks/BridgeXPC : 4801
PrivateFrameworks/BulkSymbolication : 1015
PrivateFrameworks/ByteRangeLocking : 4029
PrivateFrameworks/C2 : 1401
PrivateFrameworks/CDDataAccess : 72
PrivateFrameworks/CDDataAccessExpress : 72
PrivateFrameworks/CMCapture : 11
PrivateFrameworks/CMCaptureCore : 11
PrivateFrameworks/CPAnalytics : 8
PrivateFrameworks/CPMLBestShim : 5172
PrivateFrameworks/CPMS : 290
PrivateFrameworks/CSCSupport : 4
PrivateFrameworks/CVNLP : 706
PrivateFrameworks/CacheDelete : 74
PrivateFrameworks/CalDAV : 551
PrivateFrameworks/Calculate : 393
PrivateFrameworks/CalendarAgent : 202
PrivateFrameworks/CalendarAgentLink : 421
PrivateFrameworks/CalendarDraw : 448
PrivateFrameworks/CalendarFoundation : 147
PrivateFrameworks/CalendarPersistence : 210
PrivateFrameworks/CalendarUI : 149
PrivateFrameworks/CalendarUIKit : 215
PrivateFrameworks/CalendarWidget : 527
PrivateFrameworks/CallHistory : 122
PrivateFrameworks/CameraImagingFramework : 6249
PrivateFrameworks/CaptiveNetwork : 403
PrivateFrameworks/CardKit : 137
PrivateFrameworks/CardServices : 137
PrivateFrameworks/Cards : 137
PrivateFrameworks/Catalyst : 4082
PrivateFrameworks/Categories : 1054
PrivateFrameworks/CharacterPicker : 109
PrivateFrameworks/ChronoKit : 109
PrivateFrameworks/ChronoServices : 109
PrivateFrameworks/ChronoUIServices : 70
PrivateFrameworks/ChunkingLibrary : 2302
PrivateFrameworks/ClassKit : 93
PrivateFrameworks/ClassKitUI : 93
PrivateFrameworks/ClassroomKit : 153
PrivateFrameworks/ClockMenuExtraPreferences : 404
PrivateFrameworks/CloudDocs : 38
PrivateFrameworks/CloudDocsDaemon : 40
PrivateFrameworks/CloudFamilyRestrictions : 607
PrivateFrameworks/CloudFamilyRestrictionsDaemon : 607
PrivateFrameworks/CloudKitCode : 573
PrivateFrameworks/CloudKitCodeProtobuf : 573
PrivateFrameworks/CloudKitDaemon : 256
PrivateFrameworks/CloudPhotoLibrary : 8
PrivateFrameworks/CloudPhotoServices : 8
PrivateFrameworks/CloudPhotoServicesConfiguration : 8
PrivateFrameworks/CloudServices : 285
PrivateFrameworks/Coherence : 5357
PrivateFrameworks/CombineCocoa : 975
PrivateFrameworks/CommerceKit : 35
PrivateFrameworks/CommonAuth : 356
PrivateFrameworks/CommonUtilities : 8115
PrivateFrameworks/CommunicationsFilter : 4282
PrivateFrameworks/ConditionInducer : 1551
PrivateFrameworks/ConfigProfileHelper : 181
PrivateFrameworks/ConfigurationEngineModel : 1445
PrivateFrameworks/ConfigurationProfiles : 181
PrivateFrameworks/ConfigurationProfilesUI : 119
PrivateFrameworks/ConsoleKit : 147
PrivateFrameworks/ConstantClasses : 712
PrivateFrameworks/ContactsAgent : 747
PrivateFrameworks/ContactsAssistantServices : 1151
PrivateFrameworks/ContactsAutocomplete : 492
PrivateFrameworks/ContactsAutocompleteUI : 225
PrivateFrameworks/ContactsDonation : 269
PrivateFrameworks/ContactsDonationFeedback : 269
PrivateFrameworks/ContactsFoundation : 456
PrivateFrameworks/ContactsPersistence : 92
PrivateFrameworks/ContactsUICore : 367
PrivateFrameworks/ContactsUIMacHelper : 225
PrivateFrameworks/ContentKit : 658
PrivateFrameworks/ContextKit : 739
PrivateFrameworks/ContextKitExtraction : 723
PrivateFrameworks/ControlCenter : 41
PrivateFrameworks/ConversationKit : 225
PrivateFrameworks/CoreADI : 147
PrivateFrameworks/CoreAUC : 11
PrivateFrameworks/CoreAVCHD : 4287
PrivateFrameworks/CoreAccessories : 228
PrivateFrameworks/CoreAnalytics : 1448
PrivateFrameworks/CoreAppleCVA : 682
PrivateFrameworks/CoreAutoLayout : 64
PrivateFrameworks/CoreBrightness : 77
PrivateFrameworks/CoreCDP : 926
PrivateFrameworks/CoreCDPInternal : 926
PrivateFrameworks/CoreCDPUI : 926
PrivateFrameworks/CoreCapture : 1556
PrivateFrameworks/CoreCaptureControl : 1556
PrivateFrameworks/CoreCaptureDaemon : 1556
PrivateFrameworks/CoreChart : 406
PrivateFrameworks/CoreChineseEngine : 338
PrivateFrameworks/CoreDAV : 547
PrivateFrameworks/CoreDaemon : 925
PrivateFrameworks/CoreDuet : 391
PrivateFrameworks/CoreDuetContext : 391
PrivateFrameworks/CoreDuetDaemonProtocol : 391
PrivateFrameworks/CoreDuetDataModel : 391
PrivateFrameworks/CoreDuetDebugLogging : 391
PrivateFrameworks/CoreDuetStatistics : 391
PrivateFrameworks/CoreDuetSync : 391
PrivateFrameworks/CoreEmoji : 472
PrivateFrameworks/CoreFP : 89
PrivateFrameworks/CoreFollowUp : 295
PrivateFrameworks/CoreFollowUpUI : 295
PrivateFrameworks/CoreHAP : 187
PrivateFrameworks/CoreHandwriting : 985
PrivateFrameworks/CoreHapticsTools : 8099
PrivateFrameworks/CoreJapaneseEngine : 325
PrivateFrameworks/CoreKDL : 2493
PrivateFrameworks/CoreKE : 79
PrivateFrameworks/CoreKnowledge : 1801
PrivateFrameworks/CoreLSKD : 66
PrivateFrameworks/CoreLSKDMSE : 1008
PrivateFrameworks/CoreLocationProtobuf : 417
PrivateFrameworks/CoreMLTestFramework : 162
PrivateFrameworks/CoreMaterial : 45
PrivateFrameworks/CoreMediaStream : 8
PrivateFrameworks/CoreNLP : 1395
PrivateFrameworks/CoreNameParser : 3319
PrivateFrameworks/CoreNavigation : 1158
PrivateFrameworks/CoreOptimization : 5172
PrivateFrameworks/CorePDF : 1928
PrivateFrameworks/CoreParsec : 71
PrivateFrameworks/CorePhoneNumbers : 86
PrivateFrameworks/CorePrediction : 5172
PrivateFrameworks/CoreRC : 1511
PrivateFrameworks/CoreRecents : 458
PrivateFrameworks/CoreRecognition : 1200
PrivateFrameworks/CoreRoutine : 2796
PrivateFrameworks/CoreSDB : 485
PrivateFrameworks/CoreSVG : 1076
PrivateFrameworks/CoreServicesInternal : 156
PrivateFrameworks/CoreSpeech : 284
PrivateFrameworks/CoreSuggestions : 142
PrivateFrameworks/CoreSuggestionsInternals : 142
PrivateFrameworks/CoreSuggestionsML : 142
PrivateFrameworks/CoreSuggestionsUI : 142
PrivateFrameworks/CoreSymbolication : 615
PrivateFrameworks/CoreThemeDefinition : 906
PrivateFrameworks/CoreTime : 426
PrivateFrameworks/CoreUARP : 144
PrivateFrameworks/CoreUI : 13
PrivateFrameworks/CoreUtils : 13
PrivateFrameworks/CoreUtilsSwift : 7248
PrivateFrameworks/CrashReporterSupport : 12
PrivateFrameworks/CreateML : 254
PrivateFrameworks/CryptoKitCBridging : 1676
PrivateFrameworks/CryptoKitPrivate : 1676
PrivateFrameworks/DAAPKit : 2570
PrivateFrameworks/DASDaemon : 254
PrivateFrameworks/DCERPC : 992
PrivateFrameworks/DCIMServices : 8
PrivateFrameworks/DFRBrightness : 77
PrivateFrameworks/DFRDisplay : 467
PrivateFrameworks/DFRFoundation : 47
PrivateFrameworks/DSExternalDisplay : 1046
PrivateFrameworks/DTXConnectionServices : 683
PrivateFrameworks/DVD : 15755
PrivateFrameworks/DataDeliveryServices : 866
PrivateFrameworks/DataDetectors : 460
PrivateFrameworks/DataDetectorsCore : 1097
PrivateFrameworks/DataDetectorsNaturalLanguage : 2562
PrivateFrameworks/DebugSymbols : 466
PrivateFrameworks/DesktopServicesPriv : 210
PrivateFrameworks/DeviceCheckInternal : 701
PrivateFrameworks/DeviceIdentity : 661
PrivateFrameworks/DeviceLink : 1753
PrivateFrameworks/DeviceManagement : 1445
PrivateFrameworks/DeviceToDeviceManager : 14981
PrivateFrameworks/DiagnosticExtensions : 1659
PrivateFrameworks/DiagnosticExtensionsDaemon : 929
PrivateFrameworks/DiagnosticLogCollection : 458
PrivateFrameworks/DiagnosticRequest : 1281
PrivateFrameworks/DiagnosticRequestService : 1530
PrivateFrameworks/DiagnosticsKit : 1219
PrivateFrameworks/DialogEngine : 108
PrivateFrameworks/DifferentialPrivacy : 10
PrivateFrameworks/DigitalTouchShared : 407
PrivateFrameworks/DirectoryEditor : 1032
PrivateFrameworks/DirectoryServer : 12307
PrivateFrameworks/DiskImages : 353
PrivateFrameworks/DiskImages2 : 2826
PrivateFrameworks/DiskManagement : 102
PrivateFrameworks/DiskSpaceDiagnostics : 426
PrivateFrameworks/DisplayServices : 1234
PrivateFrameworks/DisplayTransportServices : 3076
PrivateFrameworks/DistributedEvaluation : 1777
PrivateFrameworks/DocumentCamera : 4151
PrivateFrameworks/DrawingKit : 544
PrivateFrameworks/DuetActivityScheduler : 254
PrivateFrameworks/DuetRecommendation : 391
PrivateFrameworks/DynamicDesktop : 181
PrivateFrameworks/EAFirmwareUpdater : 144
PrivateFrameworks/EAP8021X : 632
PrivateFrameworks/EFILogin : 137
PrivateFrameworks/EasyConfig : 13
PrivateFrameworks/EmbeddedAcousticRecognition : 49
PrivateFrameworks/EmbeddedOSInstall : 1739
PrivateFrameworks/EmbeddedOSSupportHost : 907
PrivateFrameworks/EmbeddedSensingProtocols : 1739
PrivateFrameworks/EmojiFoundation : 382
PrivateFrameworks/Engram : 458
PrivateFrameworks/Espresso : 630
PrivateFrameworks/ExchangeSync : 336
PrivateFrameworks/ExchangeWebServices : 557
PrivateFrameworks/ExpansionSlotSupport : 193
PrivateFrameworks/ExtensionFoundation : 102
PrivateFrameworks/ExtensionKit : 102
PrivateFrameworks/FMClient : 9018
PrivateFrameworks/FMCore : 1036
PrivateFrameworks/FMCoreLite : 1036
PrivateFrameworks/FMCoreUI : 625
PrivateFrameworks/FMF : 1037
PrivateFrameworks/FMFCore : 20
PrivateFrameworks/FMFUI : 1037
PrivateFrameworks/FMIPCore : 20
PrivateFrameworks/FMNetworking : 141
PrivateFrameworks/FTAWD : 458
PrivateFrameworks/FTClientServices : 95
PrivateFrameworks/FTServices : 95
PrivateFrameworks/FWAVC : 947
PrivateFrameworks/FaceCore : 593
PrivateFrameworks/FamilyControls : 655
PrivateFrameworks/FeatureFlags : 1552
PrivateFrameworks/FeatureFlagsSupport : 1552
PrivateFrameworks/FeedbackLogger : 710
PrivateFrameworks/FileProvider : 103
PrivateFrameworks/FileProviderDaemon : 104
PrivateFrameworks/FilesActionsUI : 1021
PrivateFrameworks/FindMyDevice : 30
PrivateFrameworks/FindMyDeviceUI : 1059
PrivateFrameworks/FindMyMac : 111
PrivateFrameworks/FinderSyncPriv : 16
PrivateFrameworks/FlightUtilities : 513
PrivateFrameworks/FlightUtilitiesCore : 513
PrivateFrameworks/FlowFrameKit : 313
PrivateFrameworks/FolderActionsKit : 552
PrivateFrameworks/FontServices : 567
PrivateFrameworks/FoundInAppsPlugins : 261
PrivateFrameworks/FoundationODR : 17
PrivateFrameworks/FrontBoardServices : 107
PrivateFrameworks/FuseBoard : 33
PrivateFrameworks/FuseBoardServices : 36
PrivateFrameworks/FusionPluginKit : 433
PrivateFrameworks/FusionPluginServices : 433
PrivateFrameworks/Futhark : 1944
PrivateFrameworks/GPUInfo : 216
PrivateFrameworks/GPURawCounter : 1984
PrivateFrameworks/GPUSupport : 68
PrivateFrameworks/GPUWrangler : 39
PrivateFrameworks/GameCenterFoundation : 168
PrivateFrameworks/GameCenterUI : 168
PrivateFrameworks/GameCenterUICore : 168
PrivateFrameworks/GameKitServices : 216
PrivateFrameworks/GenerationalStorage : 2870
PrivateFrameworks/GeoKit : 158
PrivateFrameworks/GeoServices : 147
PrivateFrameworks/GraphKit : 14200
PrivateFrameworks/GraphVisualizer : 5301
PrivateFrameworks/GraphicsServices : 5033
PrivateFrameworks/H10ISPServices : 265
PrivateFrameworks/HDAInterface : 1949
PrivateFrameworks/HDRProcessing : 11
PrivateFrameworks/HID : 134
PrivateFrameworks/HIDAnalytics : 134
PrivateFrameworks/HIDDisplay : 134
PrivateFrameworks/HIDPreferences : 134
PrivateFrameworks/HMFoundation : 214
PrivateFrameworks/HTTPServer : 567
PrivateFrameworks/HeimODAdmin : 91
PrivateFrameworks/Heimdal : 356
PrivateFrameworks/Helium : 587
PrivateFrameworks/HelloWorldMacHelper : 36
PrivateFrameworks/HelpData : 293
PrivateFrameworks/HomeAI : 196
PrivateFrameworks/HomeAutomationInternal : 240
PrivateFrameworks/HomeKit : 187
PrivateFrameworks/HomeKitBackingStore : 187
PrivateFrameworks/HomeKitCore : 187
PrivateFrameworks/HomeKitDaemon : 187
PrivateFrameworks/IAP : 1881
PrivateFrameworks/IASUtilities : 41
PrivateFrameworks/IDS : 95
PrivateFrameworks/IDSFoundation : 95
PrivateFrameworks/IDSHashPersistence : 149
PrivateFrameworks/IDSKVStore : 149
PrivateFrameworks/IDSSystemPreferencesSignIn : 95
PrivateFrameworks/IMAVCore : 4033
PrivateFrameworks/IMAssistantCore : 40
PrivateFrameworks/IMCore : 40
PrivateFrameworks/IMCorePipeline : 40
PrivateFrameworks/IMDMessageServices : 40
PrivateFrameworks/IMDPersistence : 40
PrivateFrameworks/IMDaemonCore : 40
PrivateFrameworks/IMFoundation : 458
PrivateFrameworks/IMSharedUI : 40
PrivateFrameworks/IMSharedUtilities : 40
PrivateFrameworks/IMTranscoderAgent : 40
PrivateFrameworks/IMTranscoding : 40
PrivateFrameworks/IMTransferAgent : 40
PrivateFrameworks/IMTransferServices : 458
PrivateFrameworks/IOAccelMemoryInfo : 31
PrivateFrameworks/IOAccelerator : 31
PrivateFrameworks/IOCEC : 20237
PrivateFrameworks/IOGPU : 542
PrivateFrameworks/IOImageLoader : 2961
PrivateFrameworks/IOKitten : 2528
PrivateFrameworks/IOMobileFramebuffer : 16
PrivateFrameworks/IOPlatformPluginFamily : 1028
PrivateFrameworks/IOPresentment : 14
PrivateFrameworks/IOSurfaceAccelerator : 434
PrivateFrameworks/ISSupport : 12166
PrivateFrameworks/IconFoundation : 121
PrivateFrameworks/IconServices : 121
PrivateFrameworks/IdleTimerServices : 1702
PrivateFrameworks/InAppMessages : 789
PrivateFrameworks/InAppMessagesCore : 2455
PrivateFrameworks/IncomingCallFilter : 4282
PrivateFrameworks/InertiaCam : 243
PrivateFrameworks/InputContext : 1177
PrivateFrameworks/InputTranscoder : 1772
PrivateFrameworks/Install : 123
PrivateFrameworks/InstallCoordination : 46
PrivateFrameworks/InstallerDiagnostics : 2703
PrivateFrameworks/IntentsCore : 154
PrivateFrameworks/IntentsFoundation : 154
PrivateFrameworks/IntentsServices : 154
PrivateFrameworks/InternalSwiftProtobuf : 4739
PrivateFrameworks/InternationalSupport : 354
PrivateFrameworks/InternationalTextSearch : 1677
PrivateFrameworks/InternetAccounts : 985
PrivateFrameworks/IntlPreferences : 409
PrivateFrameworks/JavaLaunching : 253
PrivateFrameworks/JavaScriptAppleEvents : 728
PrivateFrameworks/JavaScriptOSA : 577
PrivateFrameworks/Jet : 686
PrivateFrameworks/JetEngine : 191
PrivateFrameworks/JetUI : 204
PrivateFrameworks/KerberosHelper : 4262
PrivateFrameworks/KeyboardServices : 1565
PrivateFrameworks/KeychainCircle : 73
PrivateFrameworks/KnowledgeMonitor : 570
PrivateFrameworks/LanguageModeling : 388
PrivateFrameworks/Lexicon : 265
PrivateFrameworks/LibraryRepair : 2803
PrivateFrameworks/LimitAdTracking : 19
PrivateFrameworks/LinkPresentation : 837
PrivateFrameworks/LocalAuthenticationRecoveryUI : 128
PrivateFrameworks/LocalAuthenticationUI : 128
PrivateFrameworks/LocationSupport : 45
PrivateFrameworks/LockoutUI : 6065
PrivateFrameworks/LoggingSupport : 13
PrivateFrameworks/LoginUIKit : 47
PrivateFrameworks/Lookup : 32
PrivateFrameworks/MDSChannel : 4041
PrivateFrameworks/MFAAuthentication : 228
PrivateFrameworks/MFiAuthentication : 1881
PrivateFrameworks/MMCS : 1401
PrivateFrameworks/MMCSServices : 40
PrivateFrameworks/MSUDataAccessor : 17
PrivateFrameworks/MTLCompiler : 42
PrivateFrameworks/MTLSimImplementation : 42
PrivateFrameworks/MachineSettings : 6656
PrivateFrameworks/MallocStackLogging : 320
PrivateFrameworks/ManagedClient : 181
PrivateFrameworks/Mangrove : 2280
PrivateFrameworks/MapsSuggestions : 3
PrivateFrameworks/MapsSupport : 3
PrivateFrameworks/MapsSync : 305
PrivateFrameworks/Marco : 458
PrivateFrameworks/MarkupUI : 544
PrivateFrameworks/MaterialKit : 46
PrivateFrameworks/MediaControlSender : 174
PrivateFrameworks/MediaConversionService : 8
PrivateFrameworks/MediaFoundation : 6327
PrivateFrameworks/MediaKit : 772
PrivateFrameworks/MediaRemote : 58
PrivateFrameworks/MediaServices : 258
PrivateFrameworks/MediaStream : 8
PrivateFrameworks/Memories : 1803
PrivateFrameworks/MessageProtection : 1067
PrivateFrameworks/MessageSecurity : 737
PrivateFrameworks/MessageUIMacHelper : 3
PrivateFrameworks/MessagesBlastDoorSupport : 1472
PrivateFrameworks/MessagesHelperKit : 40
PrivateFrameworks/MessagesKit : 40
PrivateFrameworks/MetalSerializer : 42
PrivateFrameworks/MetalTools : 42
PrivateFrameworks/MetricKitCore : 3005
PrivateFrameworks/MetricKitServices : 3005
PrivateFrameworks/MetricKitSource : 3005
PrivateFrameworks/MetricMeasurement : 3005
PrivateFrameworks/MiniSoftwareUpdate : 192
PrivateFrameworks/MobileAccessoryUpdater : 144
PrivateFrameworks/MobileActivationMacOS : 661
PrivateFrameworks/MobileAsset : 160
PrivateFrameworks/MobileAssetUpdater : 144
PrivateFrameworks/MobileBluetooth : 123
PrivateFrameworks/MobileContainerManager : 138
PrivateFrameworks/MobileDevice : 473
PrivateFrameworks/MobileIcons : 121
PrivateFrameworks/MobileInstallation : 5
PrivateFrameworks/MobileKeyBag : 1182
PrivateFrameworks/MobileObliteration : 41
PrivateFrameworks/MobileSoftwareUpdate : 52
PrivateFrameworks/MobileSpotlightIndex : 6
PrivateFrameworks/MobileStorage : 1034
PrivateFrameworks/MobileStoreDemoCore : 146
PrivateFrameworks/MobileSystemServices : 5233
PrivateFrameworks/Montreal : 625
PrivateFrameworks/MorphunAssetsUpdater : 30
PrivateFrameworks/MultitouchSupport : 147
PrivateFrameworks/MultiverseSupport : 763
PrivateFrameworks/NLP : 264
PrivateFrameworks/NPTKit : 731
PrivateFrameworks/Navigation : 143
PrivateFrameworks/NearField : 126
PrivateFrameworks/NetAppsUtilities : 5186
PrivateFrameworks/NetAuth : 1075
PrivateFrameworks/NetFSServer : 72
PrivateFrameworks/Netrb : 524
PrivateFrameworks/Network : 71
PrivateFrameworks/NetworkServiceProxy : 11104
PrivateFrameworks/NetworkStatistics : 3010
PrivateFrameworks/NeutrinoCore : 8
PrivateFrameworks/NeutrinoKit : 8
PrivateFrameworks/NewsAnalyticsUpload : 6
PrivateFrameworks/NewsCore : 6
PrivateFrameworks/NewsDaemon : 6
PrivateFrameworks/NewsFoundation : 6
PrivateFrameworks/NewsToday : 6
PrivateFrameworks/NewsTransport : 6
PrivateFrameworks/Notes : 135
PrivateFrameworks/NotesShared : 135
PrivateFrameworks/NotesUI : 135
PrivateFrameworks/Noticeboard : 1594
PrivateFrameworks/NotificationCenterUI : 59
PrivateFrameworks/OAHSoftwareUpdate : 15
PrivateFrameworks/OAuth : 24743
PrivateFrameworks/OSAServicesClient : 542
PrivateFrameworks/OSASubmissionClient : 549
PrivateFrameworks/OSASyncProxyClient : 549
PrivateFrameworks/OSAnalytics : 542
PrivateFrameworks/OSAnalyticsPrivate : 549
PrivateFrameworks/OSD : 3813
PrivateFrameworks/OSInstaller : 206
PrivateFrameworks/OSPersonalization : 758
PrivateFrameworks/OTSVG : 449
PrivateFrameworks/OctagonTrust : 73
PrivateFrameworks/OfficeImport : 983
PrivateFrameworks/OnBoardingKit : 222
PrivateFrameworks/OpenDirectoryConfig : 15432
PrivateFrameworks/OpenDirectoryConfigUI : 334
PrivateFrameworks/Osprey : 800
PrivateFrameworks/PDFKit : 41
PrivateFrameworks/PDS : 149
PrivateFrameworks/PDSAgent : 149
PrivateFrameworks/PIP : 2425
PrivateFrameworks/PSNormalizer : 664
PrivateFrameworks/PackageKit : 188
PrivateFrameworks/PacketFilter : 1070
PrivateFrameworks/ParsecModel : 71
PrivateFrameworks/ParsecSubscriptionServiceSupport : 71
PrivateFrameworks/PassKit : 151
PrivateFrameworks/PassKitCore : 148
PrivateFrameworks/PassKitMacHelper : 76
PrivateFrameworks/PassKitUI : 113
PrivateFrameworks/PassKitUIFoundation : 73
PrivateFrameworks/PasswordServer : 9304
PrivateFrameworks/PencilKit : 140
PrivateFrameworks/PeopleSuggester : 391
PrivateFrameworks/PerformanceAnalysis : 1015
PrivateFrameworks/PerformanceTrace : 764
PrivateFrameworks/PersistentConnection : 3743
PrivateFrameworks/PersonaKit : 1969
PrivateFrameworks/PersonaUI : 1969
PrivateFrameworks/PersonalizationPortrait : 261
PrivateFrameworks/PersonalizationPortraitInternals : 261
PrivateFrameworks/PhoneNumberResolver : 1130
PrivateFrameworks/PhoneNumbers : 86
PrivateFrameworks/PhotoFoundation : 8
PrivateFrameworks/PhotoImaging : 8
PrivateFrameworks/PhotoLibraryServices : 8
PrivateFrameworks/PhotoPrintProduct : 945
PrivateFrameworks/PhotoVision : 8
PrivateFrameworks/PhotosFormats : 8
PrivateFrameworks/PhotosImagingFoundation : 8
PrivateFrameworks/PhotosPlayer : 8
PrivateFrameworks/PhotosUIApps : 9
PrivateFrameworks/PhysicsKit : 1059
PrivateFrameworks/PlugInKit : 166
PrivateFrameworks/PodcastsFoundation : 58
PrivateFrameworks/PodcastsKit : 35
PrivateFrameworks/PowerUI : 191
PrivateFrameworks/PowerlogFullOperators : 15
PrivateFrameworks/PowerlogHelperdOperators : 15
PrivateFrameworks/PreferencePanesSupport : 260
PrivateFrameworks/PrintKit : 2246
PrivateFrameworks/PrintingPrivate : 98
PrivateFrameworks/PrivateFederatedLearning : 2004
PrivateFrameworks/ProVideo : 822
PrivateFrameworks/ProactiveEventTracker : 561
PrivateFrameworks/ProactiveExperiments : 142
PrivateFrameworks/ProactiveExperimentsInternals : 142
PrivateFrameworks/ProactiveInputPredictions : 142
PrivateFrameworks/ProactiveInputPredictionsInternals : 142
PrivateFrameworks/ProactiveML : 142
PrivateFrameworks/ProactiveSupport : 561
PrivateFrameworks/ProactiveSupportStubs : 561
PrivateFrameworks/PromotedContentSupport : 61
PrivateFrameworks/ProofReader : 250
PrivateFrameworks/ProtectedCloudStorage : 1044
PrivateFrameworks/ProtocolBuffer : 582
PrivateFrameworks/PrototypeTools : 1811
PrivateFrameworks/PubSub : 187
PrivateFrameworks/QLCharts : 983
PrivateFrameworks/Quagga : 419
PrivateFrameworks/QuickLookIosmac : 588
PrivateFrameworks/QuickLookNonBaseSystem : 555
PrivateFrameworks/QuickLookSupport : 420
PrivateFrameworks/QuickLookThumbnailing : 420
PrivateFrameworks/QuickLookThumbnailingDaemon : 385
PrivateFrameworks/QuickLookUIIosmac : 588
PrivateFrameworks/RTBuddyCrashlogDecoder : 266
PrivateFrameworks/RTCReporting : 24
PrivateFrameworks/Rapport : 720
PrivateFrameworks/RapportUI : 722
PrivateFrameworks/ReminderKit : 72
PrivateFrameworks/ReminderKitInternal : 298
PrivateFrameworks/ReminderKitUI : 72
PrivateFrameworks/ReminderMigration : 499
PrivateFrameworks/RemindersToolbox : 1179
PrivateFrameworks/RemindersUICore : 428
PrivateFrameworks/RemoteConfiguration : 1508
PrivateFrameworks/RemoteCoreML : 4291
PrivateFrameworks/RemoteManagement : 1912
PrivateFrameworks/RemoteServiceDiscovery : 140
PrivateFrameworks/RemoteTextInput : 2919
PrivateFrameworks/RemoteViewServices : 345
PrivateFrameworks/RemoteXPC : 140
PrivateFrameworks/RenderBox : 704
PrivateFrameworks/ReplayKitMacHelper : 275
PrivateFrameworks/ResponseKit : 1222
PrivateFrameworks/Reveal : 396
PrivateFrameworks/RevealCore : 396
PrivateFrameworks/RunningBoard : 773
PrivateFrameworks/RunningBoardServices : 773
PrivateFrameworks/SAObjects : 73
PrivateFrameworks/SCEP : 591
PrivateFrameworks/SDAPI : 4192
PrivateFrameworks/SPFinder : 27
PrivateFrameworks/SPOwner : 27
PrivateFrameworks/SPShared : 141
PrivateFrameworks/SPSupport : 97
PrivateFrameworks/SafeEjectGPU : 550
PrivateFrameworks/SampleAnalysis : 1015
PrivateFrameworks/ScoreBoard : 2476
PrivateFrameworks/ScreenSharing : 262
PrivateFrameworks/ScreenTimeCore : 258
PrivateFrameworks/ScreenTimeServiceUI : 101
PrivateFrameworks/ScreenTimeSettingsUI : 199
PrivateFrameworks/ScreenTimeUI : 281
PrivateFrameworks/SearchAds : 19
PrivateFrameworks/SearchFoundation : 71
PrivateFrameworks/SearchSuggestions : 7
PrivateFrameworks/SearchUI : 40
PrivateFrameworks/SearchUICardKitProviderSupport : 102
PrivateFrameworks/SecCodeWrapper : 91
PrivateFrameworks/SecureChannel : 1617
PrivateFrameworks/SecurityTokend : 6307
PrivateFrameworks/Seeding : 144
PrivateFrameworks/SemanticDocumentManagement : 4069
PrivateFrameworks/SensingProtocols : 1739
PrivateFrameworks/Sentry : 1099
PrivateFrameworks/ServerCompatibility : 4458
PrivateFrameworks/ServerInformation : 461
PrivateFrameworks/SetupAssistantFramework : 65
PrivateFrameworks/SetupKit : 13
PrivateFrameworks/ShareKit : 110
PrivateFrameworks/SharePointManagement : 114
PrivateFrameworks/ShareSheet : 276
PrivateFrameworks/SharedWebCredentials : 64
PrivateFrameworks/Sharing : 786
PrivateFrameworks/SharingXPCServices : 587
PrivateFrameworks/ShazamInsights : 388
PrivateFrameworks/ShazamKit : 388
PrivateFrameworks/ShazamKitUI : 388
PrivateFrameworks/Shortcut : 313
PrivateFrameworks/ShoveService : 188
PrivateFrameworks/SidecarCore : 250
PrivateFrameworks/SidecarUI : 250
PrivateFrameworks/SignpostCollection : 1556
PrivateFrameworks/SignpostMetrics : 1556
PrivateFrameworks/SignpostNotification : 461
PrivateFrameworks/SignpostSupport : 1556
PrivateFrameworks/SiriAppResolution : 313
PrivateFrameworks/SiriAudioInternal : 1476
PrivateFrameworks/SiriAudioSupport : 1476
PrivateFrameworks/SiriClientFlow : 474
PrivateFrameworks/SiriDailyBriefingInternal : 1006
PrivateFrameworks/SiriDialogEngine : 816
PrivateFrameworks/SiriFoundation : 85
PrivateFrameworks/SiriGeo : 890
PrivateFrameworks/SiriInference : 569
PrivateFrameworks/SiriInstrumentation : 60
PrivateFrameworks/SiriIntentEvents : 569
PrivateFrameworks/SiriKitFlow : 313
PrivateFrameworks/SiriKitInvocation : 183
PrivateFrameworks/SiriKitRuntime : 313
PrivateFrameworks/SiriObservation : 35
PrivateFrameworks/SiriOntology : 1256
PrivateFrameworks/SiriOntologyProtobuf : 1256
PrivateFrameworks/SiriPlaybackControlIntents : 276
PrivateFrameworks/SiriPlaybackControlSupport : 276
PrivateFrameworks/SiriSpeechSynthesis : 115
PrivateFrameworks/SiriTTS : 44
PrivateFrameworks/SiriTasks : 35
PrivateFrameworks/SiriUI : 90
PrivateFrameworks/SiriVideoIntents : 363
PrivateFrameworks/Slideshows : 116
PrivateFrameworks/SocialAppsCore : 40
PrivateFrameworks/SocialServices : 236
PrivateFrameworks/SocialUI : 40
PrivateFrameworks/SoftLinking : 470
PrivateFrameworks/SoftwareUpdateCore : 52
PrivateFrameworks/SoftwareUpdateCoreConnect : 52
PrivateFrameworks/SoftwareUpdateCoreSupport : 52
PrivateFrameworks/SoftwareUpdateMacController : 76
PrivateFrameworks/SpeakerRecognition : 284
PrivateFrameworks/SpeechDictionary : 1201
PrivateFrameworks/SpeechObjects : 291
PrivateFrameworks/SpeechRecognitionCommandServices : 239
PrivateFrameworks/SpeechRecognitionCore : 726
PrivateFrameworks/SpotlightIndex : 6
PrivateFrameworks/SpotlightIndexUtilities : 6
PrivateFrameworks/SpotlightLinguistics : 6
PrivateFrameworks/SpotlightServerKit : 6
PrivateFrameworks/StorageKit : 591
PrivateFrameworks/StorageManagement : 271
PrivateFrameworks/StoreFoundation : 35
PrivateFrameworks/StoreJavaScript : 35
PrivateFrameworks/StoreKitMacHelper : 27
PrivateFrameworks/StoreKitUIMac : 27
PrivateFrameworks/StoreServices : 89
PrivateFrameworks/StoreUI : 35
PrivateFrameworks/StreamingZip : 422
PrivateFrameworks/Suggestions : 413
PrivateFrameworks/SuggestionsSpotlightMetrics : 142
PrivateFrameworks/Symbolication : 320
PrivateFrameworks/SymptomDiagnosticReporter : 1281
PrivateFrameworks/SymptomReporter : 186
PrivateFrameworks/Symptoms : 186
PrivateFrameworks/SyncServicesUI : 330
PrivateFrameworks/SyncedDefaults : 86
PrivateFrameworks/SystemAdministration : 142
PrivateFrameworks/SystemAdministrationInterface : 804
PrivateFrameworks/SystemDesktopAppearance : 97
PrivateFrameworks/SystemMigration : 68
PrivateFrameworks/SystemMigrationNetworking : 68
PrivateFrameworks/SystemMigrationUtils : 68
PrivateFrameworks/SystemPolicy : 15
PrivateFrameworks/SystemUIPlugin : 867
PrivateFrameworks/TCC : 57
PrivateFrameworks/TTYUtilities : 5682
PrivateFrameworks/TVRemoteCore : 629
PrivateFrameworks/TelephonyUtilities : 251
PrivateFrameworks/TemplateKit : 40
PrivateFrameworks/TextInput : 223
PrivateFrameworks/TextInputCore : 223
PrivateFrameworks/TextInputMenuUI : 47
PrivateFrameworks/TextRecognition : 1198
PrivateFrameworks/TextToSpeech : 522
PrivateFrameworks/TextureIO : 10904
PrivateFrameworks/TimeMachine : 294
PrivateFrameworks/TimeSync : 916
PrivateFrameworks/Timeline : 1158
PrivateFrameworks/ToneKit : 789
PrivateFrameworks/ToneLibrary : 789
PrivateFrameworks/Tourist : 1184
PrivateFrameworks/Translation : 210
PrivateFrameworks/Transparency : 266
PrivateFrameworks/TransparencyDetailsViewMac : 19
PrivateFrameworks/Trial : 124
PrivateFrameworks/TrialProto : 124
PrivateFrameworks/TrialServer : 124
PrivateFrameworks/TrustEvaluationAgent : 1400
PrivateFrameworks/TrustedPeers : 73
PrivateFrameworks/TuriCore : 86
PrivateFrameworks/UARPiCloud : 144
PrivateFrameworks/UAUPlugin : 1587
PrivateFrameworks/UIFoundation : 300
PrivateFrameworks/UIKitServices : 72
PrivateFrameworks/UIKitSystemAppServices : 36
PrivateFrameworks/UIRecording : 2398
PrivateFrameworks/URLFormatting : 813
PrivateFrameworks/USDKit : 626
PrivateFrameworks/UXKit : 8
PrivateFrameworks/Uninstall : 142
PrivateFrameworks/UniversalAccess : 345
PrivateFrameworks/UsageTracking : 1234
PrivateFrameworks/UserActivity : 1109
PrivateFrameworks/UserManagement : 1194
PrivateFrameworks/VCXMPP : 1559
PrivateFrameworks/VFX : 1596
PrivateFrameworks/VFXBase : 1596
PrivateFrameworks/VectorKit : 166
PrivateFrameworks/VideoProcessing : 206
PrivateFrameworks/VideoSubscriberAccountUI : 56
PrivateFrameworks/VirtualGarage : 143
PrivateFrameworks/VisionKit : 4911
PrivateFrameworks/VisualPairing : 1958
PrivateFrameworks/VisualTestKit : 2682
PrivateFrameworks/VoiceShortcutClient : 658
PrivateFrameworks/VoiceShortcuts : 658
PrivateFrameworks/VoiceTrigger : 6354
PrivateFrameworks/WPDaemon : 1105
PrivateFrameworks/WatchdogClient : 415
PrivateFrameworks/WeatherFoundation : 383
PrivateFrameworks/WeatherKit : 561
PrivateFrameworks/WebContentAnalysis : 1461
PrivateFrameworks/WebFilterDNS : 1461
PrivateFrameworks/WiFiAnalytics : 512
PrivateFrameworks/WiFiCloudSyncEngine : 196
PrivateFrameworks/WiFiPeerToPeer : 476
PrivateFrameworks/WiFiPolicy : 702
PrivateFrameworks/WiFiVelocity : 507
PrivateFrameworks/WildDevices : 376
PrivateFrameworks/WirelessCoexManager : 257
PrivateFrameworks/WirelessDiagnostics : 12081
PrivateFrameworks/WirelessProximity : 1105
PrivateFrameworks/WorkflowKit : 658
PrivateFrameworks/WorkflowUIServices : 273
PrivateFrameworks/XARTRecovery : 209
PrivateFrameworks/XCTAutomationSupport : 483
PrivateFrameworks/XCTTargetBootstrap : 483
PrivateFrameworks/XGBoostFramework : 284
PrivateFrameworks/XQuery : 5841
PrivateFrameworks/XprotectFramework : 230
PrivateFrameworks/ZhuGeSupport : 1344
PrivateFrameworks/acfs : 123
PrivateFrameworks/acfsSupport : 9
PrivateFrameworks/apfs_boot_mount : 21
PrivateFrameworks/caulk : 1691
PrivateFrameworks/iAdCore : 357
PrivateFrameworks/iAdServices : 357
PrivateFrameworks/iCalendar : 414
PrivateFrameworks/iCloudNotification : 1597
PrivateFrameworks/iLifeMediaBrowser : 589
PrivateFrameworks/iPod : 859
PrivateFrameworks/iPodSync : 3423
PrivateFrameworks/iPodUpdater : 3013
PrivateFrameworks/iTunesCloud : 16
PrivateFrameworks/iWorkXPC : 2025
PrivateFrameworks/kperf : 1404
PrivateFrameworks/kperfdata : 1404
PrivateFrameworks/ktrace : 157
PrivateFrameworks/login : 160
PrivateFrameworks/nt : 105
PrivateFrameworks/oncrpc : 2111
PrivateFrameworks/perfdata : 1366
PrivateFrameworks/vCard : 92
PrivateFrameworks/yara : 1347
CoreServices/AirPlayUIAgent : 525.38.2
CoreServices/Bluetooth Setup Assistant : 8.0.1f5
CoreServices/BluetoothUIServer : 8.0.1f5
CoreServices/ControlCenter : 136
CoreServices/CoreLocationAgent : 2420.8.10
CoreServices/CoreServicesUIAgent : 358.3
CoreServices/Dock : 2091
CoreServices/Dwell Control : 324
CoreServices/Finder : 1350.1.1
CoreServices/Installer Progress : 590
CoreServices/Keychain Circle Notification : 59754.41.1
CoreServices/NotificationCenter : 1108
CoreServices/OBEXAgent : 8.0.1f5
CoreServices/Problem Reporter : 15045.1
CoreServices/Screen Time : 494
CoreServices/Setup Assistant : 3053
CoreServices/Siri : 201.1.12
CoreServices/Software Update : 1412
CoreServices/Spotlight : 2149.6
CoreServices/TextInputMenuAgent : 268
CoreServices/TextInputSwitcher : 268
CoreServices/UIKitSystem : 234
CoreServices/VoiceOver : 761.1
CoreServices/loginwindow : 2024
CoreServices/screencaptureui : 264
Frameworks/ARKit : 219
Frameworks/AddressBook : 369
Frameworks/AddressBookUI : 585
Frameworks/AppClip : 26
Frameworks/AssetsLibrary : 9
Frameworks/BusinessChat : 62
Frameworks/CarPlay : 244
Frameworks/ClockKit : 28
Frameworks/ContactsUI : 128
Frameworks/CoreAudioKit : 74
Frameworks/CoreNFC : 24
Frameworks/EventKitUI : 235
Frameworks/GLKit : 564
Frameworks/GameController : 18
Frameworks/GameKit : 169
Frameworks/GameplayKit : 397
Frameworks/HealthKit : 55
Frameworks/HealthKitUI : 55
Frameworks/HomeKit : 45
Frameworks/IdentityLookupUI : 32
Frameworks/IntentsUI : 98
Frameworks/LinkPresentation : 338
Frameworks/MapKit : 132
Frameworks/MessageUI : 3
Frameworks/Messages : 39
Frameworks/MetalKit : 1071
Frameworks/MobileCoreServices : 18
Frameworks/MultipeerConnectivity : 116
Frameworks/NewsstandKit : 1826
Frameworks/OpenAL : 764
Frameworks/OpenGLES : 62
Frameworks/PDFKit : 42
Frameworks/PassKit : 76
Frameworks/PencilKit : 94
Frameworks/PhotosUI : 9
Frameworks/QuickLook : 493
Frameworks/ReplayKit : 275
Frameworks/SceneKit : 164
Frameworks/ScreenTime : 102
Frameworks/Social : 233
Frameworks/SpriteKit : 350
Frameworks/StoreKit : 27
Frameworks/SwiftUI : 112
Frameworks/Twitter : 1260
Frameworks/UIKit : 74
Frameworks/UserNotificationsUI : 258
Frameworks/VisionKit : 2252
Frameworks/WatchConnectivity : 1167
Frameworks/WatchKit : 3065
Frameworks/WidgetKit : 70
Frameworks/_AVKit_SwiftUI : 13
Frameworks/_AuthenticationServices_SwiftUI : 5
Frameworks/_MapKit_SwiftUI : 412
Frameworks/_SceneKit_SwiftUI : 382
Frameworks/_SpriteKit_SwiftUI : 480
Frameworks/iAd : 357
PrivateFrameworks/AccessibilityUI : 55
PrivateFrameworks/AccessibilityUIService : 55
PrivateFrameworks/AccessibilityUIShared : 55
PrivateFrameworks/AccessibilityUIUtilities : 55
PrivateFrameworks/AccessibilityUtilities : 55
PrivateFrameworks/ActionKit : 171
PrivateFrameworks/ActionKitUI : 321
PrivateFrameworks/ActivityRingsUI : 1446
PrivateFrameworks/AdPlatformsCommonUI : 61
PrivateFrameworks/AddressBookLegacy : 2228
PrivateFrameworks/AnnotationKit : 371
PrivateFrameworks/AppAnalytics : 108
PrivateFrameworks/AppSupportUI : 834
PrivateFrameworks/AppleMediaServicesUI : 15
PrivateFrameworks/AppleMediaServicesUIDynamic : 46
PrivateFrameworks/AuthKitUI : 110
PrivateFrameworks/AuthKitUIMacHelper : 110
PrivateFrameworks/AvatarKit : 79
PrivateFrameworks/AvatarUI : 109
PrivateFrameworks/BaseBoardUI : 961
PrivateFrameworks/CalendarUIKit : 196
PrivateFrameworks/ChatKit : 39
PrivateFrameworks/ChronoKit : 70
PrivateFrameworks/ClassroomKit : 156
PrivateFrameworks/ContactsAutocompleteUI : 119
PrivateFrameworks/ContentKit : 171
PrivateFrameworks/CoreChart : 115
PrivateFrameworks/CorePDF : 510
PrivateFrameworks/CoreRecognition : 721
PrivateFrameworks/CoreSpotlightCatalystExtensionSupport : 6
PrivateFrameworks/CoreSuggestionsUI : 87
PrivateFrameworks/CryptoTokenKitExtensionSDK : 31
PrivateFrameworks/DataDetectorsUI : 479
PrivateFrameworks/DocumentCamera : 1390
PrivateFrameworks/DocumentManager : 8
PrivateFrameworks/DocumentManagerCore : 8
PrivateFrameworks/EmojiKit : 596
PrivateFrameworks/FMCoreUI : 330
PrivateFrameworks/FMFUI : 392
PrivateFrameworks/FrontBoard : 107
PrivateFrameworks/GameCenterUI : 113
PrivateFrameworks/HealthDaemon : 55
PrivateFrameworks/HelpKit : 1412
PrivateFrameworks/Home : 33
PrivateFrameworks/HomeKit : 45
PrivateFrameworks/HomeRecommendationEngine : 33
PrivateFrameworks/HomeUI : 33
PrivateFrameworks/IMAssistantCore : 45
PrivateFrameworks/IMCore : 45
PrivateFrameworks/IMDPersistence : 45
PrivateFrameworks/IMSharedUI : 39
PrivateFrameworks/IMSharedUtilities : 45
PrivateFrameworks/IMTranscoding : 45
PrivateFrameworks/InAppMessages : 732
PrivateFrameworks/IntlPreferences : 120
PrivateFrameworks/JITAppKit : 1173
PrivateFrameworks/Jet : 391
PrivateFrameworks/JetEngine : 68
PrivateFrameworks/JetUI : 51
PrivateFrameworks/ManagedConfiguration : 406
PrivateFrameworks/MarkupUI : 371
PrivateFrameworks/MobileTimer : 798
PrivateFrameworks/MobileTimerUI : 798
PrivateFrameworks/NanoRegistry : 919
PrivateFrameworks/NetAppsUtilitiesUI : 5186
PrivateFrameworks/NewsAds : 15
PrivateFrameworks/NewsAppKit : 15
PrivateFrameworks/NewsPersonalization : 15
PrivateFrameworks/OnBoardingKit : 173
PrivateFrameworks/PassKitServices : 72
PrivateFrameworks/PassKitUI : 34
PrivateFrameworks/PassKitUIFoundation : 34
PrivateFrameworks/PencilKit : 94
PrivateFrameworks/PersonaUI : 632
PrivateFrameworks/PhotoLibrary : 9
PrivateFrameworks/PhotosPlayer : 9
PrivateFrameworks/PhotosUICore : 9
PrivateFrameworks/PodcastsUI : 58
PrivateFrameworks/PromotedContent : 151
PrivateFrameworks/PromotedContentProxy : 61
PrivateFrameworks/PromotedContentUI : 151
PrivateFrameworks/QuickLookThumbnailingExtension : 420
PrivateFrameworks/RTTUI : 142
PrivateFrameworks/RapportUI : 213
PrivateFrameworks/ScreenTimeUI : 106
PrivateFrameworks/SearchToShareCore : 786
PrivateFrameworks/Stocks : 1773
PrivateFrameworks/TSReading : 571
PrivateFrameworks/TSUtility : 571
PrivateFrameworks/TeaSnappy : 8
PrivateFrameworks/TeaUIKit : 8
PrivateFrameworks/TextInputUI : 262
PrivateFrameworks/TouchML : 1394
PrivateFrameworks/TransparencyDetailsView : 19
PrivateFrameworks/UIAccessibility : 55
PrivateFrameworks/UIKitServices : 72
PrivateFrameworks/UserNotificationsExtensionPoint : 95
PrivateFrameworks/VisualAlert : 55
PrivateFrameworks/VisualPairing : 933
PrivateFrameworks/VoiceMemos : 434
PrivateFrameworks/VoiceOverServices : 55
PrivateFrameworks/VoiceShortcutClient : 171
PrivateFrameworks/VoiceShortcuts : 171
PrivateFrameworks/Weather : 267
PrivateFrameworks/WeatherCharts : 267
PrivateFrameworks/WeatherFoundation : 75
PrivateFrameworks/WorkflowEditor : 321
PrivateFrameworks/WorkflowKit : 171
PrivateFrameworks/WorkflowUI : 321
PrivateFrameworks/WorkflowUICore : 321
PrivateFrameworks/WorkflowUIServices : 166
PrivateFrameworks/XavierCore : 15
PrivateFrameworks/XavierNews : 15
PrivateFrameworks/ZoomServices : 55
