Applications/CleanMyMac X : 40701.0.2011201839
Applications/Epic Games Launcher : 10.19.6
Applications/Google Chrome : 4280.88
Applications/Keka : 4287
Applications/Keynote : 7029.8.2
Applications/Plex Media Server : 1.20.5.3600
Applications/RunCat : 8.7.0
Applications/Safari : 16610.3.7.1.5
Applications/Silicon : 60
Applications/TotalFinder : 1.13.8
Applications/TotalSpaces2 : 2.9.6
Applications/cDock : 7822
Applications/iTerm : 3.4.2beta3
Applications/App Store : 1005.3.22
Applications/FindMy : 189.0.1
Applications/Home : 462.3.20
Applications/Mail : 3654.40.0.2.31
Applications/Maps : 2608.22.10.6.18
Applications/News : 2682
Applications/Photos : 321.0.102
Applications/Podcasts : 1530.3
Applications/Stocks : 706
Utilities/Bluetooth File Exchange : 8.0.2f6
Utilities/VoiceOver Utility : 767
Frameworks/AGL : 2121
Frameworks/AVFoundation : 17
Frameworks/AVKit : 9
Frameworks/Accelerate : 1105
Frameworks/Accessibility : 37
Frameworks/Accounts : 646
Frameworks/AdServices : 83
Frameworks/AdSupport : 94
Frameworks/AddressBook : 70
Frameworks/AppTrackingTransparency : 94
Frameworks/AppleScriptKit : 1828
Frameworks/AppleScriptObjC : 45
Frameworks/ApplicationServices : 4320
Frameworks/AudioToolbox : 52
Frameworks/AudioUnit : 9
Frameworks/AudioVideoBridging : 412
Frameworks/AutomaticAssessmentConfiguration : 858
Frameworks/Automator : 478
Frameworks/BusinessChat : 61
Frameworks/CFNetwork : 12
Frameworks/CalendarStore : 815
Frameworks/CallKit : 69
Frameworks/Carbon : 5480
Frameworks/ClassKit : 53
Frameworks/CloudKit : 457
Frameworks/Cocoa : 17322
Frameworks/Collaboration : 1102
Frameworks/ColorSync : 1297
Frameworks/Combine : 1815
Frameworks/Contacts : 62
Frameworks/ContactsUI : 161
Frameworks/CoreAudio : 851
Frameworks/CoreAudioKit : 96
Frameworks/CoreAudioTypes : 51
Frameworks/CoreBluetooth : 10
Frameworks/CoreData : 299
Frameworks/CoreDisplay : 11
Frameworks/CoreFoundation : 186
Frameworks/CoreGraphics : 187
Frameworks/CoreHaptics : 1862
Frameworks/CoreImage : 321
Frameworks/CoreMIDI : 375
Frameworks/CoreMIDIServer : 375
Frameworks/CoreML : 552
Frameworks/CoreMediaIO : 1621
Frameworks/CoreServices : 16
Frameworks/CoreSpotlight : 14
Frameworks/CoreTelephony : 33
Frameworks/CoreText : 261
Frameworks/CoreVideo : 523
Frameworks/CoreWLAN : 8
Frameworks/CryptoKit : 47
Frameworks/CryptoTokenKit : 13
Frameworks/DVDPlayback : 264
Frameworks/DeveloperToolsSupport : 2691
Frameworks/DeviceCheck : 965
Frameworks/DirectoryService : 609
Frameworks/DiscRecording : 1311
Frameworks/DiscRecordingUI : 1311
Frameworks/DiskArbitration : 485
Frameworks/DriverKit : 68
Frameworks/EventKit : 130
Frameworks/ExceptionHandling : 1331
Frameworks/ExternalAccessory : 150
Frameworks/FWAUserLib : 827
Frameworks/FileProvider : 184
Frameworks/FileProviderUI : 1536
Frameworks/ForceFeedback : 5369
Frameworks/GLKit : 2970
Frameworks/GLUT : 1235
Frameworks/GSS : 979
Frameworks/GameController : 642
Frameworks/GameKit : 36
Frameworks/GameplayKit : 1730
Frameworks/HIDDriverKit : 8
Frameworks/ICADevices : 943
Frameworks/IMServicePlugIn : 5
Frameworks/IOKit : 91
Frameworks/IOSurface : 123
Frameworks/IOUSBHost : 73
Frameworks/IdentityLookup : 69
Frameworks/ImageCaptureCore : 943
Frameworks/ImageIO : 267
Frameworks/InputMethodKit : 12
Frameworks/InstallerPlugins : 471
Frameworks/InstantMessage : 12584
Frameworks/Intents : 74
Frameworks/JavaNativeFoundation : 1115
Frameworks/JavaRuntimeSupport : 768
Frameworks/JavaScriptCore : 12
Frameworks/JavaVM : 972
Frameworks/Kerberos : 1102
Frameworks/KernelManagement : 8
Frameworks/LDAP : 881
Frameworks/LatentSemanticMapping : 574
Frameworks/LinkPresentation : 216
Frameworks/MLCompute : 365
Frameworks/MapKit : 81
Frameworks/MediaAccessibility : 2658
Frameworks/MediaLibrary : 888
Frameworks/Message : 14152
Frameworks/Metal : 13
Frameworks/MetalKit : 6125
Frameworks/MetalPerformanceShaders : 9
Frameworks/MetalPerformanceShadersGraph : 614
Frameworks/MetricKit : 3152
Frameworks/ModelIO : 392
Frameworks/MultipeerConnectivity : 937
Frameworks/NaturalLanguage : 1900
Frameworks/NearbyInteraction : 65
Frameworks/NetFS : 116
Frameworks/Network : 21
Frameworks/NetworkExtension : 98
Frameworks/NetworkingDriverKit : 478
Frameworks/OSAKit : 1061
Frameworks/OSLog : 84
Frameworks/OpenAL : 536
Frameworks/OpenCL : 784
Frameworks/OpenDirectory : 609
Frameworks/OpenGL : 12
Frameworks/PCIDriverKit : 226
Frameworks/PCSC : 8
Frameworks/ParavirtualizedGraphics : 144
Frameworks/PassKit : 68
Frameworks/PencilKit : 283
Frameworks/Photos : 53
Frameworks/PhotosUI : 53
Frameworks/PreferencePanes : 709
Frameworks/PushKit : 3461
Frameworks/Python : 254
Frameworks/QTKit : 3209
Frameworks/Quartz : 1964
Frameworks/QuickLook : 205
Frameworks/QuickLookThumbnailing : 86
Frameworks/RealityKit : 162
Frameworks/ReplayKit : 53
Frameworks/Ruby : 635
Frameworks/SafariServices : 11
Frameworks/SceneKit : 1300
Frameworks/ScreenSaver : 104
Frameworks/ScreenTime : 181
Frameworks/ScriptingBridge : 1367
Frameworks/Security : 14
Frameworks/SecurityFoundation : 1267
Frameworks/SecurityInterface : 792
Frameworks/SensorKit : 60
Frameworks/ServiceManagement : 281
Frameworks/Social : 452
Frameworks/SoundAnalysis : 47
Frameworks/Speech : 218
Frameworks/SpriteKit : 1783
Frameworks/StoreKit : 128
Frameworks/SwiftUI : 7
Frameworks/SyncServices : 603
Frameworks/System : 2222
Frameworks/SystemConfiguration : 97
Frameworks/SystemExtensions : 267
Frameworks/TWAIN : 1412
Frameworks/Tcl : 535
Frameworks/Tk : 535
Frameworks/USBDriverKit : 73
Frameworks/UniformTypeIdentifiers : 25
Frameworks/UserNotifications : 708
Frameworks/UserNotificationsUI : 147
Frameworks/VideoDecodeAcceleration : 6676
Frameworks/VideoSubscriberAccount : 80
Frameworks/Virtualization : 36
Frameworks/Vision : 380
Frameworks/WebKit : 13
Frameworks/WidgetKit : 33
Frameworks/_AuthenticationServices_SwiftUI : 3
Frameworks/_MapKit_SwiftUI : 195
Frameworks/_QuickLook_SwiftUI : 1770
Frameworks/_SceneKit_SwiftUI : 2816
Frameworks/_SpriteKit_SwiftUI : 4762
Frameworks/_StoreKit_SwiftUI : 320
Frameworks/vecLib : 1105
Frameworks/vmnet : 286
PrivateFrameworks/AACCore : 379
PrivateFrameworks/ACDEClient : 835
PrivateFrameworks/AFKUser : 49
PrivateFrameworks/AMPDevices : 10
PrivateFrameworks/AMPLibrary : 9
PrivateFrameworks/ANECompiler : 1103
PrivateFrameworks/ANEHostCompiler : 1099
PrivateFrameworks/ANEServices : 67
PrivateFrameworks/AOSAccounts : 1845
PrivateFrameworks/AOSAccountsLite : 1845
PrivateFrameworks/AOSKit : 413
PrivateFrameworks/AOSUI : 399
PrivateFrameworks/APTransport : 108
PrivateFrameworks/ASEProcessing : 933
PrivateFrameworks/ASOctaneSupport : 5
PrivateFrameworks/AVConference : 173
PrivateFrameworks/AVFCapture : 19
PrivateFrameworks/AVFCore : 17
PrivateFrameworks/AVFoundationCF : 63
PrivateFrameworks/AXAssetLoader : 49
PrivateFrameworks/AXCoreUtilities : 49
PrivateFrameworks/AXHearingCoreSupport : 5962
PrivateFrameworks/AXHearingSupport : 5962
PrivateFrameworks/AXMediaUtilities : 288
PrivateFrameworks/AXRuntime : 49
PrivateFrameworks/AccessibilityBundles : 394
PrivateFrameworks/AccessibilityPerformance : 425
PrivateFrameworks/AccessibilityPlatformTranslation : 37
PrivateFrameworks/AccessibilitySharedSupport : 37
PrivateFrameworks/AccessibilitySupport : 425
PrivateFrameworks/AccessoryNowPlaying : 170
PrivateFrameworks/AccountPolicy : 549
PrivateFrameworks/AccountsDaemon : 646
PrivateFrameworks/AccountsUI : 628
PrivateFrameworks/AdAnalytics : 617
PrivateFrameworks/AdCore : 94
PrivateFrameworks/AdID : 94
PrivateFrameworks/AdPlatforms : 94
PrivateFrameworks/AdPlatformsCommon : 83
PrivateFrameworks/AdPlatformsInternal : 94
PrivateFrameworks/AddressBookAutocomplete : 161
PrivateFrameworks/AddressBookCore : 70
PrivateFrameworks/Admin : 240
PrivateFrameworks/AggregateDictionary : 1172
PrivateFrameworks/AggregateDictionaryHistory : 1172
PrivateFrameworks/AirPlayReceiver : 93
PrivateFrameworks/AirPlaySender : 93
PrivateFrameworks/AirPlaySupport : 108
PrivateFrameworks/AirTrafficHost : 46
PrivateFrameworks/AlgosScoreFramework : 81
PrivateFrameworks/AmbientDisplay : 760
PrivateFrameworks/AnnotationKit : 420
PrivateFrameworks/AppAttestInternal : 965
PrivateFrameworks/AppContainer : 112
PrivateFrameworks/AppSSO : 116
PrivateFrameworks/AppSSOCore : 116
PrivateFrameworks/AppSSOKerberos : 116
PrivateFrameworks/AppSSOUI : 116
PrivateFrameworks/AppSandbox : 112
PrivateFrameworks/AppServerSupport : 279
PrivateFrameworks/AppStoreComponents : 9
PrivateFrameworks/AppStoreDaemon : 5
PrivateFrameworks/AppStoreFoundation : 5
PrivateFrameworks/AppStoreKit : 8
PrivateFrameworks/AppStoreUI : 9
PrivateFrameworks/AppSupport : 440
PrivateFrameworks/AppSupportUI : 4421
PrivateFrameworks/Apple80211 : 8
PrivateFrameworks/AppleAccount : 233
PrivateFrameworks/AppleAppSupport : 1964
PrivateFrameworks/AppleCVA : 210
PrivateFrameworks/AppleFSCompression : 10862
PrivateFrameworks/AppleFirmwareUpdate : 89
PrivateFrameworks/AppleGVA : 10
PrivateFrameworks/AppleGVACore : 10
PrivateFrameworks/AppleHIDTransportSupport : 1978
PrivateFrameworks/AppleIDAuthSupport : 2913
PrivateFrameworks/AppleIDSSOAuthentication : 2698
PrivateFrameworks/AppleJPEG : 438
PrivateFrameworks/AppleLDAP : 2729
PrivateFrameworks/AppleLOM : 274
PrivateFrameworks/AppleMediaServices : 12
PrivateFrameworks/AppleMediaServicesUI : 44
PrivateFrameworks/AppleMediaServicesUIDynamic : 76
PrivateFrameworks/AppleNVMe : 484
PrivateFrameworks/AppleNeuralEngine : 598
PrivateFrameworks/ApplePDPHelper : 15666
PrivateFrameworks/ApplePushService : 131
PrivateFrameworks/AppleSRP : 14742
PrivateFrameworks/AppleSauce : 2233
PrivateFrameworks/AppleScript : 548
PrivateFrameworks/AppleServiceToolkit : 743
PrivateFrameworks/AppleShareClientCore : 1019
PrivateFrameworks/AppleSystemInfo : 361
PrivateFrameworks/AppleVA : 819
PrivateFrameworks/AppleVPA : 324
PrivateFrameworks/AskPermission : 445
PrivateFrameworks/AssertionServices : 27
PrivateFrameworks/AssetCacheServices : 791
PrivateFrameworks/AssetCacheServicesExtensions : 791
PrivateFrameworks/AssetViewer : 481
PrivateFrameworks/AssetsLibraryServices : 53
PrivateFrameworks/AssistantServices : 188
PrivateFrameworks/AssistiveControlSupport : 126
PrivateFrameworks/AttributeGraph : 2105
PrivateFrameworks/AudioDSPManager : 756
PrivateFrameworks/AudioHistory : 756
PrivateFrameworks/AudioPasscode : 1071
PrivateFrameworks/AudioResourceArbitration : 621
PrivateFrameworks/AudioServerApplication : 319
PrivateFrameworks/AudioServerDriver : 319
PrivateFrameworks/AudioSession : 841
PrivateFrameworks/AudioToolboxCore : 51
PrivateFrameworks/AudioTransportCommon : 3300
PrivateFrameworks/AuthKit : 342
PrivateFrameworks/AuthKitUI : 325
PrivateFrameworks/AutoBugCaptureCore : 2027
PrivateFrameworks/AutoLoop : 5581
PrivateFrameworks/BackBoardServices : 373
PrivateFrameworks/BackgroundTaskManagement : 218
PrivateFrameworks/BaseBoard : 1749
PrivateFrameworks/BatteryUIKit : 845
PrivateFrameworks/BehaviorMiner : 907
PrivateFrameworks/BezelServices : 370
PrivateFrameworks/BioKitAggD : 13936
PrivateFrameworks/BiomeFoundation : 323
PrivateFrameworks/BiomePubSub : 323
PrivateFrameworks/BiomeStorage : 323
PrivateFrameworks/BiomeStreams : 323
PrivateFrameworks/BiometricKit : 151
PrivateFrameworks/BiometricKitUI : 17
PrivateFrameworks/BiometricSupport : 107
PrivateFrameworks/BlastDoor : 597
PrivateFrameworks/BluetoothManager : 10
PrivateFrameworks/BoardServices : 1749
PrivateFrameworks/Bom : 1166
PrivateFrameworks/BookCoverUtility : 188
PrivateFrameworks/BookKit : 188
PrivateFrameworks/BookKitFoundation : 188
PrivateFrameworks/BookUtility : 188
PrivateFrameworks/Bootability : 237
PrivateFrameworks/BridgeOSInstall : 540
PrivateFrameworks/BridgeOSInstallReporting : 540
PrivateFrameworks/BridgeOSObliteration : 369
PrivateFrameworks/BridgeOSSoftwareUpdate : 3741
PrivateFrameworks/BridgeXPC : 5203
PrivateFrameworks/BulkSymbolication : 1500
PrivateFrameworks/ByteRangeLocking : 4310
PrivateFrameworks/C2 : 1518
PrivateFrameworks/CDDataAccess : 125
PrivateFrameworks/CDDataAccessExpress : 125
PrivateFrameworks/CMCapture : 19
PrivateFrameworks/CMCaptureCore : 18
PrivateFrameworks/CPAnalytics : 53
PrivateFrameworks/CPMLBestShim : 5534
PrivateFrameworks/CPMS : 185
PrivateFrameworks/CVNLP : 823
PrivateFrameworks/CacheDelete : 241
PrivateFrameworks/CalDAV : 830
PrivateFrameworks/Calculate : 663
PrivateFrameworks/CalendarAgent : 481
PrivateFrameworks/CalendarAgentLink : 686
PrivateFrameworks/CalendarDraw : 731
PrivateFrameworks/CalendarFoundation : 100
PrivateFrameworks/CalendarNotification : 301
PrivateFrameworks/CalendarPersistence : 54
PrivateFrameworks/CalendarUI : 370
PrivateFrameworks/CalendarUIKit : 484
PrivateFrameworks/CalendarWidget : 1232
PrivateFrameworks/CallHistory : 110
PrivateFrameworks/CameraImagingFramework : 6515
PrivateFrameworks/CaptiveNetwork : 604
PrivateFrameworks/CardKit : 485
PrivateFrameworks/CardServices : 485
PrivateFrameworks/Cards : 485
PrivateFrameworks/Catalyst : 4856
PrivateFrameworks/Categories : 1827
PrivateFrameworks/CharacterPicker : 382
PrivateFrameworks/ChronoKit : 33
PrivateFrameworks/ChronoServices : 33
PrivateFrameworks/ChronoUIServices : 15
PrivateFrameworks/ChunkingLibrary : 3096
PrivateFrameworks/ClassKit : 53
PrivateFrameworks/ClassKitUI : 53
PrivateFrameworks/ClassroomKit : 89
PrivateFrameworks/ClockMenuExtraPreferences : 669
PrivateFrameworks/CloudDocs : 86
PrivateFrameworks/CloudDocsDaemon : 96
PrivateFrameworks/CloudFamilyRestrictions : 882
PrivateFrameworks/CloudFamilyRestrictionsDaemon : 882
PrivateFrameworks/CloudKitCode : 1153
PrivateFrameworks/CloudKitCodeProtobuf : 1153
PrivateFrameworks/CloudKitDaemon : 483
PrivateFrameworks/CloudPhotoLibrary : 53
PrivateFrameworks/CloudPhotoServices : 53
PrivateFrameworks/CloudPhotoServicesConfiguration : 53
PrivateFrameworks/CloudServices : 229
PrivateFrameworks/Coherence : 6071
PrivateFrameworks/CombineCocoa : 1815
PrivateFrameworks/CommerceKit : 9
PrivateFrameworks/CommonAuth : 979
PrivateFrameworks/CommonUtilities : 13527
PrivateFrameworks/CommunicationsFilter : 5055
PrivateFrameworks/ConditionInducer : 2049
PrivateFrameworks/ConfigProfileHelper : 179
PrivateFrameworks/ConfigurationEngineModel : 1767
PrivateFrameworks/ConfigurationProfiles : 179
PrivateFrameworks/ConfigurationProfilesUI : 74
PrivateFrameworks/ConsoleKit : 19
PrivateFrameworks/ConstantClasses : 985
PrivateFrameworks/ContactsAgent : 109
PrivateFrameworks/ContactsAssistantServices : 1780
PrivateFrameworks/ContactsAutocomplete : 65
PrivateFrameworks/ContactsAutocompleteUI : 643
PrivateFrameworks/ContactsDonation : 772
PrivateFrameworks/ContactsDonationFeedback : 772
PrivateFrameworks/ContactsFoundation : 1093
PrivateFrameworks/ContactsPersistence : 61
PrivateFrameworks/ContactsUICore : 274
PrivateFrameworks/ContactsUIMacHelper : 161
PrivateFrameworks/ContextKit : 1073
PrivateFrameworks/ContextKitExtraction : 1042
PrivateFrameworks/ContextualActionsClient : 4
PrivateFrameworks/ControlCenter : 33
PrivateFrameworks/ConversationKit : 96
PrivateFrameworks/CoreADI : 407
PrivateFrameworks/CoreAUC : 36
PrivateFrameworks/CoreAVCHD : 4556
PrivateFrameworks/CoreAccessories : 170
PrivateFrameworks/CoreAnalytics : 11
PrivateFrameworks/CoreAppleCVA : 759
PrivateFrameworks/CoreAutoLayout : 221
PrivateFrameworks/CoreBrightness : 20
PrivateFrameworks/CoreCDP : 132
PrivateFrameworks/CoreCDPInternal : 132
PrivateFrameworks/CoreCDPUI : 132
PrivateFrameworks/CoreCapture : 1845
PrivateFrameworks/CoreCaptureControl : 1845
PrivateFrameworks/CoreCaptureDaemon : 1845
PrivateFrameworks/CoreChart : 1195
PrivateFrameworks/CoreChineseEngine : 644
PrivateFrameworks/CoreDAV : 819
PrivateFrameworks/CoreDaemon : 1191
PrivateFrameworks/CoreDuet : 393
PrivateFrameworks/CoreDuetContext : 393
PrivateFrameworks/CoreDuetDaemonProtocol : 393
PrivateFrameworks/CoreDuetDataModel : 393
PrivateFrameworks/CoreDuetDebugLogging : 393
PrivateFrameworks/CoreDuetStatistics : 393
PrivateFrameworks/CoreDuetSync : 393
PrivateFrameworks/CoreEmoji : 677
PrivateFrameworks/CoreFP : 128
PrivateFrameworks/CoreFollowUp : 194
PrivateFrameworks/CoreFollowUpUI : 194
PrivateFrameworks/CoreHandwriting : 1103
PrivateFrameworks/CoreJapaneseEngine : 542
PrivateFrameworks/CoreKDL : 3626
PrivateFrameworks/CoreKE : 222
PrivateFrameworks/CoreKnowledge : 1964
PrivateFrameworks/CoreLSKD : 336
PrivateFrameworks/CoreLSKDMSE : 1265
PrivateFrameworks/CoreLocationProtobuf : 1063
PrivateFrameworks/CoreMLTestFramework : 320
PrivateFrameworks/CoreMaterial : 92
PrivateFrameworks/CoreMediaStream : 53
PrivateFrameworks/CoreNLP : 1970
PrivateFrameworks/CoreNameParser : 4204
PrivateFrameworks/CoreNavigation : 217
PrivateFrameworks/CoreOptimization : 5534
PrivateFrameworks/CorePDF : 2712
PrivateFrameworks/CorePhoneNumbers : 65
PrivateFrameworks/CorePrediction : 5534
PrivateFrameworks/CoreRC : 1834
PrivateFrameworks/CoreRE : 57
PrivateFrameworks/CoreRecents : 1072
PrivateFrameworks/CoreRecognition : 2016
PrivateFrameworks/CoreRoutine : 133
PrivateFrameworks/CoreSDB : 1186
PrivateFrameworks/CoreSVG : 1840
PrivateFrameworks/CoreServicesInternal : 451
PrivateFrameworks/CoreSpeech : 58
PrivateFrameworks/CoreSpotlightImportDaemon : 14
PrivateFrameworks/CoreSuggestions : 222
PrivateFrameworks/CoreSuggestionsInternals : 222
PrivateFrameworks/CoreSuggestionsML : 222
PrivateFrameworks/CoreSuggestionsUI : 222
PrivateFrameworks/CoreSymbolication : 777
PrivateFrameworks/CoreThemeDefinition : 1407
PrivateFrameworks/CoreTime : 498
PrivateFrameworks/CoreUARP : 89
PrivateFrameworks/CoreUI : 14
PrivateFrameworks/CoreUtils : 592
PrivateFrameworks/CoreUtilsSwift : 8685
PrivateFrameworks/CoreUtilsUI : 552
PrivateFrameworks/CoreWLANKit : 9
PrivateFrameworks/CoreWiFi : 8
PrivateFrameworks/CryptoKitCBridging : 47
PrivateFrameworks/CryptoKitPrivate : 47
PrivateFrameworks/DAAPKit : 49
PrivateFrameworks/DCERPC : 1393
PrivateFrameworks/DCIMServices : 53
PrivateFrameworks/DFRBrightness : 20
PrivateFrameworks/DFRDisplay : 742
PrivateFrameworks/DFRFoundation : 64
PrivateFrameworks/DSExternalDisplay : 1321
PrivateFrameworks/DVD : 16020
PrivateFrameworks/DataDeliveryServices : 1276
PrivateFrameworks/DataDetectors : 229
PrivateFrameworks/DataDetectorsCore : 2007
PrivateFrameworks/DataDetectorsNaturalLanguage : 3076
PrivateFrameworks/DebugSymbols : 746
PrivateFrameworks/DesktopServicesPriv : 97
PrivateFrameworks/DeviceCheckInternal : 965
PrivateFrameworks/DeviceLink : 2644
PrivateFrameworks/DeviceManagement : 1767
PrivateFrameworks/DeviceToDeviceManager : 15876
PrivateFrameworks/DiagnosticExtensions : 2424
PrivateFrameworks/DiagnosticExtensionsDaemon : 102
PrivateFrameworks/DiagnosticLogCollection : 959
PrivateFrameworks/DiagnosticRequest : 1741
PrivateFrameworks/DiagnosticRequestService : 2027
PrivateFrameworks/DiagnosticsKit : 1859
PrivateFrameworks/DialogEngine : 84
PrivateFrameworks/DifferentialPrivacy : 132
PrivateFrameworks/DigitalTouchShared : 743
PrivateFrameworks/DirectoryEditor : 1302
PrivateFrameworks/DirectoryServer : 12578
PrivateFrameworks/DiskImages : 690
PrivateFrameworks/DiskImages2 : 3967
PrivateFrameworks/DiskManagement : 241
PrivateFrameworks/DiskSpaceDiagnostics : 718
PrivateFrameworks/DisplayServices : 1536
PrivateFrameworks/DisplayTransportServices : 3345
PrivateFrameworks/DistributedEvaluation : 2599
PrivateFrameworks/DocumentCamera : 5397
PrivateFrameworks/DrawingKit : 420
PrivateFrameworks/DuetRecommendation : 393
PrivateFrameworks/DynamicDesktop : 255
PrivateFrameworks/EAFirmwareUpdater : 89
PrivateFrameworks/EAP8021X : 1103
PrivateFrameworks/EFILogin : 225
PrivateFrameworks/EasyConfig : 592
PrivateFrameworks/EmbeddedAcousticRecognition : 136
PrivateFrameworks/EmbeddedOSInstall : 355
PrivateFrameworks/EmbeddedOSSupportHost : 160
PrivateFrameworks/EmbeddedSensingProtocols : 2640
PrivateFrameworks/EmojiFoundation : 499
PrivateFrameworks/Engram : 959
PrivateFrameworks/Espresso : 694
PrivateFrameworks/ExchangeSync : 600
PrivateFrameworks/ExchangeWebServices : 827
PrivateFrameworks/ExpansionSlotSupport : 395
PrivateFrameworks/ExtensionFoundation : 207
PrivateFrameworks/ExtensionKit : 207
PrivateFrameworks/FMClient : 10471
PrivateFrameworks/FMCore : 1802
PrivateFrameworks/FMCoreLite : 1805
PrivateFrameworks/FMCoreUI : 1152
PrivateFrameworks/FMF : 920
PrivateFrameworks/FMFUI : 920
PrivateFrameworks/FMNetworking : 111
PrivateFrameworks/FTAWD : 959
PrivateFrameworks/FTClientServices : 24
PrivateFrameworks/FTServices : 24
PrivateFrameworks/FWAVC : 1621
PrivateFrameworks/FaceCore : 869
PrivateFrameworks/FamilyCircle : 467
PrivateFrameworks/FamilyCircleUI : 467
PrivateFrameworks/FamilyControls : 924
PrivateFrameworks/FamilyNotification : 467
PrivateFrameworks/FeatureFlags : 625
PrivateFrameworks/FeatureFlagsSupport : 625
PrivateFrameworks/FeedbackLogger : 85
PrivateFrameworks/FileProvider : 184
PrivateFrameworks/FileProviderDaemon : 185
PrivateFrameworks/FilesActionsUI : 1536
PrivateFrameworks/FindMyDevice : 63
PrivateFrameworks/FindMyDeviceUI : 1419
PrivateFrameworks/FindMyMac : 385
PrivateFrameworks/FlightUtilities : 1019
PrivateFrameworks/FlightUtilitiesCore : 1019
PrivateFrameworks/FlowFrameKit : 67
PrivateFrameworks/FolderActionsKit : 822
PrivateFrameworks/FontServices : 839
PrivateFrameworks/FoundInAppsPlugins : 391
PrivateFrameworks/FoundationODR : 5
PrivateFrameworks/FrontBoardServices : 105
PrivateFrameworks/FuseBoard : 193
PrivateFrameworks/FuseBoardServices : 208
PrivateFrameworks/FusionPluginKit : 703
PrivateFrameworks/FusionPluginServices : 703
PrivateFrameworks/Futhark : 2602
PrivateFrameworks/GPUInfo : 75
PrivateFrameworks/GPURawCounter : 2033
PrivateFrameworks/GPUSupport : 12
PrivateFrameworks/GPUWrangler : 13
PrivateFrameworks/GameCenterFoundation : 36
PrivateFrameworks/GameCenterUI : 36
PrivateFrameworks/GameCenterUICore : 36
PrivateFrameworks/GameKitServices : 173
PrivateFrameworks/GenerationalStorage : 3528
PrivateFrameworks/GeoKit : 428
PrivateFrameworks/GeoServices : 188
PrivateFrameworks/Geode : 53
PrivateFrameworks/GraphKit : 14464
PrivateFrameworks/GraphVisualizer : 5572
PrivateFrameworks/GraphicsServices : 5822
PrivateFrameworks/H10ISPServices : 258
PrivateFrameworks/H13ISPServices : 112
PrivateFrameworks/HDAInterface : 2230
PrivateFrameworks/HDRProcessing : 203
PrivateFrameworks/HID : 8
PrivateFrameworks/HIDAnalytics : 8
PrivateFrameworks/HIDDisplay : 8
PrivateFrameworks/HIDPreferences : 8
PrivateFrameworks/HMFoundation : 912
PrivateFrameworks/HTTPServer : 842
PrivateFrameworks/HearingCore : 107
PrivateFrameworks/HearingUtilities : 107
PrivateFrameworks/HeimODAdmin : 298
PrivateFrameworks/Heimdal : 979
PrivateFrameworks/Helium : 858
PrivateFrameworks/HelloWorldMacHelper : 208
PrivateFrameworks/HelpData : 565
PrivateFrameworks/HomeAI : 258
PrivateFrameworks/HomeKitCore : 6
PrivateFrameworks/IAP : 2817
PrivateFrameworks/IASUtilities : 329
PrivateFrameworks/IDS : 24
PrivateFrameworks/IDSFoundation : 24
PrivateFrameworks/IDSHashPersistence : 116
PrivateFrameworks/IDSKVStore : 116
PrivateFrameworks/IDSSystemPreferencesSignIn : 24
PrivateFrameworks/IMAP : 25
PrivateFrameworks/IMAVCore : 4829
PrivateFrameworks/IMAssistantCore : 5
PrivateFrameworks/IMCore : 5
PrivateFrameworks/IMCorePipeline : 5
PrivateFrameworks/IMDMessageServices : 5
PrivateFrameworks/IMDPersistence : 5
PrivateFrameworks/IMDaemonCore : 5
PrivateFrameworks/IMFoundation : 959
PrivateFrameworks/IMSharedUI : 5
PrivateFrameworks/IMSharedUtilities : 5
PrivateFrameworks/IMTranscoderAgent : 5
PrivateFrameworks/IMTranscoding : 5
PrivateFrameworks/IMTransferAgent : 5
PrivateFrameworks/IMTransferServices : 959
PrivateFrameworks/IOAccelMemoryInfo : 620
PrivateFrameworks/IOAccelerator : 620
PrivateFrameworks/IOCEC : 22286
PrivateFrameworks/IOGPU : 21
PrivateFrameworks/IOImageLoader : 3285
PrivateFrameworks/IOKitten : 3300
PrivateFrameworks/IOMobileFramebuffer : 23
PrivateFrameworks/IOPlatformPluginFamily : 1626
PrivateFrameworks/IOPresentment : 216
PrivateFrameworks/IOSurfaceAccelerator : 1161
PrivateFrameworks/ISSupport : 12434
PrivateFrameworks/IconFoundation : 55
PrivateFrameworks/IconServices : 55
PrivateFrameworks/IdleTimerServices : 1946
PrivateFrameworks/InAppMessages : 284
PrivateFrameworks/InAppMessagesCore : 800
PrivateFrameworks/IncomingCallFilter : 5055
PrivateFrameworks/InertiaCam : 625
PrivateFrameworks/InputContext : 1818
PrivateFrameworks/InputTranscoder : 2262
PrivateFrameworks/Install : 393
PrivateFrameworks/InstallCoordination : 31
PrivateFrameworks/InstallerDiagnostics : 2969
PrivateFrameworks/IntentsCore : 74
PrivateFrameworks/IntentsFoundation : 74
PrivateFrameworks/IntentsServices : 74
PrivateFrameworks/InternalSwiftProtobuf : 838
PrivateFrameworks/InternationalSupport : 472
PrivateFrameworks/InternationalTextSearch : 2180
PrivateFrameworks/InternetAccounts : 1277
PrivateFrameworks/IntlPreferences : 80
PrivateFrameworks/JavaLaunching : 530
PrivateFrameworks/JavaScriptAppleEvents : 1492
PrivateFrameworks/JavaScriptOSA : 849
PrivateFrameworks/Jet : 763
PrivateFrameworks/JetEngine : 121
PrivateFrameworks/JetUI : 142
PrivateFrameworks/KerberosHelper : 4539
PrivateFrameworks/KeyboardServices : 2072
PrivateFrameworks/KeychainCircle : 14
PrivateFrameworks/KnowledgeGraphKit : 60
PrivateFrameworks/KnowledgeMonitor : 708
PrivateFrameworks/LanguageModeling : 362
PrivateFrameworks/Lexicon : 875
PrivateFrameworks/LibraryRepair : 3077
PrivateFrameworks/LimitAdTracking : 94
PrivateFrameworks/LinguisticData : 226
PrivateFrameworks/LinkPresentation : 216
PrivateFrameworks/LockoutUI : 6581
PrivateFrameworks/LoggingSupport : 84
PrivateFrameworks/LoginUIKit : 130
PrivateFrameworks/Lookup : 298
PrivateFrameworks/MDSChannel : 4284
PrivateFrameworks/MFAAuthentication : 170
PrivateFrameworks/MFiAuthentication : 2817
PrivateFrameworks/MMCS : 1518
PrivateFrameworks/MMCSServices : 5
PrivateFrameworks/MSUDataAccessor : 40
PrivateFrameworks/MTLCompiler : 13
PrivateFrameworks/MTLSimImplementation : 13
PrivateFrameworks/MachineSettings : 6923
PrivateFrameworks/Mail : 25
PrivateFrameworks/MailCore : 25
PrivateFrameworks/MailService : 25
PrivateFrameworks/MailUI : 25
PrivateFrameworks/MallocStackLogging : 211
PrivateFrameworks/ManagedClient : 179
PrivateFrameworks/Mangrove : 2552
PrivateFrameworks/MapsSync : 155
PrivateFrameworks/Marco : 959
PrivateFrameworks/MarkupUI : 420
PrivateFrameworks/MaterialKit : 92
PrivateFrameworks/MediaControlSender : 108
PrivateFrameworks/MediaConversionService : 53
PrivateFrameworks/MediaFoundation : 7
PrivateFrameworks/MediaKit : 1318
PrivateFrameworks/MediaMiningKit : 60
PrivateFrameworks/MediaRemote : 5
PrivateFrameworks/MediaServices : 37
PrivateFrameworks/MediaStream : 53
PrivateFrameworks/Memories : 2611
PrivateFrameworks/MessageProtection : 1394
PrivateFrameworks/MessageSecurity : 1142
PrivateFrameworks/MessagesBlastDoorSupport : 597
PrivateFrameworks/MetalSerializer : 13
PrivateFrameworks/MetalTools : 13
PrivateFrameworks/MetricKitCore : 3152
PrivateFrameworks/MetricKitServices : 3152
PrivateFrameworks/MetricKitSource : 3152
PrivateFrameworks/MetricMeasurement : 3152
PrivateFrameworks/MiniSoftwareUpdate : 633
PrivateFrameworks/MobileAccessoryUpdater : 89
PrivateFrameworks/MobileAsset : 332
PrivateFrameworks/MobileAssetUpdater : 89
PrivateFrameworks/MobileBluetooth : 10
PrivateFrameworks/MobileContainerManager : 1071
PrivateFrameworks/MobileDevice : 494
PrivateFrameworks/MobileIcons : 55
PrivateFrameworks/MobileKeyBag : 126
PrivateFrameworks/MobileObliteration : 369
PrivateFrameworks/MobileSpotlightIndex : 14
PrivateFrameworks/MobileStorage : 504
PrivateFrameworks/MobileStoreDemoCore : 192
PrivateFrameworks/MobileSystemServices : 6128
PrivateFrameworks/Mondrian : 53
PrivateFrameworks/MonitorPanel : 620
PrivateFrameworks/Montreal : 865
PrivateFrameworks/MorphunAssetsUpdater : 191
PrivateFrameworks/MorphunSwift : 307
PrivateFrameworks/MultitouchSupport : 279
PrivateFrameworks/MultiverseSupport : 1274
PrivateFrameworks/MusicLibrary : 39
PrivateFrameworks/NLP : 762
PrivateFrameworks/NPTKit : 346
PrivateFrameworks/Navigation : 96
PrivateFrameworks/NearField : 136
PrivateFrameworks/NetAppsUtilities : 6098
PrivateFrameworks/NetAuth : 1303
PrivateFrameworks/NetFSServer : 119
PrivateFrameworks/Netrb : 746
PrivateFrameworks/Network : 21
PrivateFrameworks/NetworkServiceProxy : 12950
PrivateFrameworks/NetworkStatistics : 3920
PrivateFrameworks/NeutrinoCore : 53
PrivateFrameworks/NeutrinoKit : 53
PrivateFrameworks/Notes : 225
PrivateFrameworks/NotesShared : 225
PrivateFrameworks/NotesUI : 225
PrivateFrameworks/Noticeboard : 1866
PrivateFrameworks/OAuth : 25637
PrivateFrameworks/ODML : 94
PrivateFrameworks/OSAServicesClient : 73
PrivateFrameworks/OSASubmissionClient : 72
PrivateFrameworks/OSASyncProxyClient : 72
PrivateFrameworks/OSAnalytics : 73
PrivateFrameworks/OSAnalyticsPrivate : 72
PrivateFrameworks/OSD : 4087
PrivateFrameworks/OSInstaller : 164
PrivateFrameworks/OSPersonalization : 1822
PrivateFrameworks/OSUpdate : 68
PrivateFrameworks/OTSVG : 261
PrivateFrameworks/OctagonTrust : 14
PrivateFrameworks/OfficeImport : 1721
PrivateFrameworks/OnBoardingKit : 33
PrivateFrameworks/OpenDirectoryConfig : 15732
PrivateFrameworks/OpenDirectoryConfigUI : 613
PrivateFrameworks/Osprey : 990
PrivateFrameworks/PAImaging : 53
PrivateFrameworks/PAImagingCore : 53
PrivateFrameworks/PDS : 116
PrivateFrameworks/PDSAgent : 116
PrivateFrameworks/PIP : 2692
PrivateFrameworks/PSNormalizer : 938
PrivateFrameworks/PackageKit : 236
PrivateFrameworks/PacketFilter : 1374
PrivateFrameworks/ParsecUI : 15
PrivateFrameworks/PassKit : 68
PrivateFrameworks/PassKitCore : 73
PrivateFrameworks/PassKitMacHelper : 52
PrivateFrameworks/PassKitUI : 17
PrivateFrameworks/PassKitUIFoundation : 23
PrivateFrameworks/PasswordServer : 9568
PrivateFrameworks/PegasusAPI : 18
PrivateFrameworks/PegasusKit : 18
PrivateFrameworks/PencilKit : 283
PrivateFrameworks/PeopleSuggester : 393
PrivateFrameworks/PerformanceAnalysis : 1500
PrivateFrameworks/PerformanceTrace : 109
PrivateFrameworks/PersistentConnection : 4452
PrivateFrameworks/PersonaKit : 2621
PrivateFrameworks/PersonaUI : 2621
PrivateFrameworks/PersonalizationPortrait : 391
PrivateFrameworks/PersonalizationPortraitInternals : 391
PrivateFrameworks/PhoneNumberResolver : 272
PrivateFrameworks/PhoneNumbers : 65
PrivateFrameworks/PhotoAnalysis : 60
PrivateFrameworks/PhotoFoundation : 53
PrivateFrameworks/PhotoImaging : 53
PrivateFrameworks/PhotoLibrary : 53
PrivateFrameworks/PhotoLibraryServices : 53
PrivateFrameworks/PhotoPrintProduct : 1742
PrivateFrameworks/PhotoVision : 53
PrivateFrameworks/PhotosFormats : 53
PrivateFrameworks/PhotosGraph : 60
PrivateFrameworks/PhotosImagingFoundation : 53
PrivateFrameworks/PhotosPlayer : 53
PrivateFrameworks/PhotosUIApps : 60
PrivateFrameworks/PhotosUICore : 53
PrivateFrameworks/PhysicsKit : 1449
PrivateFrameworks/PlacesKit : 53
PrivateFrameworks/PlugInKit : 95
PrivateFrameworks/PodcastsFoundation : 62
PrivateFrameworks/PowerLog : 6
PrivateFrameworks/PowerUI : 192
PrivateFrameworks/PowerlogControl : 6
PrivateFrameworks/PowerlogCore : 6
PrivateFrameworks/PowerlogDatabaseReader : 6
PrivateFrameworks/PowerlogFullOperators : 6
PrivateFrameworks/PowerlogHelperdOperators : 6
PrivateFrameworks/PowerlogLiteOperators : 6
PrivateFrameworks/PreferencePanesSupport : 536
PrivateFrameworks/PrintKit : 2530
PrivateFrameworks/PrintingPrivate : 378
PrivateFrameworks/PrivateFederatedLearning : 2769
PrivateFrameworks/ProVideo : 1258
PrivateFrameworks/ProactiveEventTracker : 371
PrivateFrameworks/ProactiveExperiments : 222
PrivateFrameworks/ProactiveExperimentsInternals : 222
PrivateFrameworks/ProactiveInputPredictions : 222
PrivateFrameworks/ProactiveInputPredictionsInternals : 222
PrivateFrameworks/ProactiveML : 222
PrivateFrameworks/ProactiveSupport : 371
PrivateFrameworks/ProactiveSupportStubs : 371
PrivateFrameworks/PromotedContentSupport : 83
PrivateFrameworks/ProofReader : 346
PrivateFrameworks/ProtectedCloudStorage : 276
PrivateFrameworks/ProtocolBuffer : 773
PrivateFrameworks/PrototypeTools : 2581
PrivateFrameworks/PubSub : 6
PrivateFrameworks/QLCharts : 1721
PrivateFrameworks/Quagga : 620
PrivateFrameworks/QuickLookIosmac : 205
PrivateFrameworks/QuickLookNonBaseSystem : 198
PrivateFrameworks/QuickLookSupport : 86
PrivateFrameworks/QuickLookThumbnailing : 86
PrivateFrameworks/QuickLookThumbnailingDaemon : 87
PrivateFrameworks/QuickLookUIIosmac : 205
PrivateFrameworks/RTBuddyCrashlogDecoder : 610
PrivateFrameworks/RTCReporting : 71
PrivateFrameworks/RTTUI : 107
PrivateFrameworks/RTTUtilities : 107
PrivateFrameworks/RapportUI : 94
PrivateFrameworks/ReminderKit : 125
PrivateFrameworks/ReminderKitInternal : 519
PrivateFrameworks/ReminderKitUI : 125
PrivateFrameworks/ReminderMigration : 789
PrivateFrameworks/RemindersToolbox : 2551
PrivateFrameworks/RemindersUICore : 720
PrivateFrameworks/RemoteConfiguration : 75
PrivateFrameworks/RemoteCoreML : 5050
PrivateFrameworks/RemoteManagement : 2486
PrivateFrameworks/RemoteServiceDiscovery : 274
PrivateFrameworks/RemoteTextInput : 3607
PrivateFrameworks/RemoteViewServices : 613
PrivateFrameworks/RemoteXPC : 274
PrivateFrameworks/RenderBox : 412
PrivateFrameworks/ReplayKitMacHelper : 56
PrivateFrameworks/ResponseKit : 397
PrivateFrameworks/Restore : 361
PrivateFrameworks/Reveal : 661
PrivateFrameworks/RevealCore : 661
PrivateFrameworks/RunningBoard : 27
PrivateFrameworks/RunningBoardServices : 27
PrivateFrameworks/SAObjects : 182
PrivateFrameworks/SCEP : 863
PrivateFrameworks/SDAPI : 4955
PrivateFrameworks/SMBClient : 35
PrivateFrameworks/SMBClientEngine : 870
PrivateFrameworks/SPFinder : 63
PrivateFrameworks/SPOwner : 63
PrivateFrameworks/SPShared : 111
PrivateFrameworks/SPSupport : 386
PrivateFrameworks/SafeEjectGPU : 817
PrivateFrameworks/SampleAnalysis : 1500
PrivateFrameworks/ScoreBoard : 3150
PrivateFrameworks/ScreenReader : 49
PrivateFrameworks/ScreenReaderCore : 49
PrivateFrameworks/ScreenSharing : 375
PrivateFrameworks/ScreenTimeCore : 271
PrivateFrameworks/ScreenTimeServiceUI : 94
PrivateFrameworks/ScreenTimeSettingsUI : 181
PrivateFrameworks/SearchAds : 94
PrivateFrameworks/SearchSuggestions : 15
PrivateFrameworks/SearchUI : 166
PrivateFrameworks/SearchUICardKitProviderSupport : 385
PrivateFrameworks/SecCodeWrapper : 112
PrivateFrameworks/SecureChannel : 1897
PrivateFrameworks/SecurityTokend : 6816
PrivateFrameworks/Seeding : 415
PrivateFrameworks/SemanticDocumentManagement : 4334
PrivateFrameworks/SensingProtocols : 2640
PrivateFrameworks/Sentry : 1597
PrivateFrameworks/ServerCompatibility : 4732
PrivateFrameworks/ServerInformation : 729
PrivateFrameworks/SetupKit : 552
PrivateFrameworks/ShareKit : 210
PrivateFrameworks/SharePointManagement : 216
PrivateFrameworks/ShareServicesCore : 53
PrivateFrameworks/ShareSheet : 98
PrivateFrameworks/SharedWebCredentials : 375
PrivateFrameworks/Sharing : 269
PrivateFrameworks/SharingXPCServices : 257
PrivateFrameworks/ShazamInsights : 444
PrivateFrameworks/ShazamKit : 444
PrivateFrameworks/ShazamKitUI : 444
PrivateFrameworks/ShoveService : 236
PrivateFrameworks/SidecarCore : 553
PrivateFrameworks/SidecarUI : 553
PrivateFrameworks/SignpostCollection : 1834
PrivateFrameworks/SignpostMetrics : 1834
PrivateFrameworks/SignpostNotification : 735
PrivateFrameworks/SignpostSupport : 1834
PrivateFrameworks/SiriAppResolution : 67
PrivateFrameworks/SiriAudioInternal : 130
PrivateFrameworks/SiriAudioSupport : 130
PrivateFrameworks/SiriClientFlow : 1276
PrivateFrameworks/SiriCore : 192
PrivateFrameworks/SiriDailyBriefingInternal : 943
PrivateFrameworks/SiriDialogEngine : 1294
PrivateFrameworks/SiriGeo : 1411
PrivateFrameworks/SiriInference : 65
PrivateFrameworks/SiriInstrumentation : 83
PrivateFrameworks/SiriIntentEvents : 65
PrivateFrameworks/SiriKitFlow : 67
PrivateFrameworks/SiriKitInvocation : 84
PrivateFrameworks/SiriKitRuntime : 67
PrivateFrameworks/SiriObservation : 188
PrivateFrameworks/SiriOntology : 132
PrivateFrameworks/SiriOntologyProtobuf : 132
PrivateFrameworks/SiriPlaybackControlIntents : 80
PrivateFrameworks/SiriPlaybackControlSupport : 80
PrivateFrameworks/SiriSpeechSynthesis : 228
PrivateFrameworks/SiriTTS : 8
PrivateFrameworks/SiriTasks : 188
PrivateFrameworks/SiriVOX : 192
PrivateFrameworks/SiriVideoIntents : 91
PrivateFrameworks/Slideshows : 416
PrivateFrameworks/SocialServices : 442
PrivateFrameworks/SoftLinking : 603
PrivateFrameworks/SoftwareUpdate : 68
PrivateFrameworks/SoftwareUpdateMacController : 202
PrivateFrameworks/SpanMatcher : 192
PrivateFrameworks/SpeakerRecognition : 58
PrivateFrameworks/SpeechDictionary : 1469
PrivateFrameworks/SpeechObjects : 396
PrivateFrameworks/SpeechRecognitionCommandServices : 288
PrivateFrameworks/SpeechRecognitionCore : 927
PrivateFrameworks/Spotlight : 15
PrivateFrameworks/SpotlightDaemon : 14
PrivateFrameworks/SpotlightIndexUtilities : 14
PrivateFrameworks/SpotlightLinguistics : 14
PrivateFrameworks/SpotlightReceiver : 14
PrivateFrameworks/SpotlightServices : 15
PrivateFrameworks/StorageKit : 589
PrivateFrameworks/StorageManagement : 548
PrivateFrameworks/StoreFoundation : 9
PrivateFrameworks/StoreJavaScript : 9
PrivateFrameworks/StoreKitMacHelper : 88
PrivateFrameworks/StoreKitUIMac : 88
PrivateFrameworks/StoreServices : 1089
PrivateFrameworks/StoreUI : 9
PrivateFrameworks/StreamingZip : 557
PrivateFrameworks/Suggestions : 683
PrivateFrameworks/SuggestionsSpotlightMetrics : 222
PrivateFrameworks/Symbolication : 211
PrivateFrameworks/SymptomDiagnosticReporter : 1741
PrivateFrameworks/SymptomReporter : 81
PrivateFrameworks/Symptoms : 81
PrivateFrameworks/SyncServicesUI : 603
PrivateFrameworks/SystemAdministration : 240
PrivateFrameworks/SystemAdministrationInterface : 1087
PrivateFrameworks/SystemDesktopAppearance : 56
PrivateFrameworks/SystemUIPlugin : 1143
PrivateFrameworks/TCC : 58
PrivateFrameworks/TTYUtilities : 5962
PrivateFrameworks/TVRemoteCore : 1064
PrivateFrameworks/TelephonyUtilities : 146
PrivateFrameworks/TemplateKit : 164
PrivateFrameworks/TextInputMenuUI : 258
PrivateFrameworks/TextRecognition : 2011
PrivateFrameworks/TextToSpeech : 220
PrivateFrameworks/TextureIO : 11676
PrivateFrameworks/TimeMachine : 519
PrivateFrameworks/TimeSync : 1801
PrivateFrameworks/Timeline : 1437
PrivateFrameworks/ToneKit : 81
PrivateFrameworks/ToneLibrary : 81
PrivateFrameworks/Tourist : 226
PrivateFrameworks/Translation : 39
PrivateFrameworks/Transparency : 441
PrivateFrameworks/TransparencyDetailsViewMac : 94
PrivateFrameworks/Trial : 165
PrivateFrameworks/TrialProto : 165
PrivateFrameworks/TrialServer : 165
PrivateFrameworks/TrustEvaluationAgent : 1648
PrivateFrameworks/TrustedPeers : 14
PrivateFrameworks/TuriCore : 294
PrivateFrameworks/UARPiCloud : 89
PrivateFrameworks/UAUPlugin : 1854
PrivateFrameworks/UIKitServices : 11
PrivateFrameworks/UIKitSystemAppServices : 208
PrivateFrameworks/UIRecording : 2667
PrivateFrameworks/URLFormatting : 211
PrivateFrameworks/USDKit : 293
PrivateFrameworks/UXKit : 53
PrivateFrameworks/Uninstall : 23
PrivateFrameworks/UniversalAccess : 372
PrivateFrameworks/UsageTracking : 1937
PrivateFrameworks/UserActivity : 438
PrivateFrameworks/UserManagement : 1676
PrivateFrameworks/VCXMPP : 1854
PrivateFrameworks/VFX : 2451
PrivateFrameworks/VFXBase : 2451
PrivateFrameworks/VectorKit : 300
PrivateFrameworks/VideoProcessing : 191
PrivateFrameworks/VideoSubscriberAccountUI : 79
PrivateFrameworks/ViewBridge : 113
PrivateFrameworks/VirtualGarage : 96
PrivateFrameworks/VisionKit : 5288
PrivateFrameworks/VisualPairing : 2985
PrivateFrameworks/VisualTestKit : 2959
PrivateFrameworks/VoiceTrigger : 6559
PrivateFrameworks/WPDaemon : 1921
PrivateFrameworks/WatchdogClient : 91
PrivateFrameworks/WeatherFoundation : 133
PrivateFrameworks/WeatherKit : 837
PrivateFrameworks/WebContentAnalysis : 2125
PrivateFrameworks/WebFilterDNS : 2125
PrivateFrameworks/WebInspector : 11
PrivateFrameworks/WebInspectorUI : 14
PrivateFrameworks/WiFiAnalytics : 9
PrivateFrameworks/WiFiCloudSyncEngine : 325
PrivateFrameworks/WiFiPeerToPeer : 602
PrivateFrameworks/WiFiPolicy : 877
PrivateFrameworks/WildDevices : 652
PrivateFrameworks/WirelessCoexManager : 395
PrivateFrameworks/WirelessDiagnostics : 12148
PrivateFrameworks/WirelessProximity : 1921
PrivateFrameworks/WorkflowUIServices : 89
PrivateFrameworks/XARTRecovery : 45
PrivateFrameworks/XCTAutomationSupport : 544
PrivateFrameworks/XCTTargetBootstrap : 544
PrivateFrameworks/XGBoostFramework : 552
PrivateFrameworks/XQuery : 6112
PrivateFrameworks/XprotectFramework : 136
PrivateFrameworks/ZhuGeSupport : 1909
PrivateFrameworks/acfs : 324
PrivateFrameworks/acfsSupport : 132
PrivateFrameworks/caulk : 2250
PrivateFrameworks/iAdCore : 617
PrivateFrameworks/iAdServices : 617
PrivateFrameworks/iCalendar : 690
PrivateFrameworks/iCloudNotification : 2202
PrivateFrameworks/iLifeMediaBrowser : 888
PrivateFrameworks/iPod : 1127
PrivateFrameworks/iPodSync : 3714
PrivateFrameworks/iPodUpdater : 3290
PrivateFrameworks/iTunesCloud : 46
PrivateFrameworks/iWorkXPC : 2989
PrivateFrameworks/kperf : 1541
PrivateFrameworks/kperfdata : 1541
PrivateFrameworks/ktrace : 103
PrivateFrameworks/login : 425
PrivateFrameworks/nt : 121
PrivateFrameworks/oncrpc : 2223
PrivateFrameworks/perfdata : 1992
PrivateFrameworks/vCard : 61
PrivateFrameworks/yara : 1613
CoreServices/Bluetooth Setup Assistant : 8.0.2f6
CoreServices/BluetoothUIServer : 8.0.2f6
CoreServices/ControlCenter : 142
CoreServices/Finder : 1350.2.8
CoreServices/Keychain Circle Notification : 59754.60.13
CoreServices/NotificationCenter : 1108.20.11
CoreServices/OBEXAgent : 8.0.2f6
CoreServices/Screen Time : 495
CoreServices/Setup Assistant : 3110
CoreServices/Siri : 201.2.4
CoreServices/Software Update : 1417.0.2
CoreServices/Spotlight : 2150.6
CoreServices/VoiceOver : 767
Frameworks/ARKit : 78
Frameworks/AVKit : 9
Frameworks/AddressBook : 650
Frameworks/AddressBookUI : 864
Frameworks/AssetsLibrary : 58
Frameworks/BusinessChat : 39
Frameworks/CarPlay : 457
Frameworks/ClockKit : 8
Frameworks/ContactsUI : 67
Frameworks/CoreAudioKit : 94
Frameworks/EventKitUI : 525
Frameworks/GLKit : 844
Frameworks/GameController : 87
Frameworks/GameplayKit : 671
Frameworks/HealthKit : 40
Frameworks/HealthKitUI : 40
Frameworks/IdentityLookupUI : 30
Frameworks/LinkPresentation : 98
Frameworks/MapKit : 71
Frameworks/Messages : 5
Frameworks/MetalKit : 1287
Frameworks/MobileCoreServices : 16
Frameworks/MultipeerConnectivity : 391
Frameworks/NetworkExtensioniOSSupport : 17
Frameworks/NewsstandKit : 2394
Frameworks/OpenAL : 1035
Frameworks/PassKit : 52
Frameworks/PencilKit : 194
Frameworks/PhotosUI : 58
Frameworks/QuickLook : 752
Frameworks/RealityKit : 174
Frameworks/ReplayKit : 56
Frameworks/SceneKit : 417
Frameworks/ScreenTime : 91
Frameworks/Social : 445
Frameworks/SpriteKit : 416
Frameworks/StoreKit : 88
Frameworks/SwiftUI : 7
Frameworks/Twitter : 1536
Frameworks/UIKit : 13
Frameworks/UserNotificationsUI : 381
Frameworks/VisionKit : 2673
Frameworks/WatchConnectivity : 1838
Frameworks/WatchKit : 3462
Frameworks/WidgetKit : 15
Frameworks/_AVKit_SwiftUI : 10
Frameworks/_AuthenticationServices_SwiftUI : 3
Frameworks/_MapKit_SwiftUI : 218
Frameworks/_SceneKit_SwiftUI : 954
Frameworks/_SpriteKit_SwiftUI : 733
Frameworks/iAd : 617
PrivateFrameworks/AVKitMacHelper : 9
PrivateFrameworks/ActionKit : 61
PrivateFrameworks/ActionKitUI : 63
PrivateFrameworks/ActivityRingsUI : 2277
PrivateFrameworks/AdPlatformsCommonUI : 83
PrivateFrameworks/AddressBookLegacy : 2614
PrivateFrameworks/AnnotationKit : 406
PrivateFrameworks/AppAnalytics : 753
PrivateFrameworks/AppSupportUI : 1142
PrivateFrameworks/AppleMediaServicesUI : 37
PrivateFrameworks/AppleMediaServicesUIDynamic : 102
PrivateFrameworks/AuthKitUI : 321
PrivateFrameworks/AuthKitUIMacHelper : 321
PrivateFrameworks/AvatarKit : 315
PrivateFrameworks/AvatarUI : 185
PrivateFrameworks/BaseBoardUI : 1522
PrivateFrameworks/CalendarUIKit : 462
PrivateFrameworks/ChatKit : 5
PrivateFrameworks/ChronoKit : 15
PrivateFrameworks/ClassroomKit : 88
PrivateFrameworks/ContactsAutocompleteUI : 403
PrivateFrameworks/ContentKit : 61
PrivateFrameworks/CoreChart : 392
PrivateFrameworks/CorePDF : 786
PrivateFrameworks/CoreRecognition : 1291
PrivateFrameworks/CoreSpotlightCatalystExtensionSupport : 14
PrivateFrameworks/CoreSuggestionsUI : 155
PrivateFrameworks/CryptoTokenKitExtensionSDK : 13
PrivateFrameworks/DataDetectorsUI : 724
PrivateFrameworks/DocumentCamera : 2349
PrivateFrameworks/DocumentManager : 144
PrivateFrameworks/DocumentManagerCore : 144
PrivateFrameworks/EmojiKit : 869
PrivateFrameworks/FMCoreUI : 618
PrivateFrameworks/FMFUI : 227
PrivateFrameworks/FrontBoard : 114
PrivateFrameworks/GameCenterUI : 35
PrivateFrameworks/HealthDaemon : 40
PrivateFrameworks/HelpKit : 1697
PrivateFrameworks/Home : 49
PrivateFrameworks/HomeRecommendationEngine : 49
PrivateFrameworks/HomeUI : 49
PrivateFrameworks/IMSharedUI : 5
PrivateFrameworks/InAppMessages : 276
PrivateFrameworks/IntlPreferences : 31
PrivateFrameworks/JITAppKit : 1450
PrivateFrameworks/Jet : 456
PrivateFrameworks/JetEngine : 89
PrivateFrameworks/JetUI : 192
PrivateFrameworks/ManagedConfiguration : 612
PrivateFrameworks/MarkupUI : 406
PrivateFrameworks/MobileTimer : 465
PrivateFrameworks/MobileTimerUI : 465
PrivateFrameworks/NanoRegistry : 1248
PrivateFrameworks/NetAppsUtilitiesUI : 6098
PrivateFrameworks/NewsAppKit : 9
PrivateFrameworks/OnBoardingKit : 9
PrivateFrameworks/PassKitUI : 17
PrivateFrameworks/PencilKit : 194
PrivateFrameworks/PersonaUI : 911
PrivateFrameworks/PhotoLibrary : 58
PrivateFrameworks/PhotosPlayer : 58
PrivateFrameworks/PhotosUICore : 58
PrivateFrameworks/PromotedContent : 174
PrivateFrameworks/PromotedContentProxy : 83
PrivateFrameworks/PromotedContentUI : 174
PrivateFrameworks/QuickLookThumbnailingExtension : 86
PrivateFrameworks/RTTUI : 81
PrivateFrameworks/RapportUI : 45
PrivateFrameworks/ScreenTimeUI : 100
PrivateFrameworks/SearchToShareCore : 587
PrivateFrameworks/Stocks : 2540
PrivateFrameworks/TSReading : 919
PrivateFrameworks/TSUtility : 919
PrivateFrameworks/TelephonyUI : 33
PrivateFrameworks/TextInputUI : 117
PrivateFrameworks/TouchML : 1674
PrivateFrameworks/TransparencyDetailsView : 94
PrivateFrameworks/UIKitServices : 11
PrivateFrameworks/UserNotificationsExtensionPoint : 320
PrivateFrameworks/VisualPairing : 1555
PrivateFrameworks/VoiceMemos : 757
PrivateFrameworks/VoiceShortcutClient : 61
PrivateFrameworks/VoiceShortcuts : 61
PrivateFrameworks/Weather : 221
PrivateFrameworks/WeatherCharts : 221
PrivateFrameworks/WebKit : 5
PrivateFrameworks/WorkflowEditor : 63
PrivateFrameworks/WorkflowKit : 61
PrivateFrameworks/WorkflowUI : 63
PrivateFrameworks/WorkflowUICore : 63
PrivateFrameworks/WorkflowUIServices : 61
