Applications/GitHub Desktop : 2.6.0
Applications/Hex Fiend : 1605491578
Applications/Keka : 4199
Applications/Safari : 16610.3.6.3
Applications/Turtle Beach : 40
Applications/zoom.us : 5.4.58887.1115
Utilities/Feedback Assistant : 454
Applications/App Store : 1005.3.18
Applications/Books : 2183
Applications/Calendar : 2811.3.1
Applications/Contacts : 2452.2
Applications/FindMy : 189
Applications/Font Book : 383.1.2.0.1
Applications/Home : 462.3.19
Applications/Mail : 3654.40.0.2.21
Applications/Maps : 2608.22.10.6.17
Applications/Music : 1.1.2
Applications/News : 2679
Applications/Notes : 1800
Applications/Photos : 321.0.101
Applications/Podcasts : 1530.2
Applications/Preview : 1018.2
Applications/QuickTime Player : 1086.4.2
Applications/Stocks : 705
Applications/TV : 1.1.2
Applications/TextEdit : 365
Utilities/Activity Monitor : 1088.2
Utilities/AirPort Utility : 639.15
Utilities/Bluetooth File Exchange : 8.0.2f2
Utilities/Boot Camp Assistant : 6272.60.3
Utilities/ColorSync Utility : 339
Utilities/Console : 5.1
Utilities/Migration Assistant : 11.1
Utilities/VoiceOver Utility : 766
Frameworks/AGL : 1959
Frameworks/AVFoundation : 63
Frameworks/AVKit : 4
Frameworks/Accelerate : 954
Frameworks/Accessibility : 32
Frameworks/Accounts : 305
Frameworks/AdServices : 9
Frameworks/AdSupport : 19
Frameworks/AppTrackingTransparency : 19
Frameworks/AppleScriptKit : 1658
Frameworks/AppleScriptObjC : 679
Frameworks/ApplicationServices : 3852
Frameworks/AudioUnit : 4
Frameworks/AudioVideoBridging : 245
Frameworks/AutomaticAssessmentConfiguration : 482
Frameworks/Automator : 291
Frameworks/BackgroundTasks : 23
Frameworks/BusinessChat : 24
Frameworks/CFNetwork : 48
Frameworks/CalendarStore : 663
Frameworks/CallKit : 30
Frameworks/Carbon : 4951
Frameworks/ClassKit : 25
Frameworks/CloudKit : 365
Frameworks/Cocoa : 17025
Frameworks/Collaboration : 936
Frameworks/ColorSync : 826
Frameworks/Combine : 1326
Frameworks/ContextualActionsClient : 27
Frameworks/CoreAudio : 504
Frameworks/CoreAudioKit : 49
Frameworks/CoreAudioTypes : 17
Frameworks/CoreBluetooth : 23
Frameworks/CoreData : 25
Frameworks/CoreFoundation : 104
Frameworks/CoreGraphics : 662
Frameworks/CoreHaptics : 1564
Frameworks/CoreImage : 8
Frameworks/CoreLocation : 10
Frameworks/CoreMIDI : 57
Frameworks/CoreMIDIServer : 57
Frameworks/CoreML : 406
Frameworks/CoreMediaIO : 1410
Frameworks/CoreMotion : 10
Frameworks/CoreServices : 126
Frameworks/CoreTelephony : 12
Frameworks/CoreVideo : 490
Frameworks/CryptoKit : 13
Frameworks/CryptoTokenKit : 3
Frameworks/DVDPlayback : 137
Frameworks/DeveloperToolsSupport : 1862
Frameworks/DeviceCheck : 620
Frameworks/DirectoryService : 497
Frameworks/DiscRecording : 1135
Frameworks/DiscRecordingUI : 1135
Frameworks/DiskArbitration : 364
Frameworks/DriverKit : 29
Frameworks/EventKit : 9
Frameworks/ExceptionHandling : 1159
Frameworks/ExecutionPolicy : 9
Frameworks/ExternalAccessory : 24
Frameworks/FWAUserLib : 682
Frameworks/FileProvider : 129
Frameworks/FileProviderUI : 1197
Frameworks/FinderSync : 4
Frameworks/ForceFeedback : 5196
Frameworks/Foundation : 108
Frameworks/GLKit : 2431
Frameworks/GLUT : 1070
Frameworks/GSS : 575
Frameworks/GameController : 526
Frameworks/GameKit : 51
Frameworks/GameplayKit : 1321
Frameworks/HIDDriverKit : 1
Frameworks/Hypervisor : 37
Frameworks/ICADevices : 778
Frameworks/IOKit : 21
Frameworks/IOSurface : 91
Frameworks/IdentityLookup : 30
Frameworks/ImageCaptureCore : 778
Frameworks/InputMethodKit : 23
Frameworks/InstallerPlugins : 347
Frameworks/InstantMessage : 12419
Frameworks/Intents : 19
Frameworks/JavaNativeFoundation : 937
Frameworks/JavaRuntimeSupport : 616
Frameworks/JavaVM : 800
Frameworks/Kerberos : 938
Frameworks/LDAP : 776
Frameworks/LatentSemanticMapping : 398
Frameworks/LinkPresentation : 291
Frameworks/LocalAuthentication : 29
Frameworks/MLCompute : 98
Frameworks/MediaAccessibility : 2150
Frameworks/MediaLibrary : 711
Frameworks/Message : 13990
Frameworks/MetalKit : 5962
Frameworks/MetalPerformanceShadersGraph : 469
Frameworks/MetricKit : 3063
Frameworks/ModelIO : 34
Frameworks/MultipeerConnectivity : 503
Frameworks/NaturalLanguage : 1605
Frameworks/NearbyInteraction : 17
Frameworks/NetFS : 84
Frameworks/NetworkExtension : 28
Frameworks/NetworkingDriverKit : 381
Frameworks/NotificationCenter : 5
Frameworks/OSAKit : 889
Frameworks/OSLog : 35
Frameworks/OpenAL : 358
Frameworks/OpenCL : 599
Frameworks/OpenDirectory : 497
Frameworks/OpenGL : 4
Frameworks/PCIDriverKit : 136
Frameworks/PDFKit : 67
Frameworks/ParavirtualizedGraphics : 376
Frameworks/PassKit : 31
Frameworks/PencilKit : 202
Frameworks/PreferencePanes : 535
Frameworks/PushKit : 3015
Frameworks/Python : 51
Frameworks/Quartz : 1770
Frameworks/QuickLook : 5
Frameworks/QuickLookThumbnailing : 5
Frameworks/RealityKit : 33
Frameworks/ReplayKit : 19
Frameworks/Ruby : 514
Frameworks/SceneKit : 886
Frameworks/ScreenSaver : 8
Frameworks/ScreenTime : 370
Frameworks/ScriptingBridge : 1197
Frameworks/Security : 62
Frameworks/SecurityFoundation : 997
Frameworks/SecurityInterface : 674
Frameworks/SensorKit : 15
Frameworks/ServiceManagement : 193
Frameworks/Social : 336
Frameworks/SoundAnalysis : 14
Frameworks/Speech : 149
Frameworks/SpriteKit : 1706
Frameworks/SwiftUI : 26
Frameworks/SyncServices : 431
Frameworks/System : 1839
Frameworks/SystemConfiguration : 17
Frameworks/SystemExtensions : 165
Frameworks/TWAIN : 1243
Frameworks/Tcl : 420
Frameworks/Tk : 420
Frameworks/USBDriverKit : 40
Frameworks/UniformTypeIdentifiers : 192
Frameworks/UserNotifications : 437
Frameworks/UserNotificationsUI : 46
Frameworks/VideoDecodeAcceleration : 6514
Frameworks/VideoSubscriberAccount : 29
Frameworks/Virtualization : 11
Frameworks/Vision : 186
Frameworks/WidgetKit : 6
Frameworks/_MapKit_SwiftUI : 28
Frameworks/_QuickLook_SwiftUI : 1459
Frameworks/_SceneKit_SwiftUI : 2150
Frameworks/_SpriteKit_SwiftUI : 4463
Frameworks/_StoreKit_SwiftUI : 43
Frameworks/iTunesLibrary : 18
Frameworks/vecLib : 954
Frameworks/vmnet : 250
PrivateFrameworks/AACCore : 217
PrivateFrameworks/ACDEClient : 665
PrivateFrameworks/AFKUser : 10
PrivateFrameworks/ANECompiler : 1056
PrivateFrameworks/ANEHostCompiler : 1052
PrivateFrameworks/ANEServices : 36
PrivateFrameworks/AOSAccounts : 1344
PrivateFrameworks/AOSAccountsLite : 1344
PrivateFrameworks/AOSKit : 228
PrivateFrameworks/AOSUI : 41
PrivateFrameworks/APFS : 23
PrivateFrameworks/ASEProcessing : 520
PrivateFrameworks/AVConference : 374
PrivateFrameworks/AVFoundationCF : 29
PrivateFrameworks/AXAssetLoader : 24
PrivateFrameworks/AXHearingCoreSupport : 5786
PrivateFrameworks/AXHearingSupport : 5786
PrivateFrameworks/AXMediaUtilities : 45
PrivateFrameworks/AccessibilityBundles : 223
PrivateFrameworks/AccessibilityPerformance : 261
PrivateFrameworks/AccessibilitySupport : 261
PrivateFrameworks/AccessoryNowPlaying : 139
PrivateFrameworks/AccountPolicy : 436
PrivateFrameworks/AccountsDaemon : 305
PrivateFrameworks/AccountsUI : 367
PrivateFrameworks/ActionKit : 45
PrivateFrameworks/AdAnalytics : 462
PrivateFrameworks/AdPlatformsCommon : 9
PrivateFrameworks/Admin : 65
PrivateFrameworks/AggregateDictionary : 1055
PrivateFrameworks/AggregateDictionaryHistory : 1055
PrivateFrameworks/AirPlayReceiver : 5
PrivateFrameworks/AirPlaySender : 5
PrivateFrameworks/AlgosScoreFramework : 27
PrivateFrameworks/AmbientDisplay : 594
PrivateFrameworks/AnnotationKit : 158
PrivateFrameworks/AppAttestInternal : 620
PrivateFrameworks/AppContainer : 31
PrivateFrameworks/AppSSO : 11
PrivateFrameworks/AppSSOCore : 11
PrivateFrameworks/AppSSOKerberos : 11
PrivateFrameworks/AppSSOUI : 11
PrivateFrameworks/AppSandbox : 31
PrivateFrameworks/AppServerSupport : 193
PrivateFrameworks/AppStoreComponents : 7
PrivateFrameworks/AppStoreKit : 2
PrivateFrameworks/AppSupport : 231
PrivateFrameworks/AppSupportUI : 3797
PrivateFrameworks/Apple80211 : 1
PrivateFrameworks/AppleAccount : 28
PrivateFrameworks/AppleAppSupport : 1770
PrivateFrameworks/AppleCVA : 176
PrivateFrameworks/AppleFSCompression : 9507
PrivateFrameworks/AppleFirmwareUpdate : 54
PrivateFrameworks/AppleHIDTransportSupport : 1747
PrivateFrameworks/AppleIDAuthSupport : 2387
PrivateFrameworks/AppleIDSSOAuthentication : 2042
PrivateFrameworks/AppleJPEG : 326
PrivateFrameworks/AppleLDAP : 2207
PrivateFrameworks/AppleLOM : 210
PrivateFrameworks/AppleMediaServicesUI : 10
PrivateFrameworks/AppleMediaServicesUIDynamic : 11
PrivateFrameworks/AppleNVMe : 319
PrivateFrameworks/AppleNeuralEngine : 517
PrivateFrameworks/ApplePDPHelper : 15015
PrivateFrameworks/ApplePushService : 50
PrivateFrameworks/AppleSRP : 14672
PrivateFrameworks/AppleSauce : 2156
PrivateFrameworks/AppleScript : 364
PrivateFrameworks/AppleServiceToolkit : 459
PrivateFrameworks/AppleShareClientCore : 849
PrivateFrameworks/AppleSystemInfo : 199
PrivateFrameworks/AppleVA : 656
PrivateFrameworks/AppleVPA : 166
PrivateFrameworks/AskPermission : 388
PrivateFrameworks/AssertionServices : 184
PrivateFrameworks/AssetCacheServices : 645
PrivateFrameworks/AssetCacheServicesExtensions : 645
PrivateFrameworks/AssetViewer : 361
PrivateFrameworks/AssistantServices : 25
PrivateFrameworks/AssistiveControlSupport : 22
PrivateFrameworks/AttributeGraph : 1487
PrivateFrameworks/AudioAnalytics : 18
PrivateFrameworks/AudioDSPManager : 704
PrivateFrameworks/AudioHistory : 704
PrivateFrameworks/AudioPasscode : 906
PrivateFrameworks/AudioResourceArbitration : 493
PrivateFrameworks/AudioServerApplication : 241
PrivateFrameworks/AudioServerDriver : 241
PrivateFrameworks/AudioSession : 737
PrivateFrameworks/AudioToolboxCore : 17
PrivateFrameworks/AudioTransportCommon : 2790
PrivateFrameworks/AuthKit : 220
PrivateFrameworks/AuthKitUI : 212
PrivateFrameworks/AutoBugCaptureCore : 1756
PrivateFrameworks/AutoLoop : 4937
PrivateFrameworks/BackBoardServices : 269
PrivateFrameworks/BackgroundTaskManagement : 62
PrivateFrameworks/Backup : 4
PrivateFrameworks/BaseBoard : 1339
PrivateFrameworks/BatteryUIKit : 672
PrivateFrameworks/BehaviorMiner : 654
PrivateFrameworks/BezelServices : 205
PrivateFrameworks/BioKitAggD : 13510
PrivateFrameworks/BiomeFoundation : 56
PrivateFrameworks/BiomePubSub : 56
PrivateFrameworks/BiomeStorage : 56
PrivateFrameworks/BiomeStreams : 56
PrivateFrameworks/BiometricKit : 112
PrivateFrameworks/BiometricKitUI : 13
PrivateFrameworks/BiometricSupport : 77
PrivateFrameworks/BlastDoor : 273
PrivateFrameworks/BluetoothManager : 23
PrivateFrameworks/BoardServices : 1339
PrivateFrameworks/Bom : 718
PrivateFrameworks/BookCoverUtility : 70
PrivateFrameworks/BookKit : 70
PrivateFrameworks/BookKitFoundation : 70
PrivateFrameworks/BookUtility : 70
PrivateFrameworks/Bootability : 205
PrivateFrameworks/BridgeOSInstall : 258
PrivateFrameworks/BridgeOSInstallReporting : 258
PrivateFrameworks/BridgeOSObliteration : 172
PrivateFrameworks/BridgeOSSoftwareUpdate : 3330
PrivateFrameworks/BridgeXPC : 4943
PrivateFrameworks/BulkSymbolication : 1297
PrivateFrameworks/ByteRangeLocking : 4134
PrivateFrameworks/C2 : 1445
PrivateFrameworks/CDDataAccess : 90
PrivateFrameworks/CDDataAccessExpress : 90
PrivateFrameworks/CPMLBestShim : 5421
PrivateFrameworks/CPMS : 124
PrivateFrameworks/CSCSupport : 258
PrivateFrameworks/CVNLP : 744
PrivateFrameworks/CacheDelete : 29
PrivateFrameworks/CalDAV : 660
PrivateFrameworks/Calculate : 496
PrivateFrameworks/CalendarAgent : 323
PrivateFrameworks/CalendarAgentLink : 543
PrivateFrameworks/CalendarDraw : 575
PrivateFrameworks/CalendarFoundation : 27
PrivateFrameworks/CalendarNotification : 156
PrivateFrameworks/CalendarPersistence : 22
PrivateFrameworks/CalendarUI : 263
PrivateFrameworks/CalendarUIKit : 340
PrivateFrameworks/CalendarWidget : 812
PrivateFrameworks/CallHistory : 29
PrivateFrameworks/CameraImagingFramework : 6352
PrivateFrameworks/CaptiveNetwork : 489
PrivateFrameworks/CardKit : 166
PrivateFrameworks/CardServices : 166
PrivateFrameworks/Cards : 166
PrivateFrameworks/Catalyst : 4345
PrivateFrameworks/Categories : 1309
PrivateFrameworks/CharacterPicker : 212
PrivateFrameworks/ChronoKit : 6
PrivateFrameworks/ChronoServices : 6
PrivateFrameworks/ChunkingLibrary : 2559
PrivateFrameworks/ClassKit : 25
PrivateFrameworks/ClassKitUI : 25
PrivateFrameworks/ClassroomKit : 35
PrivateFrameworks/ClockMenuExtraPreferences : 507
PrivateFrameworks/CloudDocs : 53
PrivateFrameworks/CloudDocsDaemon : 55
PrivateFrameworks/CloudFamilyRestrictions : 717
PrivateFrameworks/CloudFamilyRestrictionsDaemon : 717
PrivateFrameworks/CloudKitCode : 856
PrivateFrameworks/CloudKitCodeProtobuf : 856
PrivateFrameworks/CloudKitDaemon : 380
PrivateFrameworks/CloudServices : 23
PrivateFrameworks/Coherence : 5608
PrivateFrameworks/CombineCocoa : 1326
PrivateFrameworks/CommerceKit : 1
PrivateFrameworks/CommonAuth : 575
PrivateFrameworks/CommonUtilities : 9984
PrivateFrameworks/CommunicationsFilter : 4541
PrivateFrameworks/ConditionInducer : 1742
PrivateFrameworks/ConfigProfileHelper : 55
PrivateFrameworks/ConfigurationEngineModel : 1562
PrivateFrameworks/ConfigurationProfiles : 55
PrivateFrameworks/ConfigurationProfilesUI : 36
PrivateFrameworks/ConstantClasses : 813
PrivateFrameworks/ContactsAgent : 17
PrivateFrameworks/ContactsAssistantServices : 1361
PrivateFrameworks/ContactsAutocomplete : 7
PrivateFrameworks/ContactsDonation : 444
PrivateFrameworks/ContactsDonationFeedback : 444
PrivateFrameworks/ContactsFoundation : 700
PrivateFrameworks/ContactsUICore : 82
PrivateFrameworks/ContactsUIMacHelper : 7
PrivateFrameworks/ContentKit : 45
PrivateFrameworks/ContextKit : 875
PrivateFrameworks/ContextKitExtraction : 854
PrivateFrameworks/ControlCenter : 1
PrivateFrameworks/CoreADI : 249
PrivateFrameworks/CoreAUC : 19
PrivateFrameworks/CoreAVCHD : 4392
PrivateFrameworks/CoreAccessories : 139
PrivateFrameworks/CoreAnalytics : 222
PrivateFrameworks/CoreAppleCVA : 710
PrivateFrameworks/CoreAutoLayout : 58
PrivateFrameworks/CoreBrightness : 48
PrivateFrameworks/CoreCDP : 1170
PrivateFrameworks/CoreCDPInternal : 1170
PrivateFrameworks/CoreCDPUI : 1170
PrivateFrameworks/CoreCapture : 1798
PrivateFrameworks/CoreCaptureControl : 1798
PrivateFrameworks/CoreCaptureDaemon : 1798
PrivateFrameworks/CoreChart : 659
PrivateFrameworks/CoreChineseEngine : 452
PrivateFrameworks/CoreDAV : 652
PrivateFrameworks/CoreDaemon : 1027
PrivateFrameworks/CoreDuet : 28
PrivateFrameworks/CoreDuetContext : 28
PrivateFrameworks/CoreDuetDaemonProtocol : 28
PrivateFrameworks/CoreDuetDataModel : 28
PrivateFrameworks/CoreDuetDebugLogging : 28
PrivateFrameworks/CoreDuetStatistics : 28
PrivateFrameworks/CoreDuetSync : 28
PrivateFrameworks/CoreEmoji : 561
PrivateFrameworks/CoreFP : 105
PrivateFrameworks/CoreFollowUp : 20
PrivateFrameworks/CoreFollowUpUI : 20
PrivateFrameworks/CoreHAP : 20
PrivateFrameworks/CoreHandwriting : 1037
PrivateFrameworks/CoreHapticsTools : 8520
PrivateFrameworks/CoreJapaneseEngine : 417
PrivateFrameworks/CoreKDL : 3296
PrivateFrameworks/CoreKE : 60
PrivateFrameworks/CoreKnowledge : 1843
PrivateFrameworks/CoreLSKD : 166
PrivateFrameworks/CoreLSKDMSE : 1105
PrivateFrameworks/CoreLocationProtobuf : 583
PrivateFrameworks/CoreMLTestFramework : 241
PrivateFrameworks/CoreMaterial : 48
PrivateFrameworks/CoreNLP : 1608
PrivateFrameworks/CoreNameParser : 3611
PrivateFrameworks/CoreNavigation : 143
PrivateFrameworks/CoreOptimization : 5421
PrivateFrameworks/CorePDF : 2185
PrivateFrameworks/CoreParsec : 7
PrivateFrameworks/CorePhoneNumbers : 30
PrivateFrameworks/CorePrediction : 5421
PrivateFrameworks/CoreRC : 1644
PrivateFrameworks/CoreRecents : 693
PrivateFrameworks/CoreRecognition : 1496
PrivateFrameworks/CoreRoutine : 153
PrivateFrameworks/CoreSDB : 740
PrivateFrameworks/CoreSVG : 1328
PrivateFrameworks/CoreServicesInternal : 262
PrivateFrameworks/CoreServicesStore : 17
PrivateFrameworks/CoreSpeech : 17
PrivateFrameworks/CoreSuggestions : 26
PrivateFrameworks/CoreSuggestionsInternals : 26
PrivateFrameworks/CoreSuggestionsML : 26
PrivateFrameworks/CoreSuggestionsUI : 26
PrivateFrameworks/CoreSymbolication : 678
PrivateFrameworks/CoreThemeDefinition : 1106
PrivateFrameworks/CoreTime : 367
PrivateFrameworks/CoreUARP : 54
PrivateFrameworks/CoreUI : 60
PrivateFrameworks/CoreUtils : 505
PrivateFrameworks/CoreUtilsSwift : 7713
PrivateFrameworks/CoreUtilsUI : 476
PrivateFrameworks/CrashReporterSupport : 10
PrivateFrameworks/CreateML : 18
PrivateFrameworks/CryptoKitCBridging : 13
PrivateFrameworks/CryptoKitPrivate : 13
PrivateFrameworks/DAAPKit : 21
PrivateFrameworks/DASDaemon : 23
PrivateFrameworks/DCERPC : 1103
PrivateFrameworks/DFRBrightness : 48
PrivateFrameworks/DFRDisplay : 580
PrivateFrameworks/DSExternalDisplay : 1148
PrivateFrameworks/DTXConnectionServices : 74
PrivateFrameworks/DVD : 15856
PrivateFrameworks/DataDeliveryServices : 1047
PrivateFrameworks/DataDetectors : 61
PrivateFrameworks/DataDetectorsCore : 1406
PrivateFrameworks/DataDetectorsNaturalLanguage : 2736
PrivateFrameworks/DebugSymbols : 576
PrivateFrameworks/DesktopServicesPriv : 7
PrivateFrameworks/DeviceCheckInternal : 620
PrivateFrameworks/DeviceIdentity : 258
PrivateFrameworks/DeviceLink : 2048
PrivateFrameworks/DeviceManagement : 1562
PrivateFrameworks/DeviceToDeviceManager : 15277
PrivateFrameworks/DiagnosticExtensions : 1914
PrivateFrameworks/DiagnosticExtensionsDaemon : 8
PrivateFrameworks/DiagnosticLogCollection : 656
PrivateFrameworks/DiagnosticRequest : 1492
PrivateFrameworks/DiagnosticRequestService : 1756
PrivateFrameworks/DiagnosticsKit : 1546
PrivateFrameworks/DialogEngine : 33
PrivateFrameworks/DifferentialPrivacy : 18
PrivateFrameworks/DigitalTouchShared : 576
PrivateFrameworks/DirectoryEditor : 1135
PrivateFrameworks/DirectoryServer : 12412
PrivateFrameworks/DiskImages : 567
PrivateFrameworks/DiskImages2 : 3620
PrivateFrameworks/DiskManagement : 171
PrivateFrameworks/DiskSpaceDiagnostics : 620
PrivateFrameworks/DisplayServices : 1345
PrivateFrameworks/DisplayTransportServices : 3179
PrivateFrameworks/DistributedEvaluation : 2051
PrivateFrameworks/DocumentCamera : 4624
PrivateFrameworks/DrawingKit : 158
PrivateFrameworks/DuetActivityScheduler : 23
PrivateFrameworks/DuetRecommendation : 28
PrivateFrameworks/EAFirmwareUpdater : 54
PrivateFrameworks/EAP8021X : 809
PrivateFrameworks/EFILogin : 75
PrivateFrameworks/EasyConfig : 505
PrivateFrameworks/EmbeddedAcousticRecognition : 61
PrivateFrameworks/EmbeddedOSSupportHost : 50
PrivateFrameworks/EmbeddedSensingProtocols : 2030
PrivateFrameworks/EmojiFoundation : 426
PrivateFrameworks/Engram : 656
PrivateFrameworks/Espresso : 19
PrivateFrameworks/ExchangeSync : 440
PrivateFrameworks/ExchangeWebServices : 659
PrivateFrameworks/ExpansionSlotSupport : 278
PrivateFrameworks/ExtensionFoundation : 24
PrivateFrameworks/ExtensionKit : 24
PrivateFrameworks/FMClient : 9488
PrivateFrameworks/FMCore : 1295
PrivateFrameworks/FMCoreLite : 1297
PrivateFrameworks/FMCoreUI : 803
PrivateFrameworks/FMFCore : 38
PrivateFrameworks/FMIPCore : 38
PrivateFrameworks/FMNetworking : 16
PrivateFrameworks/FTAWD : 656
PrivateFrameworks/FTClientServices : 23
PrivateFrameworks/FTServices : 23
PrivateFrameworks/FWAVC : 1410
PrivateFrameworks/FaceCore : 698
PrivateFrameworks/FamilyCircle : 341
PrivateFrameworks/FamilyCircleUI : 341
PrivateFrameworks/FamilyControls : 759
PrivateFrameworks/FamilyNotification : 341
PrivateFrameworks/FeatureFlags : 80
PrivateFrameworks/FeatureFlagsSupport : 80
PrivateFrameworks/FeedbackLogger : 35
PrivateFrameworks/FileProvider : 129
PrivateFrameworks/FileProviderDaemon : 130
PrivateFrameworks/FilesActionsUI : 1197
PrivateFrameworks/FindMyDevice : 29
PrivateFrameworks/FindMyDeviceUI : 1184
PrivateFrameworks/FindMyMac : 217
PrivateFrameworks/FinderKit : 4
PrivateFrameworks/FinderSyncPriv : 4
PrivateFrameworks/FlightUtilities : 689
PrivateFrameworks/FlightUtilitiesCore : 689
PrivateFrameworks/FolderActionsKit : 654
PrivateFrameworks/FontServices : 672
PrivateFrameworks/FoundInAppsPlugins : 50
PrivateFrameworks/FrontBoardServices : 30
PrivateFrameworks/FuseBoard : 22
PrivateFrameworks/FuseBoardServices : 20
PrivateFrameworks/FusionPluginKit : 539
PrivateFrameworks/FusionPluginServices : 539
PrivateFrameworks/Futhark : 2171
PrivateFrameworks/GPUInfo : 20
PrivateFrameworks/GPURawCounter : 2002
PrivateFrameworks/GPUSupport : 4
PrivateFrameworks/GameCenterFoundation : 51
PrivateFrameworks/GameCenterUI : 51
PrivateFrameworks/GameCenterUICore : 51
PrivateFrameworks/GameKitServices : 374
PrivateFrameworks/GenerationalStorage : 3162
PrivateFrameworks/GeoKit : 260
PrivateFrameworks/GraphKit : 14301
PrivateFrameworks/GraphVisualizer : 5407
PrivateFrameworks/GraphicsServices : 5337
PrivateFrameworks/H10ISPServices : 140
PrivateFrameworks/H13ISPServices : 68
PrivateFrameworks/HDAInterface : 2051
PrivateFrameworks/HIDPreferences : 1
PrivateFrameworks/HMFoundation : 617
PrivateFrameworks/HTTPServer : 678
PrivateFrameworks/HeimODAdmin : 177
PrivateFrameworks/Heimdal : 575
PrivateFrameworks/Helium : 691
PrivateFrameworks/HelloWorldMacHelper : 20
PrivateFrameworks/HelpData : 394
PrivateFrameworks/HomeAutomationInternal : 14
PrivateFrameworks/HomeKit : 20
PrivateFrameworks/HomeKitBackingStore : 20
PrivateFrameworks/HomeKitCore : 20
PrivateFrameworks/HomeKitDaemon : 20
PrivateFrameworks/IAP : 2197
PrivateFrameworks/IASUtilities : 50
PrivateFrameworks/IDS : 23
PrivateFrameworks/IDSFoundation : 23
PrivateFrameworks/IDSHashPersistence : 121
PrivateFrameworks/IDSKVStore : 121
PrivateFrameworks/IDSSystemPreferencesSignIn : 23
PrivateFrameworks/IMAVCore : 4290
PrivateFrameworks/IMCorePipeline : 6
PrivateFrameworks/IMFoundation : 656
PrivateFrameworks/IMSharedUI : 7
PrivateFrameworks/IMTransferServices : 656
PrivateFrameworks/IOAccelMemoryInfo : 405
PrivateFrameworks/IOAccelerator : 405
PrivateFrameworks/IOCEC : 21577
PrivateFrameworks/IOGPU : 6
PrivateFrameworks/IOImageLoader : 3235
PrivateFrameworks/IOKitten : 2790
PrivateFrameworks/IOPlatformPluginFamily : 1451
PrivateFrameworks/IOPresentment : 123
PrivateFrameworks/IOSurfaceAccelerator : 936
PrivateFrameworks/ISSupport : 12268
PrivateFrameworks/IconFoundation : 6
PrivateFrameworks/IdleTimerServices : 1788
PrivateFrameworks/InAppMessages : 79
PrivateFrameworks/InAppMessagesCore : 241
PrivateFrameworks/IncomingCallFilter : 4541
PrivateFrameworks/InertiaCam : 418
PrivateFrameworks/InputContext : 1433
PrivateFrameworks/InputTranscoder : 1952
PrivateFrameworks/Install : 227
PrivateFrameworks/InstallCoordination : 13
PrivateFrameworks/InstallerDiagnostics : 2806
PrivateFrameworks/IntentsCore : 19
PrivateFrameworks/IntentsFoundation : 19
PrivateFrameworks/IntentsServices : 19
PrivateFrameworks/InternalSwiftProtobuf : 112
PrivateFrameworks/InternationalSupport : 399
PrivateFrameworks/InternationalTextSearch : 1853
PrivateFrameworks/InternetAccounts : 1091
PrivateFrameworks/IntlPreferences : 32
PrivateFrameworks/JavaLaunching : 355
PrivateFrameworks/JavaScriptAppleEvents : 995
PrivateFrameworks/JavaScriptOSA : 680
PrivateFrameworks/Jet : 723
PrivateFrameworks/JetEngine : 10
PrivateFrameworks/JetUI : 10
PrivateFrameworks/KerberosHelper : 4365
PrivateFrameworks/KeyboardServices : 1738
PrivateFrameworks/KeychainCircle : 62
PrivateFrameworks/KnowledgeMonitor : 274
PrivateFrameworks/LanguageModeling : 53
PrivateFrameworks/Lexicon : 500
PrivateFrameworks/LibraryRepair : 2907
PrivateFrameworks/LinkPresentation : 291
PrivateFrameworks/LocalAuthenticationRecoveryUI : 29
PrivateFrameworks/LocalAuthenticationUI : 29
PrivateFrameworks/LocationSupport : 10
PrivateFrameworks/LockoutUI : 6246
PrivateFrameworks/LoggingSupport : 35
PrivateFrameworks/LoginUIKit : 23
PrivateFrameworks/Lookup : 132
PrivateFrameworks/MDSChannel : 4143
PrivateFrameworks/MFAAuthentication : 139
PrivateFrameworks/MFiAuthentication : 2197
PrivateFrameworks/MMCS : 1445
PrivateFrameworks/MSUDataAccessor : 49
PrivateFrameworks/MachineSettings : 6759
PrivateFrameworks/MallocStackLogging : 133
PrivateFrameworks/ManagedClient : 55
PrivateFrameworks/Mangrove : 2384
PrivateFrameworks/MapsSync : 4
PrivateFrameworks/Marco : 656
PrivateFrameworks/MarkupUI : 158
PrivateFrameworks/MaterialKit : 48
PrivateFrameworks/MediaFoundation : 4
PrivateFrameworks/MediaKit : 975
PrivateFrameworks/MediaServices : 8
PrivateFrameworks/Memories : 2111
PrivateFrameworks/MessageProtection : 1252
PrivateFrameworks/MessageSecurity : 890
PrivateFrameworks/MessagesBlastDoorSupport : 273
PrivateFrameworks/MessagesHelperKit : 7
PrivateFrameworks/MessagesKit : 7
PrivateFrameworks/MetricKitCore : 3063
PrivateFrameworks/MetricKitServices : 3063
PrivateFrameworks/MetricKitSource : 3063
PrivateFrameworks/MetricMeasurement : 3063
PrivateFrameworks/MiniSoftwareUpdate : 315
PrivateFrameworks/MobileAccessoryUpdater : 54
PrivateFrameworks/MobileActivationMacOS : 258
PrivateFrameworks/MobileAsset : 198
PrivateFrameworks/MobileAssetUpdater : 54
PrivateFrameworks/MobileBluetooth : 23
PrivateFrameworks/MobileContainerManager : 466
PrivateFrameworks/MobileDevice : 293
PrivateFrameworks/MobileInstallation : 17
PrivateFrameworks/MobileKeyBag : 56
PrivateFrameworks/MobileObliteration : 172
PrivateFrameworks/MobileSoftwareUpdate : 94
PrivateFrameworks/MobileStorage : 175
PrivateFrameworks/MobileStoreDemoCore : 23
PrivateFrameworks/MobileSystemServices : 5532
PrivateFrameworks/MonitorPanel : 511
PrivateFrameworks/Montreal : 724
PrivateFrameworks/MorphunAssetsUpdater : 73
PrivateFrameworks/MorphunSwift : 86
PrivateFrameworks/MultitouchSupport : 189
PrivateFrameworks/MultiverseSupport : 1118
PrivateFrameworks/NLP : 445
PrivateFrameworks/NPTKit : 146
PrivateFrameworks/NearField : 40
PrivateFrameworks/NetAppsUtilities : 5568
PrivateFrameworks/NetAuth : 1160
PrivateFrameworks/NetFSServer : 87
PrivateFrameworks/Netrb : 661
PrivateFrameworks/NetworkServiceProxy : 11789
PrivateFrameworks/NetworkStatistics : 3307
PrivateFrameworks/NewsAnalyticsUpload : 9
PrivateFrameworks/NewsCore : 9
PrivateFrameworks/NewsDaemon : 9
PrivateFrameworks/NewsFoundation : 9
PrivateFrameworks/NewsToday : 9
PrivateFrameworks/NewsTransport : 9
PrivateFrameworks/Noticeboard : 1696
PrivateFrameworks/NotificationCenterUI : 5
PrivateFrameworks/OAHSoftwareUpdate : 62
PrivateFrameworks/OAuth : 25039
PrivateFrameworks/ODML : 19
PrivateFrameworks/OSAServicesClient : 20
PrivateFrameworks/OSASubmissionClient : 20
PrivateFrameworks/OSASyncProxyClient : 20
PrivateFrameworks/OSAnalytics : 20
PrivateFrameworks/OSAnalyticsPrivate : 20
PrivateFrameworks/OSD : 3916
PrivateFrameworks/OSInstaller : 109
PrivateFrameworks/OSPersonalization : 1408
PrivateFrameworks/OctagonTrust : 62
PrivateFrameworks/OfficeImport : 1229
PrivateFrameworks/OpenDirectoryConfig : 15577
PrivateFrameworks/OpenDirectoryConfigUI : 438
PrivateFrameworks/Osprey : 166
PrivateFrameworks/PDFKit : 67
PrivateFrameworks/PDS : 121
PrivateFrameworks/PDSAgent : 121
PrivateFrameworks/PIP : 2528
PrivateFrameworks/PSNormalizer : 767
PrivateFrameworks/PacketFilter : 1188
PrivateFrameworks/ParsecModel : 7
PrivateFrameworks/ParsecSubscriptionServiceSupport : 7
PrivateFrameworks/PassKit : 31
PrivateFrameworks/PassKitCore : 35
PrivateFrameworks/PassKitMacHelper : 28
PrivateFrameworks/PasswordServer : 9407
PrivateFrameworks/PegasusAPI : 7
PrivateFrameworks/PegasusKit : 7
PrivateFrameworks/PencilKit : 202
PrivateFrameworks/PeopleSuggester : 28
PrivateFrameworks/PerformanceAnalysis : 1297
PrivateFrameworks/PerformanceTrace : 42
PrivateFrameworks/PersistentConnection : 4002
PrivateFrameworks/PersonaKit : 2183
PrivateFrameworks/PersonaUI : 2183
PrivateFrameworks/PersonalizationPortrait : 50
PrivateFrameworks/PersonalizationPortraitInternals : 50
PrivateFrameworks/PhoneNumberResolver : 170
PrivateFrameworks/PhoneNumbers : 30
PrivateFrameworks/PhotoPrintProduct : 1233
PrivateFrameworks/PhotosUIApps : 1
PrivateFrameworks/PhysicsKit : 1197
PrivateFrameworks/PlugInKit : 39
PrivateFrameworks/PodcastsFoundation : 27
PrivateFrameworks/PodcastsKit : 14
PrivateFrameworks/PowerLog : 2
PrivateFrameworks/PowerUI : 21
PrivateFrameworks/PowerlogControl : 2
PrivateFrameworks/PowerlogCore : 2
PrivateFrameworks/PowerlogDatabaseReader : 2
PrivateFrameworks/PowerlogFullOperators : 2
PrivateFrameworks/PowerlogHelperdOperators : 2
PrivateFrameworks/PowerlogLiteOperators : 2
PrivateFrameworks/PreferencePanesSupport : 364
PrivateFrameworks/PrintKit : 2412
PrivateFrameworks/PrintingPrivate : 203
PrivateFrameworks/PrivateFederatedLearning : 2257
PrivateFrameworks/ProVideo : 944
PrivateFrameworks/ProactiveEventTracker : 107
PrivateFrameworks/ProactiveExperiments : 26
PrivateFrameworks/ProactiveExperimentsInternals : 26
PrivateFrameworks/ProactiveInputPredictions : 26
PrivateFrameworks/ProactiveInputPredictionsInternals : 26
PrivateFrameworks/ProactiveML : 26
PrivateFrameworks/ProactiveSupport : 107
PrivateFrameworks/ProactiveSupportStubs : 107
PrivateFrameworks/PromotedContentSupport : 9
PrivateFrameworks/ProofReader : 54
PrivateFrameworks/ProtectedCloudStorage : 75
PrivateFrameworks/ProtocolBuffer : 672
PrivateFrameworks/PrototypeTools : 2112
PrivateFrameworks/PubSub : 20
PrivateFrameworks/QLCharts : 1229
PrivateFrameworks/Quagga : 506
PrivateFrameworks/QuickLookIosmac : 5
PrivateFrameworks/QuickLookNonBaseSystem : 5
PrivateFrameworks/QuickLookSupport : 5
PrivateFrameworks/QuickLookThumbnailing : 5
PrivateFrameworks/QuickLookThumbnailingDaemon : 5
PrivateFrameworks/QuickLookUIIosmac : 5
PrivateFrameworks/RTBuddyCrashlogDecoder : 497
PrivateFrameworks/RTCReporting : 20
PrivateFrameworks/Rapport : 14
PrivateFrameworks/RapportUI : 14
PrivateFrameworks/ReminderKit : 90
PrivateFrameworks/ReminderKitInternal : 363
PrivateFrameworks/ReminderKitUI : 90
PrivateFrameworks/ReminderMigration : 603
PrivateFrameworks/RemindersToolbox : 1646
PrivateFrameworks/RemindersUICore : 495
PrivateFrameworks/RemoteConfiguration : 47
PrivateFrameworks/RemoteCoreML : 4546
PrivateFrameworks/RemoteManagement : 2119
PrivateFrameworks/RemoteServiceDiscovery : 193
PrivateFrameworks/RemoteTextInput : 3172
PrivateFrameworks/RemoteViewServices : 447
PrivateFrameworks/RemoteXPC : 193
PrivateFrameworks/RenderBox : 141
PrivateFrameworks/ResponseKit : 49
PrivateFrameworks/Restore : 71
PrivateFrameworks/Reveal : 500
PrivateFrameworks/RevealCore : 500
PrivateFrameworks/RunningBoard : 185
PrivateFrameworks/RunningBoardServices : 184
PrivateFrameworks/SAObjects : 113
PrivateFrameworks/SCEP : 694
PrivateFrameworks/SDAPI : 4448
PrivateFrameworks/SMBClientEngine : 674
PrivateFrameworks/SPFinder : 16
PrivateFrameworks/SPOwner : 16
PrivateFrameworks/SPShared : 16
PrivateFrameworks/SPSupport : 208
PrivateFrameworks/SafeEjectGPU : 653
PrivateFrameworks/SampleAnalysis : 1297
PrivateFrameworks/ScoreBoard : 2716
PrivateFrameworks/ScreenSharing : 336
PrivateFrameworks/ScreenTimeCore : 472
PrivateFrameworks/ScreenTimeServiceUI : 208
PrivateFrameworks/ScreenTimeSettingsUI : 383
PrivateFrameworks/ScreenTimeUI : 502
PrivateFrameworks/SearchFoundation : 7
PrivateFrameworks/SearchUI : 16
PrivateFrameworks/SearchUICardKitProviderSupport : 124
PrivateFrameworks/SecCodeWrapper : 31
PrivateFrameworks/SecureChannel : 1722
PrivateFrameworks/SecurityTokend : 6596
PrivateFrameworks/Seeding : 246
PrivateFrameworks/SemanticDocumentManagement : 4171
PrivateFrameworks/SensingProtocols : 2030
PrivateFrameworks/Sentry : 1275
PrivateFrameworks/ServerCompatibility : 4563
PrivateFrameworks/ServerInformation : 564
PrivateFrameworks/SetupAssistantFramework : 133
PrivateFrameworks/SetupKit : 476
PrivateFrameworks/ShareKit : 45
PrivateFrameworks/SharePointManagement : 61
PrivateFrameworks/SharedWebCredentials : 350
PrivateFrameworks/Sharing : 11
PrivateFrameworks/SharingXPCServices : 11
PrivateFrameworks/ShazamInsights : 410
PrivateFrameworks/ShazamKit : 410
PrivateFrameworks/ShazamKitUI : 410
PrivateFrameworks/Shortcut : 7
PrivateFrameworks/SidecarCore : 364
PrivateFrameworks/SidecarUI : 364
PrivateFrameworks/SignpostCollection : 1664
PrivateFrameworks/SignpostMetrics : 1664
PrivateFrameworks/SignpostNotification : 564
PrivateFrameworks/SignpostSupport : 1664
PrivateFrameworks/SiriAudioInternal : 20
PrivateFrameworks/SiriAudioSupport : 20
PrivateFrameworks/SiriClientFlow : 731
PrivateFrameworks/SiriCore : 28
PrivateFrameworks/SiriDailyBriefingInternal : 37
PrivateFrameworks/SiriDialogEngine : 986
PrivateFrameworks/SiriGeo : 1070
PrivateFrameworks/SiriInference : 14
PrivateFrameworks/SiriInstrumentation : 35
PrivateFrameworks/SiriIntentEvents : 14
PrivateFrameworks/SiriKitInvocation : 34
PrivateFrameworks/SiriKitRuntime : 15
PrivateFrameworks/SiriObservation : 25
PrivateFrameworks/SiriOntology : 44
PrivateFrameworks/SiriOntologyProtobuf : 44
PrivateFrameworks/SiriPlaybackControlIntents : 14
PrivateFrameworks/SiriPlaybackControlSupport : 14
PrivateFrameworks/SiriSpeechSynthesis : 158
PrivateFrameworks/SiriTasks : 25
PrivateFrameworks/SiriVOX : 28
PrivateFrameworks/SiriVideoIntents : 14
PrivateFrameworks/Slideshows : 235
PrivateFrameworks/SocialAppsCore : 7
PrivateFrameworks/SocialServices : 330
PrivateFrameworks/SocialUI : 7
PrivateFrameworks/SoftLinking : 526
PrivateFrameworks/SoftwareUpdateCore : 94
PrivateFrameworks/SoftwareUpdateCoreConnect : 94
PrivateFrameworks/SoftwareUpdateCoreSupport : 94
PrivateFrameworks/SoftwareUpdateMacController : 156
PrivateFrameworks/SpanMatcher : 28
PrivateFrameworks/SpeakerRecognition : 17
PrivateFrameworks/SpeechDictionary : 1306
PrivateFrameworks/SpeechObjects : 357
PrivateFrameworks/SpeechRecognitionCommandServices : 256
PrivateFrameworks/SpeechRecognitionCore : 854
PrivateFrameworks/StorageKit : 307
PrivateFrameworks/StorageManagement : 377
PrivateFrameworks/StoreKitMacHelper : 8
PrivateFrameworks/StoreKitUIMac : 8
PrivateFrameworks/StoreServices : 857
PrivateFrameworks/StreamingZip : 473
PrivateFrameworks/Suggestions : 514
PrivateFrameworks/SuggestionsSpotlightMetrics : 26
PrivateFrameworks/Symbolication : 133
PrivateFrameworks/SymptomDiagnosticReporter : 1492
PrivateFrameworks/SymptomReporter : 27
PrivateFrameworks/Symptoms : 27
PrivateFrameworks/SyncServicesUI : 431
PrivateFrameworks/SyncedDefaults : 4
PrivateFrameworks/SystemAdministration : 65
PrivateFrameworks/SystemAdministrationInterface : 909
PrivateFrameworks/SystemMigration : 33
PrivateFrameworks/SystemMigrationNetworking : 33
PrivateFrameworks/SystemMigrationUtils : 33
PrivateFrameworks/SystemPolicy : 9
PrivateFrameworks/SystemUIPlugin : 970
PrivateFrameworks/TCC : 17
PrivateFrameworks/TTYUtilities : 5786
PrivateFrameworks/TVRemoteCore : 841
PrivateFrameworks/TemplateKit : 16
PrivateFrameworks/TextInput : 17
PrivateFrameworks/TextInputCore : 17
PrivateFrameworks/TextInputMenuUI : 144
PrivateFrameworks/TextRecognition : 1493
PrivateFrameworks/TextToSpeech : 56
PrivateFrameworks/TextureIO : 11154
PrivateFrameworks/TimeMachine : 443
PrivateFrameworks/TimeSync : 1176
PrivateFrameworks/Timeline : 1264
PrivateFrameworks/ToneKit : 31
PrivateFrameworks/ToneLibrary : 31
PrivateFrameworks/Tourist : 62
PrivateFrameworks/Translation : 12
PrivateFrameworks/Transparency : 356
PrivateFrameworks/Trial : 28
PrivateFrameworks/TrialProto : 28
PrivateFrameworks/TrialServer : 28
PrivateFrameworks/TrustEvaluationAgent : 1502
PrivateFrameworks/TrustedPeers : 62
PrivateFrameworks/TuriCore : 170
PrivateFrameworks/UARPiCloud : 54
PrivateFrameworks/UAUPlugin : 1690
PrivateFrameworks/UIFoundation : 23
PrivateFrameworks/UIKitSystemAppServices : 20
PrivateFrameworks/UIRecording : 2500
PrivateFrameworks/URLFormatting : 284
PrivateFrameworks/USDKit : 25
PrivateFrameworks/Uninstall : 244
PrivateFrameworks/UniversalAccess : 21
PrivateFrameworks/UsageTracking : 1454
PrivateFrameworks/UserActivity : 40
PrivateFrameworks/UserManagement : 1373
PrivateFrameworks/VCXMPP : 1663
PrivateFrameworks/VFX : 1877
PrivateFrameworks/VFXBase : 1877
PrivateFrameworks/VectorKit : 123
PrivateFrameworks/VideoProcessing : 57
PrivateFrameworks/VideoSubscriberAccountUI : 29
PrivateFrameworks/VirtualGarage : 5
PrivateFrameworks/VisionKit : 5071
PrivateFrameworks/VisualPairing : 2366
PrivateFrameworks/VisualTestKit : 2785
PrivateFrameworks/VoiceShortcutClient : 45
PrivateFrameworks/VoiceShortcuts : 45
PrivateFrameworks/VoiceTrigger : 6448
PrivateFrameworks/WPDaemon : 1399
PrivateFrameworks/WeatherFoundation : 20
PrivateFrameworks/WeatherKit : 663
PrivateFrameworks/WebContentAnalysis : 1921
PrivateFrameworks/WebFilterDNS : 1921
PrivateFrameworks/WiFiAnalytics : 1
PrivateFrameworks/WiFiCloudSyncEngine : 278
PrivateFrameworks/WiFiPeerToPeer : 556
PrivateFrameworks/WiFiPolicy : 823
PrivateFrameworks/WiFiVelocity : 1
PrivateFrameworks/WildDevices : 481
PrivateFrameworks/WirelessCoexManager : 348
PrivateFrameworks/WirelessDiagnostics : 12101
PrivateFrameworks/WirelessProximity : 1399
PrivateFrameworks/WorkflowKit : 45
PrivateFrameworks/WorkflowUIServices : 14
PrivateFrameworks/XARTRecovery : 11
PrivateFrameworks/XCTAutomationSupport : 502
PrivateFrameworks/XCTTargetBootstrap : 502
PrivateFrameworks/XGBoostFramework : 406
PrivateFrameworks/XQuery : 5946
PrivateFrameworks/XprotectFramework : 31
PrivateFrameworks/ZhuGeSupport : 1554
PrivateFrameworks/acfs : 209
PrivateFrameworks/acfsSupport : 84
PrivateFrameworks/apfs_boot_mount : 23
PrivateFrameworks/caulk : 1899
PrivateFrameworks/iAdCore : 462
PrivateFrameworks/iAdServices : 462
PrivateFrameworks/iCalendar : 536
PrivateFrameworks/iCloudNotification : 1837
PrivateFrameworks/iLifeMediaBrowser : 711
PrivateFrameworks/iPod : 961
PrivateFrameworks/iPodSync : 3541
PrivateFrameworks/iPodUpdater : 3116
PrivateFrameworks/iWorkXPC : 2321
PrivateFrameworks/kperf : 1458
PrivateFrameworks/kperfdata : 1458
PrivateFrameworks/ktrace : 47
PrivateFrameworks/login : 263
PrivateFrameworks/nt : 32
PrivateFrameworks/oncrpc : 2154
PrivateFrameworks/perfdata : 1578
PrivateFrameworks/yara : 1448
CoreServices/AddressBookUrlForwarder : 2452.2
CoreServices/AirPlayUIAgent : 530.6
CoreServices/Bluetooth Setup Assistant : 8.0.2f2
CoreServices/BluetoothUIServer : 8.0.2f2
CoreServices/ClimateProxy : 1726
CoreServices/ControlCenter : 140.20.0.1
CoreServices/CoreLocationAgent : 2420.12.12
CoreServices/Dock : 2092.20.4
CoreServices/Dwell Control : 326
CoreServices/Finder : 1350.2.3
CoreServices/Install in Progress : 1030
CoreServices/Installer Progress : 593
CoreServices/Keychain Circle Notification : 59754.60.11
CoreServices/ManagedClient : 1330
CoreServices/NotificationCenter : 1108.20.6
CoreServices/OBEXAgent : 8.0.2f2
CoreServices/Paired Devices : 220.9
CoreServices/Problem Reporter : 15047
CoreServices/RapportUIAgent : 220.9
CoreServices/Setup Assistant : 3108
CoreServices/Siri : 201.2.1
CoreServices/Software Update : 1417.0.1
CoreServices/Spotlight : 2150.5
CoreServices/VoiceOver : 766
CoreServices/loginwindow : 2024.2.3
Applications/Feedback Assistant : 454
Applications/Ticket Viewer : 43.60.1
Frameworks/ARKit : 5
Frameworks/AVKit : 4
Frameworks/AddressBook : 472
Frameworks/AddressBookUI : 689
Frameworks/AppClip : 7
Frameworks/BusinessChat : 14
Frameworks/CarPlay : 331
Frameworks/ClockKit : 4
Frameworks/ContactsUI : 7
Frameworks/CoreAudioKit : 50
Frameworks/EventKitUI : 355
Frameworks/GLKit : 672
Frameworks/GameKit : 39
Frameworks/GameplayKit : 501
Frameworks/HealthKit : 23
Frameworks/HealthKitUI : 23
Frameworks/HomeKit : 6
Frameworks/IntentsUI : 7
Frameworks/LinkPresentation : 127
Frameworks/MetalKit : 1165
Frameworks/MobileCoreServices : 124
Frameworks/MultipeerConnectivity : 218
Frameworks/NetworkExtensioniOSSupport : 4
Frameworks/NewsstandKit : 2022
Frameworks/OpenAL : 869
Frameworks/PassKit : 28
Frameworks/PencilKit : 135
Frameworks/QuickLook : 599
Frameworks/SceneKit : 284
Frameworks/ScreenTime : 208
Frameworks/Social : 329
Frameworks/SpriteKit : 381
Frameworks/SwiftUI : 6
Frameworks/Twitter : 1362
Frameworks/UserNotificationsUI : 122
Frameworks/VisionKit : 2381
Frameworks/WatchConnectivity : 1384
Frameworks/WatchKit : 3210
Frameworks/_AVKit_SwiftUI : 4
Frameworks/_MapKit_SwiftUI : 32
Frameworks/_SceneKit_SwiftUI : 647
Frameworks/_SpriteKit_SwiftUI : 559
Frameworks/iAd : 462
PrivateFrameworks/AVKitMacHelper : 4
PrivateFrameworks/AccessibilityUI : 6
PrivateFrameworks/AccessibilityUIService : 6
PrivateFrameworks/AccessibilityUIShared : 6
PrivateFrameworks/AccessibilityUIUtilities : 6
PrivateFrameworks/ActionKit : 29
PrivateFrameworks/ActivityRingsUI : 1681
PrivateFrameworks/AdPlatformsCommonUI : 9
PrivateFrameworks/AddressBookLegacy : 2336
PrivateFrameworks/AnnotationKit : 143
PrivateFrameworks/AppAnalytics : 646
PrivateFrameworks/AppSupportUI : 945
PrivateFrameworks/AppleMediaServicesUIDynamic : 7
PrivateFrameworks/AuthKitUI : 205
PrivateFrameworks/AuthKitUIMacHelper : 205
PrivateFrameworks/AvatarKit : 165
PrivateFrameworks/AvatarUI : 21
PrivateFrameworks/BaseBoardUI : 1173
PrivateFrameworks/CalendarUIKit : 319
PrivateFrameworks/ClassroomKit : 35
PrivateFrameworks/ContactsAutocompleteUI : 225
PrivateFrameworks/ContentKit : 29
PrivateFrameworks/CoreChart : 220
PrivateFrameworks/CorePDF : 613
PrivateFrameworks/CoreRecognition : 935
PrivateFrameworks/CryptoTokenKitExtensionSDK : 3
PrivateFrameworks/DataDetectorsUI : 580
PrivateFrameworks/DocumentCamera : 1659
PrivateFrameworks/DocumentManager : 25
PrivateFrameworks/DocumentManagerCore : 25
PrivateFrameworks/EmojiKit : 699
PrivateFrameworks/FMCoreUI : 435
PrivateFrameworks/FMFUI : 6
PrivateFrameworks/FrontBoard : 30
PrivateFrameworks/GameCenterUI : 5
PrivateFrameworks/HealthDaemon : 23
PrivateFrameworks/HelpKit : 1517
PrivateFrameworks/Home : 35
PrivateFrameworks/HomeRecommendationEngine : 35
PrivateFrameworks/HomeUI : 35
PrivateFrameworks/InAppMessages : 82
PrivateFrameworks/JITAppKit : 1276
PrivateFrameworks/Jet : 422
PrivateFrameworks/JetEngine : 6
PrivateFrameworks/JetUI : 6
PrivateFrameworks/ManagedConfiguration : 498
PrivateFrameworks/MarkupUI : 143
PrivateFrameworks/MobileTimer : 59
PrivateFrameworks/MobileTimerUI : 59
PrivateFrameworks/NanoRegistry : 1072
PrivateFrameworks/NetAppsUtilitiesUI : 5568
PrivateFrameworks/NewsAds : 12
PrivateFrameworks/NewsAppKit : 12
PrivateFrameworks/NewsFeedLayout : 9
PrivateFrameworks/NewsPersonalization : 12
PrivateFrameworks/NewsServicesInternal : 9
PrivateFrameworks/NewsUI : 9
PrivateFrameworks/PencilKit : 135
PrivateFrameworks/PersonaUI : 739
PrivateFrameworks/PodcastsUI : 20
PrivateFrameworks/PromotedContent : 68
PrivateFrameworks/PromotedContentProxy : 9
PrivateFrameworks/PromotedContentUI : 68
PrivateFrameworks/QuickLookThumbnailingExtension : 5
PrivateFrameworks/RapportUI : 4
PrivateFrameworks/ScreenTimeUI : 219
PrivateFrameworks/SearchToShareCore : 245
PrivateFrameworks/Silex : 9
PrivateFrameworks/SilexVideo : 9
PrivateFrameworks/SilexWeb : 9
PrivateFrameworks/Stocks : 2023
PrivateFrameworks/TSReading : 704
PrivateFrameworks/TSUtility : 704
PrivateFrameworks/TextInputUI : 28
PrivateFrameworks/TouchML : 1503
PrivateFrameworks/UserNotificationsExtensionPoint : 189
PrivateFrameworks/VisualPairing : 1186
PrivateFrameworks/VoiceMemos : 679
PrivateFrameworks/VoiceOverServices : 6
PrivateFrameworks/VoiceShortcutClient : 29
PrivateFrameworks/VoiceShortcuts : 29
PrivateFrameworks/Weather : 87
PrivateFrameworks/WeatherCharts : 87
PrivateFrameworks/WeatherFoundation : 8
PrivateFrameworks/WorkflowEditor : 35
PrivateFrameworks/WorkflowKit : 29
PrivateFrameworks/WorkflowUICore : 35
PrivateFrameworks/WorkflowUIServices : 10
PrivateFrameworks/XavierCore : 12
PrivateFrameworks/XavierNews : 12
PrivateFrameworks/ZoomServices : 6
