Applications/Discord : 0.0.260
Applications/Epic Games Launcher : 11.0.0
Applications/GarageBand : 5413
Applications/Logi Options : 8.36.76
Applications/RunCat : 8.8.1
Applications/Safari : 16610.3.7.1.9
Applications/Turtle Beach : 43
Applications/iTerm : 3.4.3beta1
Utilities/LogiMgr Uninstaller : 8.36.76
Applications/Mail : 3654.40.0.2.32
Applications/News : 2682.0.1
Applications/Photos : 321.0.110
Applications/TextEdit : 365.1
Utilities/Bluetooth File Exchange : 8.0.2f9
Frameworks/AGL : 2122
Frameworks/AVFoundation : 38
Frameworks/AVKit : 2
Frameworks/Accelerate : 1106
Frameworks/Accessibility : 38
Frameworks/Accounts : 647
Frameworks/AdServices : 84
Frameworks/AdSupport : 95
Frameworks/AddressBook : 71
Frameworks/AppTrackingTransparency : 95
Frameworks/AppleScriptKit : 1829
Frameworks/AppleScriptObjC : 46
Frameworks/ApplicationServices : 4358
Frameworks/AudioToolbox : 53
Frameworks/AudioVideoBridging : 413
Frameworks/AutomaticAssessmentConfiguration : 859
Frameworks/BackgroundTasks : 6
Frameworks/CFNetwork : 13
Frameworks/CalendarStore : 816
Frameworks/CallKit : 70
Frameworks/Carbon : 5521
Frameworks/ClassKit : 54
Frameworks/CloudKit : 458
Frameworks/Cocoa : 17407
Frameworks/Collaboration : 1103
Frameworks/ColorSync : 1298
Frameworks/Combine : 1816
Frameworks/Contacts : 63
Frameworks/ContactsUI : 162
Frameworks/CoreAudio : 852
Frameworks/CoreAudioKit : 97
Frameworks/CoreAudioTypes : 52
Frameworks/CoreBluetooth : 11
Frameworks/CoreData : 300
Frameworks/CoreFoundation : 187
Frameworks/CoreGraphics : 1
Frameworks/CoreHaptics : 1863
Frameworks/CoreImage : 322
Frameworks/CoreLocation : 68
Frameworks/CoreMIDI : 376
Frameworks/CoreMIDIServer : 376
Frameworks/CoreML : 553
Frameworks/CoreMediaIO : 1658
Frameworks/CoreMotion : 68
Frameworks/CoreServices : 26
Frameworks/CoreText : 262
Frameworks/CoreVideo : 524
Frameworks/CryptoKit : 48
Frameworks/CryptoTokenKit : 16
Frameworks/DVDPlayback : 265
Frameworks/DeveloperToolsSupport : 2692
Frameworks/DeviceCheck : 1065
Frameworks/DirectoryService : 610
Frameworks/DiscRecording : 1312
Frameworks/DiscRecordingUI : 1312
Frameworks/DiskArbitration : 486
Frameworks/DriverKit : 69
Frameworks/EventKit : 131
Frameworks/ExceptionHandling : 1332
Frameworks/ExternalAccessory : 151
Frameworks/FWAUserLib : 828
Frameworks/FileProvider : 2
Frameworks/FileProviderUI : 1537
Frameworks/ForceFeedback : 5370
Frameworks/Foundation : 205
Frameworks/GLKit : 2971
Frameworks/GLUT : 1236
Frameworks/GSS : 980
Frameworks/GameController : 664
Frameworks/GameKit : 64
Frameworks/GameplayKit : 1731
Frameworks/HIDDriverKit : 9
Frameworks/Hypervisor : 74
Frameworks/ICADevices : 944
Frameworks/IOKit : 149
Frameworks/IOSurface : 124
Frameworks/IOUSBHost : 79
Frameworks/IdentityLookup : 70
Frameworks/ImageCaptureCore : 944
Frameworks/InputMethodKit : 13
Frameworks/InstallerPlugins : 472
Frameworks/InstantMessage : 12585
Frameworks/Intents : 75
Frameworks/JavaNativeFoundation : 1116
Frameworks/JavaRuntimeSupport : 769
Frameworks/JavaVM : 973
Frameworks/Kerberos : 1103
Frameworks/LDAP : 882
Frameworks/LatentSemanticMapping : 575
Frameworks/LinkPresentation : 217
Frameworks/LocalAuthentication : 43
Frameworks/MLCompute : 366
Frameworks/MapKit : 82
Frameworks/MediaAccessibility : 2659
Frameworks/MediaLibrary : 889
Frameworks/Message : 14153
Frameworks/Metal : 14
Frameworks/MetalKit : 6126
Frameworks/MetalPerformanceShadersGraph : 615
Frameworks/MetricKit : 3153
Frameworks/ModelIO : 393
Frameworks/MultipeerConnectivity : 938
Frameworks/NaturalLanguage : 1901
Frameworks/NearbyInteraction : 66
Frameworks/NetFS : 117
Frameworks/Network : 22
Frameworks/NetworkingDriverKit : 533
Frameworks/NotificationCenter : 23
Frameworks/OSAKit : 1062
Frameworks/OSLog : 85
Frameworks/OpenAL : 537
Frameworks/OpenCL : 785
Frameworks/OpenDirectory : 610
Frameworks/OpenGL : 13
Frameworks/PCIDriverKit : 304
Frameworks/ParavirtualizedGraphics : 169
Frameworks/PassKit : 103
Frameworks/PencilKit : 284
Frameworks/PreferencePanes : 710
Frameworks/PushKit : 3462
Frameworks/Python : 255
Frameworks/QTKit : 3210
Frameworks/Quartz : 1965
Frameworks/QuickLook : 206
Frameworks/QuickLookThumbnailing : 87
Frameworks/RealityKit : 171
Frameworks/ReplayKit : 54
Frameworks/Ruby : 636
Frameworks/SceneKit : 1301
Frameworks/ScreenSaver : 105
Frameworks/ScreenTime : 182
Frameworks/ScriptingBridge : 1368
Frameworks/Security : 55
Frameworks/SecurityFoundation : 1336
Frameworks/SecurityInterface : 812
Frameworks/SensorKit : 61
Frameworks/ServiceManagement : 282
Frameworks/Social : 453
Frameworks/SoundAnalysis : 48
Frameworks/Speech : 219
Frameworks/SpriteKit : 1784
Frameworks/StoreKit : 129
Frameworks/SwiftUI : 13
Frameworks/SyncServices : 604
Frameworks/System : 2468
Frameworks/SystemConfiguration : 98
Frameworks/SystemExtensions : 4
Frameworks/TWAIN : 1413
Frameworks/Tcl : 536
Frameworks/Tk : 536
Frameworks/USBDriverKit : 79
Frameworks/UniformTypeIdentifiers : 2
Frameworks/UserNotifications : 709
Frameworks/UserNotificationsUI : 148
Frameworks/VideoDecodeAcceleration : 6677
Frameworks/VideoSubscriberAccount : 81
Frameworks/Virtualization : 37
Frameworks/Vision : 379
Frameworks/WidgetKit : 38
Frameworks/_MapKit_SwiftUI : 201
Frameworks/_QuickLook_SwiftUI : 1780
Frameworks/_SceneKit_SwiftUI : 2833
Frameworks/_SpriteKit_SwiftUI : 4778
Frameworks/_StoreKit_SwiftUI : 321
Frameworks/iTunesLibrary : 10
Frameworks/vecLib : 1106
Frameworks/vmnet : 287
PrivateFrameworks/AACCore : 380
PrivateFrameworks/ACDEClient : 836
PrivateFrameworks/AFKUser : 50
PrivateFrameworks/AGXCompilerCore : 16
PrivateFrameworks/AGXGPURawCounter : 16
PrivateFrameworks/ANECompiler : 1104
PrivateFrameworks/ANEHostCompiler : 1100
PrivateFrameworks/ANEServices : 68
PrivateFrameworks/AOSAccounts : 1846
PrivateFrameworks/AOSAccountsLite : 1846
PrivateFrameworks/AOSKit : 414
PrivateFrameworks/AOSUI : 400
PrivateFrameworks/APFS : 6
PrivateFrameworks/APTransport : 130
PrivateFrameworks/ASEProcessing : 934
PrivateFrameworks/ASOctaneSupport : 6
PrivateFrameworks/AVConference : 174
PrivateFrameworks/AVFCapture : 20
PrivateFrameworks/AVFCore : 38
PrivateFrameworks/AVFoundationCF : 72
PrivateFrameworks/AXHearingCoreSupport : 5963
PrivateFrameworks/AXHearingSupport : 5963
PrivateFrameworks/AccessibilityBundles : 395
PrivateFrameworks/AccessibilityPerformance : 426
PrivateFrameworks/AccessibilityPlatformTranslation : 38
PrivateFrameworks/AccessibilitySharedSupport : 38
PrivateFrameworks/AccessibilitySupport : 426
PrivateFrameworks/AccessoryNowPlaying : 171
PrivateFrameworks/AccountPolicy : 550
PrivateFrameworks/AccountsDaemon : 647
PrivateFrameworks/AccountsUI : 629
PrivateFrameworks/ActionKit : 100
PrivateFrameworks/AdAnalytics : 618
PrivateFrameworks/AdCore : 95
PrivateFrameworks/AdID : 95
PrivateFrameworks/AdPlatforms : 95
PrivateFrameworks/AdPlatformsCommon : 84
PrivateFrameworks/AdPlatformsInternal : 95
PrivateFrameworks/AddressBookAutocomplete : 162
PrivateFrameworks/AddressBookCore : 71
PrivateFrameworks/Admin : 241
PrivateFrameworks/AggregateDictionary : 1173
PrivateFrameworks/AggregateDictionaryHistory : 1173
PrivateFrameworks/AirPlayReceiver : 114
PrivateFrameworks/AirPlaySender : 114
PrivateFrameworks/AirPlaySupport : 130
PrivateFrameworks/AirTrafficHost : 47
PrivateFrameworks/AlgosScoreFramework : 82
PrivateFrameworks/AmbientDisplay : 761
PrivateFrameworks/AnnotationKit : 421
PrivateFrameworks/AppAttestInternal : 1065
PrivateFrameworks/AppContainer : 113
PrivateFrameworks/AppSSO : 117
PrivateFrameworks/AppSSOCore : 117
PrivateFrameworks/AppSSOKerberos : 117
PrivateFrameworks/AppSSOUI : 117
PrivateFrameworks/AppSandbox : 113
PrivateFrameworks/AppServerSupport : 280
PrivateFrameworks/AppStoreComponents : 10
PrivateFrameworks/AppStoreKit : 23
PrivateFrameworks/AppStoreUI : 10
PrivateFrameworks/AppSupport : 441
PrivateFrameworks/AppSupportUI : 4422
PrivateFrameworks/Apple80211 : 9
PrivateFrameworks/AppleAccount : 234
PrivateFrameworks/AppleAppSupport : 1965
PrivateFrameworks/AppleCVA : 211
PrivateFrameworks/AppleFSCompression : 10863
PrivateFrameworks/AppleFirmwareUpdate : 92
PrivateFrameworks/AppleHIDTransportSupport : 2031
PrivateFrameworks/AppleIDAuthSupport : 2914
PrivateFrameworks/AppleIDSSOAuthentication : 2699
PrivateFrameworks/AppleJPEG : 439
PrivateFrameworks/AppleLDAP : 2730
PrivateFrameworks/AppleLOM : 275
PrivateFrameworks/AppleMediaServices : 22
PrivateFrameworks/AppleMediaServicesUIDynamic : 77
PrivateFrameworks/AppleNVMe : 567
PrivateFrameworks/AppleNeuralEngine : 599
PrivateFrameworks/ApplePDPHelper : 15883
PrivateFrameworks/ApplePushService : 132
PrivateFrameworks/AppleSRP : 14743
PrivateFrameworks/AppleSauce : 2234
PrivateFrameworks/AppleScript : 549
PrivateFrameworks/AppleServiceToolkit : 744
PrivateFrameworks/AppleShareClientCore : 1020
PrivateFrameworks/AppleSystemInfo : 362
PrivateFrameworks/AppleVA : 820
PrivateFrameworks/AppleVPA : 325
PrivateFrameworks/AskPermission : 446
PrivateFrameworks/AssertionServices : 28
PrivateFrameworks/AssetCacheServices : 792
PrivateFrameworks/AssetCacheServicesExtensions : 792
PrivateFrameworks/AssetViewer : 482
PrivateFrameworks/AssistantServices : 189
PrivateFrameworks/AssistiveControlSupport : 127
PrivateFrameworks/AttributeGraph : 2106
PrivateFrameworks/AudioAnalytics : 57
PrivateFrameworks/AudioDSPManager : 757
PrivateFrameworks/AudioHistory : 757
PrivateFrameworks/AudioPasscode : 1072
PrivateFrameworks/AudioServerApplication : 320
PrivateFrameworks/AudioServerDriver : 320
PrivateFrameworks/AudioSession : 842
PrivateFrameworks/AudioToolboxCore : 52
PrivateFrameworks/AudioTransportCommon : 3301
PrivateFrameworks/AuthKit : 343
PrivateFrameworks/AuthKitUI : 326
PrivateFrameworks/AutoBugCaptureCore : 2028
PrivateFrameworks/AutoLoop : 5582
PrivateFrameworks/BackBoardServices : 374
PrivateFrameworks/BackgroundTaskManagement : 219
PrivateFrameworks/BaseBoard : 1750
PrivateFrameworks/BatteryUIKit : 846
PrivateFrameworks/BehaviorMiner : 908
PrivateFrameworks/BezelServices : 371
PrivateFrameworks/BioKitAggD : 13937
PrivateFrameworks/BiomeFoundation : 324
PrivateFrameworks/BiomePubSub : 324
PrivateFrameworks/BiomeStorage : 324
PrivateFrameworks/BiomeStreams : 324
PrivateFrameworks/BiometricKit : 154
PrivateFrameworks/BiometricKitUI : 18
PrivateFrameworks/BiometricSupport : 110
PrivateFrameworks/BlastDoor : 626
PrivateFrameworks/BluetoothManager : 11
PrivateFrameworks/BoardServices : 1750
PrivateFrameworks/Bom : 1167
PrivateFrameworks/BookCoverUtility : 189
PrivateFrameworks/BookKit : 189
PrivateFrameworks/BookKitFoundation : 189
PrivateFrameworks/BookUtility : 189
PrivateFrameworks/Bootability : 247
PrivateFrameworks/BridgeOSInstall : 541
PrivateFrameworks/BridgeOSInstallReporting : 541
PrivateFrameworks/BridgeOSObliteration : 370
PrivateFrameworks/BridgeOSSoftwareUpdate : 3814
PrivateFrameworks/BridgeXPC : 5204
PrivateFrameworks/BulkSymbolication : 1501
PrivateFrameworks/ByteRangeLocking : 4311
PrivateFrameworks/C2 : 1519
PrivateFrameworks/CDDataAccess : 126
PrivateFrameworks/CDDataAccessExpress : 126
PrivateFrameworks/CMCapture : 20
PrivateFrameworks/CMCaptureCore : 19
PrivateFrameworks/CPMLBestShim : 5535
PrivateFrameworks/CPMS : 187
PrivateFrameworks/CSCSupport : 25
PrivateFrameworks/CVNLP : 824
PrivateFrameworks/CacheDelete : 242
PrivateFrameworks/CalDAV : 831
PrivateFrameworks/Calculate : 664
PrivateFrameworks/CalendarAgent : 482
PrivateFrameworks/CalendarAgentLink : 687
PrivateFrameworks/CalendarDraw : 732
PrivateFrameworks/CalendarFoundation : 101
PrivateFrameworks/CalendarNotification : 302
PrivateFrameworks/CalendarPersistence : 55
PrivateFrameworks/CalendarUI : 371
PrivateFrameworks/CalendarUIKit : 485
PrivateFrameworks/CalendarWidget : 1243
PrivateFrameworks/CallHistory : 111
PrivateFrameworks/CameraImagingFramework : 6516
PrivateFrameworks/CaptiveNetwork : 605
PrivateFrameworks/CardKit : 486
PrivateFrameworks/CardServices : 486
PrivateFrameworks/Cards : 486
PrivateFrameworks/Catalyst : 4857
PrivateFrameworks/Categories : 1828
PrivateFrameworks/CharacterPicker : 383
PrivateFrameworks/ChronoKit : 38
PrivateFrameworks/ChronoServices : 38
PrivateFrameworks/ChronoUIServices : 16
PrivateFrameworks/ChunkingLibrary : 3097
PrivateFrameworks/ClassKit : 54
PrivateFrameworks/ClassKitUI : 54
PrivateFrameworks/ClassroomKit : 90
PrivateFrameworks/ClockMenuExtraPreferences : 670
PrivateFrameworks/CloudDocs : 87
PrivateFrameworks/CloudDocsDaemon : 97
PrivateFrameworks/CloudFamilyRestrictions : 883
PrivateFrameworks/CloudFamilyRestrictionsDaemon : 883
PrivateFrameworks/CloudKitCode : 1154
PrivateFrameworks/CloudKitCodeProtobuf : 1154
PrivateFrameworks/CloudKitDaemon : 484
PrivateFrameworks/Coherence : 6072
PrivateFrameworks/CombineCocoa : 1816
PrivateFrameworks/CommerceKit : 10
PrivateFrameworks/CommonAuth : 980
PrivateFrameworks/CommonUtilities : 13528
PrivateFrameworks/CommunicationsFilter : 5056
PrivateFrameworks/ConditionInducer : 2050
PrivateFrameworks/ConfigProfileHelper : 180
PrivateFrameworks/ConfigurationEngineModel : 1769
PrivateFrameworks/ConfigurationProfiles : 180
PrivateFrameworks/ConfigurationProfilesUI : 75
PrivateFrameworks/ConsoleKit : 8
PrivateFrameworks/ConstantClasses : 986
PrivateFrameworks/ContactsAgent : 110
PrivateFrameworks/ContactsAssistantServices : 1781
PrivateFrameworks/ContactsAutocomplete : 66
PrivateFrameworks/ContactsAutocompleteUI : 644
PrivateFrameworks/ContactsDonation : 773
PrivateFrameworks/ContactsDonationFeedback : 773
PrivateFrameworks/ContactsFoundation : 1094
PrivateFrameworks/ContactsPersistence : 62
PrivateFrameworks/ContactsUICore : 275
PrivateFrameworks/ContactsUIMacHelper : 162
PrivateFrameworks/ContentKit : 100
PrivateFrameworks/ContextKit : 1074
PrivateFrameworks/ContextKitExtraction : 1043
PrivateFrameworks/ContextualActionsClient : 5
PrivateFrameworks/ConversationKit : 122
PrivateFrameworks/CoreADI : 408
PrivateFrameworks/CoreAUC : 37
PrivateFrameworks/CoreAVCHD : 4557
PrivateFrameworks/CoreAccessories : 171
PrivateFrameworks/CoreAnalytics : 13
PrivateFrameworks/CoreAppleCVA : 760
PrivateFrameworks/CoreAutoLayout : 222
PrivateFrameworks/CoreBrightness : 26
PrivateFrameworks/CoreCDP : 133
PrivateFrameworks/CoreCDPInternal : 133
PrivateFrameworks/CoreCDPUI : 133
PrivateFrameworks/CoreCapture : 1856
PrivateFrameworks/CoreCaptureControl : 1856
PrivateFrameworks/CoreCaptureDaemon : 1856
PrivateFrameworks/CoreChart : 1196
PrivateFrameworks/CoreChineseEngine : 5
PrivateFrameworks/CoreDAV : 820
PrivateFrameworks/CoreDaemon : 1192
PrivateFrameworks/CoreDuet : 394
PrivateFrameworks/CoreDuetContext : 394
PrivateFrameworks/CoreDuetDaemonProtocol : 394
PrivateFrameworks/CoreDuetDataModel : 394
PrivateFrameworks/CoreDuetDebugLogging : 394
PrivateFrameworks/CoreDuetStatistics : 394
PrivateFrameworks/CoreDuetSync : 394
PrivateFrameworks/CoreEmoji : 678
PrivateFrameworks/CoreFP : 129
PrivateFrameworks/CoreFollowUp : 195
PrivateFrameworks/CoreFollowUpUI : 195
PrivateFrameworks/CoreHandwriting : 1104
PrivateFrameworks/CoreJapaneseEngine : 543
PrivateFrameworks/CoreKDL : 3760
PrivateFrameworks/CoreKE : 223
PrivateFrameworks/CoreKnowledge : 1965
PrivateFrameworks/CoreLSKD : 337
PrivateFrameworks/CoreLSKDMSE : 1266
PrivateFrameworks/CoreLocationProtobuf : 1064
PrivateFrameworks/CoreMLTestFramework : 321
PrivateFrameworks/CoreNLP : 1971
PrivateFrameworks/CoreNameParser : 4205
PrivateFrameworks/CoreNavigation : 218
PrivateFrameworks/CoreOptimization : 5535
PrivateFrameworks/CorePDF : 2713
PrivateFrameworks/CoreParsec : 19
PrivateFrameworks/CorePhoneNumbers : 66
PrivateFrameworks/CorePrediction : 5535
PrivateFrameworks/CoreRC : 1835
PrivateFrameworks/CoreRecents : 1073
PrivateFrameworks/CoreRecognition : 2017
PrivateFrameworks/CoreRoutine : 134
PrivateFrameworks/CoreSDB : 1187
PrivateFrameworks/CoreSVG : 1841
PrivateFrameworks/CoreServicesInternal : 452
PrivateFrameworks/CoreServicesStore : 11
PrivateFrameworks/CoreSpeech : 59
PrivateFrameworks/CoreSuggestions : 223
PrivateFrameworks/CoreSuggestionsInternals : 223
PrivateFrameworks/CoreSuggestionsML : 223
PrivateFrameworks/CoreSuggestionsUI : 223
PrivateFrameworks/CoreSymbolication : 778
PrivateFrameworks/CoreThemeDefinition : 1408
PrivateFrameworks/CoreTime : 499
PrivateFrameworks/CoreUARP : 92
PrivateFrameworks/CoreUI : 15
PrivateFrameworks/CoreUtils : 593
PrivateFrameworks/CoreUtilsSwift : 8686
PrivateFrameworks/CoreUtilsUI : 553
PrivateFrameworks/CoreWiFi : 9
PrivateFrameworks/CrashReporterSupport : 68
PrivateFrameworks/CreateML : 16
PrivateFrameworks/CryptoKitCBridging : 48
PrivateFrameworks/CryptoKitPrivate : 48
PrivateFrameworks/DAAPKit : 50
PrivateFrameworks/DASDaemon : 6
PrivateFrameworks/DCERPC : 1394
PrivateFrameworks/DFRBrightness : 26
PrivateFrameworks/DFRDisplay : 743
PrivateFrameworks/DFRFoundation : 65
PrivateFrameworks/DSExternalDisplay : 1322
PrivateFrameworks/DTXConnectionServices : 116
PrivateFrameworks/DVD : 16021
PrivateFrameworks/DataDeliveryServices : 1277
PrivateFrameworks/DataDetectors : 230
PrivateFrameworks/DataDetectorsCore : 2008
PrivateFrameworks/DataDetectorsNaturalLanguage : 3077
PrivateFrameworks/DebugSymbols : 747
PrivateFrameworks/DesktopServicesPriv : 98
PrivateFrameworks/DeviceCheckInternal : 1065
PrivateFrameworks/DeviceIdentity : 50
PrivateFrameworks/DeviceLink : 2645
PrivateFrameworks/DeviceManagement : 1769
PrivateFrameworks/DeviceToDeviceManager : 15877
PrivateFrameworks/DiagnosticExtensions : 2425
PrivateFrameworks/DiagnosticExtensionsDaemon : 103
PrivateFrameworks/DiagnosticLogCollection : 960
PrivateFrameworks/DiagnosticRequest : 1742
PrivateFrameworks/DiagnosticRequestService : 2028
PrivateFrameworks/DiagnosticsKit : 1860
PrivateFrameworks/DifferentialPrivacy : 133
PrivateFrameworks/DigitalTouchShared : 744
PrivateFrameworks/DirectoryEditor : 1303
PrivateFrameworks/DirectoryServer : 12579
PrivateFrameworks/DiskImages : 746
PrivateFrameworks/DiskImages2 : 4108
PrivateFrameworks/DiskManagement : 244
PrivateFrameworks/DiskSpaceDiagnostics : 719
PrivateFrameworks/DisplayServices : 1537
PrivateFrameworks/DisplayTransportServices : 3346
PrivateFrameworks/DistributedEvaluation : 2600
PrivateFrameworks/DocumentCamera : 5398
PrivateFrameworks/DrawingKit : 421
PrivateFrameworks/DuetActivityScheduler : 6
PrivateFrameworks/DuetRecommendation : 394
PrivateFrameworks/DynamicDesktop : 2
PrivateFrameworks/EAFirmwareUpdater : 92
PrivateFrameworks/EAP8021X : 1104
PrivateFrameworks/EFILogin : 226
PrivateFrameworks/EasyConfig : 593
PrivateFrameworks/EmbeddedAcousticRecognition : 137
PrivateFrameworks/EmbeddedOSInstall : 410
PrivateFrameworks/EmbeddedOSSupportHost : 161
PrivateFrameworks/EmbeddedSensingProtocols : 2641
PrivateFrameworks/EmojiFoundation : 500
PrivateFrameworks/Engram : 960
PrivateFrameworks/Espresso : 695
PrivateFrameworks/ExchangeSync : 601
PrivateFrameworks/ExchangeWebServices : 828
PrivateFrameworks/ExpansionSlotSupport : 396
PrivateFrameworks/ExtensionFoundation : 208
PrivateFrameworks/ExtensionKit : 208
PrivateFrameworks/FMClient : 10472
PrivateFrameworks/FMCore : 1803
PrivateFrameworks/FMCoreLite : 1806
PrivateFrameworks/FMCoreUI : 1153
PrivateFrameworks/FMF : 921
PrivateFrameworks/FMFCore : 117
PrivateFrameworks/FMFUI : 921
PrivateFrameworks/FMIPCore : 117
PrivateFrameworks/FMNetworking : 112
PrivateFrameworks/FTAWD : 960
PrivateFrameworks/FWAVC : 1658
PrivateFrameworks/FaceCore : 870
PrivateFrameworks/FamilyCircle : 468
PrivateFrameworks/FamilyCircleUI : 468
PrivateFrameworks/FamilyControls : 925
PrivateFrameworks/FamilyNotification : 468
PrivateFrameworks/FeatureFlags : 626
PrivateFrameworks/FeatureFlagsSupport : 626
PrivateFrameworks/FeedbackLogger : 86
PrivateFrameworks/FileProvider : 2
PrivateFrameworks/FilesActionsUI : 1537
PrivateFrameworks/FindMyDevice : 64
PrivateFrameworks/FindMyDeviceUI : 1420
PrivateFrameworks/FindMyMac : 386
PrivateFrameworks/FlightUtilities : 1020
PrivateFrameworks/FlightUtilitiesCore : 1020
PrivateFrameworks/FlowFrameKit : 86
PrivateFrameworks/FolderActionsKit : 823
PrivateFrameworks/FontServices : 840
PrivateFrameworks/FoundInAppsPlugins : 392
PrivateFrameworks/FoundationODR : 6
PrivateFrameworks/FrontBoardServices : 106
PrivateFrameworks/FuseBoard : 194
PrivateFrameworks/FuseBoardServices : 209
PrivateFrameworks/FusionPluginKit : 704
PrivateFrameworks/FusionPluginServices : 704
PrivateFrameworks/Futhark : 2603
PrivateFrameworks/GPUInfo : 76
PrivateFrameworks/GPURawCounter : 2034
PrivateFrameworks/GPUSupport : 13
PrivateFrameworks/GPUWrangler : 14
PrivateFrameworks/GameCenterFoundation : 64
PrivateFrameworks/GameCenterUI : 64
PrivateFrameworks/GameCenterUICore : 64
PrivateFrameworks/GameKitServices : 174
PrivateFrameworks/GenerationalStorage : 3529
PrivateFrameworks/GeoKit : 429
PrivateFrameworks/GeoServices : 189
PrivateFrameworks/GraphKit : 14465
PrivateFrameworks/GraphVisualizer : 5573
PrivateFrameworks/GraphicsServices : 5823
PrivateFrameworks/H10ISPServices : 286
PrivateFrameworks/H13ISPServices : 116
PrivateFrameworks/HDAInterface : 2231
PrivateFrameworks/HDRProcessing : 204
PrivateFrameworks/HIDPreferences : 9
PrivateFrameworks/HMFoundation : 913
PrivateFrameworks/HTTPServer : 843
PrivateFrameworks/HearingCore : 108
PrivateFrameworks/HearingUtilities : 108
PrivateFrameworks/HeimODAdmin : 299
PrivateFrameworks/Heimdal : 980
PrivateFrameworks/Helium : 859
PrivateFrameworks/HelloWorldMacHelper : 209
PrivateFrameworks/HelpData : 566
PrivateFrameworks/HomeAI : 259
PrivateFrameworks/HomeAutomationInternal : 77
PrivateFrameworks/HomeKitCore : 7
PrivateFrameworks/IAP : 2818
PrivateFrameworks/IASUtilities : 364
PrivateFrameworks/IMAVCore : 4830
PrivateFrameworks/IMFoundation : 960
PrivateFrameworks/IMTransferServices : 960
PrivateFrameworks/IOAccelMemoryInfo : 621
PrivateFrameworks/IOAccelerator : 621
PrivateFrameworks/IOCEC : 22565
PrivateFrameworks/IOGPU : 23
PrivateFrameworks/IOImageLoader : 3296
PrivateFrameworks/IOKitten : 3301
PrivateFrameworks/IOPlatformPluginFamily : 1666
PrivateFrameworks/IOPresentment : 217
PrivateFrameworks/IOSurfaceAccelerator : 1191
PrivateFrameworks/ISSupport : 12435
PrivateFrameworks/IconFoundation : 56
PrivateFrameworks/IconServices : 56
PrivateFrameworks/IdleTimerServices : 1947
PrivateFrameworks/InAppMessages : 285
PrivateFrameworks/InAppMessagesCore : 801
PrivateFrameworks/IncomingCallFilter : 5056
PrivateFrameworks/InertiaCam : 626
PrivateFrameworks/InputContext : 1819
PrivateFrameworks/InputTranscoder : 2263
PrivateFrameworks/Install : 394
PrivateFrameworks/InstallCoordination : 32
PrivateFrameworks/InstallerDiagnostics : 2970
PrivateFrameworks/IntentsCore : 75
PrivateFrameworks/IntentsFoundation : 75
PrivateFrameworks/IntentsServices : 75
PrivateFrameworks/InternalSwiftProtobuf : 839
PrivateFrameworks/InternationalSupport : 473
PrivateFrameworks/InternationalTextSearch : 2181
PrivateFrameworks/InternetAccounts : 1278
PrivateFrameworks/IntlPreferences : 81
PrivateFrameworks/JavaLaunching : 531
PrivateFrameworks/JavaScriptAppleEvents : 1493
PrivateFrameworks/JavaScriptOSA : 850
PrivateFrameworks/Jet : 764
PrivateFrameworks/JetUI : 143
PrivateFrameworks/KerberosHelper : 4540
PrivateFrameworks/KeyboardServices : 2073
PrivateFrameworks/KeychainCircle : 55
PrivateFrameworks/KnowledgeMonitor : 709
PrivateFrameworks/LanguageModeling : 363
PrivateFrameworks/Lexicon : 876
PrivateFrameworks/LibraryRepair : 3078
PrivateFrameworks/LimitAdTracking : 95
PrivateFrameworks/LinguisticData : 227
PrivateFrameworks/LinkPresentation : 217
PrivateFrameworks/LocalAuthenticationRecoveryUI : 43
PrivateFrameworks/LocalAuthenticationUI : 43
PrivateFrameworks/LocationSupport : 68
PrivateFrameworks/LockoutUI : 6582
PrivateFrameworks/LoggingSupport : 85
PrivateFrameworks/Lookup : 299
PrivateFrameworks/MDSChannel : 4285
PrivateFrameworks/MFAAuthentication : 171
PrivateFrameworks/MFiAuthentication : 2818
PrivateFrameworks/MMCS : 1519
PrivateFrameworks/MSUDataAccessor : 44
PrivateFrameworks/MTLCompiler : 14
PrivateFrameworks/MTLSimImplementation : 14
PrivateFrameworks/MachineSettings : 6924
PrivateFrameworks/MallocStackLogging : 212
PrivateFrameworks/ManagedClient : 180
PrivateFrameworks/Mangrove : 2553
PrivateFrameworks/MapsSuggestions : 12
PrivateFrameworks/MapsSupport : 12
PrivateFrameworks/MapsSync : 156
PrivateFrameworks/Marco : 960
PrivateFrameworks/MarkupUI : 421
PrivateFrameworks/MediaControlSender : 130
PrivateFrameworks/MediaFoundation : 9
PrivateFrameworks/MediaKit : 1319
PrivateFrameworks/Memories : 2612
PrivateFrameworks/MessageProtection : 1395
PrivateFrameworks/MessageSecurity : 1143
PrivateFrameworks/MessagesBlastDoorSupport : 626
PrivateFrameworks/MetalSerializer : 14
PrivateFrameworks/MetalTools : 14
PrivateFrameworks/MetricKitCore : 3153
PrivateFrameworks/MetricKitServices : 3153
PrivateFrameworks/MetricKitSource : 3153
PrivateFrameworks/MetricMeasurement : 3153
PrivateFrameworks/MiniSoftwareUpdate : 634
PrivateFrameworks/MobileAccessoryUpdater : 92
PrivateFrameworks/MobileActivationMacOS : 50
PrivateFrameworks/MobileAsset : 333
PrivateFrameworks/MobileAssetUpdater : 92
PrivateFrameworks/MobileBluetooth : 11
PrivateFrameworks/MobileContainerManager : 1072
PrivateFrameworks/MobileDevice : 537
PrivateFrameworks/MobileIcons : 56
PrivateFrameworks/MobileInstallation : 2
PrivateFrameworks/MobileKeyBag : 183
PrivateFrameworks/MobileObliteration : 370
PrivateFrameworks/MobileStorage : 550
PrivateFrameworks/MobileStoreDemoCore : 193
PrivateFrameworks/MobileSystemServices : 6129
PrivateFrameworks/MonitorPanel : 621
PrivateFrameworks/Montreal : 866
PrivateFrameworks/MorphunAssetsUpdater : 1
PrivateFrameworks/MorphunSwift : 1
PrivateFrameworks/MultitouchSupport : 280
PrivateFrameworks/MultiverseSupport : 1316
PrivateFrameworks/MusicLibrary : 40
PrivateFrameworks/NLP : 763
PrivateFrameworks/NPTKit : 347
PrivateFrameworks/Navigation : 97
PrivateFrameworks/NearField : 197
PrivateFrameworks/NetAppsUtilities : 6099
PrivateFrameworks/NetAuth : 1302
PrivateFrameworks/NetFSServer : 120
PrivateFrameworks/Netrb : 747
PrivateFrameworks/Network : 22
PrivateFrameworks/NetworkServiceProxy : 12951
PrivateFrameworks/NetworkStatistics : 3921
PrivateFrameworks/Notes : 226
PrivateFrameworks/NotesShared : 226
PrivateFrameworks/NotesUI : 226
PrivateFrameworks/Noticeboard : 1867
PrivateFrameworks/NotificationCenterUI : 23
PrivateFrameworks/OAHSoftwareUpdate : 8
PrivateFrameworks/OAuth : 25638
PrivateFrameworks/ODML : 95
PrivateFrameworks/OSAServicesClient : 74
PrivateFrameworks/OSASubmissionClient : 73
PrivateFrameworks/OSASyncProxyClient : 73
PrivateFrameworks/OSAnalytics : 74
PrivateFrameworks/OSAnalyticsPrivate : 73
PrivateFrameworks/OSD : 4088
PrivateFrameworks/OSPersonalization : 1911
PrivateFrameworks/OTSVG : 262
PrivateFrameworks/OctagonTrust : 55
PrivateFrameworks/OfficeImport : 1722
PrivateFrameworks/OnBoardingKit : 34
PrivateFrameworks/OpenDirectoryConfig : 15733
PrivateFrameworks/OpenDirectoryConfigUI : 614
PrivateFrameworks/Osprey : 991
PrivateFrameworks/PDS : 147
PrivateFrameworks/PDSAgent : 147
PrivateFrameworks/PIP : 2693
PrivateFrameworks/PSNormalizer : 939
PrivateFrameworks/PackageKit : 237
PrivateFrameworks/PacketFilter : 1375
PrivateFrameworks/ParsecModel : 19
PrivateFrameworks/ParsecSubscriptionServiceSupport : 19
PrivateFrameworks/PassKit : 103
PrivateFrameworks/PassKitCore : 109
PrivateFrameworks/PassKitMacHelper : 70
PrivateFrameworks/PassKitUI : 18
PrivateFrameworks/PasswordServer : 9569
PrivateFrameworks/PegasusAPI : 19
PrivateFrameworks/PegasusKit : 19
PrivateFrameworks/PencilKit : 284
PrivateFrameworks/PeopleSuggester : 394
PrivateFrameworks/PerformanceAnalysis : 1501
PrivateFrameworks/PerformanceTrace : 110
PrivateFrameworks/PersistentConnection : 4453
PrivateFrameworks/PersonaKit : 2622
PrivateFrameworks/PersonaUI : 2622
PrivateFrameworks/PersonalizationPortrait : 392
PrivateFrameworks/PersonalizationPortraitInternals : 392
PrivateFrameworks/PhoneNumberResolver : 271
PrivateFrameworks/PhoneNumbers : 66
PrivateFrameworks/PhotoPrintProduct : 1743
PrivateFrameworks/PhotosUIApps : 5
PrivateFrameworks/PhysicsKit : 1450
PrivateFrameworks/PlugInKit : 96
PrivateFrameworks/PodcastsFoundation : 63
PrivateFrameworks/PowerLog : 7
PrivateFrameworks/PowerUI : 193
PrivateFrameworks/PowerlogControl : 7
PrivateFrameworks/PowerlogCore : 7
PrivateFrameworks/PowerlogDatabaseReader : 7
PrivateFrameworks/PowerlogFullOperators : 7
PrivateFrameworks/PowerlogHelperdOperators : 7
PrivateFrameworks/PreferencePanesSupport : 537
PrivateFrameworks/PrintKit : 2531
PrivateFrameworks/PrintingPrivate : 379
PrivateFrameworks/PrivateFederatedLearning : 2770
PrivateFrameworks/ProVideo : 1259
PrivateFrameworks/ProactiveEventTracker : 372
PrivateFrameworks/ProactiveExperiments : 223
PrivateFrameworks/ProactiveExperimentsInternals : 223
PrivateFrameworks/ProactiveInputPredictions : 223
PrivateFrameworks/ProactiveInputPredictionsInternals : 223
PrivateFrameworks/ProactiveML : 223
PrivateFrameworks/ProactiveSupport : 372
PrivateFrameworks/ProactiveSupportStubs : 372
PrivateFrameworks/PromotedContentSupport : 84
PrivateFrameworks/ProofReader : 347
PrivateFrameworks/ProtectedCloudStorage : 337
PrivateFrameworks/ProtocolBuffer : 774
PrivateFrameworks/PrototypeTools : 2582
PrivateFrameworks/PubSub : 7
PrivateFrameworks/QLCharts : 1722
PrivateFrameworks/Quagga : 621
PrivateFrameworks/QuickLookIosmac : 206
PrivateFrameworks/QuickLookNonBaseSystem : 199
PrivateFrameworks/QuickLookSupport : 87
PrivateFrameworks/QuickLookThumbnailing : 87
PrivateFrameworks/QuickLookThumbnailingDaemon : 86
PrivateFrameworks/QuickLookUIIosmac : 206
PrivateFrameworks/RTBuddyCrashlogDecoder : 611
PrivateFrameworks/RTCReporting : 72
PrivateFrameworks/RTTUI : 108
PrivateFrameworks/RTTUtilities : 108
PrivateFrameworks/Rapport : 94
PrivateFrameworks/RapportUI : 95
PrivateFrameworks/ReminderKit : 126
PrivateFrameworks/ReminderKitInternal : 520
PrivateFrameworks/ReminderKitUI : 126
PrivateFrameworks/ReminderMigration : 790
PrivateFrameworks/RemindersToolbox : 2588
PrivateFrameworks/RemindersUICore : 726
PrivateFrameworks/RemoteConfiguration : 76
PrivateFrameworks/RemoteCoreML : 5051
PrivateFrameworks/RemoteManagement : 2487
PrivateFrameworks/RemoteServiceDiscovery : 273
PrivateFrameworks/RemoteTextInput : 3608
PrivateFrameworks/RemoteViewServices : 614
PrivateFrameworks/RemoteXPC : 273
PrivateFrameworks/RenderBox : 2
PrivateFrameworks/ReplayKitMacHelper : 57
PrivateFrameworks/ResponseKit : 398
PrivateFrameworks/Restore : 362
PrivateFrameworks/Reveal : 662
PrivateFrameworks/RevealCore : 662
PrivateFrameworks/RunningBoard : 28
PrivateFrameworks/RunningBoardServices : 28
PrivateFrameworks/SAObjects : 183
PrivateFrameworks/SCEP : 864
PrivateFrameworks/SDAPI : 4956
PrivateFrameworks/SMBClient : 36
PrivateFrameworks/SMBClientEngine : 871
PrivateFrameworks/SPFinder : 64
PrivateFrameworks/SPOwner : 64
PrivateFrameworks/SPShared : 112
PrivateFrameworks/SPSupport : 387
PrivateFrameworks/SafeEjectGPU : 818
PrivateFrameworks/SampleAnalysis : 1501
PrivateFrameworks/ScoreBoard : 3151
PrivateFrameworks/ScreenReader : 50
PrivateFrameworks/ScreenReaderCore : 50
PrivateFrameworks/ScreenSharing : 376
PrivateFrameworks/ScreenTimeCore : 272
PrivateFrameworks/ScreenTimeServiceUI : 95
PrivateFrameworks/ScreenTimeSettingsUI : 182
PrivateFrameworks/SearchAds : 95
PrivateFrameworks/SearchFoundation : 19
PrivateFrameworks/SearchUI : 167
PrivateFrameworks/SearchUICardKitProviderSupport : 386
PrivateFrameworks/SecCodeWrapper : 113
PrivateFrameworks/SecureChannel : 1898
PrivateFrameworks/SecurityTokend : 6851
PrivateFrameworks/Seeding : 416
PrivateFrameworks/SemanticDocumentManagement : 4335
PrivateFrameworks/SensingProtocols : 2641
PrivateFrameworks/Sentry : 1598
PrivateFrameworks/ServerCompatibility : 4733
PrivateFrameworks/ServerInformation : 730
PrivateFrameworks/SetupKit : 553
PrivateFrameworks/ShareKit : 211
PrivateFrameworks/ShareSheet : 99
PrivateFrameworks/SharedWebCredentials : 249
PrivateFrameworks/Sharing : 270
PrivateFrameworks/SharingXPCServices : 258
PrivateFrameworks/ShazamInsights : 445
PrivateFrameworks/ShazamKit : 445
PrivateFrameworks/ShazamKitUI : 445
PrivateFrameworks/ShoveService : 237
PrivateFrameworks/SidecarCore : 554
PrivateFrameworks/SidecarUI : 554
PrivateFrameworks/SignpostCollection : 1835
PrivateFrameworks/SignpostMetrics : 1835
PrivateFrameworks/SignpostNotification : 736
PrivateFrameworks/SignpostSupport : 1835
PrivateFrameworks/SiriAppResolution : 86
PrivateFrameworks/SiriAudioInternal : 167
PrivateFrameworks/SiriAudioSupport : 167
PrivateFrameworks/SiriClientFlow : 1277
PrivateFrameworks/SiriCore : 193
PrivateFrameworks/SiriDailyBriefingInternal : 944
PrivateFrameworks/SiriDialogEngine : 1308
PrivateFrameworks/SiriGeo : 1428
PrivateFrameworks/SiriInference : 82
PrivateFrameworks/SiriInstrumentation : 84
PrivateFrameworks/SiriIntentEvents : 82
PrivateFrameworks/SiriKitFlow : 86
PrivateFrameworks/SiriKitInvocation : 85
PrivateFrameworks/SiriKitRuntime : 86
PrivateFrameworks/SiriObservation : 189
PrivateFrameworks/SiriOntology : 133
PrivateFrameworks/SiriOntologyProtobuf : 133
PrivateFrameworks/SiriPlaybackControlIntents : 93
PrivateFrameworks/SiriPlaybackControlSupport : 93
PrivateFrameworks/SiriSpeechSynthesis : 229
PrivateFrameworks/SiriTasks : 189
PrivateFrameworks/SiriVOX : 193
PrivateFrameworks/SiriVideoIntents : 106
PrivateFrameworks/Slideshows : 417
PrivateFrameworks/SocialServices : 443
PrivateFrameworks/SoftLinking : 604
PrivateFrameworks/SoftwareUpdateMacController : 213
PrivateFrameworks/SpanMatcher : 193
PrivateFrameworks/SpeakerRecognition : 59
PrivateFrameworks/SpeechDictionary : 1470
PrivateFrameworks/SpeechObjects : 397
PrivateFrameworks/SpeechRecognitionCommandServices : 289
PrivateFrameworks/SpeechRecognitionCore : 928
PrivateFrameworks/StorageKit : 653
PrivateFrameworks/StorageManagement : 549
PrivateFrameworks/StoreFoundation : 10
PrivateFrameworks/StoreJavaScript : 10
PrivateFrameworks/StoreKitMacHelper : 89
PrivateFrameworks/StoreKitUIMac : 89
PrivateFrameworks/StoreServices : 1090
PrivateFrameworks/StoreUI : 10
PrivateFrameworks/StreamingZip : 558
PrivateFrameworks/Suggestions : 684
PrivateFrameworks/SuggestionsSpotlightMetrics : 223
PrivateFrameworks/Symbolication : 212
PrivateFrameworks/SymptomDiagnosticReporter : 1742
PrivateFrameworks/SymptomReporter : 82
PrivateFrameworks/Symptoms : 82
PrivateFrameworks/SyncServicesUI : 604
PrivateFrameworks/SyncedDefaults : 14
PrivateFrameworks/SystemAdministration : 241
PrivateFrameworks/SystemAdministrationInterface : 1088
PrivateFrameworks/SystemDesktopAppearance : 57
PrivateFrameworks/SystemMigration : 23
PrivateFrameworks/SystemMigrationNetworking : 23
PrivateFrameworks/SystemMigrationUtils : 23
PrivateFrameworks/SystemUIPlugin : 1144
PrivateFrameworks/TCC : 2
PrivateFrameworks/TTYUtilities : 5963
PrivateFrameworks/TVRemoteCore : 1065
PrivateFrameworks/TelephonyUtilities : 147
PrivateFrameworks/TemplateKit : 165
PrivateFrameworks/TextInputMenuUI : 259
PrivateFrameworks/TextRecognition : 2012
PrivateFrameworks/TextToSpeech : 221
PrivateFrameworks/TextureIO : 11677
PrivateFrameworks/TimeSync : 1802
PrivateFrameworks/Timeline : 1438
PrivateFrameworks/ToneKit : 82
PrivateFrameworks/ToneLibrary : 82
PrivateFrameworks/Tourist : 227
PrivateFrameworks/Translation : 40
PrivateFrameworks/Transparency : 442
PrivateFrameworks/TransparencyDetailsViewMac : 95
PrivateFrameworks/Trial : 166
PrivateFrameworks/TrialProto : 166
PrivateFrameworks/TrialServer : 166
PrivateFrameworks/TrustEvaluationAgent : 1649
PrivateFrameworks/TrustedPeers : 55
PrivateFrameworks/TuriCore : 295
PrivateFrameworks/UARPiCloud : 92
PrivateFrameworks/UAUPlugin : 1855
PrivateFrameworks/UIFoundation : 13
PrivateFrameworks/UIKitMacHelper : 13
PrivateFrameworks/UIKitServices : 12
PrivateFrameworks/UIKitSystemAppServices : 209
PrivateFrameworks/UIRecording : 2668
PrivateFrameworks/URLFormatting : 212
PrivateFrameworks/USDKit : 294
PrivateFrameworks/Uninstall : 24
PrivateFrameworks/UniversalAccess : 373
PrivateFrameworks/UsageTracking : 1938
PrivateFrameworks/UserActivity : 439
PrivateFrameworks/UserManagement : 1677
PrivateFrameworks/VCXMPP : 1855
PrivateFrameworks/VFX : 2452
PrivateFrameworks/VFXBase : 2452
PrivateFrameworks/VectorKit : 301
PrivateFrameworks/VideoProcessing : 194
PrivateFrameworks/VideoSubscriberAccountUI : 80
PrivateFrameworks/ViewBridge : 114
PrivateFrameworks/VirtualGarage : 97
PrivateFrameworks/VisionKit : 5289
PrivateFrameworks/VisualPairing : 2986
PrivateFrameworks/VisualTestKit : 2960
PrivateFrameworks/VoiceShortcutClient : 100
PrivateFrameworks/VoiceShortcuts : 100
PrivateFrameworks/VoiceTrigger : 6560
PrivateFrameworks/WPDaemon : 1922
PrivateFrameworks/WatchdogClient : 92
PrivateFrameworks/WeatherFoundation : 134
PrivateFrameworks/WeatherKit : 838
PrivateFrameworks/WebContentAnalysis : 2177
PrivateFrameworks/WebFilterDNS : 2177
PrivateFrameworks/WiFiCloudSyncEngine : 326
PrivateFrameworks/WiFiPeerToPeer : 603
PrivateFrameworks/WiFiPolicy : 878
PrivateFrameworks/WildDevices : 653
PrivateFrameworks/WirelessCoexManager : 396
PrivateFrameworks/WirelessDiagnostics : 12149
PrivateFrameworks/WirelessProximity : 1922
PrivateFrameworks/WorkflowKit : 100
PrivateFrameworks/WorkflowUIServices : 90
PrivateFrameworks/XARTRecovery : 48
PrivateFrameworks/XCTAutomationSupport : 545
PrivateFrameworks/XCTTargetBootstrap : 545
PrivateFrameworks/XGBoostFramework : 553
PrivateFrameworks/XQuery : 6113
PrivateFrameworks/XprotectFramework : 137
PrivateFrameworks/ZhuGeSupport : 1910
PrivateFrameworks/acfs : 325
PrivateFrameworks/acfsSupport : 142
PrivateFrameworks/apfs_boot_mount : 6
PrivateFrameworks/caulk : 2251
PrivateFrameworks/iAdCore : 618
PrivateFrameworks/iAdServices : 618
PrivateFrameworks/iCalendar : 691
PrivateFrameworks/iCloudNotification : 2203
PrivateFrameworks/iLifeMediaBrowser : 889
PrivateFrameworks/iPod : 1128
PrivateFrameworks/iPodSync : 3715
PrivateFrameworks/iPodUpdater : 3291
PrivateFrameworks/iTunesCloud : 47
PrivateFrameworks/iWorkXPC : 2990
PrivateFrameworks/kperf : 1542
PrivateFrameworks/kperfdata : 1542
PrivateFrameworks/login : 426
PrivateFrameworks/nt : 122
PrivateFrameworks/oncrpc : 2224
PrivateFrameworks/perfdata : 1993
PrivateFrameworks/vCard : 62
PrivateFrameworks/yara : 1614
CoreServices/Bluetooth Setup Assistant : 8.0.2f9
CoreServices/BluetoothUIServer : 8.0.2f9
CoreServices/ControlCenter : 143
CoreServices/Dock : 2092.20.5
CoreServices/Finder : 1350.2.10
CoreServices/OBEXAgent : 8.0.2f9
CoreServices/Setup Assistant : 3111
CoreServices/Siri : 201.2.5
CoreServices/Software Update : 1417.60.4
CoreServices/Spotlight : 2150.7.2
Frameworks/ARKit : 79
Frameworks/AVKit : 2
Frameworks/AddressBook : 651
Frameworks/AddressBookUI : 865
Frameworks/AssetsLibrary : 5
Frameworks/BusinessChat : 40
Frameworks/CarPlay : 458
Frameworks/ClockKit : 9
Frameworks/ContactsUI : 68
Frameworks/CoreNFC : 12
Frameworks/EventKitUI : 526
Frameworks/GLKit : 845
Frameworks/GameController : 88
Frameworks/GameKit : 67
Frameworks/GameplayKit : 672
Frameworks/HomeKit : 5
Frameworks/LinkPresentation : 99
Frameworks/MapKit : 72
Frameworks/MediaPlayer : 7
Frameworks/MetalKit : 1288
Frameworks/MobileCoreServices : 26
Frameworks/MultipeerConnectivity : 392
Frameworks/NetworkExtensioniOSSupport : 18
Frameworks/NewsstandKit : 2395
Frameworks/OpenAL : 1036
Frameworks/PassKit : 70
Frameworks/PencilKit : 195
Frameworks/QuickLook : 753
Frameworks/RealityKit : 183
Frameworks/ReplayKit : 57
Frameworks/SceneKit : 418
Frameworks/ScreenTime : 92
Frameworks/Social : 446
Frameworks/SpriteKit : 417
Frameworks/StoreKit : 89
Frameworks/Twitter : 1537
Frameworks/UIKit : 14
Frameworks/UserNotificationsUI : 382
Frameworks/VisionKit : 2674
Frameworks/WatchConnectivity : 1839
Frameworks/WatchKit : 3463
Frameworks/WidgetKit : 16
Frameworks/_AVKit_SwiftUI : 9
Frameworks/_MapKit_SwiftUI : 224
Frameworks/_SceneKit_SwiftUI : 960
Frameworks/_SpriteKit_SwiftUI : 739
Frameworks/iAd : 618
PrivateFrameworks/AVKitMacHelper : 2
PrivateFrameworks/AccessibilityUI : 10
PrivateFrameworks/AccessibilityUIService : 10
PrivateFrameworks/AccessibilityUIShared : 10
PrivateFrameworks/AccessibilityUIUtilities : 10
PrivateFrameworks/ActionKitUI : 69
PrivateFrameworks/ActivityRingsUI : 2278
PrivateFrameworks/AdPlatformsCommonUI : 84
PrivateFrameworks/AddressBookLegacy : 2615
PrivateFrameworks/AnnotationKit : 407
PrivateFrameworks/AppAnalytics : 754
PrivateFrameworks/AppSupportUI : 1143
PrivateFrameworks/AppleMediaServicesUI : 38
PrivateFrameworks/AppleMediaServicesUIDynamic : 103
PrivateFrameworks/AuthKitUI : 322
PrivateFrameworks/AuthKitUIMacHelper : 322
PrivateFrameworks/AvatarKit : 316
PrivateFrameworks/AvatarUI : 186
PrivateFrameworks/BaseBoardUI : 1523
PrivateFrameworks/CalendarUIKit : 463
PrivateFrameworks/ChronoKit : 16
PrivateFrameworks/ClassroomKit : 89
PrivateFrameworks/ContactsAutocompleteUI : 404
PrivateFrameworks/CoreChart : 393
PrivateFrameworks/CorePDF : 787
PrivateFrameworks/CoreRecognition : 1292
PrivateFrameworks/CoreSuggestionsUI : 156
PrivateFrameworks/CryptoTokenKitExtensionSDK : 16
PrivateFrameworks/DataDetectorsUI : 725
PrivateFrameworks/DocumentCamera : 2350
PrivateFrameworks/DocumentManager : 145
PrivateFrameworks/DocumentManagerCore : 145
PrivateFrameworks/EmojiKit : 870
PrivateFrameworks/FMCoreUI : 619
PrivateFrameworks/FMFUI : 226
PrivateFrameworks/FrontBoard : 115
PrivateFrameworks/GameCenterUI : 36
PrivateFrameworks/HelpKit : 1698
PrivateFrameworks/Home : 50
PrivateFrameworks/HomeRecommendationEngine : 50
PrivateFrameworks/HomeUI : 50
PrivateFrameworks/InAppMessages : 277
PrivateFrameworks/IntlPreferences : 33
PrivateFrameworks/JITAppKit : 1451
PrivateFrameworks/Jet : 457
PrivateFrameworks/JetEngine : 90
PrivateFrameworks/JetUI : 193
PrivateFrameworks/ManagedConfiguration : 613
PrivateFrameworks/MarkupUI : 407
PrivateFrameworks/MediaPlaybackCore : 7
PrivateFrameworks/MobileTimer : 466
PrivateFrameworks/MobileTimerUI : 466
PrivateFrameworks/NanoRegistry : 1249
PrivateFrameworks/NetAppsUtilitiesUI : 6099
PrivateFrameworks/NewsAds : 3
PrivateFrameworks/NewsAppKit : 3
PrivateFrameworks/NewsPersonalization : 3
PrivateFrameworks/OnBoardingKit : 10
PrivateFrameworks/PassKitServices : 24
PrivateFrameworks/PassKitUI : 18
PrivateFrameworks/PassKitUIFoundation : 18
PrivateFrameworks/PencilKit : 195
PrivateFrameworks/PersonaUI : 912
PrivateFrameworks/PodcastsUI : 43
PrivateFrameworks/PromotedContent : 187
PrivateFrameworks/PromotedContentProxy : 84
PrivateFrameworks/PromotedContentUI : 187
PrivateFrameworks/QuickLookThumbnailingExtension : 87
PrivateFrameworks/RTTUI : 82
PrivateFrameworks/RapportUI : 46
PrivateFrameworks/ScreenTimeUI : 101
PrivateFrameworks/SearchToShareCore : 588
PrivateFrameworks/Stocks : 2541
PrivateFrameworks/TSReading : 920
PrivateFrameworks/TSUtility : 920
PrivateFrameworks/TextInputUI : 118
PrivateFrameworks/TouchML : 1675
PrivateFrameworks/TransparencyDetailsView : 95
PrivateFrameworks/UIKitCore : 13
PrivateFrameworks/UIKitMacHelper : 13
PrivateFrameworks/UserNotificationsExtensionPoint : 321
PrivateFrameworks/VisualPairing : 1556
PrivateFrameworks/VoiceMemos : 758
PrivateFrameworks/VoiceOverServices : 10
PrivateFrameworks/Weather : 222
PrivateFrameworks/WeatherCharts : 222
PrivateFrameworks/WeatherFoundation : 23
PrivateFrameworks/WorkflowEditor : 69
PrivateFrameworks/WorkflowUI : 69
PrivateFrameworks/WorkflowUICore : 69
PrivateFrameworks/WorkflowUIServices : 62
PrivateFrameworks/XavierCore : 3
PrivateFrameworks/XavierNews : 3
PrivateFrameworks/ZoomServices : 10
