Applications/AltTab : 6.12.0
Applications/BootBuddy : 1
Applications/Bootstrap Studio : 5.5.1
Applications/Epic Games Launcher : 12.0.0
Applications/Gifski : 44
Applications/Google Chrome : 4280.141
Applications/Itsycal : 2052
Applications/Keka : 4371
Applications/PBE : 1
Applications/SF Symbols : 44
Applications/Safari : 16610.4.3
Applications/Skim : 129
Applications/XnConvert : 1.90.1
Applications/iTerm : 3.4.4beta2
Applications/zoom.us : 5.4.59780.1220
Applications/Contacts : 2452.3
Applications/FindMy : 189.0.7
Applications/Home : 462.4.12.0.1
Applications/Launchpad : 52.1
Applications/Mail : 3654.60.0.2.5
Applications/Maps : 2608.23.11.29.4
Applications/Mission Control : 52.1
Applications/Music : 1.1.3
Applications/News : 2696
Applications/Photos : 330.0.150
Applications/Reminders : 2185.1
Applications/Siri : 52.1
Applications/Stocks : 710
Applications/TV : 1.1.3
Applications/TextEdit : 365.2
Applications/Time Machine : 52.1
Utilities/Bluetooth File Exchange : 8.0.3d8
Utilities/Disk Utility : 1715
Utilities/Screenshot : 52.1
Utilities/VoiceOver Utility : 767.1.3
Frameworks/AGL : 2219
Frameworks/AVFoundation : 253
Frameworks/AVKit : 49
Frameworks/Accelerate : 1230
Frameworks/Accessibility : 60
Frameworks/AdServices : 99
Frameworks/AdSupport : 109
Frameworks/AppKit : 12
Frameworks/AppTrackingTransparency : 109
Frameworks/AppleScriptKit : 1927
Frameworks/AppleScriptObjC : 138
Frameworks/ApplicationServices : 4728
Frameworks/AudioToolbox : 20
Frameworks/AudioVideoBridging : 2
Frameworks/AutomaticAssessmentConfiguration : 1024
Frameworks/Automator : 584
Frameworks/BackgroundTasks : 7
Frameworks/BusinessChat : 88
Frameworks/CFNetwork : 11
Frameworks/CalendarStore : 907
Frameworks/CallKit : 15
Frameworks/Carbon : 5943
Frameworks/ClassKit : 4
Frameworks/CloudKit : 33
Frameworks/Cocoa : 17815
Frameworks/Collaboration : 1204
Frameworks/ColorSync : 62
Frameworks/Combine : 1897
Frameworks/Contacts : 119
Frameworks/CoreAudioKit : 111
Frameworks/CoreAudioTypes : 20
Frameworks/CoreData : 521
Frameworks/CoreDisplay : 27
Frameworks/CoreFoundation : 6
Frameworks/CoreHaptics : 2066
Frameworks/CoreImage : 265
Frameworks/CoreML : 649
Frameworks/CoreMediaIO : 1860
Frameworks/CoreServices : 50
Frameworks/CryptoKit : 105
Frameworks/DVDPlayback : 311
Frameworks/DeveloperToolsSupport : 2773
Frameworks/DeviceCheck : 1313
Frameworks/DirectoryService : 656
Frameworks/DiscRecording : 1329
Frameworks/DiscRecordingUI : 1329
Frameworks/DiskArbitration : 532
Frameworks/DriverKit : 137
Frameworks/EventKit : 247
Frameworks/ExceptionHandling : 1426
Frameworks/ExternalAccessory : 362
Frameworks/FWAUserLib : 842
Frameworks/FileProviderUI : 1790
Frameworks/FinderSync : 29
Frameworks/ForceFeedback : 5460
Frameworks/Foundation : 6
Frameworks/GLKit : 3432
Frameworks/GLUT : 1343
Frameworks/GSS : 36
Frameworks/GameController : 15
Frameworks/GameKit : 219
Frameworks/GameplayKit : 2061
Frameworks/HIDDriverKit : 15
Frameworks/ICADevices : 387
Frameworks/IMServicePlugIn : 39
Frameworks/IOSurface : 138
Frameworks/IOUSBHost : 30
Frameworks/IdentityLookup : 15
Frameworks/ImageCaptureCore : 387
Frameworks/ImageIO : 62
Frameworks/InstallerPlugins : 574
Frameworks/InstantMessage : 12678
Frameworks/JavaNativeFoundation : 1208
Frameworks/JavaRuntimeSupport : 784
Frameworks/JavaVM : 1068
Frameworks/Kerberos : 1193
Frameworks/LDAP : 5
Frameworks/LatentSemanticMapping : 669
Frameworks/LinkPresentation : 414
Frameworks/LocalAuthentication : 20
Frameworks/MLCompute : 31
Frameworks/MediaAccessibility : 2945
Frameworks/MediaLibrary : 986
Frameworks/Message : 14243
Frameworks/Metal : 28
Frameworks/MetalKit : 6258
Frameworks/MetalPerformanceShadersGraph : 730
Frameworks/MetricKit : 3222
Frameworks/ModelIO : 31
Frameworks/MultipeerConnectivity : 1260
Frameworks/NaturalLanguage : 2114
Frameworks/NearbyInteraction : 15
Frameworks/NetworkExtension : 11
Frameworks/NetworkingDriverKit : 55
Frameworks/OSAKit : 1165
Frameworks/OpenAL : 627
Frameworks/OpenCL : 916
Frameworks/OpenDirectory : 656
Frameworks/OpenGL : 28
Frameworks/PCIDriverKit : 69
Frameworks/PCSC : 3
Frameworks/PDFKit : 23
Frameworks/ParavirtualizedGraphics : 275
Frameworks/PassKit : 1
Frameworks/PencilKit : 320
Frameworks/Photos : 117
Frameworks/PhotosUI : 98
Frameworks/PreferencePanes : 805
Frameworks/PushKit : 3666
Frameworks/Python : 370
Frameworks/QTKit : 3305
Frameworks/Quartz : 2151
Frameworks/QuickLook : 76
Frameworks/QuickLookThumbnailing : 129
Frameworks/RealityKit : 187
Frameworks/ReplayKit : 115
Frameworks/Ruby : 701
Frameworks/SceneKit : 1382
Frameworks/ScreenSaver : 207
Frameworks/ScreenTime : 491
Frameworks/ScriptingBridge : 1460
Frameworks/SecurityFoundation : 1636
Frameworks/SecurityInterface : 891
Frameworks/ServiceManagement : 12
Frameworks/Social : 506
Frameworks/SoundAnalysis : 98
Frameworks/Speech : 270
Frameworks/SpriteKit : 1840
Frameworks/SyncServices : 704
Frameworks/System : 3070
Frameworks/SystemConfiguration : 250
Frameworks/SystemExtensions : 9
Frameworks/TWAIN : 1510
Frameworks/Tcl : 7
Frameworks/Tk : 7
Frameworks/USBDriverKit : 30
Frameworks/UniformTypeIdentifiers : 13
Frameworks/UserNotifications : 263
Frameworks/UserNotificationsUI : 184
Frameworks/VideoDecodeAcceleration : 6767
Frameworks/VideoSubscriberAccount : 96
Frameworks/Vision : 581
Frameworks/WebKit : 12
Frameworks/WidgetKit : 10
Frameworks/_MapKit_SwiftUI : 14
Frameworks/_QuickLook_SwiftUI : 157
Frameworks/_SceneKit_SwiftUI : 2961
Frameworks/_SpriteKit_SwiftUI : 4843
Frameworks/_StoreKit_SwiftUI : 31
Frameworks/vecLib : 1230
Frameworks/vmnet : 301
PrivateFrameworks/AACCore : 472
PrivateFrameworks/ACDEClient : 937
PrivateFrameworks/AFKUser : 40
PrivateFrameworks/ANECompiler : 1152
PrivateFrameworks/ANEHostCompiler : 1149
PrivateFrameworks/ANEServices : 6
PrivateFrameworks/AOSAccounts : 2263
PrivateFrameworks/AOSAccountsLite : 2263
PrivateFrameworks/AOSKit : 505
PrivateFrameworks/AOSUI : 730
PrivateFrameworks/APTransport : 275
PrivateFrameworks/ASEProcessing : 1241
PrivateFrameworks/AVConference : 1402
PrivateFrameworks/AVFCapture : 31
PrivateFrameworks/AVFCore : 245
PrivateFrameworks/AVFoundationCF : 87
PrivateFrameworks/AXAssetLoader : 17
PrivateFrameworks/AXCoreUtilities : 17
PrivateFrameworks/AXHearingCoreSupport : 6063
PrivateFrameworks/AXHearingSupport : 6063
PrivateFrameworks/AXMediaUtilities : 484
PrivateFrameworks/AXRuntime : 17
PrivateFrameworks/AccessibilityBundles : 35
PrivateFrameworks/AccessibilityPerformance : 481
PrivateFrameworks/AccessibilityPlatformTranslation : 60
PrivateFrameworks/AccessibilitySharedSupport : 60
PrivateFrameworks/AccessibilitySupport : 481
PrivateFrameworks/AccessoryNowPlaying : 13
PrivateFrameworks/AccountPolicy : 596
PrivateFrameworks/AccountsUI : 808
PrivateFrameworks/ActionKit : 73
PrivateFrameworks/AdAnalytics : 635
PrivateFrameworks/AdCore : 111
PrivateFrameworks/AdID : 111
PrivateFrameworks/AdPlatforms : 111
PrivateFrameworks/AdPlatformsCommon : 99
PrivateFrameworks/AdPlatformsInternal : 111
PrivateFrameworks/Admin : 15
PrivateFrameworks/AggregateDictionary : 1218
PrivateFrameworks/AggregateDictionaryHistory : 1218
PrivateFrameworks/AirPlayReceiver : 194
PrivateFrameworks/AirPlaySender : 194
PrivateFrameworks/AirPlaySupport : 275
PrivateFrameworks/AirTrafficHost : 63
PrivateFrameworks/AlgosScoreFramework : 322
PrivateFrameworks/AmbientDisplay : 855
PrivateFrameworks/AnnotationKit : 679
PrivateFrameworks/AppAttestInternal : 1313
PrivateFrameworks/AppContainer : 127
PrivateFrameworks/AppSSO : 49
PrivateFrameworks/AppSSOCore : 49
PrivateFrameworks/AppSSOKerberos : 49
PrivateFrameworks/AppSSOUI : 49
PrivateFrameworks/AppSandbox : 127
PrivateFrameworks/AppServerSupport : 12
PrivateFrameworks/AppStoreComponents : 19
PrivateFrameworks/AppStoreDaemon : 32
PrivateFrameworks/AppStoreFoundation : 32
PrivateFrameworks/AppStoreUI : 5
PrivateFrameworks/AppSupport : 559
PrivateFrameworks/AppSupportUI : 4900
PrivateFrameworks/AppleAccount : 310
PrivateFrameworks/AppleAppSupport : 2151
PrivateFrameworks/AppleCVA : 225
PrivateFrameworks/AppleFSCompression : 12240
PrivateFrameworks/AppleFirmwareUpdate : 20
PrivateFrameworks/AppleGVA : 17
PrivateFrameworks/AppleGVACore : 17
PrivateFrameworks/AppleHIDTransportSupport : 2349
PrivateFrameworks/AppleIDAuthSupport : 3275
PrivateFrameworks/AppleIDSSOAuthentication : 3038
PrivateFrameworks/AppleJPEG : 488
PrivateFrameworks/AppleLDAP : 3167
PrivateFrameworks/AppleLOM : 13
PrivateFrameworks/AppleMediaServices : 32
PrivateFrameworks/AppleMediaServicesUI : 21
PrivateFrameworks/AppleMediaServicesUIDynamic : 29
PrivateFrameworks/AppleNVMe : 730
PrivateFrameworks/AppleNeuralEngine : 685
PrivateFrameworks/ApplePDPHelper : 17279
PrivateFrameworks/ApplePushService : 186
PrivateFrameworks/AppleSRP : 14796
PrivateFrameworks/AppleSauce : 2297
PrivateFrameworks/AppleScript : 650
PrivateFrameworks/AppleServiceToolkit : 789
PrivateFrameworks/AppleShareClientCore : 1110
PrivateFrameworks/AppleSystemInfo : 452
PrivateFrameworks/AppleVA : 914
PrivateFrameworks/AppleVPA : 17
PrivateFrameworks/AskPermission : 19
PrivateFrameworks/AssertionServices : 82
PrivateFrameworks/AssetCacheServices : 808
PrivateFrameworks/AssetCacheServicesExtensions : 808
PrivateFrameworks/AssetViewer : 497
PrivateFrameworks/AssetsLibraryServices : 117
PrivateFrameworks/AssistantServices : 31
PrivateFrameworks/AssistiveControlSupport : 179
PrivateFrameworks/AttributeGraph : 2464
PrivateFrameworks/AudioAnalytics : 3
PrivateFrameworks/AudioDSPManager : 772
PrivateFrameworks/AudioHistory : 772
PrivateFrameworks/AudioPasscode : 1166
PrivateFrameworks/AudioResourceArbitration : 683
PrivateFrameworks/AudioServerApplication : 385
PrivateFrameworks/AudioServerDriver : 385
PrivateFrameworks/AudioSession : 914
PrivateFrameworks/AudioToolboxCore : 20
PrivateFrameworks/AudioTransportCommon : 3691
PrivateFrameworks/AuthKit : 20
PrivateFrameworks/AuthKitUI : 20
PrivateFrameworks/AutoBugCaptureCore : 2186
PrivateFrameworks/AutoLoop : 6086
PrivateFrameworks/BackBoardServices : 89
PrivateFrameworks/BackgroundTaskManagement : 265
PrivateFrameworks/BaseBoard : 2015
PrivateFrameworks/BatteryUIKit : 944
PrivateFrameworks/BehaviorMiner : 1077
PrivateFrameworks/BezelServices : 452
PrivateFrameworks/BioKitAggD : 14265
PrivateFrameworks/BiomeFoundation : 59
PrivateFrameworks/BiomePubSub : 59
PrivateFrameworks/BiomeStorage : 59
PrivateFrameworks/BiomeStreams : 59
PrivateFrameworks/BiometricKit : 35
PrivateFrameworks/BiometricKitUI : 21
PrivateFrameworks/BiometricSupport : 26
PrivateFrameworks/BlastDoor : 679
PrivateFrameworks/BoardServices : 2015
PrivateFrameworks/Bom : 1237
PrivateFrameworks/BookCoverUtility : 204
PrivateFrameworks/BookKit : 204
PrivateFrameworks/BookKitFoundation : 204
PrivateFrameworks/BookUtility : 204
PrivateFrameworks/Bootability : 3
PrivateFrameworks/BridgeOSInstall : 739
PrivateFrameworks/BridgeOSInstallReporting : 739
PrivateFrameworks/BridgeOSObliteration : 14
PrivateFrameworks/BridgeOSSoftwareUpdate : 4254
PrivateFrameworks/BridgeXPC : 5388
PrivateFrameworks/BulkSymbolication : 1594
PrivateFrameworks/ByteRangeLocking : 4401
PrivateFrameworks/C2 : 1586
PrivateFrameworks/CMCapture : 31
PrivateFrameworks/CMCaptureCore : 31
PrivateFrameworks/CPAnalytics : 117
PrivateFrameworks/CPMLBestShim : 5602
PrivateFrameworks/CPMS : 128
PrivateFrameworks/CSCSupport : 44
PrivateFrameworks/CVNLP : 861
PrivateFrameworks/CalDAV : 928
PrivateFrameworks/Calculate : 746
PrivateFrameworks/CalendarAgent : 577
PrivateFrameworks/CalendarAgentLink : 732
PrivateFrameworks/CalendarDraw : 830
PrivateFrameworks/CalendarFoundation : 154
PrivateFrameworks/CalendarNotification : 317
PrivateFrameworks/CalendarPersistence : 110
PrivateFrameworks/CalendarUI : 388
PrivateFrameworks/CalendarWidget : 1575
PrivateFrameworks/CallHistory : 19
PrivateFrameworks/CameraImagingFramework : 6606
PrivateFrameworks/CaptiveNetwork : 650
PrivateFrameworks/CardKit : 5
PrivateFrameworks/CardServices : 5
PrivateFrameworks/Cards : 5
PrivateFrameworks/Catalyst : 5205
PrivateFrameworks/Categories : 2314
PrivateFrameworks/CharacterPicker : 480
PrivateFrameworks/ChronoKit : 10
PrivateFrameworks/ChronoServices : 10
PrivateFrameworks/ChronoUIServices : 5
PrivateFrameworks/ChunkingLibrary : 3539
PrivateFrameworks/ClassKit : 4
PrivateFrameworks/ClassKitUI : 4
PrivateFrameworks/ClassroomKit : 115
PrivateFrameworks/ClockMenuExtraPreferences : 761
PrivateFrameworks/CloudDocs : 101
PrivateFrameworks/CloudDocsDaemon : 115
PrivateFrameworks/CloudFamilyRestrictions : 978
PrivateFrameworks/CloudFamilyRestrictionsDaemon : 978
PrivateFrameworks/CloudKitCode : 33
PrivateFrameworks/CloudKitCodeProtobuf : 33
PrivateFrameworks/CloudPhotoLibrary : 117
PrivateFrameworks/CloudPhotoServices : 117
PrivateFrameworks/CloudPhotoServicesConfiguration : 117
PrivateFrameworks/Coherence : 6282
PrivateFrameworks/CombineCocoa : 1897
PrivateFrameworks/CommerceKit : 5
PrivateFrameworks/CommonAuth : 36
PrivateFrameworks/CommonUtilities : 15053
PrivateFrameworks/CommunicationsFilter : 5473
PrivateFrameworks/ConditionInducer : 2258
PrivateFrameworks/ConfigProfileHelper : 268
PrivateFrameworks/ConfigurationEngineModel : 1885
PrivateFrameworks/ConfigurationProfiles : 268
PrivateFrameworks/ConfigurationProfilesUI : 92
PrivateFrameworks/ConsoleKit : 48
PrivateFrameworks/ConstantClasses : 1081
PrivateFrameworks/ContactsAgent : 158
PrivateFrameworks/ContactsAssistantServices : 2118
PrivateFrameworks/ContactsAutocomplete : 119
PrivateFrameworks/ContactsAutocompleteUI : 792
PrivateFrameworks/ContactsDonation : 1007
PrivateFrameworks/ContactsDonationFeedback : 1007
PrivateFrameworks/ContactsFoundation : 1343
PrivateFrameworks/ContactsPersistence : 112
PrivateFrameworks/ContactsUICore : 401
PrivateFrameworks/ContactsUIMacHelper : 5
PrivateFrameworks/ContentKit : 73
PrivateFrameworks/ContextKit : 1186
PrivateFrameworks/ContextKitExtraction : 1152
PrivateFrameworks/ControlCenter : 9
PrivateFrameworks/ConversationKit : 279
PrivateFrameworks/CoreADI : 499
PrivateFrameworks/CoreAUC : 52
PrivateFrameworks/CoreAVCHD : 4647
PrivateFrameworks/CoreAccessories : 13
PrivateFrameworks/CoreAnalytics : 75
PrivateFrameworks/CoreAppleCVA : 787
PrivateFrameworks/CoreAutoLayout : 316
PrivateFrameworks/CoreBrightness : 229
PrivateFrameworks/CoreCDP : 194
PrivateFrameworks/CoreCDPInternal : 194
PrivateFrameworks/CoreCDPUI : 194
PrivateFrameworks/CoreCapture : 1887
PrivateFrameworks/CoreCaptureControl : 1887
PrivateFrameworks/CoreCaptureDaemon : 1887
PrivateFrameworks/CoreChart : 1627
PrivateFrameworks/CoreChineseEngine : 46
PrivateFrameworks/CoreDAV : 911
PrivateFrameworks/CoreDaemon : 1282
PrivateFrameworks/CoreDuet : 69
PrivateFrameworks/CoreDuetContext : 69
PrivateFrameworks/CoreDuetDaemonProtocol : 69
PrivateFrameworks/CoreDuetDataModel : 69
PrivateFrameworks/CoreDuetDebugLogging : 69
PrivateFrameworks/CoreDuetStatistics : 69
PrivateFrameworks/CoreDuetSync : 69
PrivateFrameworks/CoreEmoji : 716
PrivateFrameworks/CoreFollowUp : 63
PrivateFrameworks/CoreFollowUpUI : 63
PrivateFrameworks/CoreHandwriting : 1142
PrivateFrameworks/CoreJapaneseEngine : 596
PrivateFrameworks/CoreKDL : 4192
PrivateFrameworks/CoreKE : 259
PrivateFrameworks/CoreKnowledge : 1981
PrivateFrameworks/CoreLSKD : 373
PrivateFrameworks/CoreLSKDMSE : 1356
PrivateFrameworks/CoreLocationProtobuf : 1229
PrivateFrameworks/CoreMLTestFramework : 370
PrivateFrameworks/CoreMaterial : 130
PrivateFrameworks/CoreMediaStream : 117
PrivateFrameworks/CoreNLP : 26
PrivateFrameworks/CoreNameParser : 4692
PrivateFrameworks/CoreNavigation : 268
PrivateFrameworks/CoreOptimization : 5602
PrivateFrameworks/CorePDF : 3131
PrivateFrameworks/CorePhoneNumbers : 15
PrivateFrameworks/CorePrediction : 5602
PrivateFrameworks/CoreRC : 1947
PrivateFrameworks/CoreRE : 72
PrivateFrameworks/CoreRecents : 1323
PrivateFrameworks/CoreRecognition : 2379
PrivateFrameworks/CoreRoutine : 370
PrivateFrameworks/CoreSDB : 1387
PrivateFrameworks/CoreSVG : 2256
PrivateFrameworks/CoreServicesInternal : 505
PrivateFrameworks/CoreServicesStore : 26
PrivateFrameworks/CoreSpeech : 127
PrivateFrameworks/CoreSymbolication : 862
PrivateFrameworks/CoreThemeDefinition : 1609
PrivateFrameworks/CoreTime : 550
PrivateFrameworks/CoreUARP : 20
PrivateFrameworks/CoreUI : 101
PrivateFrameworks/CoreUtils : 782
PrivateFrameworks/CoreUtilsSwift : 9380
PrivateFrameworks/CoreUtilsUI : 724
PrivateFrameworks/CreateML : 32
PrivateFrameworks/CryptoKitCBridging : 105
PrivateFrameworks/CryptoKitPrivate : 105
PrivateFrameworks/DAAPKit : 64
PrivateFrameworks/DASDaemon : 7
PrivateFrameworks/DCERPC : 1510
PrivateFrameworks/DCIMServices : 117
PrivateFrameworks/DFRBrightness : 229
PrivateFrameworks/DFRDisplay : 826
PrivateFrameworks/DFRFoundation : 156
PrivateFrameworks/DSExternalDisplay : 1419
PrivateFrameworks/DTXConnectionServices : 130
PrivateFrameworks/DVD : 16112
PrivateFrameworks/DataDeliveryServices : 69
PrivateFrameworks/DataDetectors : 329
PrivateFrameworks/DataDetectorsCore : 2273
PrivateFrameworks/DataDetectorsNaturalLanguage : 3326
PrivateFrameworks/DebugSymbols : 846
PrivateFrameworks/DesktopServicesPriv : 2
PrivateFrameworks/DeviceCheckInternal : 1313
PrivateFrameworks/DeviceIdentity : 33
PrivateFrameworks/DeviceLink : 3130
PrivateFrameworks/DeviceManagement : 1885
PrivateFrameworks/DeviceToDeviceManager : 16362
PrivateFrameworks/DiagnosticExtensions : 2761
PrivateFrameworks/DiagnosticExtensionsDaemon : 194
PrivateFrameworks/DiagnosticLogCollection : 1042
PrivateFrameworks/DiagnosticRequest : 1884
PrivateFrameworks/DiagnosticRequestService : 2186
PrivateFrameworks/DiagnosticsKit : 2074
PrivateFrameworks/DialogEngine : 143
PrivateFrameworks/DifferentialPrivacy : 6
PrivateFrameworks/DigitalTouchShared : 799
PrivateFrameworks/DirectoryEditor : 1400
PrivateFrameworks/DirectoryServer : 12669
PrivateFrameworks/DiskImages : 854
PrivateFrameworks/DiskImages2 : 4745
PrivateFrameworks/DiskManagement : 25
PrivateFrameworks/DiskSpaceDiagnostics : 772
PrivateFrameworks/DisplayServices : 1637
PrivateFrameworks/DisplayTransportServices : 3437
PrivateFrameworks/DistributedEvaluation : 2918
PrivateFrameworks/DocumentCamera : 5835
PrivateFrameworks/DrawingKit : 679
PrivateFrameworks/DuetActivityScheduler : 7
PrivateFrameworks/DuetRecommendation : 69
PrivateFrameworks/EAFirmwareUpdater : 20
PrivateFrameworks/EAP8021X : 1293
PrivateFrameworks/EFILogin : 109
PrivateFrameworks/EasyConfig : 782
PrivateFrameworks/EmbeddedAcousticRecognition : 205
PrivateFrameworks/EmbeddedOSInstall : 712
PrivateFrameworks/EmbeddedOSSupportHost : 10
PrivateFrameworks/EmbeddedSensingProtocols : 3128
PrivateFrameworks/EmojiFoundation : 567
PrivateFrameworks/Engram : 1042
PrivateFrameworks/Espresso : 1136
PrivateFrameworks/ExchangeSync : 685
PrivateFrameworks/ExchangeWebServices : 928
PrivateFrameworks/ExpansionSlotSupport : 441
PrivateFrameworks/ExtensionFoundation : 259
PrivateFrameworks/ExtensionKit : 259
PrivateFrameworks/FMClient : 11172
PrivateFrameworks/FMCore : 2224
PrivateFrameworks/FMCoreLite : 2225
PrivateFrameworks/FMCoreUI : 1407
PrivateFrameworks/FMF : 1376
PrivateFrameworks/FMFUI : 1376
PrivateFrameworks/FMNetworking : 1
PrivateFrameworks/FTAWD : 1042
PrivateFrameworks/FTClientServices : 14
PrivateFrameworks/FTServices : 14
PrivateFrameworks/FWAVC : 1860
PrivateFrameworks/FaceCore : 963
PrivateFrameworks/FamilyCircle : 537
PrivateFrameworks/FamilyCircleUI : 537
PrivateFrameworks/FamilyControls : 1025
PrivateFrameworks/FamilyNotification : 537
PrivateFrameworks/FeatureFlags : 989
PrivateFrameworks/FeatureFlagsSupport : 989
PrivateFrameworks/FeedbackLogger : 135
PrivateFrameworks/FilesActionsUI : 1790
PrivateFrameworks/FindMyDevice : 21
PrivateFrameworks/FindMyDeviceUI : 1584
PrivateFrameworks/FindMyMac : 496
PrivateFrameworks/FinderKit : 29
PrivateFrameworks/FinderSyncPriv : 29
PrivateFrameworks/FlightUtilities : 1267
PrivateFrameworks/FlightUtilitiesCore : 1267
PrivateFrameworks/FlowFrameKit : 9
PrivateFrameworks/FolderActionsKit : 922
PrivateFrameworks/FontServices : 931
PrivateFrameworks/FoundInAppsPlugins : 9
PrivateFrameworks/FoundationODR : 32
PrivateFrameworks/FrontBoardServices : 157
PrivateFrameworks/FuseBoard : 314
PrivateFrameworks/FuseBoardServices : 315
PrivateFrameworks/FusionPluginKit : 794
PrivateFrameworks/FusionPluginServices : 794
PrivateFrameworks/Futhark : 2938
PrivateFrameworks/GPUInfo : 90
PrivateFrameworks/GPURawCounter : 17
PrivateFrameworks/GPUSupport : 28
PrivateFrameworks/GPUWrangler : 30
PrivateFrameworks/GameCenterFoundation : 219
PrivateFrameworks/GameCenterUI : 219
PrivateFrameworks/GameCenterUICore : 219
PrivateFrameworks/GameKitServices : 1402
PrivateFrameworks/GenerationalStorage : 3613
PrivateFrameworks/GeoKit : 532
PrivateFrameworks/GeoServices : 2
PrivateFrameworks/Geode : 118
PrivateFrameworks/GraphKit : 14556
PrivateFrameworks/GraphVisualizer : 5667
PrivateFrameworks/GraphicsServices : 6118
PrivateFrameworks/H10ISPServices : 462
PrivateFrameworks/H13ISPServices : 17
PrivateFrameworks/HDAInterface : 2328
PrivateFrameworks/HDRProcessing : 246
PrivateFrameworks/HID : 15
PrivateFrameworks/HIDAnalytics : 15
PrivateFrameworks/HIDDisplay : 15
PrivateFrameworks/HIDPreferences : 15
PrivateFrameworks/HMFoundation : 994
PrivateFrameworks/HTTPServer : 864
PrivateFrameworks/HeimODAdmin : 7
PrivateFrameworks/Heimdal : 36
PrivateFrameworks/Helium : 954
PrivateFrameworks/HelloWorldMacHelper : 315
PrivateFrameworks/HelpData : 656
PrivateFrameworks/HomeAI : 334
PrivateFrameworks/HomeAutomationInternal : 12
PrivateFrameworks/IAP : 3233
PrivateFrameworks/IASUtilities : 129
PrivateFrameworks/IDS : 14
PrivateFrameworks/IDSFoundation : 14
PrivateFrameworks/IDSHashPersistence : 72
PrivateFrameworks/IDSKVStore : 72
PrivateFrameworks/IDSSystemPreferencesSignIn : 14
PrivateFrameworks/IMAVCore : 5267
PrivateFrameworks/IMAssistantCore : 39
PrivateFrameworks/IMCore : 39
PrivateFrameworks/IMCorePipeline : 39
PrivateFrameworks/IMDMessageServices : 39
PrivateFrameworks/IMDPersistence : 39
PrivateFrameworks/IMDaemonCore : 39
PrivateFrameworks/IMFoundation : 1042
PrivateFrameworks/IMSharedUI : 39
PrivateFrameworks/IMSharedUtilities : 39
PrivateFrameworks/IMTranscoderAgent : 39
PrivateFrameworks/IMTranscoding : 39
PrivateFrameworks/IMTransferAgent : 39
PrivateFrameworks/IMTransferServices : 1042
PrivateFrameworks/IOAccelMemoryInfo : 752
PrivateFrameworks/IOAccelerator : 752
PrivateFrameworks/IOCEC : 24266
PrivateFrameworks/IOGPU : 49
PrivateFrameworks/IOImageLoader : 3330
PrivateFrameworks/IOKitten : 3691
PrivateFrameworks/IOMobileFramebuffer : 4
PrivateFrameworks/IOPlatformPluginFamily : 1835
PrivateFrameworks/IOPresentment : 209
PrivateFrameworks/IOSurfaceAccelerator : 1387
PrivateFrameworks/ISSupport : 12525
PrivateFrameworks/IconFoundation : 108
PrivateFrameworks/IconServices : 108
PrivateFrameworks/IdleTimerServices : 2044
PrivateFrameworks/InAppMessages : 426
PrivateFrameworks/InAppMessagesCore : 1314
PrivateFrameworks/IncomingCallFilter : 5473
PrivateFrameworks/InertiaCam : 725
PrivateFrameworks/InputContext : 2025
PrivateFrameworks/InputTranscoder : 2467
PrivateFrameworks/Install : 513
PrivateFrameworks/InstallerDiagnostics : 3061
PrivateFrameworks/InternalSwiftProtobuf : 1325
PrivateFrameworks/InternationalSupport : 543
PrivateFrameworks/InternationalTextSearch : 2416
PrivateFrameworks/InternetAccounts : 1377
PrivateFrameworks/IntlPreferences : 20
PrivateFrameworks/JavaLaunching : 6
PrivateFrameworks/JavaScriptAppleEvents : 1900
PrivateFrameworks/JavaScriptOSA : 943
PrivateFrameworks/Jet : 788
PrivateFrameworks/JetEngine : 19
PrivateFrameworks/JetUI : 19
PrivateFrameworks/KerberosHelper : 4630
PrivateFrameworks/KeyboardServices : 2320
PrivateFrameworks/KnowledgeGraphKit : 136
PrivateFrameworks/KnowledgeMonitor : 898
PrivateFrameworks/LanguageModeling : 484
PrivateFrameworks/Lexicon : 1114
PrivateFrameworks/LibraryRepair : 3172
PrivateFrameworks/LimitAdTracking : 111
PrivateFrameworks/LinguisticData : 322
PrivateFrameworks/LinkPresentation : 414
PrivateFrameworks/LocalAuthenticationRecoveryUI : 20
PrivateFrameworks/LocalAuthenticationUI : 20
PrivateFrameworks/LockoutUI : 6824
PrivateFrameworks/LoginUIKit : 21
PrivateFrameworks/Lookup : 346
PrivateFrameworks/MDSChannel : 4299
PrivateFrameworks/MFAAuthentication : 13
PrivateFrameworks/MFiAuthentication : 3233
PrivateFrameworks/MMCS : 1586
PrivateFrameworks/MMCSServices : 39
PrivateFrameworks/MSUDataAccessor : 65
PrivateFrameworks/MTLCompiler : 28
PrivateFrameworks/MTLSimImplementation : 28
PrivateFrameworks/MachineSettings : 7014
PrivateFrameworks/MallocStackLogging : 277
PrivateFrameworks/ManagedClient : 268
PrivateFrameworks/Mangrove : 2643
PrivateFrameworks/MapsSync : 8
PrivateFrameworks/Marco : 1042
PrivateFrameworks/MarkupUI : 679
PrivateFrameworks/MaterialKit : 131
PrivateFrameworks/MediaControlSender : 275
PrivateFrameworks/MediaConversionService : 117
PrivateFrameworks/MediaFoundation : 8
PrivateFrameworks/MediaKit : 1556
PrivateFrameworks/MediaMiningKit : 136
PrivateFrameworks/MediaRemote : 47
PrivateFrameworks/MediaStream : 117
PrivateFrameworks/Memories : 2819
PrivateFrameworks/MessageProtection : 1460
PrivateFrameworks/MessageSecurity : 1310
PrivateFrameworks/MessagesBlastDoorSupport : 679
PrivateFrameworks/MessagesHelperKit : 39
PrivateFrameworks/MessagesKit : 39
PrivateFrameworks/MetadataUtilities : 7
PrivateFrameworks/MetalSerializer : 28
PrivateFrameworks/MetalTools : 28
PrivateFrameworks/MetricKitCore : 3222
PrivateFrameworks/MetricKitServices : 3222
PrivateFrameworks/MetricKitSource : 3222
PrivateFrameworks/MetricMeasurement : 3222
PrivateFrameworks/MiniSoftwareUpdate : 859
PrivateFrameworks/MobileAccessoryUpdater : 20
PrivateFrameworks/MobileActivationMacOS : 33
PrivateFrameworks/MobileAsset : 454
PrivateFrameworks/MobileAssetUpdater : 20
PrivateFrameworks/MobileContainerManager : 13
PrivateFrameworks/MobileDevice : 670
PrivateFrameworks/MobileIcons : 108
PrivateFrameworks/MobileInstallation : 16
PrivateFrameworks/MobileKeyBag : 270
PrivateFrameworks/MobileObliteration : 14
PrivateFrameworks/MobileSoftwareUpdate : 91
PrivateFrameworks/MobileSpotlightIndex : 5
PrivateFrameworks/MobileStorage : 237
PrivateFrameworks/MobileStoreDemoCore : 75
PrivateFrameworks/MobileSystemServices : 6622
PrivateFrameworks/Mondrian : 118
PrivateFrameworks/MonitorPanel : 71
PrivateFrameworks/Montreal : 926
PrivateFrameworks/MorphunAssetsUpdater : 7
PrivateFrameworks/MorphunSwift : 7
PrivateFrameworks/MultitouchSupport : 340
PrivateFrameworks/MultiverseSupport : 4
PrivateFrameworks/MusicLibrary : 3
PrivateFrameworks/NLP : 953
PrivateFrameworks/NPTKit : 443
PrivateFrameworks/Navigation : 2
PrivateFrameworks/NearField : 43
PrivateFrameworks/NetAppsUtilities : 6540
PrivateFrameworks/NetAuth : 1392
PrivateFrameworks/NetFSServer : 13
PrivateFrameworks/Netrb : 823
PrivateFrameworks/NetworkServiceProxy : 13357
PrivateFrameworks/NetworkStatistics : 4427
PrivateFrameworks/NeutrinoCore : 117
PrivateFrameworks/NeutrinoKit : 117
PrivateFrameworks/NewsAnalyticsUpload : 7
PrivateFrameworks/NewsCore : 7
PrivateFrameworks/NewsDaemon : 7
PrivateFrameworks/NewsFoundation : 7
PrivateFrameworks/NewsToday : 7
PrivateFrameworks/NewsTransport : 7
PrivateFrameworks/Noticeboard : 1965
PrivateFrameworks/OAHSoftwareUpdate : 3
PrivateFrameworks/OAuth : 26140
PrivateFrameworks/ODML : 111
PrivateFrameworks/OSAServicesClient : 87
PrivateFrameworks/OSASubmissionClient : 91
PrivateFrameworks/OSASyncProxyClient : 91
PrivateFrameworks/OSAnalytics : 87
PrivateFrameworks/OSAnalyticsPrivate : 91
PrivateFrameworks/OSD : 4133
PrivateFrameworks/OSInstaller : 20
PrivateFrameworks/OSPersonalization : 2276
PrivateFrameworks/OSUpdate : 18
PrivateFrameworks/OfficeImport : 3
PrivateFrameworks/OpenDirectoryConfig : 15836
PrivateFrameworks/OpenDirectoryConfigUI : 711
PrivateFrameworks/Osprey : 1874
PrivateFrameworks/PAImaging : 118
PrivateFrameworks/PAImagingCore : 118
PrivateFrameworks/PDFKit : 23
PrivateFrameworks/PDS : 72
PrivateFrameworks/PDSAgent : 72
PrivateFrameworks/PIP : 2785
PrivateFrameworks/PSNormalizer : 1030
PrivateFrameworks/PacketFilter : 1460
PrivateFrameworks/PassKitUI : 2
PrivateFrameworks/PasswordServer : 9659
PrivateFrameworks/PegasusAPI : 9
PrivateFrameworks/PegasusKit : 9
PrivateFrameworks/PencilKit : 320
PrivateFrameworks/PeopleSuggester : 69
PrivateFrameworks/PerformanceAnalysis : 1594
PrivateFrameworks/PerformanceTrace : 175
PrivateFrameworks/PersistentConnection : 4663
PrivateFrameworks/PersonaKit : 2974
PrivateFrameworks/PersonaUI : 2974
PrivateFrameworks/PersonalizationPortrait : 9
PrivateFrameworks/PersonalizationPortraitInternals : 9
PrivateFrameworks/PhoneNumberResolver : 643
PrivateFrameworks/PhoneNumbers : 15
PrivateFrameworks/PhotoAnalysis : 136
PrivateFrameworks/PhotoFoundation : 117
PrivateFrameworks/PhotoImaging : 117
PrivateFrameworks/PhotoLibrary : 98
PrivateFrameworks/PhotoLibraryServices : 117
PrivateFrameworks/PhotoPrintProduct : 2164
PrivateFrameworks/PhotoVision : 117
PrivateFrameworks/PhotosFormats : 117
PrivateFrameworks/PhotosGraph : 136
PrivateFrameworks/PhotosImagingFoundation : 117
PrivateFrameworks/PhotosPlayer : 117
PrivateFrameworks/PhotosUIApps : 136
PrivateFrameworks/PhotosUICore : 98
PrivateFrameworks/PhysicsKit : 1628
PrivateFrameworks/PlacesKit : 98
PrivateFrameworks/PlugInKit : 154
PrivateFrameworks/PodcastServices : 28
PrivateFrameworks/PodcastsFoundation : 165
PrivateFrameworks/PodcastsKit : 94
PrivateFrameworks/PowerUI : 5
PrivateFrameworks/PreferencePanesSupport : 553
PrivateFrameworks/PrintKit : 454
PrivateFrameworks/PrintingPrivate : 476
PrivateFrameworks/PrivateFederatedLearning : 3149
PrivateFrameworks/ProVideo : 1360
PrivateFrameworks/ProactiveEventTracker : 541
PrivateFrameworks/ProactiveInputPredictions : 3
PrivateFrameworks/ProactiveInputPredictionsInternals : 3
PrivateFrameworks/ProactiveSupport : 541
PrivateFrameworks/ProactiveSupportStubs : 541
PrivateFrameworks/PromotedContentSupport : 99
PrivateFrameworks/ProofReader : 15
PrivateFrameworks/ProtectedCloudStorage : 483
PrivateFrameworks/ProtocolBuffer : 8
PrivateFrameworks/PrototypeTools : 2845
PrivateFrameworks/QLCharts : 3
PrivateFrameworks/Quagga : 669
PrivateFrameworks/QuickLookIosmac : 76
PrivateFrameworks/QuickLookNonBaseSystem : 76
PrivateFrameworks/QuickLookSupport : 129
PrivateFrameworks/QuickLookThumbnailing : 129
PrivateFrameworks/QuickLookThumbnailingDaemon : 128
PrivateFrameworks/QuickLookUIIosmac : 76
PrivateFrameworks/RTBuddyCrashlogDecoder : 694
PrivateFrameworks/RTCReporting : 28
PrivateFrameworks/Rapport : 20
PrivateFrameworks/RapportUI : 20
PrivateFrameworks/ReminderKitInternal : 3
PrivateFrameworks/ReminderMigration : 883
PrivateFrameworks/RemindersToolbox : 3295
PrivateFrameworks/RemindersUICore : 4
PrivateFrameworks/RemoteConfiguration : 114
PrivateFrameworks/RemoteCoreML : 5466
PrivateFrameworks/RemoteManagement : 2642
PrivateFrameworks/RemoteServiceDiscovery : 12
PrivateFrameworks/RemoteTextInput : 3814
PrivateFrameworks/RemoteViewServices : 705
PrivateFrameworks/RemoteXPC : 12
PrivateFrameworks/ReplayKitMacHelper : 62
PrivateFrameworks/ResponseKit : 450
PrivateFrameworks/Restore : 582
PrivateFrameworks/Reveal : 711
PrivateFrameworks/RevealCore : 711
PrivateFrameworks/RunningBoard : 83
PrivateFrameworks/RunningBoardServices : 82
PrivateFrameworks/SAObjects : 232
PrivateFrameworks/SCEP : 954
PrivateFrameworks/SDAPI : 5375
PrivateFrameworks/SMBClient : 50
PrivateFrameworks/SMBClientEngine : 986
PrivateFrameworks/SPShared : 1
PrivateFrameworks/SPSupport : 36
PrivateFrameworks/SafeEjectGPU : 910
PrivateFrameworks/SampleAnalysis : 1594
PrivateFrameworks/ScoreBoard : 3495
PrivateFrameworks/ScreenReader : 2
PrivateFrameworks/ScreenReaderCore : 2
PrivateFrameworks/ScreenSharing : 391
PrivateFrameworks/ScreenTimeCore : 658
PrivateFrameworks/ScreenTimeServiceUI : 194
PrivateFrameworks/ScreenTimeSettingsUI : 501
PrivateFrameworks/ScreenTimeUI : 693
PrivateFrameworks/SearchAds : 111
PrivateFrameworks/SearchSuggestions : 5
PrivateFrameworks/SearchUI : 279
PrivateFrameworks/SearchUICardKitProviderSupport : 3
PrivateFrameworks/SecCodeWrapper : 127
PrivateFrameworks/SecureChannel : 1992
PrivateFrameworks/SecurityTokend : 7033
PrivateFrameworks/Seeding : 506
PrivateFrameworks/SemanticDocumentManagement : 4433
PrivateFrameworks/SensingProtocols : 3128
PrivateFrameworks/ServerCompatibility : 4829
PrivateFrameworks/ServerInformation : 821
PrivateFrameworks/SetupAssistantFramework : 314
PrivateFrameworks/SetupKit : 724
PrivateFrameworks/SharePointManagement : 270
PrivateFrameworks/ShareServicesCore : 118
PrivateFrameworks/ShareSheet : 21
PrivateFrameworks/SharedWebCredentials : 271
PrivateFrameworks/Sharing : 58
PrivateFrameworks/SharingXPCServices : 58
PrivateFrameworks/ShazamInsights : 467
PrivateFrameworks/ShazamKit : 467
PrivateFrameworks/ShazamKitUI : 467
PrivateFrameworks/Shortcut : 203
PrivateFrameworks/SidecarCore : 632
PrivateFrameworks/SidecarUI : 632
PrivateFrameworks/SignpostCollection : 1872
PrivateFrameworks/SignpostMetrics : 1872
PrivateFrameworks/SignpostNotification : 773
PrivateFrameworks/SignpostSupport : 1872
PrivateFrameworks/SiriAppResolution : 9
PrivateFrameworks/SiriAudioInternal : 37
PrivateFrameworks/SiriAudioSupport : 37
PrivateFrameworks/SiriClientFlow : 1725
PrivateFrameworks/SiriCore : 34
PrivateFrameworks/SiriDailyBriefingInternal : 1176
PrivateFrameworks/SiriFoundation : 40
PrivateFrameworks/SiriGeo : 1518
PrivateFrameworks/SiriInference : 137
PrivateFrameworks/SiriIntentEvents : 137
PrivateFrameworks/SiriKitFlow : 9
PrivateFrameworks/SiriKitInvocation : 139
PrivateFrameworks/SiriKitRuntime : 9
PrivateFrameworks/SiriObservation : 31
PrivateFrameworks/SiriOntology : 190
PrivateFrameworks/SiriOntologyProtobuf : 190
PrivateFrameworks/SiriPlaybackControlIntents : 13
PrivateFrameworks/SiriPlaybackControlSupport : 13
PrivateFrameworks/SiriSpeechSynthesis : 279
PrivateFrameworks/SiriTTS : 23
PrivateFrameworks/SiriTasks : 31
PrivateFrameworks/SiriUI : 42
PrivateFrameworks/SiriVOX : 34
PrivateFrameworks/SiriVideoIntents : 11
PrivateFrameworks/Slideshows : 15
PrivateFrameworks/SocialAppsCore : 39
PrivateFrameworks/SocialServices : 492
PrivateFrameworks/SocialUI : 39
PrivateFrameworks/SoftLinking : 667
PrivateFrameworks/SoftwareUpdate : 18
PrivateFrameworks/SoftwareUpdateCore : 91
PrivateFrameworks/SoftwareUpdateCoreConnect : 91
PrivateFrameworks/SoftwareUpdateCoreSupport : 91
PrivateFrameworks/SoftwareUpdateMacController : 244
PrivateFrameworks/SpanMatcher : 34
PrivateFrameworks/SpeakerRecognition : 127
PrivateFrameworks/SpeechDictionary : 1568
PrivateFrameworks/SpeechObjects : 413
PrivateFrameworks/SpeechRecognitionCommandServices : 303
PrivateFrameworks/SpeechRecognitionCore : 970
PrivateFrameworks/SpotlightIndexUtilities : 5
PrivateFrameworks/SpotlightLinguistics : 5
PrivateFrameworks/StorageKit : 960
PrivateFrameworks/StorageManagement : 647
PrivateFrameworks/StoreFoundation : 5
PrivateFrameworks/StoreJavaScript : 5
PrivateFrameworks/StoreKitMacHelper : 6
PrivateFrameworks/StoreKitUIMac : 6
PrivateFrameworks/StoreServices : 35
PrivateFrameworks/StoreUI : 5
PrivateFrameworks/StreamingZip : 622
PrivateFrameworks/Suggestions : 782
PrivateFrameworks/Symbolication : 277
PrivateFrameworks/SymptomDiagnosticReporter : 1884
PrivateFrameworks/SymptomReporter : 322
PrivateFrameworks/Symptoms : 322
PrivateFrameworks/SyncServicesUI : 704
PrivateFrameworks/SyncedDefaults : 28
PrivateFrameworks/SystemAdministration : 15
PrivateFrameworks/SystemAdministrationInterface : 1190
PrivateFrameworks/SystemDesktopAppearance : 150
PrivateFrameworks/SystemMigration : 129
PrivateFrameworks/SystemMigrationNetworking : 129
PrivateFrameworks/SystemMigrationUtils : 129
PrivateFrameworks/SystemUIPlugin : 1236
PrivateFrameworks/TCC : 9
PrivateFrameworks/TTYUtilities : 6063
PrivateFrameworks/TVRemoteCore : 1112
PrivateFrameworks/TelephonyUtilities : 15
PrivateFrameworks/TemplateKit : 269
PrivateFrameworks/TextInputMenuUI : 80
PrivateFrameworks/TextRecognition : 2372
PrivateFrameworks/TextToSpeech : 96
PrivateFrameworks/TextureIO : 12098
PrivateFrameworks/TimeMachine : 53
PrivateFrameworks/TimeSync : 2520
PrivateFrameworks/Timeline : 1529
PrivateFrameworks/ToneKit : 135
PrivateFrameworks/ToneLibrary : 135
PrivateFrameworks/Tourist : 12
PrivateFrameworks/Transparency : 492
PrivateFrameworks/TransparencyDetailsViewMac : 111
PrivateFrameworks/Trial : 223
PrivateFrameworks/TrialProto : 223
PrivateFrameworks/TrialServer : 223
PrivateFrameworks/TrustEvaluationAgent : 1694
PrivateFrameworks/TuriCore : 358
PrivateFrameworks/UARPiCloud : 20
PrivateFrameworks/UAUPlugin : 1949
PrivateFrameworks/UIKitMacHelper : 69
PrivateFrameworks/UIKitServices : 65
PrivateFrameworks/UIKitSystemAppServices : 315
PrivateFrameworks/UIRecording : 2760
PrivateFrameworks/URLFormatting : 406
PrivateFrameworks/USDKit : 181
PrivateFrameworks/UXKit : 117
PrivateFrameworks/Uninstall : 116
PrivateFrameworks/UniversalAccess : 603
PrivateFrameworks/UsageTracking : 2432
PrivateFrameworks/UserActivity : 512
PrivateFrameworks/UserManagement : 1871
PrivateFrameworks/VCXMPP : 1956
PrivateFrameworks/VFX : 2619
PrivateFrameworks/VFXBase : 2619
PrivateFrameworks/VideoProcessing : 92
PrivateFrameworks/VideoSubscriberAccountUI : 94
PrivateFrameworks/ViewBridge : 161
PrivateFrameworks/VirtualGarage : 2
PrivateFrameworks/VisionKit : 5411
PrivateFrameworks/VisualPairing : 3172
PrivateFrameworks/VisualTestKit : 3055
PrivateFrameworks/VoiceShortcutClient : 73
PrivateFrameworks/VoiceShortcuts : 73
PrivateFrameworks/VoiceTrigger : 15
PrivateFrameworks/WPDaemon : 2491
PrivateFrameworks/WatchdogClient : 468
PrivateFrameworks/WeatherFoundation : 292
PrivateFrameworks/WeatherKit : 930
PrivateFrameworks/WebContentAnalysis : 2611
PrivateFrameworks/WebFilterDNS : 2611
PrivateFrameworks/WiFiAnalytics : 11
PrivateFrameworks/WiFiCloudSyncEngine : 341
PrivateFrameworks/WiFiPeerToPeer : 621
PrivateFrameworks/WiFiPolicy : 902
PrivateFrameworks/WiFiVelocity : 5
PrivateFrameworks/WildDevices : 744
PrivateFrameworks/WirelessDiagnostics : 12165
PrivateFrameworks/WirelessProximity : 2491
PrivateFrameworks/WorkflowKit : 73
PrivateFrameworks/WorkflowUIServices : 55
PrivateFrameworks/XARTRecovery : 59
PrivateFrameworks/XCTAutomationSupport : 561
PrivateFrameworks/XCTTargetBootstrap : 561
PrivateFrameworks/XGBoostFramework : 649
PrivateFrameworks/XQuery : 6203
PrivateFrameworks/XprotectFramework : 7
PrivateFrameworks/ZhuGeSupport : 2148
PrivateFrameworks/acfs : 372
PrivateFrameworks/acfsSupport : 28
PrivateFrameworks/caulk : 2486
PrivateFrameworks/iAdCore : 635
PrivateFrameworks/iAdServices : 635
PrivateFrameworks/iCalendar : 782
PrivateFrameworks/iCloudNotification : 2383
PrivateFrameworks/iLifeMediaBrowser : 986
PrivateFrameworks/iPod : 1218
PrivateFrameworks/iPodSync : 3809
PrivateFrameworks/iPodUpdater : 3385
PrivateFrameworks/iTunesCloud : 2
PrivateFrameworks/iWorkXPC : 3477
PrivateFrameworks/kperf : 1630
PrivateFrameworks/kperfdata : 1630
PrivateFrameworks/ktrace : 168
PrivateFrameworks/login : 517
PrivateFrameworks/nt : 137
PrivateFrameworks/oncrpc : 2278
PrivateFrameworks/perfdata : 2249
PrivateFrameworks/vCard : 112
PrivateFrameworks/yara : 1709
CoreServices/AVB Audio Configuration : 930.1
CoreServices/AddressBookUrlForwarder : 2452.3
CoreServices/Bluetooth Setup Assistant : 8.0.3d8
CoreServices/BluetoothUIServer : 8.0.3d8
CoreServices/ControlCenter : 143.30.1
CoreServices/CoreLocationAgent : 2420.12.16
CoreServices/CoreServicesUIAgent : 358.5
CoreServices/Dock : 2092.20.9
CoreServices/Install in Progress : 1030.1
CoreServices/JavaLauncher : 317
CoreServices/Keychain Circle Notification : 59754.80.3
CoreServices/NotificationCenter : 1108.30.2
CoreServices/OBEXAgent : 8.0.3d8
CoreServices/Paired Devices : 230.1
CoreServices/RapportUIAgent : 230.1
CoreServices/Setup Assistant : 3203.1
CoreServices/Software Update : 1417.80.6
CoreServices/SpacesTouchBarAgent : 2092.20.9
CoreServices/Spotlight : 2150.7.5
CoreServices/SystemUIServer : 515.1
CoreServices/VoiceOver : 767.1.3
CoreServices/loginwindow : 2024.3.4
Frameworks/ARKit : 58
Frameworks/AVKit : 49
Frameworks/AddressBook : 745
Frameworks/AddressBookUI : 961
Frameworks/AppClip : 3
Frameworks/AssetsLibrary : 48
Frameworks/CarPlay : 6
Frameworks/ClockKit : 2
Frameworks/ContactsUI : 139
Frameworks/CoreAudioKit : 111
Frameworks/CoreNFC : 2
Frameworks/EventKitUI : 541
Frameworks/GLKit : 942
Frameworks/GameController : 3
Frameworks/GameKit : 220
Frameworks/HealthKit : 10
Frameworks/HealthKitUI : 10
Frameworks/HomeKit : 2
Frameworks/LinkPresentation : 195
Frameworks/Messages : 38
Frameworks/MetalKit : 1342
Frameworks/MobileCoreServices : 51
Frameworks/MultipeerConnectivity : 518
Frameworks/NetworkExtensioniOSSupport : 2
Frameworks/NewsstandKit : 2668
Frameworks/OpenAL : 1126
Frameworks/OpenGLES : 27
Frameworks/PDFKit : 24
Frameworks/PencilKit : 222
Frameworks/PhotosUI : 48
Frameworks/RealityKit : 198
Frameworks/ReplayKit : 62
Frameworks/SceneKit : 434
Frameworks/ScreenTime : 197
Frameworks/Social : 500
Frameworks/SpriteKit : 438
Frameworks/StoreKit : 6
Frameworks/Twitter : 1630
Frameworks/UIKit : 69
Frameworks/UserNotificationsUI : 519
Frameworks/VisionKit : 2737
Frameworks/WatchConnectivity : 2205
Frameworks/WatchKit : 3614
Frameworks/WidgetKit : 5
Frameworks/_AVKit_SwiftUI : 104
Frameworks/_MapKit_SwiftUI : 14
Frameworks/_SceneKit_SwiftUI : 976
Frameworks/_SpriteKit_SwiftUI : 756
Frameworks/iAd : 635
PrivateFrameworks/AVKitMacHelper : 49
PrivateFrameworks/AccessibilityUI : 2
PrivateFrameworks/AccessibilityUIService : 2
PrivateFrameworks/AccessibilityUIShared : 2
PrivateFrameworks/AccessibilityUIUtilities : 2
PrivateFrameworks/AccessibilityUtilities : 2
PrivateFrameworks/ActionKit : 47
PrivateFrameworks/ActivityRingsUI : 2546
PrivateFrameworks/AdPlatformsCommonUI : 99
PrivateFrameworks/AddressBookLegacy : 2791
PrivateFrameworks/AnnotationKit : 663
PrivateFrameworks/AppAnalytics : 6
PrivateFrameworks/AppSupportUI : 1248
PrivateFrameworks/AppleMediaServicesUIDynamic : 10
PrivateFrameworks/AvatarKit : 331
PrivateFrameworks/AvatarUI : 286
PrivateFrameworks/BaseBoardUI : 1740
PrivateFrameworks/CalendarUIKit : 478
PrivateFrameworks/ChatKit : 38
PrivateFrameworks/ChronoKit : 5
PrivateFrameworks/ClassroomKit : 114
PrivateFrameworks/ContactsAutocompleteUI : 512
PrivateFrameworks/ContentKit : 47
PrivateFrameworks/CoreChart : 487
PrivateFrameworks/CorePDF : 883
PrivateFrameworks/CoreRecognition : 1532
PrivateFrameworks/DataDetectorsUI : 13
PrivateFrameworks/DocumentCamera : 2592
PrivateFrameworks/DocumentManager : 154
PrivateFrameworks/DocumentManagerCore : 154
PrivateFrameworks/FMCoreUI : 719
PrivateFrameworks/FMFUI : 282
PrivateFrameworks/FrontBoard : 166
PrivateFrameworks/GameCenterUI : 189
PrivateFrameworks/HealthDaemon : 10
PrivateFrameworks/HelpKit : 1798
PrivateFrameworks/Home : 8
PrivateFrameworks/HomeRecommendationEngine : 8
PrivateFrameworks/HomeUI : 8
PrivateFrameworks/IMSharedUI : 38
PrivateFrameworks/InAppMessages : 419
PrivateFrameworks/IntlPreferences : 19
PrivateFrameworks/JITAppKit : 1545
PrivateFrameworks/Jet : 471
PrivateFrameworks/JetEngine : 5
PrivateFrameworks/JetUI : 5
PrivateFrameworks/ManagedConfiguration : 658
PrivateFrameworks/MarkupUI : 663
PrivateFrameworks/MobileTimer : 574
PrivateFrameworks/MobileTimerUI : 574
PrivateFrameworks/NanoRegistry : 1339
PrivateFrameworks/NetAppsUtilitiesUI : 6540
PrivateFrameworks/NewsAds : 13
PrivateFrameworks/NewsAnalytics : 13
PrivateFrameworks/NewsAppKit : 13
PrivateFrameworks/NewsArticles : 13
PrivateFrameworks/NewsFeed : 13
PrivateFrameworks/NewsFeedLayout : 7
PrivateFrameworks/NewsPersonalization : 13
PrivateFrameworks/NewsServicesInternal : 7
PrivateFrameworks/NewsSubscription : 13
PrivateFrameworks/NewsUI : 7
PrivateFrameworks/NewsUI2 : 13
PrivateFrameworks/OnBoardingKit : 26
PrivateFrameworks/PencilKit : 222
PrivateFrameworks/PersonaUI : 1012
PrivateFrameworks/PhotoLibrary : 48
PrivateFrameworks/PhotosPlayer : 48
PrivateFrameworks/PhotosUICore : 48
PrivateFrameworks/PodcastsUI : 104
PrivateFrameworks/PromotedContent : 206
PrivateFrameworks/PromotedContentProxy : 99
PrivateFrameworks/PromotedContentUI : 206
PrivateFrameworks/QuickLookThumbnailingExtension : 129
PrivateFrameworks/RapportUI : 5
PrivateFrameworks/ScreenTimeUI : 235
PrivateFrameworks/SearchToShareCore : 872
PrivateFrameworks/Silex : 7
PrivateFrameworks/SilexVideo : 7
PrivateFrameworks/SilexWeb : 7
PrivateFrameworks/Stocks : 2999
PrivateFrameworks/TSReading : 1028
PrivateFrameworks/TSUtility : 1028
PrivateFrameworks/TextInputUI : 159
PrivateFrameworks/TouchML : 1769
PrivateFrameworks/TransparencyDetailsView : 111
PrivateFrameworks/UIAccessibility : 2
PrivateFrameworks/UIKitCore : 69
PrivateFrameworks/UIKitMacHelper : 69
PrivateFrameworks/UIKitServices : 65
PrivateFrameworks/UserNotificationsExtensionPoint : 16
PrivateFrameworks/VisualAlert : 2
PrivateFrameworks/VisualPairing : 1683
PrivateFrameworks/VoiceMemos : 85
PrivateFrameworks/VoiceOverServices : 2
PrivateFrameworks/VoiceShortcutClient : 47
PrivateFrameworks/VoiceShortcuts : 47
PrivateFrameworks/Weather : 300
PrivateFrameworks/WeatherCharts : 300
PrivateFrameworks/WebCore : 30
PrivateFrameworks/WorkflowEditor : 48
PrivateFrameworks/WorkflowKit : 47
PrivateFrameworks/WorkflowUICore : 48
PrivateFrameworks/WorkflowUIServices : 47
PrivateFrameworks/XavierCore : 13
PrivateFrameworks/XavierNews : 13
PrivateFrameworks/ZoomServices : 2
