Applications/Developer : 840.2.2
Applications/GitHub Desktop : 2.6.1
Applications/MacForge : 5977
Applications/RunCat : 8.9.0
Applications/Safari : 16610.4.2
Applications/Xcode : 17715
Applications/iMovie : 382321
Utilities/Logitech Unifying Software : 1.3
Applications/App Store : 1005.4.2
Applications/Home : 462.4.2
Applications/Mail : 3654.60.0.2.2
Applications/Maps : 2608.23.11.29.3
Applications/News : 2688
Applications/Notes : 1821
Applications/Photos : 330.0.110
Applications/Stocks : 709
Utilities/Bluetooth File Exchange : 8.0.3d2
Utilities/ColorSync Utility : 340
Utilities/Migration Assistant : 11.2
Utilities/VoiceOver Utility : 767.1.2
Frameworks/AGL : 2158
Frameworks/AVFoundation : 75
Frameworks/Accelerate : 1193
Frameworks/Accessibility : 20
Frameworks/Accounts : 192
Frameworks/AdServices : 96
Frameworks/AdSupport : 106
Frameworks/AddressBook : 98
Frameworks/AppTrackingTransparency : 106
Frameworks/AppleScriptKit : 1867
Frameworks/AppleScriptObjC : 82
Frameworks/ApplicationServices : 4540
Frameworks/AudioToolbox : 99
Frameworks/AudioUnit : 25
Frameworks/AudioVideoBridging : 453
Frameworks/AutomaticAssessmentConfiguration : 918
Frameworks/Automator : 520
Frameworks/BackgroundTasks : 17
Frameworks/BusinessChat : 82
Frameworks/CFNetwork : 26
Frameworks/CalendarStore : 851
Frameworks/CallKit : 8
Frameworks/Carbon : 5709
Frameworks/ClassKit : 42
Frameworks/CloudKit : 20
Frameworks/Cocoa : 17558
Frameworks/Collaboration : 1143
Frameworks/ColorSync : 1463
Frameworks/Combine : 1869
Frameworks/Contacts : 88
Frameworks/ContactsUI : 233
Frameworks/CoreAudio : 965
Frameworks/CoreAudioKit : 108
Frameworks/CoreAudioTypes : 98
Frameworks/CoreBluetooth : 9
Frameworks/CoreData : 412
Frameworks/CoreDisplay : 24
Frameworks/CoreFoundation : 233
Frameworks/CoreGraphics : 11
Frameworks/CoreHaptics : 1962
Frameworks/CoreImage : 71
Frameworks/CoreMIDI : 35
Frameworks/CoreMIDIServer : 35
Frameworks/CoreML : 616
Frameworks/CoreMediaIO : 1755
Frameworks/CoreServices : 35
Frameworks/CoreTelephony : 75
Frameworks/CoreText : 381
Frameworks/CoreVideo : 541
Frameworks/CoreWLAN : 7
Frameworks/CryptoKit : 90
Frameworks/DVDPlayback : 289
Frameworks/DeveloperToolsSupport : 2750
Frameworks/DeviceCheck : 1143
Frameworks/DirectoryService : 634
Frameworks/DiscRecording : 1325
Frameworks/DiscRecordingUI : 1325
Frameworks/DiskArbitration : 509
Frameworks/DriverKit : 117
Frameworks/EventKit : 176
Frameworks/ExceptionHandling : 1370
Frameworks/ExecutionPolicy : 46
Frameworks/ExternalAccessory : 248
Frameworks/FWAUserLib : 839
Frameworks/FileProviderUI : 1631
Frameworks/ForceFeedback : 5405
Frameworks/Foundation : 253
Frameworks/GLKit : 3163
Frameworks/GLUT : 1276
Frameworks/GSS : 1104
Frameworks/GameController : 320
Frameworks/GameKit : 105
Frameworks/GameplayKit : 1858
Frameworks/Hypervisor : 92
Frameworks/ICADevices : 313
Frameworks/IOKit : 169
Frameworks/IOSurface : 135
Frameworks/IOUSBHost : 150
Frameworks/IdentityLookup : 8
Frameworks/ImageCaptureCore : 313
Frameworks/ImageIO : 43
Frameworks/InputMethodKit : 41
Frameworks/InstallerPlugins : 517
Frameworks/InstantMessage : 12622
Frameworks/JavaNativeFoundation : 1151
Frameworks/JavaRuntimeSupport : 781
Frameworks/JavaScriptCore : 20
Frameworks/JavaVM : 1008
Frameworks/Kerberos : 1138
Frameworks/LDAP : 905
Frameworks/LatentSemanticMapping : 612
Frameworks/LinkPresentation : 312
Frameworks/LocalAuthentication : 11
Frameworks/MLCompute : 438
Frameworks/MapKit : 8
Frameworks/MediaAccessibility : 2815
Frameworks/MediaLibrary : 927
Frameworks/Message : 14188
Frameworks/MetalKit : 6192
Frameworks/MetalPerformanceShaders : 24
Frameworks/MetalPerformanceShadersGraph : 664
Frameworks/MetricKit : 3202
Frameworks/ModelIO : 61
Frameworks/MultipeerConnectivity : 1065
Frameworks/NaturalLanguage : 2003
Frameworks/NearbyInteraction : 24
Frameworks/Network : 34
Frameworks/NetworkExtension : 154
Frameworks/NetworkingDriverKit : 584
Frameworks/OSAKit : 1103
Frameworks/OSLog : 64
Frameworks/OpenAL : 572
Frameworks/OpenCL : 833
Frameworks/OpenDirectory : 634
Frameworks/OpenGL : 25
Frameworks/PCIDriverKit : 379
Frameworks/PDFKit : 20
Frameworks/ParavirtualizedGraphics : 209
Frameworks/PassKit : 14
Frameworks/PencilKit : 306
Frameworks/Photos : 12
Frameworks/PhotosUI : 9
Frameworks/PreferencePanes : 748
Frameworks/PushKit : 3563
Frameworks/Python : 325
Frameworks/QTKit : 3246
Frameworks/Quartz : 2019
Frameworks/QuickLook : 304
Frameworks/QuickLookThumbnailing : 112
Frameworks/RealityKit : 177
Frameworks/ReplayKit : 245
Frameworks/Ruby : 669
Frameworks/SceneKit : 1354
Frameworks/ScreenSaver : 147
Frameworks/ScreenTime : 266
Frameworks/ScriptingBridge : 1404
Frameworks/Security : 13
Frameworks/SecurityFoundation : 1404
Frameworks/SecurityInterface : 831
Frameworks/SensorKit : 6
Frameworks/Social : 479
Frameworks/SoundAnalysis : 83
Frameworks/Speech : 255
Frameworks/SpriteKit : 1825
Frameworks/StoreKit : 9
Frameworks/SyncServices : 644
Frameworks/System : 2662
Frameworks/SystemConfiguration : 162
Frameworks/TWAIN : 1450
Frameworks/Tcl : 1
Frameworks/Tk : 1
Frameworks/USBDriverKit : 150
Frameworks/UniformTypeIdentifiers : 10
Frameworks/UserNotifications : 740
Frameworks/UserNotificationsUI : 171
Frameworks/VideoDecodeAcceleration : 6712
Frameworks/VideoSubscriberAccount : 92
Frameworks/Virtualization : 48
Frameworks/WebKit : 25
Frameworks/WidgetKit : 21
Frameworks/_AuthenticationServices_SwiftUI : 7
Frameworks/_MapKit_SwiftUI : 8
Frameworks/_QuickLook_SwiftUI : 1824
Frameworks/_SceneKit_SwiftUI : 2882
Frameworks/_SpriteKit_SwiftUI : 4815
Frameworks/_StoreKit_SwiftUI : 9
Frameworks/vecLib : 1193
Frameworks/vmnet : 298
PrivateFrameworks/AACCore : 415
PrivateFrameworks/ACDEClient : 875
PrivateFrameworks/AFKUser : 22
PrivateFrameworks/AGXCompilerCore : 179
PrivateFrameworks/AGXGPURawCounter : 179
PrivateFrameworks/AMPLibrary : 24
PrivateFrameworks/AMPSharing : 23
PrivateFrameworks/ANECompiler : 1124
PrivateFrameworks/ANEHostCompiler : 1124
PrivateFrameworks/ANEServices : 79
PrivateFrameworks/AOSAccounts : 2016
PrivateFrameworks/AOSAccountsLite : 2016
PrivateFrameworks/AOSKit : 449
PrivateFrameworks/AOSUI : 558
PrivateFrameworks/APFS : 37
PrivateFrameworks/ASEProcessing : 1054
PrivateFrameworks/AVConference : 27
PrivateFrameworks/AVFCapture : 73
PrivateFrameworks/AVFCore : 70
PrivateFrameworks/AVFoundationCF : 77
PrivateFrameworks/AXAssetLoader : 12
PrivateFrameworks/AXHearingCoreSupport : 6002
PrivateFrameworks/AXHearingSupport : 6002
PrivateFrameworks/AXMediaUtilities : 386
PrivateFrameworks/AccessibilityPerformance : 454
PrivateFrameworks/AccessibilityPlatformTranslation : 20
PrivateFrameworks/AccessibilitySharedSupport : 20
PrivateFrameworks/AccessibilitySupport : 454
PrivateFrameworks/AccessoryNowPlaying : 93
PrivateFrameworks/AccountPolicy : 574
PrivateFrameworks/AccountsDaemon : 192
PrivateFrameworks/AccountsUI : 712
PrivateFrameworks/ActionKit : 88
PrivateFrameworks/AdAnalytics : 632
PrivateFrameworks/AdCore : 108
PrivateFrameworks/AdID : 108
PrivateFrameworks/AdPlatforms : 108
PrivateFrameworks/AdPlatformsCommon : 96
PrivateFrameworks/AdPlatformsInternal : 108
PrivateFrameworks/AddressBookAutocomplete : 233
PrivateFrameworks/AddressBookCore : 98
PrivateFrameworks/Admin : 279
PrivateFrameworks/AggregateDictionary : 1196
PrivateFrameworks/AggregateDictionaryHistory : 1196
PrivateFrameworks/AirPlayReceiver : 25
PrivateFrameworks/AirPlaySender : 25
PrivateFrameworks/AirTrafficHost : 60
PrivateFrameworks/AlgosScoreFramework : 319
PrivateFrameworks/AmbientDisplay : 801
PrivateFrameworks/AppAttestInternal : 1143
PrivateFrameworks/AppContainer : 124
PrivateFrameworks/AppSSO : 12
PrivateFrameworks/AppSSOCore : 12
PrivateFrameworks/AppSSOKerberos : 12
PrivateFrameworks/AppSSOUI : 12
PrivateFrameworks/AppSandbox : 124
PrivateFrameworks/AppStoreComponents : 8
PrivateFrameworks/AppStoreKit : 10
PrivateFrameworks/AppSupport : 489
PrivateFrameworks/AppSupportUI : 4608
PrivateFrameworks/Apple80211 : 7
PrivateFrameworks/AppleAccount : 286
PrivateFrameworks/AppleAppSupport : 2019
PrivateFrameworks/AppleCVA : 222
PrivateFrameworks/AppleFSCompression : 11416
PrivateFrameworks/AppleFirmwareUpdate : 58
PrivateFrameworks/AppleGVA : 14
PrivateFrameworks/AppleGVACore : 14
PrivateFrameworks/AppleHIDTransportSupport : 2141
PrivateFrameworks/AppleIDAuthSupport : 3085
PrivateFrameworks/AppleIDSSOAuthentication : 2868
PrivateFrameworks/AppleJPEG : 466
PrivateFrameworks/AppleLDAP : 2902
PrivateFrameworks/AppleLOM : 144
PrivateFrameworks/AppleMediaServices : 8
PrivateFrameworks/AppleMediaServicesUIDynamic : 10
PrivateFrameworks/AppleNVMe : 623
PrivateFrameworks/AppleNeuralEngine : 642
PrivateFrameworks/ApplePDPHelper : 16286
PrivateFrameworks/ApplePushService : 171
PrivateFrameworks/AppleSRP : 14781
PrivateFrameworks/AppleSauce : 2277
PrivateFrameworks/AppleScript : 589
PrivateFrameworks/AppleServiceToolkit : 769
PrivateFrameworks/AppleShareClientCore : 1055
PrivateFrameworks/AppleSystemInfo : 398
PrivateFrameworks/AppleVA : 855
PrivateFrameworks/AppleVPA : 14
PrivateFrameworks/AssertionServices : 62
PrivateFrameworks/AssetCacheServices : 805
PrivateFrameworks/AssetCacheServicesExtensions : 805
PrivateFrameworks/AssetViewer : 494
PrivateFrameworks/AssetsLibraryServices : 12
PrivateFrameworks/AssistantServices : 266
PrivateFrameworks/AssistiveControlSupport : 154
PrivateFrameworks/AttributeGraph : 2263
PrivateFrameworks/AudioAnalytics : 100
PrivateFrameworks/AudioDSPManager : 769
PrivateFrameworks/AudioHistory : 769
PrivateFrameworks/AudioPasscode : 1109
PrivateFrameworks/AudioResourceArbitration : 652
PrivateFrameworks/AudioServerApplication : 365
PrivateFrameworks/AudioServerDriver : 365
PrivateFrameworks/AudioSession : 891
PrivateFrameworks/AudioToolboxCore : 98
PrivateFrameworks/AudioTransportCommon : 3460
PrivateFrameworks/AuthKit : 354
PrivateFrameworks/AuthKitUI : 338
PrivateFrameworks/AutoBugCaptureCore : 2100
PrivateFrameworks/AutoLoop : 5778
PrivateFrameworks/BackgroundTaskManagement : 243
PrivateFrameworks/Backup : 13
PrivateFrameworks/BaseBoard : 1881
PrivateFrameworks/BatteryUIKit : 883
PrivateFrameworks/BehaviorMiner : 991
PrivateFrameworks/BezelServices : 411
PrivateFrameworks/BioKitAggD : 14068
PrivateFrameworks/BiomeFoundation : 44
PrivateFrameworks/BiomePubSub : 44
PrivateFrameworks/BiomeStorage : 44
PrivateFrameworks/BiomeStreams : 44
PrivateFrameworks/BiometricKit : 17
PrivateFrameworks/BiometricSupport : 15
PrivateFrameworks/BlastDoor : 648
PrivateFrameworks/BluetoothManager : 9
PrivateFrameworks/BoardServices : 1881
PrivateFrameworks/Bom : 1217
PrivateFrameworks/Bootability : 256
PrivateFrameworks/BridgeOSInstall : 624
PrivateFrameworks/BridgeOSInstallReporting : 624
PrivateFrameworks/BridgeOSObliteration : 455
PrivateFrameworks/BridgeOSSoftwareUpdate : 3929
PrivateFrameworks/BridgeXPC : 5274
PrivateFrameworks/BulkSymbolication : 1557
PrivateFrameworks/ByteRangeLocking : 4347
PrivateFrameworks/C2 : 1563
PrivateFrameworks/CDDataAccess : 138
PrivateFrameworks/CDDataAccessExpress : 138
PrivateFrameworks/CMCapture : 76
PrivateFrameworks/CMCaptureCore : 73
PrivateFrameworks/CPAnalytics : 12
PrivateFrameworks/CPMLBestShim : 5580
PrivateFrameworks/CPMS : 54
PrivateFrameworks/CVNLP : 850
PrivateFrameworks/CacheDelete : 293
PrivateFrameworks/CalDAV : 872
PrivateFrameworks/Calculate : 699
PrivateFrameworks/CalendarAgent : 518
PrivateFrameworks/CalendarAgentLink : 710
PrivateFrameworks/CalendarDraw : 769
PrivateFrameworks/CalendarFoundation : 126
PrivateFrameworks/CalendarNotification : 314
PrivateFrameworks/CalendarPersistence : 83
PrivateFrameworks/CalendarUI : 385
PrivateFrameworks/CalendarUIKit : 496
PrivateFrameworks/CalendarWidget : 1310
PrivateFrameworks/CallHistory : 8
PrivateFrameworks/CameraImagingFramework : 6551
PrivateFrameworks/CaptiveNetwork : 628
PrivateFrameworks/CardKit : 532
PrivateFrameworks/CardServices : 532
PrivateFrameworks/Cards : 532
PrivateFrameworks/Catalyst : 5030
PrivateFrameworks/Categories : 2024
PrivateFrameworks/CharacterPicker : 423
PrivateFrameworks/ChronoKit : 21
PrivateFrameworks/ChronoServices : 21
PrivateFrameworks/ChronoUIServices : 11
PrivateFrameworks/ChunkingLibrary : 3269
PrivateFrameworks/ClassKit : 42
PrivateFrameworks/ClassKitUI : 42
PrivateFrameworks/ClassroomKit : 112
PrivateFrameworks/ClockMenuExtraPreferences : 705
PrivateFrameworks/CloudDocs : 98
PrivateFrameworks/CloudDocsDaemon : 112
PrivateFrameworks/CloudFamilyRestrictions : 920
PrivateFrameworks/CloudFamilyRestrictionsDaemon : 920
PrivateFrameworks/CloudKitCode : 20
PrivateFrameworks/CloudKitCodeProtobuf : 20
PrivateFrameworks/CloudKitDaemon : 20
PrivateFrameworks/CloudPhotoLibrary : 12
PrivateFrameworks/CloudPhotoServices : 12
PrivateFrameworks/CloudPhotoServicesConfiguration : 12
PrivateFrameworks/CloudServices : 326
PrivateFrameworks/Coherence : 6162
PrivateFrameworks/CombineCocoa : 1869
PrivateFrameworks/CommonAuth : 1104
PrivateFrameworks/CommonUtilities : 14018
PrivateFrameworks/CommunicationsFilter : 5224
PrivateFrameworks/ConditionInducer : 2152
PrivateFrameworks/ConfigProfileHelper : 227
PrivateFrameworks/ConfigurationEngineModel : 1819
PrivateFrameworks/ConfigurationProfiles : 227
PrivateFrameworks/ConfigurationProfilesUI : 89
PrivateFrameworks/ConsoleKit : 14
PrivateFrameworks/ConstantClasses : 1026
PrivateFrameworks/ContactsAgent : 135
PrivateFrameworks/ContactsAssistantServices : 1917
PrivateFrameworks/ContactsAutocomplete : 92
PrivateFrameworks/ContactsAutocompleteUI : 705
PrivateFrameworks/ContactsDonation : 863
PrivateFrameworks/ContactsDonationFeedback : 863
PrivateFrameworks/ContactsFoundation : 1208
PrivateFrameworks/ContactsPersistence : 85
PrivateFrameworks/ContactsUICore : 323
PrivateFrameworks/ContactsUIMacHelper : 233
PrivateFrameworks/ContentKit : 88
PrivateFrameworks/ContextKit : 1127
PrivateFrameworks/ContextKitExtraction : 1096
PrivateFrameworks/ContextualActionsClient : 9
PrivateFrameworks/ControlCenter : 21
PrivateFrameworks/CoreADI : 443
PrivateFrameworks/CoreAUC : 49
PrivateFrameworks/CoreAVCHD : 4592
PrivateFrameworks/CoreAccessories : 93
PrivateFrameworks/CoreAnalytics : 12
PrivateFrameworks/CoreAppleCVA : 781
PrivateFrameworks/CoreAutoLayout : 262
PrivateFrameworks/CoreBrightness : 41
PrivateFrameworks/CoreCDP : 178
PrivateFrameworks/CoreCDPInternal : 178
PrivateFrameworks/CoreCDPUI : 178
PrivateFrameworks/CoreCapture : 1868
PrivateFrameworks/CoreCaptureControl : 1868
PrivateFrameworks/CoreCaptureDaemon : 1868
PrivateFrameworks/CoreChart : 1364
PrivateFrameworks/CoreDAV : 856
PrivateFrameworks/CoreDaemon : 1227
PrivateFrameworks/CoreDuet : 49
PrivateFrameworks/CoreDuetContext : 49
PrivateFrameworks/CoreDuetDaemonProtocol : 49
PrivateFrameworks/CoreDuetDataModel : 49
PrivateFrameworks/CoreDuetDebugLogging : 49
PrivateFrameworks/CoreDuetStatistics : 49
PrivateFrameworks/CoreDuetSync : 49
PrivateFrameworks/CoreEmoji : 704
PrivateFrameworks/CoreFollowUp : 15
PrivateFrameworks/CoreFollowUpUI : 15
PrivateFrameworks/CoreHAP : 36
PrivateFrameworks/CoreHandwriting : 1134
PrivateFrameworks/CoreJapaneseEngine : 569
PrivateFrameworks/CoreKDL : 3905
PrivateFrameworks/CoreKE : 251
PrivateFrameworks/CoreKnowledge : 1978
PrivateFrameworks/CoreLSKD : 365
PrivateFrameworks/CoreLSKDMSE : 1301
PrivateFrameworks/CoreLocationProtobuf : 1192
PrivateFrameworks/CoreMLTestFramework : 355
PrivateFrameworks/CoreMaterial : 119
PrivateFrameworks/CoreMediaStream : 12
PrivateFrameworks/CoreNameParser : 4406
PrivateFrameworks/CoreOptimization : 5580
PrivateFrameworks/CorePDF : 2880
PrivateFrameworks/CoreParsec : 24
PrivateFrameworks/CorePhoneNumbers : 8
PrivateFrameworks/CorePrediction : 5580
PrivateFrameworks/CoreRC : 1890
PrivateFrameworks/CoreRE : 69
PrivateFrameworks/CoreRecents : 1189
PrivateFrameworks/CoreRecognition : 2178
PrivateFrameworks/CoreRoutine : 287
PrivateFrameworks/CoreSDB : 1288
PrivateFrameworks/CoreSVG : 2006
PrivateFrameworks/CoreServicesInternal : 481
PrivateFrameworks/CoreServicesStore : 23
PrivateFrameworks/CoreSpeech : 107
PrivateFrameworks/CoreSuggestions : 244
PrivateFrameworks/CoreSuggestionsInternals : 244
PrivateFrameworks/CoreSuggestionsML : 244
PrivateFrameworks/CoreSuggestionsUI : 244
PrivateFrameworks/CoreSymbolication : 833
PrivateFrameworks/CoreThemeDefinition : 1508
PrivateFrameworks/CoreTime : 524
PrivateFrameworks/CoreUARP : 58
PrivateFrameworks/CoreUI : 22
PrivateFrameworks/CoreUtils : 696
PrivateFrameworks/CoreUtilsSwift : 8943
PrivateFrameworks/CoreUtilsUI : 647
PrivateFrameworks/CoreWiFi : 7
PrivateFrameworks/CrashReporterSupport : 16
PrivateFrameworks/CreateML : 22
PrivateFrameworks/CryptoKitCBridging : 90
PrivateFrameworks/CryptoKitPrivate : 90
PrivateFrameworks/DAAPKit : 61
PrivateFrameworks/DASDaemon : 17
PrivateFrameworks/DCERPC : 1465
PrivateFrameworks/DCIMServices : 12
PrivateFrameworks/DFRBrightness : 41
PrivateFrameworks/DFRDisplay : 786
PrivateFrameworks/DFRFoundation : 100
PrivateFrameworks/DSExternalDisplay : 1359
PrivateFrameworks/DTXConnectionServices : 127
PrivateFrameworks/DVD : 16056
PrivateFrameworks/DataDeliveryServices : 54
PrivateFrameworks/DataDetectors : 269
PrivateFrameworks/DataDetectorsCore : 2139
PrivateFrameworks/DataDetectorsNaturalLanguage : 3167
PrivateFrameworks/DebugSymbols : 784
PrivateFrameworks/DesktopServicesPriv : 127
PrivateFrameworks/DeviceCheckInternal : 1143
PrivateFrameworks/DeviceLink : 2846
PrivateFrameworks/DeviceManagement : 1819
PrivateFrameworks/DeviceToDeviceManager : 16076
PrivateFrameworks/DiagnosticExtensions : 2594
PrivateFrameworks/DiagnosticExtensionsDaemon : 139
PrivateFrameworks/DiagnosticLogCollection : 996
PrivateFrameworks/DiagnosticRequest : 1804
PrivateFrameworks/DiagnosticRequestService : 2100
PrivateFrameworks/DiagnosticsKit : 1954
PrivateFrameworks/DialogEngine : 128
PrivateFrameworks/DifferentialPrivacy : 68
PrivateFrameworks/DigitalTouchShared : 771
PrivateFrameworks/DirectoryEditor : 1340
PrivateFrameworks/DirectoryServer : 12614
PrivateFrameworks/DiskImages : 788
PrivateFrameworks/DiskImages2 : 4331
PrivateFrameworks/DiskSpaceDiagnostics : 757
PrivateFrameworks/DisplayServices : 1575
PrivateFrameworks/DisplayTransportServices : 3381
PrivateFrameworks/DistributedEvaluation : 2754
PrivateFrameworks/DocumentCamera : 5580
PrivateFrameworks/DuetActivityScheduler : 17
PrivateFrameworks/DuetRecommendation : 49
PrivateFrameworks/EAFirmwareUpdater : 58
PrivateFrameworks/EAP8021X : 1203
PrivateFrameworks/EFILogin : 53
PrivateFrameworks/EasyConfig : 696
PrivateFrameworks/EmbeddedOSInstall : 470
PrivateFrameworks/EmbeddedOSSupportHost : 184
PrivateFrameworks/EmbeddedSensingProtocols : 2838
PrivateFrameworks/EmojiFoundation : 541
PrivateFrameworks/Engram : 996
PrivateFrameworks/Espresso : 918
PrivateFrameworks/ExchangeSync : 637
PrivateFrameworks/ExchangeWebServices : 863
PrivateFrameworks/ExpansionSlotSupport : 419
PrivateFrameworks/ExtensionFoundation : 237
PrivateFrameworks/ExtensionKit : 237
PrivateFrameworks/FMClient : 10729
PrivateFrameworks/FMCore : 1972
PrivateFrameworks/FMCoreLite : 1977
PrivateFrameworks/FMCoreUI : 1247
PrivateFrameworks/FMF : 485
PrivateFrameworks/FMFUI : 485
PrivateFrameworks/FMNetworking : 21
PrivateFrameworks/FTAWD : 996
PrivateFrameworks/FTClientServices : 8
PrivateFrameworks/FTServices : 8
PrivateFrameworks/FWAVC : 1755
PrivateFrameworks/FaceCore : 907
PrivateFrameworks/FamilyCircle : 496
PrivateFrameworks/FamilyCircleUI : 496
PrivateFrameworks/FamilyControls : 964
PrivateFrameworks/FamilyNotification : 496
PrivateFrameworks/FeatureFlags : 790
PrivateFrameworks/FeatureFlagsSupport : 790
PrivateFrameworks/FeedbackLogger : 120
PrivateFrameworks/FilesActionsUI : 1631
PrivateFrameworks/FindMyDevice : 103
PrivateFrameworks/FindMyDeviceUI : 1494
PrivateFrameworks/FindMyMac : 422
PrivateFrameworks/FlightUtilities : 1115
PrivateFrameworks/FlightUtilitiesCore : 1115
PrivateFrameworks/FlowFrameKit : 140
PrivateFrameworks/FolderActionsKit : 861
PrivateFrameworks/FontServices : 876
PrivateFrameworks/FoundInAppsPlugins : 451
PrivateFrameworks/FrontBoardServices : 141
PrivateFrameworks/FuseBoard : 241
PrivateFrameworks/FuseBoardServices : 252
PrivateFrameworks/FusionPluginKit : 739
PrivateFrameworks/FusionPluginServices : 739
PrivateFrameworks/Futhark : 2741
PrivateFrameworks/GPUInfo : 87
PrivateFrameworks/GPURawCounter : 14
PrivateFrameworks/GPUSupport : 25
PrivateFrameworks/GameCenterFoundation : 105
PrivateFrameworks/GameCenterUI : 105
PrivateFrameworks/GameCenterUICore : 105
PrivateFrameworks/GameKitServices : 27
PrivateFrameworks/GenerationalStorage : 3583
PrivateFrameworks/GeoKit : 470
PrivateFrameworks/GeoServices : 5
PrivateFrameworks/Geode : 21
PrivateFrameworks/GraphKit : 14500
PrivateFrameworks/GraphVisualizer : 5612
PrivateFrameworks/GraphicsServices : 5960
PrivateFrameworks/H10ISPServices : 328
PrivateFrameworks/H13ISPServices : 57
PrivateFrameworks/HDAInterface : 2269
PrivateFrameworks/HDRProcessing : 235
PrivateFrameworks/HID : 29
PrivateFrameworks/HIDPreferences : 29
PrivateFrameworks/HMFoundation : 967
PrivateFrameworks/HTTPServer : 858
PrivateFrameworks/HeimODAdmin : 322
PrivateFrameworks/Heimdal : 1104
PrivateFrameworks/Helium : 894
PrivateFrameworks/HelloWorldMacHelper : 252
PrivateFrameworks/HelpData : 601
PrivateFrameworks/HomeAI : 307
PrivateFrameworks/HomeAutomationInternal : 87
PrivateFrameworks/HomeKit : 36
PrivateFrameworks/HomeKitBackingStore : 36
PrivateFrameworks/HomeKitCore : 36
PrivateFrameworks/HomeKitDaemon : 36
PrivateFrameworks/IAP : 3058
PrivateFrameworks/IASUtilities : 46
PrivateFrameworks/IDS : 8
PrivateFrameworks/IDSFoundation : 8
PrivateFrameworks/IDSHashPersistence : 21
PrivateFrameworks/IDSKVStore : 21
PrivateFrameworks/IDSSystemPreferencesSignIn : 8
PrivateFrameworks/IMAVCore : 5008
PrivateFrameworks/IMFoundation : 996
PrivateFrameworks/IMTransferServices : 996
PrivateFrameworks/IOAccelMemoryInfo : 702
PrivateFrameworks/IOAccelerator : 702
PrivateFrameworks/IOCEC : 23011
PrivateFrameworks/IOGPU : 32
PrivateFrameworks/IOImageLoader : 3310
PrivateFrameworks/IOKitten : 3460
PrivateFrameworks/IOMobileFramebuffer : 10
PrivateFrameworks/IOPlatformPluginFamily : 1762
PrivateFrameworks/IOPresentment : 137
PrivateFrameworks/IOSurfaceAccelerator : 1282
PrivateFrameworks/ISSupport : 12470
PrivateFrameworks/IconFoundation : 81
PrivateFrameworks/IconServices : 81
PrivateFrameworks/IdleTimerServices : 1997
PrivateFrameworks/InAppMessages : 352
PrivateFrameworks/InAppMessagesCore : 1051
PrivateFrameworks/IncomingCallFilter : 5224
PrivateFrameworks/InertiaCam : 674
PrivateFrameworks/InputContext : 1924
PrivateFrameworks/InputTranscoder : 2364
PrivateFrameworks/InstallCoordination : 59
PrivateFrameworks/InstallerDiagnostics : 3006
PrivateFrameworks/InternalSwiftProtobuf : 1067
PrivateFrameworks/InternationalSupport : 514
PrivateFrameworks/InternationalTextSearch : 2270
PrivateFrameworks/InternetAccounts : 1317
PrivateFrameworks/IntlPreferences : 17
PrivateFrameworks/JavaLaunching : 568
PrivateFrameworks/JavaScriptAppleEvents : 1660
PrivateFrameworks/JavaScriptOSA : 887
PrivateFrameworks/Jet : 777
PrivateFrameworks/JetEngine : 8
PrivateFrameworks/JetUI : 8
PrivateFrameworks/KerberosHelper : 4576
PrivateFrameworks/KeyboardServices : 2168
PrivateFrameworks/KeychainCircle : 13
PrivateFrameworks/KnowledgeMonitor : 868
PrivateFrameworks/LanguageModeling : 455
PrivateFrameworks/Lexicon : 997
PrivateFrameworks/LibraryRepair : 3116
PrivateFrameworks/LimitAdTracking : 108
PrivateFrameworks/LinkPresentation : 312
PrivateFrameworks/LocalAuthenticationRecoveryUI : 11
PrivateFrameworks/LocalAuthenticationUI : 11
PrivateFrameworks/LockoutUI : 6671
PrivateFrameworks/LoggingSupport : 64
PrivateFrameworks/LoginUIKit : 7
PrivateFrameworks/Lookup : 323
PrivateFrameworks/MDSChannel : 4296
PrivateFrameworks/MFAAuthentication : 93
PrivateFrameworks/MFiAuthentication : 3058
PrivateFrameworks/MMCS : 1563
PrivateFrameworks/MSUDataAccessor : 149
PrivateFrameworks/MachineSettings : 6960
PrivateFrameworks/MallocStackLogging : 257
PrivateFrameworks/ManagedClient : 227
PrivateFrameworks/Mangrove : 2588
PrivateFrameworks/MapsSuggestions : 6
PrivateFrameworks/MapsSupport : 6
PrivateFrameworks/MapsSync : 5
PrivateFrameworks/Marco : 996
PrivateFrameworks/MaterialKit : 119
PrivateFrameworks/MediaConversionService : 12
PrivateFrameworks/MediaFoundation : 5
PrivateFrameworks/MediaKit : 1437
PrivateFrameworks/MediaRemote : 21
PrivateFrameworks/MediaServices : 5
PrivateFrameworks/MediaStream : 12
PrivateFrameworks/Memories : 2716
PrivateFrameworks/MessageProtection : 1435
PrivateFrameworks/MessageSecurity : 1223
PrivateFrameworks/MessagesBlastDoorSupport : 648
PrivateFrameworks/MetalSerializer : 25
PrivateFrameworks/MetricKitCore : 3202
PrivateFrameworks/MetricKitServices : 3202
PrivateFrameworks/MetricKitSource : 3202
PrivateFrameworks/MetricMeasurement : 3202
PrivateFrameworks/MiniSoftwareUpdate : 720
PrivateFrameworks/MobileAccessoryUpdater : 58
PrivateFrameworks/MobileAsset : 411
PrivateFrameworks/MobileAssetUpdater : 58
PrivateFrameworks/MobileBluetooth : 9
PrivateFrameworks/MobileContainerManager : 1313
PrivateFrameworks/MobileDevice : 601
PrivateFrameworks/MobileIcons : 81
PrivateFrameworks/MobileInstallation : 71
PrivateFrameworks/MobileKeyBag : 238
PrivateFrameworks/MobileObliteration : 455
PrivateFrameworks/MobileSoftwareUpdate : 53
PrivateFrameworks/MobileStorage : 140
PrivateFrameworks/MobileStoreDemoCore : 299
PrivateFrameworks/MobileSystemServices : 6327
PrivateFrameworks/Mondrian : 21
PrivateFrameworks/MonitorPanel : 48
PrivateFrameworks/Montreal : 900
PrivateFrameworks/MorphunAssetsUpdater : 94
PrivateFrameworks/MorphunSwift : 121
PrivateFrameworks/MultitouchSupport : 315
PrivateFrameworks/MultiverseSupport : 1418
PrivateFrameworks/MusicLibrary : 51
PrivateFrameworks/NLP : 859
PrivateFrameworks/NPTKit : 387
PrivateFrameworks/NearField : 238
PrivateFrameworks/NetAppsUtilities : 6274
PrivateFrameworks/NetAuth : 1338
PrivateFrameworks/NetFSServer : 10
PrivateFrameworks/Netrb : 789
PrivateFrameworks/Network : 34
PrivateFrameworks/NetworkServiceProxy : 13111
PrivateFrameworks/NetworkStatistics : 4124
PrivateFrameworks/NeutrinoCore : 12
PrivateFrameworks/NeutrinoKit : 12
PrivateFrameworks/NewsAnalyticsUpload : 10
PrivateFrameworks/NewsCore : 10
PrivateFrameworks/NewsDaemon : 10
PrivateFrameworks/NewsFoundation : 10
PrivateFrameworks/NewsToday : 10
PrivateFrameworks/NewsTransport : 10
PrivateFrameworks/Notes : 12
PrivateFrameworks/NotesShared : 12
PrivateFrameworks/NotesUI : 12
PrivateFrameworks/Noticeboard : 1905
PrivateFrameworks/OAHSoftwareUpdate : 20
PrivateFrameworks/OAuth : 25843
PrivateFrameworks/ODML : 108
PrivateFrameworks/OSAServicesClient : 67
PrivateFrameworks/OSASubmissionClient : 71
PrivateFrameworks/OSASyncProxyClient : 71
PrivateFrameworks/OSAnalytics : 67
PrivateFrameworks/OSAnalyticsPrivate : 71
PrivateFrameworks/OSD : 4111
PrivateFrameworks/OSInstaller : 13
PrivateFrameworks/OSPersonalization : 2094
PrivateFrameworks/OSUpdate : 14
PrivateFrameworks/OTSVG : 381
PrivateFrameworks/OctagonTrust : 13
PrivateFrameworks/OfficeImport : 1869
PrivateFrameworks/OnBoardingKit : 71
PrivateFrameworks/OpenDirectoryConfig : 15774
PrivateFrameworks/OpenDirectoryConfigUI : 651
PrivateFrameworks/Osprey : 1381
PrivateFrameworks/PAImaging : 21
PrivateFrameworks/PAImagingCore : 21
PrivateFrameworks/PDFKit : 20
PrivateFrameworks/PDS : 21
PrivateFrameworks/PDSAgent : 21
PrivateFrameworks/PIP : 2728
PrivateFrameworks/PSNormalizer : 975
PrivateFrameworks/PackageKit : 294
PrivateFrameworks/PacketFilter : 1411
PrivateFrameworks/ParsecModel : 24
PrivateFrameworks/ParsecSubscriptionServiceSupport : 24
PrivateFrameworks/PassKitCore : 14
PrivateFrameworks/PassKitMacHelper : 8
PrivateFrameworks/PasswordServer : 9604
PrivateFrameworks/PegasusAPI : 24
PrivateFrameworks/PegasusKit : 24
PrivateFrameworks/PencilKit : 306
PrivateFrameworks/PeopleSuggester : 49
PrivateFrameworks/PerformanceAnalysis : 1557
PrivateFrameworks/PerformanceTrace : 155
PrivateFrameworks/PersistentConnection : 4556
PrivateFrameworks/PersonaKit : 2758
PrivateFrameworks/PersonaUI : 2758
PrivateFrameworks/PersonalizationPortrait : 451
PrivateFrameworks/PersonalizationPortraitInternals : 451
PrivateFrameworks/PhoneNumberResolver : 449
PrivateFrameworks/PhoneNumbers : 8
PrivateFrameworks/PhotoFoundation : 12
PrivateFrameworks/PhotoImaging : 12
PrivateFrameworks/PhotoLibrary : 9
PrivateFrameworks/PhotoLibraryServices : 12
PrivateFrameworks/PhotoPrintProduct : 1916
PrivateFrameworks/PhotosFormats : 12
PrivateFrameworks/PhotosImagingFoundation : 12
PrivateFrameworks/PhotosPlayer : 12
PrivateFrameworks/PhotosUIApps : 21
PrivateFrameworks/PhotosUICore : 9
PrivateFrameworks/PhysicsKit : 1531
PrivateFrameworks/PlacesKit : 9
PrivateFrameworks/PlugInKit : 132
PrivateFrameworks/PodcastServices : 24
PrivateFrameworks/PodcastsFoundation : 131
PrivateFrameworks/PodcastsKit : 79
PrivateFrameworks/PowerLog : 57
PrivateFrameworks/PowerUI : 44
PrivateFrameworks/PowerlogControl : 58
PrivateFrameworks/PowerlogCore : 58
PrivateFrameworks/PowerlogDatabaseReader : 58
PrivateFrameworks/PowerlogFullOperators : 85
PrivateFrameworks/PowerlogHelperdOperators : 85
PrivateFrameworks/PowerlogLiteOperators : 85
PrivateFrameworks/PreferencePanesSupport : 550
PrivateFrameworks/PrintKit : 388
PrivateFrameworks/PrintingPrivate : 416
PrivateFrameworks/PrivateFederatedLearning : 2919
PrivateFrameworks/ProVideo : 1296
PrivateFrameworks/ProactiveEventTracker : 471
PrivateFrameworks/ProactiveExperiments : 244
PrivateFrameworks/ProactiveExperimentsInternals : 244
PrivateFrameworks/ProactiveInputPredictions : 244
PrivateFrameworks/ProactiveInputPredictionsInternals : 244
PrivateFrameworks/ProactiveML : 244
PrivateFrameworks/ProactiveSupport : 471
PrivateFrameworks/ProactiveSupportStubs : 471
PrivateFrameworks/PromotedContentSupport : 96
PrivateFrameworks/ProofReader : 439
PrivateFrameworks/ProtectedCloudStorage : 398
PrivateFrameworks/ProtocolBuffer : 5
PrivateFrameworks/PrototypeTools : 2703
PrivateFrameworks/PubSub : 36
PrivateFrameworks/QLCharts : 1869
PrivateFrameworks/Quagga : 644
PrivateFrameworks/QuickLookIosmac : 304
PrivateFrameworks/QuickLookNonBaseSystem : 290
PrivateFrameworks/QuickLookSupport : 112
PrivateFrameworks/QuickLookThumbnailing : 112
PrivateFrameworks/QuickLookThumbnailingDaemon : 113
PrivateFrameworks/QuickLookUIIosmac : 304
PrivateFrameworks/RTBuddyCrashlogDecoder : 660
PrivateFrameworks/RTCReporting : 15
PrivateFrameworks/Rapport : 110
PrivateFrameworks/RapportUI : 111
PrivateFrameworks/ReminderKit : 138
PrivateFrameworks/ReminderKitInternal : 536
PrivateFrameworks/ReminderKitUI : 138
PrivateFrameworks/ReminderMigration : 826
PrivateFrameworks/RemindersToolbox : 2825
PrivateFrameworks/RemindersUICore : 740
PrivateFrameworks/RemoteConfiguration : 104
PrivateFrameworks/RemoteCoreML : 5217
PrivateFrameworks/RemoteManagement : 2549
PrivateFrameworks/RemoteTextInput : 3709
PrivateFrameworks/RemoteViewServices : 649
PrivateFrameworks/RenderBox : 11
PrivateFrameworks/ReplayKitMacHelper : 124
PrivateFrameworks/ResponseKit : 437
PrivateFrameworks/Restore : 474
PrivateFrameworks/RunningBoard : 63
PrivateFrameworks/RunningBoardServices : 62
PrivateFrameworks/SAObjects : 217
PrivateFrameworks/SCEP : 899
PrivateFrameworks/SDAPI : 5121
PrivateFrameworks/SMBClient : 47
PrivateFrameworks/SMBClientEngine : 924
PrivateFrameworks/SPShared : 21
PrivateFrameworks/SPSupport : 8
PrivateFrameworks/SafariSafeBrowsing : 12
PrivateFrameworks/SafeEjectGPU : 853
PrivateFrameworks/SampleAnalysis : 1557
PrivateFrameworks/ScoreBoard : 3296
PrivateFrameworks/ScreenSharing : 388
PrivateFrameworks/ScreenTimeCore : 399
PrivateFrameworks/ScreenTimeServiceUI : 131
PrivateFrameworks/ScreenTimeSettingsUI : 270
PrivateFrameworks/ScreenTimeUI : 409
PrivateFrameworks/SearchAds : 108
PrivateFrameworks/SearchFoundation : 24
PrivateFrameworks/SearchUI : 242
PrivateFrameworks/SearchUICardKitProviderSupport : 419
PrivateFrameworks/SecCodeWrapper : 124
PrivateFrameworks/SecureChannel : 1936
PrivateFrameworks/SecurityTokend : 6892
PrivateFrameworks/Seeding : 451
PrivateFrameworks/SemanticDocumentManagement : 4372
PrivateFrameworks/SensingProtocols : 2838
PrivateFrameworks/Sentry : 1688
PrivateFrameworks/ServerCompatibility : 4771
PrivateFrameworks/ServerInformation : 765
PrivateFrameworks/SetupAssistantFramework : 494
PrivateFrameworks/SetupKit : 647
PrivateFrameworks/SharePointManagement : 243
PrivateFrameworks/ShareServicesCore : 21
PrivateFrameworks/SharedWebCredentials : 244
PrivateFrameworks/Sharing : 13
PrivateFrameworks/SharingXPCServices : 13
PrivateFrameworks/ShazamInsights : 464
PrivateFrameworks/ShazamKit : 464
PrivateFrameworks/ShazamKitUI : 464
PrivateFrameworks/Shortcut : 143
PrivateFrameworks/ShoveService : 294
PrivateFrameworks/SidecarCore : 589
PrivateFrameworks/SidecarUI : 589
PrivateFrameworks/SignpostCollection : 1864
PrivateFrameworks/SignpostMetrics : 1864
PrivateFrameworks/SignpostNotification : 765
PrivateFrameworks/SignpostSupport : 1864
PrivateFrameworks/SiriAppResolution : 140
PrivateFrameworks/SiriAudioInternal : 254
PrivateFrameworks/SiriAudioSupport : 254
PrivateFrameworks/SiriClientFlow : 1455
PrivateFrameworks/SiriCore : 269
PrivateFrameworks/SiriDailyBriefingInternal : 1110
PrivateFrameworks/SiriDialogEngine : 55
PrivateFrameworks/SiriFoundation : 9
PrivateFrameworks/SiriGeo : 1486
PrivateFrameworks/SiriInference : 125
PrivateFrameworks/SiriInstrumentation : 43
PrivateFrameworks/SiriIntentEvents : 125
PrivateFrameworks/SiriKitFlow : 140
PrivateFrameworks/SiriKitInvocation : 124
PrivateFrameworks/SiriKitRuntime : 140
PrivateFrameworks/SiriObservation : 266
PrivateFrameworks/SiriOntology : 175
PrivateFrameworks/SiriOntologyProtobuf : 175
PrivateFrameworks/SiriPlaybackControlIntents : 141
PrivateFrameworks/SiriPlaybackControlSupport : 141
PrivateFrameworks/SiriSpeechSynthesis : 264
PrivateFrameworks/SiriTTS : 20
PrivateFrameworks/SiriTasks : 266
PrivateFrameworks/SiriUI : 9
PrivateFrameworks/SiriVOX : 269
PrivateFrameworks/SiriVideoIntents : 167
PrivateFrameworks/Slideshows : 456
PrivateFrameworks/SocialServices : 468
PrivateFrameworks/SoftLinking : 647
PrivateFrameworks/SoftwareUpdate : 14
PrivateFrameworks/SoftwareUpdateCore : 53
PrivateFrameworks/SoftwareUpdateCoreConnect : 53
PrivateFrameworks/SoftwareUpdateCoreSupport : 53
PrivateFrameworks/SoftwareUpdateMacController : 226
PrivateFrameworks/SpanMatcher : 269
PrivateFrameworks/SpeakerRecognition : 107
PrivateFrameworks/SpeechDictionary : 1507
PrivateFrameworks/SpeechObjects : 410
PrivateFrameworks/SpeechRecognitionCommandServices : 300
PrivateFrameworks/SpeechRecognitionCore : 953
PrivateFrameworks/StorageKit : 790
PrivateFrameworks/StorageManagement : 586
PrivateFrameworks/StoreServices : 10
PrivateFrameworks/StreamingZip : 602
PrivateFrameworks/Suggestions : 722
PrivateFrameworks/SuggestionsSpotlightMetrics : 244
PrivateFrameworks/Symbolication : 257
PrivateFrameworks/SymptomDiagnosticReporter : 1804
PrivateFrameworks/SymptomReporter : 319
PrivateFrameworks/Symptoms : 319
PrivateFrameworks/SyncServicesUI : 644
PrivateFrameworks/SyncedDefaults : 25
PrivateFrameworks/SystemAdministration : 279
PrivateFrameworks/SystemAdministrationInterface : 1128
PrivateFrameworks/SystemDesktopAppearance : 92
PrivateFrameworks/SystemMigration : 226
PrivateFrameworks/SystemMigrationNetworking : 226
PrivateFrameworks/SystemMigrationUtils : 226
PrivateFrameworks/SystemPolicy : 46
PrivateFrameworks/SystemUIPlugin : 1180
PrivateFrameworks/TCC : 15
PrivateFrameworks/TTYUtilities : 6002
PrivateFrameworks/TVRemoteCore : 1090
PrivateFrameworks/TelephonyUtilities : 11
PrivateFrameworks/TemplateKit : 235
PrivateFrameworks/TextInput : 104
PrivateFrameworks/TextInputCore : 104
PrivateFrameworks/TextInputMenuUI : 53
PrivateFrameworks/TextRecognition : 2172
PrivateFrameworks/TextToSpeech : 34
PrivateFrameworks/TextureIO : 11848
PrivateFrameworks/TimeMachine : 20
PrivateFrameworks/Timeline : 1473
PrivateFrameworks/ToneKit : 120
PrivateFrameworks/ToneLibrary : 120
PrivateFrameworks/Tourist : 264
PrivateFrameworks/Translation : 86
PrivateFrameworks/Transparency : 477
PrivateFrameworks/TransparencyDetailsViewMac : 108
PrivateFrameworks/Trial : 208
PrivateFrameworks/TrialProto : 208
PrivateFrameworks/TrialServer : 208
PrivateFrameworks/TrustEvaluationAgent : 1672
PrivateFrameworks/TrustedPeers : 13
PrivateFrameworks/TuriCore : 326
PrivateFrameworks/UARPiCloud : 58
PrivateFrameworks/UAUPlugin : 1891
PrivateFrameworks/UIKitMacHelper : 14
PrivateFrameworks/UIKitSystemAppServices : 252
PrivateFrameworks/UIRecording : 2705
PrivateFrameworks/URLFormatting : 301
PrivateFrameworks/USDKit : 40
PrivateFrameworks/UXKit : 12
PrivateFrameworks/Uninstall : 60
PrivateFrameworks/UsageTracking : 2140
PrivateFrameworks/UserActivity : 492
PrivateFrameworks/UserManagement : 1770
PrivateFrameworks/VCXMPP : 1892
PrivateFrameworks/VFX : 2530
PrivateFrameworks/VFXBase : 2530
PrivateFrameworks/VideoProcessing : 167
PrivateFrameworks/VideoSubscriberAccountUI : 91
PrivateFrameworks/ViewBridge : 138
PrivateFrameworks/VisionKit : 5346
PrivateFrameworks/VisualPairing : 3076
PrivateFrameworks/VisualTestKit : 2997
PrivateFrameworks/VoiceShortcutClient : 88
PrivateFrameworks/VoiceShortcuts : 88
PrivateFrameworks/VoiceTrigger : 6628
PrivateFrameworks/WPDaemon : 2185
PrivateFrameworks/WatchdogClient : 362
PrivateFrameworks/WeatherFoundation : 229
PrivateFrameworks/WeatherKit : 873
PrivateFrameworks/WebContentAnalysis : 2316
PrivateFrameworks/WebFilterDNS : 2316
PrivateFrameworks/WebInspector : 16
PrivateFrameworks/WiFiAnalytics : 8
PrivateFrameworks/WiFiCloudSyncEngine : 338
PrivateFrameworks/WiFiPeerToPeer : 618
PrivateFrameworks/WiFiPolicy : 899
PrivateFrameworks/WiFiVelocity : 7
PrivateFrameworks/WildDevices : 688
PrivateFrameworks/WirelessDiagnostics : 12161
PrivateFrameworks/WirelessProximity : 2185
PrivateFrameworks/WorkflowKit : 88
PrivateFrameworks/WorkflowUIServices : 38
PrivateFrameworks/XARTRecovery : 232
PrivateFrameworks/XCTAutomationSupport : 558
PrivateFrameworks/XCTTargetBootstrap : 558
PrivateFrameworks/XGBoostFramework : 616
PrivateFrameworks/XQuery : 6149
PrivateFrameworks/XprotectFramework : 161
PrivateFrameworks/ZhuGeSupport : 2032
PrivateFrameworks/acfs : 349
PrivateFrameworks/apfs_boot_mount : 37
PrivateFrameworks/caulk : 2370
PrivateFrameworks/iAdCore : 632
PrivateFrameworks/iAdServices : 632
PrivateFrameworks/iCalendar : 726
PrivateFrameworks/iCloudNotification : 2316
PrivateFrameworks/iLifeMediaBrowser : 927
PrivateFrameworks/iPod : 1163
PrivateFrameworks/iPodSync : 3751
PrivateFrameworks/iPodUpdater : 3328
PrivateFrameworks/iTunesCloud : 58
PrivateFrameworks/iWorkXPC : 3187
PrivateFrameworks/kperf : 1595
PrivateFrameworks/kperfdata : 1595
PrivateFrameworks/ktrace : 148
PrivateFrameworks/login : 461
PrivateFrameworks/nt : 134
PrivateFrameworks/oncrpc : 2263
PrivateFrameworks/perfdata : 2117
PrivateFrameworks/vCard : 85
PrivateFrameworks/yara : 1654
CoreServices/AirPlayUIAgent : 535.3
CoreServices/Bluetooth Setup Assistant : 8.0.3d2
CoreServices/BluetoothUIServer : 8.0.3d2
CoreServices/Installer Progress : 594
CoreServices/Keychain Circle Notification : 59754.80.2
CoreServices/OBEXAgent : 8.0.3d2
CoreServices/Problem Reporter : 15047.1
CoreServices/Setup Assistant : 3203
CoreServices/Siri : 201.3.2
CoreServices/Spotlight : 2150.7.3
CoreServices/VoiceOver : 767.1.2
CoreServices/loginwindow : 2024.3.3
Frameworks/ARKit : 34
Frameworks/AVKit : 15
Frameworks/AddressBook : 687
Frameworks/AddressBookUI : 904
Frameworks/AppClip : 10
Frameworks/BusinessChat : 52
Frameworks/CarPlay : 482
Frameworks/ClockKit : 10
Frameworks/ContactsUI : 99
Frameworks/CoreAudioKit : 108
Frameworks/EventKitUI : 538
Frameworks/GLKit : 884
Frameworks/GameKit : 108
Frameworks/GameplayKit : 710
Frameworks/HealthKit : 18
Frameworks/HealthKitUI : 18
Frameworks/LinkPresentation : 141
Frameworks/MapKit : 8
Frameworks/MetalKit : 1312
Frameworks/MobileCoreServices : 35
Frameworks/MultipeerConnectivity : 430
Frameworks/NetworkExtensioniOSSupport : 32
Frameworks/NewsstandKit : 2498
Frameworks/OpenAL : 1071
Frameworks/OpenGLES : 24
Frameworks/PassKit : 8
Frameworks/PencilKit : 211
Frameworks/QuickLook : 784
Frameworks/RealityKit : 190
Frameworks/ReplayKit : 124
Frameworks/SceneKit : 431
Frameworks/ScreenTime : 132
Frameworks/Social : 472
Frameworks/SpriteKit : 435
Frameworks/Twitter : 1573
Frameworks/UserNotificationsUI : 469
Frameworks/VisionKit : 2702
Frameworks/WatchConnectivity : 1977
Frameworks/WatchKit : 3524
Frameworks/WebKit : 13
Frameworks/WidgetKit : 11
Frameworks/_AVKit_SwiftUI : 17
Frameworks/_AuthenticationServices_SwiftUI : 7
Frameworks/_MapKit_SwiftUI : 8
Frameworks/_SceneKit_SwiftUI : 971
Frameworks/_SpriteKit_SwiftUI : 750
Frameworks/iAd : 632
PrivateFrameworks/AVKitMacHelper : 15
PrivateFrameworks/AccessibilityUI : 3
PrivateFrameworks/AccessibilityUIService : 3
PrivateFrameworks/AccessibilityUIShared : 3
PrivateFrameworks/AccessibilityUIUtilities : 3
PrivateFrameworks/AccessibilityUtilities : 3
PrivateFrameworks/ActionKitUI : 28
PrivateFrameworks/ActivityRingsUI : 2398
PrivateFrameworks/AdPlatformsCommonUI : 96
PrivateFrameworks/AddressBookLegacy : 2692
PrivateFrameworks/AnnotationKit : 528
PrivateFrameworks/AppAnalytics : 32
PrivateFrameworks/AppSupportUI : 1183
PrivateFrameworks/AppleMediaServicesUIDynamic : 4
PrivateFrameworks/AuthKitUI : 334
PrivateFrameworks/AuthKitUIMacHelper : 334
PrivateFrameworks/AvatarKit : 328
PrivateFrameworks/AvatarUI : 225
PrivateFrameworks/BaseBoardUI : 1634
PrivateFrameworks/CalendarUIKit : 475
PrivateFrameworks/ChronoKit : 11
PrivateFrameworks/ClassroomKit : 111
PrivateFrameworks/ContactsAutocompleteUI : 444
PrivateFrameworks/CoreChart : 429
PrivateFrameworks/CorePDF : 826
PrivateFrameworks/CoreRecognition : 1398
PrivateFrameworks/CoreSuggestionsUI : 168
PrivateFrameworks/DataDetectorsUI : 753
PrivateFrameworks/DocumentCamera : 2446
PrivateFrameworks/DocumentManager : 96
PrivateFrameworks/DocumentManagerCore : 96
PrivateFrameworks/EmojiKit : 912
PrivateFrameworks/FMCoreUI : 657
PrivateFrameworks/FMFUI : 108
PrivateFrameworks/FrontBoard : 150
PrivateFrameworks/GameCenterUI : 82
PrivateFrameworks/HealthDaemon : 18
PrivateFrameworks/HelpKit : 1736
PrivateFrameworks/Home : 31
PrivateFrameworks/HomeRecommendationEngine : 31
PrivateFrameworks/HomeUI : 31
PrivateFrameworks/InAppMessages : 344
PrivateFrameworks/JITAppKit : 1487
PrivateFrameworks/Jet : 468
PrivateFrameworks/ManagedConfiguration : 636
PrivateFrameworks/MarkupUI : 528
PrivateFrameworks/MobileTimer : 549
PrivateFrameworks/MobileTimerUI : 549
PrivateFrameworks/NanoRegistry : 1284
PrivateFrameworks/NetAppsUtilitiesUI : 6274
PrivateFrameworks/NewsAds : 10
PrivateFrameworks/NewsAppKit : 10
PrivateFrameworks/NewsPersonalization : 10
PrivateFrameworks/OnBoardingKit : 22
PrivateFrameworks/PassKitServices : 13
PrivateFrameworks/PencilKit : 211
PrivateFrameworks/PersonaUI : 950
PrivateFrameworks/PodcastsUI : 85
PrivateFrameworks/PromotedContent : 194
PrivateFrameworks/PromotedContentProxy : 96
PrivateFrameworks/PromotedContentUI : 194
PrivateFrameworks/QuickLookThumbnailingExtension : 112
PrivateFrameworks/ScreenTimeUI : 142
PrivateFrameworks/SearchToShareCore : 679
PrivateFrameworks/Stocks : 2685
PrivateFrameworks/TSReading : 982
PrivateFrameworks/TSUtility : 982
PrivateFrameworks/TextInputUI : 151
PrivateFrameworks/TouchML : 1711
PrivateFrameworks/TransparencyDetailsView : 108
PrivateFrameworks/UIAccessibility : 3
PrivateFrameworks/UIKitCore : 14
PrivateFrameworks/UIKitMacHelper : 14
PrivateFrameworks/UserNotificationsExtensionPoint : 348
PrivateFrameworks/VisualAlert : 3
PrivateFrameworks/VisualPairing : 1614
PrivateFrameworks/VoiceMemos : 74
PrivateFrameworks/VoiceOverServices : 3
PrivateFrameworks/WeatherFoundation : 34
PrivateFrameworks/WebCore : 13
PrivateFrameworks/WebKit : 13
PrivateFrameworks/WorkflowEditor : 28
PrivateFrameworks/WorkflowUI : 28
PrivateFrameworks/WorkflowUICore : 28
PrivateFrameworks/WorkflowUIServices : 25
PrivateFrameworks/XavierCore : 10
PrivateFrameworks/XavierNews : 10
PrivateFrameworks/ZoomServices : 3
