Applications/Apparency : 75
Applications/Audio Hijack : 3.8.1
Applications/Discord : 0.0.261
Applications/Epic Games Launcher : 12.0.2
Applications/GitHub Desktop : 2.6.2
Applications/Google Chrome : 4324.96
Applications/IconChamp : 1
Applications/Keynote : 7029.9.8
Applications/MacUpdater : 8735
Applications/Menu Bar Tint : 1107
Applications/Numbers : 7029.9.8
Applications/Pages : 7029.9.8
Applications/Safari : 16610.4.3.1.4
Applications/Spotify : 1.1.48.625.g1c87c7f7-60
Applications/TeamViewer : 1
Applications/Tiles : 278
Applications/Contacts : 2452.4
Applications/Home : 462.4.14
Applications/Mail : 3654.60.0.2.21
Applications/News : 2697.1
Applications/Stocks : 712.1
Utilities/Bluetooth File Exchange : 8.0.3d9
Utilities/Disk Utility : 1715.2
Utilities/VoiceOver Utility : 767.1.5
Frameworks/AGL : 2233
Frameworks/AVKit : 58
Frameworks/Accelerate : 1243
Frameworks/Accessibility : 4
Frameworks/Accounts : 342
Frameworks/AdServices : 100
Frameworks/AdSupport : 110
Frameworks/AppTrackingTransparency : 110
Frameworks/AppleScriptKit : 1941
Frameworks/AppleScriptObjC : 148
Frameworks/ApplicationServices : 4739
Frameworks/AudioVideoBridging : 3
Frameworks/AutomaticAssessmentConfiguration : 1046
Frameworks/Automator : 598
Frameworks/BackgroundTasks : 13
Frameworks/BusinessChat : 92
Frameworks/CalendarStore : 921
Frameworks/Carbon : 5990
Frameworks/ClassKit : 2
Frameworks/CloudKit : 39
Frameworks/Cocoa : 17968
Frameworks/Collaboration : 1218
Frameworks/ColorSync : 11
Frameworks/Combine : 1909
Frameworks/Contacts : 131
Frameworks/CoreAudio : 128
Frameworks/CoreAudioKit : 112
Frameworks/CoreBluetooth : 5
Frameworks/CoreData : 558
Frameworks/CoreFoundation : 5
Frameworks/CoreHaptics : 2102
Frameworks/CoreImage : 309
Frameworks/CoreMIDI : 13
Frameworks/CoreMIDIServer : 13
Frameworks/CoreML : 662
Frameworks/CoreMediaIO : 38
Frameworks/CoreServices : 49
Frameworks/CoreText : 6
Frameworks/CoreVideo : 557
Frameworks/CoreWLAN : 11
Frameworks/CryptoKit : 111
Frameworks/CryptoTokenKit : 7
Frameworks/DVDPlayback : 318
Frameworks/DeveloperToolsSupport : 2783
Frameworks/DeviceCheck : 1332
Frameworks/DirectoryService : 663
Frameworks/DiscRecording : 1330
Frameworks/DiscRecordingUI : 1330
Frameworks/DiskArbitration : 2
Frameworks/DriverKit : 144
Frameworks/EventKit : 256
Frameworks/ExceptionHandling : 1440
Frameworks/ExternalAccessory : 382
Frameworks/FWAUserLib : 843
Frameworks/FileProviderUI : 1835
Frameworks/FinderSync : 30
Frameworks/ForceFeedback : 5474
Frameworks/Foundation : 9
Frameworks/GLKit : 3509
Frameworks/GLUT : 1358
Frameworks/GSS : 73
Frameworks/GameController : 22
Frameworks/GameKit : 253
Frameworks/GameplayKit : 2124
Frameworks/Hypervisor : 10
Frameworks/ICADevices : 419
Frameworks/IOKit : 3
Frameworks/IOSurface : 139
Frameworks/IOUSBHost : 14
Frameworks/ImageCaptureCore : 419
Frameworks/InputMethodKit : 75
Frameworks/InstallerPlugins : 575
Frameworks/InstantMessage : 12692
Frameworks/JavaNativeFoundation : 1222
Frameworks/JavaRuntimeSupport : 785
Frameworks/JavaVM : 1087
Frameworks/Kerberos : 1207
Frameworks/LDAP : 10
Frameworks/LatentSemanticMapping : 683
Frameworks/LinkPresentation : 452
Frameworks/LocalAuthentication : 18
Frameworks/MLCompute : 13
Frameworks/MediaAccessibility : 2983
Frameworks/MediaLibrary : 1000
Frameworks/Message : 14257
Frameworks/Metal : 29
Frameworks/MetalKit : 6278
Frameworks/MetalPerformanceShaders : 28
Frameworks/MetalPerformanceShadersGraph : 749
Frameworks/MetricKit : 3229
Frameworks/ModelIO : 65
Frameworks/MultipeerConnectivity : 1321
Frameworks/NaturalLanguage : 2157
Frameworks/NearbyInteraction : 4
Frameworks/NetFS : 13
Frameworks/NetworkingDriverKit : 62
Frameworks/NotificationCenter : 14
Frameworks/OSAKit : 1180
Frameworks/OSLog : 92
Frameworks/OpenAL : 641
Frameworks/OpenCL : 936
Frameworks/OpenDirectory : 663
Frameworks/OpenGL : 29
Frameworks/PCIDriverKit : 27
Frameworks/PCSC : 2
Frameworks/ParavirtualizedGraphics : 282
Frameworks/PassKit : 6
Frameworks/PencilKit : 324
Frameworks/PhotosUI : 7
Frameworks/PreferencePanes : 819
Frameworks/PushKit : 3704
Frameworks/Python : 371
Frameworks/QTKit : 3319
Frameworks/Quartz : 2173
Frameworks/QuickLookThumbnailing : 130
Frameworks/RealityKit : 189
Frameworks/ReplayKit : 8
Frameworks/Ruby : 719
Frameworks/SceneKit : 1394
Frameworks/ScreenSaver : 219
Frameworks/ScreenTime : 530
Frameworks/ScriptingBridge : 1474
Frameworks/Security : 10
Frameworks/SecurityFoundation : 1576
Frameworks/SecurityInterface : 879
Frameworks/SensorKit : 19
Frameworks/ServiceManagement : 7
Frameworks/Social : 513
Frameworks/SoundAnalysis : 104
Frameworks/Speech : 276
Frameworks/SpriteKit : 1846
Frameworks/StoreKit : 29
Frameworks/SwiftUI : 2
Frameworks/SyncServices : 718
Frameworks/System : 3178
Frameworks/SystemConfiguration : 258
Frameworks/SystemExtensions : 10
Frameworks/TWAIN : 1524
Frameworks/Tcl : 16
Frameworks/Tk : 16
Frameworks/USBDriverKit : 14
Frameworks/UniformTypeIdentifiers : 14
Frameworks/UserNotifications : 240
Frameworks/UserNotificationsUI : 185
Frameworks/VideoDecodeAcceleration : 6782
Frameworks/VideoSubscriberAccount : 97
Frameworks/Virtualization : 52
Frameworks/Vision : 622
Frameworks/WidgetKit : 9
Frameworks/_MapKit_SwiftUI : 13
Frameworks/_QuickLook_SwiftUI : 79
Frameworks/_SceneKit_SwiftUI : 2933
Frameworks/_SpriteKit_SwiftUI : 4842
Frameworks/_StoreKit_SwiftUI : 30
Frameworks/vecLib : 1243
Frameworks/vmnet : 302
PrivateFrameworks/AACCore : 486
PrivateFrameworks/ACDEClient : 952
PrivateFrameworks/AFKUser : 47
PrivateFrameworks/AGXCompilerCore : 22
PrivateFrameworks/AGXGPURawCounter : 22
PrivateFrameworks/ANECompiler : 1175
PrivateFrameworks/ANEHostCompiler : 1172
PrivateFrameworks/ANEServices : 19
PrivateFrameworks/AOSAccounts : 2313
PrivateFrameworks/AOSAccountsLite : 2313
PrivateFrameworks/AOSKit : 519
PrivateFrameworks/AOSUI : 769
PrivateFrameworks/APTransport : 314
PrivateFrameworks/ASEProcessing : 1298
PrivateFrameworks/ASOctaneSupport : 4
PrivateFrameworks/AXAssetLoader : 47
PrivateFrameworks/AXCoreUtilities : 47
PrivateFrameworks/AXHearingCoreSupport : 6077
PrivateFrameworks/AXHearingSupport : 6077
PrivateFrameworks/AXMediaUtilities : 516
PrivateFrameworks/AXRuntime : 47
PrivateFrameworks/AccessibilityBundles : 50
PrivateFrameworks/AccessibilityPerformance : 3
PrivateFrameworks/AccessibilitySupport : 3
PrivateFrameworks/AccountPolicy : 603
PrivateFrameworks/AccountsDaemon : 342
PrivateFrameworks/AccountsUI : 822
PrivateFrameworks/ActionKit : 9
PrivateFrameworks/AdAnalytics : 636
PrivateFrameworks/AdCore : 112
PrivateFrameworks/AdID : 112
PrivateFrameworks/AdPlatforms : 112
PrivateFrameworks/AdPlatformsCommon : 100
PrivateFrameworks/AdPlatformsInternal : 112
PrivateFrameworks/AggregateDictionary : 1225
PrivateFrameworks/AggregateDictionaryHistory : 1225
PrivateFrameworks/AirPlayReceiver : 223
PrivateFrameworks/AirPlaySender : 223
PrivateFrameworks/AirPlaySupport : 314
PrivateFrameworks/AirTrafficHost : 64
PrivateFrameworks/AlgosScoreFramework : 323
PrivateFrameworks/AmbientDisplay : 862
PrivateFrameworks/AnnotationKit : 716
PrivateFrameworks/AppAttestInternal : 1332
PrivateFrameworks/AppContainer : 128
PrivateFrameworks/AppSSO : 62
PrivateFrameworks/AppSSOCore : 62
PrivateFrameworks/AppSSOKerberos : 62
PrivateFrameworks/AppSSOUI : 62
PrivateFrameworks/AppSandbox : 128
PrivateFrameworks/AppServerSupport : 7
PrivateFrameworks/AppStoreKit : 78
PrivateFrameworks/AppSupport : 595
PrivateFrameworks/AppSupportUI : 5000
PrivateFrameworks/Apple80211 : 11
PrivateFrameworks/AppleAccount : 316
PrivateFrameworks/AppleAppSupport : 2173
PrivateFrameworks/AppleCVA : 226
PrivateFrameworks/AppleFSCompression : 12455
PrivateFrameworks/AppleFirmwareUpdate : 9
PrivateFrameworks/AppleHIDTransportSupport : 2457
PrivateFrameworks/AppleIDAuthSupport : 3340
PrivateFrameworks/AppleIDSSOAuthentication : 3102
PrivateFrameworks/AppleJPEG : 495
PrivateFrameworks/AppleLDAP : 3264
PrivateFrameworks/AppleLOM : 23
PrivateFrameworks/AppleMediaServicesUIDynamic : 4
PrivateFrameworks/AppleNVMe : 740
PrivateFrameworks/AppleNeuralEngine : 714
PrivateFrameworks/ApplePDPHelper : 17989
PrivateFrameworks/ApplePushService : 192
PrivateFrameworks/AppleSRP : 14802
PrivateFrameworks/AppleSauce : 2304
PrivateFrameworks/AppleScript : 664
PrivateFrameworks/AppleServiceToolkit : 790
PrivateFrameworks/AppleShareClientCore : 1124
PrivateFrameworks/AppleSystemInfo : 467
PrivateFrameworks/AppleVA : 928
PrivateFrameworks/AskPermission : 28
PrivateFrameworks/AssertionServices : 89
PrivateFrameworks/AssetCacheServices : 809
PrivateFrameworks/AssetCacheServicesExtensions : 809
PrivateFrameworks/AssetViewer : 498
PrivateFrameworks/AssistiveControlSupport : 25
PrivateFrameworks/AttributeGraph : 2509
PrivateFrameworks/AudioAnalytics : 2
PrivateFrameworks/AudioDSPManager : 773
PrivateFrameworks/AudioHistory : 773
PrivateFrameworks/AudioPasscode : 1180
PrivateFrameworks/AudioResourceArbitration : 695
PrivateFrameworks/AudioServerApplication : 392
PrivateFrameworks/AudioServerDriver : 392
PrivateFrameworks/AudioSession : 927
PrivateFrameworks/AudioTransportCommon : 3763
PrivateFrameworks/AutoBugCaptureCore : 2213
PrivateFrameworks/AutoLoop : 6169
PrivateFrameworks/BackBoardServices : 95
PrivateFrameworks/BackgroundTaskManagement : 272
PrivateFrameworks/Backup : 29
PrivateFrameworks/BaseBoard : 2056
PrivateFrameworks/BatteryUIKit : 958
PrivateFrameworks/BehaviorMiner : 1105
PrivateFrameworks/BezelServices : 453
PrivateFrameworks/BioKitAggD : 14324
PrivateFrameworks/BiomeFoundation : 65
PrivateFrameworks/BiomePubSub : 65
PrivateFrameworks/BiomeStorage : 65
PrivateFrameworks/BiomeStreams : 65
PrivateFrameworks/BiometricKit : 41
PrivateFrameworks/BiometricKitUI : 29
PrivateFrameworks/BlastDoor : 684
PrivateFrameworks/BluetoothManager : 5
PrivateFrameworks/BoardServices : 2056
PrivateFrameworks/Bom : 1244
PrivateFrameworks/BookCoverUtility : 205
PrivateFrameworks/BookKit : 205
PrivateFrameworks/BookKitFoundation : 205
PrivateFrameworks/BookUtility : 205
PrivateFrameworks/Bootability : 4
PrivateFrameworks/BridgeOSInstall : 756
PrivateFrameworks/BridgeOSInstallReporting : 756
PrivateFrameworks/BridgeOSObliteration : 29
PrivateFrameworks/BridgeOSSoftwareUpdate : 4276
PrivateFrameworks/BridgeXPC : 5401
PrivateFrameworks/BulkSymbolication : 1612
PrivateFrameworks/ByteRangeLocking : 4416
PrivateFrameworks/C2 : 1597
PrivateFrameworks/CPMLBestShim : 5612
PrivateFrameworks/CPMS : 140
PrivateFrameworks/CSCSupport : 54
PrivateFrameworks/CVNLP : 866
PrivateFrameworks/CacheDelete : 12
PrivateFrameworks/CalDAV : 943
PrivateFrameworks/Calculate : 753
PrivateFrameworks/CalendarAgent : 592
PrivateFrameworks/CalendarAgentLink : 739
PrivateFrameworks/CalendarDraw : 844
PrivateFrameworks/CalendarFoundation : 162
PrivateFrameworks/CalendarPersistence : 117
PrivateFrameworks/CalendarUI : 389
PrivateFrameworks/CalendarUIKit : 500
PrivateFrameworks/CalendarWidget : 1530
PrivateFrameworks/CallHistory : 4
PrivateFrameworks/CameraImagingFramework : 6620
PrivateFrameworks/CaptiveNetwork : 657
PrivateFrameworks/CardKit : 10
PrivateFrameworks/CardServices : 10
PrivateFrameworks/Cards : 10
PrivateFrameworks/Catalyst : 5226
PrivateFrameworks/Categories : 2392
PrivateFrameworks/CharacterPicker : 489
PrivateFrameworks/ChronoKit : 9
PrivateFrameworks/ChronoServices : 9
PrivateFrameworks/ChronoUIServices : 4
PrivateFrameworks/ChunkingLibrary : 3617
PrivateFrameworks/ClassKit : 2
PrivateFrameworks/ClassKitUI : 2
PrivateFrameworks/ClassroomKit : 116
PrivateFrameworks/ClockMenuExtraPreferences : 775
PrivateFrameworks/CloudFamilyRestrictions : 992
PrivateFrameworks/CloudFamilyRestrictionsDaemon : 992
PrivateFrameworks/CloudKitDaemon : 39
PrivateFrameworks/Coherence : 6314
PrivateFrameworks/CombineCocoa : 1909
PrivateFrameworks/CommonAuth : 73
PrivateFrameworks/CommonUtilities : 15280
PrivateFrameworks/CommunicationsFilter : 5547
PrivateFrameworks/ConditionInducer : 2291
PrivateFrameworks/ConfigurationEngineModel : 1897
PrivateFrameworks/ConfigurationProfilesUI : 93
PrivateFrameworks/ConsoleKit : 55
PrivateFrameworks/ConstantClasses : 1095
PrivateFrameworks/ContactsAgent : 165
PrivateFrameworks/ContactsAssistantServices : 2180
PrivateFrameworks/ContactsAutocomplete : 126
PrivateFrameworks/ContactsAutocompleteUI : 817
PrivateFrameworks/ContactsDonation : 1057
PrivateFrameworks/ContactsDonationFeedback : 1057
PrivateFrameworks/ContactsFoundation : 1386
PrivateFrameworks/ContactsPersistence : 119
PrivateFrameworks/ContactsUICore : 415
PrivateFrameworks/ContactsUIMacHelper : 2
PrivateFrameworks/ContentKit : 9
PrivateFrameworks/ContextKit : 1208
PrivateFrameworks/ContextKitExtraction : 1174
PrivateFrameworks/ContextualActionsClient : 2
PrivateFrameworks/ControlCenter : 8
PrivateFrameworks/ConversationKit : 296
PrivateFrameworks/CoreADI : 513
PrivateFrameworks/CoreAUC : 53
PrivateFrameworks/CoreAVCHD : 4661
PrivateFrameworks/CoreAnalytics : 81
PrivateFrameworks/CoreAppleCVA : 791
PrivateFrameworks/CoreAutoLayout : 330
PrivateFrameworks/CoreBrightness : 251
PrivateFrameworks/CoreCDP : 200
PrivateFrameworks/CoreCDPInternal : 200
PrivateFrameworks/CoreCDPUI : 200
PrivateFrameworks/CoreCapture : 1894
PrivateFrameworks/CoreCaptureControl : 1894
PrivateFrameworks/CoreCaptureDaemon : 1894
PrivateFrameworks/CoreChart : 1701
PrivateFrameworks/CoreChineseEngine : 47
PrivateFrameworks/CoreDAV : 926
PrivateFrameworks/CoreDaemon : 1296
PrivateFrameworks/CoreEmoji : 721
PrivateFrameworks/CoreFollowUp : 89
PrivateFrameworks/CoreFollowUpUI : 89
PrivateFrameworks/CoreHAP : 4
PrivateFrameworks/CoreHandwriting : 1146
PrivateFrameworks/CoreJapaneseEngine : 603
PrivateFrameworks/CoreKDL : 4343
PrivateFrameworks/CoreKE : 260
PrivateFrameworks/CoreKnowledge : 1982
PrivateFrameworks/CoreLSKD : 374
PrivateFrameworks/CoreLSKDMSE : 1370
PrivateFrameworks/CoreLocationProtobuf : 1235
PrivateFrameworks/CoreMLTestFramework : 376
PrivateFrameworks/CoreMaterial : 135
PrivateFrameworks/CoreNLP : 33
PrivateFrameworks/CoreNameParser : 4780
PrivateFrameworks/CoreNavigation : 274
PrivateFrameworks/CoreOptimization : 5612
PrivateFrameworks/CorePDF : 3200
PrivateFrameworks/CoreParsec : 5
PrivateFrameworks/CorePhoneNumbers : 4
PrivateFrameworks/CorePrediction : 5612
PrivateFrameworks/CoreRC : 1972
PrivateFrameworks/CoreRE : 73
PrivateFrameworks/CoreRecents : 1366
PrivateFrameworks/CoreRecognition : 2412
PrivateFrameworks/CoreRoutine : 395
PrivateFrameworks/CoreSDB : 1424
PrivateFrameworks/CoreSVG : 2336
PrivateFrameworks/CoreServicesInternal : 512
PrivateFrameworks/CoreServicesStore : 27
PrivateFrameworks/CoreSpeech : 133
PrivateFrameworks/CoreSymbolication : 873
PrivateFrameworks/CoreThemeDefinition : 1629
PrivateFrameworks/CoreTime : 553
PrivateFrameworks/CoreUARP : 9
PrivateFrameworks/CoreUI : 117
PrivateFrameworks/CoreUtilsSwift : 9469
PrivateFrameworks/CoreWLANKit : 11
PrivateFrameworks/CoreWiFi : 11
PrivateFrameworks/CrashReporterSupport : 20
PrivateFrameworks/CreateML : 34
PrivateFrameworks/CryptoKitCBridging : 111
PrivateFrameworks/CryptoKitPrivate : 111
PrivateFrameworks/DAAPKit : 65
PrivateFrameworks/DASDaemon : 13
PrivateFrameworks/DCERPC : 1511
PrivateFrameworks/DFRBrightness : 251
PrivateFrameworks/DFRDisplay : 838
PrivateFrameworks/DFRFoundation : 171
PrivateFrameworks/DSExternalDisplay : 1433
PrivateFrameworks/DTXConnectionServices : 131
PrivateFrameworks/DVD : 16126
PrivateFrameworks/DataDeliveryServices : 75
PrivateFrameworks/DataDetectors : 343
PrivateFrameworks/DataDetectorsCore : 2321
PrivateFrameworks/DataDetectorsNaturalLanguage : 3377
PrivateFrameworks/DebugSymbols : 861
PrivateFrameworks/DeviceCheckInternal : 1332
PrivateFrameworks/DeviceIdentity : 42
PrivateFrameworks/DeviceLink : 3219
PrivateFrameworks/DeviceManagement : 1897
PrivateFrameworks/DeviceToDeviceManager : 16448
PrivateFrameworks/DiagnosticExtensions : 2777
PrivateFrameworks/DiagnosticExtensionsDaemon : 210
PrivateFrameworks/DiagnosticLogCollection : 1057
PrivateFrameworks/DiagnosticRequest : 1910
PrivateFrameworks/DiagnosticRequestService : 2213
PrivateFrameworks/DiagnosticsKit : 2114
PrivateFrameworks/DialogEngine : 149
PrivateFrameworks/DifferentialPrivacy : 8
PrivateFrameworks/DigitalTouchShared : 806
PrivateFrameworks/DirectoryEditor : 1414
PrivateFrameworks/DirectoryServer : 12683
PrivateFrameworks/DiskImages : 844
PrivateFrameworks/DiskImages2 : 4954
PrivateFrameworks/DiskManagement : 27
PrivateFrameworks/DiskSpaceDiagnostics : 778
PrivateFrameworks/DisplayServices : 1651
PrivateFrameworks/DisplayTransportServices : 3451
PrivateFrameworks/DistributedEvaluation : 2942
PrivateFrameworks/DocumentCamera : 5905
PrivateFrameworks/DrawingKit : 716
PrivateFrameworks/DuetActivityScheduler : 13
PrivateFrameworks/EAFirmwareUpdater : 9
PrivateFrameworks/EAP8021X : 1304
PrivateFrameworks/EmbeddedAcousticRecognition : 212
PrivateFrameworks/EmbeddedOSInstall : 733
PrivateFrameworks/EmbeddedOSSupportHost : 17
PrivateFrameworks/EmbeddedSensingProtocols : 3219
PrivateFrameworks/EmojiFoundation : 576
PrivateFrameworks/Engram : 1057
PrivateFrameworks/Espresso : 1194
PrivateFrameworks/ExchangeSync : 692
PrivateFrameworks/ExchangeWebServices : 938
PrivateFrameworks/ExpansionSlotSupport : 448
PrivateFrameworks/ExtensionFoundation : 266
PrivateFrameworks/ExtensionKit : 266
PrivateFrameworks/FMClient : 11266
PrivateFrameworks/FMCore : 2302
PrivateFrameworks/FMCoreLite : 2299
PrivateFrameworks/FMCoreUI : 1452
PrivateFrameworks/FMF : 1574
PrivateFrameworks/FMFUI : 1574
PrivateFrameworks/FTAWD : 1057
PrivateFrameworks/FTClientServices : 15
PrivateFrameworks/FTServices : 15
PrivateFrameworks/FWAVC : 38
PrivateFrameworks/FaceCore : 977
PrivateFrameworks/FamilyCircle : 548
PrivateFrameworks/FamilyCircleUI : 548
PrivateFrameworks/FamilyControls : 1039
PrivateFrameworks/FamilyNotification : 548
PrivateFrameworks/FeatureFlags : 1034
PrivateFrameworks/FeatureFlagsSupport : 1034
PrivateFrameworks/FeedbackLogger : 141
PrivateFrameworks/FilesActionsUI : 1835
PrivateFrameworks/FindMyDeviceUI : 1609
PrivateFrameworks/FindMyMac : 513
PrivateFrameworks/FinderSyncPriv : 30
PrivateFrameworks/FlightUtilities : 1312
PrivateFrameworks/FlightUtilitiesCore : 1312
PrivateFrameworks/FlowFrameKit : 4
PrivateFrameworks/FolderActionsKit : 936
PrivateFrameworks/FontServices : 946
PrivateFrameworks/FoundationODR : 4
PrivateFrameworks/FrontBoardServices : 166
PrivateFrameworks/FuseBoard : 326
PrivateFrameworks/FuseBoardServices : 327
PrivateFrameworks/FusionPluginKit : 809
PrivateFrameworks/FusionPluginServices : 809
PrivateFrameworks/Futhark : 2998
PrivateFrameworks/GPUInfo : 91
PrivateFrameworks/GPURawCounter : 18
PrivateFrameworks/GPUSupport : 29
PrivateFrameworks/GPUWrangler : 31
PrivateFrameworks/GameCenterFoundation : 253
PrivateFrameworks/GameCenterUI : 253
PrivateFrameworks/GameCenterUICore : 253
PrivateFrameworks/GenerationalStorage : 3623
PrivateFrameworks/GraphKit : 14570
PrivateFrameworks/GraphVisualizer : 5681
PrivateFrameworks/GraphicsServices : 6158
PrivateFrameworks/H10ISPServices : 466
PrivateFrameworks/H13ISPServices : 19
PrivateFrameworks/HDAInterface : 2342
PrivateFrameworks/HDRProcessing : 251
PrivateFrameworks/HMFoundation : 1000
PrivateFrameworks/HTTPServer : 866
PrivateFrameworks/HearingCore : 28
PrivateFrameworks/HearingUtilities : 28
PrivateFrameworks/HeimODAdmin : 14
PrivateFrameworks/Heimdal : 73
PrivateFrameworks/Helium : 970
PrivateFrameworks/HelloWorldMacHelper : 327
PrivateFrameworks/HelpData : 670
PrivateFrameworks/HomeAI : 340
PrivateFrameworks/HomeAutomationInternal : 4
PrivateFrameworks/HomeKit : 4
PrivateFrameworks/HomeKitBackingStore : 4
PrivateFrameworks/HomeKitCore : 4
PrivateFrameworks/HomeKitDaemon : 4
PrivateFrameworks/IAP : 3253
PrivateFrameworks/IASUtilities : 192
PrivateFrameworks/IDS : 15
PrivateFrameworks/IDSFoundation : 15
PrivateFrameworks/IDSHashPersistence : 86
PrivateFrameworks/IDSKVStore : 86
PrivateFrameworks/IDSSystemPreferencesSignIn : 15
PrivateFrameworks/IMAVCore : 5343
PrivateFrameworks/IMFoundation : 1057
PrivateFrameworks/IMTransferServices : 1057
PrivateFrameworks/IOAccelMemoryInfo : 769
PrivateFrameworks/IOAccelerator : 769
PrivateFrameworks/IOCEC : 25189
PrivateFrameworks/IOGPU : 55
PrivateFrameworks/IOImageLoader : 3338
PrivateFrameworks/IOKitten : 3763
PrivateFrameworks/IOMobileFramebuffer : 3
PrivateFrameworks/IOPlatformPluginFamily : 1844
PrivateFrameworks/IOPresentment : 223
PrivateFrameworks/IOSurfaceAccelerator : 1436
PrivateFrameworks/ISSupport : 12539
PrivateFrameworks/IconFoundation : 115
PrivateFrameworks/IconServices : 115
PrivateFrameworks/IdleTimerServices : 2050
PrivateFrameworks/InAppMessages : 445
PrivateFrameworks/InAppMessagesCore : 1413
PrivateFrameworks/IncomingCallFilter : 5547
PrivateFrameworks/InertiaCam : 743
PrivateFrameworks/InputContext : 2060
PrivateFrameworks/InputTranscoder : 2502
PrivateFrameworks/Install : 530
PrivateFrameworks/InstallerDiagnostics : 3076
PrivateFrameworks/InternalSwiftProtobuf : 1339
PrivateFrameworks/InternationalSupport : 552
PrivateFrameworks/InternationalTextSearch : 2458
PrivateFrameworks/InternetAccounts : 1392
PrivateFrameworks/JavaLaunching : 7
PrivateFrameworks/JavaScriptAppleEvents : 1951
PrivateFrameworks/JavaScriptOSA : 957
PrivateFrameworks/Jet : 791
PrivateFrameworks/JetEngine : 28
PrivateFrameworks/JetUI : 28
PrivateFrameworks/KerberosHelper : 4645
PrivateFrameworks/KeyboardServices : 2362
PrivateFrameworks/KeychainCircle : 10
PrivateFrameworks/KnowledgeGraphKit : 181
PrivateFrameworks/KnowledgeMonitor : 904
PrivateFrameworks/LanguageModeling : 491
PrivateFrameworks/Lexicon : 1151
PrivateFrameworks/LibraryRepair : 3186
PrivateFrameworks/LimitAdTracking : 112
PrivateFrameworks/LinkPresentation : 452
PrivateFrameworks/LocalAuthenticationRecoveryUI : 18
PrivateFrameworks/LocalAuthenticationUI : 18
PrivateFrameworks/LockoutUI : 6869
PrivateFrameworks/LoggingSupport : 92
PrivateFrameworks/LoginUIKit : 1
PrivateFrameworks/Lookup : 353
PrivateFrameworks/MDSChannel : 4300
PrivateFrameworks/MFiAuthentication : 3253
PrivateFrameworks/MMCS : 1597
PrivateFrameworks/MSUDataAccessor : 74
PrivateFrameworks/MTLCompiler : 29
PrivateFrameworks/MTLSimImplementation : 29
PrivateFrameworks/MachineSettings : 7029
PrivateFrameworks/MallocStackLogging : 284
PrivateFrameworks/Mangrove : 2657
PrivateFrameworks/Marco : 1057
PrivateFrameworks/MarkupUI : 716
PrivateFrameworks/MaterialKit : 136
PrivateFrameworks/MediaControlSender : 314
PrivateFrameworks/MediaFoundation : 3
PrivateFrameworks/MediaKit : 1603
PrivateFrameworks/MediaMiningKit : 181
PrivateFrameworks/MediaServices : 9
PrivateFrameworks/Memories : 2837
PrivateFrameworks/MessageProtection : 1469
PrivateFrameworks/MessageSecurity : 1339
PrivateFrameworks/MessagesBlastDoorSupport : 684
PrivateFrameworks/MetalSerializer : 29
PrivateFrameworks/MetalTools : 29
PrivateFrameworks/MetricKitCore : 3229
PrivateFrameworks/MetricKitServices : 3229
PrivateFrameworks/MetricKitSource : 3229
PrivateFrameworks/MetricMeasurement : 3229
PrivateFrameworks/MiniSoftwareUpdate : 842
PrivateFrameworks/MobileAccessoryUpdater : 9
PrivateFrameworks/MobileActivationMacOS : 42
PrivateFrameworks/MobileAsset : 468
PrivateFrameworks/MobileAssetUpdater : 9
PrivateFrameworks/MobileBluetooth : 5
PrivateFrameworks/MobileContainerManager : 30
PrivateFrameworks/MobileDevice : 681
PrivateFrameworks/MobileIcons : 115
PrivateFrameworks/MobileInstallation : 12
PrivateFrameworks/MobileKeyBag : 284
PrivateFrameworks/MobileObliteration : 29
PrivateFrameworks/MobileSoftwareUpdate : 102
PrivateFrameworks/MobileStorage : 245
PrivateFrameworks/MobileStoreDemoCore : 4
PrivateFrameworks/MobileSystemServices : 6716
PrivateFrameworks/MonitorPanel : 79
PrivateFrameworks/Montreal : 935
PrivateFrameworks/MorphunAssetsUpdater : 13
PrivateFrameworks/MorphunSwift : 13
PrivateFrameworks/MultitouchSupport : 345
PrivateFrameworks/MultiverseSupport : 9
PrivateFrameworks/MusicLibrary : 2
PrivateFrameworks/NLP : 985
PrivateFrameworks/NPTKit : 457
PrivateFrameworks/NearField : 45
PrivateFrameworks/NetAppsUtilities : 6625
PrivateFrameworks/NetAuth : 1407
PrivateFrameworks/NetFSServer : 14
PrivateFrameworks/Netrb : 840
PrivateFrameworks/NetworkServiceProxy : 13423
PrivateFrameworks/NetworkStatistics : 4523
PrivateFrameworks/Noticeboard : 1979
PrivateFrameworks/NotificationCenterUI : 14
PrivateFrameworks/OAuth : 26235
PrivateFrameworks/ODML : 112
PrivateFrameworks/OSASubmissionClient : 98
PrivateFrameworks/OSASyncProxyClient : 98
PrivateFrameworks/OSAnalyticsPrivate : 98
PrivateFrameworks/OSD : 4140
PrivateFrameworks/OSInstaller : 35
PrivateFrameworks/OSPersonalization : 2288
PrivateFrameworks/OTSVG : 6
PrivateFrameworks/OctagonTrust : 10
PrivateFrameworks/OfficeImport : 7
PrivateFrameworks/OnBoardingKit : 85
PrivateFrameworks/OpenDirectoryConfig : 15850
PrivateFrameworks/OpenDirectoryConfigUI : 725
PrivateFrameworks/Osprey : 2010
PrivateFrameworks/PDS : 86
PrivateFrameworks/PDSAgent : 86
PrivateFrameworks/PIP : 2799
PrivateFrameworks/PacketFilter : 1469
PrivateFrameworks/ParsecModel : 5
PrivateFrameworks/ParsecSubscriptionServiceSupport : 5
PrivateFrameworks/PassKit : 6
PrivateFrameworks/PassKitCore : 6
PrivateFrameworks/PassKitMacHelper : 6
PrivateFrameworks/PasswordServer : 9673
PrivateFrameworks/PegasusAPI : 5
PrivateFrameworks/PegasusKit : 5
PrivateFrameworks/PencilKit : 324
PrivateFrameworks/PerformanceAnalysis : 1612
PrivateFrameworks/PerformanceTrace : 182
PrivateFrameworks/PersistentConnection : 4706
PrivateFrameworks/PersonaKit : 3045
PrivateFrameworks/PersonaUI : 3045
PrivateFrameworks/PhoneNumberResolver : 697
PrivateFrameworks/PhoneNumbers : 4
PrivateFrameworks/PhotoAnalysis : 181
PrivateFrameworks/PhotoLibrary : 7
PrivateFrameworks/PhotoPrintProduct : 2214
PrivateFrameworks/PhotosGraph : 181
PrivateFrameworks/PhotosUIApps : 181
PrivateFrameworks/PhotosUICore : 7
PrivateFrameworks/PhysicsKit : 1649
PrivateFrameworks/PlacesKit : 7
PrivateFrameworks/PlugInKit : 161
PrivateFrameworks/PodcastServices : 29
PrivateFrameworks/PodcastsFoundation : 178
PrivateFrameworks/PodcastsKit : 100
PrivateFrameworks/PowerUI : 10
PrivateFrameworks/PowerlogFullOperators : 17
PrivateFrameworks/PowerlogHelperdOperators : 17
PrivateFrameworks/PreferencePanesSupport : 554
PrivateFrameworks/PrintKit : 478
PrivateFrameworks/PrintingPrivate : 490
PrivateFrameworks/PrivateFederatedLearning : 3185
PrivateFrameworks/ProVideo : 1376
PrivateFrameworks/ProactiveEventTracker : 547
PrivateFrameworks/ProactiveInputPredictions : 2
PrivateFrameworks/ProactiveInputPredictionsInternals : 2
PrivateFrameworks/ProactiveSupport : 547
PrivateFrameworks/ProactiveSupportStubs : 547
PrivateFrameworks/PromotedContentSupport : 100
PrivateFrameworks/ProofReader : 21
PrivateFrameworks/ProtectedCloudStorage : 489
PrivateFrameworks/ProtocolBuffer : 9
PrivateFrameworks/PrototypeTools : 2888
PrivateFrameworks/PubSub : 4
PrivateFrameworks/QLCharts : 7
PrivateFrameworks/Quagga : 676
PrivateFrameworks/QuickLookSupport : 130
PrivateFrameworks/QuickLookThumbnailing : 130
PrivateFrameworks/QuickLookThumbnailingDaemon : 129
PrivateFrameworks/RTBuddyCrashlogDecoder : 712
PrivateFrameworks/RTCReporting : 34
PrivateFrameworks/RTTUI : 28
PrivateFrameworks/RTTUtilities : 28
PrivateFrameworks/Rapport : 42
PrivateFrameworks/RapportUI : 42
PrivateFrameworks/ReminderKitInternal : 2
PrivateFrameworks/ReminderMigration : 897
PrivateFrameworks/RemindersToolbox : 3180
PrivateFrameworks/RemindersUICore : 3
PrivateFrameworks/RemoteConfiguration : 119
PrivateFrameworks/RemoteCoreML : 5543
PrivateFrameworks/RemoteManagement : 2670
PrivateFrameworks/RemoteServiceDiscovery : 7
PrivateFrameworks/RemoteTextInput : 3853
PrivateFrameworks/RemoteViewServices : 719
PrivateFrameworks/RemoteXPC : 7
PrivateFrameworks/RenderBox : 15
PrivateFrameworks/ReplayKitMacHelper : 2
PrivateFrameworks/ResponseKit : 455
PrivateFrameworks/Restore : 617
PrivateFrameworks/Reveal : 718
PrivateFrameworks/RevealCore : 718
PrivateFrameworks/RunningBoard : 90
PrivateFrameworks/RunningBoardServices : 89
PrivateFrameworks/SAObjects : 238
PrivateFrameworks/SCEP : 968
PrivateFrameworks/SDAPI : 5455
PrivateFrameworks/SMBClient : 51
PrivateFrameworks/SMBClientEngine : 1010
PrivateFrameworks/SPSupport : 50
PrivateFrameworks/SafeEjectGPU : 924
PrivateFrameworks/SampleAnalysis : 1612
PrivateFrameworks/ScoreBoard : 3558
PrivateFrameworks/ScreenSharing : 392
PrivateFrameworks/ScreenTimeCore : 700
PrivateFrameworks/ScreenTimeServiceUI : 215
PrivateFrameworks/ScreenTimeSettingsUI : 540
PrivateFrameworks/ScreenTimeUI : 737
PrivateFrameworks/SearchAds : 112
PrivateFrameworks/SearchFoundation : 5
PrivateFrameworks/SearchUI : 284
PrivateFrameworks/SearchUICardKitProviderSupport : 7
PrivateFrameworks/SecCodeWrapper : 128
PrivateFrameworks/SecureChannel : 2006
PrivateFrameworks/SecurityTokend : 6996
PrivateFrameworks/Seeding : 521
PrivateFrameworks/SemanticDocumentManagement : 4447
PrivateFrameworks/SensingProtocols : 3219
PrivateFrameworks/Sentry : 1884
PrivateFrameworks/ServerCompatibility : 4843
PrivateFrameworks/ServerInformation : 835
PrivateFrameworks/SetupAssistantFramework : 366
PrivateFrameworks/SetupKit : 1
PrivateFrameworks/ShareKit : 28
PrivateFrameworks/SharePointManagement : 277
PrivateFrameworks/SharedWebCredentials : 278
PrivateFrameworks/SharingXPCServices : 4
PrivateFrameworks/ShazamInsights : 468
PrivateFrameworks/ShazamKit : 468
PrivateFrameworks/ShazamKitUI : 468
PrivateFrameworks/Shortcut : 217
PrivateFrameworks/SidecarCore : 639
PrivateFrameworks/SidecarUI : 639
PrivateFrameworks/SignpostCollection : 1873
PrivateFrameworks/SignpostMetrics : 1873
PrivateFrameworks/SignpostNotification : 774
PrivateFrameworks/SignpostSupport : 1873
PrivateFrameworks/SiriAppResolution : 4
PrivateFrameworks/SiriAudioInternal : 32
PrivateFrameworks/SiriAudioSupport : 32
PrivateFrameworks/SiriClientFlow : 1805
PrivateFrameworks/SiriCore : 4
PrivateFrameworks/SiriDailyBriefingInternal : 1177
PrivateFrameworks/SiriDialogEngine : 75
PrivateFrameworks/SiriGeo : 1511
PrivateFrameworks/SiriInference : 142
PrivateFrameworks/SiriInstrumentation : 64
PrivateFrameworks/SiriIntentEvents : 142
PrivateFrameworks/SiriKitFlow : 4
PrivateFrameworks/SiriKitInvocation : 145
PrivateFrameworks/SiriKitRuntime : 4
PrivateFrameworks/SiriOntology : 196
PrivateFrameworks/SiriOntologyProtobuf : 196
PrivateFrameworks/SiriPlaybackControlIntents : 4
PrivateFrameworks/SiriPlaybackControlSupport : 4
PrivateFrameworks/SiriSpeechSynthesis : 285
PrivateFrameworks/SiriTTS : 24
PrivateFrameworks/SiriVOX : 4
PrivateFrameworks/SiriVideoIntents : 3
PrivateFrameworks/Slideshows : 22
PrivateFrameworks/SocialServices : 499
PrivateFrameworks/SoftLinking : 674
PrivateFrameworks/SoftwareUpdateCore : 102
PrivateFrameworks/SoftwareUpdateCoreConnect : 102
PrivateFrameworks/SoftwareUpdateCoreSupport : 102
PrivateFrameworks/SoftwareUpdateMacController : 252
PrivateFrameworks/SpanMatcher : 4
PrivateFrameworks/SpeakerRecognition : 133
PrivateFrameworks/SpeechDictionary : 1584
PrivateFrameworks/SpeechObjects : 414
PrivateFrameworks/SpeechRecognitionCommandServices : 304
PrivateFrameworks/SpeechRecognitionCore : 979
PrivateFrameworks/StorageKit : 1021
PrivateFrameworks/StorageManagement : 661
PrivateFrameworks/StoreKitMacHelper : 7
PrivateFrameworks/StoreKitUIMac : 7
PrivateFrameworks/StoreServices : 14
PrivateFrameworks/StreamingZip : 629
PrivateFrameworks/Suggestions : 796
PrivateFrameworks/Symbolication : 284
PrivateFrameworks/SymptomDiagnosticReporter : 1910
PrivateFrameworks/SymptomReporter : 323
PrivateFrameworks/Symptoms : 323
PrivateFrameworks/SyncServicesUI : 718
PrivateFrameworks/SyncedDefaults : 29
PrivateFrameworks/SystemAdministrationInterface : 1204
PrivateFrameworks/SystemDesktopAppearance : 164
PrivateFrameworks/SystemUIPlugin : 1250
PrivateFrameworks/TCC : 16
PrivateFrameworks/TTYUtilities : 6077
PrivateFrameworks/TVRemoteCore : 1117
PrivateFrameworks/TelephonyUtilities : 4
PrivateFrameworks/TemplateKit : 274
PrivateFrameworks/TextInput : 131
PrivateFrameworks/TextInputCore : 131
PrivateFrameworks/TextRecognition : 2406
PrivateFrameworks/TextToSpeech : 102
PrivateFrameworks/TextureIO : 12174
PrivateFrameworks/TimeMachine : 62
PrivateFrameworks/TimeSync : 2606
PrivateFrameworks/Timeline : 1543
PrivateFrameworks/ToneKit : 141
PrivateFrameworks/ToneLibrary : 141
PrivateFrameworks/Tourist : 19
PrivateFrameworks/Translation : 3
PrivateFrameworks/Transparency : 498
PrivateFrameworks/TransparencyDetailsViewMac : 112
PrivateFrameworks/Trial : 229
PrivateFrameworks/TrialProto : 229
PrivateFrameworks/TrialServer : 229
PrivateFrameworks/TrustEvaluationAgent : 1701
PrivateFrameworks/TrustedPeers : 10
PrivateFrameworks/TuriCore : 371
PrivateFrameworks/UARPiCloud : 9
PrivateFrameworks/UAUPlugin : 1963
PrivateFrameworks/UIKitSystemAppServices : 327
PrivateFrameworks/UIRecording : 2775
PrivateFrameworks/URLFormatting : 444
PrivateFrameworks/USDKit : 234
PrivateFrameworks/Uninstall : 130
PrivateFrameworks/UniversalAccess : 636
PrivateFrameworks/UsageTracking : 2491
PrivateFrameworks/UserActivity : 519
PrivateFrameworks/UserManagement : 1907
PrivateFrameworks/VCXMPP : 1971
PrivateFrameworks/VFX : 2635
PrivateFrameworks/VFXBase : 2635
PrivateFrameworks/VideoProcessing : 1
PrivateFrameworks/VideoSubscriberAccountUI : 95
PrivateFrameworks/ViewBridge : 168
PrivateFrameworks/VirtualGarage : 1
PrivateFrameworks/VisionKit : 5437
PrivateFrameworks/VisualPairing : 3200
PrivateFrameworks/VisualTestKit : 3069
PrivateFrameworks/VoiceShortcutClient : 9
PrivateFrameworks/VoiceShortcuts : 9
PrivateFrameworks/VoiceTrigger : 22
PrivateFrameworks/WPDaemon : 2563
PrivateFrameworks/WatchdogClient : 505
PrivateFrameworks/WeatherFoundation : 306
PrivateFrameworks/WeatherKit : 944
PrivateFrameworks/WebContentAnalysis : 2828
PrivateFrameworks/WebFilterDNS : 2828
PrivateFrameworks/WiFiAnalytics : 12
PrivateFrameworks/WiFiCloudSyncEngine : 342
PrivateFrameworks/WiFiPeerToPeer : 622
PrivateFrameworks/WiFiPolicy : 905
PrivateFrameworks/WiFiVelocity : 2
PrivateFrameworks/WildDevices : 758
PrivateFrameworks/WirelessCoexManager : 2
PrivateFrameworks/WirelessDiagnostics : 12166
PrivateFrameworks/WirelessProximity : 2563
PrivateFrameworks/WorkflowKit : 9
PrivateFrameworks/WorkflowUIServices : 6
PrivateFrameworks/XARTRecovery : 10
PrivateFrameworks/XCTAutomationSupport : 562
PrivateFrameworks/XCTTargetBootstrap : 562
PrivateFrameworks/XGBoostFramework : 662
PrivateFrameworks/XQuery : 6218
PrivateFrameworks/XprotectFramework : 14
PrivateFrameworks/ZhuGeSupport : 2190
PrivateFrameworks/acfs : 379
PrivateFrameworks/acfsSupport : 7
PrivateFrameworks/iAdCore : 636
PrivateFrameworks/iAdServices : 636
PrivateFrameworks/iCalendar : 796
PrivateFrameworks/iCloudNotification : 2395
PrivateFrameworks/iLifeMediaBrowser : 1000
PrivateFrameworks/iPod : 1232
PrivateFrameworks/iPodSync : 3823
PrivateFrameworks/iPodUpdater : 3399
PrivateFrameworks/iTunesCloud : 1
PrivateFrameworks/iWorkXPC : 3537
PrivateFrameworks/kperf : 1643
PrivateFrameworks/kperfdata : 1643
PrivateFrameworks/ktrace : 175
PrivateFrameworks/login : 531
PrivateFrameworks/nt : 138
PrivateFrameworks/oncrpc : 2284
PrivateFrameworks/perfdata : 2295
PrivateFrameworks/vCard : 119
PrivateFrameworks/yara : 1723
CoreServices/AddressBookUrlForwarder : 2452.4
CoreServices/Bluetooth Setup Assistant : 8.0.3d9
CoreServices/BluetoothUIServer : 8.0.3d9
CoreServices/Dwell Control : 326.1
CoreServices/OBEXAgent : 8.0.3d9
CoreServices/Siri : 201.3.3
CoreServices/Software Update : 1417.80.8
CoreServices/TextInputMenuAgent : 267.1.2
CoreServices/TextInputSwitcher : 267.1.2
CoreServices/VoiceOver : 767.1.5
Frameworks/ARKit : 65
Frameworks/AVKit : 58
Frameworks/AddressBook : 759
Frameworks/AddressBookUI : 975
Frameworks/AssetsLibrary : 63
Frameworks/BusinessChat : 56
Frameworks/CarPlay : 10
Frameworks/ClockKit : 1
Frameworks/ContactsUI : 146
Frameworks/CoreAudioKit : 112
Frameworks/EventKitUI : 542
Frameworks/GLKit : 956
Frameworks/GameKit : 256
Frameworks/GameplayKit : 782
Frameworks/HealthKit : 4
Frameworks/HealthKitUI : 4
Frameworks/LinkPresentation : 213
Frameworks/MapKit : 12
Frameworks/MetalKit : 1349
Frameworks/MobileCoreServices : 50
Frameworks/MultipeerConnectivity : 533
Frameworks/NewsstandKit : 2721
Frameworks/OpenAL : 1140
Frameworks/OpenGLES : 28
Frameworks/PassKit : 6
Frameworks/PencilKit : 223
Frameworks/PhotosUI : 63
Frameworks/QuickLook : 15
Frameworks/RealityKit : 200
Frameworks/ReplayKit : 2
Frameworks/SceneKit : 435
Frameworks/ScreenTime : 218
Frameworks/Social : 507
Frameworks/SpriteKit : 440
Frameworks/SwiftUI : 2
Frameworks/Twitter : 1644
Frameworks/UserNotificationsUI : 539
Frameworks/VisionKit : 2744
Frameworks/WatchConnectivity : 2266
Frameworks/WatchKit : 3636
Frameworks/WidgetKit : 4
Frameworks/_AVKit_SwiftUI : 63
Frameworks/_MapKit_SwiftUI : 13
Frameworks/_SceneKit_SwiftUI : 975
Frameworks/_SpriteKit_SwiftUI : 755
Frameworks/iAd : 636
PrivateFrameworks/AVKitMacHelper : 58
PrivateFrameworks/ActionKit : 5
PrivateFrameworks/ActivityRingsUI : 2564
PrivateFrameworks/AdPlatformsCommonUI : 100
PrivateFrameworks/AddressBookLegacy : 2805
PrivateFrameworks/AnnotationKit : 700
PrivateFrameworks/AppSupportUI : 1262
PrivateFrameworks/AvatarKit : 332
PrivateFrameworks/AvatarUI : 293
PrivateFrameworks/BaseBoardUI : 1776
PrivateFrameworks/CalendarUIKit : 479
PrivateFrameworks/ChronoKit : 4
PrivateFrameworks/ClassroomKit : 115
PrivateFrameworks/ContactsAutocompleteUI : 526
PrivateFrameworks/ContentKit : 5
PrivateFrameworks/CoreChart : 501
PrivateFrameworks/CorePDF : 897
PrivateFrameworks/CoreRecognition : 1552
PrivateFrameworks/CryptoTokenKitExtensionSDK : 7
PrivateFrameworks/DocumentCamera : 2625
PrivateFrameworks/DocumentManager : 173
PrivateFrameworks/DocumentManagerCore : 173
PrivateFrameworks/EmojiKit : 984
PrivateFrameworks/FMCoreUI : 733
PrivateFrameworks/FMFUI : 311
PrivateFrameworks/FrontBoard : 175
PrivateFrameworks/GameCenterUI : 153
PrivateFrameworks/HealthDaemon : 4
PrivateFrameworks/HelpKit : 1812
PrivateFrameworks/HomeRecommendationEngine : 4
PrivateFrameworks/InAppMessages : 438
PrivateFrameworks/JITAppKit : 1559
PrivateFrameworks/Jet : 472
PrivateFrameworks/ManagedConfiguration : 665
PrivateFrameworks/MarkupUI : 700
PrivateFrameworks/MobileTimer : 580
PrivateFrameworks/MobileTimerUI : 580
PrivateFrameworks/NanoRegistry : 1353
PrivateFrameworks/NetAppsUtilitiesUI : 6625
PrivateFrameworks/NewsAppKit : 5
PrivateFrameworks/OnBoardingKit : 27
PrivateFrameworks/PencilKit : 223
PrivateFrameworks/PersonaUI : 1026
PrivateFrameworks/PhotoLibrary : 63
PrivateFrameworks/PhotosPlayer : 63
PrivateFrameworks/PhotosUICore : 63
PrivateFrameworks/PodcastsUI : 110
PrivateFrameworks/PromotedContent : 210
PrivateFrameworks/PromotedContentProxy : 100
PrivateFrameworks/PromotedContentUI : 210
PrivateFrameworks/QuickLookThumbnailingExtension : 130
PrivateFrameworks/RTTUI : 10
PrivateFrameworks/ScreenTimeUI : 256
PrivateFrameworks/SearchToShareCore : 914
PrivateFrameworks/Stocks : 3068
PrivateFrameworks/TSReading : 1029
PrivateFrameworks/TSUtility : 1029
PrivateFrameworks/TextInputUI : 164
PrivateFrameworks/TouchML : 1783
PrivateFrameworks/TransparencyDetailsView : 112
PrivateFrameworks/UserNotificationsExtensionPoint : 8
PrivateFrameworks/VisualPairing : 1700
PrivateFrameworks/VoiceMemos : 90
PrivateFrameworks/VoiceShortcutClient : 5
PrivateFrameworks/VoiceShortcuts : 5
PrivateFrameworks/Weather : 299
PrivateFrameworks/WeatherCharts : 299
PrivateFrameworks/WorkflowEditor : 6
PrivateFrameworks/WorkflowKit : 5
PrivateFrameworks/WorkflowUICore : 6
PrivateFrameworks/WorkflowUIServices : 5
