Applications/GitHub Desktop : 2.6.3
Applications/Google Chrome : 4324.192
Applications/Image2Icon : 890
Applications/Safari : 16611.1.14.1.2
Utilities/Feedback Assistant : 457.1
Applications/App Store : 1005.5.16
Applications/Books : 2216
Applications/Calendar : 2811.4.4
Applications/Contacts : 2452.5
Applications/FindMy : 199.0.2
Applications/Home : 472.5.42.0.1
Applications/Mail : 3654.80.0.2.32
Applications/Maps : 2608.24.10.20.21
Applications/News : 2742
Applications/Notes : 1847
Applications/Photos : 340.0.180
Applications/Podcasts : 1552.1.2
Applications/Preview : 1018.6.1
Applications/Reminders : 2265
Applications/Stocks : 751
Utilities/Activity Monitor : 1091
Utilities/Bluetooth File Exchange : 8.0.4d7
Utilities/VoiceOver Utility : 767.10.1
Frameworks/AGL : 2394
Frameworks/AVFAudio : 22
Frameworks/AVFoundation : 80
Frameworks/AVKit : 105
Frameworks/Accelerate : 250
Frameworks/Accessibility : 58
Frameworks/Accounts : 39
Frameworks/AdServices : 7
Frameworks/AddressBook : 11
Frameworks/AppleScriptKit : 2110
Frameworks/AppleScriptObjC : 168
Frameworks/ApplicationServices : 4802
Frameworks/AudioVideoBridging : 184
Frameworks/AutomaticAssessmentConfiguration : 132
Frameworks/Automator : 809
Frameworks/CFNetwork : 23
Frameworks/CalendarStore : 1021
Frameworks/Carbon : 6299
Frameworks/ClassKit : 10
Frameworks/CloudKit : 168
Frameworks/Cocoa : 18260
Frameworks/Collaboration : 1390
Frameworks/ColorSync : 98
Frameworks/Combine : 61
Frameworks/Contacts : 19
Frameworks/ContactsUI : 11
Frameworks/CoreAudio : 48
Frameworks/CoreAudioKit : 42
Frameworks/CoreBluetooth : 108
Frameworks/CoreDisplay : 13
Frameworks/CoreFoundation : 23
Frameworks/CoreHaptics : 2268
Frameworks/CoreImage : 13
Frameworks/CoreMIDI : 94
Frameworks/CoreMIDIServer : 94
Frameworks/CoreML : 55
Frameworks/CoreMediaIO : 82
Frameworks/CoreServices : 20
Frameworks/CoreTelephony : 15
Frameworks/CoreText : 52
Frameworks/CoreVideo : 23
Frameworks/CryptoKit : 28
Frameworks/CryptoTokenKit : 238
Frameworks/DVDPlayback : 352
Frameworks/DeveloperToolsSupport : 1946
Frameworks/DeviceCheck : 37
Frameworks/DirectoryService : 699
Frameworks/DiscRecording : 100
Frameworks/DiscRecordingUI : 100
Frameworks/DiskArbitration : 5
Frameworks/DriverKit : 825
Frameworks/EventKit : 319
Frameworks/ExceptionHandling : 1603
Frameworks/ExternalAccessory : 41
Frameworks/FWAUserLib : 301
Frameworks/FileProviderUI : 2329
Frameworks/ForceFeedback : 5635
Frameworks/Foundation : 23
Frameworks/GLKit : 4239
Frameworks/GLUT : 1528
Frameworks/GSS : 23
Frameworks/GameKit : 119
Frameworks/GameplayKit : 2730
Frameworks/Hypervisor : 119
Frameworks/ICADevices : 52
Frameworks/IOKit : 58
Frameworks/IOSurface : 6
Frameworks/IOUSBHost : 163
Frameworks/ImageCaptureCore : 52
Frameworks/InputMethodKit : 118
Frameworks/InstallerPlugins : 212
Frameworks/InstantMessage : 12853
Frameworks/Intents : 65
Frameworks/JavaNativeFoundation : 1386
Frameworks/JavaRuntimeSupport : 290
Frameworks/JavaVM : 1274
Frameworks/Kerberos : 1373
Frameworks/Kernel : 76
Frameworks/KernelManagement : 12
Frameworks/LDAP : 7
Frameworks/LatentSemanticMapping : 53
Frameworks/LinkPresentation : 18
Frameworks/LocalAuthentication : 1
Frameworks/MLCompute : 33
Frameworks/MapKit : 6
Frameworks/MediaAccessibility : 3200
Frameworks/MediaLibrary : 1186
Frameworks/Message : 14417
Frameworks/MetalKit : 6373
Frameworks/MetalPerformanceShadersGraph : 5
Frameworks/MetricKit : 1012
Frameworks/MultipeerConnectivity : 1891
Frameworks/NaturalLanguage : 2324
Frameworks/NearbyInteraction : 18
Frameworks/NetworkExtension : 185
Frameworks/NetworkingDriverKit : 184
Frameworks/NotificationCenter : 15
Frameworks/OSAKit : 1350
Frameworks/OSLog : 47
Frameworks/OpenAL : 801
Frameworks/OpenCL : 1162
Frameworks/OpenDirectory : 699
Frameworks/PCIDriverKit : 123
Frameworks/PCSC : 16
Frameworks/PDFKit : 19
Frameworks/ParavirtualizedGraphics : 39
Frameworks/PassKit : 49
Frameworks/PencilKit : 8
Frameworks/Photos : 24
Frameworks/PreferencePanes : 79
Frameworks/PushKit : 3915
Frameworks/QTKit : 3503
Frameworks/Quartz : 2373
Frameworks/QuartzCore : 43
Frameworks/QuickLook : 42
Frameworks/QuickLookThumbnailing : 25
Frameworks/ReplayKit : 87
Frameworks/Ruby : 26
Frameworks/SceneKit : 36
Frameworks/ScreenSaver : 86
Frameworks/ScreenTime : 13
Frameworks/ScriptingBridge : 1635
Frameworks/Security : 46
Frameworks/SecurityFoundation : 1819
Frameworks/SecurityInterface : 942
Frameworks/SensorKit : 9
Frameworks/ServiceManagement : 47
Frameworks/Social : 548
Frameworks/SoundAnalysis : 25
Frameworks/Speech : 36
Frameworks/SpriteKit : 2520
Frameworks/StoreKit : 48
Frameworks/SyncServices : 888
Frameworks/System : 5203
Frameworks/SystemConfiguration : 1589
Frameworks/TWAIN : 1695
Frameworks/Tcl : 18
Frameworks/Tk : 18
Frameworks/USBDriverKit : 163
Frameworks/UniformTypeIdentifiers : 1
Frameworks/UserNotifications : 19
Frameworks/UserNotificationsUI : 5
Frameworks/VideoDecodeAcceleration : 6941
Frameworks/VideoSubscriberAccount : 39
Frameworks/Vision : 35
Frameworks/_MapKit_SwiftUI : 17
Frameworks/_QuickLook_SwiftUI : 112
Frameworks/_SceneKit_SwiftUI : 140
Frameworks/_SpriteKit_SwiftUI : 4763
Frameworks/_StoreKit_SwiftUI : 170
Frameworks/vecLib : 250
Frameworks/vmnet : 175
PrivateFrameworks/AACCore : 66
PrivateFrameworks/ACDEClient : 1124
PrivateFrameworks/AFKUser : 140
PrivateFrameworks/AGXCompilerCore : 13
PrivateFrameworks/AGXGPURawCounter : 13
PrivateFrameworks/ANECompiler : 994
PrivateFrameworks/ANEHostCompiler : 973
PrivateFrameworks/ANEServices : 78
PrivateFrameworks/AOSAccounts : 2899
PrivateFrameworks/AOSAccountsLite : 2899
PrivateFrameworks/AOSKit : 691
PrivateFrameworks/AOSUI : 1061
PrivateFrameworks/APFS : 36
PrivateFrameworks/APTransport : 58
PrivateFrameworks/ASEProcessing : 1913
PrivateFrameworks/ASOctaneSupport : 54
PrivateFrameworks/AVConference : 111
PrivateFrameworks/AVFCapture : 23
PrivateFrameworks/AVFCore : 76
PrivateFrameworks/AXAssetLoader : 33
PrivateFrameworks/AXHearingCoreSupport : 6255
PrivateFrameworks/AXHearingSupport : 6255
PrivateFrameworks/AXMediaUtilities : 658
PrivateFrameworks/AccessibilityPerformance : 36
PrivateFrameworks/AccessibilityPlatformTranslation : 58
PrivateFrameworks/AccessibilitySharedSupport : 58
PrivateFrameworks/AccessibilitySupport : 36
PrivateFrameworks/AccountPolicy : 636
PrivateFrameworks/AccountsDaemon : 39
PrivateFrameworks/AccountsUI : 1000
PrivateFrameworks/AdAnalytics : 49
PrivateFrameworks/AdCore : 9
PrivateFrameworks/AdID : 9
PrivateFrameworks/AdPlatforms : 9
PrivateFrameworks/AdPlatformsCommon : 7
PrivateFrameworks/AdPlatformsInternal : 9
PrivateFrameworks/AddressBookAutocomplete : 11
PrivateFrameworks/AddressBookCore : 11
PrivateFrameworks/Admin : 55
PrivateFrameworks/AggregateDictionary : 1265
PrivateFrameworks/AggregateDictionaryHistory : 1265
PrivateFrameworks/AirPlaySupport : 58
PrivateFrameworks/AlgosScoreFramework : 206
PrivateFrameworks/AmbientDisplay : 901
PrivateFrameworks/AnnotationKit : 467
PrivateFrameworks/AppAttestInternal : 37
PrivateFrameworks/AppServerSupport : 47
PrivateFrameworks/AppStoreComponents : 43
PrivateFrameworks/AppStoreDaemon : 33
PrivateFrameworks/AppStoreFoundation : 33
PrivateFrameworks/AppStoreKit : 82
PrivateFrameworks/AppStoreUI : 20
PrivateFrameworks/AppSupport : 753
PrivateFrameworks/AppSupportUI : 5677
PrivateFrameworks/AppleAccount : 39
PrivateFrameworks/AppleAppSupport : 2373
PrivateFrameworks/AppleCVA : 33
PrivateFrameworks/AppleFSCompression : 13546
PrivateFrameworks/AppleHIDTransportSupport : 2563
PrivateFrameworks/AppleIDAuthSupport : 3621
PrivateFrameworks/AppleIDSSOAuthentication : 3410
PrivateFrameworks/AppleJPEG : 528
PrivateFrameworks/AppleLDAP : 4025
PrivateFrameworks/AppleLOM : 14
PrivateFrameworks/AppleMediaServices : 53
PrivateFrameworks/AppleMediaServicesUI : 33
PrivateFrameworks/AppleMediaServicesUIDynamic : 87
PrivateFrameworks/AppleNVMe : 199
PrivateFrameworks/AppleNeuralEngine : 849
PrivateFrameworks/ApplePDPHelper : 19049
PrivateFrameworks/ApplePushService : 63
PrivateFrameworks/AppleSRP : 1256
PrivateFrameworks/AppleSauce : 1134
PrivateFrameworks/AppleScript : 843
PrivateFrameworks/AppleServiceToolkit : 59
PrivateFrameworks/AppleShareClientCore : 1289
PrivateFrameworks/AppleSystemInfo : 631
PrivateFrameworks/AppleVA : 1091
PrivateFrameworks/AppleVPA : 265
PrivateFrameworks/AskPermission : 215
PrivateFrameworks/AssertionServices : 58
PrivateFrameworks/AssetCacheServices : 40
PrivateFrameworks/AssetCacheServicesExtensions : 40
PrivateFrameworks/AssetViewer : 10
PrivateFrameworks/AssetsLibraryServices : 24
PrivateFrameworks/AssistiveControlSupport : 52
PrivateFrameworks/AttributeGraph : 2930
PrivateFrameworks/AudioAnalytics : 92
PrivateFrameworks/AudioDSPManager : 669
PrivateFrameworks/AudioHistory : 669
PrivateFrameworks/AudioPasscode : 1285
PrivateFrameworks/AudioResourceArbitration : 758
PrivateFrameworks/AudioServerApplication : 300
PrivateFrameworks/AudioServerDriver : 300
PrivateFrameworks/AudioSession : 16
PrivateFrameworks/AudioTransportCommon : 4467
PrivateFrameworks/AuthKit : 18
PrivateFrameworks/AuthKitUI : 18
PrivateFrameworks/AuthenticationServicesCore : 1
PrivateFrameworks/AutoLoop : 7066
PrivateFrameworks/BackBoardServices : 84
PrivateFrameworks/BackgroundTaskManagement : 306
PrivateFrameworks/BaseBoard : 2270
PrivateFrameworks/BatteryUIKit : 1128
PrivateFrameworks/BehaviorMiner : 25
PrivateFrameworks/BezelServices : 149
PrivateFrameworks/BioKitAggD : 14931
PrivateFrameworks/BiomeFoundation : 19
PrivateFrameworks/BiomePubSub : 19
PrivateFrameworks/BiomeStorage : 19
PrivateFrameworks/BiomeStreams : 19
PrivateFrameworks/BiometricKit : 49
PrivateFrameworks/BiometricSupport : 34
PrivateFrameworks/BlastDoor : 50
PrivateFrameworks/BluetoothManager : 108
PrivateFrameworks/BoardServices : 2270
PrivateFrameworks/Bom : 673
PrivateFrameworks/BookCoverUtility : 6
PrivateFrameworks/BookKit : 6
PrivateFrameworks/BookKitFoundation : 6
PrivateFrameworks/BookUtility : 6
PrivateFrameworks/Bootability : 59
PrivateFrameworks/BridgeOSInstall : 793
PrivateFrameworks/BridgeOSInstallReporting : 793
PrivateFrameworks/BridgeOSObliteration : 105
PrivateFrameworks/BridgeOSSoftwareUpdate : 4874
PrivateFrameworks/BridgeXPC : 97
PrivateFrameworks/BulkSymbolication : 24
PrivateFrameworks/ByteRangeLocking : 4577
PrivateFrameworks/C2 : 432
PrivateFrameworks/CDDataAccess : 18
PrivateFrameworks/CDDataAccessExpress : 18
PrivateFrameworks/CMCapture : 23
PrivateFrameworks/CMCaptureCore : 23
PrivateFrameworks/CMImaging : 23
PrivateFrameworks/CPAnalytics : 24
PrivateFrameworks/CPMLBestShim : 526
PrivateFrameworks/CPMS : 80
PrivateFrameworks/CSCSupport : 91
PrivateFrameworks/CVNLP : 36
PrivateFrameworks/CacheDelete : 47
PrivateFrameworks/CalDAV : 1110
PrivateFrameworks/Calculate : 786
PrivateFrameworks/CalendarAgent : 764
PrivateFrameworks/CalendarAgentLink : 772
PrivateFrameworks/CalendarDraw : 4
PrivateFrameworks/CalendarFoundation : 206
PrivateFrameworks/CalendarNotification : 169
PrivateFrameworks/CalendarUI : 12
PrivateFrameworks/CalendarUIKit : 4
PrivateFrameworks/CalendarWidget : 1689
PrivateFrameworks/CameraImagingFramework : 6782
PrivateFrameworks/CaptiveNetwork : 691
PrivateFrameworks/CardKit : 15
PrivateFrameworks/CardServices : 15
PrivateFrameworks/Cards : 15
PrivateFrameworks/Catalyst : 48
PrivateFrameworks/Categories : 3156
PrivateFrameworks/ChunkingLibrary : 4376
PrivateFrameworks/ClassKitUI : 10
PrivateFrameworks/ClassroomKit : 42
PrivateFrameworks/ClockMenuExtraPreferences : 936
PrivateFrameworks/CloudFamilyRestrictions : 1161
PrivateFrameworks/CloudFamilyRestrictionsDaemon : 1161
PrivateFrameworks/CloudKitCode : 432
PrivateFrameworks/CloudKitCodeProtobuf : 432
PrivateFrameworks/CloudKitDaemon : 173
PrivateFrameworks/CloudPhotoLibrary : 24
PrivateFrameworks/CloudPhotoServices : 24
PrivateFrameworks/CloudPhotoServicesConfiguration : 24
PrivateFrameworks/CloudServices : 19
PrivateFrameworks/Coherence : 6557
PrivateFrameworks/CombineCocoa : 61
PrivateFrameworks/CommerceKit : 20
PrivateFrameworks/CommonAuth : 23
PrivateFrameworks/CommonUtilities : 18295
PrivateFrameworks/CommunicationsFilter : 20
PrivateFrameworks/ConditionInducer : 2461
PrivateFrameworks/ConfigProfileHelper : 120
PrivateFrameworks/ConfigurationEngineModel : 32
PrivateFrameworks/ConfigurationProfiles : 120
PrivateFrameworks/ConsoleKit : 90
PrivateFrameworks/ConstantClasses : 1256
PrivateFrameworks/ContactsAgent : 198
PrivateFrameworks/ContactsAssistantServices : 3022
PrivateFrameworks/ContactsAutocomplete : 9
PrivateFrameworks/ContactsAutocompleteUI : 9
PrivateFrameworks/ContactsDonation : 1314
PrivateFrameworks/ContactsDonationFeedback : 1314
PrivateFrameworks/ContactsFoundation : 9
PrivateFrameworks/ContactsUIMacHelper : 11
PrivateFrameworks/ContextKit : 31
PrivateFrameworks/ContextKitExtraction : 29
PrivateFrameworks/ContextualActionsClient : 15
PrivateFrameworks/ControlCenter : 172
PrivateFrameworks/ConversationKit : 7
PrivateFrameworks/CoreADI : 679
PrivateFrameworks/CoreAUC : 188
PrivateFrameworks/CoreAVCHD : 4821
PrivateFrameworks/CoreAnalytics : 97
PrivateFrameworks/CoreAppleCVA : 917
PrivateFrameworks/CoreAutoLayout : 490
PrivateFrameworks/CoreBrightness : 257
PrivateFrameworks/CoreCDP : 607
PrivateFrameworks/CoreCDPInternal : 607
PrivateFrameworks/CoreCDPUI : 607
PrivateFrameworks/CoreCapture : 16
PrivateFrameworks/CoreCaptureControl : 16
PrivateFrameworks/CoreCaptureDaemon : 16
PrivateFrameworks/CoreChart : 2448
PrivateFrameworks/CoreChineseEngine : 59
PrivateFrameworks/CoreDAV : 1028
PrivateFrameworks/CoreDaemon : 1461
PrivateFrameworks/CoreDuet : 153
PrivateFrameworks/CoreDuetContext : 153
PrivateFrameworks/CoreDuetDaemonProtocol : 153
PrivateFrameworks/CoreDuetDataModel : 153
PrivateFrameworks/CoreDuetDebugLogging : 153
PrivateFrameworks/CoreDuetStatistics : 153
PrivateFrameworks/CoreDuetSync : 153
PrivateFrameworks/CoreEmbeddedSpeechRecognition : 1
PrivateFrameworks/CoreEmoji : 56
PrivateFrameworks/CoreHandwriting : 14
PrivateFrameworks/CoreJapaneseEngine : 20
PrivateFrameworks/CoreKDL : 4499
PrivateFrameworks/CoreKnowledge : 23
PrivateFrameworks/CoreLSKD : 6
PrivateFrameworks/CoreLSKDMSE : 1529
PrivateFrameworks/CoreLocationProtobuf : 909
PrivateFrameworks/CoreMLTestFramework : 35
PrivateFrameworks/CoreMaterial : 126
PrivateFrameworks/CoreMediaStream : 24
PrivateFrameworks/CoreNLP : 122
PrivateFrameworks/CoreNameParser : 5585
PrivateFrameworks/CoreNavigation : 84
PrivateFrameworks/CoreOptimization : 526
PrivateFrameworks/CorePDF : 3463
PrivateFrameworks/CoreParsec : 67
PrivateFrameworks/CorePrediction : 526
PrivateFrameworks/CoreRC : 14
PrivateFrameworks/CoreRE : 10
PrivateFrameworks/CoreRecents : 9
PrivateFrameworks/CoreRoutine : 225
PrivateFrameworks/CoreSDB : 1653
PrivateFrameworks/CoreSVG : 2773
PrivateFrameworks/CoreServicesInternal : 9
PrivateFrameworks/CoreSpeechFoundation : 1
PrivateFrameworks/CoreSymbolication : 99
PrivateFrameworks/CoreThemeDefinition : 14
PrivateFrameworks/CoreTime : 80
PrivateFrameworks/CoreUI : 31
PrivateFrameworks/CoreUtils : 91
PrivateFrameworks/CoreUtilsSwift : 96
PrivateFrameworks/CoreUtilsUI : 101
PrivateFrameworks/CrashReporterSupport : 70
PrivateFrameworks/CreateML : 174
PrivateFrameworks/CryptoKitCBridging : 28
PrivateFrameworks/CryptoKitPrivate : 28
PrivateFrameworks/DAAPKit : 7
PrivateFrameworks/DCERPC : 70
PrivateFrameworks/DCIMServices : 24
PrivateFrameworks/DFRBrightness : 257
PrivateFrameworks/DFRDisplay : 905
PrivateFrameworks/DFRFoundation : 341
PrivateFrameworks/DSExternalDisplay : 1602
PrivateFrameworks/DTXConnectionServices : 48
PrivateFrameworks/DVD : 16289
PrivateFrameworks/DataDeliveryServices : 55
PrivateFrameworks/DataDetectors : 406
PrivateFrameworks/DataDetectorsCore : 2543
PrivateFrameworks/DataDetectorsNaturalLanguage : 3907
PrivateFrameworks/DebugSymbols : 1045
PrivateFrameworks/DeviceCheckInternal : 37
PrivateFrameworks/DeviceIdentity : 99
PrivateFrameworks/DeviceLink : 3987
PrivateFrameworks/DeviceManagement : 32
PrivateFrameworks/DeviceToDeviceManager : 17238
PrivateFrameworks/DiagnosticExtensions : 9
PrivateFrameworks/DiagnosticExtensionsDaemon : 247
PrivateFrameworks/DiagnosticLogCollection : 1133
PrivateFrameworks/DiagnosticRequest : 246
PrivateFrameworks/DiagnosticRequestService : 271
PrivateFrameworks/DiagnosticsKit : 2395
PrivateFrameworks/DifferentialPrivacy : 40
PrivateFrameworks/DigitalTouchShared : 849
PrivateFrameworks/DirectoryEditor : 1583
PrivateFrameworks/DirectoryServer : 12843
PrivateFrameworks/DiskImages : 132
PrivateFrameworks/DiskImages2 : 5163
PrivateFrameworks/DiskManagement : 20
PrivateFrameworks/DiskSpaceDiagnostics : 1715
PrivateFrameworks/DisplayServices : 1826
PrivateFrameworks/DisplayTransportServices : 3616
PrivateFrameworks/DistributedEvaluation : 64
PrivateFrameworks/DocumentCamera : 6392
PrivateFrameworks/DrawingKit : 467
PrivateFrameworks/DuetRecommendation : 153
PrivateFrameworks/DynamicDesktop : 10
PrivateFrameworks/EAP8021X : 172
PrivateFrameworks/EFILogin : 77
PrivateFrameworks/EasyConfig : 91
PrivateFrameworks/EmbeddedAcousticRecognition : 145
PrivateFrameworks/EmbeddedOSInstall : 824
PrivateFrameworks/EmbeddedOSSupportHost : 14
PrivateFrameworks/EmbeddedSensingProtocols : 4009
PrivateFrameworks/EmojiFoundation : 16
PrivateFrameworks/Engram : 1133
PrivateFrameworks/Espresso : 188
PrivateFrameworks/ExpansionSlotSupport : 482
PrivateFrameworks/ExtensionFoundation : 299
PrivateFrameworks/ExtensionKit : 299
PrivateFrameworks/FMClient : 13081
PrivateFrameworks/FMCore : 3005
PrivateFrameworks/FMCoreLite : 2991
PrivateFrameworks/FMCoreUI : 1959
PrivateFrameworks/FMF : 3703
PrivateFrameworks/FMFCore : 103
PrivateFrameworks/FMFUI : 3703
PrivateFrameworks/FMIPCore : 103
PrivateFrameworks/FTAWD : 1133
PrivateFrameworks/FTClientServices : 16
PrivateFrameworks/FTServices : 16
PrivateFrameworks/FWAVC : 82
PrivateFrameworks/FaceCore : 1141
PrivateFrameworks/FamilyCircle : 48
PrivateFrameworks/FamilyCircleUI : 48
PrivateFrameworks/FamilyControls : 1215
PrivateFrameworks/FamilyNotification : 48
PrivateFrameworks/FeatureFlags : 1435
PrivateFrameworks/FeatureFlagsSupport : 1435
PrivateFrameworks/FeedbackLogger : 198
PrivateFrameworks/FilesActionsUI : 2329
PrivateFrameworks/FindMyDevice : 19
PrivateFrameworks/FindMyDeviceUI : 1905
PrivateFrameworks/FindMyMac : 674
PrivateFrameworks/FlightUtilities : 1805
PrivateFrameworks/FlightUtilitiesCore : 1805
PrivateFrameworks/FlowFrameKit : 37
PrivateFrameworks/FolderActionsKit : 1109
PrivateFrameworks/FontServices : 1113
PrivateFrameworks/FoundationODR : 33
PrivateFrameworks/FuseBoardServices : 21
PrivateFrameworks/FusionPluginKit : 980
PrivateFrameworks/FusionPluginServices : 980
PrivateFrameworks/Futhark : 3601
PrivateFrameworks/GPUInfo : 2
PrivateFrameworks/GPURawCounter : 173
PrivateFrameworks/GameCenterFoundation : 119
PrivateFrameworks/GameCenterUI : 119
PrivateFrameworks/GameCenterUICore : 119
PrivateFrameworks/GameKitServices : 111
PrivateFrameworks/GenerationalStorage : 629
PrivateFrameworks/GeoKit : 87
PrivateFrameworks/Geode : 24
PrivateFrameworks/GraphKit : 14732
PrivateFrameworks/GraphVisualizer : 5841
PrivateFrameworks/GraphicsServices : 6362
PrivateFrameworks/H10ISPServices : 104
PrivateFrameworks/HDAInterface : 2510
PrivateFrameworks/HID : 45
PrivateFrameworks/HTTPServer : 279
PrivateFrameworks/HearingCore : 36
PrivateFrameworks/HearingUtilities : 36
PrivateFrameworks/Heimdal : 23
PrivateFrameworks/Helium : 1006
PrivateFrameworks/HelloWorldMacHelper : 21
PrivateFrameworks/HelpData : 8
PrivateFrameworks/HomeAI : 101
PrivateFrameworks/HomeAutomationInternal : 604
PrivateFrameworks/HomeKitCore : 2
PrivateFrameworks/HomeKitEventRouter : 2
PrivateFrameworks/IAP : 511
PrivateFrameworks/IDS : 16
PrivateFrameworks/IDSFoundation : 16
PrivateFrameworks/IDSHashPersistence : 69
PrivateFrameworks/IDSKVStore : 69
PrivateFrameworks/IDSSystemPreferencesSignIn : 16
PrivateFrameworks/IMAVCore : 6073
PrivateFrameworks/IMCorePipeline : 27
PrivateFrameworks/IMFoundation : 1133
PrivateFrameworks/IMSharedUI : 27
PrivateFrameworks/IMTransferServices : 1133
PrivateFrameworks/IOCEC : 26514
PrivateFrameworks/IOGPU : 213
PrivateFrameworks/IOImageLoader : 522
PrivateFrameworks/IOKitten : 4467
PrivateFrameworks/IOPlatformPluginFamily : 195
PrivateFrameworks/IOPresentment : 13
PrivateFrameworks/IOSurfaceAccelerator : 1487
PrivateFrameworks/ISSupport : 12701
PrivateFrameworks/IconFoundation : 5
PrivateFrameworks/IdleTimerServices : 1638
PrivateFrameworks/InAppMessages : 10
PrivateFrameworks/InAppMessagesCore : 67
PrivateFrameworks/IncomingCallFilter : 20
PrivateFrameworks/InertiaCam : 837
PrivateFrameworks/InputContext : 2233
PrivateFrameworks/InputTranscoder : 2670
PrivateFrameworks/Install : 102
PrivateFrameworks/InstallCoordination : 40
PrivateFrameworks/InstallerDiagnostics : 3243
PrivateFrameworks/IntentsCore : 65
PrivateFrameworks/IntentsFoundation : 65
PrivateFrameworks/IntentsServices : 65
PrivateFrameworks/InternalSwiftProtobuf : 1379
PrivateFrameworks/InternationalSupport : 57
PrivateFrameworks/InternationalTextSearch : 2926
PrivateFrameworks/InternetAccounts : 1567
PrivateFrameworks/IntlPreferences : 75
PrivateFrameworks/JavaLaunching : 50
PrivateFrameworks/JavaScriptAppleEvents : 2521
PrivateFrameworks/JavaScriptOSA : 1118
PrivateFrameworks/Jet : 2399
PrivateFrameworks/KerberosHelper : 5
PrivateFrameworks/KeyboardServices : 2848
PrivateFrameworks/KeychainCircle : 46
PrivateFrameworks/KnowledgeGraphKit : 149
PrivateFrameworks/KnowledgeMonitor : 234
PrivateFrameworks/LanguageModeling : 306
PrivateFrameworks/Lexicon : 1323
PrivateFrameworks/LibraryRepair : 3347
PrivateFrameworks/LimitAdTracking : 9
PrivateFrameworks/LinguisticData : 254
PrivateFrameworks/LinkPresentation : 18
PrivateFrameworks/LocalAuthenticationUI : 1
PrivateFrameworks/LockoutUI : 7359
PrivateFrameworks/LoggingSupport : 47
PrivateFrameworks/Lookup : 387
PrivateFrameworks/MDSChannel : 83
PrivateFrameworks/MFAAuthentication : 1
PrivateFrameworks/MFiAuthentication : 511
PrivateFrameworks/MSUDataAccessor : 158
PrivateFrameworks/MachineSettings : 7190
PrivateFrameworks/MallocStackLogging : 36
PrivateFrameworks/ManagedClient : 120
PrivateFrameworks/Mangrove : 2816
PrivateFrameworks/MapsSync : 16
PrivateFrameworks/Marco : 1133
PrivateFrameworks/MarkupUI : 467
PrivateFrameworks/MaterialKit : 128
PrivateFrameworks/MediaControlSender : 58
PrivateFrameworks/MediaConversionService : 24
PrivateFrameworks/MediaFoundation : 27
PrivateFrameworks/MediaKit : 1811
PrivateFrameworks/MediaMiningKit : 149
PrivateFrameworks/MediaRemote : 30
PrivateFrameworks/MediaServices : 6
PrivateFrameworks/MediaStream : 24
PrivateFrameworks/MessageProtection : 481
PrivateFrameworks/MessageSecurity : 1479
PrivateFrameworks/MessagesBlastDoorSupport : 50
PrivateFrameworks/MessagesHelperKit : 27
PrivateFrameworks/MessagesKit : 27
PrivateFrameworks/MetricKitCore : 1012
PrivateFrameworks/MetricKitServices : 1012
PrivateFrameworks/MetricKitSource : 1012
PrivateFrameworks/MetricMeasurement : 1012
PrivateFrameworks/MiniSoftwareUpdate : 1033
PrivateFrameworks/MobileActivationMacOS : 99
PrivateFrameworks/MobileBluetooth : 108
PrivateFrameworks/MobileContainerManager : 72
PrivateFrameworks/MobileDevice : 372
PrivateFrameworks/MobileInstallation : 45
PrivateFrameworks/MobileKeyBag : 24
PrivateFrameworks/MobileObliteration : 105
PrivateFrameworks/MobileSoftwareUpdate : 154
PrivateFrameworks/MobileStorage : 472
PrivateFrameworks/MobileStoreDemoCore : 39
PrivateFrameworks/MobileSystemServices : 7504
PrivateFrameworks/Mondrian : 24
PrivateFrameworks/MonitorPanel : 114
PrivateFrameworks/Montreal : 970
PrivateFrameworks/MorphunSwift : 138
PrivateFrameworks/MultitouchSupport : 100
PrivateFrameworks/NLP : 56
PrivateFrameworks/NPTKit : 637
PrivateFrameworks/Navigation : 6
PrivateFrameworks/NearField : 15
PrivateFrameworks/NetAppsUtilities : 7337
PrivateFrameworks/NetAuth : 1570
PrivateFrameworks/Netrb : 556
PrivateFrameworks/NetworkServiceProxy : 13832
PrivateFrameworks/NetworkStatistics : 5466
PrivateFrameworks/NeutrinoCore : 24
PrivateFrameworks/NeutrinoKit : 24
PrivateFrameworks/NewDeviceOutreach : 5
PrivateFrameworks/NewDeviceOutreachMacUI : 35
PrivateFrameworks/Noticeboard : 98
PrivateFrameworks/NotificationCenterUI : 15
PrivateFrameworks/OAuth : 27014
PrivateFrameworks/ODML : 9
PrivateFrameworks/OSD : 4173
PrivateFrameworks/OSInstaller : 122
PrivateFrameworks/OSPersonalization : 241
PrivateFrameworks/OSUpdate : 53
PrivateFrameworks/OTSVG : 52
PrivateFrameworks/OctagonTrust : 46
PrivateFrameworks/OfficeImport : 356
PrivateFrameworks/Ogma : 899
PrivateFrameworks/OpenDirectoryConfig : 16050
PrivateFrameworks/OpenDirectoryConfigUI : 896
PrivateFrameworks/Osprey : 3516
PrivateFrameworks/PAImaging : 24
PrivateFrameworks/PAImagingCore : 24
PrivateFrameworks/PDS : 69
PrivateFrameworks/PDSAgent : 69
PrivateFrameworks/PIP : 2967
PrivateFrameworks/PSNormalizer : 1209
PrivateFrameworks/PackageKit : 5
PrivateFrameworks/PacketFilter : 177
PrivateFrameworks/ParsecModel : 67
PrivateFrameworks/ParsecSubscriptionServiceSupport : 67
PrivateFrameworks/PassKit : 49
PrivateFrameworks/PassKitMacHelper : 17
PrivateFrameworks/PassKitUI : 4
PrivateFrameworks/PassKitUIFoundation : 20
PrivateFrameworks/PasswordServer : 9833
PrivateFrameworks/PegasusAPI : 67
PrivateFrameworks/PegasusKit : 67
PrivateFrameworks/PencilKit : 8
PrivateFrameworks/PeopleSuggester : 153
PrivateFrameworks/PerformanceAnalysis : 24
PrivateFrameworks/PerformanceTrace : 97
PrivateFrameworks/PersistentConnection : 4923
PrivateFrameworks/PersonaKit : 9
PrivateFrameworks/PersonaUI : 9
PrivateFrameworks/PhoneNumberResolver : 50
PrivateFrameworks/PhotoAnalysis : 149
PrivateFrameworks/PhotoFoundation : 24
PrivateFrameworks/PhotoImaging : 24
PrivateFrameworks/PhotoLibraryServices : 24
PrivateFrameworks/PhotoPrintProduct : 2819
PrivateFrameworks/PhotoVision : 24
PrivateFrameworks/PhotosFormats : 24
PrivateFrameworks/PhotosGraph : 149
PrivateFrameworks/PhotosImagingFoundation : 24
PrivateFrameworks/PhotosPlayer : 24
PrivateFrameworks/PhotosUIApps : 149
PrivateFrameworks/PhysicsKit : 1904
PrivateFrameworks/PlugInKit : 40
PrivateFrameworks/PodcastsFoundation : 2
PrivateFrameworks/PodcastsKit : 2
PrivateFrameworks/PowerLog : 29
PrivateFrameworks/PowerUI : 22
PrivateFrameworks/PowerlogFullOperators : 30
PrivateFrameworks/PowerlogHelperdOperators : 30
PrivateFrameworks/PowerlogLiteOperators : 30
PrivateFrameworks/PreferencePanesSupport : 3
PrivateFrameworks/PrintKit : 589
PrivateFrameworks/PrintingPrivate : 660
PrivateFrameworks/PrivateFederatedLearning : 115
PrivateFrameworks/ProVideo : 1423
PrivateFrameworks/ProactiveEventTracker : 15
PrivateFrameworks/ProactiveSupport : 15
PrivateFrameworks/ProactiveSupportStubs : 15
PrivateFrameworks/PromotedContentSupport : 7
PrivateFrameworks/ProofReader : 115
PrivateFrameworks/ProtectedCloudStorage : 19
PrivateFrameworks/ProtocolBuffer : 118
PrivateFrameworks/PrototypeTools : 3055
PrivateFrameworks/QLCharts : 356
PrivateFrameworks/Quagga : 709
PrivateFrameworks/QuickLookIosmac : 42
PrivateFrameworks/QuickLookNonBaseSystem : 42
PrivateFrameworks/QuickLookSupport : 25
PrivateFrameworks/QuickLookThumbnailing : 25
PrivateFrameworks/QuickLookThumbnailingDaemon : 24
PrivateFrameworks/QuickLookUIIosmac : 42
PrivateFrameworks/RTBuddyCrashlogDecoder : 31
PrivateFrameworks/RTCReporting : 164
PrivateFrameworks/RTTUI : 36
PrivateFrameworks/RTTUtilities : 36
PrivateFrameworks/Rapport : 1
PrivateFrameworks/RapportUI : 1
PrivateFrameworks/RecapPerformanceTesting : 20
PrivateFrameworks/ReminderKit : 18
PrivateFrameworks/ReminderKitInternal : 78
PrivateFrameworks/ReminderKitUI : 18
PrivateFrameworks/ReminderMigration : 1068
PrivateFrameworks/RemindersToolbox : 3608
PrivateFrameworks/RemindersUICore : 105
PrivateFrameworks/RemoteConfiguration : 124
PrivateFrameworks/RemoteCoreML : 6230
PrivateFrameworks/RemoteManagement : 2831
PrivateFrameworks/RemoteServiceDiscovery : 50
PrivateFrameworks/RemoteTextInput : 4020
PrivateFrameworks/RemoteViewServices : 882
PrivateFrameworks/RemoteXPC : 47
PrivateFrameworks/RenderBox : 186
PrivateFrameworks/ResponseKit : 182
PrivateFrameworks/Restore : 795
PrivateFrameworks/Reveal : 751
PrivateFrameworks/RevealCore : 751
PrivateFrameworks/RunningBoardServices : 58
PrivateFrameworks/SAObjects : 36
PrivateFrameworks/SCEP : 1067
PrivateFrameworks/SDAPI : 6144
PrivateFrameworks/SMBClient : 5
PrivateFrameworks/SMBClientEngine : 1122
PrivateFrameworks/SPSupport : 215
PrivateFrameworks/SampleAnalysis : 24
PrivateFrameworks/ScoreBoard : 4028
PrivateFrameworks/ScreenSharing : 20
PrivateFrameworks/ScreenTimeServiceUI : 4
PrivateFrameworks/SearchAds : 9
PrivateFrameworks/SearchFoundation : 67
PrivateFrameworks/SearchUI : 139
PrivateFrameworks/SearchUICardKitProviderSupport : 11
PrivateFrameworks/SecureChannel : 2171
PrivateFrameworks/SecurityTokend : 7279
PrivateFrameworks/Seeding : 12
PrivateFrameworks/SemanticDocumentManagement : 4617
PrivateFrameworks/SensingProtocols : 4009
PrivateFrameworks/Sentry : 2345
PrivateFrameworks/ServerCompatibility : 5010
PrivateFrameworks/ServerInformation : 996
PrivateFrameworks/SetupAssistantFramework : 41
PrivateFrameworks/SetupKit : 69
PrivateFrameworks/ShareKit : 5
PrivateFrameworks/SharePointManagement : 316
PrivateFrameworks/ShareServicesCore : 24
PrivateFrameworks/SharedWebCredentials : 19
PrivateFrameworks/Sharing : 19
PrivateFrameworks/SharingXPCServices : 19
PrivateFrameworks/ShazamInsights : 51
PrivateFrameworks/ShazamKit : 51
PrivateFrameworks/ShazamKitUI : 51
PrivateFrameworks/Shortcut : 386
PrivateFrameworks/ShoveService : 5
PrivateFrameworks/SidecarCore : 296
PrivateFrameworks/SidecarUI : 296
PrivateFrameworks/SignpostCollection : 76
PrivateFrameworks/SignpostMetrics : 76
PrivateFrameworks/SignpostNotification : 8
PrivateFrameworks/SignpostSupport : 76
PrivateFrameworks/SiriAnalytics : 1
PrivateFrameworks/SiriAppResolution : 37
PrivateFrameworks/SiriAudioInternal : 51
PrivateFrameworks/SiriAudioSupport : 51
PrivateFrameworks/SiriClientFlow : 2549
PrivateFrameworks/SiriContactsIntents : 26
PrivateFrameworks/SiriDailyBriefingInternal : 224
PrivateFrameworks/SiriDialogEngine : 160
PrivateFrameworks/SiriExperiments : 521
PrivateFrameworks/SiriFindMy : 13
PrivateFrameworks/SiriFoundation : 18
PrivateFrameworks/SiriGeo : 74
PrivateFrameworks/SiriInference : 521
PrivateFrameworks/SiriIntentEvents : 521
PrivateFrameworks/SiriKitFlow : 37
PrivateFrameworks/SiriKitInvocation : 53
PrivateFrameworks/SiriKitRuntime : 37
PrivateFrameworks/SiriOntology : 321
PrivateFrameworks/SiriOntologyProtobuf : 321
PrivateFrameworks/SiriPlaybackControlIntents : 996
PrivateFrameworks/SiriPlaybackControlSupport : 996
PrivateFrameworks/SiriSignals : 521
PrivateFrameworks/SiriSpeechSynthesis : 36
PrivateFrameworks/SiriUI : 18
PrivateFrameworks/SiriVideoIntents : 141
PrivateFrameworks/Slideshows : 181
PrivateFrameworks/SocialAppsCore : 27
PrivateFrameworks/SocialServices : 533
PrivateFrameworks/SocialUI : 27
PrivateFrameworks/SoftLinking : 1118
PrivateFrameworks/SoftwareUpdate : 53
PrivateFrameworks/SoftwareUpdateCore : 154
PrivateFrameworks/SoftwareUpdateCoreConnect : 154
PrivateFrameworks/SoftwareUpdateCoreSupport : 154
PrivateFrameworks/SoftwareUpdateMacController : 52
PrivateFrameworks/SpeechDictionary : 1749
PrivateFrameworks/SpeechObjects : 9
PrivateFrameworks/SpeechRecognitionCommandServices : 58
PrivateFrameworks/SpeechRecognitionCore : 9
PrivateFrameworks/StorageKit : 1080
PrivateFrameworks/StorageManagement : 833
PrivateFrameworks/StoreFoundation : 20
PrivateFrameworks/StoreJavaScript : 20
PrivateFrameworks/StoreKitMacHelper : 12
PrivateFrameworks/StoreKitUIMac : 12
PrivateFrameworks/StoreServices : 198
PrivateFrameworks/StoreUI : 20
PrivateFrameworks/StreamingZip : 79
PrivateFrameworks/Suggestions : 1237
PrivateFrameworks/Symbolication : 36
PrivateFrameworks/SymptomDiagnosticReporter : 246
PrivateFrameworks/SymptomReporter : 206
PrivateFrameworks/Symptoms : 206
PrivateFrameworks/SyncServicesUI : 888
PrivateFrameworks/SyncedDefaults : 555
PrivateFrameworks/SystemAdministration : 55
PrivateFrameworks/SystemAdministrationInterface : 1244
PrivateFrameworks/SystemDesktopAppearance : 362
PrivateFrameworks/SystemUIPlugin : 1411
PrivateFrameworks/TTSAsset : 10
PrivateFrameworks/TTYUtilities : 6255
PrivateFrameworks/TVRemoteCore : 18
PrivateFrameworks/TelephonyUtilities : 35
PrivateFrameworks/TemplateKit : 132
PrivateFrameworks/TextInput : 19
PrivateFrameworks/TextInputCore : 19
PrivateFrameworks/TextInputMenuUI : 26
PrivateFrameworks/TextRecognition : 112
PrivateFrameworks/TextToSpeech : 38
PrivateFrameworks/TextureIO : 12857
PrivateFrameworks/Timeline : 26
PrivateFrameworks/ToneKit : 26
PrivateFrameworks/ToneLibrary : 26
PrivateFrameworks/Tourist : 190
PrivateFrameworks/Translation : 11
PrivateFrameworks/Transparency : 58
PrivateFrameworks/TransparencyDetailsViewMac : 9
PrivateFrameworks/Trial : 83
PrivateFrameworks/TrialProto : 83
PrivateFrameworks/TrialServer : 83
PrivateFrameworks/TrustEvaluationAgent : 1736
PrivateFrameworks/TrustedPeers : 46
PrivateFrameworks/UARPUpdaterService : 92
PrivateFrameworks/UAUPlugin : 2127
PrivateFrameworks/UIFoundation : 147
PrivateFrameworks/UIKitSystemAppServices : 21
PrivateFrameworks/UIRecording : 2937
PrivateFrameworks/URLFormatting : 18
PrivateFrameworks/USDKit : 358
PrivateFrameworks/UXKit : 24
PrivateFrameworks/Uninstall : 296
PrivateFrameworks/UniversalAccess : 876
PrivateFrameworks/UsageTracking : 2792
PrivateFrameworks/UserActivity : 160
PrivateFrameworks/UserManagement : 2080
PrivateFrameworks/VCXMPP : 2178
PrivateFrameworks/VFX : 2827
PrivateFrameworks/VFXBase : 2827
PrivateFrameworks/VectorKit : 15
PrivateFrameworks/VideoProcessing : 23
PrivateFrameworks/VideoSubscriberAccountUI : 39
PrivateFrameworks/ViewBridge : 21
PrivateFrameworks/VirtualGarage : 6
PrivateFrameworks/VisionKit : 5564
PrivateFrameworks/VisualPairing : 50
PrivateFrameworks/VisualTestKit : 3235
PrivateFrameworks/WPDaemon : 182
PrivateFrameworks/WatchdogClient : 43
PrivateFrameworks/WeatherFoundation : 322
PrivateFrameworks/WeatherKit : 982
PrivateFrameworks/WebContentAnalysis : 3100
PrivateFrameworks/WebFilterDNS : 3100
PrivateFrameworks/WiFiAnalytics : 7
PrivateFrameworks/WiFiCloudSyncEngine : 144
PrivateFrameworks/WiFiPeerToPeer : 149
PrivateFrameworks/WiFiPolicy : 297
PrivateFrameworks/WiFiVelocity : 25
PrivateFrameworks/WildDevices : 924
PrivateFrameworks/WirelessDiagnostics : 4435
PrivateFrameworks/WirelessProximity : 182
PrivateFrameworks/WorkflowUIServices : 70
PrivateFrameworks/XARTRecovery : 537
PrivateFrameworks/XCTAutomationSupport : 739
PrivateFrameworks/XCTTargetBootstrap : 739
PrivateFrameworks/XGBoostFramework : 55
PrivateFrameworks/XQuery : 6378
PrivateFrameworks/XprotectFramework : 4
PrivateFrameworks/ZhuGeSupport : 2390
PrivateFrameworks/_RealityKit_Ogma : 935
PrivateFrameworks/_SceneKit_Ogma : 896
PrivateFrameworks/acfs : 412
PrivateFrameworks/acfsSupport : 35
PrivateFrameworks/apfs_boot_mount : 36
PrivateFrameworks/caulk : 2743
PrivateFrameworks/iAdCore : 49
PrivateFrameworks/iAdServices : 49
PrivateFrameworks/iCalendar : 962
PrivateFrameworks/iCloudNotification : 2468
PrivateFrameworks/iLifeMediaBrowser : 1186
PrivateFrameworks/iPod : 1394
PrivateFrameworks/iPodSync : 4005
PrivateFrameworks/iPodUpdater : 3559
PrivateFrameworks/iPodVoiceOver : 167
PrivateFrameworks/iWorkXPC : 226
PrivateFrameworks/kperf : 1086
PrivateFrameworks/kperfdata : 1086
PrivateFrameworks/ktrace : 125
PrivateFrameworks/login : 699
PrivateFrameworks/nt : 5
PrivateFrameworks/oncrpc : 1058
PrivateFrameworks/perfdata : 2551
PrivateFrameworks/yara : 1826
CoreServices/AddressBookUrlForwarder : 2452.5
CoreServices/AirPlayUIAgent : 540.23
CoreServices/Bluetooth Setup Assistant : 8.0.4d7
CoreServices/BluetoothUIServer : 8.0.4d7
CoreServices/ClimateProxy : 1741
CoreServices/CoreLocationAgent : 2420.16.16
CoreServices/CoreServicesUIAgent : 358.6
CoreServices/DiskImageMounter : 595.100.4
CoreServices/Dock : 2092.40.9
CoreServices/Finder : 1350.4.5
CoreServices/Install in Progress : 1036
CoreServices/Installer Progress : 594.100.4
CoreServices/JavaLauncher : 319
CoreServices/Keychain Circle Notification : 59754.100.97
CoreServices/Language Chooser : 633
CoreServices/NotificationCenter : 1108.40.4
CoreServices/OBEXAgent : 8.0.4d7
CoreServices/Paired Devices : 240.14.1
CoreServices/RapportUIAgent : 240.14.1
CoreServices/Screen Time : 497.4.2
CoreServices/Setup Assistant : 3309
CoreServices/Siri : 201.4.5
CoreServices/Software Update : 1418.100.18
CoreServices/SpacesTouchBarAgent : 2092.40.9
CoreServices/Spotlight : 2150.11
CoreServices/UserNotificationCenter : 64.102
CoreServices/VoiceOver : 767.10.1
CoreServices/WidgetKit Simulator : 1108.40.4
CoreServices/loginwindow : 2024.4.1
Applications/Archive Utility : 139
Applications/Directory Utility : 431
Applications/Feedback Assistant : 457.1
Frameworks/ARKit : 98
Frameworks/AVKit : 103
Frameworks/AddressBook : 796
Frameworks/AddressBookUI : 1156
Frameworks/AppClip : 8
Frameworks/AssetsLibrary : 36
Frameworks/CarPlay : 14
Frameworks/CoreAudioKit : 13
Frameworks/EventKitUI : 94
Frameworks/GLKit : 1123
Frameworks/GameKit : 53
Frameworks/GameplayKit : 947
Frameworks/HealthKit : 26
Frameworks/HealthKitUI : 26
Frameworks/IntentsUI : 13
Frameworks/LinkPresentation : 4
Frameworks/MetalKit : 1394
Frameworks/MultipeerConnectivity : 712
Frameworks/NetworkExtensioniOSSupport : 33
Frameworks/NewsstandKit : 3186
Frameworks/OpenAL : 1299
Frameworks/OpenGLES : 8
Frameworks/PassKit : 17
Frameworks/PencilKit : 4
Frameworks/PhotosUI : 36
Frameworks/QuickLook : 12
Frameworks/Social : 544
Frameworks/SpriteKit : 565
Frameworks/StoreKit : 12
Frameworks/SwiftUI : 28
Frameworks/Twitter : 1807
Frameworks/UserNotificationsUI : 19
Frameworks/VisionKit : 2788
Frameworks/WatchConnectivity : 2882
Frameworks/WatchKit : 3840
Frameworks/_AVKit_SwiftUI : 193
Frameworks/_SceneKit_SwiftUI : 37
Frameworks/_SpriteKit_SwiftUI : 1701
Frameworks/iAd : 49
PrivateFrameworks/AVKitMacHelper : 103
PrivateFrameworks/AccessibilityUI : 5
PrivateFrameworks/AccessibilityUIService : 5
PrivateFrameworks/AccessibilityUIShared : 5
PrivateFrameworks/AccessibilityUIUtilities : 5
PrivateFrameworks/ActionKit : 44
PrivateFrameworks/ActionKitUI : 81
PrivateFrameworks/ActivityRingsUI : 2990
PrivateFrameworks/AdPlatformsCommonUI : 7
PrivateFrameworks/AddressBookLegacy : 2979
PrivateFrameworks/AnnotationKit : 315
PrivateFrameworks/AppAnalytics : 21
PrivateFrameworks/AppSupportUI : 1403
PrivateFrameworks/AppleMediaServicesUI : 9
PrivateFrameworks/AppleMediaServicesUIDynamic : 27
PrivateFrameworks/AuthKitUI : 4
PrivateFrameworks/AuthKitUIMacHelper : 4
PrivateFrameworks/AvatarKit : 4
PrivateFrameworks/AvatarUI : 8
PrivateFrameworks/BaseBoardUI : 1955
PrivateFrameworks/CalendarUIKit : 4
PrivateFrameworks/ClassroomKitExtensionPoint : 42
PrivateFrameworks/ContactsAutocompleteUI : 9
PrivateFrameworks/ContentKit : 44
PrivateFrameworks/CoreChart : 667
PrivateFrameworks/CorePDF : 933
PrivateFrameworks/CoreRecognition : 71
PrivateFrameworks/CoreSpotlightCatalystExtensionSupport : 5
PrivateFrameworks/CryptoTokenKitExtensionSDK : 238
PrivateFrameworks/DataDetectorsUI : 20
PrivateFrameworks/DocumentCamera : 2859
PrivateFrameworks/EmojiKit : 1150
PrivateFrameworks/FMCoreUI : 908
PrivateFrameworks/FMFUI : 692
PrivateFrameworks/FrontBoard : 45
PrivateFrameworks/FuseBoard : 24
PrivateFrameworks/GameCenterUI : 51
PrivateFrameworks/HealthDaemon : 26
PrivateFrameworks/HelpKit : 1988
PrivateFrameworks/InAppMessages : 10
PrivateFrameworks/IntlPreferences : 20
PrivateFrameworks/JITAppKit : 86
PrivateFrameworks/Jet : 547
PrivateFrameworks/JetUI : 21
PrivateFrameworks/ManagedConfiguration : 699
PrivateFrameworks/MarkupUI : 315
PrivateFrameworks/MobileSafari : 1
PrivateFrameworks/MobileTimer : 15
PrivateFrameworks/MobileTimerUI : 15
PrivateFrameworks/NanoRegistry : 1517
PrivateFrameworks/NetAppsUtilitiesUI : 7337
PrivateFrameworks/NewsAds : 64
PrivateFrameworks/NewsAnalytics : 64
PrivateFrameworks/NewsAppKit : 64
PrivateFrameworks/NewsArticles : 64
PrivateFrameworks/NewsFeed : 64
PrivateFrameworks/NewsPersonalization : 64
PrivateFrameworks/NewsSubscription : 64
PrivateFrameworks/NewsUI2 : 64
PrivateFrameworks/PassKitServices : 22
PrivateFrameworks/PassKitUI : 5
PrivateFrameworks/PencilKit : 4
PrivateFrameworks/PersonaUI : 9
PrivateFrameworks/PhotoLibrary : 36
PrivateFrameworks/PhotosPlayer : 36
PrivateFrameworks/PhotosUICore : 36
PrivateFrameworks/PromotedContent : 50
PrivateFrameworks/PromotedContentProxy : 7
PrivateFrameworks/PromotedContentUI : 50
PrivateFrameworks/QuickLookThumbnailingExtension : 25
PrivateFrameworks/RapportUI : 1
PrivateFrameworks/RecapPerformanceTesting : 7
PrivateFrameworks/SearchToShareCore : 1420
PrivateFrameworks/Stocks : 3691
PrivateFrameworks/TSReading : 63
PrivateFrameworks/TSUtility : 63
PrivateFrameworks/TeaCharts : 48
PrivateFrameworks/TeaDB : 48
PrivateFrameworks/TeaFoundation : 48
PrivateFrameworks/TeaSettings : 48
PrivateFrameworks/TeaSnappy : 48
PrivateFrameworks/TeaTemplate : 48
PrivateFrameworks/TeaUI : 48
PrivateFrameworks/TeaUIKit : 48
PrivateFrameworks/TextInputUI : 26
PrivateFrameworks/TouchML : 86
PrivateFrameworks/TransparencyDetailsView : 9
PrivateFrameworks/UserNotificationsExtensionPoint : 5
PrivateFrameworks/VisualPairing : 20
PrivateFrameworks/VoiceMemos : 45
PrivateFrameworks/VoiceOverServices : 5
PrivateFrameworks/VoiceShortcutClient : 44
PrivateFrameworks/VoiceShortcuts : 44
PrivateFrameworks/Weather : 43
PrivateFrameworks/WeatherCharts : 43
PrivateFrameworks/WorkflowEditor : 81
PrivateFrameworks/WorkflowKit : 44
PrivateFrameworks/WorkflowUI : 81
PrivateFrameworks/WorkflowUICore : 81
PrivateFrameworks/WorkflowUIServices : 43
PrivateFrameworks/XavierCore : 64
PrivateFrameworks/XavierNews : 64
PrivateFrameworks/ZoomServices : 5
