Applications/Epic Games Launcher : 12.0.5
Applications/Gifski : 46
Applications/Google Chrome : 4324.146
Applications/Safari : 16611.1.10.1.5
Applications/Xcode : 17801
Utilities/Feedback Assistant : 456
Applications/App Store : 1005.5.13
Applications/Books : 2211
Applications/Calendar : 2811.4.1
Applications/FindMy : 198.0.2
Applications/Home : 472.5.32.4.2
Applications/Launchpad : 54
Applications/Mail : 3654.80.0.2.10
Applications/Maps : 2608.24.10.20.17
Applications/Mission Control : 54
Applications/Music : 1.1.4
Applications/News : 2732
Applications/Notes : 1838.1
Applications/Photos : 340.0.140
Applications/Podcasts : 1551.1.3
Applications/Preview : 1018.6
Applications/Reminders : 2261
Applications/Siri : 54
Applications/Stocks : 741
Applications/TV : 1.1.4
Applications/Time Machine : 54
Utilities/Activity Monitor : 1090
Utilities/Bluetooth File Exchange : 8.0.4d5
Utilities/Boot Camp Assistant : 6272.100.6
Utilities/Keychain Access : 55281.100.4
Utilities/Migration Assistant : 11.3
Utilities/Screenshot : 54
Utilities/VoiceOver Utility : 767.6
Frameworks/AGL : 2324
Frameworks/AVFAudio : 2
Frameworks/AVFoundation : 59
Frameworks/AVKit : 47
Frameworks/Accelerate : 147
Frameworks/Accessibility : 39
Frameworks/Accounts : 444
Frameworks/AdServices : 11
Frameworks/AppleScriptKit : 2041
Frameworks/AppleScriptObjC : 98
Frameworks/ApplicationServices : 4779
Frameworks/AudioVideoBridging : 113
Frameworks/AutomaticAssessmentConfiguration : 16
Frameworks/Automator : 711
Frameworks/CFNetwork : 44
Frameworks/CalendarStore : 1008
Frameworks/Carbon : 6198
Frameworks/ClassKit : 3
Frameworks/CloudKit : 134
Frameworks/Cocoa : 18104
Frameworks/Collaboration : 1319
Frameworks/ColorSync : 33
Frameworks/Combine : 105
Frameworks/Contacts : 163
Frameworks/ContactsUI : 15
Frameworks/CoreAudio : 221
Frameworks/CoreAudioKit : 17
Frameworks/CoreBluetooth : 54
Frameworks/CoreData : 37
Frameworks/CoreFoundation : 29
Frameworks/CoreGraphics : 74
Frameworks/CoreHaptics : 2207
Frameworks/CoreImage : 681
Frameworks/CoreLocation : 127
Frameworks/CoreMIDI : 29
Frameworks/CoreMIDIServer : 29
Frameworks/CoreML : 2
Frameworks/CoreMedia : 20
Frameworks/CoreMediaIO : 45
Frameworks/CoreMotion : 127
Frameworks/CoreServices : 247
Frameworks/CoreText : 53
Frameworks/CoreVideo : 109
Frameworks/CoreWLAN : 25
Frameworks/CryptoKit : 356
Frameworks/CryptoTokenKit : 138
Frameworks/DVDPlayback : 339
Frameworks/DeveloperToolsSupport : 1383
Frameworks/DeviceCheck : 13
Frameworks/DirectoryService : 683
Frameworks/DiscRecording : 87
Frameworks/DiscRecordingUI : 87
Frameworks/DiskArbitration : 12
Frameworks/DriverKit : 707
Frameworks/EventKit : 296
Frameworks/ExceptionHandling : 1533
Frameworks/ExternalAccessory : 104
Frameworks/FWAUserLib : 229
Frameworks/FileProviderUI : 2107
Frameworks/ForceFeedback : 5566
Frameworks/Foundation : 29
Frameworks/GLKit : 3909
Frameworks/GLUT : 1459
Frameworks/GSS : 27
Frameworks/GameKit : 147
Frameworks/GameplayKit : 2456
Frameworks/Hypervisor : 90
Frameworks/ICADevices : 370
Frameworks/IOKit : 4
Frameworks/IOSurface : 552
Frameworks/IOUSBHost : 94
Frameworks/ImageCaptureCore : 370
Frameworks/InputMethodKit : 101
Frameworks/InstallerPlugins : 116
Frameworks/InstantMessage : 12784
Frameworks/Intents : 66
Frameworks/JavaNativeFoundation : 1316
Frameworks/JavaRuntimeSupport : 219
Frameworks/JavaVM : 1193
Frameworks/Kerberos : 1302
Frameworks/Kernel : 3
Frameworks/LDAP : 30
Frameworks/LatentSemanticMapping : 777
Frameworks/LinkPresentation : 108
Frameworks/LocalAuthentication : 35
Frameworks/MediaAccessibility : 3104
Frameworks/MediaLibrary : 1102
Frameworks/MediaPlayer : 10
Frameworks/MediaToolbox : 20
Frameworks/Message : 14349
Frameworks/Metal : 47
Frameworks/MetalKit : 6357
Frameworks/MetalPerformanceShaders : 43
Frameworks/MetalPerformanceShadersGraph : 26
Frameworks/MetricKit : 932
Frameworks/ModelIO : 116
Frameworks/MultipeerConnectivity : 1628
Frameworks/NaturalLanguage : 2262
Frameworks/NearbyInteraction : 55
Frameworks/NetFS : 52
Frameworks/Network : 12
Frameworks/NetworkExtension : 79
Frameworks/NetworkingDriverKit : 110
Frameworks/NotificationCenter : 84
Frameworks/OSAKit : 1281
Frameworks/OSLog : 102
Frameworks/OpenAL : 732
Frameworks/OpenCL : 1073
Frameworks/OpenDirectory : 683
Frameworks/OpenGL : 50
Frameworks/PCIDriverKit : 335
Frameworks/PCSC : 31
Frameworks/PDFKit : 154
Frameworks/ParavirtualizedGraphics : 76
Frameworks/PassKit : 63
Frameworks/PencilKit : 17
Frameworks/Photos : 95
Frameworks/PhotosUI : 83
Frameworks/PreferencePanes : 13
Frameworks/PushKit : 3823
Frameworks/Python : 42
Frameworks/QTKit : 3421
Frameworks/Quartz : 2255
Frameworks/QuickLook : 180
Frameworks/QuickLookThumbnailing : 4
Frameworks/RealityKit : 348
Frameworks/ReplayKit : 167
Frameworks/Ruby : 766
Frameworks/SceneKit : 110
Frameworks/ScreenTime : 243
Frameworks/ScriptingBridge : 1566
Frameworks/Security : 77
Frameworks/SecurityFoundation : 1716
Frameworks/SecurityInterface : 915
Frameworks/SensorKit : 50
Frameworks/ServiceManagement : 43
Frameworks/Social : 535
Frameworks/SoundAnalysis : 34
Frameworks/Speech : 10
Frameworks/SpriteKit : 2403
Frameworks/StoreKit : 23
Frameworks/SwiftUI : 88
Frameworks/SyncServices : 818
Frameworks/System : 3091
Frameworks/SystemConfiguration : 1319
Frameworks/SystemExtensions : 25
Frameworks/TWAIN : 1626
Frameworks/Tcl : 47
Frameworks/Tk : 47
Frameworks/USBDriverKit : 94
Frameworks/UniformTypeIdentifiers : 29
Frameworks/UserNotifications : 316
Frameworks/UserNotificationsUI : 39
Frameworks/VideoDecodeAcceleration : 6873
Frameworks/VideoSubscriberAccount : 86
Frameworks/VideoToolbox : 20
Frameworks/Virtualization : 3
Frameworks/Vision : 1144
Frameworks/WidgetKit : 102
Frameworks/_MapKit_SwiftUI : 18
Frameworks/_QuickLook_SwiftUI : 357
Frameworks/_SceneKit_SwiftUI : 290
Frameworks/_SpriteKit_SwiftUI : 4553
Frameworks/_StoreKit_SwiftUI : 68
Frameworks/vecLib : 147
Frameworks/vmnet : 162
PrivateFrameworks/AACCore : 11
PrivateFrameworks/ACDEClient : 1055
PrivateFrameworks/AFKUser : 69
PrivateFrameworks/AGXCompilerCore : 1
PrivateFrameworks/AGXGPURawCounter : 1
PrivateFrameworks/ANECompiler : 907
PrivateFrameworks/ANEHostCompiler : 886
PrivateFrameworks/ANEServices : 665
PrivateFrameworks/AOSAccounts : 2674
PrivateFrameworks/AOSAccountsLite : 2674
PrivateFrameworks/AOSKit : 616
PrivateFrameworks/AOSUI : 968
PrivateFrameworks/APFS : 29
PrivateFrameworks/ASEProcessing : 1622
PrivateFrameworks/ASOctaneSupport : 75
PrivateFrameworks/AVConference : 393
PrivateFrameworks/AVFCapture : 11
PrivateFrameworks/AVFCore : 45
PrivateFrameworks/AXAssetLoader : 59
PrivateFrameworks/AXCoreUtilities : 59
PrivateFrameworks/AXHearingCoreSupport : 6180
PrivateFrameworks/AXHearingSupport : 6180
PrivateFrameworks/AXMediaUtilities : 597
PrivateFrameworks/AXRuntime : 59
PrivateFrameworks/AccessibilityBundles : 144
PrivateFrameworks/AccessibilityPerformance : 19
PrivateFrameworks/AccessibilityPlatformTranslation : 39
PrivateFrameworks/AccessibilitySharedSupport : 39
PrivateFrameworks/AccessibilitySupport : 19
PrivateFrameworks/AccessoryNowPlaying : 114
PrivateFrameworks/AccountPolicy : 623
PrivateFrameworks/AccountsDaemon : 444
PrivateFrameworks/AccountsUI : 925
PrivateFrameworks/ActionKit : 241
PrivateFrameworks/AdAnalytics : 212
PrivateFrameworks/AddressBookAutocomplete : 15
PrivateFrameworks/Admin : 42
PrivateFrameworks/AggregateDictionary : 1247
PrivateFrameworks/AggregateDictionaryHistory : 1247
PrivateFrameworks/AirPlaySync : 20
PrivateFrameworks/AlgosScoreFramework : 139
PrivateFrameworks/AmbientDisplay : 888
PrivateFrameworks/AnnotationKit : 308
PrivateFrameworks/AppAttestInternal : 13
PrivateFrameworks/AppContainer : 24
PrivateFrameworks/AppSSO : 52
PrivateFrameworks/AppSSOCore : 52
PrivateFrameworks/AppSSOKerberos : 52
PrivateFrameworks/AppSSOUI : 52
PrivateFrameworks/AppSandbox : 24
PrivateFrameworks/AppServerSupport : 42
PrivateFrameworks/AppStoreComponents : 64
PrivateFrameworks/AppStoreDaemon : 92
PrivateFrameworks/AppStoreFoundation : 92
PrivateFrameworks/AppStoreKit : 104
PrivateFrameworks/AppSupport : 674
PrivateFrameworks/AppSupportUI : 5432
PrivateFrameworks/Apple80211 : 26
PrivateFrameworks/AppleAccount : 108
PrivateFrameworks/AppleAppSupport : 2255
PrivateFrameworks/AppleCVA : 15
PrivateFrameworks/AppleFSCompression : 13316
PrivateFrameworks/AppleFirmwareUpdate : 60
PrivateFrameworks/AppleGVA : 2
PrivateFrameworks/AppleGVACore : 2
PrivateFrameworks/AppleHIDTransportSupport : 2504
PrivateFrameworks/AppleIDAuthSupport : 3503
PrivateFrameworks/AppleIDSSOAuthentication : 3281
PrivateFrameworks/AppleJPEG : 515
PrivateFrameworks/AppleLDAP : 3686
PrivateFrameworks/AppleMediaServices : 95
PrivateFrameworks/AppleMediaServicesUI : 56
PrivateFrameworks/AppleMediaServicesUIDynamic : 124
PrivateFrameworks/AppleNVMe : 186
PrivateFrameworks/AppleNeuralEngine : 761
PrivateFrameworks/ApplePDPHelper : 18055
PrivateFrameworks/ApplePushService : 122
PrivateFrameworks/AppleSRP : 1195
PrivateFrameworks/AppleSauce : 819
PrivateFrameworks/AppleScript : 769
PrivateFrameworks/AppleServiceToolkit : 54
PrivateFrameworks/AppleShareClientCore : 1218
PrivateFrameworks/AppleSystemInfo : 559
PrivateFrameworks/AppleVA : 1021
PrivateFrameworks/AppleVPA : 196
PrivateFrameworks/AskPermission : 163
PrivateFrameworks/AssetCacheServices : 900
PrivateFrameworks/AssetCacheServicesExtensions : 900
PrivateFrameworks/AssetViewer : 167
PrivateFrameworks/AssetsLibraryServices : 95
PrivateFrameworks/AttributeGraph : 2821
PrivateFrameworks/AudioAnalytics : 27
PrivateFrameworks/AudioDSPManager : 646
PrivateFrameworks/AudioHistory : 646
PrivateFrameworks/AudioPasscode : 1271
PrivateFrameworks/AudioResourceArbitration : 735
PrivateFrameworks/AudioServerApplication : 233
PrivateFrameworks/AudioServerDriver : 233
PrivateFrameworks/AudioSession : 22
PrivateFrameworks/AudioTransportCommon : 4158
PrivateFrameworks/AuthKit : 106
PrivateFrameworks/AuthKitUI : 87
PrivateFrameworks/AuthenticationServicesCore : 2
PrivateFrameworks/AutoLoop : 6701
PrivateFrameworks/BackBoardServices : 35
PrivateFrameworks/BackgroundTaskManagement : 292
PrivateFrameworks/BaseBoard : 2193
PrivateFrameworks/BatteryUIKit : 1058
PrivateFrameworks/BehaviorMiner : 1198
PrivateFrameworks/BezelServices : 78
PrivateFrameworks/BioKitAggD : 14662
PrivateFrameworks/BiomeFoundation : 23
PrivateFrameworks/BiomePubSub : 23
PrivateFrameworks/BiomeStorage : 23
PrivateFrameworks/BiomeStreams : 23
PrivateFrameworks/BiometricKit : 87
PrivateFrameworks/BiometricSupport : 58
PrivateFrameworks/BlastDoor : 55
PrivateFrameworks/BluetoothManager : 54
PrivateFrameworks/BoardServices : 2193
PrivateFrameworks/Bom : 578
PrivateFrameworks/BookCoverUtility : 13
PrivateFrameworks/BookKit : 13
PrivateFrameworks/BookKitFoundation : 13
PrivateFrameworks/BookUtility : 13
PrivateFrameworks/Bootability : 35
PrivateFrameworks/BridgeOSInstall : 780
PrivateFrameworks/BridgeOSInstallReporting : 780
PrivateFrameworks/BridgeOSObliteration : 5
PrivateFrameworks/BridgeOSSoftwareUpdate : 4606
PrivateFrameworks/BridgeXPC : 70
PrivateFrameworks/BulkSymbolication : 35
PrivateFrameworks/ByteRangeLocking : 4508
PrivateFrameworks/C2 : 370
PrivateFrameworks/CDDataAccess : 47
PrivateFrameworks/CDDataAccessExpress : 47
PrivateFrameworks/CMCaptureCore : 10
PrivateFrameworks/CMImaging : 12
PrivateFrameworks/CPAnalytics : 95
PrivateFrameworks/CPMLBestShim : 464
PrivateFrameworks/CPMS : 313
PrivateFrameworks/CSCSupport : 96
PrivateFrameworks/CVNLP : 101
PrivateFrameworks/CalDAV : 1038
PrivateFrameworks/Calculate : 773
PrivateFrameworks/CalendarAgent : 689
PrivateFrameworks/CalendarAgentLink : 759
PrivateFrameworks/CalendarFoundation : 189
PrivateFrameworks/CalendarNotification : 153
PrivateFrameworks/CalendarPersistence : 141
PrivateFrameworks/CalendarUI : 74
PrivateFrameworks/CalendarUIKit : 73
PrivateFrameworks/CalendarWidget : 1645
PrivateFrameworks/CameraImagingFramework : 6714
PrivateFrameworks/CaptiveNetwork : 678
PrivateFrameworks/CardKit : 194
PrivateFrameworks/CardServices : 194
PrivateFrameworks/Cards : 194
PrivateFrameworks/Catalyst : 472
PrivateFrameworks/Categories : 2819
PrivateFrameworks/CharacterPicker : 39
PrivateFrameworks/ChronoKit : 102
PrivateFrameworks/ChronoServices : 102
PrivateFrameworks/ChronoUIServices : 32
PrivateFrameworks/ChunkingLibrary : 4049
PrivateFrameworks/ClassKit : 3
PrivateFrameworks/ClassKitUI : 3
PrivateFrameworks/ClassroomKit : 204
PrivateFrameworks/ClockMenuExtraPreferences : 867
PrivateFrameworks/CloudFamilyRestrictions : 1089
PrivateFrameworks/CloudFamilyRestrictionsDaemon : 1089
PrivateFrameworks/CloudKitCode : 375
PrivateFrameworks/CloudKitCodeProtobuf : 375
PrivateFrameworks/CloudKitDaemon : 139
PrivateFrameworks/CloudPhotoLibrary : 95
PrivateFrameworks/CloudPhotoServices : 95
PrivateFrameworks/CloudPhotoServicesConfiguration : 95
PrivateFrameworks/Coherence : 6496
PrivateFrameworks/CombineCocoa : 105
PrivateFrameworks/CommonAuth : 27
PrivateFrameworks/CommonUtilities : 17115
PrivateFrameworks/CommunicationsFilter : 5922
PrivateFrameworks/ConditionInducer : 2396
PrivateFrameworks/ConfigProfileHelper : 15
PrivateFrameworks/ConfigurationEngineModel : 436
PrivateFrameworks/ConfigurationProfiles : 15
PrivateFrameworks/ConfigurationProfilesUI : 117
PrivateFrameworks/ConsoleKit : 77
PrivateFrameworks/ConstantClasses : 1187
PrivateFrameworks/ContactsAgent : 185
PrivateFrameworks/ContactsAssistantServices : 2638
PrivateFrameworks/ContactsAutocomplete : 148
PrivateFrameworks/ContactsAutocompleteUI : 866
PrivateFrameworks/ContactsDonation : 1240
PrivateFrameworks/ContactsDonationFeedback : 1240
PrivateFrameworks/ContactsFoundation : 1495
PrivateFrameworks/ContactsPersistence : 151
PrivateFrameworks/ContactsUICore : 446
PrivateFrameworks/ContactsUIMacHelper : 15
PrivateFrameworks/ContentKit : 241
PrivateFrameworks/ContextKit : 1281
PrivateFrameworks/ContextKitExtraction : 1248
PrivateFrameworks/ContextualActionsClient : 58
PrivateFrameworks/ControlCenter : 34
PrivateFrameworks/ConversationKit : 91
PrivateFrameworks/CoreADI : 608
PrivateFrameworks/CoreAUC : 175
PrivateFrameworks/CoreAVCHD : 4752
PrivateFrameworks/CoreAccessories : 114
PrivateFrameworks/CoreAnalytics : 3
PrivateFrameworks/CoreAppleCVA : 678
PrivateFrameworks/CoreAutoLayout : 422
PrivateFrameworks/CoreBrightness : 347
PrivateFrameworks/CoreCDP : 419
PrivateFrameworks/CoreCDPInternal : 419
PrivateFrameworks/CoreCDPUI : 419
PrivateFrameworks/CoreCapture : 470
PrivateFrameworks/CoreCaptureControl : 470
PrivateFrameworks/CoreCaptureDaemon : 470
PrivateFrameworks/CoreChart : 2097
PrivateFrameworks/CoreDAV : 1015
PrivateFrameworks/CoreDaemon : 1389
PrivateFrameworks/CoreDuet : 109
PrivateFrameworks/CoreDuetContext : 109
PrivateFrameworks/CoreDuetDaemonProtocol : 109
PrivateFrameworks/CoreDuetDataModel : 109
PrivateFrameworks/CoreDuetDebugLogging : 109
PrivateFrameworks/CoreDuetStatistics : 109
PrivateFrameworks/CoreDuetSync : 109
PrivateFrameworks/CoreEmbeddedSpeechRecognition : 7
PrivateFrameworks/CoreEmoji : 523
PrivateFrameworks/CoreFP : 4
PrivateFrameworks/CoreFollowUp : 149
PrivateFrameworks/CoreFollowUpUI : 149
PrivateFrameworks/CoreHandwriting : 17
PrivateFrameworks/CoreJapaneseEngine : 7
PrivateFrameworks/CoreKDL : 4357
PrivateFrameworks/CoreKE : 163
PrivateFrameworks/CoreKnowledge : 67
PrivateFrameworks/CoreLSKD : 163
PrivateFrameworks/CoreLSKDMSE : 1461
PrivateFrameworks/CoreLocationProtobuf : 642
PrivateFrameworks/CoreMLTestFramework : 2
PrivateFrameworks/CoreMaterial : 86
PrivateFrameworks/CoreMediaStream : 95
PrivateFrameworks/CoreNLP : 62
PrivateFrameworks/CoreNameParser : 5220
PrivateFrameworks/CoreNavigation : 71
PrivateFrameworks/CoreOptimization : 464
PrivateFrameworks/CorePDF : 3363
PrivateFrameworks/CorePhoneNumbers : 23
PrivateFrameworks/CorePrediction : 464
PrivateFrameworks/CoreRC : 2052
PrivateFrameworks/CoreRE : 174
PrivateFrameworks/CoreRecents : 1475
PrivateFrameworks/CoreRecognition : 166
PrivateFrameworks/CoreRoutine : 915
PrivateFrameworks/CoreSDB : 1555
PrivateFrameworks/CoreSVG : 2661
PrivateFrameworks/CoreServicesInternal : 586
PrivateFrameworks/CoreServicesStore : 49
PrivateFrameworks/CoreSpeech : 7
PrivateFrameworks/CoreSuggestions : 21
PrivateFrameworks/CoreSuggestionsInternals : 21
PrivateFrameworks/CoreSuggestionsML : 21
PrivateFrameworks/CoreSuggestionsUI : 21
PrivateFrameworks/CoreSymbolication : 29
PrivateFrameworks/CoreThemeDefinition : 104
PrivateFrameworks/CoreTime : 28
PrivateFrameworks/CoreUARP : 60
PrivateFrameworks/CoreUI : 49
PrivateFrameworks/CoreUtils : 107
PrivateFrameworks/CoreUtilsSwift : 115
PrivateFrameworks/CoreUtilsUI : 96
PrivateFrameworks/CoreWLANKit : 25
PrivateFrameworks/CoreWiFi : 64
PrivateFrameworks/CrashReporterSupport : 28
PrivateFrameworks/CreateML : 149
PrivateFrameworks/CryptoKitCBridging : 356
PrivateFrameworks/CryptoKitPrivate : 356
PrivateFrameworks/DAAPKit : 62
PrivateFrameworks/DCERPC : 57
PrivateFrameworks/DCIMServices : 95
PrivateFrameworks/DFRBrightness : 347
PrivateFrameworks/DFRDisplay : 877
PrivateFrameworks/DFRFoundation : 269
PrivateFrameworks/DSExternalDisplay : 1528
PrivateFrameworks/DTXConnectionServices : 34
PrivateFrameworks/DVD : 16220
PrivateFrameworks/DataDeliveryServices : 298
PrivateFrameworks/DataDetectors : 393
PrivateFrameworks/DataDetectorsCore : 2466
PrivateFrameworks/DataDetectorsNaturalLanguage : 3670
PrivateFrameworks/DebugSymbols : 958
PrivateFrameworks/DeviceCheckInternal : 13
PrivateFrameworks/DeviceIdentity : 109
PrivateFrameworks/DeviceLink : 3666
PrivateFrameworks/DeviceManagement : 436
PrivateFrameworks/DeviceToDeviceManager : 16879
PrivateFrameworks/DiagnosticExtensions : 112
PrivateFrameworks/DiagnosticExtensionsDaemon : 234
PrivateFrameworks/DiagnosticLogCollection : 1095
PrivateFrameworks/DiagnosticRequest : 82
PrivateFrameworks/DiagnosticsKit : 2295
PrivateFrameworks/DialogEngine : 14
PrivateFrameworks/DigitalTouchShared : 832
PrivateFrameworks/DirectoryEditor : 1514
PrivateFrameworks/DirectoryServer : 12775
PrivateFrameworks/DiskImages : 260
PrivateFrameworks/DiskImages2 : 4977
PrivateFrameworks/DiskManagement : 60
PrivateFrameworks/DiskSpaceDiagnostics : 1375
PrivateFrameworks/DisplayServices : 1749
PrivateFrameworks/DisplayTransportServices : 3545
PrivateFrameworks/DistributedEvaluation : 80
PrivateFrameworks/DocumentCamera : 6237
PrivateFrameworks/DrawingKit : 308
PrivateFrameworks/DuetRecommendation : 109
PrivateFrameworks/DynamicDesktop : 33
PrivateFrameworks/EAFirmwareUpdater : 60
PrivateFrameworks/EAP8021X : 120
PrivateFrameworks/EFILogin : 19
PrivateFrameworks/EasyConfig : 107
PrivateFrameworks/Email : 13
PrivateFrameworks/EmailAddressing : 13
PrivateFrameworks/EmailCore : 13
PrivateFrameworks/EmailDaemon : 13
PrivateFrameworks/EmailFoundation : 13
PrivateFrameworks/EmbeddedOSInstall : 777
PrivateFrameworks/EmbeddedOSSupportHost : 37
PrivateFrameworks/EmbeddedSensingProtocols : 3645
PrivateFrameworks/EmojiFoundation : 21
PrivateFrameworks/Engram : 1095
PrivateFrameworks/Espresso : 70
PrivateFrameworks/ExchangeSync : 713
PrivateFrameworks/ExchangeWebServices : 52
PrivateFrameworks/ExpansionSlotSupport : 469
PrivateFrameworks/ExtensionFoundation : 286
PrivateFrameworks/ExtensionKit : 286
PrivateFrameworks/FMClient : 12083
PrivateFrameworks/FMCore : 2680
PrivateFrameworks/FMCoreLite : 2677
PrivateFrameworks/FMCoreUI : 1732
PrivateFrameworks/FMF : 2729
PrivateFrameworks/FMFUI : 2729
PrivateFrameworks/FTAWD : 1095
PrivateFrameworks/FTClientServices : 288
PrivateFrameworks/FTServices : 288
PrivateFrameworks/FWAVC : 45
PrivateFrameworks/FaceCore : 1071
PrivateFrameworks/FamilyCircle : 615
PrivateFrameworks/FamilyCircleUI : 615
PrivateFrameworks/FamilyControls : 1144
PrivateFrameworks/FamilyNotification : 615
PrivateFrameworks/FeatureFlags : 1312
PrivateFrameworks/FeatureFlagsSupport : 1312
PrivateFrameworks/FeedbackLogger : 145
PrivateFrameworks/FilesActionsUI : 2107
PrivateFrameworks/FindMyDevice : 48
PrivateFrameworks/FindMyDeviceUI : 1799
PrivateFrameworks/FindMyMac : 605
PrivateFrameworks/FlightUtilities : 1587
PrivateFrameworks/FlightUtilitiesCore : 1587
PrivateFrameworks/FlowFrameKit : 8
PrivateFrameworks/FolderActionsKit : 1039
PrivateFrameworks/FontServices : 1041
PrivateFrameworks/FoundInAppsPlugins : 71
PrivateFrameworks/FoundationODR : 92
PrivateFrameworks/FuseBoardServices : 6
PrivateFrameworks/FusionPluginKit : 905
PrivateFrameworks/FusionPluginServices : 905
PrivateFrameworks/Futhark : 3330
PrivateFrameworks/GPUInfo : 70
PrivateFrameworks/GPURawCounter : 160
PrivateFrameworks/GPUSupport : 50
PrivateFrameworks/GPUWrangler : 75
PrivateFrameworks/GameCenterFoundation : 147
PrivateFrameworks/GameCenterUI : 147
PrivateFrameworks/GameCenterUICore : 147
PrivateFrameworks/GameKitServices : 393
PrivateFrameworks/GenerationalStorage : 516
PrivateFrameworks/GeoKit : 18
PrivateFrameworks/GeoServices : 33
PrivateFrameworks/Geode : 101
PrivateFrameworks/GraphKit : 14663
PrivateFrameworks/GraphVisualizer : 5773
PrivateFrameworks/GraphicsServices : 6285
PrivateFrameworks/H10ISPServices : 302
PrivateFrameworks/H13ISPServices : 1
PrivateFrameworks/HDAInterface : 2438
PrivateFrameworks/HDRProcessing : 2
PrivateFrameworks/HTTPServer : 211
PrivateFrameworks/Heimdal : 27
PrivateFrameworks/Helium : 993
PrivateFrameworks/HelloWorldMacHelper : 6
PrivateFrameworks/HelpData : 762
PrivateFrameworks/HomeAI : 611
PrivateFrameworks/HomeAutomationInternal : 974
PrivateFrameworks/HomeKitEventRouter : 74
PrivateFrameworks/IAP : 318
PrivateFrameworks/IASUtilities : 12
PrivateFrameworks/IDS : 288
PrivateFrameworks/IDSFoundation : 288
PrivateFrameworks/IDSHashPersistence : 497
PrivateFrameworks/IDSKVStore : 497
PrivateFrameworks/IDSSystemPreferencesSignIn : 288
PrivateFrameworks/IMAVCore : 5728
PrivateFrameworks/IMFoundation : 1095
PrivateFrameworks/IMTransferServices : 1095
PrivateFrameworks/IOCEC : 25260
PrivateFrameworks/IOGPU : 167
PrivateFrameworks/IOImageLoader : 477
PrivateFrameworks/IOKitten : 4158
PrivateFrameworks/IOMobileFramebuffer : 13
PrivateFrameworks/IOPlatformPluginFamily : 132
PrivateFrameworks/IOPresentment : 247
PrivateFrameworks/IOSurfaceAccelerator : 1443
PrivateFrameworks/ISSupport : 12631
PrivateFrameworks/IconFoundation : 140
PrivateFrameworks/IconServices : 140
PrivateFrameworks/IdleTimerServices : 1575
PrivateFrameworks/InAppMessages : 582
PrivateFrameworks/InAppMessagesCore : 1889
PrivateFrameworks/IncomingCallFilter : 5922
PrivateFrameworks/InertiaCam : 792
PrivateFrameworks/InputContext : 2165
PrivateFrameworks/InputTranscoder : 2606
PrivateFrameworks/Install : 30
PrivateFrameworks/InstallCoordination : 25
PrivateFrameworks/InstallerDiagnostics : 3172
PrivateFrameworks/IntentsCore : 66
PrivateFrameworks/IntentsFoundation : 66
PrivateFrameworks/IntentsServices : 66
PrivateFrameworks/InternalSwiftProtobuf : 896
PrivateFrameworks/InternationalSupport : 134
PrivateFrameworks/InternationalTextSearch : 2718
PrivateFrameworks/InternetAccounts : 1493
PrivateFrameworks/IntlPreferences : 24
PrivateFrameworks/JavaLaunching : 137
PrivateFrameworks/JavaScriptAppleEvents : 2302
PrivateFrameworks/JavaScriptOSA : 1049
PrivateFrameworks/Jet : 2282
PrivateFrameworks/JetUI : 72
PrivateFrameworks/KerberosHelper : 4737
PrivateFrameworks/KeyboardServices : 2632
PrivateFrameworks/KeychainCircle : 77
PrivateFrameworks/KnowledgeGraphKit : 202
PrivateFrameworks/KnowledgeMonitor : 95
PrivateFrameworks/LanguageModeling : 239
PrivateFrameworks/Lexicon : 1247
PrivateFrameworks/LibraryRepair : 3278
PrivateFrameworks/LinguisticData : 202
PrivateFrameworks/LinkPresentation : 108
PrivateFrameworks/LocalAuthenticationRecoveryUI : 35
PrivateFrameworks/LocalAuthenticationUI : 35
PrivateFrameworks/LocationSupport : 127
PrivateFrameworks/LockoutUI : 7135
PrivateFrameworks/LoggingSupport : 102
PrivateFrameworks/Lookup : 374
PrivateFrameworks/MDSChannel : 70
PrivateFrameworks/MFAAuthentication : 114
PrivateFrameworks/MFiAuthentication : 318
PrivateFrameworks/MMCS : 370
PrivateFrameworks/MSUDataAccessor : 147
PrivateFrameworks/MTLCompiler : 47
PrivateFrameworks/MTLSimImplementation : 47
PrivateFrameworks/MachineSettings : 7121
PrivateFrameworks/MailSupport : 13
PrivateFrameworks/MailWebProcessSupport : 13
PrivateFrameworks/MallocStackLogging : 50
PrivateFrameworks/ManagedClient : 15
PrivateFrameworks/Mangrove : 2748
PrivateFrameworks/MapsSuggestions : 22
PrivateFrameworks/MapsSupport : 22
PrivateFrameworks/MapsSync : 15
PrivateFrameworks/Marco : 1095
PrivateFrameworks/MarkupUI : 308
PrivateFrameworks/MaterialKit : 88
PrivateFrameworks/MediaConversionService : 95
PrivateFrameworks/MediaExperience : 20
PrivateFrameworks/MediaFoundation : 39
PrivateFrameworks/MediaKit : 1734
PrivateFrameworks/MediaMiningKit : 202
PrivateFrameworks/MediaRemote : 72
PrivateFrameworks/MediaStream : 95
PrivateFrameworks/Memories : 236
PrivateFrameworks/MessageProtection : 419
PrivateFrameworks/MessageSecurity : 1428
PrivateFrameworks/MessageUIMacHelper : 13
PrivateFrameworks/MessagesBlastDoorSupport : 55
PrivateFrameworks/MetadataUtilities : 26
PrivateFrameworks/MetalSerializer : 47
PrivateFrameworks/MetalTools : 47
PrivateFrameworks/MetricKitCore : 932
PrivateFrameworks/MetricKitServices : 932
PrivateFrameworks/MetricKitSource : 932
PrivateFrameworks/MetricMeasurement : 932
PrivateFrameworks/MiniSoftwareUpdate : 952
PrivateFrameworks/MobileAccessoryUpdater : 60
PrivateFrameworks/MobileActivationMacOS : 109
PrivateFrameworks/MobileAsset : 47
PrivateFrameworks/MobileAssetUpdater : 60
PrivateFrameworks/MobileBluetooth : 54
PrivateFrameworks/MobileContainerManager : 361
PrivateFrameworks/MobileDevice : 611
PrivateFrameworks/MobileIcons : 140
PrivateFrameworks/MobileInstallation : 100
PrivateFrameworks/MobileKeyBag : 853
PrivateFrameworks/MobileObliteration : 5
PrivateFrameworks/MobileSoftwareUpdate : 159
PrivateFrameworks/MobileSpotlightIndex : 17
PrivateFrameworks/MobileStorage : 381
PrivateFrameworks/MobileStoreDemoCore : 61
PrivateFrameworks/MobileSystemServices : 7143
PrivateFrameworks/Mondrian : 101
PrivateFrameworks/MonitorPanel : 101
PrivateFrameworks/MorphunAssetsUpdater : 340
PrivateFrameworks/MorphunSwift : 665
PrivateFrameworks/MultitouchSupport : 33
PrivateFrameworks/MultiverseSupport : 53
PrivateFrameworks/MusicLibrary : 6
PrivateFrameworks/NLP : 1062
PrivateFrameworks/NPTKit : 553
PrivateFrameworks/Navigation : 26
PrivateFrameworks/NearField : 81
PrivateFrameworks/NetAppsUtilities : 7013
PrivateFrameworks/NetAuth : 1498
PrivateFrameworks/NetFSServer : 53
PrivateFrameworks/Netrb : 493
PrivateFrameworks/Network : 12
PrivateFrameworks/NetworkServiceProxy : 13615
PrivateFrameworks/NetworkStatistics : 4952
PrivateFrameworks/NeutrinoCore : 95
PrivateFrameworks/NeutrinoKit : 95
PrivateFrameworks/NewDeviceOutreach : 17
PrivateFrameworks/NewDeviceOutreachMacUI : 91
PrivateFrameworks/NewsAnalyticsUpload : 39
PrivateFrameworks/NewsCore : 39
PrivateFrameworks/NewsDaemon : 39
PrivateFrameworks/NewsFoundation : 39
PrivateFrameworks/NewsToday : 39
PrivateFrameworks/NewsTransport : 39
PrivateFrameworks/Notes : 2
PrivateFrameworks/NotesShared : 2
PrivateFrameworks/NotesUI : 2
PrivateFrameworks/Noticeboard : 29
PrivateFrameworks/NotificationCenterUI : 84
PrivateFrameworks/OAHSoftwareUpdate : 100
PrivateFrameworks/OAuth : 26661
PrivateFrameworks/OSASubmissionClient : 33
PrivateFrameworks/OSASyncProxyClient : 33
PrivateFrameworks/OSAnalyticsPrivate : 33
PrivateFrameworks/OSD : 4160
PrivateFrameworks/OSInstaller : 74
PrivateFrameworks/OSPersonalization : 172
PrivateFrameworks/OSUpdate : 35
PrivateFrameworks/OTSVG : 53
PrivateFrameworks/OctagonTrust : 77
PrivateFrameworks/OfficeImport : 59
PrivateFrameworks/Ogma : 218
PrivateFrameworks/OnBoardingKit : 12
PrivateFrameworks/OpenDirectoryConfig : 15960
PrivateFrameworks/OpenDirectoryConfigUI : 825
PrivateFrameworks/Osprey : 2799
PrivateFrameworks/PAImaging : 101
PrivateFrameworks/PAImagingCore : 101
PrivateFrameworks/PDS : 497
PrivateFrameworks/PDSAgent : 497
PrivateFrameworks/PIP : 2895
PrivateFrameworks/PSNormalizer : 1139
PrivateFrameworks/PacketFilter : 106
PrivateFrameworks/ParsecUI : 39
PrivateFrameworks/PassKit : 63
PrivateFrameworks/PassKitCore : 63
PrivateFrameworks/PassKitMacHelper : 23
PrivateFrameworks/PassKitUI : 7
PrivateFrameworks/PasswordServer : 9765
PrivateFrameworks/PegasusAPI : 75
PrivateFrameworks/PegasusKit : 75
PrivateFrameworks/PencilKit : 17
PrivateFrameworks/PeopleSuggester : 109
PrivateFrameworks/PerformanceAnalysis : 35
PrivateFrameworks/PerformanceTrace : 23
PrivateFrameworks/PersistentConnection : 4830
PrivateFrameworks/PersonaKit : 3248
PrivateFrameworks/PersonaUI : 3248
PrivateFrameworks/PersonalizationPortrait : 71
PrivateFrameworks/PersonalizationPortraitInternals : 71
PrivateFrameworks/PhoneNumberResolver : 987
PrivateFrameworks/PhoneNumbers : 23
PrivateFrameworks/PhotoAnalysis : 202
PrivateFrameworks/PhotoFoundation : 95
PrivateFrameworks/PhotoImaging : 95
PrivateFrameworks/PhotoLibrary : 83
PrivateFrameworks/PhotoLibraryServices : 95
PrivateFrameworks/PhotoPrintProduct : 2586
PrivateFrameworks/PhotoVision : 95
PrivateFrameworks/PhotosFormats : 95
PrivateFrameworks/PhotosGraph : 202
PrivateFrameworks/PhotosImagingFoundation : 95
PrivateFrameworks/PhotosPlayer : 95
PrivateFrameworks/PhotosUIApps : 202
PrivateFrameworks/PhotosUICore : 83
PrivateFrameworks/PhysicsKit : 1789
PrivateFrameworks/PlacesKit : 83
PrivateFrameworks/PlugInKit : 349
PrivateFrameworks/PodcastServices : 1
PrivateFrameworks/PodcastsFoundation : 1
PrivateFrameworks/PodcastsKit : 1
PrivateFrameworks/PowerUI : 19
PrivateFrameworks/PowerlogFullOperators : 35
PrivateFrameworks/PowerlogHelperdOperators : 35
PrivateFrameworks/PowerlogLiteOperators : 35
PrivateFrameworks/PreferencePanesSupport : 209
PrivateFrameworks/PrintKit : 564
PrivateFrameworks/PrintingPrivate : 591
PrivateFrameworks/PrivateFederatedLearning : 75
PrivateFrameworks/ProVideo : 1406
PrivateFrameworks/ProactiveEventTracker : 153
PrivateFrameworks/ProactiveExperiments : 21
PrivateFrameworks/ProactiveExperimentsInternals : 21
PrivateFrameworks/ProactiveInputPredictions : 21
PrivateFrameworks/ProactiveInputPredictionsInternals : 21
PrivateFrameworks/ProactiveML : 21
PrivateFrameworks/ProactiveSupport : 153
PrivateFrameworks/ProactiveSupportStubs : 153
PrivateFrameworks/ProofReader : 50
PrivateFrameworks/ProtectedCloudStorage : 116
PrivateFrameworks/ProtocolBuffer : 102
PrivateFrameworks/PrototypeTools : 2992
PrivateFrameworks/QLCharts : 59
PrivateFrameworks/Quagga : 696
PrivateFrameworks/QuickLookIosmac : 180
PrivateFrameworks/QuickLookNonBaseSystem : 180
PrivateFrameworks/QuickLookSupport : 4
PrivateFrameworks/QuickLookThumbnailing : 4
PrivateFrameworks/QuickLookThumbnailingDaemon : 4
PrivateFrameworks/QuickLookUIIosmac : 180
PrivateFrameworks/RTBuddyCrashlogDecoder : 1581
PrivateFrameworks/RTCReporting : 112
PrivateFrameworks/Rapport : 10
PrivateFrameworks/RapportUI : 10
PrivateFrameworks/RecapPerformanceTesting : 15
PrivateFrameworks/ReminderKit : 47
PrivateFrameworks/ReminderKitInternal : 131
PrivateFrameworks/ReminderKitUI : 47
PrivateFrameworks/ReminderMigration : 994
PrivateFrameworks/RemindersToolbox : 3560
PrivateFrameworks/RemindersUICore : 219
PrivateFrameworks/RemoteConfiguration : 61
PrivateFrameworks/RemoteCoreML : 5919
PrivateFrameworks/RemoteManagement : 2762
PrivateFrameworks/RemoteServiceDiscovery : 39
PrivateFrameworks/RemoteTextInput : 3958
PrivateFrameworks/RemoteViewServices : 813
PrivateFrameworks/RemoteXPC : 42
PrivateFrameworks/RenderBox : 134
PrivateFrameworks/ReplayKitMacHelper : 81
PrivateFrameworks/ResponseKit : 130
PrivateFrameworks/Restore : 718
PrivateFrameworks/Reveal : 738
PrivateFrameworks/RevealCore : 738
PrivateFrameworks/RunningBoard : 219
PrivateFrameworks/SAObjects : 8
PrivateFrameworks/SCEP : 1054
PrivateFrameworks/SDAPI : 5838
PrivateFrameworks/SMBClient : 8
PrivateFrameworks/SMBClientEngine : 1083
PrivateFrameworks/SPSupport : 144
PrivateFrameworks/SafeEjectGPU : 1018
PrivateFrameworks/SampleAnalysis : 35
PrivateFrameworks/ScoreBoard : 3824
PrivateFrameworks/ScreenSharing : 7
PrivateFrameworks/ScreenTimeCore : 285
PrivateFrameworks/ScreenTimeServiceUI : 122
PrivateFrameworks/ScreenTimeSettingsUI : 244
PrivateFrameworks/ScreenTimeUI : 306
PrivateFrameworks/SearchSuggestions : 39
PrivateFrameworks/SearchUI : 126
PrivateFrameworks/SearchUICardKitProviderSupport : 133
PrivateFrameworks/SecCodeWrapper : 24
PrivateFrameworks/SecureChannel : 2100
PrivateFrameworks/SecurityTokend : 7141
PrivateFrameworks/Seeding : 544
PrivateFrameworks/SemanticDocumentManagement : 4547
PrivateFrameworks/SensingProtocols : 3645
PrivateFrameworks/Sentry : 2141
PrivateFrameworks/ServerCompatibility : 4938
PrivateFrameworks/ServerInformation : 927
PrivateFrameworks/SetupKit : 96
PrivateFrameworks/SharePointManagement : 302
PrivateFrameworks/ShareServicesCore : 101
PrivateFrameworks/SharedWebCredentials : 6
PrivateFrameworks/Sharing : 10
PrivateFrameworks/SharingXPCServices : 10
PrivateFrameworks/ShazamInsights : 64
PrivateFrameworks/ShazamKit : 64
PrivateFrameworks/ShazamKitUI : 64
PrivateFrameworks/Shortcut : 317
PrivateFrameworks/ShoveService : 18
PrivateFrameworks/SiriAnalytics : 62
PrivateFrameworks/SiriAppResolution : 8
PrivateFrameworks/SiriAudioInternal : 6
PrivateFrameworks/SiriAudioSupport : 6
PrivateFrameworks/SiriClientFlow : 2205
PrivateFrameworks/SiriContactsIntents : 476
PrivateFrameworks/SiriDailyBriefingInternal : 343
PrivateFrameworks/SiriDialogEngine : 63
PrivateFrameworks/SiriExperiments : 582
PrivateFrameworks/SiriFindMy : 140
PrivateFrameworks/SiriGeo : 349
PrivateFrameworks/SiriInference : 582
PrivateFrameworks/SiriInstrumentation : 62
PrivateFrameworks/SiriIntentEvents : 582
PrivateFrameworks/SiriKitFlow : 8
PrivateFrameworks/SiriKitInvocation : 6
PrivateFrameworks/SiriKitRuntime : 8
PrivateFrameworks/SiriOntology : 180
PrivateFrameworks/SiriOntologyProtobuf : 180
PrivateFrameworks/SiriPlaybackControlIntents : 955
PrivateFrameworks/SiriPlaybackControlSupport : 955
PrivateFrameworks/SiriSignals : 582
PrivateFrameworks/SiriSpeechSynthesis : 10
PrivateFrameworks/SiriTTS : 32
PrivateFrameworks/SiriVideoIntents : 396
PrivateFrameworks/Slideshows : 129
PrivateFrameworks/SocialServices : 520
PrivateFrameworks/SoftLinking : 796
PrivateFrameworks/SoftwareUpdate : 35
PrivateFrameworks/SoftwareUpdateCore : 159
PrivateFrameworks/SoftwareUpdateCoreConnect : 159
PrivateFrameworks/SoftwareUpdateCoreSupport : 159
PrivateFrameworks/SoftwareUpdateMacController : 22
PrivateFrameworks/SpeakerRecognition : 7
PrivateFrameworks/SpeechDictionary : 1678
PrivateFrameworks/SpeechObjects : 81
PrivateFrameworks/SpeechRecognitionCommandServices : 56
PrivateFrameworks/SpeechRecognitionCore : 69
PrivateFrameworks/Spotlight : 39
PrivateFrameworks/SpotlightIndex : 17
PrivateFrameworks/SpotlightIndexUtilities : 17
PrivateFrameworks/SpotlightLinguistics : 17
PrivateFrameworks/SpotlightServerKit : 17
PrivateFrameworks/SpotlightServices : 39
PrivateFrameworks/StorageKit : 1030
PrivateFrameworks/StorageManagement : 763
PrivateFrameworks/StoreServices : 67
PrivateFrameworks/StreamingZip : 38
PrivateFrameworks/Suggestions : 1033
PrivateFrameworks/SuggestionsSpotlightMetrics : 21
PrivateFrameworks/Symbolication : 50
PrivateFrameworks/SymptomDiagnosticReporter : 82
PrivateFrameworks/SymptomReporter : 139
PrivateFrameworks/Symptoms : 139
PrivateFrameworks/SyncServicesUI : 818
PrivateFrameworks/SystemAdministration : 42
PrivateFrameworks/SystemAdministrationInterface : 1231
PrivateFrameworks/SystemDesktopAppearance : 270
PrivateFrameworks/SystemMigration : 47
PrivateFrameworks/SystemMigrationNetworking : 47
PrivateFrameworks/SystemMigrationUtils : 47
PrivateFrameworks/SystemUIPlugin : 1342
PrivateFrameworks/TCC : 34
PrivateFrameworks/TTSAsset : 46
PrivateFrameworks/TTYUtilities : 6180
PrivateFrameworks/TVRemoteCore : 82
PrivateFrameworks/TemplateKit : 119
PrivateFrameworks/TextInput : 28
PrivateFrameworks/TextInputCore : 28
PrivateFrameworks/TextRecognition : 166
PrivateFrameworks/TextToSpeech : 60
PrivateFrameworks/TextureIO : 12548
PrivateFrameworks/TimeMachine : 12
PrivateFrameworks/TimeSync : 96
PrivateFrameworks/Timeline : 1639
PrivateFrameworks/ToneKit : 1230
PrivateFrameworks/ToneLibrary : 1230
PrivateFrameworks/Tourist : 114
PrivateFrameworks/Translation : 33
PrivateFrameworks/Transparency : 444
PrivateFrameworks/Trial : 27
PrivateFrameworks/TrialProto : 27
PrivateFrameworks/TrialServer : 27
PrivateFrameworks/TrustEvaluationAgent : 1723
PrivateFrameworks/TrustedPeers : 77
PrivateFrameworks/TuriCore : 15
PrivateFrameworks/UARPiCloud : 60
PrivateFrameworks/UAUPlugin : 2057
PrivateFrameworks/UIFoundation : 60
PrivateFrameworks/UIKitMacHelper : 144
PrivateFrameworks/UIKitServices : 124
PrivateFrameworks/UIKitSystemAppServices : 6
PrivateFrameworks/UIRecording : 2868
PrivateFrameworks/URLFormatting : 86
PrivateFrameworks/USDKit : 318
PrivateFrameworks/UXKit : 95
PrivateFrameworks/Uninstall : 225
PrivateFrameworks/UniversalAccess : 802
PrivateFrameworks/UsageTracking : 2671
PrivateFrameworks/UserActivity : 64
PrivateFrameworks/UserManagement : 2015
PrivateFrameworks/VCXMPP : 2084
PrivateFrameworks/VFX : 2778
PrivateFrameworks/VFXBase : 2778
PrivateFrameworks/VectorKit : 7
PrivateFrameworks/VideoProcessing : 124
PrivateFrameworks/VideoSubscriberAccountUI : 87
PrivateFrameworks/ViewBridge : 8
PrivateFrameworks/VirtualGarage : 26
PrivateFrameworks/VisionKit : 5519
PrivateFrameworks/VisualPairing : 1227
PrivateFrameworks/VisualTestKit : 3165
PrivateFrameworks/VoiceShortcutClient : 241
PrivateFrameworks/VoiceShortcuts : 241
PrivateFrameworks/VoiceTrigger : 9
PrivateFrameworks/WPDaemon : 677
PrivateFrameworks/WatchdogClient : 35
PrivateFrameworks/WeatherFoundation : 76
PrivateFrameworks/WeatherKit : 969
PrivateFrameworks/WebContentAnalysis : 2847
PrivateFrameworks/WebFilterDNS : 2847
PrivateFrameworks/WebInspectorUI : 6
PrivateFrameworks/WiFiAnalytics : 79
PrivateFrameworks/WiFiCloudSyncEngine : 131
PrivateFrameworks/WiFiPeerToPeer : 136
PrivateFrameworks/WiFiPolicy : 274
PrivateFrameworks/WiFiVelocity : 6
PrivateFrameworks/WildDevices : 853
PrivateFrameworks/WirelessDiagnostics : 3323
PrivateFrameworks/WirelessProximity : 677
PrivateFrameworks/WorkflowKit : 241
PrivateFrameworks/WorkflowUIServices : 101
PrivateFrameworks/XARTRecovery : 195
PrivateFrameworks/XGBoostFramework : 2
PrivateFrameworks/XQuery : 6310
PrivateFrameworks/XprotectFramework : 36
PrivateFrameworks/ZhuGeSupport : 2313
PrivateFrameworks/_RealityKit_Ogma : 228
PrivateFrameworks/_SceneKit_Ogma : 214
PrivateFrameworks/acfs : 399
PrivateFrameworks/acfsSupport : 41
PrivateFrameworks/apfs_boot_mount : 29
PrivateFrameworks/caulk : 2667
PrivateFrameworks/iAdCore : 212
PrivateFrameworks/iAdServices : 212
PrivateFrameworks/iCalendar : 891
PrivateFrameworks/iCloudNotification : 2445
PrivateFrameworks/iLifeMediaBrowser : 1102
PrivateFrameworks/iPod : 1325
PrivateFrameworks/iPodSync : 3924
PrivateFrameworks/iPodUpdater : 3491
PrivateFrameworks/iPodVoiceOver : 98
PrivateFrameworks/iTunesCloud : 10
PrivateFrameworks/iWorkXPC : 4142
PrivateFrameworks/kperf : 977
PrivateFrameworks/kperfdata : 977
PrivateFrameworks/ktrace : 38
PrivateFrameworks/login : 626
PrivateFrameworks/nt : 76
PrivateFrameworks/oncrpc : 996
PrivateFrameworks/perfdata : 2450
PrivateFrameworks/vCard : 151
PrivateFrameworks/yara : 1813
CoreServices/AVB Audio Configuration : 940.2
CoreServices/AddPrinter : 587.1
CoreServices/AirPlayUIAgent : 540.19
CoreServices/AirPort Base Station Agent : 221.10
CoreServices/Bluetooth Setup Assistant : 8.0.4d5
CoreServices/BluetoothUIServer : 8.0.4d5
CoreServices/ClimateProxy : 1739
CoreServices/ControlCenter : 146
CoreServices/CoreLocationAgent : 2420.16.12
CoreServices/DiskImageMounter : 595.100.2
CoreServices/Dock : 2092.40.5
CoreServices/Finder : 1350.4.3
CoreServices/Install in Progress : 1033
CoreServices/Installer Progress : 594.100.2
CoreServices/Installer : 1020
CoreServices/JavaLauncher : 318
CoreServices/Keychain Circle Notification : 59754.100.82.0.1
CoreServices/Language Chooser : 632
CoreServices/ManagedClient : 1351
CoreServices/OBEXAgent : 8.0.4d5
CoreServices/ODSAgent : 190.1
CoreServices/Paired Devices : 240.12
CoreServices/Photo Library Migration Utility : 2302
CoreServices/Problem Reporter : 15053
CoreServices/RapportUIAgent : 240.12
CoreServices/Screen Time : 497
CoreServices/Setup Assistant : 3305.2
CoreServices/Siri : 201.4.3.1
CoreServices/Software Update : 1418.100.15.0.1
CoreServices/SpacesTouchBarAgent : 2092.40.5
CoreServices/Spotlight : 2150.9
CoreServices/UIKitSystem : 238
CoreServices/VoiceOver : 767.6
CoreServices/loginwindow : 2024.4
Applications/Directory Utility : 430
Applications/Feedback Assistant : 456
Applications/Network Utility : 310.1
Applications/Screen Sharing : 555.4
Frameworks/ARKit : 85
Frameworks/AVKit : 46
Frameworks/AddressBook : 783
Frameworks/AddressBookUI : 1068
Frameworks/AppClip : 22
Frameworks/AssetsLibrary : 49
Frameworks/BusinessChat : 10
Frameworks/CarPlay : 34
Frameworks/ContactsUI : 174
Frameworks/CoreAudioKit : 7
Frameworks/EventKitUI : 77
Frameworks/GLKit : 1051
Frameworks/GameKit : 63
Frameworks/GameplayKit : 877
Frameworks/HealthKit : 81
Frameworks/HealthKitUI : 81
Frameworks/HomeKit : 10
Frameworks/IntentsUI : 11
Frameworks/LinkPresentation : 41
Frameworks/MapKit : 6
Frameworks/MediaPlayer : 10
Frameworks/MessageUI : 13
Frameworks/MetalKit : 1381
Frameworks/MobileCoreServices : 108
Frameworks/MultipeerConnectivity : 642
Frameworks/NetworkExtensioniOSSupport : 15
Frameworks/NewsstandKit : 2978
Frameworks/OpenAL : 1231
Frameworks/OpenGLES : 47
Frameworks/PDFKit : 85
Frameworks/PassKit : 23
Frameworks/PhotosUI : 49
Frameworks/QuickLook : 37
Frameworks/RealityKit : 172
Frameworks/ReplayKit : 81
Frameworks/SceneKit : 29
Frameworks/ScreenTime : 192
Frameworks/Social : 531
Frameworks/SpriteKit : 548
Frameworks/SwiftUI : 29
Frameworks/Twitter : 1737
Frameworks/UIKit : 151
Frameworks/UserNotificationsUI : 175
Frameworks/VisionKit : 2771
Frameworks/WatchConnectivity : 2595
Frameworks/WatchKit : 3764
Frameworks/WidgetKit : 32
Frameworks/_AVKit_SwiftUI : 86
Frameworks/_MapKit_SwiftUI : 28
Frameworks/_SceneKit_SwiftUI : 104
Frameworks/_SpriteKit_SwiftUI : 1654
Frameworks/iAd : 212
PrivateFrameworks/AVKitMacHelper : 46
PrivateFrameworks/ActionKit : 65
PrivateFrameworks/ActionKitUI : 106
PrivateFrameworks/ActivityRingsUI : 2770
PrivateFrameworks/AddressBookLegacy : 2903
PrivateFrameworks/AnnotationKit : 207
PrivateFrameworks/AppSupportUI : 1357
PrivateFrameworks/AppleMediaServicesUIDynamic : 36
PrivateFrameworks/AuthKitUI : 23
PrivateFrameworks/AuthKitUIMacHelper : 23
PrivateFrameworks/AvatarKit : 7
PrivateFrameworks/AvatarUI : 318
PrivateFrameworks/BaseBoardUI : 1893
PrivateFrameworks/CalendarUIKit : 64
PrivateFrameworks/ChronoKit : 32
PrivateFrameworks/ClassroomKitExtensionPoint : 204
PrivateFrameworks/ContactsAutocompleteUI : 553
PrivateFrameworks/ContentKit : 65
PrivateFrameworks/CoreChart : 596
PrivateFrameworks/CorePDF : 920
PrivateFrameworks/CoreRecognition : 109
PrivateFrameworks/CoreSpotlightCatalystExtensionSupport : 8
PrivateFrameworks/CoreSuggestionsUI : 21
PrivateFrameworks/CryptoTokenKitExtensionSDK : 138
PrivateFrameworks/DataDetectorsUI : 7
PrivateFrameworks/DocumentCamera : 2789
PrivateFrameworks/DocumentManager : 14
PrivateFrameworks/DocumentManagerCore : 14
PrivateFrameworks/EmojiKit : 1080
PrivateFrameworks/FMCoreUI : 837
PrivateFrameworks/FMFUI : 525
PrivateFrameworks/FuseBoard : 7
PrivateFrameworks/GameCenterUI : 46
PrivateFrameworks/HealthDaemon : 81
PrivateFrameworks/HelpKit : 1916
PrivateFrameworks/HomeKit : 10
PrivateFrameworks/InAppMessages : 571
PrivateFrameworks/IntlPreferences : 7
PrivateFrameworks/JITAppKit : 14
PrivateFrameworks/Jet : 530
PrivateFrameworks/JetEngine : 19
PrivateFrameworks/JetUI : 26
PrivateFrameworks/MarkupUI : 207
PrivateFrameworks/MediaPlaybackCore : 10
PrivateFrameworks/MobileSafari : 2
PrivateFrameworks/MobileTimer : 43
PrivateFrameworks/MobileTimerUI : 43
PrivateFrameworks/NanoRegistry : 1446
PrivateFrameworks/NetAppsUtilitiesUI : 7013
PrivateFrameworks/NewsAds : 88
PrivateFrameworks/NewsAnalytics : 88
PrivateFrameworks/NewsAppKit : 88
PrivateFrameworks/NewsArticles : 88
PrivateFrameworks/NewsFeed : 88
PrivateFrameworks/NewsPersonalization : 88
PrivateFrameworks/NewsServicesInternal : 39
PrivateFrameworks/NewsSubscription : 88
PrivateFrameworks/NewsUI : 39
PrivateFrameworks/NewsUI2 : 88
PrivateFrameworks/PersonaUI : 1115
PrivateFrameworks/PhotoLibrary : 49
PrivateFrameworks/PhotosPlayer : 49
PrivateFrameworks/PhotosUICore : 49
PrivateFrameworks/PodcastsUI : 2
PrivateFrameworks/QuickLookThumbnailingExtension : 4
PrivateFrameworks/RapportUI : 6
PrivateFrameworks/RecapPerformanceTesting : 15
PrivateFrameworks/SearchToShareCore : 1184
PrivateFrameworks/Silex : 39
PrivateFrameworks/SilexVideo : 39
PrivateFrameworks/SilexWeb : 39
PrivateFrameworks/Stocks : 3412
PrivateFrameworks/TSReading : 28
PrivateFrameworks/TSUtility : 28
PrivateFrameworks/TeaCharts : 50
PrivateFrameworks/TeaDB : 50
PrivateFrameworks/TeaFoundation : 50
PrivateFrameworks/TeaSettings : 50
PrivateFrameworks/TeaSnappy : 50
PrivateFrameworks/TeaTemplate : 50
PrivateFrameworks/TeaUI : 50
PrivateFrameworks/TeaUIKit : 50
PrivateFrameworks/TextInputUI : 17
PrivateFrameworks/TouchML : 14
PrivateFrameworks/UIKitCore : 144
PrivateFrameworks/UIKitMacHelper : 144
PrivateFrameworks/UIKitServices : 124
PrivateFrameworks/UserNotificationsExtensionPoint : 29
PrivateFrameworks/VisualPairing : 584
PrivateFrameworks/VoiceMemos : 104
PrivateFrameworks/VoiceShortcutClient : 65
PrivateFrameworks/VoiceShortcuts : 65
PrivateFrameworks/Weather : 259
PrivateFrameworks/WeatherCharts : 259
PrivateFrameworks/WorkflowEditor : 106
PrivateFrameworks/WorkflowKit : 65
PrivateFrameworks/WorkflowUI : 106
PrivateFrameworks/WorkflowUICore : 106
PrivateFrameworks/WorkflowUIServices : 65
PrivateFrameworks/XavierCore : 88
PrivateFrameworks/XavierNews : 88
